[0.118s] Invoking command in '/home/user/ros2_ws/build/hans_t30_description': CMAKE_PREFIX_PATH=${CMAKE_PREFIX_PATH}:/opt/ros/foxy _=/usr/bin/env /usr/bin/cmake --build /home/user/ros2_ws/build/hans_t30_description -- -j8 -l8
[1.312s] -- Found ament_cmake: 0.9.9 (/opt/ros/foxy/share/ament_cmake/cmake)
[1.312s] -- Found PythonInterp: /usr/bin/python3 (found suitable version "3.8.10", minimum required is "3") 
[1.317s] -- Using PYTHON_EXECUTABLE: /usr/bin/python3
[2.891s] -- Found urdf: 2.4.0 (/opt/ros/foxy/share/urdf/cmake)
[3.722s] -- Configuring done
[3.730s] -- Generating done
[3.735s] -- Build files have been written to: /home/user/ros2_ws/build/hans_t30_description
[4.014s] Invoked command in '/home/user/ros2_ws/build/hans_t30_description' returned '0': CMAKE_PREFIX_PATH=${CMAKE_PREFIX_PATH}:/opt/ros/foxy _=/usr/bin/env /usr/bin/cmake --build /home/user/ros2_ws/build/hans_t30_description -- -j8 -l8
[4.422s] Invoking command in '/home/user/ros2_ws/build/hans_t30_description': CMAKE_PREFIX_PATH=${CMAKE_PREFIX_PATH}:/opt/ros/foxy _=/usr/bin/env /usr/bin/cmake --install /home/user/ros2_ws/build/hans_t30_description
[4.604s] -- Install configuration: ""
[4.604s] -- Up-to-date: /home/user/ros2_ws/install/hans_t30_description/share/hans_t30_description/meshes
[4.604s] -- Up-to-date: /home/user/ros2_ws/install/hans_t30_description/share/hans_t30_description/meshes/HANS_T30.dae
[4.604s] -- Up-to-date: /home/user/ros2_ws/install/hans_t30_description/share/hans_t30_description/meshes/HANS_T30_Black.dae
[4.604s] -- Up-to-date: /home/user/ros2_ws/install/hans_t30_description/share/hans_t30_description/urdf
[4.605s] -- Up-to-date: /home/user/ros2_ws/install/hans_t30_description/share/hans_t30_description/urdf/hans_module.urdf.xacro
[4.607s] -- Up-to-date: /home/user/ros2_ws/install/hans_t30_description/share/hans_t30_description/urdf/hans_t30.urdf
[4.607s] -- Up-to-date: /home/user/ros2_ws/install/hans_t30_description/share/hans_t30_description/urdf/hans_t30.urdf.xacro
[4.608s] -- Up-to-date: /home/user/ros2_ws/install/hans_t30_description/share/hans_t30_description/rviz
[4.608s] -- Up-to-date: /home/user/ros2_ws/install/hans_t30_description/share/hans_t30_description/rviz/visualization.rviz
[4.609s] -- Up-to-date: /home/user/ros2_ws/install/hans_t30_description/share/ament_index/resource_index/package_run_dependencies/hans_t30_description
[4.611s] -- Installing: /home/user/ros2_ws/install/hans_t30_description/share/ament_index/resource_index/parent_prefix_path/hans_t30_description
[4.611s] -- Installing: /home/user/ros2_ws/install/hans_t30_description/share/hans_t30_description/environment/ament_prefix_path.sh
[4.612s] -- Installing: /home/user/ros2_ws/install/hans_t30_description/share/hans_t30_description/environment/ament_prefix_path.dsv
[4.613s] -- Installing: /home/user/ros2_ws/install/hans_t30_description/share/hans_t30_description/environment/path.sh
[4.615s] -- Installing: /home/user/ros2_ws/install/hans_t30_description/share/hans_t30_description/environment/path.dsv
[4.615s] -- Installing: /home/user/ros2_ws/install/hans_t30_description/share/hans_t30_description/local_setup.bash
[4.615s] -- Installing: /home/user/ros2_ws/install/hans_t30_description/share/hans_t30_description/local_setup.sh
[4.615s] -- Installing: /home/user/ros2_ws/install/hans_t30_description/share/hans_t30_description/local_setup.zsh
[4.616s] -- Installing: /home/user/ros2_ws/install/hans_t30_description/share/hans_t30_description/local_setup.dsv
[4.620s] -- Installing: /home/user/ros2_ws/install/hans_t30_description/share/hans_t30_description/package.dsv
[4.621s] -- Up-to-date: /home/user/ros2_ws/install/hans_t30_description/share/ament_index/resource_index/packages/hans_t30_description
[4.622s] -- Installing: /home/user/ros2_ws/install/hans_t30_description/share/hans_t30_description/cmake/ament_cmake_export_dependencies-extras.cmake
[4.622s] -- Up-to-date: /home/user/ros2_ws/install/hans_t30_description/share/hans_t30_description/cmake/hans_t30_descriptionConfig.cmake
[4.623s] -- Up-to-date: /home/user/ros2_ws/install/hans_t30_description/share/hans_t30_description/cmake/hans_t30_descriptionConfig-version.cmake
[4.623s] -- Up-to-date: /home/user/ros2_ws/install/hans_t30_description/share/hans_t30_description/package.xml
[4.714s] Invoked command in '/home/user/ros2_ws/build/hans_t30_description' returned '0': CMAKE_PREFIX_PATH=${CMAKE_PREFIX_PATH}:/opt/ros/foxy _=/usr/bin/env /usr/bin/cmake --install /home/user/ros2_ws/build/hans_t30_description
