[0.232s] Invoking command in '/home/user/ros2_ws/build/hrim_actuator_rotaryservo_msgs': CMAKE_PREFIX_PATH=${CMAKE_PREFIX_PATH}:/opt/ros/foxy _=/usr/bin/env /usr/bin/cmake --build /home/user/ros2_ws/build/hrim_actuator_rotaryservo_msgs -- -j8 -l8
[0.820s] -- Found ament_cmake: 0.9.9 (/opt/ros/foxy/share/ament_cmake/cmake)
[1.176s] -- Found PythonInterp: /usr/bin/python3 (found suitable version "3.8.10", minimum required is "3") 
[1.177s] -- Using PYTHON_EXECUTABLE: /usr/bin/python3
[3.162s] -- Found rosidl_default_generators: 1.0.1 (/opt/ros/foxy/share/rosidl_default_generators/cmake)
[3.277s] -- Using all available rosidl_typesupport_c: rosidl_typesupport_fastrtps_c;rosidl_typesupport_introspection_c
[3.314s] -- Found rosidl_adapter: 1.2.1 (/opt/ros/foxy/share/rosidl_adapter/cmake)
[5.387s] -- Using all available rosidl_typesupport_cpp: rosidl_typesupport_fastrtps_cpp;rosidl_typesupport_introspection_cpp
[5.593s] -- Found std_msgs: 2.0.4 (/opt/ros/foxy/share/std_msgs/cmake)
[5.850s] -- Found geometry_msgs: 2.0.4 (/opt/ros/foxy/share/geometry_msgs/cmake)
[6.484s] -- Found PythonInterp: /usr/bin/python3 (found version "3.8.10") 
[8.421s] -- Found ament_cmake_ros: 0.9.2 (/opt/ros/foxy/share/ament_cmake_ros/cmake)
[11.004s] -- Using all available rosidl_typesupport_c: rosidl_typesupport_fastrtps_c;rosidl_typesupport_introspection_c
[11.756s] -- Using all available rosidl_typesupport_cpp: rosidl_typesupport_fastrtps_cpp;rosidl_typesupport_introspection_cpp
[11.922s] -- Found PythonInterp: /usr/bin/python3 (found suitable version "3.8.10", minimum required is "3.5") 
[11.922s] -- Found python_cmake_module: 0.8.1 (/opt/ros/foxy/share/python_cmake_module/cmake)
[12.216s] -- Found PythonLibs: /usr/lib/x86_64-linux-gnu/libpython3.8.so (found suitable version "3.8.10", minimum required is "3.5") 
[12.217s] -- Using PYTHON_EXECUTABLE: /usr/bin/python3
[12.217s] -- Using PYTHON_INCLUDE_DIRS: /usr/include/python3.8
[12.217s] -- Using PYTHON_LIBRARIES: /usr/lib/x86_64-linux-gnu/libpython3.8.so
[12.800s] -- Configuring done
[13.262s] -- Generating done
[13.288s] -- Build files have been written to: /home/user/ros2_ws/build/hrim_actuator_rotaryservo_msgs
[13.619s] [  1%] [34m[1mGenerating C++ code for ROS interfaces[0m
[20.684s] [  1%] Built target hrim_actuator_rotaryservo_msgs__cpp
[20.858s] [  3%] [34m[1mGenerating C code for ROS interfaces[0m
[25.035s] make[2]: *** Deleting file 'rosidl_generator_c/hrim_actuator_rotaryservo_msgs/msg/goal_angular_acceleration.h'
[25.082s] Exception ignored in: <function Interpreter.__del__ at 0x7fb86042b430>
[25.082s] Traceback (most recent call last):
[25.082s]   File "/usr/lib/python3/dist-packages/em.py", line 2093, in __del__
[25.083s]     def __del__(self):
[25.083s] KeyboardInterrupt: 
[25.758s] Traceback (most recent call last):
[25.765s]   File "/opt/ros/foxy/share/rosidl_generator_c/cmake/../../../lib/rosidl_generator_c/rosidl_generator_c", line 40, in <module>
[25.765s]     sys.exit(main())
[25.766s]   File "/opt/ros/foxy/share/rosidl_generator_c/cmake/../../../lib/rosidl_generator_c/rosidl_generator_c", line 34, in main
[25.766s]     return generate_c(
[25.766s]   File "/opt/ros/foxy/lib/python3.8/site-packages/rosidl_generator_c/__init__.py", line 37, in generate_c
[25.766s]     generate_files(
[25.767s]   File "/opt/ros/foxy/lib/python3.8/site-packages/rosidl_cmake/__init__.py", line 74, in generate_files
[25.767s]     idl_file = parse_idl_file(locator)
[25.767s]   File "/opt/ros/foxy/lib/python3.8/site-packages/rosidl_parser/parser.py", line 64, in parse_idl_file
[25.767s]     content = parse_idl_string(string, png_file=png_file)
[25.767s]   File "/opt/ros/foxy/lib/python3.8/site-packages/rosidl_parser/parser.py", line 72, in parse_idl_string
[25.768s]     tree = get_ast_from_idl_string(idl_string)
[25.768s]   File "/opt/ros/foxy/lib/python3.8/site-packages/rosidl_parser/parser.py", line 89, in get_ast_from_idl_string
[25.768s]     return _parser.parse(idl_string)
[25.768s]   File "/usr/lib/python3/dist-packages/lark/lark.py", line 293, in parse
[25.768s]     return self.parser.parse(text, start=start)
[25.769s]   File "/usr/lib/python3/dist-packages/lark/parser_frontends.py", line 193, in parse
[25.769s]     return self._parse(text, start)
[25.769s]   File "/usr/lib/python3/dist-packages/lark/parser_frontends.py", line 54, in _parse
[25.769s]     return self.parser.parse(input, start, *args)
[25.770s]   File "/usr/lib/python3/dist-packages/lark/parsers/earley.py", line 292, in parse
[25.770s]     to_scan = self._parse(stream, columns, to_scan, start_symbol)
[25.770s]   File "/usr/lib/python3/dist-packages/lark/parsers/xearley.py", line 135, in _parse
[25.770s]     self.predict_and_complete(i, to_scan, columns, transitives)
[25.771s]   File "/usr/lib/python3/dist-packages/lark/parsers/earley.py", line 111, in predict_and_complete
[25.771s]     originators = [originator for originator in columns[item.start] if originator.expect is not None and originator.expect == item.s]
[25.775s]   File "/usr/lib/python3/dist-packages/lark/parsers/earley.py", line 111, in <listcomp>
[25.776s]     originators = [originator for originator in columns[item.start] if originator.expect is not None and originator.expect == item.s]
[25.776s] KeyboardInterrupt
[25.790s] make[2]: *** [CMakeFiles/hrim_actuator_rotaryservo_msgs__rosidl_generator_c.dir/build.make:140: rosidl_generator_c/hrim_actuator_rotaryservo_msgs/msg/goal_angular_acceleration.h] Interrupt
[25.791s] make[1]: *** [CMakeFiles/Makefile2:329: CMakeFiles/hrim_actuator_rotaryservo_msgs__rosidl_generator_c.dir/all] Interrupt
[25.792s] make: *** [Makefile:141: all] Interrupt
