[0.125s] Invoking command in '/home/user/ros2_ws/build/robotiq_gripper_gazebo_plugins': CMAKE_PREFIX_PATH=/home/user/ros2_ws/install/hrim_actuator_gripper_srvs:/home/user/ros2_ws/install/hrim_actuator_gripper_msgs:/home/simulations/ros2_sims_ws/install/ros1_bridge:/home/user/ros2_ws/install/robotiq_hande_gripper_description:/home/user/ros2_ws/install/robotiq_gripper_gazebo_plugins:/home/user/ros2_ws/install/robotiq_gazebo:/home/user/ros2_ws/install/robotiq_85_gripper_description:/home/user/ros2_ws/install/robotiq_140_gripper_description:/home/user/ros2_ws/install/mara_utils_scripts:/home/user/ros2_ws/install/mara_minimal_trajectory_action:/home/user/ros2_ws/install/mara_minimal_subscriber:/home/user/ros2_ws/install/mara_minimal_publisher:/home/user/ros2_ws/install/mara_gazebo_plugins:/home/user/ros2_ws/install/mara_gazebo:/home/user/ros2_ws/install/mara_description:/home/user/ros2_ws/install/mara_contact_publisher:/home/user/ros2_ws/install/mara_bringup:/home/user/ros2_ws/install/individual_trajectories_bridge:/home/user/ros2_ws/install/hros_cognition_mara_components:/home/user/ros2_ws/install/hrim_generic_srvs:/home/user/ros2_ws/install/hrim_generic_msgs:/home/user/ros2_ws/install/hrim_actuator_rotaryservo_srvs:/home/user/ros2_ws/install/hrim_actuator_rotaryservo_msgs:/home/user/ros2_ws/install/hrim_actuator_rotaryservo_actions:/home/user/ros2_ws/install/gripper_minimal_service:/home/user/ros2_ws/install/gripper_minimal_subscriber:/home/user/ros2_ws/install/hans_t9_4_description:/home/user/ros2_ws/install/hans_t49_description:/home/user/ros2_ws/install/hans_t30_description:/home/user/ros2_ws/install/hans_modular_gazebo:/home/user/ros2_ws/install/control_msgs:/opt/ros/foxy LD_LIBRARY_PATH=/home/user/ros2_ws/install/hrim_actuator_gripper_srvs/lib:/home/user/ros2_ws/install/hrim_actuator_gripper_msgs/lib:/usr/local/cuda-10.2/lib64:/home/user/.catkin_ws_python3/src/TensorRT-7.0.0.11/lib:/home/simulations/ros2_sims_ws/install/ros1_bridge/lib:/home/user/ros2_ws/install/robotiq_gripper_gazebo_plugins/lib:/home/user/ros2_ws/install/mara_gazebo_plugins/lib:/home/user/ros2_ws/install/hrim_generic_srvs/lib:/home/user/ros2_ws/install/hrim_generic_msgs/lib:/home/user/ros2_ws/install/hrim_actuator_rotaryservo_srvs/lib:/home/user/ros2_ws/install/hrim_actuator_rotaryservo_msgs/lib:/home/user/ros2_ws/install/hrim_actuator_rotaryservo_actions/lib:/home/user/ros2_ws/install/control_msgs/lib:/opt/ros/foxy/opt/yaml_cpp_vendor/lib:/opt/ros/foxy/opt/rviz_ogre_vendor/lib:/opt/ros/foxy/lib/x86_64-linux-gnu:/opt/ros/foxy/lib:/usr/local/cuda-10.2/lib64:/home/user/.catkin_ws_python3/src/TensorRT-7.0.0.11/lib:/usr/local/nvidia/lib:/usr/local/nvidia/lib64:/usr/lib/x86_64-linux-gnu/gazebo-11/plugins:/usr/lib/x86_64-linux-gnu/gazebo-11/plugins PYTHONPATH=/home/user/ros2_ws/install/hrim_actuator_gripper_srvs/lib/python3.8/site-packages:/home/user/ros2_ws/install/hrim_actuator_gripper_msgs/lib/python3.8/site-packages:/home/simulations/ros2_sims_ws/install/ros1_bridge/lib/python3.8/site-packages:/home/user/ros2_ws/install/hrim_generic_srvs/lib/python3.8/site-packages:/home/user/ros2_ws/install/hrim_generic_msgs/lib/python3.8/site-packages:/home/user/ros2_ws/install/hrim_actuator_rotaryservo_srvs/lib/python3.8/site-packages:/home/user/ros2_ws/install/hrim_actuator_rotaryservo_msgs/lib/python3.8/site-packages:/home/user/ros2_ws/install/hrim_actuator_rotaryservo_actions/lib/python3.8/site-packages:/home/user/ros2_ws/install/control_msgs/lib/python3.8/site-packages:/opt/ros/foxy/lib/python3.8/site-packages _=/usr/bin/env /usr/bin/cmake --build /home/user/ros2_ws/build/robotiq_gripper_gazebo_plugins -- -j8 -l8
[0.313s] -- Found ament_cmake: 0.9.9 (/opt/ros/foxy/share/ament_cmake/cmake)
[0.427s] -- Found PythonInterp: /usr/bin/python3 (found suitable version "3.8.10", minimum required is "3") 
[0.432s] -- Using PYTHON_EXECUTABLE: /usr/bin/python3
[2.031s] -- Found gazebo_ros: 3.5.3 (/opt/ros/foxy/share/gazebo_ros/cmake)
[2.323s] -- Using all available rosidl_typesupport_c: rosidl_typesupport_fastrtps_c;rosidl_typesupport_introspection_c
[2.333s] -- Found rosidl_adapter: 1.2.1 (/opt/ros/foxy/share/rosidl_adapter/cmake)
[3.624s] -- Using all available rosidl_typesupport_cpp: rosidl_typesupport_fastrtps_cpp;rosidl_typesupport_introspection_cpp
[4.214s] -- Found rmw_implementation_cmake: 1.0.3 (/opt/ros/foxy/share/rmw_implementation_cmake/cmake)
[4.284s] -- Using RMW implementation 'rmw_fastrtps_cpp' as default
[5.808s] -- Found DART: /usr/include (Required is at least version "6.6") found components: dart 
[5.994s] -- Found Protobuf: /usr/lib/x86_64-linux-gnu/libprotobuf.so;-lpthread (found version "3.6.1") 
[5.998s] -- Looking for ignition-math6 -- found version 6.8.0
[6.092s] -- Searching for dependencies of ignition-math6
[6.092s] -- Looking for OGRE...
[6.102s] -- Found Ogre Ghadamon (1.9.0)
[6.103s] -- Found OGRE: optimized;/usr/lib/x86_64-linux-gnu/libOgreMain.so;debug;/usr/lib/x86_64-linux-gnu/libOgreMain.so
[6.121s] -- Looking for OGRE_Paging...
[6.122s] -- Found OGRE_Paging: optimized;/usr/lib/x86_64-linux-gnu/libOgrePaging.so;debug;/usr/lib/x86_64-linux-gnu/libOgrePaging.so
[6.122s] -- Looking for OGRE_Terrain...
[6.123s] -- Found OGRE_Terrain: optimized;/usr/lib/x86_64-linux-gnu/libOgreTerrain.so;debug;/usr/lib/x86_64-linux-gnu/libOgreTerrain.so
[6.188s] -- Looking for OGRE_Property...
[6.188s] -- Found OGRE_Property: optimized;/usr/lib/x86_64-linux-gnu/libOgreProperty.so;debug;/usr/lib/x86_64-linux-gnu/libOgreProperty.so
[6.189s] -- Looking for OGRE_RTShaderSystem...
[6.189s] -- Found OGRE_RTShaderSystem: optimized;/usr/lib/x86_64-linux-gnu/libOgreRTShaderSystem.so;debug;/usr/lib/x86_64-linux-gnu/libOgreRTShaderSystem.so
[6.189s] -- Looking for OGRE_Volume...
[6.189s] -- Found OGRE_Volume: optimized;/usr/lib/x86_64-linux-gnu/libOgreVolume.so;debug;/usr/lib/x86_64-linux-gnu/libOgreVolume.so
[6.189s] -- Looking for OGRE_Overlay...
[6.190s] -- Found OGRE_Overlay: optimized;/usr/lib/x86_64-linux-gnu/libOgreOverlay.so;debug;/usr/lib/x86_64-linux-gnu/libOgreOverlay.so
[7.300s] -- Looking for ignition-math6 -- found version 6.8.0
[7.301s] -- Looking for ignition-transport8 -- found version 8.2.0
[7.303s] -- Searching for dependencies of ignition-transport8
[7.510s] -- Found Protobuf: /usr/lib/x86_64-linux-gnu/libprotobuf.so;-lpthread (found suitable version "3.6.1", minimum required is "3") 
[7.696s] -- Config-file not installed for ZeroMQ -- checking for pkg-config
[7.704s] -- Checking for module 'libzmq >= 4'
[7.919s] --   Found libzmq , version 4.3.2
[8.418s] -- Checking for module 'uuid'
[8.687s] --   Found uuid, version 2.34.0
[9.084s] -- Looking for ignition-msgs5 -- found version 5.7.0
[9.085s] -- Searching for dependencies of ignition-msgs5
[9.295s] -- Looking for ignition-math6 -- found version 6.8.0
[9.307s] -- Checking for module 'tinyxml2'
[9.426s] --   Found tinyxml2, version 6.2.0
[9.823s] -- Looking for ignition-msgs5 -- found version 5.7.0
[9.824s] -- Looking for ignition-common3 -- found version 3.13.1
[9.825s] -- Searching for dependencies of ignition-common3
[9.825s] -- Looking for dlfcn.h - found
[9.826s] -- Looking for libdl - found
[9.928s] -- Searching for <ignition-common3> component [graphics]
[9.929s] -- Looking for ignition-common3-graphics -- found version 3.13.1
[9.931s] -- Searching for dependencies of ignition-common3-graphics
[9.931s] -- Looking for ignition-math6 -- found version 6.8.0
[9.934s] -- Looking for ignition-fuel_tools4 -- found version 4.3.0
[9.935s] -- Searching for dependencies of ignition-fuel_tools4
[10.120s] -- Checking for module 'jsoncpp'
[10.307s] --   Found jsoncpp, version 1.7.4
[10.730s] -- Checking for module 'libzip'
[10.886s] --   Found libzip, version 1.5.1
[11.292s] -- Looking for ignition-common3 -- found version 3.13.1
[11.293s] -- Looking for ignition-msgs5 -- found version 5.7.0
[11.299s] -- Gazebo version: 11.5
[11.328s] -- Found hrim_actuator_gripper_msgs: 0.3.0 (/home/user/ros2_ws/install/hrim_actuator_gripper_msgs/share/hrim_actuator_gripper_msgs/cmake)
[12.041s] -- Found hrim_actuator_gripper_srvs: 0.3.0 (/home/user/ros2_ws/install/hrim_actuator_gripper_srvs/share/hrim_actuator_gripper_srvs/cmake)
[12.424s] -- Configuring done
[12.518s] CMake Warning at CMakeLists.txt:34 (add_library):
[12.518s]   Cannot generate a safe runtime search path for target
[12.519s]   robotiq_gripper_gazebo_plugin because there is a cycle in the constraint
[12.519s]   graph:
[12.519s] 
[12.519s]     dir 0 is [/usr/lib/x86_64-linux-gnu/gazebo-11/plugins]
[12.519s]     dir 1 is [/opt/ros/foxy/lib]
[12.519s]       dir 4 must precede it due to runtime library [liboctomap.so.1.9]
[12.520s]     dir 2 is [/home/user/ros2_ws/install/hrim_actuator_gripper_msgs/lib]
[12.520s]     dir 3 is [/home/user/ros2_ws/install/hrim_actuator_gripper_srvs/lib]
[12.520s]     dir 4 is [/opt/ros/noetic/lib]
[12.520s]       dir 1 must precede it due to runtime library [libgazebo_ros_utils.so]
[12.520s] 
[12.521s]   Some of these libraries may not be found correctly.
[12.521s] 
[12.521s] 
[12.534s] -- Generating done
[12.537s] -- Build files have been written to: /home/user/ros2_ws/build/robotiq_gripper_gazebo_plugins
[12.701s] [35m[1mScanning dependencies of target robotiq_gripper_gazebo_plugin[0m
[13.199s] [ 33%] [32mBuilding CXX object CMakeFiles/robotiq_gripper_gazebo_plugin.dir/src/RobotiqGripperPlugin.cpp.o[0m
[54.476s] [01m[Kc++:[m[K [01;31m[Kfatal error: [m[KKilled signal terminated program cc1plus
[54.480s] compilation terminated.
[54.480s] make[2]: *** [CMakeFiles/robotiq_gripper_gazebo_plugin.dir/build.make:63: CMakeFiles/robotiq_gripper_gazebo_plugin.dir/src/RobotiqGripperPlugin.cpp.o] Error 1
[54.481s] make[1]: *** [CMakeFiles/Makefile2:78: CMakeFiles/robotiq_gripper_gazebo_plugin.dir/all] Error 2
[54.481s] make: *** [Makefile:141: all] Error 2
