[ 50%] Built target mara_minimal_publisher_v2
[100%] Built target mara_minimal_publisher_v1
-- Install configuration: ""
-- Installing: /home/user/ros2_ws/install/mara_minimal_publisher/lib/mara_minimal_publisher/mara_minimal_publisher_v1
-- Set runtime path of "/home/user/ros2_ws/install/mara_minimal_publisher/lib/mara_minimal_publisher/mara_minimal_publisher_v1" to ""
-- Installing: /home/user/ros2_ws/install/mara_minimal_publisher/lib/mara_minimal_publisher/mara_minimal_publisher_v2
-- Set runtime path of "/home/user/ros2_ws/install/mara_minimal_publisher/lib/mara_minimal_publisher/mara_minimal_publisher_v2" to ""
-- Installing: /home/user/ros2_ws/install/mara_minimal_publisher/lib/mara_minimal_publisher/mara_minimal_publisher_v1.py
-- Up-to-date: /home/user/ros2_ws/install/mara_minimal_publisher/lib/mara_minimal_publisher/mara_minimal_publisher_v2.py
-- Up-to-date: /home/user/ros2_ws/install/mara_minimal_publisher/share/ament_index/resource_index/package_run_dependencies/mara_minimal_publisher
-- Up-to-date: /home/user/ros2_ws/install/mara_minimal_publisher/share/ament_index/resource_index/parent_prefix_path/mara_minimal_publisher
-- Up-to-date: /home/user/ros2_ws/install/mara_minimal_publisher/share/mara_minimal_publisher/environment/ament_prefix_path.sh
-- Installing: /home/user/ros2_ws/install/mara_minimal_publisher/share/mara_minimal_publisher/environment/ament_prefix_path.dsv
-- Up-to-date: /home/user/ros2_ws/install/mara_minimal_publisher/share/mara_minimal_publisher/environment/path.sh
-- Installing: /home/user/ros2_ws/install/mara_minimal_publisher/share/mara_minimal_publisher/environment/path.dsv
-- Up-to-date: /home/user/ros2_ws/install/mara_minimal_publisher/share/mara_minimal_publisher/local_setup.bash
-- Up-to-date: /home/user/ros2_ws/install/mara_minimal_publisher/share/mara_minimal_publisher/local_setup.sh
-- Up-to-date: /home/user/ros2_ws/install/mara_minimal_publisher/share/mara_minimal_publisher/local_setup.zsh
-- Installing: /home/user/ros2_ws/install/mara_minimal_publisher/share/mara_minimal_publisher/local_setup.dsv
-- Installing: /home/user/ros2_ws/install/mara_minimal_publisher/share/mara_minimal_publisher/package.dsv
-- Up-to-date: /home/user/ros2_ws/install/mara_minimal_publisher/share/ament_index/resource_index/packages/mara_minimal_publisher
-- Up-to-date: /home/user/ros2_ws/install/mara_minimal_publisher/share/mara_minimal_publisher/cmake/mara_minimal_publisherConfig.cmake
-- Up-to-date: /home/user/ros2_ws/install/mara_minimal_publisher/share/mara_minimal_publisher/cmake/mara_minimal_publisherConfig-version.cmake
-- Up-to-date: /home/user/ros2_ws/install/mara_minimal_publisher/share/mara_minimal_publisher/package.xml
