[0.208s] Invoking command in '/home/user/ros2_ws/build/mara_contact_publisher': CMAKE_PREFIX_PATH=${CMAKE_PREFIX_PATH}:/opt/ros/foxy _=/usr/bin/env /usr/bin/cmake --build /home/user/ros2_ws/build/mara_contact_publisher -- -j8 -l8
[2.612s] -- Found ament_cmake: 0.9.9 (/opt/ros/foxy/share/ament_cmake/cmake)
[2.616s] -- Found PythonInterp: /usr/bin/python3 (found suitable version "3.8.10", minimum required is "3") 
[2.616s] -- Using PYTHON_EXECUTABLE: /usr/bin/python3
[3.098s] -- Found gazebo_dev: 3.5.3 (/opt/ros/foxy/share/gazebo_dev/cmake)
[5.083s] -- Found DART: /usr/include (Required is at least version "6.6") found components: dart 
[6.383s] -- Found Protobuf: /usr/lib/x86_64-linux-gnu/libprotobuf.so;-lpthread (found version "3.6.1") 
[6.506s] -- Looking for ignition-math6 -- found version 6.8.0
[6.695s] -- Searching for dependencies of ignition-math6
[7.009s] -- Looking for OGRE...
[7.213s] -- Found Ogre Ghadamon (1.9.0)
[7.279s] -- Found OGRE: optimized;/usr/lib/x86_64-linux-gnu/libOgreMain.so;debug;/usr/lib/x86_64-linux-gnu/libOgreMain.so
[7.312s] -- Looking for OGRE_Paging...
[7.312s] -- Found OGRE_Paging: optimized;/usr/lib/x86_64-linux-gnu/libOgrePaging.so;debug;/usr/lib/x86_64-linux-gnu/libOgrePaging.so
[7.319s] -- Looking for OGRE_Terrain...
[7.375s] -- Found OGRE_Terrain: optimized;/usr/lib/x86_64-linux-gnu/libOgreTerrain.so;debug;/usr/lib/x86_64-linux-gnu/libOgreTerrain.so
[7.375s] -- Looking for OGRE_Property...
[7.375s] -- Found OGRE_Property: optimized;/usr/lib/x86_64-linux-gnu/libOgreProperty.so;debug;/usr/lib/x86_64-linux-gnu/libOgreProperty.so
[7.375s] -- Looking for OGRE_RTShaderSystem...
[7.376s] -- Found OGRE_RTShaderSystem: optimized;/usr/lib/x86_64-linux-gnu/libOgreRTShaderSystem.so;debug;/usr/lib/x86_64-linux-gnu/libOgreRTShaderSystem.so
[7.376s] -- Looking for OGRE_Volume...
[7.376s] -- Found OGRE_Volume: optimized;/usr/lib/x86_64-linux-gnu/libOgreVolume.so;debug;/usr/lib/x86_64-linux-gnu/libOgreVolume.so
[7.376s] -- Looking for OGRE_Overlay...
[7.377s] -- Found OGRE_Overlay: optimized;/usr/lib/x86_64-linux-gnu/libOgreOverlay.so;debug;/usr/lib/x86_64-linux-gnu/libOgreOverlay.so
[9.318s] -- Looking for ignition-math6 -- found version 6.8.0
[9.379s] -- Looking for ignition-transport8 -- found version 8.2.0
[9.379s] -- Searching for dependencies of ignition-transport8
[9.604s] -- Found Protobuf: /usr/lib/x86_64-linux-gnu/libprotobuf.so;-lpthread (found suitable version "3.6.1", minimum required is "3") 
[9.877s] -- Config-file not installed for ZeroMQ -- checking for pkg-config
[9.999s] -- Checking for module 'libzmq >= 4'
[10.490s] --   Found libzmq , version 4.3.2
[11.298s] -- Checking for module 'uuid'
[11.676s] --   Found uuid, version 2.34.0
[12.101s] -- Looking for ignition-msgs5 -- found version 5.7.0
[12.104s] -- Searching for dependencies of ignition-msgs5
[12.379s] -- Looking for ignition-math6 -- found version 6.8.0
[12.390s] -- Checking for module 'tinyxml2'
[12.675s] --   Found tinyxml2, version 6.2.0
[13.296s] -- Looking for ignition-msgs5 -- found version 5.7.0
[13.307s] -- Looking for ignition-common3 -- found version 3.13.1
[13.308s] -- Searching for dependencies of ignition-common3
[13.314s] -- Looking for dlfcn.h - found
[13.315s] -- Looking for libdl - found
[13.379s] -- Searching for <ignition-common3> component [graphics]
[13.380s] -- Looking for ignition-common3-graphics -- found version 3.13.1
[13.380s] -- Searching for dependencies of ignition-common3-graphics
[13.381s] -- Looking for ignition-math6 -- found version 6.8.0
[13.386s] -- Looking for ignition-fuel_tools4 -- found version 4.3.0
[13.389s] -- Searching for dependencies of ignition-fuel_tools4
[13.799s] -- Checking for module 'jsoncpp'
[14.190s] --   Found jsoncpp, version 1.7.4
[15.104s] -- Checking for module 'libzip'
[15.481s] --   Found libzip, version 1.5.1
[16.282s] -- Looking for ignition-common3 -- found version 3.13.1
[16.283s] -- Looking for ignition-msgs5 -- found version 5.7.0
[16.287s] -- Gazebo version: 11.5
[16.290s] -- Found gazebo_ros: 3.5.3 (/opt/ros/foxy/share/gazebo_ros/cmake)
[16.483s] -- Using all available rosidl_typesupport_c: rosidl_typesupport_fastrtps_c;rosidl_typesupport_introspection_c
[16.490s] -- Found rosidl_adapter: 1.2.1 (/opt/ros/foxy/share/rosidl_adapter/cmake)
[17.889s] -- Using all available rosidl_typesupport_cpp: rosidl_typesupport_fastrtps_cpp;rosidl_typesupport_introspection_cpp
[18.180s] -- Found rmw_implementation_cmake: 1.0.3 (/opt/ros/foxy/share/rmw_implementation_cmake/cmake)
[18.188s] -- Using RMW implementation 'rmw_fastrtps_cpp' as default
[19.482s] -- Found gazebo_msgs: 3.5.3 (/opt/ros/foxy/share/gazebo_msgs/cmake)
[21.925s] -- Configuring done
[23.231s] CMake Warning at CMakeLists.txt:34 (add_executable):
[23.231s]   Cannot generate a safe runtime search path for target
[23.231s]   mara_contact_publisher because there is a cycle in the constraint graph:
[23.231s] 
[23.231s]     dir 0 is [/usr/lib/x86_64-linux-gnu/gazebo-11/plugins]
[23.232s]     dir 1 is [/opt/ros/foxy/lib]
[23.232s]       dir 2 must precede it due to runtime library [liboctomap.so.1.9]
[23.232s]     dir 2 is [/opt/ros/noetic/lib]
[23.232s]       dir 1 must precede it due to runtime library [libgazebo_ros_utils.so]
[23.232s] 
[23.232s]   Some of these libraries may not be found correctly.
[23.232s] 
[23.233s] 
[23.287s] -- Generating done
[23.292s] -- Build files have been written to: /home/user/ros2_ws/build/mara_contact_publisher
[23.694s] [35m[1mScanning dependencies of target mara_contact_publisher[0m
[24.694s] [ 50%] [32mBuilding CXX object CMakeFiles/mara_contact_publisher.dir/src/ContactPublisher.cpp.o[0m
[73.088s] [01m[Kc++:[m[K [01;31m[Kfatal error: [m[KKilled signal terminated program cc1plus
[73.094s] compilation terminated.
[73.095s] make[2]: *** [CMakeFiles/mara_contact_publisher.dir/build.make:63: CMakeFiles/mara_contact_publisher.dir/src/ContactPublisher.cpp.o] Error 1
[73.095s] make[1]: *** [CMakeFiles/Makefile2:78: CMakeFiles/mara_contact_publisher.dir/all] Error 2
[73.095s] make: *** [Makefile:141: all] Error 2
[73.131s] Invoked command in '/home/user/ros2_ws/build/mara_contact_publisher' returned '2': CMAKE_PREFIX_PATH=${CMAKE_PREFIX_PATH}:/opt/ros/foxy _=/usr/bin/env /usr/bin/cmake --build /home/user/ros2_ws/build/mara_contact_publisher -- -j8 -l8
