[ 11%] Built target hrim_actuator_gripper_srvs__rosidl_generator_c
[ 12%] Built target hrim_actuator_gripper_srvs__cpp
[ 23%] Built target hrim_actuator_gripper_srvs__rosidl_typesupport_introspection_c
[ 35%] Built target hrim_actuator_gripper_srvs__rosidl_typesupport_cpp
[ 36%] [32mBuilding CXX object CMakeFiles/hrim_actuator_gripper_srvs__rosidl_typesupport_introspection_cpp.dir/rosidl_typesupport_introspection_cpp/hrim_actuator_gripper_srvs/srv/detail/control_finger__type_support.cpp.o[0m
[ 38%] [32mBuilding CXX object CMakeFiles/hrim_actuator_gripper_srvs__rosidl_typesupport_introspection_cpp.dir/rosidl_typesupport_introspection_cpp/hrim_actuator_gripper_srvs/srv/detail/specs_vacuum_gripper__type_support.cpp.o[0m
[ 39%] [32mBuilding CXX object CMakeFiles/hrim_actuator_gripper_srvs__rosidl_typesupport_introspection_cpp.dir/rosidl_typesupport_introspection_cpp/hrim_actuator_gripper_srvs/srv/detail/specs_magnetic_gripper__type_support.cpp.o[0m
[ 40%] [32mBuilding CXX object CMakeFiles/hrim_actuator_gripper_srvs__rosidl_typesupport_introspection_cpp.dir/rosidl_typesupport_introspection_cpp/hrim_actuator_gripper_srvs/srv/detail/specs_finger_gripper__type_support.cpp.o[0m
[ 42%] [32mBuilding CXX object CMakeFiles/hrim_actuator_gripper_srvs__rosidl_typesupport_introspection_cpp.dir/rosidl_typesupport_introspection_cpp/hrim_actuator_gripper_srvs/srv/detail/goal_gripper__type_support.cpp.o[0m
[ 43%] [32mBuilding CXX object CMakeFiles/hrim_actuator_gripper_srvs__rosidl_typesupport_introspection_cpp.dir/rosidl_typesupport_introspection_cpp/hrim_actuator_gripper_srvs/srv/detail/control_vacuum__type_support.cpp.o[0m
[ 45%] [32m[1mLinking CXX shared library libhrim_actuator_gripper_srvs__rosidl_typesupport_introspection_cpp.so[0m
[ 46%] Built target hrim_actuator_gripper_srvs__rosidl_typesupport_introspection_cpp
[ 47%] [34m[1mGenerating C++ type support for eProsima Fast-RTPS[0m
[35m[1mScanning dependencies of target hrim_actuator_gripper_srvs__rosidl_typesupport_fastrtps_cpp[0m
[ 49%] [32mBuilding CXX object CMakeFiles/hrim_actuator_gripper_srvs__rosidl_typesupport_fastrtps_cpp.dir/rosidl_typesupport_fastrtps_cpp/hrim_actuator_gripper_srvs/srv/detail/dds_fastrtps/control_finger__type_support.cpp.o[0m
[ 50%] [32mBuilding CXX object CMakeFiles/hrim_actuator_gripper_srvs__rosidl_typesupport_fastrtps_cpp.dir/rosidl_typesupport_fastrtps_cpp/hrim_actuator_gripper_srvs/srv/detail/dds_fastrtps/specs_vacuum_gripper__type_support.cpp.o[0m
[ 52%] [32mBuilding CXX object CMakeFiles/hrim_actuator_gripper_srvs__rosidl_typesupport_fastrtps_cpp.dir/rosidl_typesupport_fastrtps_cpp/hrim_actuator_gripper_srvs/srv/detail/dds_fastrtps/specs_magnetic_gripper__type_support.cpp.o[0m
[ 53%] [32mBuilding CXX object CMakeFiles/hrim_actuator_gripper_srvs__rosidl_typesupport_fastrtps_cpp.dir/rosidl_typesupport_fastrtps_cpp/hrim_actuator_gripper_srvs/srv/detail/dds_fastrtps/specs_finger_gripper__type_support.cpp.o[0m
[ 54%] [32mBuilding CXX object CMakeFiles/hrim_actuator_gripper_srvs__rosidl_typesupport_fastrtps_cpp.dir/rosidl_typesupport_fastrtps_cpp/hrim_actuator_gripper_srvs/srv/detail/dds_fastrtps/goal_gripper__type_support.cpp.o[0m
[ 56%] [32mBuilding CXX object CMakeFiles/hrim_actuator_gripper_srvs__rosidl_typesupport_fastrtps_cpp.dir/rosidl_typesupport_fastrtps_cpp/hrim_actuator_gripper_srvs/srv/detail/dds_fastrtps/control_vacuum__type_support.cpp.o[0m
[ 57%] [32m[1mLinking CXX shared library libhrim_actuator_gripper_srvs__rosidl_typesupport_fastrtps_cpp.so[0m
[ 57%] Built target hrim_actuator_gripper_srvs__rosidl_typesupport_fastrtps_cpp
[ 59%] [32m[1mLinking CXX shared library libhrim_actuator_gripper_srvs__rosidl_typesupport_c.so[0m
[ 69%] Built target hrim_actuator_gripper_srvs__rosidl_typesupport_c
[ 70%] [34m[1mGenerating C type support for eProsima Fast-RTPS[0m
[35m[1mScanning dependencies of target hrim_actuator_gripper_srvs__rosidl_typesupport_fastrtps_c[0m
[ 71%] [32mBuilding CXX object CMakeFiles/hrim_actuator_gripper_srvs__rosidl_typesupport_fastrtps_c.dir/rosidl_typesupport_fastrtps_c/hrim_actuator_gripper_srvs/srv/detail/control_finger__type_support_c.cpp.o[0m
[ 73%] [32mBuilding CXX object CMakeFiles/hrim_actuator_gripper_srvs__rosidl_typesupport_fastrtps_c.dir/rosidl_typesupport_fastrtps_c/hrim_actuator_gripper_srvs/srv/detail/specs_vacuum_gripper__type_support_c.cpp.o[0m
[ 74%] [32mBuilding CXX object CMakeFiles/hrim_actuator_gripper_srvs__rosidl_typesupport_fastrtps_c.dir/rosidl_typesupport_fastrtps_c/hrim_actuator_gripper_srvs/srv/detail/specs_magnetic_gripper__type_support_c.cpp.o[0m
[ 76%] [32mBuilding CXX object CMakeFiles/hrim_actuator_gripper_srvs__rosidl_typesupport_fastrtps_c.dir/rosidl_typesupport_fastrtps_c/hrim_actuator_gripper_srvs/srv/detail/specs_finger_gripper__type_support_c.cpp.o[0m
[ 77%] [32mBuilding CXX object CMakeFiles/hrim_actuator_gripper_srvs__rosidl_typesupport_fastrtps_c.dir/rosidl_typesupport_fastrtps_c/hrim_actuator_gripper_srvs/srv/detail/goal_gripper__type_support_c.cpp.o[0m
[ 78%] [32mBuilding CXX object CMakeFiles/hrim_actuator_gripper_srvs__rosidl_typesupport_fastrtps_c.dir/rosidl_typesupport_fastrtps_c/hrim_actuator_gripper_srvs/srv/detail/control_vacuum__type_support_c.cpp.o[0m
[ 80%] [32m[1mLinking CXX shared library libhrim_actuator_gripper_srvs__rosidl_typesupport_fastrtps_c.so[0m
[ 80%] Built target hrim_actuator_gripper_srvs__rosidl_typesupport_fastrtps_c
[ 80%] Built target hrim_actuator_gripper_srvs
[ 81%] Built target hrim_actuator_gripper_srvs__py
[35m[1mScanning dependencies of target hrim_actuator_gripper_srvs__python[0m
[ 83%] [32mBuilding C object CMakeFiles/hrim_actuator_gripper_srvs__python.dir/rosidl_generator_py/hrim_actuator_gripper_srvs/srv/_control_finger_s.c.o[0m
[ 84%] [32mBuilding C object CMakeFiles/hrim_actuator_gripper_srvs__python.dir/rosidl_generator_py/hrim_actuator_gripper_srvs/srv/_specs_vacuum_gripper_s.c.o[0m
[ 85%] [32mBuilding C object CMakeFiles/hrim_actuator_gripper_srvs__python.dir/rosidl_generator_py/hrim_actuator_gripper_srvs/srv/_specs_magnetic_gripper_s.c.o[0m
[ 87%] [32mBuilding C object CMakeFiles/hrim_actuator_gripper_srvs__python.dir/rosidl_generator_py/hrim_actuator_gripper_srvs/srv/_specs_finger_gripper_s.c.o[0m
[ 88%] [32mBuilding C object CMakeFiles/hrim_actuator_gripper_srvs__python.dir/rosidl_generator_py/hrim_actuator_gripper_srvs/srv/_goal_gripper_s.c.o[0m
[ 90%] [32mBuilding C object CMakeFiles/hrim_actuator_gripper_srvs__python.dir/rosidl_generator_py/hrim_actuator_gripper_srvs/srv/_control_vacuum_s.c.o[0m
[ 91%] [32m[1mLinking C shared library rosidl_generator_py/hrim_actuator_gripper_srvs/libhrim_actuator_gripper_srvs__python.so[0m
[ 91%] Built target hrim_actuator_gripper_srvs__python
[35m[1mScanning dependencies of target hrim_actuator_gripper_srvs__rosidl_typesupport_c__pyext[0m
[ 92%] [32mBuilding C object CMakeFiles/hrim_actuator_gripper_srvs__rosidl_typesupport_c__pyext.dir/rosidl_generator_py/hrim_actuator_gripper_srvs/_hrim_actuator_gripper_srvs_s.ep.rosidl_typesupport_c.c.o[0m
[ 94%] [32m[1mLinking C shared library rosidl_generator_py/hrim_actuator_gripper_srvs/hrim_actuator_gripper_srvs_s__rosidl_typesupport_c.cpython-38-x86_64-linux-gnu.so[0m
[ 94%] Built target hrim_actuator_gripper_srvs__rosidl_typesupport_c__pyext
[35m[1mScanning dependencies of target hrim_actuator_gripper_srvs__rosidl_typesupport_fastrtps_c__pyext[0m
[ 95%] [32mBuilding C object CMakeFiles/hrim_actuator_gripper_srvs__rosidl_typesupport_fastrtps_c__pyext.dir/rosidl_generator_py/hrim_actuator_gripper_srvs/_hrim_actuator_gripper_srvs_s.ep.rosidl_typesupport_fastrtps_c.c.o[0m
[ 97%] [32m[1mLinking CXX shared library rosidl_generator_py/hrim_actuator_gripper_srvs/hrim_actuator_gripper_srvs_s__rosidl_typesupport_fastrtps_c.cpython-38-x86_64-linux-gnu.so[0m
[ 97%] Built target hrim_actuator_gripper_srvs__rosidl_typesupport_fastrtps_c__pyext
[35m[1mScanning dependencies of target hrim_actuator_gripper_srvs__rosidl_typesupport_introspection_c__pyext[0m
[ 98%] [32mBuilding C object CMakeFiles/hrim_actuator_gripper_srvs__rosidl_typesupport_introspection_c__pyext.dir/rosidl_generator_py/hrim_actuator_gripper_srvs/_hrim_actuator_gripper_srvs_s.ep.rosidl_typesupport_introspection_c.c.o[0m
[100%] [32m[1mLinking C shared library rosidl_generator_py/hrim_actuator_gripper_srvs/hrim_actuator_gripper_srvs_s__rosidl_typesupport_introspection_c.cpython-38-x86_64-linux-gnu.so[0m
[100%] Built target hrim_actuator_gripper_srvs__rosidl_typesupport_introspection_c__pyext
-- Install configuration: ""
-- Up-to-date: /home/user/ros2_ws/install/hrim_actuator_gripper_srvs/share/ament_index/resource_index/rosidl_interfaces/hrim_actuator_gripper_srvs
-- Up-to-date: /home/user/ros2_ws/install/hrim_actuator_gripper_srvs/include/hrim_actuator_gripper_srvs
-- Up-to-date: /home/user/ros2_ws/install/hrim_actuator_gripper_srvs/include/hrim_actuator_gripper_srvs/srv
-- Up-to-date: /home/user/ros2_ws/install/hrim_actuator_gripper_srvs/include/hrim_actuator_gripper_srvs/srv/detail
-- Up-to-date: /home/user/ros2_ws/install/hrim_actuator_gripper_srvs/include/hrim_actuator_gripper_srvs/srv/detail/specs_finger_gripper__functions.h
-- Up-to-date: /home/user/ros2_ws/install/hrim_actuator_gripper_srvs/include/hrim_actuator_gripper_srvs/srv/detail/control_finger__functions.h
-- Up-to-date: /home/user/ros2_ws/install/hrim_actuator_gripper_srvs/include/hrim_actuator_gripper_srvs/srv/detail/control_finger__struct.h
-- Up-to-date: /home/user/ros2_ws/install/hrim_actuator_gripper_srvs/include/hrim_actuator_gripper_srvs/srv/detail/control_vacuum__functions.c
-- Up-to-date: /home/user/ros2_ws/install/hrim_actuator_gripper_srvs/include/hrim_actuator_gripper_srvs/srv/detail/control_vacuum__type_support.h
-- Up-to-date: /home/user/ros2_ws/install/hrim_actuator_gripper_srvs/include/hrim_actuator_gripper_srvs/srv/detail/specs_vacuum_gripper__type_support.h
-- Up-to-date: /home/user/ros2_ws/install/hrim_actuator_gripper_srvs/include/hrim_actuator_gripper_srvs/srv/detail/control_finger__functions.c
-- Up-to-date: /home/user/ros2_ws/install/hrim_actuator_gripper_srvs/include/hrim_actuator_gripper_srvs/srv/detail/goal_gripper__type_support.h
-- Up-to-date: /home/user/ros2_ws/install/hrim_actuator_gripper_srvs/include/hrim_actuator_gripper_srvs/srv/detail/specs_magnetic_gripper__functions.h
-- Up-to-date: /home/user/ros2_ws/install/hrim_actuator_gripper_srvs/include/hrim_actuator_gripper_srvs/srv/detail/specs_vacuum_gripper__struct.h
-- Up-to-date: /home/user/ros2_ws/install/hrim_actuator_gripper_srvs/include/hrim_actuator_gripper_srvs/srv/detail/control_finger__type_support.h
-- Up-to-date: /home/user/ros2_ws/install/hrim_actuator_gripper_srvs/include/hrim_actuator_gripper_srvs/srv/detail/specs_vacuum_gripper__functions.c
-- Up-to-date: /home/user/ros2_ws/install/hrim_actuator_gripper_srvs/include/hrim_actuator_gripper_srvs/srv/detail/control_vacuum__functions.h
-- Up-to-date: /home/user/ros2_ws/install/hrim_actuator_gripper_srvs/include/hrim_actuator_gripper_srvs/srv/detail/specs_finger_gripper__type_support.h
-- Up-to-date: /home/user/ros2_ws/install/hrim_actuator_gripper_srvs/include/hrim_actuator_gripper_srvs/srv/detail/control_vacuum__struct.h
-- Up-to-date: /home/user/ros2_ws/install/hrim_actuator_gripper_srvs/include/hrim_actuator_gripper_srvs/srv/detail/specs_vacuum_gripper__functions.h
-- Up-to-date: /home/user/ros2_ws/install/hrim_actuator_gripper_srvs/include/hrim_actuator_gripper_srvs/srv/detail/specs_magnetic_gripper__type_support.h
-- Up-to-date: /home/user/ros2_ws/install/hrim_actuator_gripper_srvs/include/hrim_actuator_gripper_srvs/srv/detail/specs_finger_gripper__functions.c
-- Up-to-date: /home/user/ros2_ws/install/hrim_actuator_gripper_srvs/include/hrim_actuator_gripper_srvs/srv/detail/specs_finger_gripper__struct.h
-- Up-to-date: /home/user/ros2_ws/install/hrim_actuator_gripper_srvs/include/hrim_actuator_gripper_srvs/srv/detail/goal_gripper__struct.h
-- Up-to-date: /home/user/ros2_ws/install/hrim_actuator_gripper_srvs/include/hrim_actuator_gripper_srvs/srv/detail/goal_gripper__functions.h
-- Up-to-date: /home/user/ros2_ws/install/hrim_actuator_gripper_srvs/include/hrim_actuator_gripper_srvs/srv/detail/goal_gripper__functions.c
-- Up-to-date: /home/user/ros2_ws/install/hrim_actuator_gripper_srvs/include/hrim_actuator_gripper_srvs/srv/detail/specs_magnetic_gripper__functions.c
-- Up-to-date: /home/user/ros2_ws/install/hrim_actuator_gripper_srvs/include/hrim_actuator_gripper_srvs/srv/detail/specs_magnetic_gripper__struct.h
-- Up-to-date: /home/user/ros2_ws/install/hrim_actuator_gripper_srvs/include/hrim_actuator_gripper_srvs/srv/specs_finger_gripper.h
-- Up-to-date: /home/user/ros2_ws/install/hrim_actuator_gripper_srvs/include/hrim_actuator_gripper_srvs/srv/goal_gripper.h
-- Up-to-date: /home/user/ros2_ws/install/hrim_actuator_gripper_srvs/include/hrim_actuator_gripper_srvs/srv/control_finger.h
-- Up-to-date: /home/user/ros2_ws/install/hrim_actuator_gripper_srvs/include/hrim_actuator_gripper_srvs/srv/specs_magnetic_gripper.h
-- Up-to-date: /home/user/ros2_ws/install/hrim_actuator_gripper_srvs/include/hrim_actuator_gripper_srvs/srv/specs_vacuum_gripper.h
-- Up-to-date: /home/user/ros2_ws/install/hrim_actuator_gripper_srvs/include/hrim_actuator_gripper_srvs/srv/control_vacuum.h
-- Up-to-date: /home/user/ros2_ws/install/hrim_actuator_gripper_srvs/include/hrim_actuator_gripper_srvs/msg
-- Up-to-date: /home/user/ros2_ws/install/hrim_actuator_gripper_srvs/include/hrim_actuator_gripper_srvs/msg/rosidl_generator_c__visibility_control.h
-- Installing: /home/user/ros2_ws/install/hrim_actuator_gripper_srvs/share/hrim_actuator_gripper_srvs/environment/library_path.sh
-- Installing: /home/user/ros2_ws/install/hrim_actuator_gripper_srvs/share/hrim_actuator_gripper_srvs/environment/library_path.dsv
-- Installing: /home/user/ros2_ws/install/hrim_actuator_gripper_srvs/lib/libhrim_actuator_gripper_srvs__rosidl_generator_c.so
-- Set runtime path of "/home/user/ros2_ws/install/hrim_actuator_gripper_srvs/lib/libhrim_actuator_gripper_srvs__rosidl_generator_c.so" to ""
-- Up-to-date: /home/user/ros2_ws/install/hrim_actuator_gripper_srvs/include/hrim_actuator_gripper_srvs
-- Up-to-date: /home/user/ros2_ws/install/hrim_actuator_gripper_srvs/include/hrim_actuator_gripper_srvs/srv
-- Up-to-date: /home/user/ros2_ws/install/hrim_actuator_gripper_srvs/include/hrim_actuator_gripper_srvs/srv/detail
-- Installing: /home/user/ros2_ws/install/hrim_actuator_gripper_srvs/include/hrim_actuator_gripper_srvs/srv/detail/control_finger__rosidl_typesupport_fastrtps_c.h
-- Installing: /home/user/ros2_ws/install/hrim_actuator_gripper_srvs/include/hrim_actuator_gripper_srvs/srv/detail/goal_gripper__rosidl_typesupport_fastrtps_c.h
-- Installing: /home/user/ros2_ws/install/hrim_actuator_gripper_srvs/include/hrim_actuator_gripper_srvs/srv/detail/specs_finger_gripper__rosidl_typesupport_fastrtps_c.h
-- Installing: /home/user/ros2_ws/install/hrim_actuator_gripper_srvs/include/hrim_actuator_gripper_srvs/srv/detail/specs_magnetic_gripper__rosidl_typesupport_fastrtps_c.h
-- Installing: /home/user/ros2_ws/install/hrim_actuator_gripper_srvs/include/hrim_actuator_gripper_srvs/srv/detail/control_vacuum__rosidl_typesupport_fastrtps_c.h
-- Installing: /home/user/ros2_ws/install/hrim_actuator_gripper_srvs/include/hrim_actuator_gripper_srvs/srv/detail/specs_vacuum_gripper__rosidl_typesupport_fastrtps_c.h
-- Up-to-date: /home/user/ros2_ws/install/hrim_actuator_gripper_srvs/include/hrim_actuator_gripper_srvs/msg
-- Up-to-date: /home/user/ros2_ws/install/hrim_actuator_gripper_srvs/include/hrim_actuator_gripper_srvs/msg/rosidl_typesupport_fastrtps_c__visibility_control.h
-- Installing: /home/user/ros2_ws/install/hrim_actuator_gripper_srvs/lib/libhrim_actuator_gripper_srvs__rosidl_typesupport_fastrtps_c.so
-- Set runtime path of "/home/user/ros2_ws/install/hrim_actuator_gripper_srvs/lib/libhrim_actuator_gripper_srvs__rosidl_typesupport_fastrtps_c.so" to ""
-- Up-to-date: /home/user/ros2_ws/install/hrim_actuator_gripper_srvs/include/hrim_actuator_gripper_srvs
-- Up-to-date: /home/user/ros2_ws/install/hrim_actuator_gripper_srvs/include/hrim_actuator_gripper_srvs/srv
-- Up-to-date: /home/user/ros2_ws/install/hrim_actuator_gripper_srvs/include/hrim_actuator_gripper_srvs/srv/detail
-- Installing: /home/user/ros2_ws/install/hrim_actuator_gripper_srvs/include/hrim_actuator_gripper_srvs/srv/detail/control_finger__rosidl_typesupport_fastrtps_cpp.hpp
-- Installing: /home/user/ros2_ws/install/hrim_actuator_gripper_srvs/include/hrim_actuator_gripper_srvs/srv/detail/control_vacuum__rosidl_typesupport_fastrtps_cpp.hpp
-- Installing: /home/user/ros2_ws/install/hrim_actuator_gripper_srvs/include/hrim_actuator_gripper_srvs/srv/detail/specs_finger_gripper__rosidl_typesupport_fastrtps_cpp.hpp
-- Installing: /home/user/ros2_ws/install/hrim_actuator_gripper_srvs/include/hrim_actuator_gripper_srvs/srv/detail/goal_gripper__rosidl_typesupport_fastrtps_cpp.hpp
-- Up-to-date: /home/user/ros2_ws/install/hrim_actuator_gripper_srvs/include/hrim_actuator_gripper_srvs/srv/detail/dds_fastrtps
-- Installing: /home/user/ros2_ws/install/hrim_actuator_gripper_srvs/include/hrim_actuator_gripper_srvs/srv/detail/specs_vacuum_gripper__rosidl_typesupport_fastrtps_cpp.hpp
-- Installing: /home/user/ros2_ws/install/hrim_actuator_gripper_srvs/include/hrim_actuator_gripper_srvs/srv/detail/specs_magnetic_gripper__rosidl_typesupport_fastrtps_cpp.hpp
-- Up-to-date: /home/user/ros2_ws/install/hrim_actuator_gripper_srvs/include/hrim_actuator_gripper_srvs/msg
-- Up-to-date: /home/user/ros2_ws/install/hrim_actuator_gripper_srvs/include/hrim_actuator_gripper_srvs/msg/rosidl_typesupport_fastrtps_cpp__visibility_control.h
-- Installing: /home/user/ros2_ws/install/hrim_actuator_gripper_srvs/lib/libhrim_actuator_gripper_srvs__rosidl_typesupport_fastrtps_cpp.so
-- Set runtime path of "/home/user/ros2_ws/install/hrim_actuator_gripper_srvs/lib/libhrim_actuator_gripper_srvs__rosidl_typesupport_fastrtps_cpp.so" to ""
-- Up-to-date: /home/user/ros2_ws/install/hrim_actuator_gripper_srvs/include/hrim_actuator_gripper_srvs
-- Up-to-date: /home/user/ros2_ws/install/hrim_actuator_gripper_srvs/include/hrim_actuator_gripper_srvs/srv
-- Up-to-date: /home/user/ros2_ws/install/hrim_actuator_gripper_srvs/include/hrim_actuator_gripper_srvs/srv/detail
-- Up-to-date: /home/user/ros2_ws/install/hrim_actuator_gripper_srvs/include/hrim_actuator_gripper_srvs/srv/detail/specs_finger_gripper__type_support.c
-- Up-to-date: /home/user/ros2_ws/install/hrim_actuator_gripper_srvs/include/hrim_actuator_gripper_srvs/srv/detail/control_vacuum__type_support.c
-- Up-to-date: /home/user/ros2_ws/install/hrim_actuator_gripper_srvs/include/hrim_actuator_gripper_srvs/srv/detail/control_vacuum__rosidl_typesupport_introspection_c.h
-- Up-to-date: /home/user/ros2_ws/install/hrim_actuator_gripper_srvs/include/hrim_actuator_gripper_srvs/srv/detail/control_finger__rosidl_typesupport_introspection_c.h
-- Up-to-date: /home/user/ros2_ws/install/hrim_actuator_gripper_srvs/include/hrim_actuator_gripper_srvs/srv/detail/goal_gripper__type_support.c
-- Up-to-date: /home/user/ros2_ws/install/hrim_actuator_gripper_srvs/include/hrim_actuator_gripper_srvs/srv/detail/specs_vacuum_gripper__rosidl_typesupport_introspection_c.h
-- Up-to-date: /home/user/ros2_ws/install/hrim_actuator_gripper_srvs/include/hrim_actuator_gripper_srvs/srv/detail/goal_gripper__rosidl_typesupport_introspection_c.h
-- Up-to-date: /home/user/ros2_ws/install/hrim_actuator_gripper_srvs/include/hrim_actuator_gripper_srvs/srv/detail/specs_vacuum_gripper__type_support.c
-- Up-to-date: /home/user/ros2_ws/install/hrim_actuator_gripper_srvs/include/hrim_actuator_gripper_srvs/srv/detail/specs_magnetic_gripper__rosidl_typesupport_introspection_c.h
-- Up-to-date: /home/user/ros2_ws/install/hrim_actuator_gripper_srvs/include/hrim_actuator_gripper_srvs/srv/detail/specs_finger_gripper__rosidl_typesupport_introspection_c.h
-- Up-to-date: /home/user/ros2_ws/install/hrim_actuator_gripper_srvs/include/hrim_actuator_gripper_srvs/srv/detail/control_finger__type_support.c
-- Up-to-date: /home/user/ros2_ws/install/hrim_actuator_gripper_srvs/include/hrim_actuator_gripper_srvs/srv/detail/specs_magnetic_gripper__type_support.c
-- Up-to-date: /home/user/ros2_ws/install/hrim_actuator_gripper_srvs/include/hrim_actuator_gripper_srvs/msg
-- Up-to-date: /home/user/ros2_ws/install/hrim_actuator_gripper_srvs/include/hrim_actuator_gripper_srvs/msg/rosidl_typesupport_introspection_c__visibility_control.h
-- Installing: /home/user/ros2_ws/install/hrim_actuator_gripper_srvs/lib/libhrim_actuator_gripper_srvs__rosidl_typesupport_introspection_c.so
-- Set runtime path of "/home/user/ros2_ws/install/hrim_actuator_gripper_srvs/lib/libhrim_actuator_gripper_srvs__rosidl_typesupport_introspection_c.so" to ""
-- Installing: /home/user/ros2_ws/install/hrim_actuator_gripper_srvs/lib/libhrim_actuator_gripper_srvs__rosidl_typesupport_c.so
-- Set runtime path of "/home/user/ros2_ws/install/hrim_actuator_gripper_srvs/lib/libhrim_actuator_gripper_srvs__rosidl_typesupport_c.so" to ""
-- Up-to-date: /home/user/ros2_ws/install/hrim_actuator_gripper_srvs/include/hrim_actuator_gripper_srvs
-- Up-to-date: /home/user/ros2_ws/install/hrim_actuator_gripper_srvs/include/hrim_actuator_gripper_srvs/srv
-- Up-to-date: /home/user/ros2_ws/install/hrim_actuator_gripper_srvs/include/hrim_actuator_gripper_srvs/srv/detail
-- Up-to-date: /home/user/ros2_ws/install/hrim_actuator_gripper_srvs/include/hrim_actuator_gripper_srvs/srv/detail/control_finger__struct.hpp
-- Up-to-date: /home/user/ros2_ws/install/hrim_actuator_gripper_srvs/include/hrim_actuator_gripper_srvs/srv/detail/specs_finger_gripper__traits.hpp
-- Up-to-date: /home/user/ros2_ws/install/hrim_actuator_gripper_srvs/include/hrim_actuator_gripper_srvs/srv/detail/goal_gripper__traits.hpp
-- Up-to-date: /home/user/ros2_ws/install/hrim_actuator_gripper_srvs/include/hrim_actuator_gripper_srvs/srv/detail/control_finger__traits.hpp
-- Up-to-date: /home/user/ros2_ws/install/hrim_actuator_gripper_srvs/include/hrim_actuator_gripper_srvs/srv/detail/control_finger__builder.hpp
-- Up-to-date: /home/user/ros2_ws/install/hrim_actuator_gripper_srvs/include/hrim_actuator_gripper_srvs/srv/detail/specs_vacuum_gripper__struct.hpp
-- Up-to-date: /home/user/ros2_ws/install/hrim_actuator_gripper_srvs/include/hrim_actuator_gripper_srvs/srv/detail/specs_magnetic_gripper__struct.hpp
-- Up-to-date: /home/user/ros2_ws/install/hrim_actuator_gripper_srvs/include/hrim_actuator_gripper_srvs/srv/detail/goal_gripper__struct.hpp
-- Up-to-date: /home/user/ros2_ws/install/hrim_actuator_gripper_srvs/include/hrim_actuator_gripper_srvs/srv/detail/control_vacuum__builder.hpp
-- Up-to-date: /home/user/ros2_ws/install/hrim_actuator_gripper_srvs/include/hrim_actuator_gripper_srvs/srv/detail/specs_finger_gripper__struct.hpp
-- Up-to-date: /home/user/ros2_ws/install/hrim_actuator_gripper_srvs/include/hrim_actuator_gripper_srvs/srv/detail/control_vacuum__struct.hpp
-- Up-to-date: /home/user/ros2_ws/install/hrim_actuator_gripper_srvs/include/hrim_actuator_gripper_srvs/srv/detail/specs_finger_gripper__builder.hpp
-- Up-to-date: /home/user/ros2_ws/install/hrim_actuator_gripper_srvs/include/hrim_actuator_gripper_srvs/srv/detail/specs_vacuum_gripper__builder.hpp
-- Up-to-date: /home/user/ros2_ws/install/hrim_actuator_gripper_srvs/include/hrim_actuator_gripper_srvs/srv/detail/goal_gripper__builder.hpp
-- Up-to-date: /home/user/ros2_ws/install/hrim_actuator_gripper_srvs/include/hrim_actuator_gripper_srvs/srv/detail/control_vacuum__traits.hpp
-- Up-to-date: /home/user/ros2_ws/install/hrim_actuator_gripper_srvs/include/hrim_actuator_gripper_srvs/srv/detail/specs_magnetic_gripper__traits.hpp
-- Up-to-date: /home/user/ros2_ws/install/hrim_actuator_gripper_srvs/include/hrim_actuator_gripper_srvs/srv/detail/specs_magnetic_gripper__builder.hpp
-- Up-to-date: /home/user/ros2_ws/install/hrim_actuator_gripper_srvs/include/hrim_actuator_gripper_srvs/srv/detail/specs_vacuum_gripper__traits.hpp
-- Up-to-date: /home/user/ros2_ws/install/hrim_actuator_gripper_srvs/include/hrim_actuator_gripper_srvs/srv/goal_gripper.hpp
-- Up-to-date: /home/user/ros2_ws/install/hrim_actuator_gripper_srvs/include/hrim_actuator_gripper_srvs/srv/control_finger.hpp
-- Up-to-date: /home/user/ros2_ws/install/hrim_actuator_gripper_srvs/include/hrim_actuator_gripper_srvs/srv/specs_magnetic_gripper.hpp
-- Up-to-date: /home/user/ros2_ws/install/hrim_actuator_gripper_srvs/include/hrim_actuator_gripper_srvs/srv/specs_finger_gripper.hpp
-- Up-to-date: /home/user/ros2_ws/install/hrim_actuator_gripper_srvs/include/hrim_actuator_gripper_srvs/srv/control_vacuum.hpp
-- Up-to-date: /home/user/ros2_ws/install/hrim_actuator_gripper_srvs/include/hrim_actuator_gripper_srvs/srv/specs_vacuum_gripper.hpp
-- Up-to-date: /home/user/ros2_ws/install/hrim_actuator_gripper_srvs/include/hrim_actuator_gripper_srvs
-- Up-to-date: /home/user/ros2_ws/install/hrim_actuator_gripper_srvs/include/hrim_actuator_gripper_srvs/srv
-- Up-to-date: /home/user/ros2_ws/install/hrim_actuator_gripper_srvs/include/hrim_actuator_gripper_srvs/srv/detail
-- Up-to-date: /home/user/ros2_ws/install/hrim_actuator_gripper_srvs/include/hrim_actuator_gripper_srvs/srv/detail/specs_magnetic_gripper__rosidl_typesupport_introspection_cpp.hpp
-- Up-to-date: /home/user/ros2_ws/install/hrim_actuator_gripper_srvs/include/hrim_actuator_gripper_srvs/srv/detail/goal_gripper__rosidl_typesupport_introspection_cpp.hpp
-- Up-to-date: /home/user/ros2_ws/install/hrim_actuator_gripper_srvs/include/hrim_actuator_gripper_srvs/srv/detail/control_finger__type_support.cpp
-- Up-to-date: /home/user/ros2_ws/install/hrim_actuator_gripper_srvs/include/hrim_actuator_gripper_srvs/srv/detail/control_vacuum__type_support.cpp
-- Up-to-date: /home/user/ros2_ws/install/hrim_actuator_gripper_srvs/include/hrim_actuator_gripper_srvs/srv/detail/specs_vacuum_gripper__rosidl_typesupport_introspection_cpp.hpp
-- Up-to-date: /home/user/ros2_ws/install/hrim_actuator_gripper_srvs/include/hrim_actuator_gripper_srvs/srv/detail/specs_finger_gripper__rosidl_typesupport_introspection_cpp.hpp
-- Up-to-date: /home/user/ros2_ws/install/hrim_actuator_gripper_srvs/include/hrim_actuator_gripper_srvs/srv/detail/control_finger__rosidl_typesupport_introspection_cpp.hpp
-- Up-to-date: /home/user/ros2_ws/install/hrim_actuator_gripper_srvs/include/hrim_actuator_gripper_srvs/srv/detail/control_vacuum__rosidl_typesupport_introspection_cpp.hpp
-- Up-to-date: /home/user/ros2_ws/install/hrim_actuator_gripper_srvs/include/hrim_actuator_gripper_srvs/srv/detail/specs_finger_gripper__type_support.cpp
-- Up-to-date: /home/user/ros2_ws/install/hrim_actuator_gripper_srvs/include/hrim_actuator_gripper_srvs/srv/detail/goal_gripper__type_support.cpp
-- Up-to-date: /home/user/ros2_ws/install/hrim_actuator_gripper_srvs/include/hrim_actuator_gripper_srvs/srv/detail/specs_magnetic_gripper__type_support.cpp
-- Up-to-date: /home/user/ros2_ws/install/hrim_actuator_gripper_srvs/include/hrim_actuator_gripper_srvs/srv/detail/specs_vacuum_gripper__type_support.cpp
-- Installing: /home/user/ros2_ws/install/hrim_actuator_gripper_srvs/lib/libhrim_actuator_gripper_srvs__rosidl_typesupport_introspection_cpp.so
-- Set runtime path of "/home/user/ros2_ws/install/hrim_actuator_gripper_srvs/lib/libhrim_actuator_gripper_srvs__rosidl_typesupport_introspection_cpp.so" to ""
-- Installing: /home/user/ros2_ws/install/hrim_actuator_gripper_srvs/lib/libhrim_actuator_gripper_srvs__rosidl_typesupport_cpp.so
-- Set runtime path of "/home/user/ros2_ws/install/hrim_actuator_gripper_srvs/lib/libhrim_actuator_gripper_srvs__rosidl_typesupport_cpp.so" to ""
-- Up-to-date: /home/user/ros2_ws/install/hrim_actuator_gripper_srvs/share/hrim_actuator_gripper_srvs/environment/pythonpath.sh
-- Installing: /home/user/ros2_ws/install/hrim_actuator_gripper_srvs/share/hrim_actuator_gripper_srvs/environment/pythonpath.dsv
-- Installing: /home/user/ros2_ws/install/hrim_actuator_gripper_srvs/lib/python3.8/site-packages/hrim_actuator_gripper_srvs/__init__.py
Compiling '/home/user/ros2_ws/install/hrim_actuator_gripper_srvs/lib/python3.8/site-packages/hrim_actuator_gripper_srvs/__init__.py'...
-- Up-to-date: /home/user/ros2_ws/install/hrim_actuator_gripper_srvs/lib/python3.8/site-packages/hrim_actuator_gripper_srvs/srv
-- Up-to-date: /home/user/ros2_ws/install/hrim_actuator_gripper_srvs/lib/python3.8/site-packages/hrim_actuator_gripper_srvs/srv/_control_vacuum_s.c
-- Up-to-date: /home/user/ros2_ws/install/hrim_actuator_gripper_srvs/lib/python3.8/site-packages/hrim_actuator_gripper_srvs/srv/_specs_vacuum_gripper_s.c
-- Up-to-date: /home/user/ros2_ws/install/hrim_actuator_gripper_srvs/lib/python3.8/site-packages/hrim_actuator_gripper_srvs/srv/_goal_gripper.py
-- Up-to-date: /home/user/ros2_ws/install/hrim_actuator_gripper_srvs/lib/python3.8/site-packages/hrim_actuator_gripper_srvs/srv/_goal_gripper_s.c
-- Up-to-date: /home/user/ros2_ws/install/hrim_actuator_gripper_srvs/lib/python3.8/site-packages/hrim_actuator_gripper_srvs/srv/_specs_magnetic_gripper_s.c
-- Up-to-date: /home/user/ros2_ws/install/hrim_actuator_gripper_srvs/lib/python3.8/site-packages/hrim_actuator_gripper_srvs/srv/__init__.py
-- Up-to-date: /home/user/ros2_ws/install/hrim_actuator_gripper_srvs/lib/python3.8/site-packages/hrim_actuator_gripper_srvs/srv/_specs_finger_gripper.py
-- Up-to-date: /home/user/ros2_ws/install/hrim_actuator_gripper_srvs/lib/python3.8/site-packages/hrim_actuator_gripper_srvs/srv/_specs_vacuum_gripper.py
-- Up-to-date: /home/user/ros2_ws/install/hrim_actuator_gripper_srvs/lib/python3.8/site-packages/hrim_actuator_gripper_srvs/srv/_control_finger_s.c
-- Up-to-date: /home/user/ros2_ws/install/hrim_actuator_gripper_srvs/lib/python3.8/site-packages/hrim_actuator_gripper_srvs/srv/_control_vacuum.py
-- Up-to-date: /home/user/ros2_ws/install/hrim_actuator_gripper_srvs/lib/python3.8/site-packages/hrim_actuator_gripper_srvs/srv/_specs_finger_gripper_s.c
-- Up-to-date: /home/user/ros2_ws/install/hrim_actuator_gripper_srvs/lib/python3.8/site-packages/hrim_actuator_gripper_srvs/srv/_specs_magnetic_gripper.py
-- Up-to-date: /home/user/ros2_ws/install/hrim_actuator_gripper_srvs/lib/python3.8/site-packages/hrim_actuator_gripper_srvs/srv/_control_finger.py
-- Installing: /home/user/ros2_ws/install/hrim_actuator_gripper_srvs/lib/python3.8/site-packages/hrim_actuator_gripper_srvs/hrim_actuator_gripper_srvs_s__rosidl_typesupport_fastrtps_c.cpython-38-x86_64-linux-gnu.so
-- Set runtime path of "/home/user/ros2_ws/install/hrim_actuator_gripper_srvs/lib/python3.8/site-packages/hrim_actuator_gripper_srvs/hrim_actuator_gripper_srvs_s__rosidl_typesupport_fastrtps_c.cpython-38-x86_64-linux-gnu.so" to ""
-- Installing: /home/user/ros2_ws/install/hrim_actuator_gripper_srvs/lib/python3.8/site-packages/hrim_actuator_gripper_srvs/hrim_actuator_gripper_srvs_s__rosidl_typesupport_introspection_c.cpython-38-x86_64-linux-gnu.so
-- Set runtime path of "/home/user/ros2_ws/install/hrim_actuator_gripper_srvs/lib/python3.8/site-packages/hrim_actuator_gripper_srvs/hrim_actuator_gripper_srvs_s__rosidl_typesupport_introspection_c.cpython-38-x86_64-linux-gnu.so" to ""
-- Installing: /home/user/ros2_ws/install/hrim_actuator_gripper_srvs/lib/python3.8/site-packages/hrim_actuator_gripper_srvs/hrim_actuator_gripper_srvs_s__rosidl_typesupport_c.cpython-38-x86_64-linux-gnu.so
-- Set runtime path of "/home/user/ros2_ws/install/hrim_actuator_gripper_srvs/lib/python3.8/site-packages/hrim_actuator_gripper_srvs/hrim_actuator_gripper_srvs_s__rosidl_typesupport_c.cpython-38-x86_64-linux-gnu.so" to ""
-- Installing: /home/user/ros2_ws/install/hrim_actuator_gripper_srvs/lib/libhrim_actuator_gripper_srvs__python.so
-- Set runtime path of "/home/user/ros2_ws/install/hrim_actuator_gripper_srvs/lib/libhrim_actuator_gripper_srvs__python.so" to ""
-- Up-to-date: /home/user/ros2_ws/install/hrim_actuator_gripper_srvs/share/hrim_actuator_gripper_srvs/srv/ControlFinger.idl
-- Up-to-date: /home/user/ros2_ws/install/hrim_actuator_gripper_srvs/share/hrim_actuator_gripper_srvs/srv/ControlVacuum.idl
-- Up-to-date: /home/user/ros2_ws/install/hrim_actuator_gripper_srvs/share/hrim_actuator_gripper_srvs/srv/GoalGripper.idl
-- Up-to-date: /home/user/ros2_ws/install/hrim_actuator_gripper_srvs/share/hrim_actuator_gripper_srvs/srv/SpecsFingerGripper.idl
-- Up-to-date: /home/user/ros2_ws/install/hrim_actuator_gripper_srvs/share/hrim_actuator_gripper_srvs/srv/SpecsMagneticGripper.idl
-- Up-to-date: /home/user/ros2_ws/install/hrim_actuator_gripper_srvs/share/hrim_actuator_gripper_srvs/srv/SpecsVacuumGripper.idl
-- Up-to-date: /home/user/ros2_ws/install/hrim_actuator_gripper_srvs/share/hrim_actuator_gripper_srvs/srv/ControlFinger.srv
-- Up-to-date: /home/user/ros2_ws/install/hrim_actuator_gripper_srvs/share/hrim_actuator_gripper_srvs/srv/ControlFinger_Request.msg
-- Up-to-date: /home/user/ros2_ws/install/hrim_actuator_gripper_srvs/share/hrim_actuator_gripper_srvs/srv/ControlFinger_Response.msg
-- Up-to-date: /home/user/ros2_ws/install/hrim_actuator_gripper_srvs/share/hrim_actuator_gripper_srvs/srv/ControlVacuum.srv
-- Up-to-date: /home/user/ros2_ws/install/hrim_actuator_gripper_srvs/share/hrim_actuator_gripper_srvs/srv/ControlVacuum_Request.msg
-- Up-to-date: /home/user/ros2_ws/install/hrim_actuator_gripper_srvs/share/hrim_actuator_gripper_srvs/srv/ControlVacuum_Response.msg
-- Up-to-date: /home/user/ros2_ws/install/hrim_actuator_gripper_srvs/share/hrim_actuator_gripper_srvs/srv/GoalGripper.srv
-- Up-to-date: /home/user/ros2_ws/install/hrim_actuator_gripper_srvs/share/hrim_actuator_gripper_srvs/srv/GoalGripper_Request.msg
-- Up-to-date: /home/user/ros2_ws/install/hrim_actuator_gripper_srvs/share/hrim_actuator_gripper_srvs/srv/GoalGripper_Response.msg
-- Up-to-date: /home/user/ros2_ws/install/hrim_actuator_gripper_srvs/share/hrim_actuator_gripper_srvs/srv/SpecsFingerGripper.srv
-- Up-to-date: /home/user/ros2_ws/install/hrim_actuator_gripper_srvs/share/hrim_actuator_gripper_srvs/srv/SpecsFingerGripper_Request.msg
-- Up-to-date: /home/user/ros2_ws/install/hrim_actuator_gripper_srvs/share/hrim_actuator_gripper_srvs/srv/SpecsFingerGripper_Response.msg
-- Up-to-date: /home/user/ros2_ws/install/hrim_actuator_gripper_srvs/share/hrim_actuator_gripper_srvs/srv/SpecsMagneticGripper.srv
-- Up-to-date: /home/user/ros2_ws/install/hrim_actuator_gripper_srvs/share/hrim_actuator_gripper_srvs/srv/SpecsMagneticGripper_Request.msg
-- Up-to-date: /home/user/ros2_ws/install/hrim_actuator_gripper_srvs/share/hrim_actuator_gripper_srvs/srv/SpecsMagneticGripper_Response.msg
-- Up-to-date: /home/user/ros2_ws/install/hrim_actuator_gripper_srvs/share/hrim_actuator_gripper_srvs/srv/SpecsVacuumGripper.srv
-- Up-to-date: /home/user/ros2_ws/install/hrim_actuator_gripper_srvs/share/hrim_actuator_gripper_srvs/srv/SpecsVacuumGripper_Request.msg
-- Up-to-date: /home/user/ros2_ws/install/hrim_actuator_gripper_srvs/share/hrim_actuator_gripper_srvs/srv/SpecsVacuumGripper_Response.msg
-- Up-to-date: /home/user/ros2_ws/install/hrim_actuator_gripper_srvs/share/ament_index/resource_index/package_run_dependencies/hrim_actuator_gripper_srvs
-- Installing: /home/user/ros2_ws/install/hrim_actuator_gripper_srvs/share/ament_index/resource_index/parent_prefix_path/hrim_actuator_gripper_srvs
-- Installing: /home/user/ros2_ws/install/hrim_actuator_gripper_srvs/share/hrim_actuator_gripper_srvs/environment/ament_prefix_path.sh
-- Installing: /home/user/ros2_ws/install/hrim_actuator_gripper_srvs/share/hrim_actuator_gripper_srvs/environment/ament_prefix_path.dsv
-- Installing: /home/user/ros2_ws/install/hrim_actuator_gripper_srvs/share/hrim_actuator_gripper_srvs/environment/path.sh
-- Installing: /home/user/ros2_ws/install/hrim_actuator_gripper_srvs/share/hrim_actuator_gripper_srvs/environment/path.dsv
-- Installing: /home/user/ros2_ws/install/hrim_actuator_gripper_srvs/share/hrim_actuator_gripper_srvs/local_setup.bash
-- Installing: /home/user/ros2_ws/install/hrim_actuator_gripper_srvs/share/hrim_actuator_gripper_srvs/local_setup.sh
-- Installing: /home/user/ros2_ws/install/hrim_actuator_gripper_srvs/share/hrim_actuator_gripper_srvs/local_setup.zsh
-- Installing: /home/user/ros2_ws/install/hrim_actuator_gripper_srvs/share/hrim_actuator_gripper_srvs/local_setup.dsv
-- Installing: /home/user/ros2_ws/install/hrim_actuator_gripper_srvs/share/hrim_actuator_gripper_srvs/package.dsv
-- Up-to-date: /home/user/ros2_ws/install/hrim_actuator_gripper_srvs/share/ament_index/resource_index/packages/hrim_actuator_gripper_srvs
-- Up-to-date: /home/user/ros2_ws/install/hrim_actuator_gripper_srvs/share/hrim_actuator_gripper_srvs/cmake/hrim_actuator_gripper_srvs__rosidl_generator_cExport.cmake
-- Installing: /home/user/ros2_ws/install/hrim_actuator_gripper_srvs/share/hrim_actuator_gripper_srvs/cmake/hrim_actuator_gripper_srvs__rosidl_generator_cExport-noconfig.cmake
-- Up-to-date: /home/user/ros2_ws/install/hrim_actuator_gripper_srvs/share/hrim_actuator_gripper_srvs/cmake/hrim_actuator_gripper_srvs__rosidl_typesupport_introspection_cExport.cmake
-- Installing: /home/user/ros2_ws/install/hrim_actuator_gripper_srvs/share/hrim_actuator_gripper_srvs/cmake/hrim_actuator_gripper_srvs__rosidl_typesupport_introspection_cExport-noconfig.cmake
-- Up-to-date: /home/user/ros2_ws/install/hrim_actuator_gripper_srvs/share/hrim_actuator_gripper_srvs/cmake/hrim_actuator_gripper_srvs__rosidl_typesupport_cExport.cmake
-- Installing: /home/user/ros2_ws/install/hrim_actuator_gripper_srvs/share/hrim_actuator_gripper_srvs/cmake/hrim_actuator_gripper_srvs__rosidl_typesupport_cExport-noconfig.cmake
-- Up-to-date: /home/user/ros2_ws/install/hrim_actuator_gripper_srvs/share/hrim_actuator_gripper_srvs/cmake/hrim_actuator_gripper_srvs__rosidl_generator_cppExport.cmake
-- Up-to-date: /home/user/ros2_ws/install/hrim_actuator_gripper_srvs/share/hrim_actuator_gripper_srvs/cmake/hrim_actuator_gripper_srvs__rosidl_typesupport_introspection_cppExport.cmake
-- Installing: /home/user/ros2_ws/install/hrim_actuator_gripper_srvs/share/hrim_actuator_gripper_srvs/cmake/hrim_actuator_gripper_srvs__rosidl_typesupport_introspection_cppExport-noconfig.cmake
-- Up-to-date: /home/user/ros2_ws/install/hrim_actuator_gripper_srvs/share/hrim_actuator_gripper_srvs/cmake/hrim_actuator_gripper_srvs__rosidl_typesupport_cppExport.cmake
-- Installing: /home/user/ros2_ws/install/hrim_actuator_gripper_srvs/share/hrim_actuator_gripper_srvs/cmake/hrim_actuator_gripper_srvs__rosidl_typesupport_cppExport-noconfig.cmake
-- Up-to-date: /home/user/ros2_ws/install/hrim_actuator_gripper_srvs/share/hrim_actuator_gripper_srvs/cmake/rosidl_cmake-extras.cmake
-- Installing: /home/user/ros2_ws/install/hrim_actuator_gripper_srvs/share/hrim_actuator_gripper_srvs/cmake/ament_cmake_export_dependencies-extras.cmake
-- Up-to-date: /home/user/ros2_ws/install/hrim_actuator_gripper_srvs/share/hrim_actuator_gripper_srvs/cmake/ament_cmake_export_libraries-extras.cmake
-- Up-to-date: /home/user/ros2_ws/install/hrim_actuator_gripper_srvs/share/hrim_actuator_gripper_srvs/cmake/ament_cmake_export_targets-extras.cmake
-- Up-to-date: /home/user/ros2_ws/install/hrim_actuator_gripper_srvs/share/hrim_actuator_gripper_srvs/cmake/ament_cmake_export_include_directories-extras.cmake
-- Up-to-date: /home/user/ros2_ws/install/hrim_actuator_gripper_srvs/share/hrim_actuator_gripper_srvs/cmake/rosidl_cmake_export_typesupport_libraries-extras.cmake
-- Up-to-date: /home/user/ros2_ws/install/hrim_actuator_gripper_srvs/share/hrim_actuator_gripper_srvs/cmake/rosidl_cmake_export_typesupport_targets-extras.cmake
-- Up-to-date: /home/user/ros2_ws/install/hrim_actuator_gripper_srvs/share/hrim_actuator_gripper_srvs/cmake/hrim_actuator_gripper_srvsConfig.cmake
-- Up-to-date: /home/user/ros2_ws/install/hrim_actuator_gripper_srvs/share/hrim_actuator_gripper_srvs/cmake/hrim_actuator_gripper_srvsConfig-version.cmake
-- Up-to-date: /home/user/ros2_ws/install/hrim_actuator_gripper_srvs/share/hrim_actuator_gripper_srvs/package.xml
