[0.194s] Invoking command in '/home/user/ros2_ws/build/hrim_actuator_gripper_srvs': CMAKE_PREFIX_PATH=${CMAKE_PREFIX_PATH}:/opt/ros/foxy _=/usr/bin/env /usr/bin/cmake --build /home/user/ros2_ws/build/hrim_actuator_gripper_srvs -- -j8 -l8
[0.678s] [ 11%] Built target hrim_actuator_gripper_srvs__rosidl_generator_c
[0.871s] [ 12%] Built target hrim_actuator_gripper_srvs__cpp
[1.129s] [ 23%] Built target hrim_actuator_gripper_srvs__rosidl_typesupport_introspection_c
[1.341s] [ 35%] Built target hrim_actuator_gripper_srvs__rosidl_typesupport_cpp
[1.610s] [ 36%] [32mBuilding CXX object CMakeFiles/hrim_actuator_gripper_srvs__rosidl_typesupport_introspection_cpp.dir/rosidl_typesupport_introspection_cpp/hrim_actuator_gripper_srvs/srv/detail/control_finger__type_support.cpp.o[0m
[6.554s] [ 38%] [32mBuilding CXX object CMakeFiles/hrim_actuator_gripper_srvs__rosidl_typesupport_introspection_cpp.dir/rosidl_typesupport_introspection_cpp/hrim_actuator_gripper_srvs/srv/detail/specs_vacuum_gripper__type_support.cpp.o[0m
[9.228s] [ 39%] [32mBuilding CXX object CMakeFiles/hrim_actuator_gripper_srvs__rosidl_typesupport_introspection_cpp.dir/rosidl_typesupport_introspection_cpp/hrim_actuator_gripper_srvs/srv/detail/specs_magnetic_gripper__type_support.cpp.o[0m
[11.316s] [ 40%] [32mBuilding CXX object CMakeFiles/hrim_actuator_gripper_srvs__rosidl_typesupport_introspection_cpp.dir/rosidl_typesupport_introspection_cpp/hrim_actuator_gripper_srvs/srv/detail/specs_finger_gripper__type_support.cpp.o[0m
[13.661s] [ 42%] [32mBuilding CXX object CMakeFiles/hrim_actuator_gripper_srvs__rosidl_typesupport_introspection_cpp.dir/rosidl_typesupport_introspection_cpp/hrim_actuator_gripper_srvs/srv/detail/goal_gripper__type_support.cpp.o[0m
[16.468s] [ 43%] [32mBuilding CXX object CMakeFiles/hrim_actuator_gripper_srvs__rosidl_typesupport_introspection_cpp.dir/rosidl_typesupport_introspection_cpp/hrim_actuator_gripper_srvs/srv/detail/control_vacuum__type_support.cpp.o[0m
[18.834s] [ 45%] [32m[1mLinking CXX shared library libhrim_actuator_gripper_srvs__rosidl_typesupport_introspection_cpp.so[0m
[19.322s] [ 46%] Built target hrim_actuator_gripper_srvs__rosidl_typesupport_introspection_cpp
[19.502s] [ 47%] [34m[1mGenerating C++ type support for eProsima Fast-RTPS[0m
[28.217s] [35m[1mScanning dependencies of target hrim_actuator_gripper_srvs__rosidl_typesupport_fastrtps_cpp[0m
[28.462s] [ 49%] [32mBuilding CXX object CMakeFiles/hrim_actuator_gripper_srvs__rosidl_typesupport_fastrtps_cpp.dir/rosidl_typesupport_fastrtps_cpp/hrim_actuator_gripper_srvs/srv/detail/dds_fastrtps/control_finger__type_support.cpp.o[0m
[31.625s] [ 50%] [32mBuilding CXX object CMakeFiles/hrim_actuator_gripper_srvs__rosidl_typesupport_fastrtps_cpp.dir/rosidl_typesupport_fastrtps_cpp/hrim_actuator_gripper_srvs/srv/detail/dds_fastrtps/specs_vacuum_gripper__type_support.cpp.o[0m
[35.860s] [ 52%] [32mBuilding CXX object CMakeFiles/hrim_actuator_gripper_srvs__rosidl_typesupport_fastrtps_cpp.dir/rosidl_typesupport_fastrtps_cpp/hrim_actuator_gripper_srvs/srv/detail/dds_fastrtps/specs_magnetic_gripper__type_support.cpp.o[0m
[39.230s] [ 53%] [32mBuilding CXX object CMakeFiles/hrim_actuator_gripper_srvs__rosidl_typesupport_fastrtps_cpp.dir/rosidl_typesupport_fastrtps_cpp/hrim_actuator_gripper_srvs/srv/detail/dds_fastrtps/specs_finger_gripper__type_support.cpp.o[0m
[42.316s] [ 54%] [32mBuilding CXX object CMakeFiles/hrim_actuator_gripper_srvs__rosidl_typesupport_fastrtps_cpp.dir/rosidl_typesupport_fastrtps_cpp/hrim_actuator_gripper_srvs/srv/detail/dds_fastrtps/goal_gripper__type_support.cpp.o[0m
[46.333s] [ 56%] [32mBuilding CXX object CMakeFiles/hrim_actuator_gripper_srvs__rosidl_typesupport_fastrtps_cpp.dir/rosidl_typesupport_fastrtps_cpp/hrim_actuator_gripper_srvs/srv/detail/dds_fastrtps/control_vacuum__type_support.cpp.o[0m
[49.612s] [ 57%] [32m[1mLinking CXX shared library libhrim_actuator_gripper_srvs__rosidl_typesupport_fastrtps_cpp.so[0m
[50.337s] [ 57%] Built target hrim_actuator_gripper_srvs__rosidl_typesupport_fastrtps_cpp
[50.632s] [ 59%] [32m[1mLinking CXX shared library libhrim_actuator_gripper_srvs__rosidl_typesupport_c.so[0m
[51.103s] [ 69%] Built target hrim_actuator_gripper_srvs__rosidl_typesupport_c
[51.239s] [ 70%] [34m[1mGenerating C type support for eProsima Fast-RTPS[0m
[59.343s] [35m[1mScanning dependencies of target hrim_actuator_gripper_srvs__rosidl_typesupport_fastrtps_c[0m
[59.643s] [ 71%] [32mBuilding CXX object CMakeFiles/hrim_actuator_gripper_srvs__rosidl_typesupport_fastrtps_c.dir/rosidl_typesupport_fastrtps_c/hrim_actuator_gripper_srvs/srv/detail/control_finger__type_support_c.cpp.o[0m
[62.855s] [ 73%] [32mBuilding CXX object CMakeFiles/hrim_actuator_gripper_srvs__rosidl_typesupport_fastrtps_c.dir/rosidl_typesupport_fastrtps_c/hrim_actuator_gripper_srvs/srv/detail/specs_vacuum_gripper__type_support_c.cpp.o[0m
[65.222s] [ 74%] [32mBuilding CXX object CMakeFiles/hrim_actuator_gripper_srvs__rosidl_typesupport_fastrtps_c.dir/rosidl_typesupport_fastrtps_c/hrim_actuator_gripper_srvs/srv/detail/specs_magnetic_gripper__type_support_c.cpp.o[0m
[68.006s] [ 76%] [32mBuilding CXX object CMakeFiles/hrim_actuator_gripper_srvs__rosidl_typesupport_fastrtps_c.dir/rosidl_typesupport_fastrtps_c/hrim_actuator_gripper_srvs/srv/detail/specs_finger_gripper__type_support_c.cpp.o[0m
[70.507s] [ 77%] [32mBuilding CXX object CMakeFiles/hrim_actuator_gripper_srvs__rosidl_typesupport_fastrtps_c.dir/rosidl_typesupport_fastrtps_c/hrim_actuator_gripper_srvs/srv/detail/goal_gripper__type_support_c.cpp.o[0m
[73.415s] [ 78%] [32mBuilding CXX object CMakeFiles/hrim_actuator_gripper_srvs__rosidl_typesupport_fastrtps_c.dir/rosidl_typesupport_fastrtps_c/hrim_actuator_gripper_srvs/srv/detail/control_vacuum__type_support_c.cpp.o[0m
[76.211s] [ 80%] [32m[1mLinking CXX shared library libhrim_actuator_gripper_srvs__rosidl_typesupport_fastrtps_c.so[0m
[76.843s] [ 80%] Built target hrim_actuator_gripper_srvs__rosidl_typesupport_fastrtps_c
[77.141s] [ 80%] Built target hrim_actuator_gripper_srvs
[77.507s] [ 81%] Built target hrim_actuator_gripper_srvs__py
[77.638s] [35m[1mScanning dependencies of target hrim_actuator_gripper_srvs__python[0m
[77.926s] [ 83%] [32mBuilding C object CMakeFiles/hrim_actuator_gripper_srvs__python.dir/rosidl_generator_py/hrim_actuator_gripper_srvs/srv/_control_finger_s.c.o[0m
[78.663s] [ 84%] [32mBuilding C object CMakeFiles/hrim_actuator_gripper_srvs__python.dir/rosidl_generator_py/hrim_actuator_gripper_srvs/srv/_specs_vacuum_gripper_s.c.o[0m
[79.331s] [ 85%] [32mBuilding C object CMakeFiles/hrim_actuator_gripper_srvs__python.dir/rosidl_generator_py/hrim_actuator_gripper_srvs/srv/_specs_magnetic_gripper_s.c.o[0m
[80.302s] [ 87%] [32mBuilding C object CMakeFiles/hrim_actuator_gripper_srvs__python.dir/rosidl_generator_py/hrim_actuator_gripper_srvs/srv/_specs_finger_gripper_s.c.o[0m
[81.225s] [ 88%] [32mBuilding C object CMakeFiles/hrim_actuator_gripper_srvs__python.dir/rosidl_generator_py/hrim_actuator_gripper_srvs/srv/_goal_gripper_s.c.o[0m
[81.929s] [ 90%] [32mBuilding C object CMakeFiles/hrim_actuator_gripper_srvs__python.dir/rosidl_generator_py/hrim_actuator_gripper_srvs/srv/_control_vacuum_s.c.o[0m
[83.140s] [ 91%] [32m[1mLinking C shared library rosidl_generator_py/hrim_actuator_gripper_srvs/libhrim_actuator_gripper_srvs__python.so[0m
[83.517s] [ 91%] Built target hrim_actuator_gripper_srvs__python
[83.702s] [35m[1mScanning dependencies of target hrim_actuator_gripper_srvs__rosidl_typesupport_c__pyext[0m
[83.941s] [ 92%] [32mBuilding C object CMakeFiles/hrim_actuator_gripper_srvs__rosidl_typesupport_c__pyext.dir/rosidl_generator_py/hrim_actuator_gripper_srvs/_hrim_actuator_gripper_srvs_s.ep.rosidl_typesupport_c.c.o[0m
[84.835s] [ 94%] [32m[1mLinking C shared library rosidl_generator_py/hrim_actuator_gripper_srvs/hrim_actuator_gripper_srvs_s__rosidl_typesupport_c.cpython-38-x86_64-linux-gnu.so[0m
[85.213s] [ 94%] Built target hrim_actuator_gripper_srvs__rosidl_typesupport_c__pyext
[85.407s] [35m[1mScanning dependencies of target hrim_actuator_gripper_srvs__rosidl_typesupport_fastrtps_c__pyext[0m
[85.644s] [ 95%] [32mBuilding C object CMakeFiles/hrim_actuator_gripper_srvs__rosidl_typesupport_fastrtps_c__pyext.dir/rosidl_generator_py/hrim_actuator_gripper_srvs/_hrim_actuator_gripper_srvs_s.ep.rosidl_typesupport_fastrtps_c.c.o[0m
[86.609s] [ 97%] [32m[1mLinking CXX shared library rosidl_generator_py/hrim_actuator_gripper_srvs/hrim_actuator_gripper_srvs_s__rosidl_typesupport_fastrtps_c.cpython-38-x86_64-linux-gnu.so[0m
[87.015s] [ 97%] Built target hrim_actuator_gripper_srvs__rosidl_typesupport_fastrtps_c__pyext
[87.149s] [35m[1mScanning dependencies of target hrim_actuator_gripper_srvs__rosidl_typesupport_introspection_c__pyext[0m
[87.419s] [ 98%] [32mBuilding C object CMakeFiles/hrim_actuator_gripper_srvs__rosidl_typesupport_introspection_c__pyext.dir/rosidl_generator_py/hrim_actuator_gripper_srvs/_hrim_actuator_gripper_srvs_s.ep.rosidl_typesupport_introspection_c.c.o[0m
[88.451s] [100%] [32m[1mLinking C shared library rosidl_generator_py/hrim_actuator_gripper_srvs/hrim_actuator_gripper_srvs_s__rosidl_typesupport_introspection_c.cpython-38-x86_64-linux-gnu.so[0m
[88.803s] [100%] Built target hrim_actuator_gripper_srvs__rosidl_typesupport_introspection_c__pyext
[88.944s] Invoked command in '/home/user/ros2_ws/build/hrim_actuator_gripper_srvs' returned '0': CMAKE_PREFIX_PATH=${CMAKE_PREFIX_PATH}:/opt/ros/foxy _=/usr/bin/env /usr/bin/cmake --build /home/user/ros2_ws/build/hrim_actuator_gripper_srvs -- -j8 -l8
[93.225s] Invoking command in '/home/user/ros2_ws/build/hrim_actuator_gripper_srvs': CMAKE_PREFIX_PATH=${CMAKE_PREFIX_PATH}:/opt/ros/foxy _=/usr/bin/env /usr/bin/cmake --install /home/user/ros2_ws/build/hrim_actuator_gripper_srvs
[93.320s] -- Install configuration: ""
[93.320s] -- Up-to-date: /home/user/ros2_ws/install/hrim_actuator_gripper_srvs/share/ament_index/resource_index/rosidl_interfaces/hrim_actuator_gripper_srvs
[93.321s] -- Up-to-date: /home/user/ros2_ws/install/hrim_actuator_gripper_srvs/include/hrim_actuator_gripper_srvs
[93.325s] -- Up-to-date: /home/user/ros2_ws/install/hrim_actuator_gripper_srvs/include/hrim_actuator_gripper_srvs/srv
[93.326s] -- Up-to-date: /home/user/ros2_ws/install/hrim_actuator_gripper_srvs/include/hrim_actuator_gripper_srvs/srv/detail
[93.326s] -- Up-to-date: /home/user/ros2_ws/install/hrim_actuator_gripper_srvs/include/hrim_actuator_gripper_srvs/srv/detail/specs_finger_gripper__functions.h
[93.326s] -- Up-to-date: /home/user/ros2_ws/install/hrim_actuator_gripper_srvs/include/hrim_actuator_gripper_srvs/srv/detail/control_finger__functions.h
[93.326s] -- Up-to-date: /home/user/ros2_ws/install/hrim_actuator_gripper_srvs/include/hrim_actuator_gripper_srvs/srv/detail/control_finger__struct.h
[93.326s] -- Up-to-date: /home/user/ros2_ws/install/hrim_actuator_gripper_srvs/include/hrim_actuator_gripper_srvs/srv/detail/control_vacuum__functions.c
[93.327s] -- Up-to-date: /home/user/ros2_ws/install/hrim_actuator_gripper_srvs/include/hrim_actuator_gripper_srvs/srv/detail/control_vacuum__type_support.h
[93.327s] -- Up-to-date: /home/user/ros2_ws/install/hrim_actuator_gripper_srvs/include/hrim_actuator_gripper_srvs/srv/detail/specs_vacuum_gripper__type_support.h
[93.327s] -- Up-to-date: /home/user/ros2_ws/install/hrim_actuator_gripper_srvs/include/hrim_actuator_gripper_srvs/srv/detail/control_finger__functions.c
[93.328s] -- Up-to-date: /home/user/ros2_ws/install/hrim_actuator_gripper_srvs/include/hrim_actuator_gripper_srvs/srv/detail/goal_gripper__type_support.h
[93.328s] -- Up-to-date: /home/user/ros2_ws/install/hrim_actuator_gripper_srvs/include/hrim_actuator_gripper_srvs/srv/detail/specs_magnetic_gripper__functions.h
[93.330s] -- Up-to-date: /home/user/ros2_ws/install/hrim_actuator_gripper_srvs/include/hrim_actuator_gripper_srvs/srv/detail/specs_vacuum_gripper__struct.h
[93.330s] -- Up-to-date: /home/user/ros2_ws/install/hrim_actuator_gripper_srvs/include/hrim_actuator_gripper_srvs/srv/detail/control_finger__type_support.h
[93.330s] -- Up-to-date: /home/user/ros2_ws/install/hrim_actuator_gripper_srvs/include/hrim_actuator_gripper_srvs/srv/detail/specs_vacuum_gripper__functions.c
[93.331s] -- Up-to-date: /home/user/ros2_ws/install/hrim_actuator_gripper_srvs/include/hrim_actuator_gripper_srvs/srv/detail/control_vacuum__functions.h
[93.331s] -- Up-to-date: /home/user/ros2_ws/install/hrim_actuator_gripper_srvs/include/hrim_actuator_gripper_srvs/srv/detail/specs_finger_gripper__type_support.h
[93.331s] -- Up-to-date: /home/user/ros2_ws/install/hrim_actuator_gripper_srvs/include/hrim_actuator_gripper_srvs/srv/detail/control_vacuum__struct.h
[93.334s] -- Up-to-date: /home/user/ros2_ws/install/hrim_actuator_gripper_srvs/include/hrim_actuator_gripper_srvs/srv/detail/specs_vacuum_gripper__functions.h
[93.334s] -- Up-to-date: /home/user/ros2_ws/install/hrim_actuator_gripper_srvs/include/hrim_actuator_gripper_srvs/srv/detail/specs_magnetic_gripper__type_support.h
[93.335s] -- Up-to-date: /home/user/ros2_ws/install/hrim_actuator_gripper_srvs/include/hrim_actuator_gripper_srvs/srv/detail/specs_finger_gripper__functions.c
[93.335s] -- Up-to-date: /home/user/ros2_ws/install/hrim_actuator_gripper_srvs/include/hrim_actuator_gripper_srvs/srv/detail/specs_finger_gripper__struct.h
[93.335s] -- Up-to-date: /home/user/ros2_ws/install/hrim_actuator_gripper_srvs/include/hrim_actuator_gripper_srvs/srv/detail/goal_gripper__struct.h
[93.335s] -- Up-to-date: /home/user/ros2_ws/install/hrim_actuator_gripper_srvs/include/hrim_actuator_gripper_srvs/srv/detail/goal_gripper__functions.h
[93.335s] -- Up-to-date: /home/user/ros2_ws/install/hrim_actuator_gripper_srvs/include/hrim_actuator_gripper_srvs/srv/detail/goal_gripper__functions.c
[93.336s] -- Up-to-date: /home/user/ros2_ws/install/hrim_actuator_gripper_srvs/include/hrim_actuator_gripper_srvs/srv/detail/specs_magnetic_gripper__functions.c
[93.336s] -- Up-to-date: /home/user/ros2_ws/install/hrim_actuator_gripper_srvs/include/hrim_actuator_gripper_srvs/srv/detail/specs_magnetic_gripper__struct.h
[93.336s] -- Up-to-date: /home/user/ros2_ws/install/hrim_actuator_gripper_srvs/include/hrim_actuator_gripper_srvs/srv/specs_finger_gripper.h
[93.336s] -- Up-to-date: /home/user/ros2_ws/install/hrim_actuator_gripper_srvs/include/hrim_actuator_gripper_srvs/srv/goal_gripper.h
[93.336s] -- Up-to-date: /home/user/ros2_ws/install/hrim_actuator_gripper_srvs/include/hrim_actuator_gripper_srvs/srv/control_finger.h
[93.336s] -- Up-to-date: /home/user/ros2_ws/install/hrim_actuator_gripper_srvs/include/hrim_actuator_gripper_srvs/srv/specs_magnetic_gripper.h
[93.336s] -- Up-to-date: /home/user/ros2_ws/install/hrim_actuator_gripper_srvs/include/hrim_actuator_gripper_srvs/srv/specs_vacuum_gripper.h
[93.337s] -- Up-to-date: /home/user/ros2_ws/install/hrim_actuator_gripper_srvs/include/hrim_actuator_gripper_srvs/srv/control_vacuum.h
[93.337s] -- Up-to-date: /home/user/ros2_ws/install/hrim_actuator_gripper_srvs/include/hrim_actuator_gripper_srvs/msg
[93.338s] -- Up-to-date: /home/user/ros2_ws/install/hrim_actuator_gripper_srvs/include/hrim_actuator_gripper_srvs/msg/rosidl_generator_c__visibility_control.h
[93.342s] -- Installing: /home/user/ros2_ws/install/hrim_actuator_gripper_srvs/share/hrim_actuator_gripper_srvs/environment/library_path.sh
[93.406s] -- Installing: /home/user/ros2_ws/install/hrim_actuator_gripper_srvs/share/hrim_actuator_gripper_srvs/environment/library_path.dsv
[93.407s] -- Installing: /home/user/ros2_ws/install/hrim_actuator_gripper_srvs/lib/libhrim_actuator_gripper_srvs__rosidl_generator_c.so
[93.407s] -- Set runtime path of "/home/user/ros2_ws/install/hrim_actuator_gripper_srvs/lib/libhrim_actuator_gripper_srvs__rosidl_generator_c.so" to ""
[93.407s] -- Up-to-date: /home/user/ros2_ws/install/hrim_actuator_gripper_srvs/include/hrim_actuator_gripper_srvs
[93.411s] -- Up-to-date: /home/user/ros2_ws/install/hrim_actuator_gripper_srvs/include/hrim_actuator_gripper_srvs/srv
[93.411s] -- Up-to-date: /home/user/ros2_ws/install/hrim_actuator_gripper_srvs/include/hrim_actuator_gripper_srvs/srv/detail
[93.411s] -- Installing: /home/user/ros2_ws/install/hrim_actuator_gripper_srvs/include/hrim_actuator_gripper_srvs/srv/detail/control_finger__rosidl_typesupport_fastrtps_c.h
[93.411s] -- Installing: /home/user/ros2_ws/install/hrim_actuator_gripper_srvs/include/hrim_actuator_gripper_srvs/srv/detail/goal_gripper__rosidl_typesupport_fastrtps_c.h
[93.411s] -- Installing: /home/user/ros2_ws/install/hrim_actuator_gripper_srvs/include/hrim_actuator_gripper_srvs/srv/detail/specs_finger_gripper__rosidl_typesupport_fastrtps_c.h
[93.412s] -- Installing: /home/user/ros2_ws/install/hrim_actuator_gripper_srvs/include/hrim_actuator_gripper_srvs/srv/detail/specs_magnetic_gripper__rosidl_typesupport_fastrtps_c.h
[93.412s] -- Installing: /home/user/ros2_ws/install/hrim_actuator_gripper_srvs/include/hrim_actuator_gripper_srvs/srv/detail/control_vacuum__rosidl_typesupport_fastrtps_c.h
[93.412s] -- Installing: /home/user/ros2_ws/install/hrim_actuator_gripper_srvs/include/hrim_actuator_gripper_srvs/srv/detail/specs_vacuum_gripper__rosidl_typesupport_fastrtps_c.h
[93.412s] -- Up-to-date: /home/user/ros2_ws/install/hrim_actuator_gripper_srvs/include/hrim_actuator_gripper_srvs/msg
[93.412s] -- Up-to-date: /home/user/ros2_ws/install/hrim_actuator_gripper_srvs/include/hrim_actuator_gripper_srvs/msg/rosidl_typesupport_fastrtps_c__visibility_control.h
[93.413s] -- Installing: /home/user/ros2_ws/install/hrim_actuator_gripper_srvs/lib/libhrim_actuator_gripper_srvs__rosidl_typesupport_fastrtps_c.so
[93.420s] -- Set runtime path of "/home/user/ros2_ws/install/hrim_actuator_gripper_srvs/lib/libhrim_actuator_gripper_srvs__rosidl_typesupport_fastrtps_c.so" to ""
[93.420s] -- Up-to-date: /home/user/ros2_ws/install/hrim_actuator_gripper_srvs/include/hrim_actuator_gripper_srvs
[93.420s] -- Up-to-date: /home/user/ros2_ws/install/hrim_actuator_gripper_srvs/include/hrim_actuator_gripper_srvs/srv
[93.423s] -- Up-to-date: /home/user/ros2_ws/install/hrim_actuator_gripper_srvs/include/hrim_actuator_gripper_srvs/srv/detail
[93.424s] -- Installing: /home/user/ros2_ws/install/hrim_actuator_gripper_srvs/include/hrim_actuator_gripper_srvs/srv/detail/control_finger__rosidl_typesupport_fastrtps_cpp.hpp
[93.424s] -- Installing: /home/user/ros2_ws/install/hrim_actuator_gripper_srvs/include/hrim_actuator_gripper_srvs/srv/detail/control_vacuum__rosidl_typesupport_fastrtps_cpp.hpp
[93.424s] -- Installing: /home/user/ros2_ws/install/hrim_actuator_gripper_srvs/include/hrim_actuator_gripper_srvs/srv/detail/specs_finger_gripper__rosidl_typesupport_fastrtps_cpp.hpp
[93.424s] -- Installing: /home/user/ros2_ws/install/hrim_actuator_gripper_srvs/include/hrim_actuator_gripper_srvs/srv/detail/goal_gripper__rosidl_typesupport_fastrtps_cpp.hpp
[93.424s] -- Up-to-date: /home/user/ros2_ws/install/hrim_actuator_gripper_srvs/include/hrim_actuator_gripper_srvs/srv/detail/dds_fastrtps
[93.425s] -- Installing: /home/user/ros2_ws/install/hrim_actuator_gripper_srvs/include/hrim_actuator_gripper_srvs/srv/detail/specs_vacuum_gripper__rosidl_typesupport_fastrtps_cpp.hpp
[93.428s] -- Installing: /home/user/ros2_ws/install/hrim_actuator_gripper_srvs/include/hrim_actuator_gripper_srvs/srv/detail/specs_magnetic_gripper__rosidl_typesupport_fastrtps_cpp.hpp
[93.428s] -- Up-to-date: /home/user/ros2_ws/install/hrim_actuator_gripper_srvs/include/hrim_actuator_gripper_srvs/msg
[93.428s] -- Up-to-date: /home/user/ros2_ws/install/hrim_actuator_gripper_srvs/include/hrim_actuator_gripper_srvs/msg/rosidl_typesupport_fastrtps_cpp__visibility_control.h
[93.428s] -- Installing: /home/user/ros2_ws/install/hrim_actuator_gripper_srvs/lib/libhrim_actuator_gripper_srvs__rosidl_typesupport_fastrtps_cpp.so
[93.428s] -- Set runtime path of "/home/user/ros2_ws/install/hrim_actuator_gripper_srvs/lib/libhrim_actuator_gripper_srvs__rosidl_typesupport_fastrtps_cpp.so" to ""
[93.429s] -- Up-to-date: /home/user/ros2_ws/install/hrim_actuator_gripper_srvs/include/hrim_actuator_gripper_srvs
[93.429s] -- Up-to-date: /home/user/ros2_ws/install/hrim_actuator_gripper_srvs/include/hrim_actuator_gripper_srvs/srv
[93.429s] -- Up-to-date: /home/user/ros2_ws/install/hrim_actuator_gripper_srvs/include/hrim_actuator_gripper_srvs/srv/detail
[93.429s] -- Up-to-date: /home/user/ros2_ws/install/hrim_actuator_gripper_srvs/include/hrim_actuator_gripper_srvs/srv/detail/specs_finger_gripper__type_support.c
[93.429s] -- Up-to-date: /home/user/ros2_ws/install/hrim_actuator_gripper_srvs/include/hrim_actuator_gripper_srvs/srv/detail/control_vacuum__type_support.c
[93.430s] -- Up-to-date: /home/user/ros2_ws/install/hrim_actuator_gripper_srvs/include/hrim_actuator_gripper_srvs/srv/detail/control_vacuum__rosidl_typesupport_introspection_c.h
[93.430s] -- Up-to-date: /home/user/ros2_ws/install/hrim_actuator_gripper_srvs/include/hrim_actuator_gripper_srvs/srv/detail/control_finger__rosidl_typesupport_introspection_c.h
[93.430s] -- Up-to-date: /home/user/ros2_ws/install/hrim_actuator_gripper_srvs/include/hrim_actuator_gripper_srvs/srv/detail/goal_gripper__type_support.c
[93.430s] -- Up-to-date: /home/user/ros2_ws/install/hrim_actuator_gripper_srvs/include/hrim_actuator_gripper_srvs/srv/detail/specs_vacuum_gripper__rosidl_typesupport_introspection_c.h
[93.430s] -- Up-to-date: /home/user/ros2_ws/install/hrim_actuator_gripper_srvs/include/hrim_actuator_gripper_srvs/srv/detail/goal_gripper__rosidl_typesupport_introspection_c.h
[93.430s] -- Up-to-date: /home/user/ros2_ws/install/hrim_actuator_gripper_srvs/include/hrim_actuator_gripper_srvs/srv/detail/specs_vacuum_gripper__type_support.c
[93.431s] -- Up-to-date: /home/user/ros2_ws/install/hrim_actuator_gripper_srvs/include/hrim_actuator_gripper_srvs/srv/detail/specs_magnetic_gripper__rosidl_typesupport_introspection_c.h
[93.431s] -- Up-to-date: /home/user/ros2_ws/install/hrim_actuator_gripper_srvs/include/hrim_actuator_gripper_srvs/srv/detail/specs_finger_gripper__rosidl_typesupport_introspection_c.h
[93.431s] -- Up-to-date: /home/user/ros2_ws/install/hrim_actuator_gripper_srvs/include/hrim_actuator_gripper_srvs/srv/detail/control_finger__type_support.c
[93.431s] -- Up-to-date: /home/user/ros2_ws/install/hrim_actuator_gripper_srvs/include/hrim_actuator_gripper_srvs/srv/detail/specs_magnetic_gripper__type_support.c
[93.431s] -- Up-to-date: /home/user/ros2_ws/install/hrim_actuator_gripper_srvs/include/hrim_actuator_gripper_srvs/msg
[93.431s] -- Up-to-date: /home/user/ros2_ws/install/hrim_actuator_gripper_srvs/include/hrim_actuator_gripper_srvs/msg/rosidl_typesupport_introspection_c__visibility_control.h
[93.432s] -- Installing: /home/user/ros2_ws/install/hrim_actuator_gripper_srvs/lib/libhrim_actuator_gripper_srvs__rosidl_typesupport_introspection_c.so
[93.432s] -- Set runtime path of "/home/user/ros2_ws/install/hrim_actuator_gripper_srvs/lib/libhrim_actuator_gripper_srvs__rosidl_typesupport_introspection_c.so" to ""
[93.432s] -- Installing: /home/user/ros2_ws/install/hrim_actuator_gripper_srvs/lib/libhrim_actuator_gripper_srvs__rosidl_typesupport_c.so
[93.434s] -- Set runtime path of "/home/user/ros2_ws/install/hrim_actuator_gripper_srvs/lib/libhrim_actuator_gripper_srvs__rosidl_typesupport_c.so" to ""
[93.434s] -- Up-to-date: /home/user/ros2_ws/install/hrim_actuator_gripper_srvs/include/hrim_actuator_gripper_srvs
[93.434s] -- Up-to-date: /home/user/ros2_ws/install/hrim_actuator_gripper_srvs/include/hrim_actuator_gripper_srvs/srv
[93.434s] -- Up-to-date: /home/user/ros2_ws/install/hrim_actuator_gripper_srvs/include/hrim_actuator_gripper_srvs/srv/detail
[93.434s] -- Up-to-date: /home/user/ros2_ws/install/hrim_actuator_gripper_srvs/include/hrim_actuator_gripper_srvs/srv/detail/control_finger__struct.hpp
[93.435s] -- Up-to-date: /home/user/ros2_ws/install/hrim_actuator_gripper_srvs/include/hrim_actuator_gripper_srvs/srv/detail/specs_finger_gripper__traits.hpp
[93.435s] -- Up-to-date: /home/user/ros2_ws/install/hrim_actuator_gripper_srvs/include/hrim_actuator_gripper_srvs/srv/detail/goal_gripper__traits.hpp
[93.435s] -- Up-to-date: /home/user/ros2_ws/install/hrim_actuator_gripper_srvs/include/hrim_actuator_gripper_srvs/srv/detail/control_finger__traits.hpp
[93.435s] -- Up-to-date: /home/user/ros2_ws/install/hrim_actuator_gripper_srvs/include/hrim_actuator_gripper_srvs/srv/detail/control_finger__builder.hpp
[93.435s] -- Up-to-date: /home/user/ros2_ws/install/hrim_actuator_gripper_srvs/include/hrim_actuator_gripper_srvs/srv/detail/specs_vacuum_gripper__struct.hpp
[93.436s] -- Up-to-date: /home/user/ros2_ws/install/hrim_actuator_gripper_srvs/include/hrim_actuator_gripper_srvs/srv/detail/specs_magnetic_gripper__struct.hpp
[93.436s] -- Up-to-date: /home/user/ros2_ws/install/hrim_actuator_gripper_srvs/include/hrim_actuator_gripper_srvs/srv/detail/goal_gripper__struct.hpp
[93.436s] -- Up-to-date: /home/user/ros2_ws/install/hrim_actuator_gripper_srvs/include/hrim_actuator_gripper_srvs/srv/detail/control_vacuum__builder.hpp
[93.436s] -- Up-to-date: /home/user/ros2_ws/install/hrim_actuator_gripper_srvs/include/hrim_actuator_gripper_srvs/srv/detail/specs_finger_gripper__struct.hpp
[93.436s] -- Up-to-date: /home/user/ros2_ws/install/hrim_actuator_gripper_srvs/include/hrim_actuator_gripper_srvs/srv/detail/control_vacuum__struct.hpp
[93.437s] -- Up-to-date: /home/user/ros2_ws/install/hrim_actuator_gripper_srvs/include/hrim_actuator_gripper_srvs/srv/detail/specs_finger_gripper__builder.hpp
[93.437s] -- Up-to-date: /home/user/ros2_ws/install/hrim_actuator_gripper_srvs/include/hrim_actuator_gripper_srvs/srv/detail/specs_vacuum_gripper__builder.hpp
[93.437s] -- Up-to-date: /home/user/ros2_ws/install/hrim_actuator_gripper_srvs/include/hrim_actuator_gripper_srvs/srv/detail/goal_gripper__builder.hpp
[93.437s] -- Up-to-date: /home/user/ros2_ws/install/hrim_actuator_gripper_srvs/include/hrim_actuator_gripper_srvs/srv/detail/control_vacuum__traits.hpp
[93.437s] -- Up-to-date: /home/user/ros2_ws/install/hrim_actuator_gripper_srvs/include/hrim_actuator_gripper_srvs/srv/detail/specs_magnetic_gripper__traits.hpp
[93.437s] -- Up-to-date: /home/user/ros2_ws/install/hrim_actuator_gripper_srvs/include/hrim_actuator_gripper_srvs/srv/detail/specs_magnetic_gripper__builder.hpp
[93.438s] -- Up-to-date: /home/user/ros2_ws/install/hrim_actuator_gripper_srvs/include/hrim_actuator_gripper_srvs/srv/detail/specs_vacuum_gripper__traits.hpp
[93.512s] -- Up-to-date: /home/user/ros2_ws/install/hrim_actuator_gripper_srvs/include/hrim_actuator_gripper_srvs/srv/goal_gripper.hpp
[93.513s] -- Up-to-date: /home/user/ros2_ws/install/hrim_actuator_gripper_srvs/include/hrim_actuator_gripper_srvs/srv/control_finger.hpp
[93.531s] -- Up-to-date: /home/user/ros2_ws/install/hrim_actuator_gripper_srvs/include/hrim_actuator_gripper_srvs/srv/specs_magnetic_gripper.hpp
[93.532s] -- Up-to-date: /home/user/ros2_ws/install/hrim_actuator_gripper_srvs/include/hrim_actuator_gripper_srvs/srv/specs_finger_gripper.hpp
[93.532s] -- Up-to-date: /home/user/ros2_ws/install/hrim_actuator_gripper_srvs/include/hrim_actuator_gripper_srvs/srv/control_vacuum.hpp
[93.533s] -- Up-to-date: /home/user/ros2_ws/install/hrim_actuator_gripper_srvs/include/hrim_actuator_gripper_srvs/srv/specs_vacuum_gripper.hpp
[93.533s] -- Up-to-date: /home/user/ros2_ws/install/hrim_actuator_gripper_srvs/include/hrim_actuator_gripper_srvs
[93.533s] -- Up-to-date: /home/user/ros2_ws/install/hrim_actuator_gripper_srvs/include/hrim_actuator_gripper_srvs/srv
[93.533s] -- Up-to-date: /home/user/ros2_ws/install/hrim_actuator_gripper_srvs/include/hrim_actuator_gripper_srvs/srv/detail
[93.533s] -- Up-to-date: /home/user/ros2_ws/install/hrim_actuator_gripper_srvs/include/hrim_actuator_gripper_srvs/srv/detail/specs_magnetic_gripper__rosidl_typesupport_introspection_cpp.hpp
[93.533s] -- Up-to-date: /home/user/ros2_ws/install/hrim_actuator_gripper_srvs/include/hrim_actuator_gripper_srvs/srv/detail/goal_gripper__rosidl_typesupport_introspection_cpp.hpp
[93.533s] -- Up-to-date: /home/user/ros2_ws/install/hrim_actuator_gripper_srvs/include/hrim_actuator_gripper_srvs/srv/detail/control_finger__type_support.cpp
[93.535s] -- Up-to-date: /home/user/ros2_ws/install/hrim_actuator_gripper_srvs/include/hrim_actuator_gripper_srvs/srv/detail/control_vacuum__type_support.cpp
[93.535s] -- Up-to-date: /home/user/ros2_ws/install/hrim_actuator_gripper_srvs/include/hrim_actuator_gripper_srvs/srv/detail/specs_vacuum_gripper__rosidl_typesupport_introspection_cpp.hpp
[93.535s] -- Up-to-date: /home/user/ros2_ws/install/hrim_actuator_gripper_srvs/include/hrim_actuator_gripper_srvs/srv/detail/specs_finger_gripper__rosidl_typesupport_introspection_cpp.hpp
[93.536s] -- Up-to-date: /home/user/ros2_ws/install/hrim_actuator_gripper_srvs/include/hrim_actuator_gripper_srvs/srv/detail/control_finger__rosidl_typesupport_introspection_cpp.hpp
[93.537s] -- Up-to-date: /home/user/ros2_ws/install/hrim_actuator_gripper_srvs/include/hrim_actuator_gripper_srvs/srv/detail/control_vacuum__rosidl_typesupport_introspection_cpp.hpp
[93.537s] -- Up-to-date: /home/user/ros2_ws/install/hrim_actuator_gripper_srvs/include/hrim_actuator_gripper_srvs/srv/detail/specs_finger_gripper__type_support.cpp
[93.537s] -- Up-to-date: /home/user/ros2_ws/install/hrim_actuator_gripper_srvs/include/hrim_actuator_gripper_srvs/srv/detail/goal_gripper__type_support.cpp
[93.537s] -- Up-to-date: /home/user/ros2_ws/install/hrim_actuator_gripper_srvs/include/hrim_actuator_gripper_srvs/srv/detail/specs_magnetic_gripper__type_support.cpp
[93.538s] -- Up-to-date: /home/user/ros2_ws/install/hrim_actuator_gripper_srvs/include/hrim_actuator_gripper_srvs/srv/detail/specs_vacuum_gripper__type_support.cpp
[93.538s] -- Installing: /home/user/ros2_ws/install/hrim_actuator_gripper_srvs/lib/libhrim_actuator_gripper_srvs__rosidl_typesupport_introspection_cpp.so
[93.538s] -- Set runtime path of "/home/user/ros2_ws/install/hrim_actuator_gripper_srvs/lib/libhrim_actuator_gripper_srvs__rosidl_typesupport_introspection_cpp.so" to ""
[93.538s] -- Installing: /home/user/ros2_ws/install/hrim_actuator_gripper_srvs/lib/libhrim_actuator_gripper_srvs__rosidl_typesupport_cpp.so
[93.539s] -- Set runtime path of "/home/user/ros2_ws/install/hrim_actuator_gripper_srvs/lib/libhrim_actuator_gripper_srvs__rosidl_typesupport_cpp.so" to ""
[93.539s] -- Up-to-date: /home/user/ros2_ws/install/hrim_actuator_gripper_srvs/share/hrim_actuator_gripper_srvs/environment/pythonpath.sh
[93.540s] -- Installing: /home/user/ros2_ws/install/hrim_actuator_gripper_srvs/share/hrim_actuator_gripper_srvs/environment/pythonpath.dsv
[93.540s] -- Installing: /home/user/ros2_ws/install/hrim_actuator_gripper_srvs/lib/python3.8/site-packages/hrim_actuator_gripper_srvs/__init__.py
[93.719s] Compiling '/home/user/ros2_ws/install/hrim_actuator_gripper_srvs/lib/python3.8/site-packages/hrim_actuator_gripper_srvs/__init__.py'...
[93.731s] -- Up-to-date: /home/user/ros2_ws/install/hrim_actuator_gripper_srvs/lib/python3.8/site-packages/hrim_actuator_gripper_srvs/srv
[93.731s] -- Up-to-date: /home/user/ros2_ws/install/hrim_actuator_gripper_srvs/lib/python3.8/site-packages/hrim_actuator_gripper_srvs/srv/_control_vacuum_s.c
[93.732s] -- Up-to-date: /home/user/ros2_ws/install/hrim_actuator_gripper_srvs/lib/python3.8/site-packages/hrim_actuator_gripper_srvs/srv/_specs_vacuum_gripper_s.c
[93.732s] -- Up-to-date: /home/user/ros2_ws/install/hrim_actuator_gripper_srvs/lib/python3.8/site-packages/hrim_actuator_gripper_srvs/srv/_goal_gripper.py
[93.733s] -- Up-to-date: /home/user/ros2_ws/install/hrim_actuator_gripper_srvs/lib/python3.8/site-packages/hrim_actuator_gripper_srvs/srv/_goal_gripper_s.c
[93.733s] -- Up-to-date: /home/user/ros2_ws/install/hrim_actuator_gripper_srvs/lib/python3.8/site-packages/hrim_actuator_gripper_srvs/srv/_specs_magnetic_gripper_s.c
[93.733s] -- Up-to-date: /home/user/ros2_ws/install/hrim_actuator_gripper_srvs/lib/python3.8/site-packages/hrim_actuator_gripper_srvs/srv/__init__.py
[93.734s] -- Up-to-date: /home/user/ros2_ws/install/hrim_actuator_gripper_srvs/lib/python3.8/site-packages/hrim_actuator_gripper_srvs/srv/_specs_finger_gripper.py
[93.734s] -- Up-to-date: /home/user/ros2_ws/install/hrim_actuator_gripper_srvs/lib/python3.8/site-packages/hrim_actuator_gripper_srvs/srv/_specs_vacuum_gripper.py
[93.734s] -- Up-to-date: /home/user/ros2_ws/install/hrim_actuator_gripper_srvs/lib/python3.8/site-packages/hrim_actuator_gripper_srvs/srv/_control_finger_s.c
[93.735s] -- Up-to-date: /home/user/ros2_ws/install/hrim_actuator_gripper_srvs/lib/python3.8/site-packages/hrim_actuator_gripper_srvs/srv/_control_vacuum.py
[93.735s] -- Up-to-date: /home/user/ros2_ws/install/hrim_actuator_gripper_srvs/lib/python3.8/site-packages/hrim_actuator_gripper_srvs/srv/_specs_finger_gripper_s.c
[93.736s] -- Up-to-date: /home/user/ros2_ws/install/hrim_actuator_gripper_srvs/lib/python3.8/site-packages/hrim_actuator_gripper_srvs/srv/_specs_magnetic_gripper.py
[93.736s] -- Up-to-date: /home/user/ros2_ws/install/hrim_actuator_gripper_srvs/lib/python3.8/site-packages/hrim_actuator_gripper_srvs/srv/_control_finger.py
[93.737s] -- Installing: /home/user/ros2_ws/install/hrim_actuator_gripper_srvs/lib/python3.8/site-packages/hrim_actuator_gripper_srvs/hrim_actuator_gripper_srvs_s__rosidl_typesupport_fastrtps_c.cpython-38-x86_64-linux-gnu.so
[93.738s] -- Set runtime path of "/home/user/ros2_ws/install/hrim_actuator_gripper_srvs/lib/python3.8/site-packages/hrim_actuator_gripper_srvs/hrim_actuator_gripper_srvs_s__rosidl_typesupport_fastrtps_c.cpython-38-x86_64-linux-gnu.so" to ""
[93.738s] -- Installing: /home/user/ros2_ws/install/hrim_actuator_gripper_srvs/lib/python3.8/site-packages/hrim_actuator_gripper_srvs/hrim_actuator_gripper_srvs_s__rosidl_typesupport_introspection_c.cpython-38-x86_64-linux-gnu.so
[93.738s] -- Set runtime path of "/home/user/ros2_ws/install/hrim_actuator_gripper_srvs/lib/python3.8/site-packages/hrim_actuator_gripper_srvs/hrim_actuator_gripper_srvs_s__rosidl_typesupport_introspection_c.cpython-38-x86_64-linux-gnu.so" to ""
[93.739s] -- Installing: /home/user/ros2_ws/install/hrim_actuator_gripper_srvs/lib/python3.8/site-packages/hrim_actuator_gripper_srvs/hrim_actuator_gripper_srvs_s__rosidl_typesupport_c.cpython-38-x86_64-linux-gnu.so
[93.739s] -- Set runtime path of "/home/user/ros2_ws/install/hrim_actuator_gripper_srvs/lib/python3.8/site-packages/hrim_actuator_gripper_srvs/hrim_actuator_gripper_srvs_s__rosidl_typesupport_c.cpython-38-x86_64-linux-gnu.so" to ""
[93.739s] -- Installing: /home/user/ros2_ws/install/hrim_actuator_gripper_srvs/lib/libhrim_actuator_gripper_srvs__python.so
[93.739s] -- Set runtime path of "/home/user/ros2_ws/install/hrim_actuator_gripper_srvs/lib/libhrim_actuator_gripper_srvs__python.so" to ""
[93.740s] -- Up-to-date: /home/user/ros2_ws/install/hrim_actuator_gripper_srvs/share/hrim_actuator_gripper_srvs/srv/ControlFinger.idl
[93.740s] -- Up-to-date: /home/user/ros2_ws/install/hrim_actuator_gripper_srvs/share/hrim_actuator_gripper_srvs/srv/ControlVacuum.idl
[93.740s] -- Up-to-date: /home/user/ros2_ws/install/hrim_actuator_gripper_srvs/share/hrim_actuator_gripper_srvs/srv/GoalGripper.idl
[93.740s] -- Up-to-date: /home/user/ros2_ws/install/hrim_actuator_gripper_srvs/share/hrim_actuator_gripper_srvs/srv/SpecsFingerGripper.idl
[93.740s] -- Up-to-date: /home/user/ros2_ws/install/hrim_actuator_gripper_srvs/share/hrim_actuator_gripper_srvs/srv/SpecsMagneticGripper.idl
[93.741s] -- Up-to-date: /home/user/ros2_ws/install/hrim_actuator_gripper_srvs/share/hrim_actuator_gripper_srvs/srv/SpecsVacuumGripper.idl
[93.741s] -- Up-to-date: /home/user/ros2_ws/install/hrim_actuator_gripper_srvs/share/hrim_actuator_gripper_srvs/srv/ControlFinger.srv
[93.741s] -- Up-to-date: /home/user/ros2_ws/install/hrim_actuator_gripper_srvs/share/hrim_actuator_gripper_srvs/srv/ControlFinger_Request.msg
[93.741s] -- Up-to-date: /home/user/ros2_ws/install/hrim_actuator_gripper_srvs/share/hrim_actuator_gripper_srvs/srv/ControlFinger_Response.msg
[93.741s] -- Up-to-date: /home/user/ros2_ws/install/hrim_actuator_gripper_srvs/share/hrim_actuator_gripper_srvs/srv/ControlVacuum.srv
[93.742s] -- Up-to-date: /home/user/ros2_ws/install/hrim_actuator_gripper_srvs/share/hrim_actuator_gripper_srvs/srv/ControlVacuum_Request.msg
[93.742s] -- Up-to-date: /home/user/ros2_ws/install/hrim_actuator_gripper_srvs/share/hrim_actuator_gripper_srvs/srv/ControlVacuum_Response.msg
[93.742s] -- Up-to-date: /home/user/ros2_ws/install/hrim_actuator_gripper_srvs/share/hrim_actuator_gripper_srvs/srv/GoalGripper.srv
[93.742s] -- Up-to-date: /home/user/ros2_ws/install/hrim_actuator_gripper_srvs/share/hrim_actuator_gripper_srvs/srv/GoalGripper_Request.msg
[93.742s] -- Up-to-date: /home/user/ros2_ws/install/hrim_actuator_gripper_srvs/share/hrim_actuator_gripper_srvs/srv/GoalGripper_Response.msg
[93.743s] -- Up-to-date: /home/user/ros2_ws/install/hrim_actuator_gripper_srvs/share/hrim_actuator_gripper_srvs/srv/SpecsFingerGripper.srv
[93.743s] -- Up-to-date: /home/user/ros2_ws/install/hrim_actuator_gripper_srvs/share/hrim_actuator_gripper_srvs/srv/SpecsFingerGripper_Request.msg
[93.743s] -- Up-to-date: /home/user/ros2_ws/install/hrim_actuator_gripper_srvs/share/hrim_actuator_gripper_srvs/srv/SpecsFingerGripper_Response.msg
[93.743s] -- Up-to-date: /home/user/ros2_ws/install/hrim_actuator_gripper_srvs/share/hrim_actuator_gripper_srvs/srv/SpecsMagneticGripper.srv
[93.743s] -- Up-to-date: /home/user/ros2_ws/install/hrim_actuator_gripper_srvs/share/hrim_actuator_gripper_srvs/srv/SpecsMagneticGripper_Request.msg
[93.744s] -- Up-to-date: /home/user/ros2_ws/install/hrim_actuator_gripper_srvs/share/hrim_actuator_gripper_srvs/srv/SpecsMagneticGripper_Response.msg
[93.744s] -- Up-to-date: /home/user/ros2_ws/install/hrim_actuator_gripper_srvs/share/hrim_actuator_gripper_srvs/srv/SpecsVacuumGripper.srv
[93.803s] -- Up-to-date: /home/user/ros2_ws/install/hrim_actuator_gripper_srvs/share/hrim_actuator_gripper_srvs/srv/SpecsVacuumGripper_Request.msg
[93.803s] -- Up-to-date: /home/user/ros2_ws/install/hrim_actuator_gripper_srvs/share/hrim_actuator_gripper_srvs/srv/SpecsVacuumGripper_Response.msg
[93.804s] -- Up-to-date: /home/user/ros2_ws/install/hrim_actuator_gripper_srvs/share/ament_index/resource_index/package_run_dependencies/hrim_actuator_gripper_srvs
[93.804s] -- Installing: /home/user/ros2_ws/install/hrim_actuator_gripper_srvs/share/ament_index/resource_index/parent_prefix_path/hrim_actuator_gripper_srvs
[93.804s] -- Installing: /home/user/ros2_ws/install/hrim_actuator_gripper_srvs/share/hrim_actuator_gripper_srvs/environment/ament_prefix_path.sh
[93.809s] -- Installing: /home/user/ros2_ws/install/hrim_actuator_gripper_srvs/share/hrim_actuator_gripper_srvs/environment/ament_prefix_path.dsv
[93.810s] -- Installing: /home/user/ros2_ws/install/hrim_actuator_gripper_srvs/share/hrim_actuator_gripper_srvs/environment/path.sh
[93.810s] -- Installing: /home/user/ros2_ws/install/hrim_actuator_gripper_srvs/share/hrim_actuator_gripper_srvs/environment/path.dsv
[93.810s] -- Installing: /home/user/ros2_ws/install/hrim_actuator_gripper_srvs/share/hrim_actuator_gripper_srvs/local_setup.bash
[93.810s] -- Installing: /home/user/ros2_ws/install/hrim_actuator_gripper_srvs/share/hrim_actuator_gripper_srvs/local_setup.sh
[93.811s] -- Installing: /home/user/ros2_ws/install/hrim_actuator_gripper_srvs/share/hrim_actuator_gripper_srvs/local_setup.zsh
[93.811s] -- Installing: /home/user/ros2_ws/install/hrim_actuator_gripper_srvs/share/hrim_actuator_gripper_srvs/local_setup.dsv
[93.811s] -- Installing: /home/user/ros2_ws/install/hrim_actuator_gripper_srvs/share/hrim_actuator_gripper_srvs/package.dsv
[93.811s] -- Up-to-date: /home/user/ros2_ws/install/hrim_actuator_gripper_srvs/share/ament_index/resource_index/packages/hrim_actuator_gripper_srvs
[93.812s] -- Up-to-date: /home/user/ros2_ws/install/hrim_actuator_gripper_srvs/share/hrim_actuator_gripper_srvs/cmake/hrim_actuator_gripper_srvs__rosidl_generator_cExport.cmake
[93.812s] -- Installing: /home/user/ros2_ws/install/hrim_actuator_gripper_srvs/share/hrim_actuator_gripper_srvs/cmake/hrim_actuator_gripper_srvs__rosidl_generator_cExport-noconfig.cmake
[93.814s] -- Up-to-date: /home/user/ros2_ws/install/hrim_actuator_gripper_srvs/share/hrim_actuator_gripper_srvs/cmake/hrim_actuator_gripper_srvs__rosidl_typesupport_introspection_cExport.cmake
[93.820s] -- Installing: /home/user/ros2_ws/install/hrim_actuator_gripper_srvs/share/hrim_actuator_gripper_srvs/cmake/hrim_actuator_gripper_srvs__rosidl_typesupport_introspection_cExport-noconfig.cmake
[93.820s] -- Up-to-date: /home/user/ros2_ws/install/hrim_actuator_gripper_srvs/share/hrim_actuator_gripper_srvs/cmake/hrim_actuator_gripper_srvs__rosidl_typesupport_cExport.cmake
[93.821s] -- Installing: /home/user/ros2_ws/install/hrim_actuator_gripper_srvs/share/hrim_actuator_gripper_srvs/cmake/hrim_actuator_gripper_srvs__rosidl_typesupport_cExport-noconfig.cmake
[93.826s] -- Up-to-date: /home/user/ros2_ws/install/hrim_actuator_gripper_srvs/share/hrim_actuator_gripper_srvs/cmake/hrim_actuator_gripper_srvs__rosidl_generator_cppExport.cmake
[93.827s] -- Up-to-date: /home/user/ros2_ws/install/hrim_actuator_gripper_srvs/share/hrim_actuator_gripper_srvs/cmake/hrim_actuator_gripper_srvs__rosidl_typesupport_introspection_cppExport.cmake
[93.830s] -- Installing: /home/user/ros2_ws/install/hrim_actuator_gripper_srvs/share/hrim_actuator_gripper_srvs/cmake/hrim_actuator_gripper_srvs__rosidl_typesupport_introspection_cppExport-noconfig.cmake
[93.833s] -- Up-to-date: /home/user/ros2_ws/install/hrim_actuator_gripper_srvs/share/hrim_actuator_gripper_srvs/cmake/hrim_actuator_gripper_srvs__rosidl_typesupport_cppExport.cmake
[93.833s] -- Installing: /home/user/ros2_ws/install/hrim_actuator_gripper_srvs/share/hrim_actuator_gripper_srvs/cmake/hrim_actuator_gripper_srvs__rosidl_typesupport_cppExport-noconfig.cmake
[93.838s] -- Up-to-date: /home/user/ros2_ws/install/hrim_actuator_gripper_srvs/share/hrim_actuator_gripper_srvs/cmake/rosidl_cmake-extras.cmake
[93.838s] -- Installing: /home/user/ros2_ws/install/hrim_actuator_gripper_srvs/share/hrim_actuator_gripper_srvs/cmake/ament_cmake_export_dependencies-extras.cmake
[93.839s] -- Up-to-date: /home/user/ros2_ws/install/hrim_actuator_gripper_srvs/share/hrim_actuator_gripper_srvs/cmake/ament_cmake_export_libraries-extras.cmake
[93.839s] -- Up-to-date: /home/user/ros2_ws/install/hrim_actuator_gripper_srvs/share/hrim_actuator_gripper_srvs/cmake/ament_cmake_export_targets-extras.cmake
[93.839s] -- Up-to-date: /home/user/ros2_ws/install/hrim_actuator_gripper_srvs/share/hrim_actuator_gripper_srvs/cmake/ament_cmake_export_include_directories-extras.cmake
[93.840s] -- Up-to-date: /home/user/ros2_ws/install/hrim_actuator_gripper_srvs/share/hrim_actuator_gripper_srvs/cmake/rosidl_cmake_export_typesupport_libraries-extras.cmake
[93.840s] -- Up-to-date: /home/user/ros2_ws/install/hrim_actuator_gripper_srvs/share/hrim_actuator_gripper_srvs/cmake/rosidl_cmake_export_typesupport_targets-extras.cmake
[93.841s] -- Up-to-date: /home/user/ros2_ws/install/hrim_actuator_gripper_srvs/share/hrim_actuator_gripper_srvs/cmake/hrim_actuator_gripper_srvsConfig.cmake
[93.841s] -- Up-to-date: /home/user/ros2_ws/install/hrim_actuator_gripper_srvs/share/hrim_actuator_gripper_srvs/cmake/hrim_actuator_gripper_srvsConfig-version.cmake
[93.842s] -- Up-to-date: /home/user/ros2_ws/install/hrim_actuator_gripper_srvs/share/hrim_actuator_gripper_srvs/package.xml
[94.117s] Invoked command in '/home/user/ros2_ws/build/hrim_actuator_gripper_srvs' returned '0': CMAKE_PREFIX_PATH=${CMAKE_PREFIX_PATH}:/opt/ros/foxy _=/usr/bin/env /usr/bin/cmake --install /home/user/ros2_ws/build/hrim_actuator_gripper_srvs
