-- Found ament_cmake: 0.9.9 (/opt/ros/foxy/share/ament_cmake/cmake)
-- Found PythonInterp: /usr/bin/python3 (found suitable version "3.8.10", minimum required is "3") 
-- Using PYTHON_EXECUTABLE: /usr/bin/python3
-- Found rosidl_default_generators: 1.0.1 (/opt/ros/foxy/share/rosidl_default_generators/cmake)
-- Using all available rosidl_typesupport_c: rosidl_typesupport_fastrtps_c;rosidl_typesupport_introspection_c
-- Found rosidl_adapter: 1.2.1 (/opt/ros/foxy/share/rosidl_adapter/cmake)
-- Using all available rosidl_typesupport_cpp: rosidl_typesupport_fastrtps_cpp;rosidl_typesupport_introspection_cpp
-- Found PythonInterp: /usr/bin/python3 (found version "3.8.10") 
-- Found ament_cmake_ros: 0.9.2 (/opt/ros/foxy/share/ament_cmake_ros/cmake)
-- Using all available rosidl_typesupport_c: rosidl_typesupport_fastrtps_c;rosidl_typesupport_introspection_c
-- Using all available rosidl_typesupport_cpp: rosidl_typesupport_fastrtps_cpp;rosidl_typesupport_introspection_cpp
-- Found PythonInterp: /usr/bin/python3 (found suitable version "3.8.10", minimum required is "3.5") 
-- Found python_cmake_module: 0.8.1 (/opt/ros/foxy/share/python_cmake_module/cmake)
-- Found PythonLibs: /usr/lib/x86_64-linux-gnu/libpython3.8.so (found suitable version "3.8.10", minimum required is "3.5") 
-- Using PYTHON_EXECUTABLE: /usr/bin/python3
-- Using PYTHON_INCLUDE_DIRS: /usr/include/python3.8
-- Using PYTHON_LIBRARIES: /usr/lib/x86_64-linux-gnu/libpython3.8.so
-- Configuring done
-- Generating done
-- Build files have been written to: /home/user/ros2_ws/build/hrim_generic_srvs
[35m[1mScanning dependencies of target hrim_generic_srvs__rosidl_generator_c[0m
[  1%] [32mBuilding C object CMakeFiles/hrim_generic_srvs__rosidl_generator_c.dir/rosidl_generator_c/hrim_generic_srvs/srv/detail/id__functions.c.o[0m
[  3%] [32mBuilding C object CMakeFiles/hrim_generic_srvs__rosidl_generator_c.dir/rosidl_generator_c/hrim_generic_srvs/srv/detail/specs_communication__functions.c.o[0m
[  5%] [32mBuilding C object CMakeFiles/hrim_generic_srvs__rosidl_generator_c.dir/rosidl_generator_c/hrim_generic_srvs/srv/detail/simulation_urdf__functions.c.o[0m
[  7%] [32mBuilding C object CMakeFiles/hrim_generic_srvs__rosidl_generator_c.dir/rosidl_generator_c/hrim_generic_srvs/srv/detail/simulation3_d__functions.c.o[0m
[  9%] [32m[1mLinking C shared library libhrim_generic_srvs__rosidl_generator_c.so[0m
[ 10%] Built target hrim_generic_srvs__rosidl_generator_c
[ 12%] Built target hrim_generic_srvs__cpp
[ 14%] [32m[1mLinking CXX shared library libhrim_generic_srvs__rosidl_typesupport_c.so[0m
[ 23%] Built target hrim_generic_srvs__rosidl_typesupport_c
[ 25%] [34m[1mGenerating C++ type support for eProsima Fast-RTPS[0m
