[0.281s] Invoking command in '/home/user/ros2_ws/build/hrim_generic_srvs': CMAKE_PREFIX_PATH=${CMAKE_PREFIX_PATH}:/opt/ros/foxy _=/usr/bin/env /usr/bin/cmake --build /home/user/ros2_ws/build/hrim_generic_srvs -- -j8 -l8
[24.863s] -- Found ament_cmake: 0.9.9 (/opt/ros/foxy/share/ament_cmake/cmake)
[24.864s] -- Found PythonInterp: /usr/bin/python3 (found suitable version "3.8.10", minimum required is "3") 
[24.864s] -- Using PYTHON_EXECUTABLE: /usr/bin/python3
[24.864s] -- Found rosidl_default_generators: 1.0.1 (/opt/ros/foxy/share/rosidl_default_generators/cmake)
[24.866s] -- Using all available rosidl_typesupport_c: rosidl_typesupport_fastrtps_c;rosidl_typesupport_introspection_c
[24.869s] -- Found rosidl_adapter: 1.2.1 (/opt/ros/foxy/share/rosidl_adapter/cmake)
[24.870s] -- Using all available rosidl_typesupport_cpp: rosidl_typesupport_fastrtps_cpp;rosidl_typesupport_introspection_cpp
[24.870s] -- Found PythonInterp: /usr/bin/python3 (found version "3.8.10") 
[24.870s] -- Found ament_cmake_ros: 0.9.2 (/opt/ros/foxy/share/ament_cmake_ros/cmake)
[24.870s] -- Using all available rosidl_typesupport_c: rosidl_typesupport_fastrtps_c;rosidl_typesupport_introspection_c
[24.871s] -- Using all available rosidl_typesupport_cpp: rosidl_typesupport_fastrtps_cpp;rosidl_typesupport_introspection_cpp
[24.871s] -- Found PythonInterp: /usr/bin/python3 (found suitable version "3.8.10", minimum required is "3.5") 
[24.871s] -- Found python_cmake_module: 0.8.1 (/opt/ros/foxy/share/python_cmake_module/cmake)
[24.871s] -- Found PythonLibs: /usr/lib/x86_64-linux-gnu/libpython3.8.so (found suitable version "3.8.10", minimum required is "3.5") 
[24.871s] -- Using PYTHON_EXECUTABLE: /usr/bin/python3
[24.872s] -- Using PYTHON_INCLUDE_DIRS: /usr/include/python3.8
[24.872s] -- Using PYTHON_LIBRARIES: /usr/lib/x86_64-linux-gnu/libpython3.8.so
[24.872s] -- Configuring done
[24.872s] -- Generating done
[24.873s] -- Build files have been written to: /home/user/ros2_ws/build/hrim_generic_srvs
[24.873s] [35m[1mScanning dependencies of target hrim_generic_srvs__rosidl_generator_c[0m
[24.873s] [  1%] [32mBuilding C object CMakeFiles/hrim_generic_srvs__rosidl_generator_c.dir/rosidl_generator_c/hrim_generic_srvs/srv/detail/id__functions.c.o[0m
[24.873s] [  3%] [32mBuilding C object CMakeFiles/hrim_generic_srvs__rosidl_generator_c.dir/rosidl_generator_c/hrim_generic_srvs/srv/detail/specs_communication__functions.c.o[0m
[24.873s] [  5%] [32mBuilding C object CMakeFiles/hrim_generic_srvs__rosidl_generator_c.dir/rosidl_generator_c/hrim_generic_srvs/srv/detail/simulation_urdf__functions.c.o[0m
[24.873s] [  7%] [32mBuilding C object CMakeFiles/hrim_generic_srvs__rosidl_generator_c.dir/rosidl_generator_c/hrim_generic_srvs/srv/detail/simulation3_d__functions.c.o[0m
[24.874s] [  9%] [32m[1mLinking C shared library libhrim_generic_srvs__rosidl_generator_c.so[0m
[24.874s] [ 10%] Built target hrim_generic_srvs__rosidl_generator_c
[24.874s] [ 12%] Built target hrim_generic_srvs__cpp
[24.874s] [ 14%] [32m[1mLinking CXX shared library libhrim_generic_srvs__rosidl_typesupport_c.so[0m
[24.875s] [ 23%] Built target hrim_generic_srvs__rosidl_typesupport_c
[24.875s] [ 25%] [34m[1mGenerating C++ type support for eProsima Fast-RTPS[0m
[24.875s] make[2]: *** Deleting file 'rosidl_typesupport_fastrtps_cpp/hrim_generic_srvs/srv/detail/dds_fastrtps/id__type_support.cpp'
[24.875s] make[2]: *** [CMakeFiles/hrim_generic_srvs__rosidl_typesupport_fastrtps_cpp.dir/build.make:73: rosidl_typesupport_fastrtps_cpp/hrim_generic_srvs/srv/detail/dds_fastrtps/id__type_support.cpp] Interrupt
[24.876s] make[1]: *** [CMakeFiles/Makefile2:444: CMakeFiles/hrim_generic_srvs__rosidl_typesupport_fastrtps_cpp.dir/all] Interrupt
[24.876s] make: *** [Makefile:141: all] Interrupt
[24.964s] Invoked command in '/home/user/ros2_ws/build/hrim_generic_srvs' returned '-2': CMAKE_PREFIX_PATH=${CMAKE_PREFIX_PATH}:/opt/ros/foxy _=/usr/bin/env /usr/bin/cmake --build /home/user/ros2_ws/build/hrim_generic_srvs -- -j8 -l8
