[1.949s] Invoking command in '/home/user/ros2_ws/src/ldmk_package': PYTHONPATH=/home/user/ros2_ws/install/ldmk_package/lib/python3.8/site-packages:${PYTHONPATH} _=/usr/bin/env /usr/bin/python3 setup.py egg_info --egg-base ../../build/ldmk_package build --build-base /home/user/ros2_ws/build/ldmk_package/build install --prefix /home/user/ros2_ws/install/ldmk_package --record /home/user/ros2_ws/build/ldmk_package/install.log --single-version-externally-managed
[3.830s] running egg_info
[3.831s] writing ../../build/ldmk_package/ldmk_package.egg-info/PKG-INFO
[3.834s] writing dependency_links to ../../build/ldmk_package/ldmk_package.egg-info/dependency_links.txt
[3.835s] writing entry points to ../../build/ldmk_package/ldmk_package.egg-info/entry_points.txt
[3.835s] writing requirements to ../../build/ldmk_package/ldmk_package.egg-info/requires.txt
[3.836s] writing top-level names to ../../build/ldmk_package/ldmk_package.egg-info/top_level.txt
[4.090s] reading manifest file '../../build/ldmk_package/ldmk_package.egg-info/SOURCES.txt'
[4.093s] writing manifest file '../../build/ldmk_package/ldmk_package.egg-info/SOURCES.txt'
[4.093s] running build
[4.094s] running build_py
[4.101s] copying ldmk_package/roboticsIK.py -> /home/user/ros2_ws/build/ldmk_package/build/lib/ldmk_package
[4.102s] running install
[4.110s] running install_lib
[4.116s] copying /home/user/ros2_ws/build/ldmk_package/build/lib/ldmk_package/roboticsIK.py -> /home/user/ros2_ws/install/ldmk_package/lib/python3.8/site-packages/ldmk_package
[4.118s] byte-compiling /home/user/ros2_ws/install/ldmk_package/lib/python3.8/site-packages/ldmk_package/roboticsIK.py to roboticsIK.cpython-38.pyc
[4.127s] running install_data
[4.129s] running install_egg_info
[4.141s] removing '/home/user/ros2_ws/install/ldmk_package/lib/python3.8/site-packages/ldmk_package-0.0.0-py3.8.egg-info' (and everything under it)
[4.143s] Copying ../../build/ldmk_package/ldmk_package.egg-info to /home/user/ros2_ws/install/ldmk_package/lib/python3.8/site-packages/ldmk_package-0.0.0-py3.8.egg-info
[4.147s] running install_scripts
[4.247s] Installing roboticsIK script to /home/user/ros2_ws/install/ldmk_package/lib/ldmk_package
[4.247s] writing list of installed files to '/home/user/ros2_ws/build/ldmk_package/install.log'
[4.343s] Invoked command in '/home/user/ros2_ws/src/ldmk_package' returned '0': PYTHONPATH=/home/user/ros2_ws/install/ldmk_package/lib/python3.8/site-packages:${PYTHONPATH} _=/usr/bin/env /usr/bin/python3 setup.py egg_info --egg-base ../../build/ldmk_package build --build-base /home/user/ros2_ws/build/ldmk_package/build install --prefix /home/user/ros2_ws/install/ldmk_package --record /home/user/ros2_ws/build/ldmk_package/install.log --single-version-externally-managed
