-- The C compiler identification is GNU 9.3.0
-- The CXX compiler identification is GNU 9.3.0
-- Check for working C compiler: /usr/bin/cc
-- Check for working C compiler: /usr/bin/cc -- works
-- Detecting C compiler ABI info
-- Detecting C compiler ABI info - done
-- Detecting C compile features
-- Detecting C compile features - done
-- Check for working CXX compiler: /usr/bin/c++
-- Check for working CXX compiler: /usr/bin/c++ -- works
-- Detecting CXX compiler ABI info
-- Detecting CXX compiler ABI info - done
-- Detecting CXX compile features
-- Detecting CXX compile features - done
-- Found ament_cmake: 0.9.7 (/opt/ros/foxy/share/ament_cmake/cmake)
-- Found PythonInterp: /usr/bin/python3 (found suitable version "3.8.5", minimum required is "3") 
-- Using PYTHON_EXECUTABLE: /usr/bin/python3
-- Found rclcpp: 2.2.0 (/opt/ros/foxy/share/rclcpp/cmake)
-- Using all available rosidl_typesupport_c: rosidl_typesupport_fastrtps_c;rosidl_typesupport_introspection_c
-- Found rosidl_adapter: 1.1.0 (/opt/ros/foxy/share/rosidl_adapter/cmake)
-- Found OpenSSL: /usr/lib/x86_64-linux-gnu/libcrypto.so (found version "1.1.1f")  
-- Found FastRTPS: /opt/ros/foxy/include  
-- Using all available rosidl_typesupport_cpp: rosidl_typesupport_fastrtps_cpp;rosidl_typesupport_introspection_cpp
-- Found rmw_implementation_cmake: 1.0.2 (/opt/ros/foxy/share/rmw_implementation_cmake/cmake)
-- Using RMW implementation 'rmw_fastrtps_cpp' as default
-- Looking for pthread.h
-- Looking for pthread.h - found
-- Performing Test CMAKE_HAVE_LIBC_PTHREAD
-- Performing Test CMAKE_HAVE_LIBC_PTHREAD - Failed
-- Looking for pthread_create in pthreads
-- Looking for pthread_create in pthreads - not found
-- Looking for pthread_create in pthread
-- Looking for pthread_create in pthread - found
-- Found Threads: TRUE  
-- Found rttest: 0.9.0 (/opt/ros/foxy/share/rttest/cmake)
-- Found hrim_generic_msgs: 0.3.0 (/home/user/ros2_ws/install/hrim_generic_msgs/share/hrim_generic_msgs/cmake)
-- Found hrim_actuator_rotaryservo_msgs: 0.3.0 (/home/user/ros2_ws/install/hrim_actuator_rotaryservo_msgs/share/hrim_actuator_rotaryservo_msgs/cmake)
-- Found trajectory_msgs: 2.0.3 (/opt/ros/foxy/share/trajectory_msgs/cmake)
-- Found control_msgs: 0.0.1 (/home/user/ros2_ws/install/control_msgs/share/control_msgs/cmake)
-- Found yaml_cpp_vendor: 7.0.2 (/opt/ros/foxy/share/yaml_cpp_vendor/cmake)
-- Setting yaml-cpp_DIR to: '/opt/ros/foxy/share/yaml_cpp_vendor/cmake/../../../opt/yaml_cpp_vendor/lib/cmake/yaml-cpp'
-- Configuring done
-- Generating done
-- Build files have been written to: /home/user/ros2_ws/build/hros_cognition_mara_components
[35m[1mScanning dependencies of target hros_cognition_mara_components[0m
[ 20%] [32mBuilding CXX object CMakeFiles/hros_cognition_mara_components.dir/src/main.cpp.o[0m
[ 40%] [32mBuilding CXX object CMakeFiles/hros_cognition_mara_components.dir/src/TopicState.cpp.o[0m
[ 60%] [32mBuilding CXX object CMakeFiles/hros_cognition_mara_components.dir/src/TopicCommand.cpp.o[0m
[ 80%] [32mBuilding CXX object CMakeFiles/hros_cognition_mara_components.dir/src/HROSCognitionMaraComponents.cpp.o[0m
[100%] [32m[1mLinking CXX executable hros_cognition_mara_components[0m
[100%] Built target hros_cognition_mara_components
-- Install configuration: ""
-- Installing: /home/user/ros2_ws/install/hros_cognition_mara_components/lib/hros_cognition_mara_components/hros_cognition_mara_components
-- Set runtime path of "/home/user/ros2_ws/install/hros_cognition_mara_components/lib/hros_cognition_mara_components/hros_cognition_mara_components" to ""
-- Installing: /home/user/ros2_ws/install/hros_cognition_mara_components/share/hros_cognition_mara_components/motors.yaml
-- Installing: /home/user/ros2_ws/install/hros_cognition_mara_components/share/hros_cognition_mara_components/two_motors.yaml
-- Installing: /home/user/ros2_ws/install/hros_cognition_mara_components/share/ament_index/resource_index/package_run_dependencies/hros_cognition_mara_components
-- Installing: /home/user/ros2_ws/install/hros_cognition_mara_components/share/ament_index/resource_index/parent_prefix_path/hros_cognition_mara_components
-- Installing: /home/user/ros2_ws/install/hros_cognition_mara_components/share/hros_cognition_mara_components/environment/ament_prefix_path.sh
-- Installing: /home/user/ros2_ws/install/hros_cognition_mara_components/share/hros_cognition_mara_components/environment/ament_prefix_path.dsv
-- Installing: /home/user/ros2_ws/install/hros_cognition_mara_components/share/hros_cognition_mara_components/environment/path.sh
-- Installing: /home/user/ros2_ws/install/hros_cognition_mara_components/share/hros_cognition_mara_components/environment/path.dsv
-- Installing: /home/user/ros2_ws/install/hros_cognition_mara_components/share/hros_cognition_mara_components/local_setup.bash
-- Installing: /home/user/ros2_ws/install/hros_cognition_mara_components/share/hros_cognition_mara_components/local_setup.sh
-- Installing: /home/user/ros2_ws/install/hros_cognition_mara_components/share/hros_cognition_mara_components/local_setup.zsh
-- Installing: /home/user/ros2_ws/install/hros_cognition_mara_components/share/hros_cognition_mara_components/local_setup.dsv
-- Installing: /home/user/ros2_ws/install/hros_cognition_mara_components/share/hros_cognition_mara_components/package.dsv
-- Installing: /home/user/ros2_ws/install/hros_cognition_mara_components/share/ament_index/resource_index/packages/hros_cognition_mara_components
-- Installing: /home/user/ros2_ws/install/hros_cognition_mara_components/share/hros_cognition_mara_components/cmake/hros_cognition_mara_componentsConfig.cmake
-- Installing: /home/user/ros2_ws/install/hros_cognition_mara_components/share/hros_cognition_mara_components/cmake/hros_cognition_mara_componentsConfig-version.cmake
-- Installing: /home/user/ros2_ws/install/hros_cognition_mara_components/share/hros_cognition_mara_components/package.xml
