[0.133s] Invoking command in '/home/user/ros2_ws/build/hros_cognition_mara_components': AMENT_PREFIX_PATH=/home/user/ros2_ws/install/hrim_generic_msgs:/home/user/ros2_ws/install/hrim_actuator_rotaryservo_msgs:/home/user/ros2_ws/install/control_msgs:${AMENT_PREFIX_PATH} CMAKE_PREFIX_PATH=/home/user/ros2_ws/install/hrim_generic_msgs:/home/user/ros2_ws/install/hrim_actuator_rotaryservo_msgs:/home/user/ros2_ws/install/control_msgs:/opt/ros/foxy:${CMAKE_PREFIX_PATH} LD_LIBRARY_PATH=/home/user/ros2_ws/install/hrim_generic_msgs/lib:/home/user/ros2_ws/install/hrim_actuator_rotaryservo_msgs/lib:/home/user/ros2_ws/install/control_msgs/lib:${LD_LIBRARY_PATH} PYTHONPATH=/home/user/ros2_ws/install/hrim_generic_msgs/lib/python3.8/site-packages:/home/user/ros2_ws/install/hrim_actuator_rotaryservo_msgs/lib/python3.8/site-packages:/home/user/ros2_ws/install/control_msgs/lib/python3.8/site-packages:${PYTHONPATH} _=/usr/bin/env /usr/bin/cmake /home/user/ros2_ws/src/ros2_mara/mara/hros_cognition_mara_components -DCMAKE_INSTALL_PREFIX=/home/user/ros2_ws/install/hros_cognition_mara_components
[0.335s] -- The C compiler identification is GNU 9.3.0
[0.487s] -- The CXX compiler identification is GNU 9.3.0
[0.499s] -- Check for working C compiler: /usr/bin/cc
[0.755s] -- Check for working C compiler: /usr/bin/cc -- works
[0.763s] -- Detecting C compiler ABI info
[1.038s] -- Detecting C compiler ABI info - done
[1.061s] -- Detecting C compile features
[1.062s] -- Detecting C compile features - done
[1.065s] -- Check for working CXX compiler: /usr/bin/c++
[1.387s] -- Check for working CXX compiler: /usr/bin/c++ -- works
[1.389s] -- Detecting CXX compiler ABI info
[1.653s] -- Detecting CXX compiler ABI info - done
[1.710s] -- Detecting CXX compile features
[1.720s] -- Detecting CXX compile features - done
[1.725s] -- Found ament_cmake: 0.9.7 (/opt/ros/foxy/share/ament_cmake/cmake)
[1.813s] -- Found PythonInterp: /usr/bin/python3 (found suitable version "3.8.5", minimum required is "3") 
[1.814s] -- Using PYTHON_EXECUTABLE: /usr/bin/python3
[2.627s] -- Found rclcpp: 2.2.0 (/opt/ros/foxy/share/rclcpp/cmake)
[2.711s] -- Using all available rosidl_typesupport_c: rosidl_typesupport_fastrtps_c;rosidl_typesupport_introspection_c
[2.735s] -- Found rosidl_adapter: 1.1.0 (/opt/ros/foxy/share/rosidl_adapter/cmake)
[3.321s] -- Found OpenSSL: /usr/lib/x86_64-linux-gnu/libcrypto.so (found version "1.1.1f")  
[3.410s] -- Found FastRTPS: /opt/ros/foxy/include  
[3.623s] -- Using all available rosidl_typesupport_cpp: rosidl_typesupport_fastrtps_cpp;rosidl_typesupport_introspection_cpp
[3.804s] -- Found rmw_implementation_cmake: 1.0.2 (/opt/ros/foxy/share/rmw_implementation_cmake/cmake)
[3.807s] -- Using RMW implementation 'rmw_fastrtps_cpp' as default
[3.809s] -- Looking for pthread.h
[4.088s] -- Looking for pthread.h - found
[4.088s] -- Performing Test CMAKE_HAVE_LIBC_PTHREAD
[4.415s] -- Performing Test CMAKE_HAVE_LIBC_PTHREAD - Failed
[4.416s] -- Looking for pthread_create in pthreads
[4.687s] -- Looking for pthread_create in pthreads - not found
[4.688s] -- Looking for pthread_create in pthread
[4.981s] -- Looking for pthread_create in pthread - found
[4.983s] -- Found Threads: TRUE  
[5.260s] -- Found rttest: 0.9.0 (/opt/ros/foxy/share/rttest/cmake)
[5.266s] -- Found hrim_generic_msgs: 0.3.0 (/home/user/ros2_ws/install/hrim_generic_msgs/share/hrim_generic_msgs/cmake)
[5.322s] -- Found hrim_actuator_rotaryservo_msgs: 0.3.0 (/home/user/ros2_ws/install/hrim_actuator_rotaryservo_msgs/share/hrim_actuator_rotaryservo_msgs/cmake)
[5.525s] -- Found trajectory_msgs: 2.0.3 (/opt/ros/foxy/share/trajectory_msgs/cmake)
[5.679s] -- Found control_msgs: 0.0.1 (/home/user/ros2_ws/install/control_msgs/share/control_msgs/cmake)
[5.933s] -- Found yaml_cpp_vendor: 7.0.2 (/opt/ros/foxy/share/yaml_cpp_vendor/cmake)
[5.933s] -- Setting yaml-cpp_DIR to: '/opt/ros/foxy/share/yaml_cpp_vendor/cmake/../../../opt/yaml_cpp_vendor/lib/cmake/yaml-cpp'
[6.076s] -- Configuring done
[6.217s] -- Generating done
[6.220s] -- Build files have been written to: /home/user/ros2_ws/build/hros_cognition_mara_components
[6.252s] Invoked command in '/home/user/ros2_ws/build/hros_cognition_mara_components' returned '0': AMENT_PREFIX_PATH=/home/user/ros2_ws/install/hrim_generic_msgs:/home/user/ros2_ws/install/hrim_actuator_rotaryservo_msgs:/home/user/ros2_ws/install/control_msgs:${AMENT_PREFIX_PATH} CMAKE_PREFIX_PATH=/home/user/ros2_ws/install/hrim_generic_msgs:/home/user/ros2_ws/install/hrim_actuator_rotaryservo_msgs:/home/user/ros2_ws/install/control_msgs:/opt/ros/foxy:${CMAKE_PREFIX_PATH} LD_LIBRARY_PATH=/home/user/ros2_ws/install/hrim_generic_msgs/lib:/home/user/ros2_ws/install/hrim_actuator_rotaryservo_msgs/lib:/home/user/ros2_ws/install/control_msgs/lib:${LD_LIBRARY_PATH} PYTHONPATH=/home/user/ros2_ws/install/hrim_generic_msgs/lib/python3.8/site-packages:/home/user/ros2_ws/install/hrim_actuator_rotaryservo_msgs/lib/python3.8/site-packages:/home/user/ros2_ws/install/control_msgs/lib/python3.8/site-packages:${PYTHONPATH} _=/usr/bin/env /usr/bin/cmake /home/user/ros2_ws/src/ros2_mara/mara/hros_cognition_mara_components -DCMAKE_INSTALL_PREFIX=/home/user/ros2_ws/install/hros_cognition_mara_components
[6.254s] Invoking command in '/home/user/ros2_ws/build/hros_cognition_mara_components': AMENT_PREFIX_PATH=/home/user/ros2_ws/install/hrim_generic_msgs:/home/user/ros2_ws/install/hrim_actuator_rotaryservo_msgs:/home/user/ros2_ws/install/control_msgs:${AMENT_PREFIX_PATH} CMAKE_PREFIX_PATH=/home/user/ros2_ws/install/hrim_generic_msgs:/home/user/ros2_ws/install/hrim_actuator_rotaryservo_msgs:/home/user/ros2_ws/install/control_msgs:/opt/ros/foxy:${CMAKE_PREFIX_PATH} LD_LIBRARY_PATH=/home/user/ros2_ws/install/hrim_generic_msgs/lib:/home/user/ros2_ws/install/hrim_actuator_rotaryservo_msgs/lib:/home/user/ros2_ws/install/control_msgs/lib:${LD_LIBRARY_PATH} PYTHONPATH=/home/user/ros2_ws/install/hrim_generic_msgs/lib/python3.8/site-packages:/home/user/ros2_ws/install/hrim_actuator_rotaryservo_msgs/lib/python3.8/site-packages:/home/user/ros2_ws/install/control_msgs/lib/python3.8/site-packages:${PYTHONPATH} _=/usr/bin/env /usr/bin/cmake --build /home/user/ros2_ws/build/hros_cognition_mara_components -- -j16 -l16
[6.388s] [35m[1mScanning dependencies of target hros_cognition_mara_components[0m
[6.625s] [ 20%] [32mBuilding CXX object CMakeFiles/hros_cognition_mara_components.dir/src/main.cpp.o[0m
[10.677s] [ 40%] [32mBuilding CXX object CMakeFiles/hros_cognition_mara_components.dir/src/TopicState.cpp.o[0m
[15.436s] [ 60%] [32mBuilding CXX object CMakeFiles/hros_cognition_mara_components.dir/src/TopicCommand.cpp.o[0m
[20.491s] [ 80%] [32mBuilding CXX object CMakeFiles/hros_cognition_mara_components.dir/src/HROSCognitionMaraComponents.cpp.o[0m
[35.417s] [100%] [32m[1mLinking CXX executable hros_cognition_mara_components[0m
[36.173s] [100%] Built target hros_cognition_mara_components
[36.196s] Invoked command in '/home/user/ros2_ws/build/hros_cognition_mara_components' returned '0': AMENT_PREFIX_PATH=/home/user/ros2_ws/install/hrim_generic_msgs:/home/user/ros2_ws/install/hrim_actuator_rotaryservo_msgs:/home/user/ros2_ws/install/control_msgs:${AMENT_PREFIX_PATH} CMAKE_PREFIX_PATH=/home/user/ros2_ws/install/hrim_generic_msgs:/home/user/ros2_ws/install/hrim_actuator_rotaryservo_msgs:/home/user/ros2_ws/install/control_msgs:/opt/ros/foxy:${CMAKE_PREFIX_PATH} LD_LIBRARY_PATH=/home/user/ros2_ws/install/hrim_generic_msgs/lib:/home/user/ros2_ws/install/hrim_actuator_rotaryservo_msgs/lib:/home/user/ros2_ws/install/control_msgs/lib:${LD_LIBRARY_PATH} PYTHONPATH=/home/user/ros2_ws/install/hrim_generic_msgs/lib/python3.8/site-packages:/home/user/ros2_ws/install/hrim_actuator_rotaryservo_msgs/lib/python3.8/site-packages:/home/user/ros2_ws/install/control_msgs/lib/python3.8/site-packages:${PYTHONPATH} _=/usr/bin/env /usr/bin/cmake --build /home/user/ros2_ws/build/hros_cognition_mara_components -- -j16 -l16
[36.346s] Invoking command in '/home/user/ros2_ws/build/hros_cognition_mara_components': AMENT_PREFIX_PATH=/home/user/ros2_ws/install/hrim_generic_msgs:/home/user/ros2_ws/install/hrim_actuator_rotaryservo_msgs:/home/user/ros2_ws/install/control_msgs:${AMENT_PREFIX_PATH} CMAKE_PREFIX_PATH=/home/user/ros2_ws/install/hrim_generic_msgs:/home/user/ros2_ws/install/hrim_actuator_rotaryservo_msgs:/home/user/ros2_ws/install/control_msgs:/opt/ros/foxy:${CMAKE_PREFIX_PATH} LD_LIBRARY_PATH=/home/user/ros2_ws/install/hrim_generic_msgs/lib:/home/user/ros2_ws/install/hrim_actuator_rotaryservo_msgs/lib:/home/user/ros2_ws/install/control_msgs/lib:${LD_LIBRARY_PATH} PYTHONPATH=/home/user/ros2_ws/install/hrim_generic_msgs/lib/python3.8/site-packages:/home/user/ros2_ws/install/hrim_actuator_rotaryservo_msgs/lib/python3.8/site-packages:/home/user/ros2_ws/install/control_msgs/lib/python3.8/site-packages:${PYTHONPATH} _=/usr/bin/env /usr/bin/cmake --install /home/user/ros2_ws/build/hros_cognition_mara_components
[36.363s] -- Install configuration: ""
[36.364s] -- Installing: /home/user/ros2_ws/install/hros_cognition_mara_components/lib/hros_cognition_mara_components/hros_cognition_mara_components
[36.369s] -- Set runtime path of "/home/user/ros2_ws/install/hros_cognition_mara_components/lib/hros_cognition_mara_components/hros_cognition_mara_components" to ""
[36.369s] -- Installing: /home/user/ros2_ws/install/hros_cognition_mara_components/share/hros_cognition_mara_components/motors.yaml
[36.370s] -- Installing: /home/user/ros2_ws/install/hros_cognition_mara_components/share/hros_cognition_mara_components/two_motors.yaml
[36.370s] -- Installing: /home/user/ros2_ws/install/hros_cognition_mara_components/share/ament_index/resource_index/package_run_dependencies/hros_cognition_mara_components
[36.371s] -- Installing: /home/user/ros2_ws/install/hros_cognition_mara_components/share/ament_index/resource_index/parent_prefix_path/hros_cognition_mara_components
[36.371s] -- Installing: /home/user/ros2_ws/install/hros_cognition_mara_components/share/hros_cognition_mara_components/environment/ament_prefix_path.sh
[36.371s] -- Installing: /home/user/ros2_ws/install/hros_cognition_mara_components/share/hros_cognition_mara_components/environment/ament_prefix_path.dsv
[36.372s] -- Installing: /home/user/ros2_ws/install/hros_cognition_mara_components/share/hros_cognition_mara_components/environment/path.sh
[36.373s] -- Installing: /home/user/ros2_ws/install/hros_cognition_mara_components/share/hros_cognition_mara_components/environment/path.dsv
[36.373s] -- Installing: /home/user/ros2_ws/install/hros_cognition_mara_components/share/hros_cognition_mara_components/local_setup.bash
[36.374s] -- Installing: /home/user/ros2_ws/install/hros_cognition_mara_components/share/hros_cognition_mara_components/local_setup.sh
[36.374s] -- Installing: /home/user/ros2_ws/install/hros_cognition_mara_components/share/hros_cognition_mara_components/local_setup.zsh
[36.375s] -- Installing: /home/user/ros2_ws/install/hros_cognition_mara_components/share/hros_cognition_mara_components/local_setup.dsv
[36.375s] -- Installing: /home/user/ros2_ws/install/hros_cognition_mara_components/share/hros_cognition_mara_components/package.dsv
[36.376s] -- Installing: /home/user/ros2_ws/install/hros_cognition_mara_components/share/ament_index/resource_index/packages/hros_cognition_mara_components
[36.377s] -- Installing: /home/user/ros2_ws/install/hros_cognition_mara_components/share/hros_cognition_mara_components/cmake/hros_cognition_mara_componentsConfig.cmake
[36.377s] -- Installing: /home/user/ros2_ws/install/hros_cognition_mara_components/share/hros_cognition_mara_components/cmake/hros_cognition_mara_componentsConfig-version.cmake
[36.377s] -- Installing: /home/user/ros2_ws/install/hros_cognition_mara_components/share/hros_cognition_mara_components/package.xml
[36.384s] Invoked command in '/home/user/ros2_ws/build/hros_cognition_mara_components' returned '0': AMENT_PREFIX_PATH=/home/user/ros2_ws/install/hrim_generic_msgs:/home/user/ros2_ws/install/hrim_actuator_rotaryservo_msgs:/home/user/ros2_ws/install/control_msgs:${AMENT_PREFIX_PATH} CMAKE_PREFIX_PATH=/home/user/ros2_ws/install/hrim_generic_msgs:/home/user/ros2_ws/install/hrim_actuator_rotaryservo_msgs:/home/user/ros2_ws/install/control_msgs:/opt/ros/foxy:${CMAKE_PREFIX_PATH} LD_LIBRARY_PATH=/home/user/ros2_ws/install/hrim_generic_msgs/lib:/home/user/ros2_ws/install/hrim_actuator_rotaryservo_msgs/lib:/home/user/ros2_ws/install/control_msgs/lib:${LD_LIBRARY_PATH} PYTHONPATH=/home/user/ros2_ws/install/hrim_generic_msgs/lib/python3.8/site-packages:/home/user/ros2_ws/install/hrim_actuator_rotaryservo_msgs/lib/python3.8/site-packages:/home/user/ros2_ws/install/control_msgs/lib/python3.8/site-packages:${PYTHONPATH} _=/usr/bin/env /usr/bin/cmake --install /home/user/ros2_ws/build/hros_cognition_mara_components
