-- Found ament_cmake: 0.9.9 (/opt/ros/foxy/share/ament_cmake/cmake)
-- Found PythonInterp: /usr/bin/python3 (found suitable version "3.8.10", minimum required is "3") 
-- Using PYTHON_EXECUTABLE: /usr/bin/python3
-- Found rclcpp: 2.4.0 (/opt/ros/foxy/share/rclcpp/cmake)
-- Using all available rosidl_typesupport_c: rosidl_typesupport_fastrtps_c;rosidl_typesupport_introspection_c
-- Found rosidl_adapter: 1.2.1 (/opt/ros/foxy/share/rosidl_adapter/cmake)
-- Using all available rosidl_typesupport_cpp: rosidl_typesupport_fastrtps_cpp;rosidl_typesupport_introspection_cpp
-- Found rmw_implementation_cmake: 1.0.3 (/opt/ros/foxy/share/rmw_implementation_cmake/cmake)
-- Using RMW implementation 'rmw_fastrtps_cpp' as default
-- Found rttest: 0.9.0 (/opt/ros/foxy/share/rttest/cmake)
-- Found hrim_generic_msgs: 0.3.0 (/home/user/ros2_ws/install/hrim_generic_msgs/share/hrim_generic_msgs/cmake)
-- Found hrim_actuator_rotaryservo_msgs: 0.3.0 (/home/user/ros2_ws/install/hrim_actuator_rotaryservo_msgs/share/hrim_actuator_rotaryservo_msgs/cmake)
-- Found trajectory_msgs: 2.0.4 (/opt/ros/foxy/share/trajectory_msgs/cmake)
-- Found control_msgs: 0.0.1 (/home/user/ros2_ws/install/control_msgs/share/control_msgs/cmake)
-- Found yaml_cpp_vendor: 7.0.2 (/opt/ros/foxy/share/yaml_cpp_vendor/cmake)
-- Setting yaml-cpp_DIR to: '/opt/ros/foxy/share/yaml_cpp_vendor/cmake/../../../opt/yaml_cpp_vendor/lib/cmake/yaml-cpp'
-- Configuring done
-- Generating done
-- Build files have been written to: /home/user/ros2_ws/build/hros_cognition_mara_components
[35m[1mScanning dependencies of target hros_cognition_mara_components[0m
[ 20%] [32mBuilding CXX object CMakeFiles/hros_cognition_mara_components.dir/src/main.cpp.o[0m
[ 40%] [32mBuilding CXX object CMakeFiles/hros_cognition_mara_components.dir/src/TopicState.cpp.o[0m
[ 60%] [32mBuilding CXX object CMakeFiles/hros_cognition_mara_components.dir/src/TopicCommand.cpp.o[0m
[ 80%] [32mBuilding CXX object CMakeFiles/hros_cognition_mara_components.dir/src/HROSCognitionMaraComponents.cpp.o[0m
[100%] [32m[1mLinking CXX executable hros_cognition_mara_components[0m
[100%] Built target hros_cognition_mara_components
