[0.294s] Invoking command in '/home/user/ros2_ws/build/hros_cognition_mara_components': CMAKE_PREFIX_PATH=/home/user/ros2_ws/install/hrim_generic_msgs:/home/user/ros2_ws/install/hrim_actuator_rotaryservo_msgs:/home/user/ros2_ws/install/control_msgs:/home/simulations/ros2_sims_ws/install/ros1_bridge:/home/user/ros2_ws/install/robotiq_hande_gripper_description:/home/user/ros2_ws/install/robotiq_gripper_gazebo_plugins:/home/user/ros2_ws/install/robotiq_gazebo:/home/user/ros2_ws/install/robotiq_85_gripper_description:/home/user/ros2_ws/install/robotiq_140_gripper_description:/home/user/ros2_ws/install/mara_utils_scripts:/home/user/ros2_ws/install/mara_minimal_trajectory_action:/home/user/ros2_ws/install/mara_minimal_subscriber:/home/user/ros2_ws/install/mara_minimal_publisher:/home/user/ros2_ws/install/mara_gazebo_plugins:/home/user/ros2_ws/install/mara_gazebo:/home/user/ros2_ws/install/mara_description:/home/user/ros2_ws/install/mara_contact_publisher:/home/user/ros2_ws/install/mara_bringup:/home/user/ros2_ws/install/individual_trajectories_bridge:/home/user/ros2_ws/install/hros_cognition_mara_components:/home/user/ros2_ws/install/hrim_generic_srvs:/home/user/ros2_ws/install/hrim_actuator_rotaryservo_srvs:/home/user/ros2_ws/install/hrim_actuator_rotaryservo_actions:/home/user/ros2_ws/install/gripper_minimal_service:/home/user/ros2_ws/install/hrim_actuator_gripper_srvs:/home/user/ros2_ws/install/gripper_minimal_subscriber:/home/user/ros2_ws/install/hrim_actuator_gripper_msgs:/home/user/ros2_ws/install/hans_t9_4_description:/home/user/ros2_ws/install/hans_t49_description:/home/user/ros2_ws/install/hans_t30_description:/home/user/ros2_ws/install/hans_modular_gazebo:/opt/ros/foxy LD_LIBRARY_PATH=/home/user/ros2_ws/install/hrim_generic_msgs/lib:/home/user/ros2_ws/install/hrim_actuator_rotaryservo_msgs/lib:/home/user/ros2_ws/install/control_msgs/lib:/usr/local/cuda-10.2/lib64:/home/user/.catkin_ws_python3/src/TensorRT-7.0.0.11/lib:/home/simulations/ros2_sims_ws/install/ros1_bridge/lib:/home/user/ros2_ws/install/robotiq_gripper_gazebo_plugins/lib:/home/user/ros2_ws/install/mara_gazebo_plugins/lib:/home/user/ros2_ws/install/hrim_generic_srvs/lib:/home/user/ros2_ws/install/hrim_actuator_rotaryservo_srvs/lib:/home/user/ros2_ws/install/hrim_actuator_rotaryservo_actions/lib:/home/user/ros2_ws/install/hrim_actuator_gripper_srvs/lib:/home/user/ros2_ws/install/hrim_actuator_gripper_msgs/lib:/opt/ros/foxy/opt/yaml_cpp_vendor/lib:/opt/ros/foxy/opt/rviz_ogre_vendor/lib:/opt/ros/foxy/lib/x86_64-linux-gnu:/opt/ros/foxy/lib:/usr/local/cuda-10.2/lib64:/home/user/.catkin_ws_python3/src/TensorRT-7.0.0.11/lib:/usr/local/nvidia/lib:/usr/local/nvidia/lib64:/usr/lib/x86_64-linux-gnu/gazebo-11/plugins:/usr/lib/x86_64-linux-gnu/gazebo-11/plugins PYTHONPATH=/home/user/ros2_ws/install/hrim_generic_msgs/lib/python3.8/site-packages:/home/user/ros2_ws/install/hrim_actuator_rotaryservo_msgs/lib/python3.8/site-packages:/home/user/ros2_ws/install/control_msgs/lib/python3.8/site-packages:/home/simulations/ros2_sims_ws/install/ros1_bridge/lib/python3.8/site-packages:/home/user/ros2_ws/install/hrim_generic_srvs/lib/python3.8/site-packages:/home/user/ros2_ws/install/hrim_actuator_rotaryservo_srvs/lib/python3.8/site-packages:/home/user/ros2_ws/install/hrim_actuator_rotaryservo_actions/lib/python3.8/site-packages:/home/user/ros2_ws/install/hrim_actuator_gripper_srvs/lib/python3.8/site-packages:/home/user/ros2_ws/install/hrim_actuator_gripper_msgs/lib/python3.8/site-packages:/opt/ros/foxy/lib/python3.8/site-packages _=/usr/bin/env /usr/bin/cmake --build /home/user/ros2_ws/build/hros_cognition_mara_components -- -j8 -l8
[0.616s] -- Found ament_cmake: 0.9.9 (/opt/ros/foxy/share/ament_cmake/cmake)
[0.842s] -- Found PythonInterp: /usr/bin/python3 (found suitable version "3.8.10", minimum required is "3") 
[0.842s] -- Using PYTHON_EXECUTABLE: /usr/bin/python3
[3.430s] -- Found rclcpp: 2.4.0 (/opt/ros/foxy/share/rclcpp/cmake)
[3.792s] -- Using all available rosidl_typesupport_c: rosidl_typesupport_fastrtps_c;rosidl_typesupport_introspection_c
[3.804s] -- Found rosidl_adapter: 1.2.1 (/opt/ros/foxy/share/rosidl_adapter/cmake)
[5.519s] -- Using all available rosidl_typesupport_cpp: rosidl_typesupport_fastrtps_cpp;rosidl_typesupport_introspection_cpp
[6.039s] -- Found rmw_implementation_cmake: 1.0.3 (/opt/ros/foxy/share/rmw_implementation_cmake/cmake)
[6.087s] -- Using RMW implementation 'rmw_fastrtps_cpp' as default
[7.486s] -- Found rttest: 0.9.0 (/opt/ros/foxy/share/rttest/cmake)
[7.514s] -- Found hrim_generic_msgs: 0.3.0 (/home/user/ros2_ws/install/hrim_generic_msgs/share/hrim_generic_msgs/cmake)
[8.051s] -- Found hrim_actuator_rotaryservo_msgs: 0.3.0 (/home/user/ros2_ws/install/hrim_actuator_rotaryservo_msgs/share/hrim_actuator_rotaryservo_msgs/cmake)
[9.346s] -- Found trajectory_msgs: 2.0.4 (/opt/ros/foxy/share/trajectory_msgs/cmake)
[9.991s] -- Found control_msgs: 0.0.1 (/home/user/ros2_ws/install/control_msgs/share/control_msgs/cmake)
[11.130s] -- Found yaml_cpp_vendor: 7.0.2 (/opt/ros/foxy/share/yaml_cpp_vendor/cmake)
[11.130s] -- Setting yaml-cpp_DIR to: '/opt/ros/foxy/share/yaml_cpp_vendor/cmake/../../../opt/yaml_cpp_vendor/lib/cmake/yaml-cpp'
[11.904s] -- Configuring done
[12.027s] -- Generating done
[12.037s] -- Build files have been written to: /home/user/ros2_ws/build/hros_cognition_mara_components
[12.228s] [35m[1mScanning dependencies of target hros_cognition_mara_components[0m
[12.687s] [ 20%] [32mBuilding CXX object CMakeFiles/hros_cognition_mara_components.dir/src/main.cpp.o[0m
[42.710s] [ 40%] [32mBuilding CXX object CMakeFiles/hros_cognition_mara_components.dir/src/TopicState.cpp.o[0m
[56.917s] [ 60%] [32mBuilding CXX object CMakeFiles/hros_cognition_mara_components.dir/src/TopicCommand.cpp.o[0m
[71.814s] [ 80%] [32mBuilding CXX object CMakeFiles/hros_cognition_mara_components.dir/src/HROSCognitionMaraComponents.cpp.o[0m
[162.243s] [100%] [32m[1mLinking CXX executable hros_cognition_mara_components[0m
[163.793s] [100%] Built target hros_cognition_mara_components
