[0.261s] Invoking command in '/home/user/ros2_ws/build/mara_gazebo': CMAKE_PREFIX_PATH=/opt/ros/foxy:${CMAKE_PREFIX_PATH} _=/usr/bin/env /usr/bin/cmake /home/user/ros2_ws/src/ros2_mara/mara/mara_gazebo -DCMAKE_INSTALL_PREFIX=/home/user/ros2_ws/install/mara_gazebo
[16.802s] -- The C compiler identification is GNU 9.3.0
[16.802s] -- The CXX compiler identification is GNU 9.3.0
[16.802s] -- Check for working C compiler: /usr/bin/cc
[16.802s] -- Check for working C compiler: /usr/bin/cc -- works
[16.803s] -- Detecting C compiler ABI info
[16.803s] -- Detecting C compiler ABI info - done
[16.803s] -- Detecting C compile features
[16.803s] -- Detecting C compile features - done
[16.803s] -- Check for working CXX compiler: /usr/bin/c++
[16.803s] -- Check for working CXX compiler: /usr/bin/c++ -- works
[16.803s] -- Detecting CXX compiler ABI info
[16.803s] -- Detecting CXX compiler ABI info - done
[16.803s] -- Detecting CXX compile features
[16.804s] -- Detecting CXX compile features - done
[16.804s] -- Found ament_cmake: 0.9.7 (/opt/ros/foxy/share/ament_cmake/cmake)
[16.804s] -- Found PythonInterp: /usr/bin/python3 (found suitable version "3.8.5", minimum required is "3") 
[16.804s] -- Using PYTHON_EXECUTABLE: /usr/bin/python3
[16.804s] -- Found urdf: 2.4.0 (/opt/ros/foxy/share/urdf/cmake)
[16.804s] -- Configuring done
[16.804s] -- Generating done
[16.805s] -- Build files have been written to: /home/user/ros2_ws/build/mara_gazebo
[16.822s] Invoked command in '/home/user/ros2_ws/build/mara_gazebo' returned '0': CMAKE_PREFIX_PATH=/opt/ros/foxy:${CMAKE_PREFIX_PATH} _=/usr/bin/env /usr/bin/cmake /home/user/ros2_ws/src/ros2_mara/mara/mara_gazebo -DCMAKE_INSTALL_PREFIX=/home/user/ros2_ws/install/mara_gazebo
[16.827s] Invoking command in '/home/user/ros2_ws/build/mara_gazebo': CMAKE_PREFIX_PATH=/opt/ros/foxy:${CMAKE_PREFIX_PATH} _=/usr/bin/env /usr/bin/cmake --build /home/user/ros2_ws/build/mara_gazebo -- -j16 -l16
[16.936s] Invoked command in '/home/user/ros2_ws/build/mara_gazebo' returned '0': CMAKE_PREFIX_PATH=/opt/ros/foxy:${CMAKE_PREFIX_PATH} _=/usr/bin/env /usr/bin/cmake --build /home/user/ros2_ws/build/mara_gazebo -- -j16 -l16
[17.094s] Invoking command in '/home/user/ros2_ws/build/mara_gazebo': CMAKE_PREFIX_PATH=/opt/ros/foxy:${CMAKE_PREFIX_PATH} _=/usr/bin/env /usr/bin/cmake --install /home/user/ros2_ws/build/mara_gazebo
[17.312s] -- Install configuration: ""
[17.313s] -- Installing: /home/user/ros2_ws/install/mara_gazebo/share/mara_gazebo/launch
[17.313s] -- Installing: /home/user/ros2_ws/install/mara_gazebo/share/mara_gazebo/launch/mara.launch.py
[17.313s] -- Installing: /home/user/ros2_ws/install/mara_gazebo/share/ament_index/resource_index/package_run_dependencies/mara_gazebo
[17.313s] -- Installing: /home/user/ros2_ws/install/mara_gazebo/share/ament_index/resource_index/parent_prefix_path/mara_gazebo
[17.313s] -- Installing: /home/user/ros2_ws/install/mara_gazebo/share/mara_gazebo/environment/ament_prefix_path.sh
[17.314s] -- Installing: /home/user/ros2_ws/install/mara_gazebo/share/mara_gazebo/environment/ament_prefix_path.dsv
[17.314s] -- Installing: /home/user/ros2_ws/install/mara_gazebo/share/mara_gazebo/environment/path.sh
[17.314s] -- Installing: /home/user/ros2_ws/install/mara_gazebo/share/mara_gazebo/environment/path.dsv
[17.314s] -- Installing: /home/user/ros2_ws/install/mara_gazebo/share/mara_gazebo/local_setup.bash
[17.314s] -- Installing: /home/user/ros2_ws/install/mara_gazebo/share/mara_gazebo/local_setup.sh
[17.314s] -- Installing: /home/user/ros2_ws/install/mara_gazebo/share/mara_gazebo/local_setup.zsh
[17.314s] -- Installing: /home/user/ros2_ws/install/mara_gazebo/share/mara_gazebo/local_setup.dsv
[17.315s] -- Installing: /home/user/ros2_ws/install/mara_gazebo/share/mara_gazebo/package.dsv
[17.315s] -- Installing: /home/user/ros2_ws/install/mara_gazebo/share/ament_index/resource_index/packages/mara_gazebo
[17.315s] -- Installing: /home/user/ros2_ws/install/mara_gazebo/share/mara_gazebo/cmake/ament_cmake_export_dependencies-extras.cmake
[17.315s] -- Installing: /home/user/ros2_ws/install/mara_gazebo/share/mara_gazebo/cmake/mara_gazeboConfig.cmake
[17.315s] -- Installing: /home/user/ros2_ws/install/mara_gazebo/share/mara_gazebo/cmake/mara_gazeboConfig-version.cmake
[17.315s] -- Installing: /home/user/ros2_ws/install/mara_gazebo/share/mara_gazebo/package.xml
[17.506s] Invoked command in '/home/user/ros2_ws/build/mara_gazebo' returned '0': CMAKE_PREFIX_PATH=/opt/ros/foxy:${CMAKE_PREFIX_PATH} _=/usr/bin/env /usr/bin/cmake --install /home/user/ros2_ws/build/mara_gazebo
