[0.681s] Invoking command in '/home/user/ros2_ws/src/ldmk_package': PYTHONPATH=/home/user/ros2_ws/install/ldmk_package/lib/python3.8/site-packages:${PYTHONPATH} _=/usr/bin/env /usr/bin/python3 setup.py egg_info --egg-base ../../build/ldmk_package build --build-base /home/user/ros2_ws/build/ldmk_package/build install --prefix /home/user/ros2_ws/install/ldmk_package --record /home/user/ros2_ws/build/ldmk_package/install.log --single-version-externally-managed
[1.283s] running egg_info
[1.283s] writing ../../build/ldmk_package/ldmk_package.egg-info/PKG-INFO
[1.283s] writing dependency_links to ../../build/ldmk_package/ldmk_package.egg-info/dependency_links.txt
[1.284s] writing entry points to ../../build/ldmk_package/ldmk_package.egg-info/entry_points.txt
[1.284s] writing requirements to ../../build/ldmk_package/ldmk_package.egg-info/requires.txt
[1.284s] writing top-level names to ../../build/ldmk_package/ldmk_package.egg-info/top_level.txt
[1.337s] reading manifest file '../../build/ldmk_package/ldmk_package.egg-info/SOURCES.txt'
[1.339s] writing manifest file '../../build/ldmk_package/ldmk_package.egg-info/SOURCES.txt'
[1.339s] running build
[1.340s] running build_py
[1.340s] copying ldmk_package/roboticsIK.py -> /home/user/ros2_ws/build/ldmk_package/build/lib/ldmk_package
[1.341s] running install
[1.342s] running install_lib
[1.344s] copying /home/user/ros2_ws/build/ldmk_package/build/lib/ldmk_package/roboticsIK.py -> /home/user/ros2_ws/install/ldmk_package/lib/python3.8/site-packages/ldmk_package
[1.345s] byte-compiling /home/user/ros2_ws/install/ldmk_package/lib/python3.8/site-packages/ldmk_package/roboticsIK.py to roboticsIK.cpython-38.pyc
[1.348s] running install_data
[1.348s] running install_egg_info
[1.351s] removing '/home/user/ros2_ws/install/ldmk_package/lib/python3.8/site-packages/ldmk_package-0.0.0-py3.8.egg-info' (and everything under it)
[1.352s] Copying ../../build/ldmk_package/ldmk_package.egg-info to /home/user/ros2_ws/install/ldmk_package/lib/python3.8/site-packages/ldmk_package-0.0.0-py3.8.egg-info
[1.355s] running install_scripts
[1.387s] Installing roboticsIK script to /home/user/ros2_ws/install/ldmk_package/lib/ldmk_package
[1.389s] writing list of installed files to '/home/user/ros2_ws/build/ldmk_package/install.log'
[1.420s] Invoked command in '/home/user/ros2_ws/src/ldmk_package' returned '0': PYTHONPATH=/home/user/ros2_ws/install/ldmk_package/lib/python3.8/site-packages:${PYTHONPATH} _=/usr/bin/env /usr/bin/python3 setup.py egg_info --egg-base ../../build/ldmk_package build --build-base /home/user/ros2_ws/build/ldmk_package/build install --prefix /home/user/ros2_ws/install/ldmk_package --record /home/user/ros2_ws/build/ldmk_package/install.log --single-version-externally-managed
