[0.100s] Invoking command in '/home/user/ros2_ws/build/mara_description': CMAKE_PREFIX_PATH=${CMAKE_PREFIX_PATH}:/opt/ros/foxy _=/usr/bin/env /usr/bin/cmake --build /home/user/ros2_ws/build/mara_description -- -j8 -l8
[4.900s] Invoked command in '/home/user/ros2_ws/build/mara_description' returned '0': CMAKE_PREFIX_PATH=${CMAKE_PREFIX_PATH}:/opt/ros/foxy _=/usr/bin/env /usr/bin/cmake --build /home/user/ros2_ws/build/mara_description -- -j8 -l8
[5.196s] Invoking command in '/home/user/ros2_ws/build/mara_description': CMAKE_PREFIX_PATH=${CMAKE_PREFIX_PATH}:/opt/ros/foxy _=/usr/bin/env /usr/bin/cmake --install /home/user/ros2_ws/build/mara_description
[5.225s] -- Install configuration: ""
[5.225s] -- Up-to-date: /home/user/ros2_ws/install/mara_description/share/mara_description/meshes
[5.225s] -- Up-to-date: /home/user/ros2_ws/install/mara_description/share/mara_description/meshes/Base_plancha.dae
[5.225s] -- Up-to-date: /home/user/ros2_ws/install/mara_description/share/mara_description/meshes/robotiq_adapter.dae
[5.226s] -- Up-to-date: /home/user/ros2_ws/install/mara_description/share/mara_description/meshes/Intel_RealSense_Depth_Camera_D435.dae
[5.226s] -- Up-to-date: /home/user/ros2_ws/install/mara_description/share/mara_description/meshes/MARA_T5.4.dae
[5.226s] -- Up-to-date: /home/user/ros2_ws/install/mara_description/share/mara_description/meshes/MARA_Link1.dae
[5.226s] -- Up-to-date: /home/user/ros2_ws/install/mara_description/share/mara_description/meshes/MARA_Link2.dae
[5.226s] -- Up-to-date: /home/user/ros2_ws/install/mara_description/share/mara_description/meshes/Camera_Support_2.dae
[5.227s] -- Up-to-date: /home/user/ros2_ws/install/mara_description/share/mara_description/meshes/v8_MARA_Base.dae
[5.227s] -- Up-to-date: /home/user/ros2_ws/install/mara_description/share/mara_description/meshes/Base.dae
[5.227s] -- Up-to-date: /home/user/ros2_ws/install/mara_description/share/mara_description/meshes/MARA_T5.4_black.dae
[5.227s] -- Up-to-date: /home/user/ros2_ws/install/mara_description/share/mara_description/meshes/MARA_T30.dae
[5.227s] -- Up-to-date: /home/user/ros2_ws/install/mara_description/share/mara_description/meshes/Camera_Support_1.dae
[5.228s] -- Up-to-date: /home/user/ros2_ws/install/mara_description/share/mara_description/meshes/MARA_T30_Black.dae
[5.228s] -- Up-to-date: /home/user/ros2_ws/install/mara_description/share/mara_description/meshes/MARA_T49_Black.dae
[5.228s] -- Up-to-date: /home/user/ros2_ws/install/mara_description/share/mara_description/meshes/MARA_T49.dae
[5.229s] -- Up-to-date: /home/user/ros2_ws/install/mara_description/share/mara_description/meshes/gripper_adapter.dae
[5.229s] -- Up-to-date: /home/user/ros2_ws/install/mara_description/share/mara_description/urdf
[5.229s] -- Up-to-date: /home/user/ros2_ws/install/mara_description/share/mara_description/urdf/mara_robot_gripper_140.urdf
[5.230s] -- Up-to-date: /home/user/ros2_ws/install/mara_description/share/mara_description/urdf/two_mara_robots.urdf.xacro
[5.296s] -- Up-to-date: /home/user/ros2_ws/install/mara_description/share/mara_description/urdf/mara.transmission.xacro
[5.297s] -- Up-to-date: /home/user/ros2_ws/install/mara_description/share/mara_description/urdf/mara_robot.urdf
[5.297s] -- Up-to-date: /home/user/ros2_ws/install/mara_description/share/mara_description/urdf/two_mara_robots_gripper_140_no_table.urdf
[5.297s] -- Up-to-date: /home/user/ros2_ws/install/mara_description/share/mara_description/urdf/camera_gripper_support.urdf.xacro
[5.297s] -- Up-to-date: /home/user/ros2_ws/install/mara_description/share/mara_description/urdf/mara_robot_gripper_85.urdf.xacro
[5.298s] -- Up-to-date: /home/user/ros2_ws/install/mara_description/share/mara_description/urdf/table.mtl
[5.298s] -- Up-to-date: /home/user/ros2_ws/install/mara_description/share/mara_description/urdf/two_mara_robots_gripper_140_no_table.urdf.xacro
[5.298s] -- Up-to-date: /home/user/ros2_ws/install/mara_description/share/mara_description/urdf/mara_robot_gripper_140_no_table.urdf
[5.298s] -- Up-to-date: /home/user/ros2_ws/install/mara_description/share/mara_description/urdf/mara_gazebo.urdf.xacro
[5.312s] -- Up-to-date: /home/user/ros2_ws/install/mara_description/share/mara_description/urdf/table.png
[5.312s] -- Up-to-date: /home/user/ros2_ws/install/mara_description/share/mara_description/urdf/table.urdf.xacro
[5.313s] -- Up-to-date: /home/user/ros2_ws/install/mara_description/share/mara_description/urdf/mara_robot_gripper_140_no_table.urdf.xacro
[5.313s] -- Up-to-date: /home/user/ros2_ws/install/mara_description/share/mara_description/urdf/mara_robot_gripper_85.urdf
[5.313s] -- Up-to-date: /home/user/ros2_ws/install/mara_description/share/mara_description/urdf/mara_robot_gripper_140.urdf.xacro
[5.314s] -- Up-to-date: /home/user/ros2_ws/install/mara_description/share/mara_description/urdf/materials.xacro
[5.316s] -- Up-to-date: /home/user/ros2_ws/install/mara_description/share/mara_description/urdf/table.obj
[5.316s] -- Up-to-date: /home/user/ros2_ws/install/mara_description/share/mara_description/urdf/reinforcement_learning
[5.317s] -- Up-to-date: /home/user/ros2_ws/install/mara_description/share/mara_description/urdf/reinforcement_learning/mara_robot_train.urdf.xacro
[5.318s] -- Up-to-date: /home/user/ros2_ws/install/mara_description/share/mara_description/urdf/reinforcement_learning/mara_robot_run.urdf.xacro
[5.318s] -- Up-to-date: /home/user/ros2_ws/install/mara_description/share/mara_description/urdf/reinforcement_learning/mara_gazebo_run.urdf.xacro
[5.318s] -- Up-to-date: /home/user/ros2_ws/install/mara_description/share/mara_description/urdf/reinforcement_learning/mara_robot_gripper_140_camera_run.urdf.xacro
[5.318s] -- Up-to-date: /home/user/ros2_ws/install/mara_description/share/mara_description/urdf/reinforcement_learning/mara_robot_gripper_140_camera_train.urdf.xacro
[5.319s] -- Up-to-date: /home/user/ros2_ws/install/mara_description/share/mara_description/urdf/reinforcement_learning/mara_robot_train.urdf
[5.319s] -- Up-to-date: /home/user/ros2_ws/install/mara_description/share/mara_description/urdf/reinforcement_learning/mara_robot_gripper_140_camera_train.urdf
[5.319s] -- Up-to-date: /home/user/ros2_ws/install/mara_description/share/mara_description/urdf/reinforcement_learning/mara_run.urdf.xacro
[5.319s] -- Up-to-date: /home/user/ros2_ws/install/mara_description/share/mara_description/urdf/reinforcement_learning/mara_robot_run.urdf
[5.320s] -- Up-to-date: /home/user/ros2_ws/install/mara_description/share/mara_description/urdf/reinforcement_learning/mara_gazebo_train.urdf.xacro
[5.320s] -- Up-to-date: /home/user/ros2_ws/install/mara_description/share/mara_description/urdf/reinforcement_learning/mara_robot_gripper_140_camera_run.urdf
[5.320s] -- Up-to-date: /home/user/ros2_ws/install/mara_description/share/mara_description/urdf/reinforcement_learning/mara_train.urdf.xacro
[5.321s] -- Up-to-date: /home/user/ros2_ws/install/mara_description/share/mara_description/urdf/mara_robot_gripper_hande.urdf
[5.321s] -- Up-to-date: /home/user/ros2_ws/install/mara_description/share/mara_description/urdf/mara_robot_gripper_hande.urdf.xacro
[5.321s] -- Up-to-date: /home/user/ros2_ws/install/mara_description/share/mara_description/urdf/mara.urdf.xacro
[5.321s] -- Up-to-date: /home/user/ros2_ws/install/mara_description/share/mara_description/urdf/mara_robot.urdf.xacro
[5.322s] -- Up-to-date: /home/user/ros2_ws/install/mara_description/share/mara_description/urdf/rs_d435.urdf.xacro
[5.322s] -- Up-to-date: /home/user/ros2_ws/install/mara_description/share/mara_description/urdf/two_mara_robots.urdf
[5.322s] -- Up-to-date: /home/user/ros2_ws/install/mara_description/share/mara_description/material
[5.322s] -- Up-to-date: /home/user/ros2_ws/install/mara_description/share/mara_description/material/gazebo.material
[5.327s] -- Up-to-date: /home/user/ros2_ws/install/mara_description/share/mara_description/rviz
[5.327s] -- Up-to-date: /home/user/ros2_ws/install/mara_description/share/mara_description/rviz/visualization.rviz
[5.328s] -- Up-to-date: /home/user/ros2_ws/install/mara_description/share/ament_index/resource_index/package_run_dependencies/mara_description
[5.328s] -- Up-to-date: /home/user/ros2_ws/install/mara_description/share/ament_index/resource_index/parent_prefix_path/mara_description
[5.328s] -- Up-to-date: /home/user/ros2_ws/install/mara_description/share/mara_description/environment/ament_prefix_path.sh
[5.328s] -- Up-to-date: /home/user/ros2_ws/install/mara_description/share/mara_description/environment/ament_prefix_path.dsv
[5.329s] -- Up-to-date: /home/user/ros2_ws/install/mara_description/share/mara_description/environment/path.sh
[5.329s] -- Up-to-date: /home/user/ros2_ws/install/mara_description/share/mara_description/environment/path.dsv
[5.329s] -- Up-to-date: /home/user/ros2_ws/install/mara_description/share/mara_description/local_setup.bash
[5.329s] -- Up-to-date: /home/user/ros2_ws/install/mara_description/share/mara_description/local_setup.sh
[5.330s] -- Up-to-date: /home/user/ros2_ws/install/mara_description/share/mara_description/local_setup.zsh
[5.330s] -- Up-to-date: /home/user/ros2_ws/install/mara_description/share/mara_description/local_setup.dsv
[5.330s] -- Installing: /home/user/ros2_ws/install/mara_description/share/mara_description/package.dsv
[5.330s] -- Up-to-date: /home/user/ros2_ws/install/mara_description/share/ament_index/resource_index/packages/mara_description
[5.331s] -- Up-to-date: /home/user/ros2_ws/install/mara_description/share/mara_description/cmake/ament_cmake_export_dependencies-extras.cmake
[5.331s] -- Up-to-date: /home/user/ros2_ws/install/mara_description/share/mara_description/cmake/mara_descriptionConfig.cmake
[5.331s] -- Up-to-date: /home/user/ros2_ws/install/mara_description/share/mara_description/cmake/mara_descriptionConfig-version.cmake
[5.331s] -- Up-to-date: /home/user/ros2_ws/install/mara_description/share/mara_description/package.xml
[5.332s] Invoked command in '/home/user/ros2_ws/build/mara_description' returned '0': CMAKE_PREFIX_PATH=${CMAKE_PREFIX_PATH}:/opt/ros/foxy _=/usr/bin/env /usr/bin/cmake --install /home/user/ros2_ws/build/mara_description
