[  3%] Built target hrim_actuator_rotaryservo_actions__cpp
[ 12%] Built target hrim_actuator_rotaryservo_actions__rosidl_generator_c
[ 16%] [34m[1mGenerating C++ introspection for ROS interfaces[0m
[35m[1mScanning dependencies of target hrim_actuator_rotaryservo_actions__rosidl_typesupport_introspection_cpp[0m
[ 19%] [32mBuilding CXX object CMakeFiles/hrim_actuator_rotaryservo_actions__rosidl_typesupport_introspection_cpp.dir/rosidl_typesupport_introspection_cpp/hrim_actuator_rotaryservo_actions/action/detail/goal_joint_trajectory__type_support.cpp.o[0m
[ 22%] [32m[1mLinking CXX shared library libhrim_actuator_rotaryservo_actions__rosidl_typesupport_introspection_cpp.so[0m
[ 22%] Built target hrim_actuator_rotaryservo_actions__rosidl_typesupport_introspection_cpp
[ 25%] [34m[1mGenerating C introspection for ROS interfaces[0m
[35m[1mScanning dependencies of target hrim_actuator_rotaryservo_actions__rosidl_typesupport_introspection_c[0m
[ 29%] [32mBuilding C object CMakeFiles/hrim_actuator_rotaryservo_actions__rosidl_typesupport_introspection_c.dir/rosidl_typesupport_introspection_c/hrim_actuator_rotaryservo_actions/action/detail/goal_joint_trajectory__type_support.c.o[0m
[ 32%] [32m[1mLinking C shared library libhrim_actuator_rotaryservo_actions__rosidl_typesupport_introspection_c.so[0m
[ 32%] Built target hrim_actuator_rotaryservo_actions__rosidl_typesupport_introspection_c
[ 35%] [34m[1mGenerating C type support dispatch for ROS interfaces[0m
[35m[1mScanning dependencies of target hrim_actuator_rotaryservo_actions__rosidl_typesupport_c[0m
[ 38%] [32mBuilding CXX object CMakeFiles/hrim_actuator_rotaryservo_actions__rosidl_typesupport_c.dir/rosidl_typesupport_c/hrim_actuator_rotaryservo_actions/action/goal_joint_trajectory__type_support.cpp.o[0m
[ 41%] [32m[1mLinking CXX shared library libhrim_actuator_rotaryservo_actions__rosidl_typesupport_c.so[0m
[ 41%] Built target hrim_actuator_rotaryservo_actions__rosidl_typesupport_c
[ 45%] [34m[1mGenerating C++ type support for eProsima Fast-RTPS[0m
[35m[1mScanning dependencies of target hrim_actuator_rotaryservo_actions__rosidl_typesupport_fastrtps_cpp[0m
[ 48%] [32mBuilding CXX object CMakeFiles/hrim_actuator_rotaryservo_actions__rosidl_typesupport_fastrtps_cpp.dir/rosidl_typesupport_fastrtps_cpp/hrim_actuator_rotaryservo_actions/action/detail/dds_fastrtps/goal_joint_trajectory__type_support.cpp.o[0m
[ 51%] [32m[1mLinking CXX shared library libhrim_actuator_rotaryservo_actions__rosidl_typesupport_fastrtps_cpp.so[0m
[ 51%] Built target hrim_actuator_rotaryservo_actions__rosidl_typesupport_fastrtps_cpp
[ 54%] [34m[1mGenerating C++ type support dispatch for ROS interfaces[0m
[35m[1mScanning dependencies of target hrim_actuator_rotaryservo_actions__rosidl_typesupport_cpp[0m
[ 58%] [32mBuilding CXX object CMakeFiles/hrim_actuator_rotaryservo_actions__rosidl_typesupport_cpp.dir/rosidl_typesupport_cpp/hrim_actuator_rotaryservo_actions/action/goal_joint_trajectory__type_support.cpp.o[0m
[ 61%] [32m[1mLinking CXX shared library libhrim_actuator_rotaryservo_actions__rosidl_typesupport_cpp.so[0m
[ 61%] Built target hrim_actuator_rotaryservo_actions__rosidl_typesupport_cpp
[ 64%] [34m[1mGenerating C type support for eProsima Fast-RTPS[0m
[35m[1mScanning dependencies of target hrim_actuator_rotaryservo_actions__rosidl_typesupport_fastrtps_c[0m
[ 67%] [32mBuilding CXX object CMakeFiles/hrim_actuator_rotaryservo_actions__rosidl_typesupport_fastrtps_c.dir/rosidl_typesupport_fastrtps_c/hrim_actuator_rotaryservo_actions/action/detail/goal_joint_trajectory__type_support_c.cpp.o[0m
[ 70%] [32m[1mLinking CXX shared library libhrim_actuator_rotaryservo_actions__rosidl_typesupport_fastrtps_c.so[0m
[ 70%] Built target hrim_actuator_rotaryservo_actions__rosidl_typesupport_fastrtps_c
[ 70%] Built target hrim_actuator_rotaryservo_actions
[ 74%] [34m[1mGenerating Python code for ROS interfaces[0m
[ 74%] Built target hrim_actuator_rotaryservo_actions__py
[35m[1mScanning dependencies of target hrim_actuator_rotaryservo_actions__python[0m
[ 77%] [32mBuilding C object CMakeFiles/hrim_actuator_rotaryservo_actions__python.dir/rosidl_generator_py/hrim_actuator_rotaryservo_actions/action/_goal_joint_trajectory_s.c.o[0m
[ 80%] [32m[1mLinking C shared library rosidl_generator_py/hrim_actuator_rotaryservo_actions/libhrim_actuator_rotaryservo_actions__python.so[0m
[ 80%] Built target hrim_actuator_rotaryservo_actions__python
[35m[1mScanning dependencies of target hrim_actuator_rotaryservo_actions__rosidl_typesupport_c__pyext[0m
[ 83%] [32mBuilding C object CMakeFiles/hrim_actuator_rotaryservo_actions__rosidl_typesupport_c__pyext.dir/rosidl_generator_py/hrim_actuator_rotaryservo_actions/_hrim_actuator_rotaryservo_actions_s.ep.rosidl_typesupport_c.c.o[0m
[ 87%] [32m[1mLinking C shared library rosidl_generator_py/hrim_actuator_rotaryservo_actions/hrim_actuator_rotaryservo_actions_s__rosidl_typesupport_c.cpython-38-x86_64-linux-gnu.so[0m
[ 87%] Built target hrim_actuator_rotaryservo_actions__rosidl_typesupport_c__pyext
[35m[1mScanning dependencies of target hrim_actuator_rotaryservo_actions__rosidl_typesupport_fastrtps_c__pyext[0m
[ 90%] [32mBuilding C object CMakeFiles/hrim_actuator_rotaryservo_actions__rosidl_typesupport_fastrtps_c__pyext.dir/rosidl_generator_py/hrim_actuator_rotaryservo_actions/_hrim_actuator_rotaryservo_actions_s.ep.rosidl_typesupport_fastrtps_c.c.o[0m
[ 93%] [32m[1mLinking CXX shared library rosidl_generator_py/hrim_actuator_rotaryservo_actions/hrim_actuator_rotaryservo_actions_s__rosidl_typesupport_fastrtps_c.cpython-38-x86_64-linux-gnu.so[0m
[ 93%] Built target hrim_actuator_rotaryservo_actions__rosidl_typesupport_fastrtps_c__pyext
[35m[1mScanning dependencies of target hrim_actuator_rotaryservo_actions__rosidl_typesupport_introspection_c__pyext[0m
[ 96%] [32mBuilding C object CMakeFiles/hrim_actuator_rotaryservo_actions__rosidl_typesupport_introspection_c__pyext.dir/rosidl_generator_py/hrim_actuator_rotaryservo_actions/_hrim_actuator_rotaryservo_actions_s.ep.rosidl_typesupport_introspection_c.c.o[0m
[100%] [32m[1mLinking C shared library rosidl_generator_py/hrim_actuator_rotaryservo_actions/hrim_actuator_rotaryservo_actions_s__rosidl_typesupport_introspection_c.cpython-38-x86_64-linux-gnu.so[0m
[100%] Built target hrim_actuator_rotaryservo_actions__rosidl_typesupport_introspection_c__pyext
-- Install configuration: ""
-- Up-to-date: /home/user/ros2_ws/install/hrim_actuator_rotaryservo_actions/share/ament_index/resource_index/rosidl_interfaces/hrim_actuator_rotaryservo_actions
-- Up-to-date: /home/user/ros2_ws/install/hrim_actuator_rotaryservo_actions/include/hrim_actuator_rotaryservo_actions
-- Up-to-date: /home/user/ros2_ws/install/hrim_actuator_rotaryservo_actions/include/hrim_actuator_rotaryservo_actions/msg
-- Up-to-date: /home/user/ros2_ws/install/hrim_actuator_rotaryservo_actions/include/hrim_actuator_rotaryservo_actions/msg/rosidl_generator_c__visibility_control.h
-- Up-to-date: /home/user/ros2_ws/install/hrim_actuator_rotaryservo_actions/include/hrim_actuator_rotaryservo_actions/action
-- Up-to-date: /home/user/ros2_ws/install/hrim_actuator_rotaryservo_actions/include/hrim_actuator_rotaryservo_actions/action/detail
-- Installing: /home/user/ros2_ws/install/hrim_actuator_rotaryservo_actions/include/hrim_actuator_rotaryservo_actions/action/detail/goal_joint_trajectory__type_support.h
-- Installing: /home/user/ros2_ws/install/hrim_actuator_rotaryservo_actions/include/hrim_actuator_rotaryservo_actions/action/detail/goal_joint_trajectory__functions.c
-- Installing: /home/user/ros2_ws/install/hrim_actuator_rotaryservo_actions/include/hrim_actuator_rotaryservo_actions/action/detail/goal_joint_trajectory__functions.h
-- Installing: /home/user/ros2_ws/install/hrim_actuator_rotaryservo_actions/include/hrim_actuator_rotaryservo_actions/action/detail/goal_joint_trajectory__struct.h
-- Installing: /home/user/ros2_ws/install/hrim_actuator_rotaryservo_actions/include/hrim_actuator_rotaryservo_actions/action/goal_joint_trajectory.h
-- Installing: /home/user/ros2_ws/install/hrim_actuator_rotaryservo_actions/share/hrim_actuator_rotaryservo_actions/environment/library_path.sh
-- Installing: /home/user/ros2_ws/install/hrim_actuator_rotaryservo_actions/share/hrim_actuator_rotaryservo_actions/environment/library_path.dsv
-- Installing: /home/user/ros2_ws/install/hrim_actuator_rotaryservo_actions/lib/libhrim_actuator_rotaryservo_actions__rosidl_generator_c.so
-- Set runtime path of "/home/user/ros2_ws/install/hrim_actuator_rotaryservo_actions/lib/libhrim_actuator_rotaryservo_actions__rosidl_generator_c.so" to ""
-- Up-to-date: /home/user/ros2_ws/install/hrim_actuator_rotaryservo_actions/include/hrim_actuator_rotaryservo_actions
-- Up-to-date: /home/user/ros2_ws/install/hrim_actuator_rotaryservo_actions/include/hrim_actuator_rotaryservo_actions/msg
-- Up-to-date: /home/user/ros2_ws/install/hrim_actuator_rotaryservo_actions/include/hrim_actuator_rotaryservo_actions/msg/rosidl_typesupport_fastrtps_c__visibility_control.h
-- Up-to-date: /home/user/ros2_ws/install/hrim_actuator_rotaryservo_actions/include/hrim_actuator_rotaryservo_actions/action
-- Up-to-date: /home/user/ros2_ws/install/hrim_actuator_rotaryservo_actions/include/hrim_actuator_rotaryservo_actions/action/detail
-- Installing: /home/user/ros2_ws/install/hrim_actuator_rotaryservo_actions/include/hrim_actuator_rotaryservo_actions/action/detail/goal_joint_trajectory__rosidl_typesupport_fastrtps_c.h
-- Installing: /home/user/ros2_ws/install/hrim_actuator_rotaryservo_actions/lib/libhrim_actuator_rotaryservo_actions__rosidl_typesupport_fastrtps_c.so
-- Set runtime path of "/home/user/ros2_ws/install/hrim_actuator_rotaryservo_actions/lib/libhrim_actuator_rotaryservo_actions__rosidl_typesupport_fastrtps_c.so" to ""
-- Up-to-date: /home/user/ros2_ws/install/hrim_actuator_rotaryservo_actions/include/hrim_actuator_rotaryservo_actions
-- Up-to-date: /home/user/ros2_ws/install/hrim_actuator_rotaryservo_actions/include/hrim_actuator_rotaryservo_actions/msg
-- Up-to-date: /home/user/ros2_ws/install/hrim_actuator_rotaryservo_actions/include/hrim_actuator_rotaryservo_actions/msg/rosidl_typesupport_fastrtps_cpp__visibility_control.h
-- Up-to-date: /home/user/ros2_ws/install/hrim_actuator_rotaryservo_actions/include/hrim_actuator_rotaryservo_actions/action
-- Up-to-date: /home/user/ros2_ws/install/hrim_actuator_rotaryservo_actions/include/hrim_actuator_rotaryservo_actions/action/detail
-- Installing: /home/user/ros2_ws/install/hrim_actuator_rotaryservo_actions/include/hrim_actuator_rotaryservo_actions/action/detail/goal_joint_trajectory__rosidl_typesupport_fastrtps_cpp.hpp
-- Up-to-date: /home/user/ros2_ws/install/hrim_actuator_rotaryservo_actions/include/hrim_actuator_rotaryservo_actions/action/detail/dds_fastrtps
-- Installing: /home/user/ros2_ws/install/hrim_actuator_rotaryservo_actions/lib/libhrim_actuator_rotaryservo_actions__rosidl_typesupport_fastrtps_cpp.so
-- Set runtime path of "/home/user/ros2_ws/install/hrim_actuator_rotaryservo_actions/lib/libhrim_actuator_rotaryservo_actions__rosidl_typesupport_fastrtps_cpp.so" to ""
-- Up-to-date: /home/user/ros2_ws/install/hrim_actuator_rotaryservo_actions/include/hrim_actuator_rotaryservo_actions
-- Up-to-date: /home/user/ros2_ws/install/hrim_actuator_rotaryservo_actions/include/hrim_actuator_rotaryservo_actions/msg
-- Up-to-date: /home/user/ros2_ws/install/hrim_actuator_rotaryservo_actions/include/hrim_actuator_rotaryservo_actions/msg/rosidl_typesupport_introspection_c__visibility_control.h
-- Up-to-date: /home/user/ros2_ws/install/hrim_actuator_rotaryservo_actions/include/hrim_actuator_rotaryservo_actions/action
-- Up-to-date: /home/user/ros2_ws/install/hrim_actuator_rotaryservo_actions/include/hrim_actuator_rotaryservo_actions/action/detail
-- Installing: /home/user/ros2_ws/install/hrim_actuator_rotaryservo_actions/include/hrim_actuator_rotaryservo_actions/action/detail/goal_joint_trajectory__rosidl_typesupport_introspection_c.h
-- Installing: /home/user/ros2_ws/install/hrim_actuator_rotaryservo_actions/include/hrim_actuator_rotaryservo_actions/action/detail/goal_joint_trajectory__type_support.c
-- Installing: /home/user/ros2_ws/install/hrim_actuator_rotaryservo_actions/lib/libhrim_actuator_rotaryservo_actions__rosidl_typesupport_introspection_c.so
-- Set runtime path of "/home/user/ros2_ws/install/hrim_actuator_rotaryservo_actions/lib/libhrim_actuator_rotaryservo_actions__rosidl_typesupport_introspection_c.so" to ""
-- Installing: /home/user/ros2_ws/install/hrim_actuator_rotaryservo_actions/lib/libhrim_actuator_rotaryservo_actions__rosidl_typesupport_c.so
-- Set runtime path of "/home/user/ros2_ws/install/hrim_actuator_rotaryservo_actions/lib/libhrim_actuator_rotaryservo_actions__rosidl_typesupport_c.so" to ""
-- Up-to-date: /home/user/ros2_ws/install/hrim_actuator_rotaryservo_actions/include/hrim_actuator_rotaryservo_actions
-- Up-to-date: /home/user/ros2_ws/install/hrim_actuator_rotaryservo_actions/include/hrim_actuator_rotaryservo_actions/action
-- Up-to-date: /home/user/ros2_ws/install/hrim_actuator_rotaryservo_actions/include/hrim_actuator_rotaryservo_actions/action/detail
-- Installing: /home/user/ros2_ws/install/hrim_actuator_rotaryservo_actions/include/hrim_actuator_rotaryservo_actions/action/detail/goal_joint_trajectory__traits.hpp
-- Installing: /home/user/ros2_ws/install/hrim_actuator_rotaryservo_actions/include/hrim_actuator_rotaryservo_actions/action/detail/goal_joint_trajectory__struct.hpp
-- Installing: /home/user/ros2_ws/install/hrim_actuator_rotaryservo_actions/include/hrim_actuator_rotaryservo_actions/action/detail/goal_joint_trajectory__builder.hpp
-- Installing: /home/user/ros2_ws/install/hrim_actuator_rotaryservo_actions/include/hrim_actuator_rotaryservo_actions/action/goal_joint_trajectory.hpp
-- Up-to-date: /home/user/ros2_ws/install/hrim_actuator_rotaryservo_actions/include/hrim_actuator_rotaryservo_actions
-- Up-to-date: /home/user/ros2_ws/install/hrim_actuator_rotaryservo_actions/include/hrim_actuator_rotaryservo_actions/action
-- Up-to-date: /home/user/ros2_ws/install/hrim_actuator_rotaryservo_actions/include/hrim_actuator_rotaryservo_actions/action/detail
-- Installing: /home/user/ros2_ws/install/hrim_actuator_rotaryservo_actions/include/hrim_actuator_rotaryservo_actions/action/detail/goal_joint_trajectory__rosidl_typesupport_introspection_cpp.hpp
-- Installing: /home/user/ros2_ws/install/hrim_actuator_rotaryservo_actions/include/hrim_actuator_rotaryservo_actions/action/detail/goal_joint_trajectory__type_support.cpp
-- Installing: /home/user/ros2_ws/install/hrim_actuator_rotaryservo_actions/lib/libhrim_actuator_rotaryservo_actions__rosidl_typesupport_introspection_cpp.so
-- Set runtime path of "/home/user/ros2_ws/install/hrim_actuator_rotaryservo_actions/lib/libhrim_actuator_rotaryservo_actions__rosidl_typesupport_introspection_cpp.so" to ""
-- Installing: /home/user/ros2_ws/install/hrim_actuator_rotaryservo_actions/lib/libhrim_actuator_rotaryservo_actions__rosidl_typesupport_cpp.so
-- Set runtime path of "/home/user/ros2_ws/install/hrim_actuator_rotaryservo_actions/lib/libhrim_actuator_rotaryservo_actions__rosidl_typesupport_cpp.so" to ""
-- Up-to-date: /home/user/ros2_ws/install/hrim_actuator_rotaryservo_actions/share/hrim_actuator_rotaryservo_actions/environment/pythonpath.sh
-- Installing: /home/user/ros2_ws/install/hrim_actuator_rotaryservo_actions/share/hrim_actuator_rotaryservo_actions/environment/pythonpath.dsv
-- Installing: /home/user/ros2_ws/install/hrim_actuator_rotaryservo_actions/lib/python3.8/site-packages/hrim_actuator_rotaryservo_actions/__init__.py
Compiling '/home/user/ros2_ws/install/hrim_actuator_rotaryservo_actions/lib/python3.8/site-packages/hrim_actuator_rotaryservo_actions/__init__.py'...
-- Up-to-date: /home/user/ros2_ws/install/hrim_actuator_rotaryservo_actions/lib/python3.8/site-packages/hrim_actuator_rotaryservo_actions/action
-- Installing: /home/user/ros2_ws/install/hrim_actuator_rotaryservo_actions/lib/python3.8/site-packages/hrim_actuator_rotaryservo_actions/action/_goal_joint_trajectory_s.c
-- Installing: /home/user/ros2_ws/install/hrim_actuator_rotaryservo_actions/lib/python3.8/site-packages/hrim_actuator_rotaryservo_actions/action/_goal_joint_trajectory.py
-- Installing: /home/user/ros2_ws/install/hrim_actuator_rotaryservo_actions/lib/python3.8/site-packages/hrim_actuator_rotaryservo_actions/action/__init__.py
-- Installing: /home/user/ros2_ws/install/hrim_actuator_rotaryservo_actions/lib/python3.8/site-packages/hrim_actuator_rotaryservo_actions/hrim_actuator_rotaryservo_actions_s__rosidl_typesupport_fastrtps_c.cpython-38-x86_64-linux-gnu.so
-- Set runtime path of "/home/user/ros2_ws/install/hrim_actuator_rotaryservo_actions/lib/python3.8/site-packages/hrim_actuator_rotaryservo_actions/hrim_actuator_rotaryservo_actions_s__rosidl_typesupport_fastrtps_c.cpython-38-x86_64-linux-gnu.so" to ""
-- Installing: /home/user/ros2_ws/install/hrim_actuator_rotaryservo_actions/lib/python3.8/site-packages/hrim_actuator_rotaryservo_actions/hrim_actuator_rotaryservo_actions_s__rosidl_typesupport_introspection_c.cpython-38-x86_64-linux-gnu.so
-- Set runtime path of "/home/user/ros2_ws/install/hrim_actuator_rotaryservo_actions/lib/python3.8/site-packages/hrim_actuator_rotaryservo_actions/hrim_actuator_rotaryservo_actions_s__rosidl_typesupport_introspection_c.cpython-38-x86_64-linux-gnu.so" to ""
-- Installing: /home/user/ros2_ws/install/hrim_actuator_rotaryservo_actions/lib/python3.8/site-packages/hrim_actuator_rotaryservo_actions/hrim_actuator_rotaryservo_actions_s__rosidl_typesupport_c.cpython-38-x86_64-linux-gnu.so
-- Set runtime path of "/home/user/ros2_ws/install/hrim_actuator_rotaryservo_actions/lib/python3.8/site-packages/hrim_actuator_rotaryservo_actions/hrim_actuator_rotaryservo_actions_s__rosidl_typesupport_c.cpython-38-x86_64-linux-gnu.so" to ""
-- Installing: /home/user/ros2_ws/install/hrim_actuator_rotaryservo_actions/lib/libhrim_actuator_rotaryservo_actions__python.so
-- Set runtime path of "/home/user/ros2_ws/install/hrim_actuator_rotaryservo_actions/lib/libhrim_actuator_rotaryservo_actions__python.so" to ""
-- Up-to-date: /home/user/ros2_ws/install/hrim_actuator_rotaryservo_actions/share/hrim_actuator_rotaryservo_actions/action/GoalJointTrajectory.idl
-- Up-to-date: /home/user/ros2_ws/install/hrim_actuator_rotaryservo_actions/share/hrim_actuator_rotaryservo_actions/action/GoalJointTrajectory.action
-- Up-to-date: /home/user/ros2_ws/install/hrim_actuator_rotaryservo_actions/share/ament_index/resource_index/package_run_dependencies/hrim_actuator_rotaryservo_actions
-- Installing: /home/user/ros2_ws/install/hrim_actuator_rotaryservo_actions/share/ament_index/resource_index/parent_prefix_path/hrim_actuator_rotaryservo_actions
-- Installing: /home/user/ros2_ws/install/hrim_actuator_rotaryservo_actions/share/hrim_actuator_rotaryservo_actions/environment/ament_prefix_path.sh
-- Installing: /home/user/ros2_ws/install/hrim_actuator_rotaryservo_actions/share/hrim_actuator_rotaryservo_actions/environment/ament_prefix_path.dsv
-- Installing: /home/user/ros2_ws/install/hrim_actuator_rotaryservo_actions/share/hrim_actuator_rotaryservo_actions/environment/path.sh
-- Installing: /home/user/ros2_ws/install/hrim_actuator_rotaryservo_actions/share/hrim_actuator_rotaryservo_actions/environment/path.dsv
-- Installing: /home/user/ros2_ws/install/hrim_actuator_rotaryservo_actions/share/hrim_actuator_rotaryservo_actions/local_setup.bash
-- Installing: /home/user/ros2_ws/install/hrim_actuator_rotaryservo_actions/share/hrim_actuator_rotaryservo_actions/local_setup.sh
-- Installing: /home/user/ros2_ws/install/hrim_actuator_rotaryservo_actions/share/hrim_actuator_rotaryservo_actions/local_setup.zsh
-- Installing: /home/user/ros2_ws/install/hrim_actuator_rotaryservo_actions/share/hrim_actuator_rotaryservo_actions/local_setup.dsv
-- Installing: /home/user/ros2_ws/install/hrim_actuator_rotaryservo_actions/share/hrim_actuator_rotaryservo_actions/package.dsv
-- Up-to-date: /home/user/ros2_ws/install/hrim_actuator_rotaryservo_actions/share/ament_index/resource_index/packages/hrim_actuator_rotaryservo_actions
-- Up-to-date: /home/user/ros2_ws/install/hrim_actuator_rotaryservo_actions/share/hrim_actuator_rotaryservo_actions/cmake/hrim_actuator_rotaryservo_actions__rosidl_generator_cExport.cmake
-- Installing: /home/user/ros2_ws/install/hrim_actuator_rotaryservo_actions/share/hrim_actuator_rotaryservo_actions/cmake/hrim_actuator_rotaryservo_actions__rosidl_generator_cExport-noconfig.cmake
-- Up-to-date: /home/user/ros2_ws/install/hrim_actuator_rotaryservo_actions/share/hrim_actuator_rotaryservo_actions/cmake/hrim_actuator_rotaryservo_actions__rosidl_typesupport_introspection_cExport.cmake
-- Installing: /home/user/ros2_ws/install/hrim_actuator_rotaryservo_actions/share/hrim_actuator_rotaryservo_actions/cmake/hrim_actuator_rotaryservo_actions__rosidl_typesupport_introspection_cExport-noconfig.cmake
-- Up-to-date: /home/user/ros2_ws/install/hrim_actuator_rotaryservo_actions/share/hrim_actuator_rotaryservo_actions/cmake/hrim_actuator_rotaryservo_actions__rosidl_typesupport_cExport.cmake
-- Installing: /home/user/ros2_ws/install/hrim_actuator_rotaryservo_actions/share/hrim_actuator_rotaryservo_actions/cmake/hrim_actuator_rotaryservo_actions__rosidl_typesupport_cExport-noconfig.cmake
-- Up-to-date: /home/user/ros2_ws/install/hrim_actuator_rotaryservo_actions/share/hrim_actuator_rotaryservo_actions/cmake/hrim_actuator_rotaryservo_actions__rosidl_generator_cppExport.cmake
-- Up-to-date: /home/user/ros2_ws/install/hrim_actuator_rotaryservo_actions/share/hrim_actuator_rotaryservo_actions/cmake/hrim_actuator_rotaryservo_actions__rosidl_typesupport_introspection_cppExport.cmake
-- Installing: /home/user/ros2_ws/install/hrim_actuator_rotaryservo_actions/share/hrim_actuator_rotaryservo_actions/cmake/hrim_actuator_rotaryservo_actions__rosidl_typesupport_introspection_cppExport-noconfig.cmake
-- Up-to-date: /home/user/ros2_ws/install/hrim_actuator_rotaryservo_actions/share/hrim_actuator_rotaryservo_actions/cmake/hrim_actuator_rotaryservo_actions__rosidl_typesupport_cppExport.cmake
-- Installing: /home/user/ros2_ws/install/hrim_actuator_rotaryservo_actions/share/hrim_actuator_rotaryservo_actions/cmake/hrim_actuator_rotaryservo_actions__rosidl_typesupport_cppExport-noconfig.cmake
-- Up-to-date: /home/user/ros2_ws/install/hrim_actuator_rotaryservo_actions/share/hrim_actuator_rotaryservo_actions/cmake/rosidl_cmake-extras.cmake
-- Installing: /home/user/ros2_ws/install/hrim_actuator_rotaryservo_actions/share/hrim_actuator_rotaryservo_actions/cmake/ament_cmake_export_dependencies-extras.cmake
-- Up-to-date: /home/user/ros2_ws/install/hrim_actuator_rotaryservo_actions/share/hrim_actuator_rotaryservo_actions/cmake/ament_cmake_export_libraries-extras.cmake
-- Up-to-date: /home/user/ros2_ws/install/hrim_actuator_rotaryservo_actions/share/hrim_actuator_rotaryservo_actions/cmake/ament_cmake_export_targets-extras.cmake
-- Up-to-date: /home/user/ros2_ws/install/hrim_actuator_rotaryservo_actions/share/hrim_actuator_rotaryservo_actions/cmake/ament_cmake_export_include_directories-extras.cmake
-- Up-to-date: /home/user/ros2_ws/install/hrim_actuator_rotaryservo_actions/share/hrim_actuator_rotaryservo_actions/cmake/rosidl_cmake_export_typesupport_libraries-extras.cmake
-- Up-to-date: /home/user/ros2_ws/install/hrim_actuator_rotaryservo_actions/share/hrim_actuator_rotaryservo_actions/cmake/rosidl_cmake_export_typesupport_targets-extras.cmake
-- Up-to-date: /home/user/ros2_ws/install/hrim_actuator_rotaryservo_actions/share/hrim_actuator_rotaryservo_actions/cmake/hrim_actuator_rotaryservo_actionsConfig.cmake
-- Up-to-date: /home/user/ros2_ws/install/hrim_actuator_rotaryservo_actions/share/hrim_actuator_rotaryservo_actions/cmake/hrim_actuator_rotaryservo_actionsConfig-version.cmake
-- Up-to-date: /home/user/ros2_ws/install/hrim_actuator_rotaryservo_actions/share/hrim_actuator_rotaryservo_actions/package.xml
