[0.263s] Invoking command in '/home/user/ros2_ws/build/hrim_actuator_rotaryservo_actions': CMAKE_PREFIX_PATH=${CMAKE_PREFIX_PATH}:/opt/ros/foxy _=/usr/bin/env /usr/bin/cmake --build /home/user/ros2_ws/build/hrim_actuator_rotaryservo_actions -- -j8 -l8
[0.656s] [  3%] Built target hrim_actuator_rotaryservo_actions__cpp
[1.016s] [ 12%] Built target hrim_actuator_rotaryservo_actions__rosidl_generator_c
[1.154s] [ 16%] [34m[1mGenerating C++ introspection for ROS interfaces[0m
[5.644s] [35m[1mScanning dependencies of target hrim_actuator_rotaryservo_actions__rosidl_typesupport_introspection_cpp[0m
[5.972s] [ 19%] [32mBuilding CXX object CMakeFiles/hrim_actuator_rotaryservo_actions__rosidl_typesupport_introspection_cpp.dir/rosidl_typesupport_introspection_cpp/hrim_actuator_rotaryservo_actions/action/detail/goal_joint_trajectory__type_support.cpp.o[0m
[9.151s] [ 22%] [32m[1mLinking CXX shared library libhrim_actuator_rotaryservo_actions__rosidl_typesupport_introspection_cpp.so[0m
[9.960s] [ 22%] Built target hrim_actuator_rotaryservo_actions__rosidl_typesupport_introspection_cpp
[10.157s] [ 25%] [34m[1mGenerating C introspection for ROS interfaces[0m
[14.251s] [35m[1mScanning dependencies of target hrim_actuator_rotaryservo_actions__rosidl_typesupport_introspection_c[0m
[14.459s] [ 29%] [32mBuilding C object CMakeFiles/hrim_actuator_rotaryservo_actions__rosidl_typesupport_introspection_c.dir/rosidl_typesupport_introspection_c/hrim_actuator_rotaryservo_actions/action/detail/goal_joint_trajectory__type_support.c.o[0m
[14.922s] [ 32%] [32m[1mLinking C shared library libhrim_actuator_rotaryservo_actions__rosidl_typesupport_introspection_c.so[0m
[15.406s] [ 32%] Built target hrim_actuator_rotaryservo_actions__rosidl_typesupport_introspection_c
[15.510s] [ 35%] [34m[1mGenerating C type support dispatch for ROS interfaces[0m
[18.632s] [35m[1mScanning dependencies of target hrim_actuator_rotaryservo_actions__rosidl_typesupport_c[0m
[18.862s] [ 38%] [32mBuilding CXX object CMakeFiles/hrim_actuator_rotaryservo_actions__rosidl_typesupport_c.dir/rosidl_typesupport_c/hrim_actuator_rotaryservo_actions/action/goal_joint_trajectory__type_support.cpp.o[0m
[19.538s] [ 41%] [32m[1mLinking CXX shared library libhrim_actuator_rotaryservo_actions__rosidl_typesupport_c.so[0m
[20.007s] [ 41%] Built target hrim_actuator_rotaryservo_actions__rosidl_typesupport_c
[20.111s] [ 45%] [34m[1mGenerating C++ type support for eProsima Fast-RTPS[0m
[24.804s] [35m[1mScanning dependencies of target hrim_actuator_rotaryservo_actions__rosidl_typesupport_fastrtps_cpp[0m
[25.019s] [ 48%] [32mBuilding CXX object CMakeFiles/hrim_actuator_rotaryservo_actions__rosidl_typesupport_fastrtps_cpp.dir/rosidl_typesupport_fastrtps_cpp/hrim_actuator_rotaryservo_actions/action/detail/dds_fastrtps/goal_joint_trajectory__type_support.cpp.o[0m
[30.733s] [ 51%] [32m[1mLinking CXX shared library libhrim_actuator_rotaryservo_actions__rosidl_typesupport_fastrtps_cpp.so[0m
[31.661s] [ 51%] Built target hrim_actuator_rotaryservo_actions__rosidl_typesupport_fastrtps_cpp
[31.808s] [ 54%] [34m[1mGenerating C++ type support dispatch for ROS interfaces[0m
[35.402s] [35m[1mScanning dependencies of target hrim_actuator_rotaryservo_actions__rosidl_typesupport_cpp[0m
[35.531s] [ 58%] [32mBuilding CXX object CMakeFiles/hrim_actuator_rotaryservo_actions__rosidl_typesupport_cpp.dir/rosidl_typesupport_cpp/hrim_actuator_rotaryservo_actions/action/goal_joint_trajectory__type_support.cpp.o[0m
[39.009s] [ 61%] [32m[1mLinking CXX shared library libhrim_actuator_rotaryservo_actions__rosidl_typesupport_cpp.so[0m
[39.443s] [ 61%] Built target hrim_actuator_rotaryservo_actions__rosidl_typesupport_cpp
[39.629s] [ 64%] [34m[1mGenerating C type support for eProsima Fast-RTPS[0m
[43.443s] [35m[1mScanning dependencies of target hrim_actuator_rotaryservo_actions__rosidl_typesupport_fastrtps_c[0m
[43.643s] [ 67%] [32mBuilding CXX object CMakeFiles/hrim_actuator_rotaryservo_actions__rosidl_typesupport_fastrtps_c.dir/rosidl_typesupport_fastrtps_c/hrim_actuator_rotaryservo_actions/action/detail/goal_joint_trajectory__type_support_c.cpp.o[0m
[47.921s] [ 70%] [32m[1mLinking CXX shared library libhrim_actuator_rotaryservo_actions__rosidl_typesupport_fastrtps_c.so[0m
[49.309s] [ 70%] Built target hrim_actuator_rotaryservo_actions__rosidl_typesupport_fastrtps_c
[49.505s] [ 70%] Built target hrim_actuator_rotaryservo_actions
[49.702s] [ 74%] [34m[1mGenerating Python code for ROS interfaces[0m
[59.304s] [ 74%] Built target hrim_actuator_rotaryservo_actions__py
[59.434s] [35m[1mScanning dependencies of target hrim_actuator_rotaryservo_actions__python[0m
[59.703s] [ 77%] [32mBuilding C object CMakeFiles/hrim_actuator_rotaryservo_actions__python.dir/rosidl_generator_py/hrim_actuator_rotaryservo_actions/action/_goal_joint_trajectory_s.c.o[0m
[61.203s] [ 80%] [32m[1mLinking C shared library rosidl_generator_py/hrim_actuator_rotaryservo_actions/libhrim_actuator_rotaryservo_actions__python.so[0m
[61.640s] [ 80%] Built target hrim_actuator_rotaryservo_actions__python
[61.846s] [35m[1mScanning dependencies of target hrim_actuator_rotaryservo_actions__rosidl_typesupport_c__pyext[0m
[62.206s] [ 83%] [32mBuilding C object CMakeFiles/hrim_actuator_rotaryservo_actions__rosidl_typesupport_c__pyext.dir/rosidl_generator_py/hrim_actuator_rotaryservo_actions/_hrim_actuator_rotaryservo_actions_s.ep.rosidl_typesupport_c.c.o[0m
[63.228s] [ 87%] [32m[1mLinking C shared library rosidl_generator_py/hrim_actuator_rotaryservo_actions/hrim_actuator_rotaryservo_actions_s__rosidl_typesupport_c.cpython-38-x86_64-linux-gnu.so[0m
[63.621s] [ 87%] Built target hrim_actuator_rotaryservo_actions__rosidl_typesupport_c__pyext
[63.812s] [35m[1mScanning dependencies of target hrim_actuator_rotaryservo_actions__rosidl_typesupport_fastrtps_c__pyext[0m
[63.927s] [ 90%] [32mBuilding C object CMakeFiles/hrim_actuator_rotaryservo_actions__rosidl_typesupport_fastrtps_c__pyext.dir/rosidl_generator_py/hrim_actuator_rotaryservo_actions/_hrim_actuator_rotaryservo_actions_s.ep.rosidl_typesupport_fastrtps_c.c.o[0m
[64.644s] [ 93%] [32m[1mLinking CXX shared library rosidl_generator_py/hrim_actuator_rotaryservo_actions/hrim_actuator_rotaryservo_actions_s__rosidl_typesupport_fastrtps_c.cpython-38-x86_64-linux-gnu.so[0m
[65.538s] [ 93%] Built target hrim_actuator_rotaryservo_actions__rosidl_typesupport_fastrtps_c__pyext
[65.745s] [35m[1mScanning dependencies of target hrim_actuator_rotaryservo_actions__rosidl_typesupport_introspection_c__pyext[0m
[66.019s] [ 96%] [32mBuilding C object CMakeFiles/hrim_actuator_rotaryservo_actions__rosidl_typesupport_introspection_c__pyext.dir/rosidl_generator_py/hrim_actuator_rotaryservo_actions/_hrim_actuator_rotaryservo_actions_s.ep.rosidl_typesupport_introspection_c.c.o[0m
[66.803s] [100%] [32m[1mLinking C shared library rosidl_generator_py/hrim_actuator_rotaryservo_actions/hrim_actuator_rotaryservo_actions_s__rosidl_typesupport_introspection_c.cpython-38-x86_64-linux-gnu.so[0m
[67.315s] [100%] Built target hrim_actuator_rotaryservo_actions__rosidl_typesupport_introspection_c__pyext
[67.532s] Invoked command in '/home/user/ros2_ws/build/hrim_actuator_rotaryservo_actions' returned '0': CMAKE_PREFIX_PATH=${CMAKE_PREFIX_PATH}:/opt/ros/foxy _=/usr/bin/env /usr/bin/cmake --build /home/user/ros2_ws/build/hrim_actuator_rotaryservo_actions -- -j8 -l8
[69.130s] Invoking command in '/home/user/ros2_ws/build/hrim_actuator_rotaryservo_actions': CMAKE_PREFIX_PATH=${CMAKE_PREFIX_PATH}:/opt/ros/foxy _=/usr/bin/env /usr/bin/cmake --install /home/user/ros2_ws/build/hrim_actuator_rotaryservo_actions
[69.228s] -- Install configuration: ""
[69.229s] -- Up-to-date: /home/user/ros2_ws/install/hrim_actuator_rotaryservo_actions/share/ament_index/resource_index/rosidl_interfaces/hrim_actuator_rotaryservo_actions
[69.229s] -- Up-to-date: /home/user/ros2_ws/install/hrim_actuator_rotaryservo_actions/include/hrim_actuator_rotaryservo_actions
[69.229s] -- Up-to-date: /home/user/ros2_ws/install/hrim_actuator_rotaryservo_actions/include/hrim_actuator_rotaryservo_actions/msg
[69.229s] -- Up-to-date: /home/user/ros2_ws/install/hrim_actuator_rotaryservo_actions/include/hrim_actuator_rotaryservo_actions/msg/rosidl_generator_c__visibility_control.h
[69.229s] -- Up-to-date: /home/user/ros2_ws/install/hrim_actuator_rotaryservo_actions/include/hrim_actuator_rotaryservo_actions/action
[69.230s] -- Up-to-date: /home/user/ros2_ws/install/hrim_actuator_rotaryservo_actions/include/hrim_actuator_rotaryservo_actions/action/detail
[69.230s] -- Installing: /home/user/ros2_ws/install/hrim_actuator_rotaryservo_actions/include/hrim_actuator_rotaryservo_actions/action/detail/goal_joint_trajectory__type_support.h
[69.230s] -- Installing: /home/user/ros2_ws/install/hrim_actuator_rotaryservo_actions/include/hrim_actuator_rotaryservo_actions/action/detail/goal_joint_trajectory__functions.c
[69.230s] -- Installing: /home/user/ros2_ws/install/hrim_actuator_rotaryservo_actions/include/hrim_actuator_rotaryservo_actions/action/detail/goal_joint_trajectory__functions.h
[69.230s] -- Installing: /home/user/ros2_ws/install/hrim_actuator_rotaryservo_actions/include/hrim_actuator_rotaryservo_actions/action/detail/goal_joint_trajectory__struct.h
[69.231s] -- Installing: /home/user/ros2_ws/install/hrim_actuator_rotaryservo_actions/include/hrim_actuator_rotaryservo_actions/action/goal_joint_trajectory.h
[69.231s] -- Installing: /home/user/ros2_ws/install/hrim_actuator_rotaryservo_actions/share/hrim_actuator_rotaryservo_actions/environment/library_path.sh
[69.231s] -- Installing: /home/user/ros2_ws/install/hrim_actuator_rotaryservo_actions/share/hrim_actuator_rotaryservo_actions/environment/library_path.dsv
[69.233s] -- Installing: /home/user/ros2_ws/install/hrim_actuator_rotaryservo_actions/lib/libhrim_actuator_rotaryservo_actions__rosidl_generator_c.so
[69.233s] -- Set runtime path of "/home/user/ros2_ws/install/hrim_actuator_rotaryservo_actions/lib/libhrim_actuator_rotaryservo_actions__rosidl_generator_c.so" to ""
[69.233s] -- Up-to-date: /home/user/ros2_ws/install/hrim_actuator_rotaryservo_actions/include/hrim_actuator_rotaryservo_actions
[69.234s] -- Up-to-date: /home/user/ros2_ws/install/hrim_actuator_rotaryservo_actions/include/hrim_actuator_rotaryservo_actions/msg
[69.234s] -- Up-to-date: /home/user/ros2_ws/install/hrim_actuator_rotaryservo_actions/include/hrim_actuator_rotaryservo_actions/msg/rosidl_typesupport_fastrtps_c__visibility_control.h
[69.234s] -- Up-to-date: /home/user/ros2_ws/install/hrim_actuator_rotaryservo_actions/include/hrim_actuator_rotaryservo_actions/action
[69.236s] -- Up-to-date: /home/user/ros2_ws/install/hrim_actuator_rotaryservo_actions/include/hrim_actuator_rotaryservo_actions/action/detail
[69.236s] -- Installing: /home/user/ros2_ws/install/hrim_actuator_rotaryservo_actions/include/hrim_actuator_rotaryservo_actions/action/detail/goal_joint_trajectory__rosidl_typesupport_fastrtps_c.h
[69.236s] -- Installing: /home/user/ros2_ws/install/hrim_actuator_rotaryservo_actions/lib/libhrim_actuator_rotaryservo_actions__rosidl_typesupport_fastrtps_c.so
[69.237s] -- Set runtime path of "/home/user/ros2_ws/install/hrim_actuator_rotaryservo_actions/lib/libhrim_actuator_rotaryservo_actions__rosidl_typesupport_fastrtps_c.so" to ""
[69.237s] -- Up-to-date: /home/user/ros2_ws/install/hrim_actuator_rotaryservo_actions/include/hrim_actuator_rotaryservo_actions
[69.237s] -- Up-to-date: /home/user/ros2_ws/install/hrim_actuator_rotaryservo_actions/include/hrim_actuator_rotaryservo_actions/msg
[69.237s] -- Up-to-date: /home/user/ros2_ws/install/hrim_actuator_rotaryservo_actions/include/hrim_actuator_rotaryservo_actions/msg/rosidl_typesupport_fastrtps_cpp__visibility_control.h
[69.238s] -- Up-to-date: /home/user/ros2_ws/install/hrim_actuator_rotaryservo_actions/include/hrim_actuator_rotaryservo_actions/action
[69.238s] -- Up-to-date: /home/user/ros2_ws/install/hrim_actuator_rotaryservo_actions/include/hrim_actuator_rotaryservo_actions/action/detail
[69.238s] -- Installing: /home/user/ros2_ws/install/hrim_actuator_rotaryservo_actions/include/hrim_actuator_rotaryservo_actions/action/detail/goal_joint_trajectory__rosidl_typesupport_fastrtps_cpp.hpp
[69.238s] -- Up-to-date: /home/user/ros2_ws/install/hrim_actuator_rotaryservo_actions/include/hrim_actuator_rotaryservo_actions/action/detail/dds_fastrtps
[69.238s] -- Installing: /home/user/ros2_ws/install/hrim_actuator_rotaryservo_actions/lib/libhrim_actuator_rotaryservo_actions__rosidl_typesupport_fastrtps_cpp.so
[69.239s] -- Set runtime path of "/home/user/ros2_ws/install/hrim_actuator_rotaryservo_actions/lib/libhrim_actuator_rotaryservo_actions__rosidl_typesupport_fastrtps_cpp.so" to ""
[69.240s] -- Up-to-date: /home/user/ros2_ws/install/hrim_actuator_rotaryservo_actions/include/hrim_actuator_rotaryservo_actions
[69.240s] -- Up-to-date: /home/user/ros2_ws/install/hrim_actuator_rotaryservo_actions/include/hrim_actuator_rotaryservo_actions/msg
[69.240s] -- Up-to-date: /home/user/ros2_ws/install/hrim_actuator_rotaryservo_actions/include/hrim_actuator_rotaryservo_actions/msg/rosidl_typesupport_introspection_c__visibility_control.h
[69.241s] -- Up-to-date: /home/user/ros2_ws/install/hrim_actuator_rotaryservo_actions/include/hrim_actuator_rotaryservo_actions/action
[69.241s] -- Up-to-date: /home/user/ros2_ws/install/hrim_actuator_rotaryservo_actions/include/hrim_actuator_rotaryservo_actions/action/detail
[69.241s] -- Installing: /home/user/ros2_ws/install/hrim_actuator_rotaryservo_actions/include/hrim_actuator_rotaryservo_actions/action/detail/goal_joint_trajectory__rosidl_typesupport_introspection_c.h
[69.241s] -- Installing: /home/user/ros2_ws/install/hrim_actuator_rotaryservo_actions/include/hrim_actuator_rotaryservo_actions/action/detail/goal_joint_trajectory__type_support.c
[69.242s] -- Installing: /home/user/ros2_ws/install/hrim_actuator_rotaryservo_actions/lib/libhrim_actuator_rotaryservo_actions__rosidl_typesupport_introspection_c.so
[69.242s] -- Set runtime path of "/home/user/ros2_ws/install/hrim_actuator_rotaryservo_actions/lib/libhrim_actuator_rotaryservo_actions__rosidl_typesupport_introspection_c.so" to ""
[69.243s] -- Installing: /home/user/ros2_ws/install/hrim_actuator_rotaryservo_actions/lib/libhrim_actuator_rotaryservo_actions__rosidl_typesupport_c.so
[69.244s] -- Set runtime path of "/home/user/ros2_ws/install/hrim_actuator_rotaryservo_actions/lib/libhrim_actuator_rotaryservo_actions__rosidl_typesupport_c.so" to ""
[69.244s] -- Up-to-date: /home/user/ros2_ws/install/hrim_actuator_rotaryservo_actions/include/hrim_actuator_rotaryservo_actions
[69.245s] -- Up-to-date: /home/user/ros2_ws/install/hrim_actuator_rotaryservo_actions/include/hrim_actuator_rotaryservo_actions/action
[69.245s] -- Up-to-date: /home/user/ros2_ws/install/hrim_actuator_rotaryservo_actions/include/hrim_actuator_rotaryservo_actions/action/detail
[69.246s] -- Installing: /home/user/ros2_ws/install/hrim_actuator_rotaryservo_actions/include/hrim_actuator_rotaryservo_actions/action/detail/goal_joint_trajectory__traits.hpp
[69.247s] -- Installing: /home/user/ros2_ws/install/hrim_actuator_rotaryservo_actions/include/hrim_actuator_rotaryservo_actions/action/detail/goal_joint_trajectory__struct.hpp
[69.247s] -- Installing: /home/user/ros2_ws/install/hrim_actuator_rotaryservo_actions/include/hrim_actuator_rotaryservo_actions/action/detail/goal_joint_trajectory__builder.hpp
[69.248s] -- Installing: /home/user/ros2_ws/install/hrim_actuator_rotaryservo_actions/include/hrim_actuator_rotaryservo_actions/action/goal_joint_trajectory.hpp
[69.248s] -- Up-to-date: /home/user/ros2_ws/install/hrim_actuator_rotaryservo_actions/include/hrim_actuator_rotaryservo_actions
[69.248s] -- Up-to-date: /home/user/ros2_ws/install/hrim_actuator_rotaryservo_actions/include/hrim_actuator_rotaryservo_actions/action
[69.248s] -- Up-to-date: /home/user/ros2_ws/install/hrim_actuator_rotaryservo_actions/include/hrim_actuator_rotaryservo_actions/action/detail
[69.249s] -- Installing: /home/user/ros2_ws/install/hrim_actuator_rotaryservo_actions/include/hrim_actuator_rotaryservo_actions/action/detail/goal_joint_trajectory__rosidl_typesupport_introspection_cpp.hpp
[69.249s] -- Installing: /home/user/ros2_ws/install/hrim_actuator_rotaryservo_actions/include/hrim_actuator_rotaryservo_actions/action/detail/goal_joint_trajectory__type_support.cpp
[69.250s] -- Installing: /home/user/ros2_ws/install/hrim_actuator_rotaryservo_actions/lib/libhrim_actuator_rotaryservo_actions__rosidl_typesupport_introspection_cpp.so
[69.250s] -- Set runtime path of "/home/user/ros2_ws/install/hrim_actuator_rotaryservo_actions/lib/libhrim_actuator_rotaryservo_actions__rosidl_typesupport_introspection_cpp.so" to ""
[69.250s] -- Installing: /home/user/ros2_ws/install/hrim_actuator_rotaryservo_actions/lib/libhrim_actuator_rotaryservo_actions__rosidl_typesupport_cpp.so
[69.303s] -- Set runtime path of "/home/user/ros2_ws/install/hrim_actuator_rotaryservo_actions/lib/libhrim_actuator_rotaryservo_actions__rosidl_typesupport_cpp.so" to ""
[69.304s] -- Up-to-date: /home/user/ros2_ws/install/hrim_actuator_rotaryservo_actions/share/hrim_actuator_rotaryservo_actions/environment/pythonpath.sh
[69.304s] -- Installing: /home/user/ros2_ws/install/hrim_actuator_rotaryservo_actions/share/hrim_actuator_rotaryservo_actions/environment/pythonpath.dsv
[69.305s] -- Installing: /home/user/ros2_ws/install/hrim_actuator_rotaryservo_actions/lib/python3.8/site-packages/hrim_actuator_rotaryservo_actions/__init__.py
[69.507s] Compiling '/home/user/ros2_ws/install/hrim_actuator_rotaryservo_actions/lib/python3.8/site-packages/hrim_actuator_rotaryservo_actions/__init__.py'...
[69.514s] -- Up-to-date: /home/user/ros2_ws/install/hrim_actuator_rotaryservo_actions/lib/python3.8/site-packages/hrim_actuator_rotaryservo_actions/action
[69.515s] -- Installing: /home/user/ros2_ws/install/hrim_actuator_rotaryservo_actions/lib/python3.8/site-packages/hrim_actuator_rotaryservo_actions/action/_goal_joint_trajectory_s.c
[69.515s] -- Installing: /home/user/ros2_ws/install/hrim_actuator_rotaryservo_actions/lib/python3.8/site-packages/hrim_actuator_rotaryservo_actions/action/_goal_joint_trajectory.py
[69.516s] -- Installing: /home/user/ros2_ws/install/hrim_actuator_rotaryservo_actions/lib/python3.8/site-packages/hrim_actuator_rotaryservo_actions/action/__init__.py
[69.518s] -- Installing: /home/user/ros2_ws/install/hrim_actuator_rotaryservo_actions/lib/python3.8/site-packages/hrim_actuator_rotaryservo_actions/hrim_actuator_rotaryservo_actions_s__rosidl_typesupport_fastrtps_c.cpython-38-x86_64-linux-gnu.so
[69.520s] -- Set runtime path of "/home/user/ros2_ws/install/hrim_actuator_rotaryservo_actions/lib/python3.8/site-packages/hrim_actuator_rotaryservo_actions/hrim_actuator_rotaryservo_actions_s__rosidl_typesupport_fastrtps_c.cpython-38-x86_64-linux-gnu.so" to ""
[69.521s] -- Installing: /home/user/ros2_ws/install/hrim_actuator_rotaryservo_actions/lib/python3.8/site-packages/hrim_actuator_rotaryservo_actions/hrim_actuator_rotaryservo_actions_s__rosidl_typesupport_introspection_c.cpython-38-x86_64-linux-gnu.so
[69.523s] -- Set runtime path of "/home/user/ros2_ws/install/hrim_actuator_rotaryservo_actions/lib/python3.8/site-packages/hrim_actuator_rotaryservo_actions/hrim_actuator_rotaryservo_actions_s__rosidl_typesupport_introspection_c.cpython-38-x86_64-linux-gnu.so" to ""
[69.526s] -- Installing: /home/user/ros2_ws/install/hrim_actuator_rotaryservo_actions/lib/python3.8/site-packages/hrim_actuator_rotaryservo_actions/hrim_actuator_rotaryservo_actions_s__rosidl_typesupport_c.cpython-38-x86_64-linux-gnu.so
[69.527s] -- Set runtime path of "/home/user/ros2_ws/install/hrim_actuator_rotaryservo_actions/lib/python3.8/site-packages/hrim_actuator_rotaryservo_actions/hrim_actuator_rotaryservo_actions_s__rosidl_typesupport_c.cpython-38-x86_64-linux-gnu.so" to ""
[69.528s] -- Installing: /home/user/ros2_ws/install/hrim_actuator_rotaryservo_actions/lib/libhrim_actuator_rotaryservo_actions__python.so
[69.529s] -- Set runtime path of "/home/user/ros2_ws/install/hrim_actuator_rotaryservo_actions/lib/libhrim_actuator_rotaryservo_actions__python.so" to ""
[69.529s] -- Up-to-date: /home/user/ros2_ws/install/hrim_actuator_rotaryservo_actions/share/hrim_actuator_rotaryservo_actions/action/GoalJointTrajectory.idl
[69.530s] -- Up-to-date: /home/user/ros2_ws/install/hrim_actuator_rotaryservo_actions/share/hrim_actuator_rotaryservo_actions/action/GoalJointTrajectory.action
[69.530s] -- Up-to-date: /home/user/ros2_ws/install/hrim_actuator_rotaryservo_actions/share/ament_index/resource_index/package_run_dependencies/hrim_actuator_rotaryservo_actions
[69.531s] -- Installing: /home/user/ros2_ws/install/hrim_actuator_rotaryservo_actions/share/ament_index/resource_index/parent_prefix_path/hrim_actuator_rotaryservo_actions
[69.532s] -- Installing: /home/user/ros2_ws/install/hrim_actuator_rotaryservo_actions/share/hrim_actuator_rotaryservo_actions/environment/ament_prefix_path.sh
[69.532s] -- Installing: /home/user/ros2_ws/install/hrim_actuator_rotaryservo_actions/share/hrim_actuator_rotaryservo_actions/environment/ament_prefix_path.dsv
[69.533s] -- Installing: /home/user/ros2_ws/install/hrim_actuator_rotaryservo_actions/share/hrim_actuator_rotaryservo_actions/environment/path.sh
[69.534s] -- Installing: /home/user/ros2_ws/install/hrim_actuator_rotaryservo_actions/share/hrim_actuator_rotaryservo_actions/environment/path.dsv
[69.535s] -- Installing: /home/user/ros2_ws/install/hrim_actuator_rotaryservo_actions/share/hrim_actuator_rotaryservo_actions/local_setup.bash
[69.536s] -- Installing: /home/user/ros2_ws/install/hrim_actuator_rotaryservo_actions/share/hrim_actuator_rotaryservo_actions/local_setup.sh
[69.536s] -- Installing: /home/user/ros2_ws/install/hrim_actuator_rotaryservo_actions/share/hrim_actuator_rotaryservo_actions/local_setup.zsh
[69.602s] -- Installing: /home/user/ros2_ws/install/hrim_actuator_rotaryservo_actions/share/hrim_actuator_rotaryservo_actions/local_setup.dsv
[69.603s] -- Installing: /home/user/ros2_ws/install/hrim_actuator_rotaryservo_actions/share/hrim_actuator_rotaryservo_actions/package.dsv
[69.603s] -- Up-to-date: /home/user/ros2_ws/install/hrim_actuator_rotaryservo_actions/share/ament_index/resource_index/packages/hrim_actuator_rotaryservo_actions
[69.603s] -- Up-to-date: /home/user/ros2_ws/install/hrim_actuator_rotaryservo_actions/share/hrim_actuator_rotaryservo_actions/cmake/hrim_actuator_rotaryservo_actions__rosidl_generator_cExport.cmake
[69.603s] -- Installing: /home/user/ros2_ws/install/hrim_actuator_rotaryservo_actions/share/hrim_actuator_rotaryservo_actions/cmake/hrim_actuator_rotaryservo_actions__rosidl_generator_cExport-noconfig.cmake
[69.603s] -- Up-to-date: /home/user/ros2_ws/install/hrim_actuator_rotaryservo_actions/share/hrim_actuator_rotaryservo_actions/cmake/hrim_actuator_rotaryservo_actions__rosidl_typesupport_introspection_cExport.cmake
[69.604s] -- Installing: /home/user/ros2_ws/install/hrim_actuator_rotaryservo_actions/share/hrim_actuator_rotaryservo_actions/cmake/hrim_actuator_rotaryservo_actions__rosidl_typesupport_introspection_cExport-noconfig.cmake
[69.604s] -- Up-to-date: /home/user/ros2_ws/install/hrim_actuator_rotaryservo_actions/share/hrim_actuator_rotaryservo_actions/cmake/hrim_actuator_rotaryservo_actions__rosidl_typesupport_cExport.cmake
[69.605s] -- Installing: /home/user/ros2_ws/install/hrim_actuator_rotaryservo_actions/share/hrim_actuator_rotaryservo_actions/cmake/hrim_actuator_rotaryservo_actions__rosidl_typesupport_cExport-noconfig.cmake
[69.611s] -- Up-to-date: /home/user/ros2_ws/install/hrim_actuator_rotaryservo_actions/share/hrim_actuator_rotaryservo_actions/cmake/hrim_actuator_rotaryservo_actions__rosidl_generator_cppExport.cmake
[69.614s] -- Up-to-date: /home/user/ros2_ws/install/hrim_actuator_rotaryservo_actions/share/hrim_actuator_rotaryservo_actions/cmake/hrim_actuator_rotaryservo_actions__rosidl_typesupport_introspection_cppExport.cmake
[69.615s] -- Installing: /home/user/ros2_ws/install/hrim_actuator_rotaryservo_actions/share/hrim_actuator_rotaryservo_actions/cmake/hrim_actuator_rotaryservo_actions__rosidl_typesupport_introspection_cppExport-noconfig.cmake
[69.616s] -- Up-to-date: /home/user/ros2_ws/install/hrim_actuator_rotaryservo_actions/share/hrim_actuator_rotaryservo_actions/cmake/hrim_actuator_rotaryservo_actions__rosidl_typesupport_cppExport.cmake
[69.616s] -- Installing: /home/user/ros2_ws/install/hrim_actuator_rotaryservo_actions/share/hrim_actuator_rotaryservo_actions/cmake/hrim_actuator_rotaryservo_actions__rosidl_typesupport_cppExport-noconfig.cmake
[69.617s] -- Up-to-date: /home/user/ros2_ws/install/hrim_actuator_rotaryservo_actions/share/hrim_actuator_rotaryservo_actions/cmake/rosidl_cmake-extras.cmake
[69.618s] -- Installing: /home/user/ros2_ws/install/hrim_actuator_rotaryservo_actions/share/hrim_actuator_rotaryservo_actions/cmake/ament_cmake_export_dependencies-extras.cmake
[69.619s] -- Up-to-date: /home/user/ros2_ws/install/hrim_actuator_rotaryservo_actions/share/hrim_actuator_rotaryservo_actions/cmake/ament_cmake_export_libraries-extras.cmake
[69.619s] -- Up-to-date: /home/user/ros2_ws/install/hrim_actuator_rotaryservo_actions/share/hrim_actuator_rotaryservo_actions/cmake/ament_cmake_export_targets-extras.cmake
[69.620s] -- Up-to-date: /home/user/ros2_ws/install/hrim_actuator_rotaryservo_actions/share/hrim_actuator_rotaryservo_actions/cmake/ament_cmake_export_include_directories-extras.cmake
[69.621s] -- Up-to-date: /home/user/ros2_ws/install/hrim_actuator_rotaryservo_actions/share/hrim_actuator_rotaryservo_actions/cmake/rosidl_cmake_export_typesupport_libraries-extras.cmake
[69.622s] -- Up-to-date: /home/user/ros2_ws/install/hrim_actuator_rotaryservo_actions/share/hrim_actuator_rotaryservo_actions/cmake/rosidl_cmake_export_typesupport_targets-extras.cmake
[69.623s] -- Up-to-date: /home/user/ros2_ws/install/hrim_actuator_rotaryservo_actions/share/hrim_actuator_rotaryservo_actions/cmake/hrim_actuator_rotaryservo_actionsConfig.cmake
[69.708s] -- Up-to-date: /home/user/ros2_ws/install/hrim_actuator_rotaryservo_actions/share/hrim_actuator_rotaryservo_actions/cmake/hrim_actuator_rotaryservo_actionsConfig-version.cmake
[69.708s] -- Up-to-date: /home/user/ros2_ws/install/hrim_actuator_rotaryservo_actions/share/hrim_actuator_rotaryservo_actions/package.xml
[69.708s] Invoked command in '/home/user/ros2_ws/build/hrim_actuator_rotaryservo_actions' returned '0': CMAKE_PREFIX_PATH=${CMAKE_PREFIX_PATH}:/opt/ros/foxy _=/usr/bin/env /usr/bin/cmake --install /home/user/ros2_ws/build/hrim_actuator_rotaryservo_actions
