[  1%] Built target hrim_actuator_rotaryservo_msgs__cpp
[  3%] [34m[1mGenerating C code for ROS interfaces[0m
[35m[1mScanning dependencies of target hrim_actuator_rotaryservo_msgs__rosidl_generator_c[0m
[  4%] [32mBuilding C object CMakeFiles/hrim_actuator_rotaryservo_msgs__rosidl_generator_c.dir/rosidl_generator_c/hrim_actuator_rotaryservo_msgs/msg/detail/goal_angular_acceleration__functions.c.o[0m
[  6%] [32mBuilding C object CMakeFiles/hrim_actuator_rotaryservo_msgs__rosidl_generator_c.dir/rosidl_generator_c/hrim_actuator_rotaryservo_msgs/msg/detail/temperature__functions.c.o[0m
[  7%] [32mBuilding C object CMakeFiles/hrim_actuator_rotaryservo_msgs__rosidl_generator_c.dir/rosidl_generator_c/hrim_actuator_rotaryservo_msgs/msg/detail/state_rotary_servo__functions.c.o[0m
[  9%] [32mBuilding C object CMakeFiles/hrim_actuator_rotaryservo_msgs__rosidl_generator_c.dir/rosidl_generator_c/hrim_actuator_rotaryservo_msgs/msg/detail/reconfiguration__functions.c.o[0m
[ 11%] [32mBuilding C object CMakeFiles/hrim_actuator_rotaryservo_msgs__rosidl_generator_c.dir/rosidl_generator_c/hrim_actuator_rotaryservo_msgs/msg/detail/goal_rotary_servo__functions.c.o[0m
[ 12%] [32m[1mLinking C shared library libhrim_actuator_rotaryservo_msgs__rosidl_generator_c.so[0m
[ 12%] Built target hrim_actuator_rotaryservo_msgs__rosidl_generator_c
[ 14%] [34m[1mGenerating C++ type support dispatch for ROS interfaces[0m
[35m[1mScanning dependencies of target hrim_actuator_rotaryservo_msgs__rosidl_typesupport_cpp[0m
[ 15%] [32mBuilding CXX object CMakeFiles/hrim_actuator_rotaryservo_msgs__rosidl_typesupport_cpp.dir/rosidl_typesupport_cpp/hrim_actuator_rotaryservo_msgs/msg/goal_angular_acceleration__type_support.cpp.o[0m
[ 17%] [32mBuilding CXX object CMakeFiles/hrim_actuator_rotaryservo_msgs__rosidl_typesupport_cpp.dir/rosidl_typesupport_cpp/hrim_actuator_rotaryservo_msgs/msg/state_rotary_servo__type_support.cpp.o[0m
[ 19%] [32mBuilding CXX object CMakeFiles/hrim_actuator_rotaryservo_msgs__rosidl_typesupport_cpp.dir/rosidl_typesupport_cpp/hrim_actuator_rotaryservo_msgs/msg/temperature__type_support.cpp.o[0m
[ 20%] [32mBuilding CXX object CMakeFiles/hrim_actuator_rotaryservo_msgs__rosidl_typesupport_cpp.dir/rosidl_typesupport_cpp/hrim_actuator_rotaryservo_msgs/msg/reconfiguration__type_support.cpp.o[0m
[ 22%] [32mBuilding CXX object CMakeFiles/hrim_actuator_rotaryservo_msgs__rosidl_typesupport_cpp.dir/rosidl_typesupport_cpp/hrim_actuator_rotaryservo_msgs/msg/goal_rotary_servo__type_support.cpp.o[0m
[ 23%] [32m[1mLinking CXX shared library libhrim_actuator_rotaryservo_msgs__rosidl_typesupport_cpp.so[0m
[ 23%] Built target hrim_actuator_rotaryservo_msgs__rosidl_typesupport_cpp
[ 25%] [34m[1mGenerating C introspection for ROS interfaces[0m
[35m[1mScanning dependencies of target hrim_actuator_rotaryservo_msgs__rosidl_typesupport_introspection_c[0m
[ 26%] [32mBuilding C object CMakeFiles/hrim_actuator_rotaryservo_msgs__rosidl_typesupport_introspection_c.dir/rosidl_typesupport_introspection_c/hrim_actuator_rotaryservo_msgs/msg/detail/goal_angular_acceleration__type_support.c.o[0m
[ 28%] [32mBuilding C object CMakeFiles/hrim_actuator_rotaryservo_msgs__rosidl_typesupport_introspection_c.dir/rosidl_typesupport_introspection_c/hrim_actuator_rotaryservo_msgs/msg/detail/temperature__type_support.c.o[0m
[ 30%] [32mBuilding C object CMakeFiles/hrim_actuator_rotaryservo_msgs__rosidl_typesupport_introspection_c.dir/rosidl_typesupport_introspection_c/hrim_actuator_rotaryservo_msgs/msg/detail/state_rotary_servo__type_support.c.o[0m
[ 31%] [32mBuilding C object CMakeFiles/hrim_actuator_rotaryservo_msgs__rosidl_typesupport_introspection_c.dir/rosidl_typesupport_introspection_c/hrim_actuator_rotaryservo_msgs/msg/detail/reconfiguration__type_support.c.o[0m
[ 33%] [32mBuilding C object CMakeFiles/hrim_actuator_rotaryservo_msgs__rosidl_typesupport_introspection_c.dir/rosidl_typesupport_introspection_c/hrim_actuator_rotaryservo_msgs/msg/detail/goal_rotary_servo__type_support.c.o[0m
[ 34%] [32m[1mLinking C shared library libhrim_actuator_rotaryservo_msgs__rosidl_typesupport_introspection_c.so[0m
[ 34%] Built target hrim_actuator_rotaryservo_msgs__rosidl_typesupport_introspection_c
[ 36%] [34m[1mGenerating C type support dispatch for ROS interfaces[0m
[35m[1mScanning dependencies of target hrim_actuator_rotaryservo_msgs__rosidl_typesupport_c[0m
[ 38%] [32mBuilding CXX object CMakeFiles/hrim_actuator_rotaryservo_msgs__rosidl_typesupport_c.dir/rosidl_typesupport_c/hrim_actuator_rotaryservo_msgs/msg/goal_angular_acceleration__type_support.cpp.o[0m
[ 39%] [32mBuilding CXX object CMakeFiles/hrim_actuator_rotaryservo_msgs__rosidl_typesupport_c.dir/rosidl_typesupport_c/hrim_actuator_rotaryservo_msgs/msg/temperature__type_support.cpp.o[0m
[ 41%] [32mBuilding CXX object CMakeFiles/hrim_actuator_rotaryservo_msgs__rosidl_typesupport_c.dir/rosidl_typesupport_c/hrim_actuator_rotaryservo_msgs/msg/state_rotary_servo__type_support.cpp.o[0m
[ 42%] [32mBuilding CXX object CMakeFiles/hrim_actuator_rotaryservo_msgs__rosidl_typesupport_c.dir/rosidl_typesupport_c/hrim_actuator_rotaryservo_msgs/msg/reconfiguration__type_support.cpp.o[0m
[ 44%] [32mBuilding CXX object CMakeFiles/hrim_actuator_rotaryservo_msgs__rosidl_typesupport_c.dir/rosidl_typesupport_c/hrim_actuator_rotaryservo_msgs/msg/goal_rotary_servo__type_support.cpp.o[0m
[ 46%] [32m[1mLinking CXX shared library libhrim_actuator_rotaryservo_msgs__rosidl_typesupport_c.so[0m
[ 46%] Built target hrim_actuator_rotaryservo_msgs__rosidl_typesupport_c
[ 47%] [34m[1mGenerating C++ introspection for ROS interfaces[0m
[35m[1mScanning dependencies of target hrim_actuator_rotaryservo_msgs__rosidl_typesupport_introspection_cpp[0m
[ 49%] [32mBuilding CXX object CMakeFiles/hrim_actuator_rotaryservo_msgs__rosidl_typesupport_introspection_cpp.dir/rosidl_typesupport_introspection_cpp/hrim_actuator_rotaryservo_msgs/msg/detail/goal_angular_acceleration__type_support.cpp.o[0m
[ 50%] [32mBuilding CXX object CMakeFiles/hrim_actuator_rotaryservo_msgs__rosidl_typesupport_introspection_cpp.dir/rosidl_typesupport_introspection_cpp/hrim_actuator_rotaryservo_msgs/msg/detail/temperature__type_support.cpp.o[0m
[ 52%] [32mBuilding CXX object CMakeFiles/hrim_actuator_rotaryservo_msgs__rosidl_typesupport_introspection_cpp.dir/rosidl_typesupport_introspection_cpp/hrim_actuator_rotaryservo_msgs/msg/detail/state_rotary_servo__type_support.cpp.o[0m
[ 53%] [32mBuilding CXX object CMakeFiles/hrim_actuator_rotaryservo_msgs__rosidl_typesupport_introspection_cpp.dir/rosidl_typesupport_introspection_cpp/hrim_actuator_rotaryservo_msgs/msg/detail/reconfiguration__type_support.cpp.o[0m
[ 55%] [32mBuilding CXX object CMakeFiles/hrim_actuator_rotaryservo_msgs__rosidl_typesupport_introspection_cpp.dir/rosidl_typesupport_introspection_cpp/hrim_actuator_rotaryservo_msgs/msg/detail/goal_rotary_servo__type_support.cpp.o[0m
[ 57%] [32m[1mLinking CXX shared library libhrim_actuator_rotaryservo_msgs__rosidl_typesupport_introspection_cpp.so[0m
[ 57%] Built target hrim_actuator_rotaryservo_msgs__rosidl_typesupport_introspection_cpp
[ 58%] [34m[1mGenerating C++ type support for eProsima Fast-RTPS[0m
[35m[1mScanning dependencies of target hrim_actuator_rotaryservo_msgs__rosidl_typesupport_fastrtps_cpp[0m
[ 60%] [32mBuilding CXX object CMakeFiles/hrim_actuator_rotaryservo_msgs__rosidl_typesupport_fastrtps_cpp.dir/rosidl_typesupport_fastrtps_cpp/hrim_actuator_rotaryservo_msgs/msg/detail/dds_fastrtps/goal_angular_acceleration__type_support.cpp.o[0m
[ 61%] [32mBuilding CXX object CMakeFiles/hrim_actuator_rotaryservo_msgs__rosidl_typesupport_fastrtps_cpp.dir/rosidl_typesupport_fastrtps_cpp/hrim_actuator_rotaryservo_msgs/msg/detail/dds_fastrtps/temperature__type_support.cpp.o[0m
[ 63%] [32mBuilding CXX object CMakeFiles/hrim_actuator_rotaryservo_msgs__rosidl_typesupport_fastrtps_cpp.dir/rosidl_typesupport_fastrtps_cpp/hrim_actuator_rotaryservo_msgs/msg/detail/dds_fastrtps/state_rotary_servo__type_support.cpp.o[0m
[ 65%] [32mBuilding CXX object CMakeFiles/hrim_actuator_rotaryservo_msgs__rosidl_typesupport_fastrtps_cpp.dir/rosidl_typesupport_fastrtps_cpp/hrim_actuator_rotaryservo_msgs/msg/detail/dds_fastrtps/reconfiguration__type_support.cpp.o[0m
[ 66%] [32mBuilding CXX object CMakeFiles/hrim_actuator_rotaryservo_msgs__rosidl_typesupport_fastrtps_cpp.dir/rosidl_typesupport_fastrtps_cpp/hrim_actuator_rotaryservo_msgs/msg/detail/dds_fastrtps/goal_rotary_servo__type_support.cpp.o[0m
[ 68%] [32m[1mLinking CXX shared library libhrim_actuator_rotaryservo_msgs__rosidl_typesupport_fastrtps_cpp.so[0m
[ 68%] Built target hrim_actuator_rotaryservo_msgs__rosidl_typesupport_fastrtps_cpp
[ 69%] [34m[1mGenerating C type support for eProsima Fast-RTPS[0m
[35m[1mScanning dependencies of target hrim_actuator_rotaryservo_msgs__rosidl_typesupport_fastrtps_c[0m
[ 71%] [32mBuilding CXX object CMakeFiles/hrim_actuator_rotaryservo_msgs__rosidl_typesupport_fastrtps_c.dir/rosidl_typesupport_fastrtps_c/hrim_actuator_rotaryservo_msgs/msg/detail/goal_angular_acceleration__type_support_c.cpp.o[0m
[ 73%] [32mBuilding CXX object CMakeFiles/hrim_actuator_rotaryservo_msgs__rosidl_typesupport_fastrtps_c.dir/rosidl_typesupport_fastrtps_c/hrim_actuator_rotaryservo_msgs/msg/detail/temperature__type_support_c.cpp.o[0m
[ 74%] [32mBuilding CXX object CMakeFiles/hrim_actuator_rotaryservo_msgs__rosidl_typesupport_fastrtps_c.dir/rosidl_typesupport_fastrtps_c/hrim_actuator_rotaryservo_msgs/msg/detail/state_rotary_servo__type_support_c.cpp.o[0m
[ 76%] [32mBuilding CXX object CMakeFiles/hrim_actuator_rotaryservo_msgs__rosidl_typesupport_fastrtps_c.dir/rosidl_typesupport_fastrtps_c/hrim_actuator_rotaryservo_msgs/msg/detail/reconfiguration__type_support_c.cpp.o[0m
[ 77%] [32mBuilding CXX object CMakeFiles/hrim_actuator_rotaryservo_msgs__rosidl_typesupport_fastrtps_c.dir/rosidl_typesupport_fastrtps_c/hrim_actuator_rotaryservo_msgs/msg/detail/goal_rotary_servo__type_support_c.cpp.o[0m
[ 79%] [32m[1mLinking CXX shared library libhrim_actuator_rotaryservo_msgs__rosidl_typesupport_fastrtps_c.so[0m
[ 79%] Built target hrim_actuator_rotaryservo_msgs__rosidl_typesupport_fastrtps_c
[ 79%] Built target hrim_actuator_rotaryservo_msgs
[ 80%] [34m[1mGenerating Python code for ROS interfaces[0m
[ 80%] Built target hrim_actuator_rotaryservo_msgs__py
[35m[1mScanning dependencies of target hrim_actuator_rotaryservo_msgs__python[0m
[ 82%] [32mBuilding C object CMakeFiles/hrim_actuator_rotaryservo_msgs__python.dir/rosidl_generator_py/hrim_actuator_rotaryservo_msgs/msg/_goal_angular_acceleration_s.c.o[0m
[ 84%] [32mBuilding C object CMakeFiles/hrim_actuator_rotaryservo_msgs__python.dir/rosidl_generator_py/hrim_actuator_rotaryservo_msgs/msg/_temperature_s.c.o[0m
[ 85%] [32mBuilding C object CMakeFiles/hrim_actuator_rotaryservo_msgs__python.dir/rosidl_generator_py/hrim_actuator_rotaryservo_msgs/msg/_state_rotary_servo_s.c.o[0m
[ 87%] [32mBuilding C object CMakeFiles/hrim_actuator_rotaryservo_msgs__python.dir/rosidl_generator_py/hrim_actuator_rotaryservo_msgs/msg/_reconfiguration_s.c.o[0m
[ 88%] [32mBuilding C object CMakeFiles/hrim_actuator_rotaryservo_msgs__python.dir/rosidl_generator_py/hrim_actuator_rotaryservo_msgs/msg/_goal_rotary_servo_s.c.o[0m
[ 90%] [32m[1mLinking C shared library rosidl_generator_py/hrim_actuator_rotaryservo_msgs/libhrim_actuator_rotaryservo_msgs__python.so[0m
[ 90%] Built target hrim_actuator_rotaryservo_msgs__python
[35m[1mScanning dependencies of target hrim_actuator_rotaryservo_msgs__rosidl_typesupport_introspection_c__pyext[0m
[ 92%] [32mBuilding C object CMakeFiles/hrim_actuator_rotaryservo_msgs__rosidl_typesupport_introspection_c__pyext.dir/rosidl_generator_py/hrim_actuator_rotaryservo_msgs/_hrim_actuator_rotaryservo_msgs_s.ep.rosidl_typesupport_introspection_c.c.o[0m
[ 93%] [32m[1mLinking C shared library rosidl_generator_py/hrim_actuator_rotaryservo_msgs/hrim_actuator_rotaryservo_msgs_s__rosidl_typesupport_introspection_c.cpython-38-x86_64-linux-gnu.so[0m
[ 93%] Built target hrim_actuator_rotaryservo_msgs__rosidl_typesupport_introspection_c__pyext
[35m[1mScanning dependencies of target hrim_actuator_rotaryservo_msgs__rosidl_typesupport_c__pyext[0m
[ 95%] [32mBuilding C object CMakeFiles/hrim_actuator_rotaryservo_msgs__rosidl_typesupport_c__pyext.dir/rosidl_generator_py/hrim_actuator_rotaryservo_msgs/_hrim_actuator_rotaryservo_msgs_s.ep.rosidl_typesupport_c.c.o[0m
[ 96%] [32m[1mLinking C shared library rosidl_generator_py/hrim_actuator_rotaryservo_msgs/hrim_actuator_rotaryservo_msgs_s__rosidl_typesupport_c.cpython-38-x86_64-linux-gnu.so[0m
[ 96%] Built target hrim_actuator_rotaryservo_msgs__rosidl_typesupport_c__pyext
[35m[1mScanning dependencies of target hrim_actuator_rotaryservo_msgs__rosidl_typesupport_fastrtps_c__pyext[0m
[ 98%] [32mBuilding C object CMakeFiles/hrim_actuator_rotaryservo_msgs__rosidl_typesupport_fastrtps_c__pyext.dir/rosidl_generator_py/hrim_actuator_rotaryservo_msgs/_hrim_actuator_rotaryservo_msgs_s.ep.rosidl_typesupport_fastrtps_c.c.o[0m
[100%] [32m[1mLinking CXX shared library rosidl_generator_py/hrim_actuator_rotaryservo_msgs/hrim_actuator_rotaryservo_msgs_s__rosidl_typesupport_fastrtps_c.cpython-38-x86_64-linux-gnu.so[0m
[100%] Built target hrim_actuator_rotaryservo_msgs__rosidl_typesupport_fastrtps_c__pyext
-- Install configuration: ""
-- Up-to-date: /home/user/ros2_ws/install/hrim_actuator_rotaryservo_msgs/share/ament_index/resource_index/rosidl_interfaces/hrim_actuator_rotaryservo_msgs
-- Up-to-date: /home/user/ros2_ws/install/hrim_actuator_rotaryservo_msgs/include/hrim_actuator_rotaryservo_msgs
-- Up-to-date: /home/user/ros2_ws/install/hrim_actuator_rotaryservo_msgs/include/hrim_actuator_rotaryservo_msgs/msg
-- Up-to-date: /home/user/ros2_ws/install/hrim_actuator_rotaryservo_msgs/include/hrim_actuator_rotaryservo_msgs/msg/detail
-- Installing: /home/user/ros2_ws/install/hrim_actuator_rotaryservo_msgs/include/hrim_actuator_rotaryservo_msgs/msg/detail/goal_rotary_servo__struct.h
-- Installing: /home/user/ros2_ws/install/hrim_actuator_rotaryservo_msgs/include/hrim_actuator_rotaryservo_msgs/msg/detail/goal_rotary_servo__functions.c
-- Installing: /home/user/ros2_ws/install/hrim_actuator_rotaryservo_msgs/include/hrim_actuator_rotaryservo_msgs/msg/detail/goal_rotary_servo__functions.h
-- Installing: /home/user/ros2_ws/install/hrim_actuator_rotaryservo_msgs/include/hrim_actuator_rotaryservo_msgs/msg/detail/temperature__type_support.h
-- Installing: /home/user/ros2_ws/install/hrim_actuator_rotaryservo_msgs/include/hrim_actuator_rotaryservo_msgs/msg/detail/goal_angular_acceleration__functions.h
-- Installing: /home/user/ros2_ws/install/hrim_actuator_rotaryservo_msgs/include/hrim_actuator_rotaryservo_msgs/msg/detail/reconfiguration__type_support.h
-- Installing: /home/user/ros2_ws/install/hrim_actuator_rotaryservo_msgs/include/hrim_actuator_rotaryservo_msgs/msg/detail/state_rotary_servo__functions.h
-- Installing: /home/user/ros2_ws/install/hrim_actuator_rotaryservo_msgs/include/hrim_actuator_rotaryservo_msgs/msg/detail/temperature__functions.c
-- Installing: /home/user/ros2_ws/install/hrim_actuator_rotaryservo_msgs/include/hrim_actuator_rotaryservo_msgs/msg/detail/reconfiguration__functions.h
-- Installing: /home/user/ros2_ws/install/hrim_actuator_rotaryservo_msgs/include/hrim_actuator_rotaryservo_msgs/msg/detail/state_rotary_servo__type_support.h
-- Installing: /home/user/ros2_ws/install/hrim_actuator_rotaryservo_msgs/include/hrim_actuator_rotaryservo_msgs/msg/detail/temperature__struct.h
-- Installing: /home/user/ros2_ws/install/hrim_actuator_rotaryservo_msgs/include/hrim_actuator_rotaryservo_msgs/msg/detail/state_rotary_servo__functions.c
-- Installing: /home/user/ros2_ws/install/hrim_actuator_rotaryservo_msgs/include/hrim_actuator_rotaryservo_msgs/msg/detail/temperature__functions.h
-- Installing: /home/user/ros2_ws/install/hrim_actuator_rotaryservo_msgs/include/hrim_actuator_rotaryservo_msgs/msg/detail/goal_rotary_servo__type_support.h
-- Installing: /home/user/ros2_ws/install/hrim_actuator_rotaryservo_msgs/include/hrim_actuator_rotaryservo_msgs/msg/detail/goal_angular_acceleration__functions.c
-- Installing: /home/user/ros2_ws/install/hrim_actuator_rotaryservo_msgs/include/hrim_actuator_rotaryservo_msgs/msg/detail/reconfiguration__functions.c
-- Installing: /home/user/ros2_ws/install/hrim_actuator_rotaryservo_msgs/include/hrim_actuator_rotaryservo_msgs/msg/detail/state_rotary_servo__struct.h
-- Installing: /home/user/ros2_ws/install/hrim_actuator_rotaryservo_msgs/include/hrim_actuator_rotaryservo_msgs/msg/detail/goal_angular_acceleration__type_support.h
-- Installing: /home/user/ros2_ws/install/hrim_actuator_rotaryservo_msgs/include/hrim_actuator_rotaryservo_msgs/msg/detail/goal_angular_acceleration__struct.h
-- Installing: /home/user/ros2_ws/install/hrim_actuator_rotaryservo_msgs/include/hrim_actuator_rotaryservo_msgs/msg/detail/reconfiguration__struct.h
-- Up-to-date: /home/user/ros2_ws/install/hrim_actuator_rotaryservo_msgs/include/hrim_actuator_rotaryservo_msgs/msg/rosidl_generator_c__visibility_control.h
-- Installing: /home/user/ros2_ws/install/hrim_actuator_rotaryservo_msgs/include/hrim_actuator_rotaryservo_msgs/msg/goal_rotary_servo.h
-- Installing: /home/user/ros2_ws/install/hrim_actuator_rotaryservo_msgs/include/hrim_actuator_rotaryservo_msgs/msg/goal_angular_acceleration.h
-- Installing: /home/user/ros2_ws/install/hrim_actuator_rotaryservo_msgs/include/hrim_actuator_rotaryservo_msgs/msg/temperature.h
-- Installing: /home/user/ros2_ws/install/hrim_actuator_rotaryservo_msgs/include/hrim_actuator_rotaryservo_msgs/msg/state_rotary_servo.h
-- Installing: /home/user/ros2_ws/install/hrim_actuator_rotaryservo_msgs/include/hrim_actuator_rotaryservo_msgs/msg/reconfiguration.h
-- Installing: /home/user/ros2_ws/install/hrim_actuator_rotaryservo_msgs/share/hrim_actuator_rotaryservo_msgs/environment/library_path.sh
-- Installing: /home/user/ros2_ws/install/hrim_actuator_rotaryservo_msgs/share/hrim_actuator_rotaryservo_msgs/environment/library_path.dsv
-- Installing: /home/user/ros2_ws/install/hrim_actuator_rotaryservo_msgs/lib/libhrim_actuator_rotaryservo_msgs__rosidl_generator_c.so
-- Set runtime path of "/home/user/ros2_ws/install/hrim_actuator_rotaryservo_msgs/lib/libhrim_actuator_rotaryservo_msgs__rosidl_generator_c.so" to ""
-- Up-to-date: /home/user/ros2_ws/install/hrim_actuator_rotaryservo_msgs/include/hrim_actuator_rotaryservo_msgs
-- Up-to-date: /home/user/ros2_ws/install/hrim_actuator_rotaryservo_msgs/include/hrim_actuator_rotaryservo_msgs/msg
-- Up-to-date: /home/user/ros2_ws/install/hrim_actuator_rotaryservo_msgs/include/hrim_actuator_rotaryservo_msgs/msg/detail
-- Installing: /home/user/ros2_ws/install/hrim_actuator_rotaryservo_msgs/include/hrim_actuator_rotaryservo_msgs/msg/detail/state_rotary_servo__rosidl_typesupport_fastrtps_c.h
-- Installing: /home/user/ros2_ws/install/hrim_actuator_rotaryservo_msgs/include/hrim_actuator_rotaryservo_msgs/msg/detail/goal_rotary_servo__rosidl_typesupport_fastrtps_c.h
-- Installing: /home/user/ros2_ws/install/hrim_actuator_rotaryservo_msgs/include/hrim_actuator_rotaryservo_msgs/msg/detail/goal_angular_acceleration__rosidl_typesupport_fastrtps_c.h
-- Installing: /home/user/ros2_ws/install/hrim_actuator_rotaryservo_msgs/include/hrim_actuator_rotaryservo_msgs/msg/detail/reconfiguration__rosidl_typesupport_fastrtps_c.h
-- Installing: /home/user/ros2_ws/install/hrim_actuator_rotaryservo_msgs/include/hrim_actuator_rotaryservo_msgs/msg/detail/temperature__rosidl_typesupport_fastrtps_c.h
-- Up-to-date: /home/user/ros2_ws/install/hrim_actuator_rotaryservo_msgs/include/hrim_actuator_rotaryservo_msgs/msg/rosidl_typesupport_fastrtps_c__visibility_control.h
-- Installing: /home/user/ros2_ws/install/hrim_actuator_rotaryservo_msgs/lib/libhrim_actuator_rotaryservo_msgs__rosidl_typesupport_fastrtps_c.so
-- Set runtime path of "/home/user/ros2_ws/install/hrim_actuator_rotaryservo_msgs/lib/libhrim_actuator_rotaryservo_msgs__rosidl_typesupport_fastrtps_c.so" to ""
-- Up-to-date: /home/user/ros2_ws/install/hrim_actuator_rotaryservo_msgs/include/hrim_actuator_rotaryservo_msgs
-- Up-to-date: /home/user/ros2_ws/install/hrim_actuator_rotaryservo_msgs/include/hrim_actuator_rotaryservo_msgs/msg
-- Up-to-date: /home/user/ros2_ws/install/hrim_actuator_rotaryservo_msgs/include/hrim_actuator_rotaryservo_msgs/msg/detail
-- Installing: /home/user/ros2_ws/install/hrim_actuator_rotaryservo_msgs/include/hrim_actuator_rotaryservo_msgs/msg/detail/reconfiguration__rosidl_typesupport_fastrtps_cpp.hpp
-- Installing: /home/user/ros2_ws/install/hrim_actuator_rotaryservo_msgs/include/hrim_actuator_rotaryservo_msgs/msg/detail/temperature__rosidl_typesupport_fastrtps_cpp.hpp
-- Installing: /home/user/ros2_ws/install/hrim_actuator_rotaryservo_msgs/include/hrim_actuator_rotaryservo_msgs/msg/detail/goal_angular_acceleration__rosidl_typesupport_fastrtps_cpp.hpp
-- Up-to-date: /home/user/ros2_ws/install/hrim_actuator_rotaryservo_msgs/include/hrim_actuator_rotaryservo_msgs/msg/detail/dds_fastrtps
-- Installing: /home/user/ros2_ws/install/hrim_actuator_rotaryservo_msgs/include/hrim_actuator_rotaryservo_msgs/msg/detail/goal_rotary_servo__rosidl_typesupport_fastrtps_cpp.hpp
-- Installing: /home/user/ros2_ws/install/hrim_actuator_rotaryservo_msgs/include/hrim_actuator_rotaryservo_msgs/msg/detail/state_rotary_servo__rosidl_typesupport_fastrtps_cpp.hpp
-- Up-to-date: /home/user/ros2_ws/install/hrim_actuator_rotaryservo_msgs/include/hrim_actuator_rotaryservo_msgs/msg/rosidl_typesupport_fastrtps_cpp__visibility_control.h
-- Installing: /home/user/ros2_ws/install/hrim_actuator_rotaryservo_msgs/lib/libhrim_actuator_rotaryservo_msgs__rosidl_typesupport_fastrtps_cpp.so
-- Set runtime path of "/home/user/ros2_ws/install/hrim_actuator_rotaryservo_msgs/lib/libhrim_actuator_rotaryservo_msgs__rosidl_typesupport_fastrtps_cpp.so" to ""
-- Up-to-date: /home/user/ros2_ws/install/hrim_actuator_rotaryservo_msgs/include/hrim_actuator_rotaryservo_msgs
-- Up-to-date: /home/user/ros2_ws/install/hrim_actuator_rotaryservo_msgs/include/hrim_actuator_rotaryservo_msgs/msg
-- Up-to-date: /home/user/ros2_ws/install/hrim_actuator_rotaryservo_msgs/include/hrim_actuator_rotaryservo_msgs/msg/detail
-- Installing: /home/user/ros2_ws/install/hrim_actuator_rotaryservo_msgs/include/hrim_actuator_rotaryservo_msgs/msg/detail/temperature__rosidl_typesupport_introspection_c.h
-- Installing: /home/user/ros2_ws/install/hrim_actuator_rotaryservo_msgs/include/hrim_actuator_rotaryservo_msgs/msg/detail/reconfiguration__rosidl_typesupport_introspection_c.h
-- Installing: /home/user/ros2_ws/install/hrim_actuator_rotaryservo_msgs/include/hrim_actuator_rotaryservo_msgs/msg/detail/goal_angular_acceleration__type_support.c
-- Installing: /home/user/ros2_ws/install/hrim_actuator_rotaryservo_msgs/include/hrim_actuator_rotaryservo_msgs/msg/detail/goal_rotary_servo__type_support.c
-- Installing: /home/user/ros2_ws/install/hrim_actuator_rotaryservo_msgs/include/hrim_actuator_rotaryservo_msgs/msg/detail/state_rotary_servo__type_support.c
-- Installing: /home/user/ros2_ws/install/hrim_actuator_rotaryservo_msgs/include/hrim_actuator_rotaryservo_msgs/msg/detail/temperature__type_support.c
-- Installing: /home/user/ros2_ws/install/hrim_actuator_rotaryservo_msgs/include/hrim_actuator_rotaryservo_msgs/msg/detail/reconfiguration__type_support.c
-- Installing: /home/user/ros2_ws/install/hrim_actuator_rotaryservo_msgs/include/hrim_actuator_rotaryservo_msgs/msg/detail/goal_angular_acceleration__rosidl_typesupport_introspection_c.h
-- Installing: /home/user/ros2_ws/install/hrim_actuator_rotaryservo_msgs/include/hrim_actuator_rotaryservo_msgs/msg/detail/goal_rotary_servo__rosidl_typesupport_introspection_c.h
-- Installing: /home/user/ros2_ws/install/hrim_actuator_rotaryservo_msgs/include/hrim_actuator_rotaryservo_msgs/msg/detail/state_rotary_servo__rosidl_typesupport_introspection_c.h
-- Up-to-date: /home/user/ros2_ws/install/hrim_actuator_rotaryservo_msgs/include/hrim_actuator_rotaryservo_msgs/msg/rosidl_typesupport_introspection_c__visibility_control.h
-- Installing: /home/user/ros2_ws/install/hrim_actuator_rotaryservo_msgs/lib/libhrim_actuator_rotaryservo_msgs__rosidl_typesupport_introspection_c.so
-- Set runtime path of "/home/user/ros2_ws/install/hrim_actuator_rotaryservo_msgs/lib/libhrim_actuator_rotaryservo_msgs__rosidl_typesupport_introspection_c.so" to ""
-- Installing: /home/user/ros2_ws/install/hrim_actuator_rotaryservo_msgs/lib/libhrim_actuator_rotaryservo_msgs__rosidl_typesupport_c.so
-- Set runtime path of "/home/user/ros2_ws/install/hrim_actuator_rotaryservo_msgs/lib/libhrim_actuator_rotaryservo_msgs__rosidl_typesupport_c.so" to ""
-- Up-to-date: /home/user/ros2_ws/install/hrim_actuator_rotaryservo_msgs/include/hrim_actuator_rotaryservo_msgs
-- Up-to-date: /home/user/ros2_ws/install/hrim_actuator_rotaryservo_msgs/include/hrim_actuator_rotaryservo_msgs/msg
-- Up-to-date: /home/user/ros2_ws/install/hrim_actuator_rotaryservo_msgs/include/hrim_actuator_rotaryservo_msgs/msg/detail
-- Installing: /home/user/ros2_ws/install/hrim_actuator_rotaryservo_msgs/include/hrim_actuator_rotaryservo_msgs/msg/detail/state_rotary_servo__struct.hpp
-- Installing: /home/user/ros2_ws/install/hrim_actuator_rotaryservo_msgs/include/hrim_actuator_rotaryservo_msgs/msg/detail/reconfiguration__builder.hpp
-- Installing: /home/user/ros2_ws/install/hrim_actuator_rotaryservo_msgs/include/hrim_actuator_rotaryservo_msgs/msg/detail/goal_rotary_servo__builder.hpp
-- Installing: /home/user/ros2_ws/install/hrim_actuator_rotaryservo_msgs/include/hrim_actuator_rotaryservo_msgs/msg/detail/reconfiguration__traits.hpp
-- Installing: /home/user/ros2_ws/install/hrim_actuator_rotaryservo_msgs/include/hrim_actuator_rotaryservo_msgs/msg/detail/goal_rotary_servo__traits.hpp
-- Installing: /home/user/ros2_ws/install/hrim_actuator_rotaryservo_msgs/include/hrim_actuator_rotaryservo_msgs/msg/detail/goal_angular_acceleration__builder.hpp
-- Installing: /home/user/ros2_ws/install/hrim_actuator_rotaryservo_msgs/include/hrim_actuator_rotaryservo_msgs/msg/detail/temperature__traits.hpp
-- Installing: /home/user/ros2_ws/install/hrim_actuator_rotaryservo_msgs/include/hrim_actuator_rotaryservo_msgs/msg/detail/reconfiguration__struct.hpp
-- Installing: /home/user/ros2_ws/install/hrim_actuator_rotaryservo_msgs/include/hrim_actuator_rotaryservo_msgs/msg/detail/goal_rotary_servo__struct.hpp
-- Installing: /home/user/ros2_ws/install/hrim_actuator_rotaryservo_msgs/include/hrim_actuator_rotaryservo_msgs/msg/detail/goal_angular_acceleration__struct.hpp
-- Installing: /home/user/ros2_ws/install/hrim_actuator_rotaryservo_msgs/include/hrim_actuator_rotaryservo_msgs/msg/detail/state_rotary_servo__traits.hpp
-- Installing: /home/user/ros2_ws/install/hrim_actuator_rotaryservo_msgs/include/hrim_actuator_rotaryservo_msgs/msg/detail/goal_angular_acceleration__traits.hpp
-- Installing: /home/user/ros2_ws/install/hrim_actuator_rotaryservo_msgs/include/hrim_actuator_rotaryservo_msgs/msg/detail/temperature__struct.hpp
-- Installing: /home/user/ros2_ws/install/hrim_actuator_rotaryservo_msgs/include/hrim_actuator_rotaryservo_msgs/msg/detail/temperature__builder.hpp
-- Installing: /home/user/ros2_ws/install/hrim_actuator_rotaryservo_msgs/include/hrim_actuator_rotaryservo_msgs/msg/detail/state_rotary_servo__builder.hpp
-- Installing: /home/user/ros2_ws/install/hrim_actuator_rotaryservo_msgs/include/hrim_actuator_rotaryservo_msgs/msg/goal_angular_acceleration.hpp
-- Installing: /home/user/ros2_ws/install/hrim_actuator_rotaryservo_msgs/include/hrim_actuator_rotaryservo_msgs/msg/reconfiguration.hpp
-- Installing: /home/user/ros2_ws/install/hrim_actuator_rotaryservo_msgs/include/hrim_actuator_rotaryservo_msgs/msg/goal_rotary_servo.hpp
-- Installing: /home/user/ros2_ws/install/hrim_actuator_rotaryservo_msgs/include/hrim_actuator_rotaryservo_msgs/msg/temperature.hpp
-- Installing: /home/user/ros2_ws/install/hrim_actuator_rotaryservo_msgs/include/hrim_actuator_rotaryservo_msgs/msg/state_rotary_servo.hpp
-- Up-to-date: /home/user/ros2_ws/install/hrim_actuator_rotaryservo_msgs/include/hrim_actuator_rotaryservo_msgs
-- Up-to-date: /home/user/ros2_ws/install/hrim_actuator_rotaryservo_msgs/include/hrim_actuator_rotaryservo_msgs/msg
-- Up-to-date: /home/user/ros2_ws/install/hrim_actuator_rotaryservo_msgs/include/hrim_actuator_rotaryservo_msgs/msg/detail
-- Installing: /home/user/ros2_ws/install/hrim_actuator_rotaryservo_msgs/include/hrim_actuator_rotaryservo_msgs/msg/detail/state_rotary_servo__rosidl_typesupport_introspection_cpp.hpp
-- Installing: /home/user/ros2_ws/install/hrim_actuator_rotaryservo_msgs/include/hrim_actuator_rotaryservo_msgs/msg/detail/state_rotary_servo__type_support.cpp
-- Installing: /home/user/ros2_ws/install/hrim_actuator_rotaryservo_msgs/include/hrim_actuator_rotaryservo_msgs/msg/detail/temperature__type_support.cpp
-- Installing: /home/user/ros2_ws/install/hrim_actuator_rotaryservo_msgs/include/hrim_actuator_rotaryservo_msgs/msg/detail/reconfiguration__type_support.cpp
-- Installing: /home/user/ros2_ws/install/hrim_actuator_rotaryservo_msgs/include/hrim_actuator_rotaryservo_msgs/msg/detail/reconfiguration__rosidl_typesupport_introspection_cpp.hpp
-- Installing: /home/user/ros2_ws/install/hrim_actuator_rotaryservo_msgs/include/hrim_actuator_rotaryservo_msgs/msg/detail/goal_rotary_servo__rosidl_typesupport_introspection_cpp.hpp
-- Installing: /home/user/ros2_ws/install/hrim_actuator_rotaryservo_msgs/include/hrim_actuator_rotaryservo_msgs/msg/detail/temperature__rosidl_typesupport_introspection_cpp.hpp
-- Installing: /home/user/ros2_ws/install/hrim_actuator_rotaryservo_msgs/include/hrim_actuator_rotaryservo_msgs/msg/detail/goal_rotary_servo__type_support.cpp
-- Installing: /home/user/ros2_ws/install/hrim_actuator_rotaryservo_msgs/include/hrim_actuator_rotaryservo_msgs/msg/detail/goal_angular_acceleration__rosidl_typesupport_introspection_cpp.hpp
-- Installing: /home/user/ros2_ws/install/hrim_actuator_rotaryservo_msgs/include/hrim_actuator_rotaryservo_msgs/msg/detail/goal_angular_acceleration__type_support.cpp
-- Installing: /home/user/ros2_ws/install/hrim_actuator_rotaryservo_msgs/lib/libhrim_actuator_rotaryservo_msgs__rosidl_typesupport_introspection_cpp.so
-- Set runtime path of "/home/user/ros2_ws/install/hrim_actuator_rotaryservo_msgs/lib/libhrim_actuator_rotaryservo_msgs__rosidl_typesupport_introspection_cpp.so" to ""
-- Installing: /home/user/ros2_ws/install/hrim_actuator_rotaryservo_msgs/lib/libhrim_actuator_rotaryservo_msgs__rosidl_typesupport_cpp.so
-- Set runtime path of "/home/user/ros2_ws/install/hrim_actuator_rotaryservo_msgs/lib/libhrim_actuator_rotaryservo_msgs__rosidl_typesupport_cpp.so" to ""
-- Up-to-date: /home/user/ros2_ws/install/hrim_actuator_rotaryservo_msgs/share/hrim_actuator_rotaryservo_msgs/environment/pythonpath.sh
-- Installing: /home/user/ros2_ws/install/hrim_actuator_rotaryservo_msgs/share/hrim_actuator_rotaryservo_msgs/environment/pythonpath.dsv
-- Installing: /home/user/ros2_ws/install/hrim_actuator_rotaryservo_msgs/lib/python3.8/site-packages/hrim_actuator_rotaryservo_msgs/__init__.py
Compiling '/home/user/ros2_ws/install/hrim_actuator_rotaryservo_msgs/lib/python3.8/site-packages/hrim_actuator_rotaryservo_msgs/__init__.py'...
-- Up-to-date: /home/user/ros2_ws/install/hrim_actuator_rotaryservo_msgs/lib/python3.8/site-packages/hrim_actuator_rotaryservo_msgs/msg
-- Installing: /home/user/ros2_ws/install/hrim_actuator_rotaryservo_msgs/lib/python3.8/site-packages/hrim_actuator_rotaryservo_msgs/msg/_goal_angular_acceleration.py
-- Installing: /home/user/ros2_ws/install/hrim_actuator_rotaryservo_msgs/lib/python3.8/site-packages/hrim_actuator_rotaryservo_msgs/msg/_goal_angular_acceleration_s.c
-- Installing: /home/user/ros2_ws/install/hrim_actuator_rotaryservo_msgs/lib/python3.8/site-packages/hrim_actuator_rotaryservo_msgs/msg/_goal_rotary_servo_s.c
-- Installing: /home/user/ros2_ws/install/hrim_actuator_rotaryservo_msgs/lib/python3.8/site-packages/hrim_actuator_rotaryservo_msgs/msg/_temperature_s.c
-- Installing: /home/user/ros2_ws/install/hrim_actuator_rotaryservo_msgs/lib/python3.8/site-packages/hrim_actuator_rotaryservo_msgs/msg/_temperature.py
-- Installing: /home/user/ros2_ws/install/hrim_actuator_rotaryservo_msgs/lib/python3.8/site-packages/hrim_actuator_rotaryservo_msgs/msg/_reconfiguration.py
-- Installing: /home/user/ros2_ws/install/hrim_actuator_rotaryservo_msgs/lib/python3.8/site-packages/hrim_actuator_rotaryservo_msgs/msg/_reconfiguration_s.c
-- Installing: /home/user/ros2_ws/install/hrim_actuator_rotaryservo_msgs/lib/python3.8/site-packages/hrim_actuator_rotaryservo_msgs/msg/__init__.py
-- Installing: /home/user/ros2_ws/install/hrim_actuator_rotaryservo_msgs/lib/python3.8/site-packages/hrim_actuator_rotaryservo_msgs/msg/_goal_rotary_servo.py
-- Installing: /home/user/ros2_ws/install/hrim_actuator_rotaryservo_msgs/lib/python3.8/site-packages/hrim_actuator_rotaryservo_msgs/msg/_state_rotary_servo.py
-- Installing: /home/user/ros2_ws/install/hrim_actuator_rotaryservo_msgs/lib/python3.8/site-packages/hrim_actuator_rotaryservo_msgs/msg/_state_rotary_servo_s.c
-- Installing: /home/user/ros2_ws/install/hrim_actuator_rotaryservo_msgs/lib/python3.8/site-packages/hrim_actuator_rotaryservo_msgs/hrim_actuator_rotaryservo_msgs_s__rosidl_typesupport_fastrtps_c.cpython-38-x86_64-linux-gnu.so
-- Set runtime path of "/home/user/ros2_ws/install/hrim_actuator_rotaryservo_msgs/lib/python3.8/site-packages/hrim_actuator_rotaryservo_msgs/hrim_actuator_rotaryservo_msgs_s__rosidl_typesupport_fastrtps_c.cpython-38-x86_64-linux-gnu.so" to ""
-- Installing: /home/user/ros2_ws/install/hrim_actuator_rotaryservo_msgs/lib/python3.8/site-packages/hrim_actuator_rotaryservo_msgs/hrim_actuator_rotaryservo_msgs_s__rosidl_typesupport_introspection_c.cpython-38-x86_64-linux-gnu.so
-- Set runtime path of "/home/user/ros2_ws/install/hrim_actuator_rotaryservo_msgs/lib/python3.8/site-packages/hrim_actuator_rotaryservo_msgs/hrim_actuator_rotaryservo_msgs_s__rosidl_typesupport_introspection_c.cpython-38-x86_64-linux-gnu.so" to ""
-- Installing: /home/user/ros2_ws/install/hrim_actuator_rotaryservo_msgs/lib/python3.8/site-packages/hrim_actuator_rotaryservo_msgs/hrim_actuator_rotaryservo_msgs_s__rosidl_typesupport_c.cpython-38-x86_64-linux-gnu.so
-- Set runtime path of "/home/user/ros2_ws/install/hrim_actuator_rotaryservo_msgs/lib/python3.8/site-packages/hrim_actuator_rotaryservo_msgs/hrim_actuator_rotaryservo_msgs_s__rosidl_typesupport_c.cpython-38-x86_64-linux-gnu.so" to ""
-- Installing: /home/user/ros2_ws/install/hrim_actuator_rotaryservo_msgs/lib/libhrim_actuator_rotaryservo_msgs__python.so
-- Set runtime path of "/home/user/ros2_ws/install/hrim_actuator_rotaryservo_msgs/lib/libhrim_actuator_rotaryservo_msgs__python.so" to ""
-- Up-to-date: /home/user/ros2_ws/install/hrim_actuator_rotaryservo_msgs/share/hrim_actuator_rotaryservo_msgs/msg/GoalAngularAcceleration.idl
-- Up-to-date: /home/user/ros2_ws/install/hrim_actuator_rotaryservo_msgs/share/hrim_actuator_rotaryservo_msgs/msg/GoalRotaryServo.idl
-- Up-to-date: /home/user/ros2_ws/install/hrim_actuator_rotaryservo_msgs/share/hrim_actuator_rotaryservo_msgs/msg/Reconfiguration.idl
-- Up-to-date: /home/user/ros2_ws/install/hrim_actuator_rotaryservo_msgs/share/hrim_actuator_rotaryservo_msgs/msg/StateRotaryServo.idl
-- Up-to-date: /home/user/ros2_ws/install/hrim_actuator_rotaryservo_msgs/share/hrim_actuator_rotaryservo_msgs/msg/Temperature.idl
-- Up-to-date: /home/user/ros2_ws/install/hrim_actuator_rotaryservo_msgs/share/hrim_actuator_rotaryservo_msgs/msg/GoalAngularAcceleration.msg
-- Up-to-date: /home/user/ros2_ws/install/hrim_actuator_rotaryservo_msgs/share/hrim_actuator_rotaryservo_msgs/msg/GoalRotaryServo.msg
-- Up-to-date: /home/user/ros2_ws/install/hrim_actuator_rotaryservo_msgs/share/hrim_actuator_rotaryservo_msgs/msg/Reconfiguration.msg
-- Up-to-date: /home/user/ros2_ws/install/hrim_actuator_rotaryservo_msgs/share/hrim_actuator_rotaryservo_msgs/msg/StateRotaryServo.msg
-- Up-to-date: /home/user/ros2_ws/install/hrim_actuator_rotaryservo_msgs/share/hrim_actuator_rotaryservo_msgs/msg/Temperature.msg
-- Up-to-date: /home/user/ros2_ws/install/hrim_actuator_rotaryservo_msgs/share/ament_index/resource_index/package_run_dependencies/hrim_actuator_rotaryservo_msgs
-- Installing: /home/user/ros2_ws/install/hrim_actuator_rotaryservo_msgs/share/ament_index/resource_index/parent_prefix_path/hrim_actuator_rotaryservo_msgs
-- Installing: /home/user/ros2_ws/install/hrim_actuator_rotaryservo_msgs/share/hrim_actuator_rotaryservo_msgs/environment/ament_prefix_path.sh
-- Installing: /home/user/ros2_ws/install/hrim_actuator_rotaryservo_msgs/share/hrim_actuator_rotaryservo_msgs/environment/ament_prefix_path.dsv
-- Installing: /home/user/ros2_ws/install/hrim_actuator_rotaryservo_msgs/share/hrim_actuator_rotaryservo_msgs/environment/path.sh
-- Installing: /home/user/ros2_ws/install/hrim_actuator_rotaryservo_msgs/share/hrim_actuator_rotaryservo_msgs/environment/path.dsv
-- Installing: /home/user/ros2_ws/install/hrim_actuator_rotaryservo_msgs/share/hrim_actuator_rotaryservo_msgs/local_setup.bash
-- Installing: /home/user/ros2_ws/install/hrim_actuator_rotaryservo_msgs/share/hrim_actuator_rotaryservo_msgs/local_setup.sh
-- Installing: /home/user/ros2_ws/install/hrim_actuator_rotaryservo_msgs/share/hrim_actuator_rotaryservo_msgs/local_setup.zsh
-- Installing: /home/user/ros2_ws/install/hrim_actuator_rotaryservo_msgs/share/hrim_actuator_rotaryservo_msgs/local_setup.dsv
-- Installing: /home/user/ros2_ws/install/hrim_actuator_rotaryservo_msgs/share/hrim_actuator_rotaryservo_msgs/package.dsv
-- Up-to-date: /home/user/ros2_ws/install/hrim_actuator_rotaryservo_msgs/share/ament_index/resource_index/packages/hrim_actuator_rotaryservo_msgs
-- Up-to-date: /home/user/ros2_ws/install/hrim_actuator_rotaryservo_msgs/share/hrim_actuator_rotaryservo_msgs/cmake/hrim_actuator_rotaryservo_msgs__rosidl_generator_cExport.cmake
-- Installing: /home/user/ros2_ws/install/hrim_actuator_rotaryservo_msgs/share/hrim_actuator_rotaryservo_msgs/cmake/hrim_actuator_rotaryservo_msgs__rosidl_generator_cExport-noconfig.cmake
-- Up-to-date: /home/user/ros2_ws/install/hrim_actuator_rotaryservo_msgs/share/hrim_actuator_rotaryservo_msgs/cmake/hrim_actuator_rotaryservo_msgs__rosidl_typesupport_introspection_cExport.cmake
-- Installing: /home/user/ros2_ws/install/hrim_actuator_rotaryservo_msgs/share/hrim_actuator_rotaryservo_msgs/cmake/hrim_actuator_rotaryservo_msgs__rosidl_typesupport_introspection_cExport-noconfig.cmake
-- Up-to-date: /home/user/ros2_ws/install/hrim_actuator_rotaryservo_msgs/share/hrim_actuator_rotaryservo_msgs/cmake/hrim_actuator_rotaryservo_msgs__rosidl_typesupport_cExport.cmake
-- Installing: /home/user/ros2_ws/install/hrim_actuator_rotaryservo_msgs/share/hrim_actuator_rotaryservo_msgs/cmake/hrim_actuator_rotaryservo_msgs__rosidl_typesupport_cExport-noconfig.cmake
-- Up-to-date: /home/user/ros2_ws/install/hrim_actuator_rotaryservo_msgs/share/hrim_actuator_rotaryservo_msgs/cmake/hrim_actuator_rotaryservo_msgs__rosidl_generator_cppExport.cmake
-- Up-to-date: /home/user/ros2_ws/install/hrim_actuator_rotaryservo_msgs/share/hrim_actuator_rotaryservo_msgs/cmake/hrim_actuator_rotaryservo_msgs__rosidl_typesupport_introspection_cppExport.cmake
-- Installing: /home/user/ros2_ws/install/hrim_actuator_rotaryservo_msgs/share/hrim_actuator_rotaryservo_msgs/cmake/hrim_actuator_rotaryservo_msgs__rosidl_typesupport_introspection_cppExport-noconfig.cmake
-- Up-to-date: /home/user/ros2_ws/install/hrim_actuator_rotaryservo_msgs/share/hrim_actuator_rotaryservo_msgs/cmake/hrim_actuator_rotaryservo_msgs__rosidl_typesupport_cppExport.cmake
-- Installing: /home/user/ros2_ws/install/hrim_actuator_rotaryservo_msgs/share/hrim_actuator_rotaryservo_msgs/cmake/hrim_actuator_rotaryservo_msgs__rosidl_typesupport_cppExport-noconfig.cmake
-- Up-to-date: /home/user/ros2_ws/install/hrim_actuator_rotaryservo_msgs/share/hrim_actuator_rotaryservo_msgs/cmake/rosidl_cmake-extras.cmake
-- Installing: /home/user/ros2_ws/install/hrim_actuator_rotaryservo_msgs/share/hrim_actuator_rotaryservo_msgs/cmake/ament_cmake_export_dependencies-extras.cmake
-- Up-to-date: /home/user/ros2_ws/install/hrim_actuator_rotaryservo_msgs/share/hrim_actuator_rotaryservo_msgs/cmake/ament_cmake_export_libraries-extras.cmake
-- Up-to-date: /home/user/ros2_ws/install/hrim_actuator_rotaryservo_msgs/share/hrim_actuator_rotaryservo_msgs/cmake/ament_cmake_export_targets-extras.cmake
-- Up-to-date: /home/user/ros2_ws/install/hrim_actuator_rotaryservo_msgs/share/hrim_actuator_rotaryservo_msgs/cmake/ament_cmake_export_include_directories-extras.cmake
-- Up-to-date: /home/user/ros2_ws/install/hrim_actuator_rotaryservo_msgs/share/hrim_actuator_rotaryservo_msgs/cmake/rosidl_cmake_export_typesupport_libraries-extras.cmake
-- Up-to-date: /home/user/ros2_ws/install/hrim_actuator_rotaryservo_msgs/share/hrim_actuator_rotaryservo_msgs/cmake/rosidl_cmake_export_typesupport_targets-extras.cmake
-- Up-to-date: /home/user/ros2_ws/install/hrim_actuator_rotaryservo_msgs/share/hrim_actuator_rotaryservo_msgs/cmake/hrim_actuator_rotaryservo_msgsConfig.cmake
-- Up-to-date: /home/user/ros2_ws/install/hrim_actuator_rotaryservo_msgs/share/hrim_actuator_rotaryservo_msgs/cmake/hrim_actuator_rotaryservo_msgsConfig-version.cmake
-- Up-to-date: /home/user/ros2_ws/install/hrim_actuator_rotaryservo_msgs/share/hrim_actuator_rotaryservo_msgs/package.xml
