[0.223s] Invoking command in '/home/user/ros2_ws/build/hrim_actuator_rotaryservo_msgs': CMAKE_PREFIX_PATH=${CMAKE_PREFIX_PATH}:/opt/ros/foxy _=/usr/bin/env /usr/bin/cmake --build /home/user/ros2_ws/build/hrim_actuator_rotaryservo_msgs -- -j8 -l8
[0.734s] [  1%] Built target hrim_actuator_rotaryservo_msgs__cpp
[0.880s] [  3%] [34m[1mGenerating C code for ROS interfaces[0m
[8.311s] [35m[1mScanning dependencies of target hrim_actuator_rotaryservo_msgs__rosidl_generator_c[0m
[8.416s] [  4%] [32mBuilding C object CMakeFiles/hrim_actuator_rotaryservo_msgs__rosidl_generator_c.dir/rosidl_generator_c/hrim_actuator_rotaryservo_msgs/msg/detail/goal_angular_acceleration__functions.c.o[0m
[8.858s] [  6%] [32mBuilding C object CMakeFiles/hrim_actuator_rotaryservo_msgs__rosidl_generator_c.dir/rosidl_generator_c/hrim_actuator_rotaryservo_msgs/msg/detail/temperature__functions.c.o[0m
[9.163s] [  7%] [32mBuilding C object CMakeFiles/hrim_actuator_rotaryservo_msgs__rosidl_generator_c.dir/rosidl_generator_c/hrim_actuator_rotaryservo_msgs/msg/detail/state_rotary_servo__functions.c.o[0m
[9.527s] [  9%] [32mBuilding C object CMakeFiles/hrim_actuator_rotaryservo_msgs__rosidl_generator_c.dir/rosidl_generator_c/hrim_actuator_rotaryservo_msgs/msg/detail/reconfiguration__functions.c.o[0m
[10.064s] [ 11%] [32mBuilding C object CMakeFiles/hrim_actuator_rotaryservo_msgs__rosidl_generator_c.dir/rosidl_generator_c/hrim_actuator_rotaryservo_msgs/msg/detail/goal_rotary_servo__functions.c.o[0m
[10.480s] [ 12%] [32m[1mLinking C shared library libhrim_actuator_rotaryservo_msgs__rosidl_generator_c.so[0m
[10.974s] [ 12%] Built target hrim_actuator_rotaryservo_msgs__rosidl_generator_c
[11.118s] [ 14%] [34m[1mGenerating C++ type support dispatch for ROS interfaces[0m
[17.308s] [35m[1mScanning dependencies of target hrim_actuator_rotaryservo_msgs__rosidl_typesupport_cpp[0m
[17.573s] [ 15%] [32mBuilding CXX object CMakeFiles/hrim_actuator_rotaryservo_msgs__rosidl_typesupport_cpp.dir/rosidl_typesupport_cpp/hrim_actuator_rotaryservo_msgs/msg/goal_angular_acceleration__type_support.cpp.o[0m
[20.150s] [ 17%] [32mBuilding CXX object CMakeFiles/hrim_actuator_rotaryservo_msgs__rosidl_typesupport_cpp.dir/rosidl_typesupport_cpp/hrim_actuator_rotaryservo_msgs/msg/state_rotary_servo__type_support.cpp.o[0m
[22.627s] [ 19%] [32mBuilding CXX object CMakeFiles/hrim_actuator_rotaryservo_msgs__rosidl_typesupport_cpp.dir/rosidl_typesupport_cpp/hrim_actuator_rotaryservo_msgs/msg/temperature__type_support.cpp.o[0m
[24.936s] [ 20%] [32mBuilding CXX object CMakeFiles/hrim_actuator_rotaryservo_msgs__rosidl_typesupport_cpp.dir/rosidl_typesupport_cpp/hrim_actuator_rotaryservo_msgs/msg/reconfiguration__type_support.cpp.o[0m
[28.636s] [ 22%] [32mBuilding CXX object CMakeFiles/hrim_actuator_rotaryservo_msgs__rosidl_typesupport_cpp.dir/rosidl_typesupport_cpp/hrim_actuator_rotaryservo_msgs/msg/goal_rotary_servo__type_support.cpp.o[0m
[31.519s] [ 23%] [32m[1mLinking CXX shared library libhrim_actuator_rotaryservo_msgs__rosidl_typesupport_cpp.so[0m
[31.942s] [ 23%] Built target hrim_actuator_rotaryservo_msgs__rosidl_typesupport_cpp
[32.061s] [ 25%] [34m[1mGenerating C introspection for ROS interfaces[0m
[39.227s] [35m[1mScanning dependencies of target hrim_actuator_rotaryservo_msgs__rosidl_typesupport_introspection_c[0m
[39.454s] [ 26%] [32mBuilding C object CMakeFiles/hrim_actuator_rotaryservo_msgs__rosidl_typesupport_introspection_c.dir/rosidl_typesupport_introspection_c/hrim_actuator_rotaryservo_msgs/msg/detail/goal_angular_acceleration__type_support.c.o[0m
[39.808s] [ 28%] [32mBuilding C object CMakeFiles/hrim_actuator_rotaryservo_msgs__rosidl_typesupport_introspection_c.dir/rosidl_typesupport_introspection_c/hrim_actuator_rotaryservo_msgs/msg/detail/temperature__type_support.c.o[0m
[40.207s] [ 30%] [32mBuilding C object CMakeFiles/hrim_actuator_rotaryservo_msgs__rosidl_typesupport_introspection_c.dir/rosidl_typesupport_introspection_c/hrim_actuator_rotaryservo_msgs/msg/detail/state_rotary_servo__type_support.c.o[0m
[40.529s] [ 31%] [32mBuilding C object CMakeFiles/hrim_actuator_rotaryservo_msgs__rosidl_typesupport_introspection_c.dir/rosidl_typesupport_introspection_c/hrim_actuator_rotaryservo_msgs/msg/detail/reconfiguration__type_support.c.o[0m
[41.030s] [ 33%] [32mBuilding C object CMakeFiles/hrim_actuator_rotaryservo_msgs__rosidl_typesupport_introspection_c.dir/rosidl_typesupport_introspection_c/hrim_actuator_rotaryservo_msgs/msg/detail/goal_rotary_servo__type_support.c.o[0m
[41.614s] [ 34%] [32m[1mLinking C shared library libhrim_actuator_rotaryservo_msgs__rosidl_typesupport_introspection_c.so[0m
[42.048s] [ 34%] Built target hrim_actuator_rotaryservo_msgs__rosidl_typesupport_introspection_c
[42.239s] [ 36%] [34m[1mGenerating C type support dispatch for ROS interfaces[0m
[47.726s] [35m[1mScanning dependencies of target hrim_actuator_rotaryservo_msgs__rosidl_typesupport_c[0m
[47.846s] [ 38%] [32mBuilding CXX object CMakeFiles/hrim_actuator_rotaryservo_msgs__rosidl_typesupport_c.dir/rosidl_typesupport_c/hrim_actuator_rotaryservo_msgs/msg/goal_angular_acceleration__type_support.cpp.o[0m
[48.137s] [ 39%] [32mBuilding CXX object CMakeFiles/hrim_actuator_rotaryservo_msgs__rosidl_typesupport_c.dir/rosidl_typesupport_c/hrim_actuator_rotaryservo_msgs/msg/temperature__type_support.cpp.o[0m
[48.439s] [ 41%] [32mBuilding CXX object CMakeFiles/hrim_actuator_rotaryservo_msgs__rosidl_typesupport_c.dir/rosidl_typesupport_c/hrim_actuator_rotaryservo_msgs/msg/state_rotary_servo__type_support.cpp.o[0m
[48.727s] [ 42%] [32mBuilding CXX object CMakeFiles/hrim_actuator_rotaryservo_msgs__rosidl_typesupport_c.dir/rosidl_typesupport_c/hrim_actuator_rotaryservo_msgs/msg/reconfiguration__type_support.cpp.o[0m
[49.211s] [ 44%] [32mBuilding CXX object CMakeFiles/hrim_actuator_rotaryservo_msgs__rosidl_typesupport_c.dir/rosidl_typesupport_c/hrim_actuator_rotaryservo_msgs/msg/goal_rotary_servo__type_support.cpp.o[0m
[49.651s] [ 46%] [32m[1mLinking CXX shared library libhrim_actuator_rotaryservo_msgs__rosidl_typesupport_c.so[0m
[50.110s] [ 46%] Built target hrim_actuator_rotaryservo_msgs__rosidl_typesupport_c
[50.326s] [ 47%] [34m[1mGenerating C++ introspection for ROS interfaces[0m
[56.850s] [35m[1mScanning dependencies of target hrim_actuator_rotaryservo_msgs__rosidl_typesupport_introspection_cpp[0m
[57.028s] [ 49%] [32mBuilding CXX object CMakeFiles/hrim_actuator_rotaryservo_msgs__rosidl_typesupport_introspection_cpp.dir/rosidl_typesupport_introspection_cpp/hrim_actuator_rotaryservo_msgs/msg/detail/goal_angular_acceleration__type_support.cpp.o[0m
[59.634s] [ 50%] [32mBuilding CXX object CMakeFiles/hrim_actuator_rotaryservo_msgs__rosidl_typesupport_introspection_cpp.dir/rosidl_typesupport_introspection_cpp/hrim_actuator_rotaryservo_msgs/msg/detail/temperature__type_support.cpp.o[0m
[62.908s] [ 52%] [32mBuilding CXX object CMakeFiles/hrim_actuator_rotaryservo_msgs__rosidl_typesupport_introspection_cpp.dir/rosidl_typesupport_introspection_cpp/hrim_actuator_rotaryservo_msgs/msg/detail/state_rotary_servo__type_support.cpp.o[0m
[65.310s] [ 53%] [32mBuilding CXX object CMakeFiles/hrim_actuator_rotaryservo_msgs__rosidl_typesupport_introspection_cpp.dir/rosidl_typesupport_introspection_cpp/hrim_actuator_rotaryservo_msgs/msg/detail/reconfiguration__type_support.cpp.o[0m
[67.608s] [ 55%] [32mBuilding CXX object CMakeFiles/hrim_actuator_rotaryservo_msgs__rosidl_typesupport_introspection_cpp.dir/rosidl_typesupport_introspection_cpp/hrim_actuator_rotaryservo_msgs/msg/detail/goal_rotary_servo__type_support.cpp.o[0m
[69.943s] [ 57%] [32m[1mLinking CXX shared library libhrim_actuator_rotaryservo_msgs__rosidl_typesupport_introspection_cpp.so[0m
[70.645s] [ 57%] Built target hrim_actuator_rotaryservo_msgs__rosidl_typesupport_introspection_cpp
[70.808s] [ 58%] [34m[1mGenerating C++ type support for eProsima Fast-RTPS[0m
[76.715s] [35m[1mScanning dependencies of target hrim_actuator_rotaryservo_msgs__rosidl_typesupport_fastrtps_cpp[0m
[76.932s] [ 60%] [32mBuilding CXX object CMakeFiles/hrim_actuator_rotaryservo_msgs__rosidl_typesupport_fastrtps_cpp.dir/rosidl_typesupport_fastrtps_cpp/hrim_actuator_rotaryservo_msgs/msg/detail/dds_fastrtps/goal_angular_acceleration__type_support.cpp.o[0m
[79.836s] [ 61%] [32mBuilding CXX object CMakeFiles/hrim_actuator_rotaryservo_msgs__rosidl_typesupport_fastrtps_cpp.dir/rosidl_typesupport_fastrtps_cpp/hrim_actuator_rotaryservo_msgs/msg/detail/dds_fastrtps/temperature__type_support.cpp.o[0m
[83.521s] [ 63%] [32mBuilding CXX object CMakeFiles/hrim_actuator_rotaryservo_msgs__rosidl_typesupport_fastrtps_cpp.dir/rosidl_typesupport_fastrtps_cpp/hrim_actuator_rotaryservo_msgs/msg/detail/dds_fastrtps/state_rotary_servo__type_support.cpp.o[0m
[86.548s] [ 65%] [32mBuilding CXX object CMakeFiles/hrim_actuator_rotaryservo_msgs__rosidl_typesupport_fastrtps_cpp.dir/rosidl_typesupport_fastrtps_cpp/hrim_actuator_rotaryservo_msgs/msg/detail/dds_fastrtps/reconfiguration__type_support.cpp.o[0m
[89.611s] [ 66%] [32mBuilding CXX object CMakeFiles/hrim_actuator_rotaryservo_msgs__rosidl_typesupport_fastrtps_cpp.dir/rosidl_typesupport_fastrtps_cpp/hrim_actuator_rotaryservo_msgs/msg/detail/dds_fastrtps/goal_rotary_servo__type_support.cpp.o[0m
[92.312s] [ 68%] [32m[1mLinking CXX shared library libhrim_actuator_rotaryservo_msgs__rosidl_typesupport_fastrtps_cpp.so[0m
[92.842s] [ 68%] Built target hrim_actuator_rotaryservo_msgs__rosidl_typesupport_fastrtps_cpp
[92.950s] [ 69%] [34m[1mGenerating C type support for eProsima Fast-RTPS[0m
[98.452s] [35m[1mScanning dependencies of target hrim_actuator_rotaryservo_msgs__rosidl_typesupport_fastrtps_c[0m
[98.638s] [ 71%] [32mBuilding CXX object CMakeFiles/hrim_actuator_rotaryservo_msgs__rosidl_typesupport_fastrtps_c.dir/rosidl_typesupport_fastrtps_c/hrim_actuator_rotaryservo_msgs/msg/detail/goal_angular_acceleration__type_support_c.cpp.o[0m
[101.309s] [ 73%] [32mBuilding CXX object CMakeFiles/hrim_actuator_rotaryservo_msgs__rosidl_typesupport_fastrtps_c.dir/rosidl_typesupport_fastrtps_c/hrim_actuator_rotaryservo_msgs/msg/detail/temperature__type_support_c.cpp.o[0m
[103.909s] [ 74%] [32mBuilding CXX object CMakeFiles/hrim_actuator_rotaryservo_msgs__rosidl_typesupport_fastrtps_c.dir/rosidl_typesupport_fastrtps_c/hrim_actuator_rotaryservo_msgs/msg/detail/state_rotary_servo__type_support_c.cpp.o[0m
[106.536s] [ 76%] [32mBuilding CXX object CMakeFiles/hrim_actuator_rotaryservo_msgs__rosidl_typesupport_fastrtps_c.dir/rosidl_typesupport_fastrtps_c/hrim_actuator_rotaryservo_msgs/msg/detail/reconfiguration__type_support_c.cpp.o[0m
[108.632s] [ 77%] [32mBuilding CXX object CMakeFiles/hrim_actuator_rotaryservo_msgs__rosidl_typesupport_fastrtps_c.dir/rosidl_typesupport_fastrtps_c/hrim_actuator_rotaryservo_msgs/msg/detail/goal_rotary_servo__type_support_c.cpp.o[0m
[110.238s] [ 79%] [32m[1mLinking CXX shared library libhrim_actuator_rotaryservo_msgs__rosidl_typesupport_fastrtps_c.so[0m
[110.636s] [ 79%] Built target hrim_actuator_rotaryservo_msgs__rosidl_typesupport_fastrtps_c
[110.807s] [ 79%] Built target hrim_actuator_rotaryservo_msgs
[110.945s] [ 80%] [34m[1mGenerating Python code for ROS interfaces[0m
[117.640s] [ 80%] Built target hrim_actuator_rotaryservo_msgs__py
[117.810s] [35m[1mScanning dependencies of target hrim_actuator_rotaryservo_msgs__python[0m
[118.015s] [ 82%] [32mBuilding C object CMakeFiles/hrim_actuator_rotaryservo_msgs__python.dir/rosidl_generator_py/hrim_actuator_rotaryservo_msgs/msg/_goal_angular_acceleration_s.c.o[0m
[118.607s] [ 84%] [32mBuilding C object CMakeFiles/hrim_actuator_rotaryservo_msgs__python.dir/rosidl_generator_py/hrim_actuator_rotaryservo_msgs/msg/_temperature_s.c.o[0m
[119.110s] [ 85%] [32mBuilding C object CMakeFiles/hrim_actuator_rotaryservo_msgs__python.dir/rosidl_generator_py/hrim_actuator_rotaryservo_msgs/msg/_state_rotary_servo_s.c.o[0m
[119.611s] [ 87%] [32mBuilding C object CMakeFiles/hrim_actuator_rotaryservo_msgs__python.dir/rosidl_generator_py/hrim_actuator_rotaryservo_msgs/msg/_reconfiguration_s.c.o[0m
[120.232s] [ 88%] [32mBuilding C object CMakeFiles/hrim_actuator_rotaryservo_msgs__python.dir/rosidl_generator_py/hrim_actuator_rotaryservo_msgs/msg/_goal_rotary_servo_s.c.o[0m
[120.740s] [ 90%] [32m[1mLinking C shared library rosidl_generator_py/hrim_actuator_rotaryservo_msgs/libhrim_actuator_rotaryservo_msgs__python.so[0m
[121.016s] [ 90%] Built target hrim_actuator_rotaryservo_msgs__python
[121.140s] [35m[1mScanning dependencies of target hrim_actuator_rotaryservo_msgs__rosidl_typesupport_introspection_c__pyext[0m
[121.407s] [ 92%] [32mBuilding C object CMakeFiles/hrim_actuator_rotaryservo_msgs__rosidl_typesupport_introspection_c__pyext.dir/rosidl_generator_py/hrim_actuator_rotaryservo_msgs/_hrim_actuator_rotaryservo_msgs_s.ep.rosidl_typesupport_introspection_c.c.o[0m
[122.127s] [ 93%] [32m[1mLinking C shared library rosidl_generator_py/hrim_actuator_rotaryservo_msgs/hrim_actuator_rotaryservo_msgs_s__rosidl_typesupport_introspection_c.cpython-38-x86_64-linux-gnu.so[0m
[122.531s] [ 93%] Built target hrim_actuator_rotaryservo_msgs__rosidl_typesupport_introspection_c__pyext
[122.625s] [35m[1mScanning dependencies of target hrim_actuator_rotaryservo_msgs__rosidl_typesupport_c__pyext[0m
[122.744s] [ 95%] [32mBuilding C object CMakeFiles/hrim_actuator_rotaryservo_msgs__rosidl_typesupport_c__pyext.dir/rosidl_generator_py/hrim_actuator_rotaryservo_msgs/_hrim_actuator_rotaryservo_msgs_s.ep.rosidl_typesupport_c.c.o[0m
[123.518s] [ 96%] [32m[1mLinking C shared library rosidl_generator_py/hrim_actuator_rotaryservo_msgs/hrim_actuator_rotaryservo_msgs_s__rosidl_typesupport_c.cpython-38-x86_64-linux-gnu.so[0m
[123.831s] [ 96%] Built target hrim_actuator_rotaryservo_msgs__rosidl_typesupport_c__pyext
[123.917s] [35m[1mScanning dependencies of target hrim_actuator_rotaryservo_msgs__rosidl_typesupport_fastrtps_c__pyext[0m
[124.115s] [ 98%] [32mBuilding C object CMakeFiles/hrim_actuator_rotaryservo_msgs__rosidl_typesupport_fastrtps_c__pyext.dir/rosidl_generator_py/hrim_actuator_rotaryservo_msgs/_hrim_actuator_rotaryservo_msgs_s.ep.rosidl_typesupport_fastrtps_c.c.o[0m
[124.657s] [100%] [32m[1mLinking CXX shared library rosidl_generator_py/hrim_actuator_rotaryservo_msgs/hrim_actuator_rotaryservo_msgs_s__rosidl_typesupport_fastrtps_c.cpython-38-x86_64-linux-gnu.so[0m
[125.145s] [100%] Built target hrim_actuator_rotaryservo_msgs__rosidl_typesupport_fastrtps_c__pyext
[125.220s] Invoked command in '/home/user/ros2_ws/build/hrim_actuator_rotaryservo_msgs' returned '0': CMAKE_PREFIX_PATH=${CMAKE_PREFIX_PATH}:/opt/ros/foxy _=/usr/bin/env /usr/bin/cmake --build /home/user/ros2_ws/build/hrim_actuator_rotaryservo_msgs -- -j8 -l8
[128.323s] Invoking command in '/home/user/ros2_ws/build/hrim_actuator_rotaryservo_msgs': CMAKE_PREFIX_PATH=${CMAKE_PREFIX_PATH}:/opt/ros/foxy _=/usr/bin/env /usr/bin/cmake --install /home/user/ros2_ws/build/hrim_actuator_rotaryservo_msgs
[128.346s] -- Install configuration: ""
[128.347s] -- Up-to-date: /home/user/ros2_ws/install/hrim_actuator_rotaryservo_msgs/share/ament_index/resource_index/rosidl_interfaces/hrim_actuator_rotaryservo_msgs
[128.347s] -- Up-to-date: /home/user/ros2_ws/install/hrim_actuator_rotaryservo_msgs/include/hrim_actuator_rotaryservo_msgs
[128.347s] -- Up-to-date: /home/user/ros2_ws/install/hrim_actuator_rotaryservo_msgs/include/hrim_actuator_rotaryservo_msgs/msg
[128.348s] -- Up-to-date: /home/user/ros2_ws/install/hrim_actuator_rotaryservo_msgs/include/hrim_actuator_rotaryservo_msgs/msg/detail
[128.348s] -- Installing: /home/user/ros2_ws/install/hrim_actuator_rotaryservo_msgs/include/hrim_actuator_rotaryservo_msgs/msg/detail/goal_rotary_servo__struct.h
[128.349s] -- Installing: /home/user/ros2_ws/install/hrim_actuator_rotaryservo_msgs/include/hrim_actuator_rotaryservo_msgs/msg/detail/goal_rotary_servo__functions.c
[128.349s] -- Installing: /home/user/ros2_ws/install/hrim_actuator_rotaryservo_msgs/include/hrim_actuator_rotaryservo_msgs/msg/detail/goal_rotary_servo__functions.h
[128.350s] -- Installing: /home/user/ros2_ws/install/hrim_actuator_rotaryservo_msgs/include/hrim_actuator_rotaryservo_msgs/msg/detail/temperature__type_support.h
[128.350s] -- Installing: /home/user/ros2_ws/install/hrim_actuator_rotaryservo_msgs/include/hrim_actuator_rotaryservo_msgs/msg/detail/goal_angular_acceleration__functions.h
[128.351s] -- Installing: /home/user/ros2_ws/install/hrim_actuator_rotaryservo_msgs/include/hrim_actuator_rotaryservo_msgs/msg/detail/reconfiguration__type_support.h
[128.351s] -- Installing: /home/user/ros2_ws/install/hrim_actuator_rotaryservo_msgs/include/hrim_actuator_rotaryservo_msgs/msg/detail/state_rotary_servo__functions.h
[128.351s] -- Installing: /home/user/ros2_ws/install/hrim_actuator_rotaryservo_msgs/include/hrim_actuator_rotaryservo_msgs/msg/detail/temperature__functions.c
[128.353s] -- Installing: /home/user/ros2_ws/install/hrim_actuator_rotaryservo_msgs/include/hrim_actuator_rotaryservo_msgs/msg/detail/reconfiguration__functions.h
[128.354s] -- Installing: /home/user/ros2_ws/install/hrim_actuator_rotaryservo_msgs/include/hrim_actuator_rotaryservo_msgs/msg/detail/state_rotary_servo__type_support.h
[128.355s] -- Installing: /home/user/ros2_ws/install/hrim_actuator_rotaryservo_msgs/include/hrim_actuator_rotaryservo_msgs/msg/detail/temperature__struct.h
[128.355s] -- Installing: /home/user/ros2_ws/install/hrim_actuator_rotaryservo_msgs/include/hrim_actuator_rotaryservo_msgs/msg/detail/state_rotary_servo__functions.c
[128.355s] -- Installing: /home/user/ros2_ws/install/hrim_actuator_rotaryservo_msgs/include/hrim_actuator_rotaryservo_msgs/msg/detail/temperature__functions.h
[128.355s] -- Installing: /home/user/ros2_ws/install/hrim_actuator_rotaryservo_msgs/include/hrim_actuator_rotaryservo_msgs/msg/detail/goal_rotary_servo__type_support.h
[128.355s] -- Installing: /home/user/ros2_ws/install/hrim_actuator_rotaryservo_msgs/include/hrim_actuator_rotaryservo_msgs/msg/detail/goal_angular_acceleration__functions.c
[128.356s] -- Installing: /home/user/ros2_ws/install/hrim_actuator_rotaryservo_msgs/include/hrim_actuator_rotaryservo_msgs/msg/detail/reconfiguration__functions.c
[128.356s] -- Installing: /home/user/ros2_ws/install/hrim_actuator_rotaryservo_msgs/include/hrim_actuator_rotaryservo_msgs/msg/detail/state_rotary_servo__struct.h
[128.356s] -- Installing: /home/user/ros2_ws/install/hrim_actuator_rotaryservo_msgs/include/hrim_actuator_rotaryservo_msgs/msg/detail/goal_angular_acceleration__type_support.h
[128.357s] -- Installing: /home/user/ros2_ws/install/hrim_actuator_rotaryservo_msgs/include/hrim_actuator_rotaryservo_msgs/msg/detail/goal_angular_acceleration__struct.h
[128.357s] -- Installing: /home/user/ros2_ws/install/hrim_actuator_rotaryservo_msgs/include/hrim_actuator_rotaryservo_msgs/msg/detail/reconfiguration__struct.h
[128.407s] -- Up-to-date: /home/user/ros2_ws/install/hrim_actuator_rotaryservo_msgs/include/hrim_actuator_rotaryservo_msgs/msg/rosidl_generator_c__visibility_control.h
[128.407s] -- Installing: /home/user/ros2_ws/install/hrim_actuator_rotaryservo_msgs/include/hrim_actuator_rotaryservo_msgs/msg/goal_rotary_servo.h
[128.407s] -- Installing: /home/user/ros2_ws/install/hrim_actuator_rotaryservo_msgs/include/hrim_actuator_rotaryservo_msgs/msg/goal_angular_acceleration.h
[128.408s] -- Installing: /home/user/ros2_ws/install/hrim_actuator_rotaryservo_msgs/include/hrim_actuator_rotaryservo_msgs/msg/temperature.h
[128.408s] -- Installing: /home/user/ros2_ws/install/hrim_actuator_rotaryservo_msgs/include/hrim_actuator_rotaryservo_msgs/msg/state_rotary_servo.h
[128.408s] -- Installing: /home/user/ros2_ws/install/hrim_actuator_rotaryservo_msgs/include/hrim_actuator_rotaryservo_msgs/msg/reconfiguration.h
[128.408s] -- Installing: /home/user/ros2_ws/install/hrim_actuator_rotaryservo_msgs/share/hrim_actuator_rotaryservo_msgs/environment/library_path.sh
[128.408s] -- Installing: /home/user/ros2_ws/install/hrim_actuator_rotaryservo_msgs/share/hrim_actuator_rotaryservo_msgs/environment/library_path.dsv
[128.409s] -- Installing: /home/user/ros2_ws/install/hrim_actuator_rotaryservo_msgs/lib/libhrim_actuator_rotaryservo_msgs__rosidl_generator_c.so
[128.410s] -- Set runtime path of "/home/user/ros2_ws/install/hrim_actuator_rotaryservo_msgs/lib/libhrim_actuator_rotaryservo_msgs__rosidl_generator_c.so" to ""
[128.410s] -- Up-to-date: /home/user/ros2_ws/install/hrim_actuator_rotaryservo_msgs/include/hrim_actuator_rotaryservo_msgs
[128.410s] -- Up-to-date: /home/user/ros2_ws/install/hrim_actuator_rotaryservo_msgs/include/hrim_actuator_rotaryservo_msgs/msg
[128.410s] -- Up-to-date: /home/user/ros2_ws/install/hrim_actuator_rotaryservo_msgs/include/hrim_actuator_rotaryservo_msgs/msg/detail
[128.411s] -- Installing: /home/user/ros2_ws/install/hrim_actuator_rotaryservo_msgs/include/hrim_actuator_rotaryservo_msgs/msg/detail/state_rotary_servo__rosidl_typesupport_fastrtps_c.h
[128.411s] -- Installing: /home/user/ros2_ws/install/hrim_actuator_rotaryservo_msgs/include/hrim_actuator_rotaryservo_msgs/msg/detail/goal_rotary_servo__rosidl_typesupport_fastrtps_c.h
[128.411s] -- Installing: /home/user/ros2_ws/install/hrim_actuator_rotaryservo_msgs/include/hrim_actuator_rotaryservo_msgs/msg/detail/goal_angular_acceleration__rosidl_typesupport_fastrtps_c.h
[128.411s] -- Installing: /home/user/ros2_ws/install/hrim_actuator_rotaryservo_msgs/include/hrim_actuator_rotaryservo_msgs/msg/detail/reconfiguration__rosidl_typesupport_fastrtps_c.h
[128.411s] -- Installing: /home/user/ros2_ws/install/hrim_actuator_rotaryservo_msgs/include/hrim_actuator_rotaryservo_msgs/msg/detail/temperature__rosidl_typesupport_fastrtps_c.h
[128.412s] -- Up-to-date: /home/user/ros2_ws/install/hrim_actuator_rotaryservo_msgs/include/hrim_actuator_rotaryservo_msgs/msg/rosidl_typesupport_fastrtps_c__visibility_control.h
[128.412s] -- Installing: /home/user/ros2_ws/install/hrim_actuator_rotaryservo_msgs/lib/libhrim_actuator_rotaryservo_msgs__rosidl_typesupport_fastrtps_c.so
[128.412s] -- Set runtime path of "/home/user/ros2_ws/install/hrim_actuator_rotaryservo_msgs/lib/libhrim_actuator_rotaryservo_msgs__rosidl_typesupport_fastrtps_c.so" to ""
[128.412s] -- Up-to-date: /home/user/ros2_ws/install/hrim_actuator_rotaryservo_msgs/include/hrim_actuator_rotaryservo_msgs
[128.413s] -- Up-to-date: /home/user/ros2_ws/install/hrim_actuator_rotaryservo_msgs/include/hrim_actuator_rotaryservo_msgs/msg
[128.413s] -- Up-to-date: /home/user/ros2_ws/install/hrim_actuator_rotaryservo_msgs/include/hrim_actuator_rotaryservo_msgs/msg/detail
[128.413s] -- Installing: /home/user/ros2_ws/install/hrim_actuator_rotaryservo_msgs/include/hrim_actuator_rotaryservo_msgs/msg/detail/reconfiguration__rosidl_typesupport_fastrtps_cpp.hpp
[128.413s] -- Installing: /home/user/ros2_ws/install/hrim_actuator_rotaryservo_msgs/include/hrim_actuator_rotaryservo_msgs/msg/detail/temperature__rosidl_typesupport_fastrtps_cpp.hpp
[128.414s] -- Installing: /home/user/ros2_ws/install/hrim_actuator_rotaryservo_msgs/include/hrim_actuator_rotaryservo_msgs/msg/detail/goal_angular_acceleration__rosidl_typesupport_fastrtps_cpp.hpp
[128.414s] -- Up-to-date: /home/user/ros2_ws/install/hrim_actuator_rotaryservo_msgs/include/hrim_actuator_rotaryservo_msgs/msg/detail/dds_fastrtps
[128.414s] -- Installing: /home/user/ros2_ws/install/hrim_actuator_rotaryservo_msgs/include/hrim_actuator_rotaryservo_msgs/msg/detail/goal_rotary_servo__rosidl_typesupport_fastrtps_cpp.hpp
[128.414s] -- Installing: /home/user/ros2_ws/install/hrim_actuator_rotaryservo_msgs/include/hrim_actuator_rotaryservo_msgs/msg/detail/state_rotary_servo__rosidl_typesupport_fastrtps_cpp.hpp
[128.415s] -- Up-to-date: /home/user/ros2_ws/install/hrim_actuator_rotaryservo_msgs/include/hrim_actuator_rotaryservo_msgs/msg/rosidl_typesupport_fastrtps_cpp__visibility_control.h
[128.415s] -- Installing: /home/user/ros2_ws/install/hrim_actuator_rotaryservo_msgs/lib/libhrim_actuator_rotaryservo_msgs__rosidl_typesupport_fastrtps_cpp.so
[128.416s] -- Set runtime path of "/home/user/ros2_ws/install/hrim_actuator_rotaryservo_msgs/lib/libhrim_actuator_rotaryservo_msgs__rosidl_typesupport_fastrtps_cpp.so" to ""
[128.417s] -- Up-to-date: /home/user/ros2_ws/install/hrim_actuator_rotaryservo_msgs/include/hrim_actuator_rotaryservo_msgs
[128.417s] -- Up-to-date: /home/user/ros2_ws/install/hrim_actuator_rotaryservo_msgs/include/hrim_actuator_rotaryservo_msgs/msg
[128.417s] -- Up-to-date: /home/user/ros2_ws/install/hrim_actuator_rotaryservo_msgs/include/hrim_actuator_rotaryservo_msgs/msg/detail
[128.418s] -- Installing: /home/user/ros2_ws/install/hrim_actuator_rotaryservo_msgs/include/hrim_actuator_rotaryservo_msgs/msg/detail/temperature__rosidl_typesupport_introspection_c.h
[128.418s] -- Installing: /home/user/ros2_ws/install/hrim_actuator_rotaryservo_msgs/include/hrim_actuator_rotaryservo_msgs/msg/detail/reconfiguration__rosidl_typesupport_introspection_c.h
[128.418s] -- Installing: /home/user/ros2_ws/install/hrim_actuator_rotaryservo_msgs/include/hrim_actuator_rotaryservo_msgs/msg/detail/goal_angular_acceleration__type_support.c
[128.418s] -- Installing: /home/user/ros2_ws/install/hrim_actuator_rotaryservo_msgs/include/hrim_actuator_rotaryservo_msgs/msg/detail/goal_rotary_servo__type_support.c
[128.419s] -- Installing: /home/user/ros2_ws/install/hrim_actuator_rotaryservo_msgs/include/hrim_actuator_rotaryservo_msgs/msg/detail/state_rotary_servo__type_support.c
[128.419s] -- Installing: /home/user/ros2_ws/install/hrim_actuator_rotaryservo_msgs/include/hrim_actuator_rotaryservo_msgs/msg/detail/temperature__type_support.c
[128.419s] -- Installing: /home/user/ros2_ws/install/hrim_actuator_rotaryservo_msgs/include/hrim_actuator_rotaryservo_msgs/msg/detail/reconfiguration__type_support.c
[128.420s] -- Installing: /home/user/ros2_ws/install/hrim_actuator_rotaryservo_msgs/include/hrim_actuator_rotaryservo_msgs/msg/detail/goal_angular_acceleration__rosidl_typesupport_introspection_c.h
[128.420s] -- Installing: /home/user/ros2_ws/install/hrim_actuator_rotaryservo_msgs/include/hrim_actuator_rotaryservo_msgs/msg/detail/goal_rotary_servo__rosidl_typesupport_introspection_c.h
[128.420s] -- Installing: /home/user/ros2_ws/install/hrim_actuator_rotaryservo_msgs/include/hrim_actuator_rotaryservo_msgs/msg/detail/state_rotary_servo__rosidl_typesupport_introspection_c.h
[128.420s] -- Up-to-date: /home/user/ros2_ws/install/hrim_actuator_rotaryservo_msgs/include/hrim_actuator_rotaryservo_msgs/msg/rosidl_typesupport_introspection_c__visibility_control.h
[128.420s] -- Installing: /home/user/ros2_ws/install/hrim_actuator_rotaryservo_msgs/lib/libhrim_actuator_rotaryservo_msgs__rosidl_typesupport_introspection_c.so
[128.421s] -- Set runtime path of "/home/user/ros2_ws/install/hrim_actuator_rotaryservo_msgs/lib/libhrim_actuator_rotaryservo_msgs__rosidl_typesupport_introspection_c.so" to ""
[128.421s] -- Installing: /home/user/ros2_ws/install/hrim_actuator_rotaryservo_msgs/lib/libhrim_actuator_rotaryservo_msgs__rosidl_typesupport_c.so
[128.422s] -- Set runtime path of "/home/user/ros2_ws/install/hrim_actuator_rotaryservo_msgs/lib/libhrim_actuator_rotaryservo_msgs__rosidl_typesupport_c.so" to ""
[128.422s] -- Up-to-date: /home/user/ros2_ws/install/hrim_actuator_rotaryservo_msgs/include/hrim_actuator_rotaryservo_msgs
[128.422s] -- Up-to-date: /home/user/ros2_ws/install/hrim_actuator_rotaryservo_msgs/include/hrim_actuator_rotaryservo_msgs/msg
[128.422s] -- Up-to-date: /home/user/ros2_ws/install/hrim_actuator_rotaryservo_msgs/include/hrim_actuator_rotaryservo_msgs/msg/detail
[128.423s] -- Installing: /home/user/ros2_ws/install/hrim_actuator_rotaryservo_msgs/include/hrim_actuator_rotaryservo_msgs/msg/detail/state_rotary_servo__struct.hpp
[128.424s] -- Installing: /home/user/ros2_ws/install/hrim_actuator_rotaryservo_msgs/include/hrim_actuator_rotaryservo_msgs/msg/detail/reconfiguration__builder.hpp
[128.424s] -- Installing: /home/user/ros2_ws/install/hrim_actuator_rotaryservo_msgs/include/hrim_actuator_rotaryservo_msgs/msg/detail/goal_rotary_servo__builder.hpp
[128.424s] -- Installing: /home/user/ros2_ws/install/hrim_actuator_rotaryservo_msgs/include/hrim_actuator_rotaryservo_msgs/msg/detail/reconfiguration__traits.hpp
[128.425s] -- Installing: /home/user/ros2_ws/install/hrim_actuator_rotaryservo_msgs/include/hrim_actuator_rotaryservo_msgs/msg/detail/goal_rotary_servo__traits.hpp
[128.426s] -- Installing: /home/user/ros2_ws/install/hrim_actuator_rotaryservo_msgs/include/hrim_actuator_rotaryservo_msgs/msg/detail/goal_angular_acceleration__builder.hpp
[128.426s] -- Installing: /home/user/ros2_ws/install/hrim_actuator_rotaryservo_msgs/include/hrim_actuator_rotaryservo_msgs/msg/detail/temperature__traits.hpp
[128.426s] -- Installing: /home/user/ros2_ws/install/hrim_actuator_rotaryservo_msgs/include/hrim_actuator_rotaryservo_msgs/msg/detail/reconfiguration__struct.hpp
[128.427s] -- Installing: /home/user/ros2_ws/install/hrim_actuator_rotaryservo_msgs/include/hrim_actuator_rotaryservo_msgs/msg/detail/goal_rotary_servo__struct.hpp
[128.427s] -- Installing: /home/user/ros2_ws/install/hrim_actuator_rotaryservo_msgs/include/hrim_actuator_rotaryservo_msgs/msg/detail/goal_angular_acceleration__struct.hpp
[128.427s] -- Installing: /home/user/ros2_ws/install/hrim_actuator_rotaryservo_msgs/include/hrim_actuator_rotaryservo_msgs/msg/detail/state_rotary_servo__traits.hpp
[128.431s] -- Installing: /home/user/ros2_ws/install/hrim_actuator_rotaryservo_msgs/include/hrim_actuator_rotaryservo_msgs/msg/detail/goal_angular_acceleration__traits.hpp
[128.435s] -- Installing: /home/user/ros2_ws/install/hrim_actuator_rotaryservo_msgs/include/hrim_actuator_rotaryservo_msgs/msg/detail/temperature__struct.hpp
[128.436s] -- Installing: /home/user/ros2_ws/install/hrim_actuator_rotaryservo_msgs/include/hrim_actuator_rotaryservo_msgs/msg/detail/temperature__builder.hpp
[128.437s] -- Installing: /home/user/ros2_ws/install/hrim_actuator_rotaryservo_msgs/include/hrim_actuator_rotaryservo_msgs/msg/detail/state_rotary_servo__builder.hpp
[128.438s] -- Installing: /home/user/ros2_ws/install/hrim_actuator_rotaryservo_msgs/include/hrim_actuator_rotaryservo_msgs/msg/goal_angular_acceleration.hpp
[128.438s] -- Installing: /home/user/ros2_ws/install/hrim_actuator_rotaryservo_msgs/include/hrim_actuator_rotaryservo_msgs/msg/reconfiguration.hpp
[128.439s] -- Installing: /home/user/ros2_ws/install/hrim_actuator_rotaryservo_msgs/include/hrim_actuator_rotaryservo_msgs/msg/goal_rotary_servo.hpp
[128.439s] -- Installing: /home/user/ros2_ws/install/hrim_actuator_rotaryservo_msgs/include/hrim_actuator_rotaryservo_msgs/msg/temperature.hpp
[128.440s] -- Installing: /home/user/ros2_ws/install/hrim_actuator_rotaryservo_msgs/include/hrim_actuator_rotaryservo_msgs/msg/state_rotary_servo.hpp
[128.440s] -- Up-to-date: /home/user/ros2_ws/install/hrim_actuator_rotaryservo_msgs/include/hrim_actuator_rotaryservo_msgs
[128.441s] -- Up-to-date: /home/user/ros2_ws/install/hrim_actuator_rotaryservo_msgs/include/hrim_actuator_rotaryservo_msgs/msg
[128.441s] -- Up-to-date: /home/user/ros2_ws/install/hrim_actuator_rotaryservo_msgs/include/hrim_actuator_rotaryservo_msgs/msg/detail
[128.442s] -- Installing: /home/user/ros2_ws/install/hrim_actuator_rotaryservo_msgs/include/hrim_actuator_rotaryservo_msgs/msg/detail/state_rotary_servo__rosidl_typesupport_introspection_cpp.hpp
[128.442s] -- Installing: /home/user/ros2_ws/install/hrim_actuator_rotaryservo_msgs/include/hrim_actuator_rotaryservo_msgs/msg/detail/state_rotary_servo__type_support.cpp
[128.442s] -- Installing: /home/user/ros2_ws/install/hrim_actuator_rotaryservo_msgs/include/hrim_actuator_rotaryservo_msgs/msg/detail/temperature__type_support.cpp
[128.442s] -- Installing: /home/user/ros2_ws/install/hrim_actuator_rotaryservo_msgs/include/hrim_actuator_rotaryservo_msgs/msg/detail/reconfiguration__type_support.cpp
[128.443s] -- Installing: /home/user/ros2_ws/install/hrim_actuator_rotaryservo_msgs/include/hrim_actuator_rotaryservo_msgs/msg/detail/reconfiguration__rosidl_typesupport_introspection_cpp.hpp
[128.443s] -- Installing: /home/user/ros2_ws/install/hrim_actuator_rotaryservo_msgs/include/hrim_actuator_rotaryservo_msgs/msg/detail/goal_rotary_servo__rosidl_typesupport_introspection_cpp.hpp
[128.443s] -- Installing: /home/user/ros2_ws/install/hrim_actuator_rotaryservo_msgs/include/hrim_actuator_rotaryservo_msgs/msg/detail/temperature__rosidl_typesupport_introspection_cpp.hpp
[128.443s] -- Installing: /home/user/ros2_ws/install/hrim_actuator_rotaryservo_msgs/include/hrim_actuator_rotaryservo_msgs/msg/detail/goal_rotary_servo__type_support.cpp
[128.443s] -- Installing: /home/user/ros2_ws/install/hrim_actuator_rotaryservo_msgs/include/hrim_actuator_rotaryservo_msgs/msg/detail/goal_angular_acceleration__rosidl_typesupport_introspection_cpp.hpp
[128.444s] -- Installing: /home/user/ros2_ws/install/hrim_actuator_rotaryservo_msgs/include/hrim_actuator_rotaryservo_msgs/msg/detail/goal_angular_acceleration__type_support.cpp
[128.444s] -- Installing: /home/user/ros2_ws/install/hrim_actuator_rotaryservo_msgs/lib/libhrim_actuator_rotaryservo_msgs__rosidl_typesupport_introspection_cpp.so
[128.444s] -- Set runtime path of "/home/user/ros2_ws/install/hrim_actuator_rotaryservo_msgs/lib/libhrim_actuator_rotaryservo_msgs__rosidl_typesupport_introspection_cpp.so" to ""
[128.444s] -- Installing: /home/user/ros2_ws/install/hrim_actuator_rotaryservo_msgs/lib/libhrim_actuator_rotaryservo_msgs__rosidl_typesupport_cpp.so
[128.444s] -- Set runtime path of "/home/user/ros2_ws/install/hrim_actuator_rotaryservo_msgs/lib/libhrim_actuator_rotaryservo_msgs__rosidl_typesupport_cpp.so" to ""
[128.444s] -- Up-to-date: /home/user/ros2_ws/install/hrim_actuator_rotaryservo_msgs/share/hrim_actuator_rotaryservo_msgs/environment/pythonpath.sh
[128.445s] -- Installing: /home/user/ros2_ws/install/hrim_actuator_rotaryservo_msgs/share/hrim_actuator_rotaryservo_msgs/environment/pythonpath.dsv
[128.445s] -- Installing: /home/user/ros2_ws/install/hrim_actuator_rotaryservo_msgs/lib/python3.8/site-packages/hrim_actuator_rotaryservo_msgs/__init__.py
[128.649s] Compiling '/home/user/ros2_ws/install/hrim_actuator_rotaryservo_msgs/lib/python3.8/site-packages/hrim_actuator_rotaryservo_msgs/__init__.py'...
[128.707s] -- Up-to-date: /home/user/ros2_ws/install/hrim_actuator_rotaryservo_msgs/lib/python3.8/site-packages/hrim_actuator_rotaryservo_msgs/msg
[128.708s] -- Installing: /home/user/ros2_ws/install/hrim_actuator_rotaryservo_msgs/lib/python3.8/site-packages/hrim_actuator_rotaryservo_msgs/msg/_goal_angular_acceleration.py
[128.715s] -- Installing: /home/user/ros2_ws/install/hrim_actuator_rotaryservo_msgs/lib/python3.8/site-packages/hrim_actuator_rotaryservo_msgs/msg/_goal_angular_acceleration_s.c
[128.715s] -- Installing: /home/user/ros2_ws/install/hrim_actuator_rotaryservo_msgs/lib/python3.8/site-packages/hrim_actuator_rotaryservo_msgs/msg/_goal_rotary_servo_s.c
[128.715s] -- Installing: /home/user/ros2_ws/install/hrim_actuator_rotaryservo_msgs/lib/python3.8/site-packages/hrim_actuator_rotaryservo_msgs/msg/_temperature_s.c
[128.715s] -- Installing: /home/user/ros2_ws/install/hrim_actuator_rotaryservo_msgs/lib/python3.8/site-packages/hrim_actuator_rotaryservo_msgs/msg/_temperature.py
[128.715s] -- Installing: /home/user/ros2_ws/install/hrim_actuator_rotaryservo_msgs/lib/python3.8/site-packages/hrim_actuator_rotaryservo_msgs/msg/_reconfiguration.py
[128.716s] -- Installing: /home/user/ros2_ws/install/hrim_actuator_rotaryservo_msgs/lib/python3.8/site-packages/hrim_actuator_rotaryservo_msgs/msg/_reconfiguration_s.c
[128.716s] -- Installing: /home/user/ros2_ws/install/hrim_actuator_rotaryservo_msgs/lib/python3.8/site-packages/hrim_actuator_rotaryservo_msgs/msg/__init__.py
[128.716s] -- Installing: /home/user/ros2_ws/install/hrim_actuator_rotaryservo_msgs/lib/python3.8/site-packages/hrim_actuator_rotaryservo_msgs/msg/_goal_rotary_servo.py
[128.717s] -- Installing: /home/user/ros2_ws/install/hrim_actuator_rotaryservo_msgs/lib/python3.8/site-packages/hrim_actuator_rotaryservo_msgs/msg/_state_rotary_servo.py
[128.717s] -- Installing: /home/user/ros2_ws/install/hrim_actuator_rotaryservo_msgs/lib/python3.8/site-packages/hrim_actuator_rotaryservo_msgs/msg/_state_rotary_servo_s.c
[128.717s] -- Installing: /home/user/ros2_ws/install/hrim_actuator_rotaryservo_msgs/lib/python3.8/site-packages/hrim_actuator_rotaryservo_msgs/hrim_actuator_rotaryservo_msgs_s__rosidl_typesupport_fastrtps_c.cpython-38-x86_64-linux-gnu.so
[128.718s] -- Set runtime path of "/home/user/ros2_ws/install/hrim_actuator_rotaryservo_msgs/lib/python3.8/site-packages/hrim_actuator_rotaryservo_msgs/hrim_actuator_rotaryservo_msgs_s__rosidl_typesupport_fastrtps_c.cpython-38-x86_64-linux-gnu.so" to ""
[128.718s] -- Installing: /home/user/ros2_ws/install/hrim_actuator_rotaryservo_msgs/lib/python3.8/site-packages/hrim_actuator_rotaryservo_msgs/hrim_actuator_rotaryservo_msgs_s__rosidl_typesupport_introspection_c.cpython-38-x86_64-linux-gnu.so
[128.721s] -- Set runtime path of "/home/user/ros2_ws/install/hrim_actuator_rotaryservo_msgs/lib/python3.8/site-packages/hrim_actuator_rotaryservo_msgs/hrim_actuator_rotaryservo_msgs_s__rosidl_typesupport_introspection_c.cpython-38-x86_64-linux-gnu.so" to ""
[128.721s] -- Installing: /home/user/ros2_ws/install/hrim_actuator_rotaryservo_msgs/lib/python3.8/site-packages/hrim_actuator_rotaryservo_msgs/hrim_actuator_rotaryservo_msgs_s__rosidl_typesupport_c.cpython-38-x86_64-linux-gnu.so
[128.721s] -- Set runtime path of "/home/user/ros2_ws/install/hrim_actuator_rotaryservo_msgs/lib/python3.8/site-packages/hrim_actuator_rotaryservo_msgs/hrim_actuator_rotaryservo_msgs_s__rosidl_typesupport_c.cpython-38-x86_64-linux-gnu.so" to ""
[128.721s] -- Installing: /home/user/ros2_ws/install/hrim_actuator_rotaryservo_msgs/lib/libhrim_actuator_rotaryservo_msgs__python.so
[128.726s] -- Set runtime path of "/home/user/ros2_ws/install/hrim_actuator_rotaryservo_msgs/lib/libhrim_actuator_rotaryservo_msgs__python.so" to ""
[128.726s] -- Up-to-date: /home/user/ros2_ws/install/hrim_actuator_rotaryservo_msgs/share/hrim_actuator_rotaryservo_msgs/msg/GoalAngularAcceleration.idl
[128.727s] -- Up-to-date: /home/user/ros2_ws/install/hrim_actuator_rotaryservo_msgs/share/hrim_actuator_rotaryservo_msgs/msg/GoalRotaryServo.idl
[128.727s] -- Up-to-date: /home/user/ros2_ws/install/hrim_actuator_rotaryservo_msgs/share/hrim_actuator_rotaryservo_msgs/msg/Reconfiguration.idl
[128.728s] -- Up-to-date: /home/user/ros2_ws/install/hrim_actuator_rotaryservo_msgs/share/hrim_actuator_rotaryservo_msgs/msg/StateRotaryServo.idl
[128.728s] -- Up-to-date: /home/user/ros2_ws/install/hrim_actuator_rotaryservo_msgs/share/hrim_actuator_rotaryservo_msgs/msg/Temperature.idl
[128.728s] -- Up-to-date: /home/user/ros2_ws/install/hrim_actuator_rotaryservo_msgs/share/hrim_actuator_rotaryservo_msgs/msg/GoalAngularAcceleration.msg
[128.728s] -- Up-to-date: /home/user/ros2_ws/install/hrim_actuator_rotaryservo_msgs/share/hrim_actuator_rotaryservo_msgs/msg/GoalRotaryServo.msg
[128.729s] -- Up-to-date: /home/user/ros2_ws/install/hrim_actuator_rotaryservo_msgs/share/hrim_actuator_rotaryservo_msgs/msg/Reconfiguration.msg
[128.733s] -- Up-to-date: /home/user/ros2_ws/install/hrim_actuator_rotaryservo_msgs/share/hrim_actuator_rotaryservo_msgs/msg/StateRotaryServo.msg
[128.734s] -- Up-to-date: /home/user/ros2_ws/install/hrim_actuator_rotaryservo_msgs/share/hrim_actuator_rotaryservo_msgs/msg/Temperature.msg
[128.734s] -- Up-to-date: /home/user/ros2_ws/install/hrim_actuator_rotaryservo_msgs/share/ament_index/resource_index/package_run_dependencies/hrim_actuator_rotaryservo_msgs
[128.735s] -- Installing: /home/user/ros2_ws/install/hrim_actuator_rotaryservo_msgs/share/ament_index/resource_index/parent_prefix_path/hrim_actuator_rotaryservo_msgs
[128.736s] -- Installing: /home/user/ros2_ws/install/hrim_actuator_rotaryservo_msgs/share/hrim_actuator_rotaryservo_msgs/environment/ament_prefix_path.sh
[128.736s] -- Installing: /home/user/ros2_ws/install/hrim_actuator_rotaryservo_msgs/share/hrim_actuator_rotaryservo_msgs/environment/ament_prefix_path.dsv
[128.736s] -- Installing: /home/user/ros2_ws/install/hrim_actuator_rotaryservo_msgs/share/hrim_actuator_rotaryservo_msgs/environment/path.sh
[128.737s] -- Installing: /home/user/ros2_ws/install/hrim_actuator_rotaryservo_msgs/share/hrim_actuator_rotaryservo_msgs/environment/path.dsv
[128.739s] -- Installing: /home/user/ros2_ws/install/hrim_actuator_rotaryservo_msgs/share/hrim_actuator_rotaryservo_msgs/local_setup.bash
[128.739s] -- Installing: /home/user/ros2_ws/install/hrim_actuator_rotaryservo_msgs/share/hrim_actuator_rotaryservo_msgs/local_setup.sh
[128.739s] -- Installing: /home/user/ros2_ws/install/hrim_actuator_rotaryservo_msgs/share/hrim_actuator_rotaryservo_msgs/local_setup.zsh
[128.740s] -- Installing: /home/user/ros2_ws/install/hrim_actuator_rotaryservo_msgs/share/hrim_actuator_rotaryservo_msgs/local_setup.dsv
[128.741s] -- Installing: /home/user/ros2_ws/install/hrim_actuator_rotaryservo_msgs/share/hrim_actuator_rotaryservo_msgs/package.dsv
[128.741s] -- Up-to-date: /home/user/ros2_ws/install/hrim_actuator_rotaryservo_msgs/share/ament_index/resource_index/packages/hrim_actuator_rotaryservo_msgs
[128.742s] -- Up-to-date: /home/user/ros2_ws/install/hrim_actuator_rotaryservo_msgs/share/hrim_actuator_rotaryservo_msgs/cmake/hrim_actuator_rotaryservo_msgs__rosidl_generator_cExport.cmake
[128.742s] -- Installing: /home/user/ros2_ws/install/hrim_actuator_rotaryservo_msgs/share/hrim_actuator_rotaryservo_msgs/cmake/hrim_actuator_rotaryservo_msgs__rosidl_generator_cExport-noconfig.cmake
[128.742s] -- Up-to-date: /home/user/ros2_ws/install/hrim_actuator_rotaryservo_msgs/share/hrim_actuator_rotaryservo_msgs/cmake/hrim_actuator_rotaryservo_msgs__rosidl_typesupport_introspection_cExport.cmake
[128.747s] -- Installing: /home/user/ros2_ws/install/hrim_actuator_rotaryservo_msgs/share/hrim_actuator_rotaryservo_msgs/cmake/hrim_actuator_rotaryservo_msgs__rosidl_typesupport_introspection_cExport-noconfig.cmake
[128.749s] -- Up-to-date: /home/user/ros2_ws/install/hrim_actuator_rotaryservo_msgs/share/hrim_actuator_rotaryservo_msgs/cmake/hrim_actuator_rotaryservo_msgs__rosidl_typesupport_cExport.cmake
[128.749s] -- Installing: /home/user/ros2_ws/install/hrim_actuator_rotaryservo_msgs/share/hrim_actuator_rotaryservo_msgs/cmake/hrim_actuator_rotaryservo_msgs__rosidl_typesupport_cExport-noconfig.cmake
[128.750s] -- Up-to-date: /home/user/ros2_ws/install/hrim_actuator_rotaryservo_msgs/share/hrim_actuator_rotaryservo_msgs/cmake/hrim_actuator_rotaryservo_msgs__rosidl_generator_cppExport.cmake
[128.751s] -- Up-to-date: /home/user/ros2_ws/install/hrim_actuator_rotaryservo_msgs/share/hrim_actuator_rotaryservo_msgs/cmake/hrim_actuator_rotaryservo_msgs__rosidl_typesupport_introspection_cppExport.cmake
[128.752s] -- Installing: /home/user/ros2_ws/install/hrim_actuator_rotaryservo_msgs/share/hrim_actuator_rotaryservo_msgs/cmake/hrim_actuator_rotaryservo_msgs__rosidl_typesupport_introspection_cppExport-noconfig.cmake
[128.752s] -- Up-to-date: /home/user/ros2_ws/install/hrim_actuator_rotaryservo_msgs/share/hrim_actuator_rotaryservo_msgs/cmake/hrim_actuator_rotaryservo_msgs__rosidl_typesupport_cppExport.cmake
[128.754s] -- Installing: /home/user/ros2_ws/install/hrim_actuator_rotaryservo_msgs/share/hrim_actuator_rotaryservo_msgs/cmake/hrim_actuator_rotaryservo_msgs__rosidl_typesupport_cppExport-noconfig.cmake
[128.755s] -- Up-to-date: /home/user/ros2_ws/install/hrim_actuator_rotaryservo_msgs/share/hrim_actuator_rotaryservo_msgs/cmake/rosidl_cmake-extras.cmake
[128.755s] -- Installing: /home/user/ros2_ws/install/hrim_actuator_rotaryservo_msgs/share/hrim_actuator_rotaryservo_msgs/cmake/ament_cmake_export_dependencies-extras.cmake
[128.755s] -- Up-to-date: /home/user/ros2_ws/install/hrim_actuator_rotaryservo_msgs/share/hrim_actuator_rotaryservo_msgs/cmake/ament_cmake_export_libraries-extras.cmake
[128.760s] -- Up-to-date: /home/user/ros2_ws/install/hrim_actuator_rotaryservo_msgs/share/hrim_actuator_rotaryservo_msgs/cmake/ament_cmake_export_targets-extras.cmake
[128.760s] -- Up-to-date: /home/user/ros2_ws/install/hrim_actuator_rotaryservo_msgs/share/hrim_actuator_rotaryservo_msgs/cmake/ament_cmake_export_include_directories-extras.cmake
[128.760s] -- Up-to-date: /home/user/ros2_ws/install/hrim_actuator_rotaryservo_msgs/share/hrim_actuator_rotaryservo_msgs/cmake/rosidl_cmake_export_typesupport_libraries-extras.cmake
[128.760s] -- Up-to-date: /home/user/ros2_ws/install/hrim_actuator_rotaryservo_msgs/share/hrim_actuator_rotaryservo_msgs/cmake/rosidl_cmake_export_typesupport_targets-extras.cmake
[128.761s] -- Up-to-date: /home/user/ros2_ws/install/hrim_actuator_rotaryservo_msgs/share/hrim_actuator_rotaryservo_msgs/cmake/hrim_actuator_rotaryservo_msgsConfig.cmake
[128.761s] -- Up-to-date: /home/user/ros2_ws/install/hrim_actuator_rotaryservo_msgs/share/hrim_actuator_rotaryservo_msgs/cmake/hrim_actuator_rotaryservo_msgsConfig-version.cmake
[128.761s] -- Up-to-date: /home/user/ros2_ws/install/hrim_actuator_rotaryservo_msgs/share/hrim_actuator_rotaryservo_msgs/package.xml
[128.813s] Invoked command in '/home/user/ros2_ws/build/hrim_actuator_rotaryservo_msgs' returned '0': CMAKE_PREFIX_PATH=${CMAKE_PREFIX_PATH}:/opt/ros/foxy _=/usr/bin/env /usr/bin/cmake --install /home/user/ros2_ws/build/hrim_actuator_rotaryservo_msgs
