[1.336s] Invoking command in '/home/user/ros2_ws/src/ldmk_package': PYTHONPATH=/home/user/ros2_ws/install/ldmk_package/lib/python3.8/site-packages:${PYTHONPATH} _=/usr/bin/env /usr/bin/python3 setup.py egg_info --egg-base ../../build/ldmk_package build --build-base /home/user/ros2_ws/build/ldmk_package/build install --prefix /home/user/ros2_ws/install/ldmk_package --record /home/user/ros2_ws/build/ldmk_package/install.log --single-version-externally-managed
[2.479s] running egg_info
[2.479s] writing ../../build/ldmk_package/ldmk_package.egg-info/PKG-INFO
[2.481s] writing dependency_links to ../../build/ldmk_package/ldmk_package.egg-info/dependency_links.txt
[2.481s] writing entry points to ../../build/ldmk_package/ldmk_package.egg-info/entry_points.txt
[2.482s] writing requirements to ../../build/ldmk_package/ldmk_package.egg-info/requires.txt
[2.482s] writing top-level names to ../../build/ldmk_package/ldmk_package.egg-info/top_level.txt
[2.575s] reading manifest file '../../build/ldmk_package/ldmk_package.egg-info/SOURCES.txt'
[2.575s] writing manifest file '../../build/ldmk_package/ldmk_package.egg-info/SOURCES.txt'
[2.575s] running build
[2.576s] running build_py
[2.576s] running install
[2.579s] running install_lib
[2.583s] running install_data
[2.583s] running install_egg_info
[2.587s] removing '/home/user/ros2_ws/install/ldmk_package/lib/python3.8/site-packages/ldmk_package-0.0.0-py3.8.egg-info' (and everything under it)
[2.587s] Copying ../../build/ldmk_package/ldmk_package.egg-info to /home/user/ros2_ws/install/ldmk_package/lib/python3.8/site-packages/ldmk_package-0.0.0-py3.8.egg-info
[2.591s] running install_scripts
[2.666s] Installing roboticsIK script to /home/user/ros2_ws/install/ldmk_package/lib/ldmk_package
[2.667s] writing list of installed files to '/home/user/ros2_ws/build/ldmk_package/install.log'
[2.752s] Invoked command in '/home/user/ros2_ws/src/ldmk_package' returned '0': PYTHONPATH=/home/user/ros2_ws/install/ldmk_package/lib/python3.8/site-packages:${PYTHONPATH} _=/usr/bin/env /usr/bin/python3 setup.py egg_info --egg-base ../../build/ldmk_package build --build-base /home/user/ros2_ws/build/ldmk_package/build install --prefix /home/user/ros2_ws/install/ldmk_package --record /home/user/ros2_ws/build/ldmk_package/install.log --single-version-externally-managed
