-- Found ament_cmake: 0.9.9 (/opt/ros/foxy/share/ament_cmake/cmake)
-- Found PythonInterp: /usr/bin/python3 (found suitable version "3.8.10", minimum required is "3") 
-- Using PYTHON_EXECUTABLE: /usr/bin/python3
-- Found rosidl_default_generators: 1.0.1 (/opt/ros/foxy/share/rosidl_default_generators/cmake)
-- Using all available rosidl_typesupport_c: rosidl_typesupport_fastrtps_c;rosidl_typesupport_introspection_c
-- Found rosidl_adapter: 1.2.1 (/opt/ros/foxy/share/rosidl_adapter/cmake)
-- Using all available rosidl_typesupport_cpp: rosidl_typesupport_fastrtps_cpp;rosidl_typesupport_introspection_cpp
-- Found action_msgs: 1.0.0 (/opt/ros/foxy/share/action_msgs/cmake)
-- Found trajectory_msgs: 2.0.4 (/opt/ros/foxy/share/trajectory_msgs/cmake)
-- Found PythonInterp: /usr/bin/python3 (found version "3.8.10") 
-- Found ament_cmake_ros: 0.9.2 (/opt/ros/foxy/share/ament_cmake_ros/cmake)
-- Using all available rosidl_typesupport_c: rosidl_typesupport_fastrtps_c;rosidl_typesupport_introspection_c
-- Using all available rosidl_typesupport_cpp: rosidl_typesupport_fastrtps_cpp;rosidl_typesupport_introspection_cpp
-- Found PythonInterp: /usr/bin/python3 (found suitable version "3.8.10", minimum required is "3.5") 
-- Found python_cmake_module: 0.8.1 (/opt/ros/foxy/share/python_cmake_module/cmake)
-- Found PythonLibs: /usr/lib/x86_64-linux-gnu/libpython3.8.so (found suitable version "3.8.10", minimum required is "3.5") 
-- Using PYTHON_EXECUTABLE: /usr/bin/python3
-- Using PYTHON_INCLUDE_DIRS: /usr/include/python3.8
-- Using PYTHON_LIBRARIES: /usr/lib/x86_64-linux-gnu/libpython3.8.so
-- Configuring done
-- Generating done
-- Build files have been written to: /home/user/ros2_ws/build/hrim_actuator_rotaryservo_actions
[  3%] [34m[1mGenerating C++ code for ROS interfaces[0m
[  3%] Built target hrim_actuator_rotaryservo_actions__cpp
[  6%] [34m[1mGenerating C code for ROS interfaces[0m
[35m[1mScanning dependencies of target hrim_actuator_rotaryservo_actions__rosidl_generator_c[0m
[  9%] [32mBuilding C object CMakeFiles/hrim_actuator_rotaryservo_actions__rosidl_generator_c.dir/rosidl_generator_c/hrim_actuator_rotaryservo_actions/action/detail/goal_joint_trajectory__functions.c.o[0m
[ 12%] [32m[1mLinking C shared library libhrim_actuator_rotaryservo_actions__rosidl_generator_c.so[0m
[ 12%] Built target hrim_actuator_rotaryservo_actions__rosidl_generator_c
[ 16%] [34m[1mGenerating C++ introspection for ROS interfaces[0m
Traceback (most recent call last):
  File "/opt/ros/foxy/lib/rosidl_typesupport_introspection_cpp/rosidl_typesupport_introspection_cpp", line 23, in <module>
    sys.exit(main())
  File "/opt/ros/foxy/lib/rosidl_typesupport_introspection_cpp/rosidl_typesupport_introspection_cpp", line 19, in main
    return generate_cpp(args.generator_arguments_file)
  File "/opt/ros/foxy/lib/python3.8/site-packages/rosidl_typesupport_introspection_cpp/__init__.py", line 24, in generate_cpp
    generate_files(generator_arguments_file, mapping)
  File "/opt/ros/foxy/lib/python3.8/site-packages/rosidl_cmake/__init__.py", line 74, in generate_files
    idl_file = parse_idl_file(locator)
  File "/opt/ros/foxy/lib/python3.8/site-packages/rosidl_parser/parser.py", line 64, in parse_idl_file
    content = parse_idl_string(string, png_file=png_file)
  File "/opt/ros/foxy/lib/python3.8/site-packages/rosidl_parser/parser.py", line 72, in parse_idl_string
    tree = get_ast_from_idl_string(idl_string)
  File "/opt/ros/foxy/lib/python3.8/site-packages/rosidl_parser/parser.py", line 88, in get_ast_from_idl_string
    _parser = Lark(grammar, start='specification')
  File "/usr/lib/python3/dist-packages/lark/lark.py", line 213, in __init__
    self.parser = self._build_parser()
  File "/usr/lib/python3/dist-packages/lark/lark.py", line 233, in _build_parser
    return self.parser_class(self.lexer_conf, parser_conf, options=self.options)
  File "/usr/lib/python3/dist-packages/lark/parser_frontends.py", line 165, in __init__
    self.parser = xearley.Parser(parser_conf,
  File "/usr/lib/python3/dist-packages/lark/parsers/xearley.py", line 28, in __init__
    BaseParser.__init__(self, parser_conf, term_matcher, resolve_ambiguity, debug)
  File "/usr/lib/python3/dist-packages/lark/parsers/earley.py", line 25, in __init__
    analysis = GrammarAnalyzer(parser_conf)
  File "/usr/lib/python3/dist-packages/lark/parsers/grammar_analysis.py", line 161, in __init__
    self.FIRST, self.FOLLOW, self.NULLABLE = calculate_sets(rules)
  File "/usr/lib/python3/dist-packages/lark/parsers/grammar_analysis.py", line 113, in calculate_sets
    if update_set(FOLLOW[sym], FOLLOW[rule.origin]):
KeyboardInterrupt
make[2]: *** [CMakeFiles/hrim_actuator_rotaryservo_actions__rosidl_typesupport_introspection_cpp.dir/build.make:140: rosidl_typesupport_introspection_cpp/hrim_actuator_rotaryservo_actions/action/detail/goal_joint_trajectory__rosidl_typesupport_introspection_cpp.hpp] Interrupt
make[1]: *** [CMakeFiles/Makefile2:468: CMakeFiles/hrim_actuator_rotaryservo_actions__rosidl_typesupport_introspection_cpp.dir/all] Interrupt
make: *** [Makefile:141: all] Interrupt
