[0.219s] Invoking command in '/home/user/ros2_ws/build/hrim_actuator_rotaryservo_actions': CMAKE_PREFIX_PATH=${CMAKE_PREFIX_PATH}:/opt/ros/foxy _=/usr/bin/env /usr/bin/cmake --build /home/user/ros2_ws/build/hrim_actuator_rotaryservo_actions -- -j8 -l8
[0.794s] -- Found ament_cmake: 0.9.9 (/opt/ros/foxy/share/ament_cmake/cmake)
[1.024s] -- Found PythonInterp: /usr/bin/python3 (found suitable version "3.8.10", minimum required is "3") 
[1.024s] -- Using PYTHON_EXECUTABLE: /usr/bin/python3
[3.479s] -- Found rosidl_default_generators: 1.0.1 (/opt/ros/foxy/share/rosidl_default_generators/cmake)
[3.572s] -- Using all available rosidl_typesupport_c: rosidl_typesupport_fastrtps_c;rosidl_typesupport_introspection_c
[3.589s] -- Found rosidl_adapter: 1.2.1 (/opt/ros/foxy/share/rosidl_adapter/cmake)
[5.243s] -- Using all available rosidl_typesupport_cpp: rosidl_typesupport_fastrtps_cpp;rosidl_typesupport_introspection_cpp
[5.473s] -- Found action_msgs: 1.0.0 (/opt/ros/foxy/share/action_msgs/cmake)
[6.032s] -- Found trajectory_msgs: 2.0.4 (/opt/ros/foxy/share/trajectory_msgs/cmake)
[8.049s] -- Found PythonInterp: /usr/bin/python3 (found version "3.8.10") 
[9.773s] -- Found ament_cmake_ros: 0.9.2 (/opt/ros/foxy/share/ament_cmake_ros/cmake)
[12.063s] -- Using all available rosidl_typesupport_c: rosidl_typesupport_fastrtps_c;rosidl_typesupport_introspection_c
[13.078s] -- Using all available rosidl_typesupport_cpp: rosidl_typesupport_fastrtps_cpp;rosidl_typesupport_introspection_cpp
[13.339s] -- Found PythonInterp: /usr/bin/python3 (found suitable version "3.8.10", minimum required is "3.5") 
[13.339s] -- Found python_cmake_module: 0.8.1 (/opt/ros/foxy/share/python_cmake_module/cmake)
[13.464s] -- Found PythonLibs: /usr/lib/x86_64-linux-gnu/libpython3.8.so (found suitable version "3.8.10", minimum required is "3.5") 
[13.465s] -- Using PYTHON_EXECUTABLE: /usr/bin/python3
[13.465s] -- Using PYTHON_INCLUDE_DIRS: /usr/include/python3.8
[13.465s] -- Using PYTHON_LIBRARIES: /usr/lib/x86_64-linux-gnu/libpython3.8.so
[14.191s] -- Configuring done
[14.835s] -- Generating done
[14.852s] -- Build files have been written to: /home/user/ros2_ws/build/hrim_actuator_rotaryservo_actions
[15.130s] [  3%] [34m[1mGenerating C++ code for ROS interfaces[0m
[18.831s] [  3%] Built target hrim_actuator_rotaryservo_actions__cpp
[18.966s] [  6%] [34m[1mGenerating C code for ROS interfaces[0m
[22.357s] [35m[1mScanning dependencies of target hrim_actuator_rotaryservo_actions__rosidl_generator_c[0m
[22.766s] [  9%] [32mBuilding C object CMakeFiles/hrim_actuator_rotaryservo_actions__rosidl_generator_c.dir/rosidl_generator_c/hrim_actuator_rotaryservo_actions/action/detail/goal_joint_trajectory__functions.c.o[0m
[23.287s] [ 12%] [32m[1mLinking C shared library libhrim_actuator_rotaryservo_actions__rosidl_generator_c.so[0m
[23.679s] [ 12%] Built target hrim_actuator_rotaryservo_actions__rosidl_generator_c
[23.856s] [ 16%] [34m[1mGenerating C++ introspection for ROS interfaces[0m
[24.926s] Traceback (most recent call last):
[24.926s]   File "/opt/ros/foxy/lib/rosidl_typesupport_introspection_cpp/rosidl_typesupport_introspection_cpp", line 23, in <module>
[24.927s]     sys.exit(main())
[24.944s]   File "/opt/ros/foxy/lib/rosidl_typesupport_introspection_cpp/rosidl_typesupport_introspection_cpp", line 19, in main
[24.955s]     return generate_cpp(args.generator_arguments_file)
[24.955s]   File "/opt/ros/foxy/lib/python3.8/site-packages/rosidl_typesupport_introspection_cpp/__init__.py", line 24, in generate_cpp
[24.979s]     generate_files(generator_arguments_file, mapping)
[24.980s]   File "/opt/ros/foxy/lib/python3.8/site-packages/rosidl_cmake/__init__.py", line 74, in generate_files
[24.981s]     idl_file = parse_idl_file(locator)
[24.981s]   File "/opt/ros/foxy/lib/python3.8/site-packages/rosidl_parser/parser.py", line 64, in parse_idl_file
[24.981s]     content = parse_idl_string(string, png_file=png_file)
[24.981s]   File "/opt/ros/foxy/lib/python3.8/site-packages/rosidl_parser/parser.py", line 72, in parse_idl_string
[24.981s]     tree = get_ast_from_idl_string(idl_string)
[24.981s]   File "/opt/ros/foxy/lib/python3.8/site-packages/rosidl_parser/parser.py", line 88, in get_ast_from_idl_string
[24.982s]     _parser = Lark(grammar, start='specification')
[24.982s]   File "/usr/lib/python3/dist-packages/lark/lark.py", line 213, in __init__
[25.009s]     self.parser = self._build_parser()
[25.009s]   File "/usr/lib/python3/dist-packages/lark/lark.py", line 233, in _build_parser
[25.009s]     return self.parser_class(self.lexer_conf, parser_conf, options=self.options)
[25.010s]   File "/usr/lib/python3/dist-packages/lark/parser_frontends.py", line 165, in __init__
[25.010s]     self.parser = xearley.Parser(parser_conf,
[25.010s]   File "/usr/lib/python3/dist-packages/lark/parsers/xearley.py", line 28, in __init__
[25.010s]     BaseParser.__init__(self, parser_conf, term_matcher, resolve_ambiguity, debug)
[25.010s]   File "/usr/lib/python3/dist-packages/lark/parsers/earley.py", line 25, in __init__
[25.011s]     analysis = GrammarAnalyzer(parser_conf)
[25.031s]   File "/usr/lib/python3/dist-packages/lark/parsers/grammar_analysis.py", line 161, in __init__
[25.032s]     self.FIRST, self.FOLLOW, self.NULLABLE = calculate_sets(rules)
[25.032s]   File "/usr/lib/python3/dist-packages/lark/parsers/grammar_analysis.py", line 113, in calculate_sets
[25.032s]     if update_set(FOLLOW[sym], FOLLOW[rule.origin]):
[25.032s] KeyboardInterrupt
[25.058s] make[2]: *** [CMakeFiles/hrim_actuator_rotaryservo_actions__rosidl_typesupport_introspection_cpp.dir/build.make:140: rosidl_typesupport_introspection_cpp/hrim_actuator_rotaryservo_actions/action/detail/goal_joint_trajectory__rosidl_typesupport_introspection_cpp.hpp] Interrupt
[25.059s] make[1]: *** [CMakeFiles/Makefile2:468: CMakeFiles/hrim_actuator_rotaryservo_actions__rosidl_typesupport_introspection_cpp.dir/all] Interrupt
[25.059s] make: *** [Makefile:141: all] Interrupt
[25.162s] Invoked command in '/home/user/ros2_ws/build/hrim_actuator_rotaryservo_actions' returned '-2': CMAKE_PREFIX_PATH=${CMAKE_PREFIX_PATH}:/opt/ros/foxy _=/usr/bin/env /usr/bin/cmake --build /home/user/ros2_ws/build/hrim_actuator_rotaryservo_actions -- -j8 -l8
