[1.508s] Invoking command in '/home/user/ros2_ws/src/ldmk_package': PYTHONPATH=/home/user/ros2_ws/install/ldmk_package/lib/python3.8/site-packages:${PYTHONPATH} _=/usr/bin/env /usr/bin/python3 setup.py egg_info --egg-base ../../build/ldmk_package build --build-base /home/user/ros2_ws/build/ldmk_package/build install --prefix /home/user/ros2_ws/install/ldmk_package --record /home/user/ros2_ws/build/ldmk_package/install.log --single-version-externally-managed
[2.833s] running egg_info
[2.867s] writing ../../build/ldmk_package/ldmk_package.egg-info/PKG-INFO
[2.867s] writing dependency_links to ../../build/ldmk_package/ldmk_package.egg-info/dependency_links.txt
[2.867s] writing entry points to ../../build/ldmk_package/ldmk_package.egg-info/entry_points.txt
[2.868s] writing requirements to ../../build/ldmk_package/ldmk_package.egg-info/requires.txt
[2.868s] writing top-level names to ../../build/ldmk_package/ldmk_package.egg-info/top_level.txt
[2.998s] reading manifest file '../../build/ldmk_package/ldmk_package.egg-info/SOURCES.txt'
[3.000s] writing manifest file '../../build/ldmk_package/ldmk_package.egg-info/SOURCES.txt'
[3.003s] running build
[3.003s] running build_py
[3.005s] running install
[3.009s] running install_lib
[3.018s] running install_data
[3.019s] copying launch/maraik.launch.py -> /home/user/ros2_ws/install/ldmk_package/share/ldmk_package
[3.064s] running install_egg_info
[3.065s] removing '/home/user/ros2_ws/install/ldmk_package/lib/python3.8/site-packages/ldmk_package-0.0.0-py3.8.egg-info' (and everything under it)
[3.065s] Copying ../../build/ldmk_package/ldmk_package.egg-info to /home/user/ros2_ws/install/ldmk_package/lib/python3.8/site-packages/ldmk_package-0.0.0-py3.8.egg-info
[3.066s] running install_scripts
[3.115s] Installing roboticsIK script to /home/user/ros2_ws/install/ldmk_package/lib/ldmk_package
[3.116s] writing list of installed files to '/home/user/ros2_ws/build/ldmk_package/install.log'
[3.206s] Invoked command in '/home/user/ros2_ws/src/ldmk_package' returned '0': PYTHONPATH=/home/user/ros2_ws/install/ldmk_package/lib/python3.8/site-packages:${PYTHONPATH} _=/usr/bin/env /usr/bin/python3 setup.py egg_info --egg-base ../../build/ldmk_package build --build-base /home/user/ros2_ws/build/ldmk_package/build install --prefix /home/user/ros2_ws/install/ldmk_package --record /home/user/ros2_ws/build/ldmk_package/install.log --single-version-externally-managed
