[0.390s] Invoking command in '/home/user/ros2_ws/build/robotiq_140_gripper_description': CMAKE_PREFIX_PATH=${CMAKE_PREFIX_PATH}:/opt/ros/foxy _=/usr/bin/env /usr/bin/cmake --build /home/user/ros2_ws/build/robotiq_140_gripper_description -- -j8 -l8
[0.678s] -- Found ament_cmake: 0.9.9 (/opt/ros/foxy/share/ament_cmake/cmake)
[0.813s] -- Found PythonInterp: /usr/bin/python3 (found suitable version "3.8.10", minimum required is "3") 
[0.813s] -- Using PYTHON_EXECUTABLE: /usr/bin/python3
[2.690s] -- Found urdf: 2.4.0 (/opt/ros/foxy/share/urdf/cmake)
[3.408s] -- Configuring done
[3.479s] -- Generating done
[3.482s] -- Build files have been written to: /home/user/ros2_ws/build/robotiq_140_gripper_description
[3.710s] Invoked command in '/home/user/ros2_ws/build/robotiq_140_gripper_description' returned '0': CMAKE_PREFIX_PATH=${CMAKE_PREFIX_PATH}:/opt/ros/foxy _=/usr/bin/env /usr/bin/cmake --build /home/user/ros2_ws/build/robotiq_140_gripper_description -- -j8 -l8
[4.126s] Invoking command in '/home/user/ros2_ws/build/robotiq_140_gripper_description': CMAKE_PREFIX_PATH=${CMAKE_PREFIX_PATH}:/opt/ros/foxy _=/usr/bin/env /usr/bin/cmake --install /home/user/ros2_ws/build/robotiq_140_gripper_description
[4.291s] -- Install configuration: ""
[4.292s] -- Up-to-date: /home/user/ros2_ws/install/robotiq_140_gripper_description/share/robotiq_140_gripper_description/meshes
[4.292s] -- Up-to-date: /home/user/ros2_ws/install/robotiq_140_gripper_description/share/robotiq_140_gripper_description/meshes/robotiq_140_right_outer_knuckle.dae
[4.292s] -- Up-to-date: /home/user/ros2_ws/install/robotiq_140_gripper_description/share/robotiq_140_gripper_description/meshes/robotiq_140_left_outer_knuckle.dae
[4.293s] -- Up-to-date: /home/user/ros2_ws/install/robotiq_140_gripper_description/share/robotiq_140_gripper_description/meshes/robotiq_140_left_outer_finger.dae
[4.293s] -- Up-to-date: /home/user/ros2_ws/install/robotiq_140_gripper_description/share/robotiq_140_gripper_description/meshes/robotiq_140_right_inner_finger.dae
[4.293s] -- Up-to-date: /home/user/ros2_ws/install/robotiq_140_gripper_description/share/robotiq_140_gripper_description/meshes/robotiq_140_right_outer_finger.dae
[4.293s] -- Up-to-date: /home/user/ros2_ws/install/robotiq_140_gripper_description/share/robotiq_140_gripper_description/meshes/GRIPPER_base_axis.dae
[4.293s] -- Up-to-date: /home/user/ros2_ws/install/robotiq_140_gripper_description/share/robotiq_140_gripper_description/meshes/robotiq_140_left_inner_finger.dae
[4.294s] -- Up-to-date: /home/user/ros2_ws/install/robotiq_140_gripper_description/share/robotiq_140_gripper_description/meshes/robotiq_140_left_inner_knuckle.dae
[4.294s] -- Up-to-date: /home/user/ros2_ws/install/robotiq_140_gripper_description/share/robotiq_140_gripper_description/meshes/robotiq_140_right_inner_knuckle.dae
[4.294s] -- Up-to-date: /home/user/ros2_ws/install/robotiq_140_gripper_description/share/robotiq_140_gripper_description/urdf
[4.294s] -- Up-to-date: /home/user/ros2_ws/install/robotiq_140_gripper_description/share/robotiq_140_gripper_description/urdf/robotiq_140_world.urdf.xacro
[4.294s] -- Up-to-date: /home/user/ros2_ws/install/robotiq_140_gripper_description/share/robotiq_140_gripper_description/urdf/robotiq_140.urdf
[4.294s] -- Up-to-date: /home/user/ros2_ws/install/robotiq_140_gripper_description/share/robotiq_140_gripper_description/urdf/robotiq_140.urdf.xacro
[4.295s] -- Up-to-date: /home/user/ros2_ws/install/robotiq_140_gripper_description/share/robotiq_140_gripper_description/rviz
[4.295s] -- Up-to-date: /home/user/ros2_ws/install/robotiq_140_gripper_description/share/robotiq_140_gripper_description/rviz/visualization.rviz
[4.304s] -- Up-to-date: /home/user/ros2_ws/install/robotiq_140_gripper_description/share/ament_index/resource_index/package_run_dependencies/robotiq_140_gripper_description
[4.305s] -- Installing: /home/user/ros2_ws/install/robotiq_140_gripper_description/share/ament_index/resource_index/parent_prefix_path/robotiq_140_gripper_description
[4.306s] -- Installing: /home/user/ros2_ws/install/robotiq_140_gripper_description/share/robotiq_140_gripper_description/environment/ament_prefix_path.sh
[4.306s] -- Installing: /home/user/ros2_ws/install/robotiq_140_gripper_description/share/robotiq_140_gripper_description/environment/ament_prefix_path.dsv
[4.306s] -- Installing: /home/user/ros2_ws/install/robotiq_140_gripper_description/share/robotiq_140_gripper_description/environment/path.sh
[4.307s] -- Installing: /home/user/ros2_ws/install/robotiq_140_gripper_description/share/robotiq_140_gripper_description/environment/path.dsv
[4.307s] -- Installing: /home/user/ros2_ws/install/robotiq_140_gripper_description/share/robotiq_140_gripper_description/local_setup.bash
[4.307s] -- Installing: /home/user/ros2_ws/install/robotiq_140_gripper_description/share/robotiq_140_gripper_description/local_setup.sh
[4.308s] -- Installing: /home/user/ros2_ws/install/robotiq_140_gripper_description/share/robotiq_140_gripper_description/local_setup.zsh
[4.308s] -- Installing: /home/user/ros2_ws/install/robotiq_140_gripper_description/share/robotiq_140_gripper_description/local_setup.dsv
[4.309s] -- Installing: /home/user/ros2_ws/install/robotiq_140_gripper_description/share/robotiq_140_gripper_description/package.dsv
[4.316s] -- Up-to-date: /home/user/ros2_ws/install/robotiq_140_gripper_description/share/ament_index/resource_index/packages/robotiq_140_gripper_description
[4.316s] -- Installing: /home/user/ros2_ws/install/robotiq_140_gripper_description/share/robotiq_140_gripper_description/cmake/ament_cmake_export_dependencies-extras.cmake
[4.316s] -- Up-to-date: /home/user/ros2_ws/install/robotiq_140_gripper_description/share/robotiq_140_gripper_description/cmake/robotiq_140_gripper_descriptionConfig.cmake
[4.317s] -- Up-to-date: /home/user/ros2_ws/install/robotiq_140_gripper_description/share/robotiq_140_gripper_description/cmake/robotiq_140_gripper_descriptionConfig-version.cmake
[4.317s] -- Up-to-date: /home/user/ros2_ws/install/robotiq_140_gripper_description/share/robotiq_140_gripper_description/package.xml
[4.318s] Invoked command in '/home/user/ros2_ws/build/robotiq_140_gripper_description' returned '0': CMAKE_PREFIX_PATH=${CMAKE_PREFIX_PATH}:/opt/ros/foxy _=/usr/bin/env /usr/bin/cmake --install /home/user/ros2_ws/build/robotiq_140_gripper_description
