[0.000000] (-) TimerEvent: {}
[0.065514] (-) JobUnselected: {'identifier': 'control_msgs'}
[0.065644] (-) JobUnselected: {'identifier': 'gripper_minimal_service'}
[0.065717] (-) JobUnselected: {'identifier': 'gripper_minimal_subscriber'}
[0.065767] (-) JobUnselected: {'identifier': 'hans_modular_gazebo'}
[0.065813] (-) JobUnselected: {'identifier': 'hans_t30_description'}
[0.065859] (-) JobUnselected: {'identifier': 'hans_t49_description'}
[0.065903] (-) JobUnselected: {'identifier': 'hans_t9_4_description'}
[0.065947] (-) JobUnselected: {'identifier': 'hrim_actuator_gripper_msgs'}
[0.065990] (-) JobUnselected: {'identifier': 'hrim_actuator_gripper_srvs'}
[0.066033] (-) JobUnselected: {'identifier': 'hrim_actuator_rotaryservo_actions'}
[0.066076] (-) JobUnselected: {'identifier': 'hrim_actuator_rotaryservo_msgs'}
[0.066120] (-) JobUnselected: {'identifier': 'hrim_actuator_rotaryservo_srvs'}
[0.066163] (-) JobUnselected: {'identifier': 'hrim_generic_msgs'}
[0.066206] (-) JobUnselected: {'identifier': 'hrim_generic_srvs'}
[0.066250] (-) JobUnselected: {'identifier': 'hros_cognition_mara_components'}
[0.066313] (-) JobUnselected: {'identifier': 'individual_trajectories_bridge'}
[0.066359] (-) JobUnselected: {'identifier': 'mara_bringup'}
[0.066403] (-) JobUnselected: {'identifier': 'mara_contact_publisher'}
[0.066447] (-) JobUnselected: {'identifier': 'mara_description'}
[0.066516] (-) JobUnselected: {'identifier': 'mara_gazebo'}
[0.066562] (-) JobUnselected: {'identifier': 'mara_gazebo_plugins'}
[0.066602] (-) JobUnselected: {'identifier': 'mara_minimal_publisher'}
[0.066638] (-) JobUnselected: {'identifier': 'mara_minimal_subscriber'}
[0.066672] (-) JobUnselected: {'identifier': 'mara_minimal_trajectory_action'}
[0.066707] (-) JobUnselected: {'identifier': 'mara_utils_scripts'}
[0.066743] (-) JobUnselected: {'identifier': 'robotiq_140_gripper_description'}
[0.066787] (-) JobUnselected: {'identifier': 'robotiq_85_gripper_description'}
[0.066830] (-) JobUnselected: {'identifier': 'robotiq_gazebo'}
[0.066873] (-) JobUnselected: {'identifier': 'robotiq_gripper_gazebo_plugins'}
[0.066916] (-) JobUnselected: {'identifier': 'robotiq_hande_gripper_description'}
[0.066966] (ldmk_package) JobQueued: {'identifier': 'ldmk_package', 'dependencies': OrderedDict([('hrim_actuator_rotaryservo_msgs', '/home/user/ros2_ws/install/hrim_actuator_rotaryservo_msgs')])}
[0.067027] (ldmk_package) JobStarted: {'identifier': 'ldmk_package'}
[0.099999] (-) TimerEvent: {}
[0.200635] (-) TimerEvent: {}
[0.303187] (-) TimerEvent: {}
[0.403639] (-) TimerEvent: {}
[0.504106] (-) TimerEvent: {}
[0.604529] (-) TimerEvent: {}
[0.705018] (-) TimerEvent: {}
[0.809044] (-) TimerEvent: {}
[0.909471] (-) TimerEvent: {}
[1.009868] (-) TimerEvent: {}
[1.110298] (-) TimerEvent: {}
[1.210712] (-) TimerEvent: {}
[1.312070] (ldmk_package) StderrLine: {'line': b'Traceback (most recent call last):\n  File "/usr/lib/python3/dist-packages/colcon_core/executor/__init__.py", line 91, in __call__\n    rc = await self.task(*args, **kwargs)\n  File "/usr/lib/python3/dist-packages/colcon_core/task/__init__.py", line 93, in __call__\n    return await task_method(*args, **kwargs)\n  File "/usr/lib/python3/dist-packages/colcon_ros/task/ament_python/build.py", line 51, in build\n    setup_py_data = get_setup_data(self.context.pkg, env)\n  File "/usr/lib/python3/dist-packages/colcon_core/task/python/__init__.py", line 20, in get_setup_data\n    return dict(pkg.metadata[key](env))\n  File "/usr/lib/python3/dist-packages/colcon_ros/package_identification/ros.py", line 129, in getter\n    return get_setup_information(\n  File "/usr/lib/python3/dist-packages/colcon_python_setup_py/package_identification/python_setup_py.py", line 241, in get_setup_information\n    _setup_information_cache[hashable_env] = _get_setup_information(\n  File "/usr/lib/python3/dist-packages/colcon_python_setup_py/package_identification/python_setup_py.py", line 281, in _get_setup_information\n    result = subprocess.run(\n  File "/usr/lib/python3.8/subprocess.py", line 516, in run\n    raise CalledProcessError(retcode, process.args,\nsubprocess.CalledProcessError: Command \'[\'/usr/bin/python3\', \'-c\', "import sys;from setuptools.extern.packaging.specifiers import SpecifierSet;from distutils.core import run_setup;dist = run_setup(    \'setup.py\', script_args=(\'--dry-run\',), stop_after=\'config\');skip_keys = (\'cmdclass\', \'distclass\', \'ext_modules\', \'metadata\');data = {    key: value for key, value in dist.__dict__.items()     if (        not key.startswith(\'_\') and         not callable(value) and         key not in skip_keys and         key not in dist.display_option_names    )};data[\'metadata\'] = {    k: v for k, v in dist.metadata.__dict__.items()     if k not in (\'license_files\', \'provides_extras\')};sys.stdout.buffer.write(repr(data).encode(\'utf-8\'))"]\' returned non-zero exit status 1.\n'}
[1.313448] (-) TimerEvent: {}
[1.313673] (ldmk_package) JobEnded: {'identifier': 'ldmk_package', 'rc': 1}
[1.328843] (-) EventReactorShutdown: {}
