[0.226s] Invoking command in '/home/user/ros2_ws/build/robotiq_140_gripper_description': CMAKE_PREFIX_PATH=/opt/ros/foxy:${CMAKE_PREFIX_PATH} _=/usr/bin/env /usr/bin/cmake /home/user/ros2_ws/src/ros2_mara/robotiq_modular_gripper/robotiq_140_gripper_description -DCMAKE_INSTALL_PREFIX=/home/user/ros2_ws/install/robotiq_140_gripper_description
[0.491s] -- The C compiler identification is GNU 9.3.0
[0.734s] -- The CXX compiler identification is GNU 9.3.0
[0.744s] -- Check for working C compiler: /usr/bin/cc
[1.129s] -- Check for working C compiler: /usr/bin/cc -- works
[1.130s] -- Detecting C compiler ABI info
[1.444s] -- Detecting C compiler ABI info - done
[1.476s] -- Detecting C compile features
[1.478s] -- Detecting C compile features - done
[1.494s] -- Check for working CXX compiler: /usr/bin/c++
[2.086s] -- Check for working CXX compiler: /usr/bin/c++ -- works
[2.087s] -- Detecting CXX compiler ABI info
[2.547s] -- Detecting CXX compiler ABI info - done
[2.678s] -- Detecting CXX compile features
[2.680s] -- Detecting CXX compile features - done
[2.686s] -- Found ament_cmake: 0.9.7 (/opt/ros/foxy/share/ament_cmake/cmake)
[2.845s] -- Found PythonInterp: /usr/bin/python3 (found suitable version "3.8.5", minimum required is "3") 
[2.845s] -- Using PYTHON_EXECUTABLE: /usr/bin/python3
[3.769s] -- Found urdf: 2.4.0 (/opt/ros/foxy/share/urdf/cmake)
[4.208s] -- Configuring done
[4.213s] -- Generating done
[4.223s] -- Build files have been written to: /home/user/ros2_ws/build/robotiq_140_gripper_description
[4.255s] Invoked command in '/home/user/ros2_ws/build/robotiq_140_gripper_description' returned '0': CMAKE_PREFIX_PATH=/opt/ros/foxy:${CMAKE_PREFIX_PATH} _=/usr/bin/env /usr/bin/cmake /home/user/ros2_ws/src/ros2_mara/robotiq_modular_gripper/robotiq_140_gripper_description -DCMAKE_INSTALL_PREFIX=/home/user/ros2_ws/install/robotiq_140_gripper_description
[4.258s] Invoking command in '/home/user/ros2_ws/build/robotiq_140_gripper_description': CMAKE_PREFIX_PATH=/opt/ros/foxy:${CMAKE_PREFIX_PATH} _=/usr/bin/env /usr/bin/cmake --build /home/user/ros2_ws/build/robotiq_140_gripper_description -- -j16 -l16
[4.397s] Invoked command in '/home/user/ros2_ws/build/robotiq_140_gripper_description' returned '0': CMAKE_PREFIX_PATH=/opt/ros/foxy:${CMAKE_PREFIX_PATH} _=/usr/bin/env /usr/bin/cmake --build /home/user/ros2_ws/build/robotiq_140_gripper_description -- -j16 -l16
[4.555s] Invoking command in '/home/user/ros2_ws/build/robotiq_140_gripper_description': CMAKE_PREFIX_PATH=/opt/ros/foxy:${CMAKE_PREFIX_PATH} _=/usr/bin/env /usr/bin/cmake --install /home/user/ros2_ws/build/robotiq_140_gripper_description
[4.591s] -- Install configuration: ""
[4.591s] -- Installing: /home/user/ros2_ws/install/robotiq_140_gripper_description/share/robotiq_140_gripper_description/meshes
[4.591s] -- Installing: /home/user/ros2_ws/install/robotiq_140_gripper_description/share/robotiq_140_gripper_description/meshes/robotiq_140_right_outer_knuckle.dae
[4.591s] -- Installing: /home/user/ros2_ws/install/robotiq_140_gripper_description/share/robotiq_140_gripper_description/meshes/robotiq_140_left_outer_knuckle.dae
[4.592s] -- Installing: /home/user/ros2_ws/install/robotiq_140_gripper_description/share/robotiq_140_gripper_description/meshes/robotiq_140_left_outer_finger.dae
[4.592s] -- Installing: /home/user/ros2_ws/install/robotiq_140_gripper_description/share/robotiq_140_gripper_description/meshes/robotiq_140_right_inner_finger.dae
[4.592s] -- Installing: /home/user/ros2_ws/install/robotiq_140_gripper_description/share/robotiq_140_gripper_description/meshes/robotiq_140_right_outer_finger.dae
[4.593s] -- Installing: /home/user/ros2_ws/install/robotiq_140_gripper_description/share/robotiq_140_gripper_description/meshes/GRIPPER_base_axis.dae
[4.593s] -- Installing: /home/user/ros2_ws/install/robotiq_140_gripper_description/share/robotiq_140_gripper_description/meshes/robotiq_140_left_inner_finger.dae
[4.593s] -- Installing: /home/user/ros2_ws/install/robotiq_140_gripper_description/share/robotiq_140_gripper_description/meshes/robotiq_140_left_inner_knuckle.dae
[4.593s] -- Installing: /home/user/ros2_ws/install/robotiq_140_gripper_description/share/robotiq_140_gripper_description/meshes/robotiq_140_right_inner_knuckle.dae
[4.593s] -- Installing: /home/user/ros2_ws/install/robotiq_140_gripper_description/share/robotiq_140_gripper_description/urdf
[4.593s] -- Installing: /home/user/ros2_ws/install/robotiq_140_gripper_description/share/robotiq_140_gripper_description/urdf/robotiq_140_world.urdf.xacro
[4.593s] -- Installing: /home/user/ros2_ws/install/robotiq_140_gripper_description/share/robotiq_140_gripper_description/urdf/robotiq_140.urdf
[4.594s] -- Installing: /home/user/ros2_ws/install/robotiq_140_gripper_description/share/robotiq_140_gripper_description/urdf/robotiq_140.urdf.xacro
[4.594s] -- Installing: /home/user/ros2_ws/install/robotiq_140_gripper_description/share/robotiq_140_gripper_description/rviz
[4.594s] -- Installing: /home/user/ros2_ws/install/robotiq_140_gripper_description/share/robotiq_140_gripper_description/rviz/visualization.rviz
[4.594s] -- Installing: /home/user/ros2_ws/install/robotiq_140_gripper_description/share/ament_index/resource_index/package_run_dependencies/robotiq_140_gripper_description
[4.594s] -- Installing: /home/user/ros2_ws/install/robotiq_140_gripper_description/share/ament_index/resource_index/parent_prefix_path/robotiq_140_gripper_description
[4.594s] -- Installing: /home/user/ros2_ws/install/robotiq_140_gripper_description/share/robotiq_140_gripper_description/environment/ament_prefix_path.sh
[4.594s] -- Installing: /home/user/ros2_ws/install/robotiq_140_gripper_description/share/robotiq_140_gripper_description/environment/ament_prefix_path.dsv
[4.595s] -- Installing: /home/user/ros2_ws/install/robotiq_140_gripper_description/share/robotiq_140_gripper_description/environment/path.sh
[4.595s] -- Installing: /home/user/ros2_ws/install/robotiq_140_gripper_description/share/robotiq_140_gripper_description/environment/path.dsv
[4.595s] -- Installing: /home/user/ros2_ws/install/robotiq_140_gripper_description/share/robotiq_140_gripper_description/local_setup.bash
[4.597s] -- Installing: /home/user/ros2_ws/install/robotiq_140_gripper_description/share/robotiq_140_gripper_description/local_setup.sh
[4.597s] -- Installing: /home/user/ros2_ws/install/robotiq_140_gripper_description/share/robotiq_140_gripper_description/local_setup.zsh
[4.597s] -- Installing: /home/user/ros2_ws/install/robotiq_140_gripper_description/share/robotiq_140_gripper_description/local_setup.dsv
[4.597s] -- Installing: /home/user/ros2_ws/install/robotiq_140_gripper_description/share/robotiq_140_gripper_description/package.dsv
[4.598s] -- Installing: /home/user/ros2_ws/install/robotiq_140_gripper_description/share/ament_index/resource_index/packages/robotiq_140_gripper_description
[4.598s] -- Installing: /home/user/ros2_ws/install/robotiq_140_gripper_description/share/robotiq_140_gripper_description/cmake/ament_cmake_export_dependencies-extras.cmake
[4.598s] -- Installing: /home/user/ros2_ws/install/robotiq_140_gripper_description/share/robotiq_140_gripper_description/cmake/robotiq_140_gripper_descriptionConfig.cmake
[4.598s] -- Installing: /home/user/ros2_ws/install/robotiq_140_gripper_description/share/robotiq_140_gripper_description/cmake/robotiq_140_gripper_descriptionConfig-version.cmake
[4.598s] -- Installing: /home/user/ros2_ws/install/robotiq_140_gripper_description/share/robotiq_140_gripper_description/package.xml
[4.654s] Invoked command in '/home/user/ros2_ws/build/robotiq_140_gripper_description' returned '0': CMAKE_PREFIX_PATH=/opt/ros/foxy:${CMAKE_PREFIX_PATH} _=/usr/bin/env /usr/bin/cmake --install /home/user/ros2_ws/build/robotiq_140_gripper_description
