[0.303s] Invoking command in '/home/user/ros2_ws/build/hrim_generic_msgs': CMAKE_PREFIX_PATH=/opt/ros/foxy:${CMAKE_PREFIX_PATH} _=/usr/bin/env /usr/bin/cmake /home/user/ros2_ws/src/ros2_mara/HRIM/generated/generic/hrim_generic_msgs -DCMAKE_INSTALL_PREFIX=/home/user/ros2_ws/install/hrim_generic_msgs
[7.713s] -- The C compiler identification is GNU 9.3.0
[11.475s] -- The CXX compiler identification is GNU 9.3.0
[11.565s] -- Check for working C compiler: /usr/bin/cc
[12.182s] -- Check for working C compiler: /usr/bin/cc -- works
[12.183s] -- Detecting C compiler ABI info
[12.463s] -- Detecting C compiler ABI info - done
[12.488s] -- Detecting C compile features
[12.516s] -- Detecting C compile features - done
[12.523s] -- Check for working CXX compiler: /usr/bin/c++
[12.880s] -- Check for working CXX compiler: /usr/bin/c++ -- works
[12.882s] -- Detecting CXX compiler ABI info
[13.108s] -- Detecting CXX compiler ABI info - done
[13.128s] -- Detecting CXX compile features
[13.129s] -- Detecting CXX compile features - done
[13.132s] -- Found ament_cmake: 0.9.7 (/opt/ros/foxy/share/ament_cmake/cmake)
[13.210s] -- Found PythonInterp: /usr/bin/python3 (found suitable version "3.8.5", minimum required is "3") 
[13.211s] -- Using PYTHON_EXECUTABLE: /usr/bin/python3
[14.105s] -- Found rosidl_default_generators: 1.0.0 (/opt/ros/foxy/share/rosidl_default_generators/cmake)
[14.125s] -- Using all available rosidl_typesupport_c: rosidl_typesupport_fastrtps_c;rosidl_typesupport_introspection_c
[14.151s] -- Found rosidl_adapter: 1.1.0 (/opt/ros/foxy/share/rosidl_adapter/cmake)
[15.244s] -- Found OpenSSL: /usr/lib/x86_64-linux-gnu/libcrypto.so (found version "1.1.1f")  
[15.303s] -- Found FastRTPS: /opt/ros/foxy/include  
[15.517s] -- Using all available rosidl_typesupport_cpp: rosidl_typesupport_fastrtps_cpp;rosidl_typesupport_introspection_cpp
[15.577s] -- Found std_msgs: 2.0.3 (/opt/ros/foxy/share/std_msgs/cmake)
[15.705s] -- Found PythonInterp: /usr/bin/python3 (found version "3.8.5") 
[16.041s] -- Found ament_cmake_ros: 0.9.0 (/opt/ros/foxy/share/ament_cmake_ros/cmake)
[16.445s] -- Using all available rosidl_typesupport_c: rosidl_typesupport_fastrtps_c;rosidl_typesupport_introspection_c
[16.557s] -- Using all available rosidl_typesupport_cpp: rosidl_typesupport_fastrtps_cpp;rosidl_typesupport_introspection_cpp
[16.621s] -- Found PythonInterp: /usr/bin/python3 (found suitable version "3.8.5", minimum required is "3.5") 
[16.629s] -- Found python_cmake_module: 0.8.0 (/opt/ros/foxy/share/python_cmake_module/cmake)
[16.692s] -- Found PythonLibs: /usr/lib/x86_64-linux-gnu/libpython3.8.so (found suitable version "3.8.5", minimum required is "3.5") 
[16.692s] -- Using PYTHON_EXECUTABLE: /usr/bin/python3
[16.693s] -- Using PYTHON_INCLUDE_DIRS: /usr/include/python3.8
[16.693s] -- Using PYTHON_LIBRARIES: /usr/lib/x86_64-linux-gnu/libpython3.8.so
[16.726s] -- Found PythonExtra: .so  
[16.839s] -- Configuring done
[17.349s] -- Generating done
[17.357s] -- Build files have been written to: /home/user/ros2_ws/build/hrim_generic_msgs
[17.385s] Invoked command in '/home/user/ros2_ws/build/hrim_generic_msgs' returned '0': CMAKE_PREFIX_PATH=/opt/ros/foxy:${CMAKE_PREFIX_PATH} _=/usr/bin/env /usr/bin/cmake /home/user/ros2_ws/src/ros2_mara/HRIM/generated/generic/hrim_generic_msgs -DCMAKE_INSTALL_PREFIX=/home/user/ros2_ws/install/hrim_generic_msgs
[17.387s] Invoking command in '/home/user/ros2_ws/build/hrim_generic_msgs': CMAKE_PREFIX_PATH=/opt/ros/foxy:${CMAKE_PREFIX_PATH} _=/usr/bin/env /usr/bin/cmake --build /home/user/ros2_ws/build/hrim_generic_msgs -- -j16 -l16
[17.526s] [  2%] [34m[1mGenerating C code for ROS interfaces[0m
[17.533s] [35m[1mScanning dependencies of target hrim_generic_msgs__cpp[0m
[17.596s] [  4%] [34m[1mGenerating C++ code for ROS interfaces[0m
[19.423s] [  4%] Built target hrim_generic_msgs__cpp
[19.512s] [  6%] [34m[1mGenerating C++ type support dispatch for ROS interfaces[0m
[19.554s] [35m[1mScanning dependencies of target hrim_generic_msgs__rosidl_generator_c[0m
[19.576s] [  8%] [34m[1mGenerating C++ type support for eProsima Fast-RTPS[0m
[19.579s] [ 10%] [34m[1mGenerating C++ introspection for ROS interfaces[0m
[19.867s] [ 12%] [32mBuilding C object CMakeFiles/hrim_generic_msgs__rosidl_generator_c.dir/rosidl_generator_c/hrim_generic_msgs/msg/detail/status__functions.c.o[0m
[19.867s] [ 14%] [32mBuilding C object CMakeFiles/hrim_generic_msgs__rosidl_generator_c.dir/rosidl_generator_c/hrim_generic_msgs/msg/detail/power__functions.c.o[0m
[19.912s] [ 17%] [32mBuilding C object CMakeFiles/hrim_generic_msgs__rosidl_generator_c.dir/rosidl_generator_c/hrim_generic_msgs/msg/detail/state_communication__functions.c.o[0m
[20.219s] [ 19%] [32m[1mLinking C shared library libhrim_generic_msgs__rosidl_generator_c.so[0m
[20.531s] [ 19%] Built target hrim_generic_msgs__rosidl_generator_c
[21.435s] [35m[1mScanning dependencies of target hrim_generic_msgs__rosidl_typesupport_fastrtps_cpp[0m
[21.520s] [ 21%] [32mBuilding CXX object CMakeFiles/hrim_generic_msgs__rosidl_typesupport_fastrtps_cpp.dir/rosidl_typesupport_fastrtps_cpp/hrim_generic_msgs/msg/detail/dds_fastrtps/power__type_support.cpp.o[0m
[21.918s] [35m[1mScanning dependencies of target hrim_generic_msgs__rosidl_typesupport_cpp[0m
[21.961s] [ 23%] [32mBuilding CXX object CMakeFiles/hrim_generic_msgs__rosidl_typesupport_cpp.dir/rosidl_typesupport_cpp/hrim_generic_msgs/msg/power__type_support.cpp.o[0m
[22.035s] [35m[1mScanning dependencies of target hrim_generic_msgs__rosidl_typesupport_introspection_cpp[0m
[22.085s] [ 25%] [32mBuilding CXX object CMakeFiles/hrim_generic_msgs__rosidl_typesupport_introspection_cpp.dir/rosidl_typesupport_introspection_cpp/hrim_generic_msgs/msg/detail/power__type_support.cpp.o[0m
[22.982s] [ 27%] [32mBuilding CXX object CMakeFiles/hrim_generic_msgs__rosidl_typesupport_cpp.dir/rosidl_typesupport_cpp/hrim_generic_msgs/msg/status__type_support.cpp.o[0m
[23.269s] [ 29%] [32mBuilding CXX object CMakeFiles/hrim_generic_msgs__rosidl_typesupport_introspection_cpp.dir/rosidl_typesupport_introspection_cpp/hrim_generic_msgs/msg/detail/status__type_support.cpp.o[0m
[23.745s] [ 31%] [32mBuilding CXX object CMakeFiles/hrim_generic_msgs__rosidl_typesupport_cpp.dir/rosidl_typesupport_cpp/hrim_generic_msgs/msg/state_communication__type_support.cpp.o[0m
[23.831s] [ 34%] [32mBuilding CXX object CMakeFiles/hrim_generic_msgs__rosidl_typesupport_fastrtps_cpp.dir/rosidl_typesupport_fastrtps_cpp/hrim_generic_msgs/msg/detail/dds_fastrtps/status__type_support.cpp.o[0m
[24.095s] [ 36%] [32mBuilding CXX object CMakeFiles/hrim_generic_msgs__rosidl_typesupport_introspection_cpp.dir/rosidl_typesupport_introspection_cpp/hrim_generic_msgs/msg/detail/state_communication__type_support.cpp.o[0m
[24.487s] [ 38%] [32m[1mLinking CXX shared library libhrim_generic_msgs__rosidl_typesupport_cpp.so[0m
[24.672s] [ 38%] Built target hrim_generic_msgs__rosidl_typesupport_cpp
[24.856s] [ 40%] [32m[1mLinking CXX shared library libhrim_generic_msgs__rosidl_typesupport_introspection_cpp.so[0m
[25.090s] [ 40%] Built target hrim_generic_msgs__rosidl_typesupport_introspection_cpp
[25.397s] [ 42%] [32mBuilding CXX object CMakeFiles/hrim_generic_msgs__rosidl_typesupport_fastrtps_cpp.dir/rosidl_typesupport_fastrtps_cpp/hrim_generic_msgs/msg/detail/dds_fastrtps/state_communication__type_support.cpp.o[0m
[26.187s] [ 44%] [32m[1mLinking CXX shared library libhrim_generic_msgs__rosidl_typesupport_fastrtps_cpp.so[0m
[26.367s] [ 44%] Built target hrim_generic_msgs__rosidl_typesupport_fastrtps_cpp
[26.411s] [ 46%] [34m[1mGenerating C type support dispatch for ROS interfaces[0m
[27.404s] [35m[1mScanning dependencies of target hrim_generic_msgs__rosidl_typesupport_c[0m
[27.441s] [ 48%] [32mBuilding CXX object CMakeFiles/hrim_generic_msgs__rosidl_typesupport_c.dir/rosidl_typesupport_c/hrim_generic_msgs/msg/power__type_support.cpp.o[0m
[27.520s] [ 51%] [32mBuilding CXX object CMakeFiles/hrim_generic_msgs__rosidl_typesupport_c.dir/rosidl_typesupport_c/hrim_generic_msgs/msg/status__type_support.cpp.o[0m
[27.570s] [ 53%] [32mBuilding CXX object CMakeFiles/hrim_generic_msgs__rosidl_typesupport_c.dir/rosidl_typesupport_c/hrim_generic_msgs/msg/state_communication__type_support.cpp.o[0m
[27.623s] [ 55%] [32m[1mLinking CXX shared library libhrim_generic_msgs__rosidl_typesupport_c.so[0m
[27.709s] [ 55%] Built target hrim_generic_msgs__rosidl_typesupport_c
[27.735s] [ 57%] [34m[1mGenerating C type support for eProsima Fast-RTPS[0m
[28.870s] [35m[1mScanning dependencies of target hrim_generic_msgs__rosidl_typesupport_fastrtps_c[0m
[28.910s] [ 59%] [32mBuilding CXX object CMakeFiles/hrim_generic_msgs__rosidl_typesupport_fastrtps_c.dir/rosidl_typesupport_fastrtps_c/hrim_generic_msgs/msg/detail/power__type_support_c.cpp.o[0m
[29.501s] [ 61%] [32mBuilding CXX object CMakeFiles/hrim_generic_msgs__rosidl_typesupport_fastrtps_c.dir/rosidl_typesupport_fastrtps_c/hrim_generic_msgs/msg/detail/status__type_support_c.cpp.o[0m
[30.210s] [ 63%] [32mBuilding CXX object CMakeFiles/hrim_generic_msgs__rosidl_typesupport_fastrtps_c.dir/rosidl_typesupport_fastrtps_c/hrim_generic_msgs/msg/detail/state_communication__type_support_c.cpp.o[0m
[30.819s] [ 65%] [32m[1mLinking CXX shared library libhrim_generic_msgs__rosidl_typesupport_fastrtps_c.so[0m
[30.989s] [ 65%] Built target hrim_generic_msgs__rosidl_typesupport_fastrtps_c
[31.010s] [ 68%] [34m[1mGenerating C introspection for ROS interfaces[0m
[32.146s] [35m[1mScanning dependencies of target hrim_generic_msgs__rosidl_typesupport_introspection_c[0m
[32.182s] [ 70%] [32mBuilding C object CMakeFiles/hrim_generic_msgs__rosidl_typesupport_introspection_c.dir/rosidl_typesupport_introspection_c/hrim_generic_msgs/msg/detail/power__type_support.c.o[0m
[32.269s] [ 72%] [32mBuilding C object CMakeFiles/hrim_generic_msgs__rosidl_typesupport_introspection_c.dir/rosidl_typesupport_introspection_c/hrim_generic_msgs/msg/detail/status__type_support.c.o[0m
[32.346s] [ 74%] [32mBuilding C object CMakeFiles/hrim_generic_msgs__rosidl_typesupport_introspection_c.dir/rosidl_typesupport_introspection_c/hrim_generic_msgs/msg/detail/state_communication__type_support.c.o[0m
[32.400s] [ 76%] [32m[1mLinking C shared library libhrim_generic_msgs__rosidl_typesupport_introspection_c.so[0m
[32.463s] [ 76%] Built target hrim_generic_msgs__rosidl_typesupport_introspection_c
[32.488s] [35m[1mScanning dependencies of target hrim_generic_msgs[0m
[32.517s] [ 76%] Built target hrim_generic_msgs
[32.536s] [35m[1mScanning dependencies of target hrim_generic_msgs__py[0m
[32.561s] [ 78%] [34m[1mGenerating Python code for ROS interfaces[0m
[34.980s] [ 78%] Built target hrim_generic_msgs__py
[35.001s] [35m[1mScanning dependencies of target hrim_generic_msgs__python[0m
[35.040s] [ 80%] [32mBuilding C object CMakeFiles/hrim_generic_msgs__python.dir/rosidl_generator_py/hrim_generic_msgs/msg/_power_s.c.o[0m
[35.596s] [ 82%] [32mBuilding C object CMakeFiles/hrim_generic_msgs__python.dir/rosidl_generator_py/hrim_generic_msgs/msg/_status_s.c.o[0m
[35.825s] [ 85%] [32mBuilding C object CMakeFiles/hrim_generic_msgs__python.dir/rosidl_generator_py/hrim_generic_msgs/msg/_state_communication_s.c.o[0m
[36.021s] [ 87%] [32m[1mLinking C shared library rosidl_generator_py/hrim_generic_msgs/libhrim_generic_msgs__python.so[0m
[36.146s] [ 87%] Built target hrim_generic_msgs__python
[36.168s] [35m[1mScanning dependencies of target hrim_generic_msgs__rosidl_typesupport_c__pyext[0m
[36.208s] [ 89%] [32mBuilding C object CMakeFiles/hrim_generic_msgs__rosidl_typesupport_c__pyext.dir/rosidl_generator_py/hrim_generic_msgs/_hrim_generic_msgs_s.ep.rosidl_typesupport_c.c.o[0m
[36.405s] [ 91%] [32m[1mLinking C shared library rosidl_generator_py/hrim_generic_msgs/hrim_generic_msgs_s__rosidl_typesupport_c.cpython-38-x86_64-linux-gnu.so[0m
[36.514s] [ 91%] Built target hrim_generic_msgs__rosidl_typesupport_c__pyext
[36.537s] [35m[1mScanning dependencies of target hrim_generic_msgs__rosidl_typesupport_fastrtps_c__pyext[0m
[36.597s] [ 93%] [32mBuilding C object CMakeFiles/hrim_generic_msgs__rosidl_typesupport_fastrtps_c__pyext.dir/rosidl_generator_py/hrim_generic_msgs/_hrim_generic_msgs_s.ep.rosidl_typesupport_fastrtps_c.c.o[0m
[36.803s] [ 95%] [32m[1mLinking CXX shared library rosidl_generator_py/hrim_generic_msgs/hrim_generic_msgs_s__rosidl_typesupport_fastrtps_c.cpython-38-x86_64-linux-gnu.so[0m
[36.943s] [ 95%] Built target hrim_generic_msgs__rosidl_typesupport_fastrtps_c__pyext
[36.965s] [35m[1mScanning dependencies of target hrim_generic_msgs__rosidl_typesupport_introspection_c__pyext[0m
[37.013s] [ 97%] [32mBuilding C object CMakeFiles/hrim_generic_msgs__rosidl_typesupport_introspection_c__pyext.dir/rosidl_generator_py/hrim_generic_msgs/_hrim_generic_msgs_s.ep.rosidl_typesupport_introspection_c.c.o[0m
[37.170s] [100%] [32m[1mLinking C shared library rosidl_generator_py/hrim_generic_msgs/hrim_generic_msgs_s__rosidl_typesupport_introspection_c.cpython-38-x86_64-linux-gnu.so[0m
[37.282s] [100%] Built target hrim_generic_msgs__rosidl_typesupport_introspection_c__pyext
[37.302s] Invoked command in '/home/user/ros2_ws/build/hrim_generic_msgs' returned '0': CMAKE_PREFIX_PATH=/opt/ros/foxy:${CMAKE_PREFIX_PATH} _=/usr/bin/env /usr/bin/cmake --build /home/user/ros2_ws/build/hrim_generic_msgs -- -j16 -l16
[37.844s] Invoking command in '/home/user/ros2_ws/build/hrim_generic_msgs': CMAKE_PREFIX_PATH=/opt/ros/foxy:${CMAKE_PREFIX_PATH} _=/usr/bin/env /usr/bin/cmake --install /home/user/ros2_ws/build/hrim_generic_msgs
[37.858s] -- Install configuration: ""
[37.858s] -- Installing: /home/user/ros2_ws/install/hrim_generic_msgs/share/ament_index/resource_index/rosidl_interfaces/hrim_generic_msgs
[37.858s] -- Installing: /home/user/ros2_ws/install/hrim_generic_msgs/include/hrim_generic_msgs
[37.858s] -- Installing: /home/user/ros2_ws/install/hrim_generic_msgs/include/hrim_generic_msgs/msg
[37.858s] -- Installing: /home/user/ros2_ws/install/hrim_generic_msgs/include/hrim_generic_msgs/msg/detail
[37.859s] -- Installing: /home/user/ros2_ws/install/hrim_generic_msgs/include/hrim_generic_msgs/msg/detail/status__struct.h
[37.860s] -- Installing: /home/user/ros2_ws/install/hrim_generic_msgs/include/hrim_generic_msgs/msg/detail/status__functions.c
[37.860s] -- Installing: /home/user/ros2_ws/install/hrim_generic_msgs/include/hrim_generic_msgs/msg/detail/status__type_support.h
[37.861s] -- Installing: /home/user/ros2_ws/install/hrim_generic_msgs/include/hrim_generic_msgs/msg/detail/power__struct.h
[37.873s] -- Installing: /home/user/ros2_ws/install/hrim_generic_msgs/include/hrim_generic_msgs/msg/detail/power__functions.c
[37.874s] -- Installing: /home/user/ros2_ws/install/hrim_generic_msgs/include/hrim_generic_msgs/msg/detail/state_communication__type_support.h
[37.874s] -- Installing: /home/user/ros2_ws/install/hrim_generic_msgs/include/hrim_generic_msgs/msg/detail/status__functions.h
[37.874s] -- Installing: /home/user/ros2_ws/install/hrim_generic_msgs/include/hrim_generic_msgs/msg/detail/state_communication__functions.c
[37.874s] -- Installing: /home/user/ros2_ws/install/hrim_generic_msgs/include/hrim_generic_msgs/msg/detail/power__type_support.h
[37.875s] -- Installing: /home/user/ros2_ws/install/hrim_generic_msgs/include/hrim_generic_msgs/msg/detail/state_communication__functions.h
[37.875s] -- Installing: /home/user/ros2_ws/install/hrim_generic_msgs/include/hrim_generic_msgs/msg/detail/state_communication__struct.h
[37.875s] -- Installing: /home/user/ros2_ws/install/hrim_generic_msgs/include/hrim_generic_msgs/msg/detail/power__functions.h
[37.876s] -- Installing: /home/user/ros2_ws/install/hrim_generic_msgs/include/hrim_generic_msgs/msg/rosidl_generator_c__visibility_control.h
[37.876s] -- Installing: /home/user/ros2_ws/install/hrim_generic_msgs/include/hrim_generic_msgs/msg/state_communication.h
[37.876s] -- Installing: /home/user/ros2_ws/install/hrim_generic_msgs/include/hrim_generic_msgs/msg/power.h
[37.876s] -- Installing: /home/user/ros2_ws/install/hrim_generic_msgs/include/hrim_generic_msgs/msg/status.h
[37.876s] -- Installing: /home/user/ros2_ws/install/hrim_generic_msgs/share/hrim_generic_msgs/environment/library_path.sh
[37.877s] -- Installing: /home/user/ros2_ws/install/hrim_generic_msgs/share/hrim_generic_msgs/environment/library_path.dsv
[37.877s] -- Installing: /home/user/ros2_ws/install/hrim_generic_msgs/lib/libhrim_generic_msgs__rosidl_generator_c.so
[37.877s] -- Set runtime path of "/home/user/ros2_ws/install/hrim_generic_msgs/lib/libhrim_generic_msgs__rosidl_generator_c.so" to ""
[37.877s] -- Up-to-date: /home/user/ros2_ws/install/hrim_generic_msgs/include/hrim_generic_msgs
[37.877s] -- Up-to-date: /home/user/ros2_ws/install/hrim_generic_msgs/include/hrim_generic_msgs/msg
[37.877s] -- Up-to-date: /home/user/ros2_ws/install/hrim_generic_msgs/include/hrim_generic_msgs/msg/detail
[37.877s] -- Installing: /home/user/ros2_ws/install/hrim_generic_msgs/include/hrim_generic_msgs/msg/detail/status__rosidl_typesupport_fastrtps_c.h
[37.878s] -- Installing: /home/user/ros2_ws/install/hrim_generic_msgs/include/hrim_generic_msgs/msg/detail/power__rosidl_typesupport_fastrtps_c.h
[37.878s] -- Installing: /home/user/ros2_ws/install/hrim_generic_msgs/include/hrim_generic_msgs/msg/detail/state_communication__rosidl_typesupport_fastrtps_c.h
[37.878s] -- Installing: /home/user/ros2_ws/install/hrim_generic_msgs/include/hrim_generic_msgs/msg/rosidl_typesupport_fastrtps_c__visibility_control.h
[37.878s] -- Installing: /home/user/ros2_ws/install/hrim_generic_msgs/lib/libhrim_generic_msgs__rosidl_typesupport_fastrtps_c.so
[37.878s] -- Set runtime path of "/home/user/ros2_ws/install/hrim_generic_msgs/lib/libhrim_generic_msgs__rosidl_typesupport_fastrtps_c.so" to ""
[37.878s] -- Up-to-date: /home/user/ros2_ws/install/hrim_generic_msgs/include/hrim_generic_msgs
[37.878s] -- Up-to-date: /home/user/ros2_ws/install/hrim_generic_msgs/include/hrim_generic_msgs/msg
[37.879s] -- Up-to-date: /home/user/ros2_ws/install/hrim_generic_msgs/include/hrim_generic_msgs/msg/detail
[37.879s] -- Installing: /home/user/ros2_ws/install/hrim_generic_msgs/include/hrim_generic_msgs/msg/detail/power__rosidl_typesupport_fastrtps_cpp.hpp
[37.879s] -- Installing: /home/user/ros2_ws/install/hrim_generic_msgs/include/hrim_generic_msgs/msg/detail/dds_fastrtps
[37.891s] -- Installing: /home/user/ros2_ws/install/hrim_generic_msgs/include/hrim_generic_msgs/msg/detail/state_communication__rosidl_typesupport_fastrtps_cpp.hpp
[37.891s] -- Installing: /home/user/ros2_ws/install/hrim_generic_msgs/include/hrim_generic_msgs/msg/detail/status__rosidl_typesupport_fastrtps_cpp.hpp
[37.891s] -- Installing: /home/user/ros2_ws/install/hrim_generic_msgs/include/hrim_generic_msgs/msg/rosidl_typesupport_fastrtps_cpp__visibility_control.h
[37.891s] -- Installing: /home/user/ros2_ws/install/hrim_generic_msgs/lib/libhrim_generic_msgs__rosidl_typesupport_fastrtps_cpp.so
[37.892s] -- Set runtime path of "/home/user/ros2_ws/install/hrim_generic_msgs/lib/libhrim_generic_msgs__rosidl_typesupport_fastrtps_cpp.so" to ""
[37.892s] -- Up-to-date: /home/user/ros2_ws/install/hrim_generic_msgs/include/hrim_generic_msgs
[37.892s] -- Up-to-date: /home/user/ros2_ws/install/hrim_generic_msgs/include/hrim_generic_msgs/msg
[37.892s] -- Up-to-date: /home/user/ros2_ws/install/hrim_generic_msgs/include/hrim_generic_msgs/msg/detail
[37.892s] -- Installing: /home/user/ros2_ws/install/hrim_generic_msgs/include/hrim_generic_msgs/msg/detail/status__type_support.c
[37.892s] -- Installing: /home/user/ros2_ws/install/hrim_generic_msgs/include/hrim_generic_msgs/msg/detail/power__type_support.c
[37.892s] -- Installing: /home/user/ros2_ws/install/hrim_generic_msgs/include/hrim_generic_msgs/msg/detail/power__rosidl_typesupport_introspection_c.h
[37.893s] -- Installing: /home/user/ros2_ws/install/hrim_generic_msgs/include/hrim_generic_msgs/msg/detail/status__rosidl_typesupport_introspection_c.h
[37.893s] -- Installing: /home/user/ros2_ws/install/hrim_generic_msgs/include/hrim_generic_msgs/msg/detail/state_communication__type_support.c
[37.893s] -- Installing: /home/user/ros2_ws/install/hrim_generic_msgs/include/hrim_generic_msgs/msg/detail/state_communication__rosidl_typesupport_introspection_c.h
[37.893s] -- Installing: /home/user/ros2_ws/install/hrim_generic_msgs/include/hrim_generic_msgs/msg/rosidl_typesupport_introspection_c__visibility_control.h
[37.893s] -- Installing: /home/user/ros2_ws/install/hrim_generic_msgs/lib/libhrim_generic_msgs__rosidl_typesupport_introspection_c.so
[37.893s] -- Set runtime path of "/home/user/ros2_ws/install/hrim_generic_msgs/lib/libhrim_generic_msgs__rosidl_typesupport_introspection_c.so" to ""
[37.893s] -- Installing: /home/user/ros2_ws/install/hrim_generic_msgs/lib/libhrim_generic_msgs__rosidl_typesupport_c.so
[37.894s] -- Set runtime path of "/home/user/ros2_ws/install/hrim_generic_msgs/lib/libhrim_generic_msgs__rosidl_typesupport_c.so" to ""
[37.894s] -- Up-to-date: /home/user/ros2_ws/install/hrim_generic_msgs/include/hrim_generic_msgs
[37.894s] -- Up-to-date: /home/user/ros2_ws/install/hrim_generic_msgs/include/hrim_generic_msgs/msg
[37.894s] -- Up-to-date: /home/user/ros2_ws/install/hrim_generic_msgs/include/hrim_generic_msgs/msg/detail
[37.894s] -- Installing: /home/user/ros2_ws/install/hrim_generic_msgs/include/hrim_generic_msgs/msg/detail/power__struct.hpp
[37.894s] -- Installing: /home/user/ros2_ws/install/hrim_generic_msgs/include/hrim_generic_msgs/msg/detail/state_communication__traits.hpp
[37.894s] -- Installing: /home/user/ros2_ws/install/hrim_generic_msgs/include/hrim_generic_msgs/msg/detail/power__traits.hpp
[37.894s] -- Installing: /home/user/ros2_ws/install/hrim_generic_msgs/include/hrim_generic_msgs/msg/detail/state_communication__struct.hpp
[37.895s] -- Installing: /home/user/ros2_ws/install/hrim_generic_msgs/include/hrim_generic_msgs/msg/detail/state_communication__builder.hpp
[37.895s] -- Installing: /home/user/ros2_ws/install/hrim_generic_msgs/include/hrim_generic_msgs/msg/detail/status__builder.hpp
[37.895s] -- Installing: /home/user/ros2_ws/install/hrim_generic_msgs/include/hrim_generic_msgs/msg/detail/status__struct.hpp
[37.895s] -- Installing: /home/user/ros2_ws/install/hrim_generic_msgs/include/hrim_generic_msgs/msg/detail/status__traits.hpp
[37.895s] -- Installing: /home/user/ros2_ws/install/hrim_generic_msgs/include/hrim_generic_msgs/msg/detail/power__builder.hpp
[37.896s] -- Installing: /home/user/ros2_ws/install/hrim_generic_msgs/include/hrim_generic_msgs/msg/power.hpp
[37.896s] -- Installing: /home/user/ros2_ws/install/hrim_generic_msgs/include/hrim_generic_msgs/msg/status.hpp
[37.896s] -- Installing: /home/user/ros2_ws/install/hrim_generic_msgs/include/hrim_generic_msgs/msg/state_communication.hpp
[37.896s] -- Up-to-date: /home/user/ros2_ws/install/hrim_generic_msgs/include/hrim_generic_msgs
[37.896s] -- Up-to-date: /home/user/ros2_ws/install/hrim_generic_msgs/include/hrim_generic_msgs/msg
[37.896s] -- Up-to-date: /home/user/ros2_ws/install/hrim_generic_msgs/include/hrim_generic_msgs/msg/detail
[37.896s] -- Installing: /home/user/ros2_ws/install/hrim_generic_msgs/include/hrim_generic_msgs/msg/detail/state_communication__rosidl_typesupport_introspection_cpp.hpp
[37.897s] -- Installing: /home/user/ros2_ws/install/hrim_generic_msgs/include/hrim_generic_msgs/msg/detail/power__type_support.cpp
[37.897s] -- Installing: /home/user/ros2_ws/install/hrim_generic_msgs/include/hrim_generic_msgs/msg/detail/state_communication__type_support.cpp
[37.897s] -- Installing: /home/user/ros2_ws/install/hrim_generic_msgs/include/hrim_generic_msgs/msg/detail/status__type_support.cpp
[37.897s] -- Installing: /home/user/ros2_ws/install/hrim_generic_msgs/include/hrim_generic_msgs/msg/detail/status__rosidl_typesupport_introspection_cpp.hpp
[37.897s] -- Installing: /home/user/ros2_ws/install/hrim_generic_msgs/include/hrim_generic_msgs/msg/detail/power__rosidl_typesupport_introspection_cpp.hpp
[37.897s] -- Installing: /home/user/ros2_ws/install/hrim_generic_msgs/lib/libhrim_generic_msgs__rosidl_typesupport_introspection_cpp.so
[37.897s] -- Set runtime path of "/home/user/ros2_ws/install/hrim_generic_msgs/lib/libhrim_generic_msgs__rosidl_typesupport_introspection_cpp.so" to ""
[37.897s] -- Installing: /home/user/ros2_ws/install/hrim_generic_msgs/lib/libhrim_generic_msgs__rosidl_typesupport_cpp.so
[37.898s] -- Set runtime path of "/home/user/ros2_ws/install/hrim_generic_msgs/lib/libhrim_generic_msgs__rosidl_typesupport_cpp.so" to ""
[37.898s] -- Installing: /home/user/ros2_ws/install/hrim_generic_msgs/share/hrim_generic_msgs/environment/pythonpath.sh
[37.898s] -- Installing: /home/user/ros2_ws/install/hrim_generic_msgs/share/hrim_generic_msgs/environment/pythonpath.dsv
[37.898s] -- Installing: /home/user/ros2_ws/install/hrim_generic_msgs/lib/python3.8/site-packages/hrim_generic_msgs/__init__.py
[37.934s] Compiling '/home/user/ros2_ws/install/hrim_generic_msgs/lib/python3.8/site-packages/hrim_generic_msgs/__init__.py'...
[37.942s] -- Installing: /home/user/ros2_ws/install/hrim_generic_msgs/lib/python3.8/site-packages/hrim_generic_msgs/msg
[37.942s] -- Installing: /home/user/ros2_ws/install/hrim_generic_msgs/lib/python3.8/site-packages/hrim_generic_msgs/msg/_state_communication_s.c
[37.942s] -- Installing: /home/user/ros2_ws/install/hrim_generic_msgs/lib/python3.8/site-packages/hrim_generic_msgs/msg/_power_s.c
[37.943s] -- Installing: /home/user/ros2_ws/install/hrim_generic_msgs/lib/python3.8/site-packages/hrim_generic_msgs/msg/_status_s.c
[37.943s] -- Installing: /home/user/ros2_ws/install/hrim_generic_msgs/lib/python3.8/site-packages/hrim_generic_msgs/msg/_status.py
[37.943s] -- Installing: /home/user/ros2_ws/install/hrim_generic_msgs/lib/python3.8/site-packages/hrim_generic_msgs/msg/__init__.py
[37.943s] -- Installing: /home/user/ros2_ws/install/hrim_generic_msgs/lib/python3.8/site-packages/hrim_generic_msgs/msg/_state_communication.py
[37.944s] -- Installing: /home/user/ros2_ws/install/hrim_generic_msgs/lib/python3.8/site-packages/hrim_generic_msgs/msg/_power.py
[37.945s] -- Installing: /home/user/ros2_ws/install/hrim_generic_msgs/lib/python3.8/site-packages/hrim_generic_msgs/hrim_generic_msgs_s__rosidl_typesupport_fastrtps_c.cpython-38-x86_64-linux-gnu.so
[37.945s] -- Set runtime path of "/home/user/ros2_ws/install/hrim_generic_msgs/lib/python3.8/site-packages/hrim_generic_msgs/hrim_generic_msgs_s__rosidl_typesupport_fastrtps_c.cpython-38-x86_64-linux-gnu.so" to ""
[37.945s] -- Installing: /home/user/ros2_ws/install/hrim_generic_msgs/lib/python3.8/site-packages/hrim_generic_msgs/hrim_generic_msgs_s__rosidl_typesupport_introspection_c.cpython-38-x86_64-linux-gnu.so
[37.946s] -- Set runtime path of "/home/user/ros2_ws/install/hrim_generic_msgs/lib/python3.8/site-packages/hrim_generic_msgs/hrim_generic_msgs_s__rosidl_typesupport_introspection_c.cpython-38-x86_64-linux-gnu.so" to ""
[37.946s] -- Installing: /home/user/ros2_ws/install/hrim_generic_msgs/lib/python3.8/site-packages/hrim_generic_msgs/hrim_generic_msgs_s__rosidl_typesupport_c.cpython-38-x86_64-linux-gnu.so
[37.951s] -- Set runtime path of "/home/user/ros2_ws/install/hrim_generic_msgs/lib/python3.8/site-packages/hrim_generic_msgs/hrim_generic_msgs_s__rosidl_typesupport_c.cpython-38-x86_64-linux-gnu.so" to ""
[37.952s] -- Installing: /home/user/ros2_ws/install/hrim_generic_msgs/lib/libhrim_generic_msgs__python.so
[37.952s] -- Set runtime path of "/home/user/ros2_ws/install/hrim_generic_msgs/lib/libhrim_generic_msgs__python.so" to ""
[37.952s] -- Installing: /home/user/ros2_ws/install/hrim_generic_msgs/share/hrim_generic_msgs/msg/Power.idl
[37.952s] -- Installing: /home/user/ros2_ws/install/hrim_generic_msgs/share/hrim_generic_msgs/msg/StateCommunication.idl
[37.952s] -- Installing: /home/user/ros2_ws/install/hrim_generic_msgs/share/hrim_generic_msgs/msg/Status.idl
[37.952s] -- Installing: /home/user/ros2_ws/install/hrim_generic_msgs/share/hrim_generic_msgs/msg/Power.msg
[37.953s] -- Installing: /home/user/ros2_ws/install/hrim_generic_msgs/share/hrim_generic_msgs/msg/StateCommunication.msg
[37.953s] -- Installing: /home/user/ros2_ws/install/hrim_generic_msgs/share/hrim_generic_msgs/msg/Status.msg
[37.953s] -- Installing: /home/user/ros2_ws/install/hrim_generic_msgs/share/ament_index/resource_index/package_run_dependencies/hrim_generic_msgs
[37.953s] -- Installing: /home/user/ros2_ws/install/hrim_generic_msgs/share/ament_index/resource_index/parent_prefix_path/hrim_generic_msgs
[37.953s] -- Installing: /home/user/ros2_ws/install/hrim_generic_msgs/share/hrim_generic_msgs/environment/ament_prefix_path.sh
[37.953s] -- Installing: /home/user/ros2_ws/install/hrim_generic_msgs/share/hrim_generic_msgs/environment/ament_prefix_path.dsv
[37.954s] -- Installing: /home/user/ros2_ws/install/hrim_generic_msgs/share/hrim_generic_msgs/environment/path.sh
[37.954s] -- Installing: /home/user/ros2_ws/install/hrim_generic_msgs/share/hrim_generic_msgs/environment/path.dsv
[37.954s] -- Installing: /home/user/ros2_ws/install/hrim_generic_msgs/share/hrim_generic_msgs/local_setup.bash
[37.954s] -- Installing: /home/user/ros2_ws/install/hrim_generic_msgs/share/hrim_generic_msgs/local_setup.sh
[37.954s] -- Installing: /home/user/ros2_ws/install/hrim_generic_msgs/share/hrim_generic_msgs/local_setup.zsh
[37.954s] -- Installing: /home/user/ros2_ws/install/hrim_generic_msgs/share/hrim_generic_msgs/local_setup.dsv
[37.955s] -- Installing: /home/user/ros2_ws/install/hrim_generic_msgs/share/hrim_generic_msgs/package.dsv
[37.955s] -- Installing: /home/user/ros2_ws/install/hrim_generic_msgs/share/ament_index/resource_index/packages/hrim_generic_msgs
[37.955s] -- Installing: /home/user/ros2_ws/install/hrim_generic_msgs/share/hrim_generic_msgs/cmake/hrim_generic_msgs__rosidl_generator_cExport.cmake
[37.955s] -- Installing: /home/user/ros2_ws/install/hrim_generic_msgs/share/hrim_generic_msgs/cmake/hrim_generic_msgs__rosidl_generator_cExport-noconfig.cmake
[37.955s] -- Installing: /home/user/ros2_ws/install/hrim_generic_msgs/share/hrim_generic_msgs/cmake/hrim_generic_msgs__rosidl_typesupport_introspection_cExport.cmake
[37.955s] -- Installing: /home/user/ros2_ws/install/hrim_generic_msgs/share/hrim_generic_msgs/cmake/hrim_generic_msgs__rosidl_typesupport_introspection_cExport-noconfig.cmake
[37.956s] -- Installing: /home/user/ros2_ws/install/hrim_generic_msgs/share/hrim_generic_msgs/cmake/hrim_generic_msgs__rosidl_typesupport_cExport.cmake
[37.956s] -- Installing: /home/user/ros2_ws/install/hrim_generic_msgs/share/hrim_generic_msgs/cmake/hrim_generic_msgs__rosidl_typesupport_cExport-noconfig.cmake
[37.956s] -- Installing: /home/user/ros2_ws/install/hrim_generic_msgs/share/hrim_generic_msgs/cmake/hrim_generic_msgs__rosidl_generator_cppExport.cmake
[37.956s] -- Installing: /home/user/ros2_ws/install/hrim_generic_msgs/share/hrim_generic_msgs/cmake/hrim_generic_msgs__rosidl_typesupport_introspection_cppExport.cmake
[37.957s] -- Installing: /home/user/ros2_ws/install/hrim_generic_msgs/share/hrim_generic_msgs/cmake/hrim_generic_msgs__rosidl_typesupport_introspection_cppExport-noconfig.cmake
[37.957s] -- Installing: /home/user/ros2_ws/install/hrim_generic_msgs/share/hrim_generic_msgs/cmake/hrim_generic_msgs__rosidl_typesupport_cppExport.cmake
[37.957s] -- Installing: /home/user/ros2_ws/install/hrim_generic_msgs/share/hrim_generic_msgs/cmake/hrim_generic_msgs__rosidl_typesupport_cppExport-noconfig.cmake
[37.957s] -- Installing: /home/user/ros2_ws/install/hrim_generic_msgs/share/hrim_generic_msgs/cmake/rosidl_cmake-extras.cmake
[37.957s] -- Installing: /home/user/ros2_ws/install/hrim_generic_msgs/share/hrim_generic_msgs/cmake/ament_cmake_export_dependencies-extras.cmake
[37.958s] -- Installing: /home/user/ros2_ws/install/hrim_generic_msgs/share/hrim_generic_msgs/cmake/ament_cmake_export_libraries-extras.cmake
[37.958s] -- Installing: /home/user/ros2_ws/install/hrim_generic_msgs/share/hrim_generic_msgs/cmake/ament_cmake_export_targets-extras.cmake
[37.958s] -- Installing: /home/user/ros2_ws/install/hrim_generic_msgs/share/hrim_generic_msgs/cmake/ament_cmake_export_include_directories-extras.cmake
[37.958s] -- Installing: /home/user/ros2_ws/install/hrim_generic_msgs/share/hrim_generic_msgs/cmake/rosidl_cmake_export_typesupport_libraries-extras.cmake
[37.959s] -- Installing: /home/user/ros2_ws/install/hrim_generic_msgs/share/hrim_generic_msgs/cmake/rosidl_cmake_export_typesupport_targets-extras.cmake
[37.959s] -- Installing: /home/user/ros2_ws/install/hrim_generic_msgs/share/hrim_generic_msgs/cmake/hrim_generic_msgsConfig.cmake
[37.959s] -- Installing: /home/user/ros2_ws/install/hrim_generic_msgs/share/hrim_generic_msgs/cmake/hrim_generic_msgsConfig-version.cmake
[37.960s] -- Installing: /home/user/ros2_ws/install/hrim_generic_msgs/share/hrim_generic_msgs/package.xml
[38.003s] Invoked command in '/home/user/ros2_ws/build/hrim_generic_msgs' returned '0': CMAKE_PREFIX_PATH=/opt/ros/foxy:${CMAKE_PREFIX_PATH} _=/usr/bin/env /usr/bin/cmake --install /home/user/ros2_ws/build/hrim_generic_msgs
