-- Found ament_cmake: 0.9.9 (/opt/ros/foxy/share/ament_cmake/cmake)
-- Found PythonInterp: /usr/bin/python3 (found suitable version "3.8.10", minimum required is "3") 
-- Using PYTHON_EXECUTABLE: /usr/bin/python3
-- Found rosidl_default_generators: 1.0.1 (/opt/ros/foxy/share/rosidl_default_generators/cmake)
-- Using all available rosidl_typesupport_c: rosidl_typesupport_fastrtps_c;rosidl_typesupport_introspection_c
-- Found rosidl_adapter: 1.2.1 (/opt/ros/foxy/share/rosidl_adapter/cmake)
-- Using all available rosidl_typesupport_cpp: rosidl_typesupport_fastrtps_cpp;rosidl_typesupport_introspection_cpp
-- Found std_msgs: 2.0.4 (/opt/ros/foxy/share/std_msgs/cmake)
-- Found geometry_msgs: 2.0.4 (/opt/ros/foxy/share/geometry_msgs/cmake)
-- Found PythonInterp: /usr/bin/python3 (found version "3.8.10") 
-- Found ament_cmake_ros: 0.9.2 (/opt/ros/foxy/share/ament_cmake_ros/cmake)
-- Using all available rosidl_typesupport_c: rosidl_typesupport_fastrtps_c;rosidl_typesupport_introspection_c
-- Using all available rosidl_typesupport_cpp: rosidl_typesupport_fastrtps_cpp;rosidl_typesupport_introspection_cpp
-- Found PythonInterp: /usr/bin/python3 (found suitable version "3.8.10", minimum required is "3.5") 
-- Found python_cmake_module: 0.8.1 (/opt/ros/foxy/share/python_cmake_module/cmake)
-- Found PythonLibs: /usr/lib/x86_64-linux-gnu/libpython3.8.so (found suitable version "3.8.10", minimum required is "3.5") 
-- Using PYTHON_EXECUTABLE: /usr/bin/python3
-- Using PYTHON_INCLUDE_DIRS: /usr/include/python3.8
-- Using PYTHON_LIBRARIES: /usr/lib/x86_64-linux-gnu/libpython3.8.so
-- Configuring done
-- Generating done
-- Build files have been written to: /home/user/ros2_ws/build/hrim_actuator_gripper_msgs
[  1%] [34m[1mGenerating C++ code for ROS interfaces[0m
[  1%] Built target hrim_actuator_gripper_msgs__cpp
[  3%] [34m[1mGenerating C code for ROS interfaces[0m
[35m[1mScanning dependencies of target hrim_actuator_gripper_msgs__rosidl_generator_c[0m
[  4%] [32mBuilding C object CMakeFiles/hrim_actuator_gripper_msgs__rosidl_generator_c.dir/rosidl_generator_c/hrim_actuator_gripper_msgs/msg/detail/cycle_time__functions.c.o[0m
[  6%] [32mBuilding C object CMakeFiles/hrim_actuator_gripper_msgs__rosidl_generator_c.dir/rosidl_generator_c/hrim_actuator_gripper_msgs/msg/detail/state_gripper__functions.c.o[0m
[  7%] [32mBuilding C object CMakeFiles/hrim_actuator_gripper_msgs__rosidl_generator_c.dir/rosidl_generator_c/hrim_actuator_gripper_msgs/msg/detail/state_finger_gripper__functions.c.o[0m
make[2]: *** [CMakeFiles/hrim_actuator_gripper_msgs__rosidl_generator_c.dir/build.make:256: CMakeFiles/hrim_actuator_gripper_msgs__rosidl_generator_c.dir/rosidl_generator_c/hrim_actuator_gripper_msgs/msg/detail/state_finger_gripper__functions.c.o] Interrupt
make[1]: *** wait: No child processes.  Stop.
make[1]: *** Waiting for unfinished jobs....
make[1]: *** wait: No child processes.  Stop.
make: *** [Makefile:141: all] Error 2
