[0.212s] Invoking command in '/home/user/ros2_ws/build/hrim_actuator_gripper_msgs': CMAKE_PREFIX_PATH=${CMAKE_PREFIX_PATH}:/opt/ros/foxy _=/usr/bin/env /usr/bin/cmake --build /home/user/ros2_ws/build/hrim_actuator_gripper_msgs -- -j8 -l8
[0.732s] -- Found ament_cmake: 0.9.9 (/opt/ros/foxy/share/ament_cmake/cmake)
[1.016s] -- Found PythonInterp: /usr/bin/python3 (found suitable version "3.8.10", minimum required is "3") 
[1.060s] -- Using PYTHON_EXECUTABLE: /usr/bin/python3
[3.519s] -- Found rosidl_default_generators: 1.0.1 (/opt/ros/foxy/share/rosidl_default_generators/cmake)
[3.568s] -- Using all available rosidl_typesupport_c: rosidl_typesupport_fastrtps_c;rosidl_typesupport_introspection_c
[3.577s] -- Found rosidl_adapter: 1.2.1 (/opt/ros/foxy/share/rosidl_adapter/cmake)
[5.183s] -- Using all available rosidl_typesupport_cpp: rosidl_typesupport_fastrtps_cpp;rosidl_typesupport_introspection_cpp
[5.476s] -- Found std_msgs: 2.0.4 (/opt/ros/foxy/share/std_msgs/cmake)
[5.876s] -- Found geometry_msgs: 2.0.4 (/opt/ros/foxy/share/geometry_msgs/cmake)
[6.317s] -- Found PythonInterp: /usr/bin/python3 (found version "3.8.10") 
[8.510s] -- Found ament_cmake_ros: 0.9.2 (/opt/ros/foxy/share/ament_cmake_ros/cmake)
[11.485s] -- Using all available rosidl_typesupport_c: rosidl_typesupport_fastrtps_c;rosidl_typesupport_introspection_c
[12.462s] -- Using all available rosidl_typesupport_cpp: rosidl_typesupport_fastrtps_cpp;rosidl_typesupport_introspection_cpp
[12.774s] -- Found PythonInterp: /usr/bin/python3 (found suitable version "3.8.10", minimum required is "3.5") 
[12.774s] -- Found python_cmake_module: 0.8.1 (/opt/ros/foxy/share/python_cmake_module/cmake)
[12.975s] -- Found PythonLibs: /usr/lib/x86_64-linux-gnu/libpython3.8.so (found suitable version "3.8.10", minimum required is "3.5") 
[12.975s] -- Using PYTHON_EXECUTABLE: /usr/bin/python3
[12.976s] -- Using PYTHON_INCLUDE_DIRS: /usr/include/python3.8
[12.976s] -- Using PYTHON_LIBRARIES: /usr/lib/x86_64-linux-gnu/libpython3.8.so
[13.560s] -- Configuring done
[13.895s] -- Generating done
[13.909s] -- Build files have been written to: /home/user/ros2_ws/build/hrim_actuator_gripper_msgs
[14.202s] [  1%] [34m[1mGenerating C++ code for ROS interfaces[0m
[17.962s] [  1%] Built target hrim_actuator_gripper_msgs__cpp
[18.090s] [  3%] [34m[1mGenerating C code for ROS interfaces[0m
[23.894s] [35m[1mScanning dependencies of target hrim_actuator_gripper_msgs__rosidl_generator_c[0m
[24.185s] [  4%] [32mBuilding C object CMakeFiles/hrim_actuator_gripper_msgs__rosidl_generator_c.dir/rosidl_generator_c/hrim_actuator_gripper_msgs/msg/detail/cycle_time__functions.c.o[0m
[24.488s] [  6%] [32mBuilding C object CMakeFiles/hrim_actuator_gripper_msgs__rosidl_generator_c.dir/rosidl_generator_c/hrim_actuator_gripper_msgs/msg/detail/state_gripper__functions.c.o[0m
[24.802s] [  7%] [32mBuilding C object CMakeFiles/hrim_actuator_gripper_msgs__rosidl_generator_c.dir/rosidl_generator_c/hrim_actuator_gripper_msgs/msg/detail/state_finger_gripper__functions.c.o[0m
[24.863s] make[2]: *** [CMakeFiles/hrim_actuator_gripper_msgs__rosidl_generator_c.dir/build.make:256: CMakeFiles/hrim_actuator_gripper_msgs__rosidl_generator_c.dir/rosidl_generator_c/hrim_actuator_gripper_msgs/msg/detail/state_finger_gripper__functions.c.o] Interrupt
[24.919s] make[1]: *** wait: No child processes.  Stop.
[24.919s] make[1]: *** Waiting for unfinished jobs....
[24.920s] make[1]: *** wait: No child processes.  Stop.
[24.927s] make: *** [Makefile:141: all] Error 2
[25.000s] Invoked command in '/home/user/ros2_ws/build/hrim_actuator_gripper_msgs' returned '-2': CMAKE_PREFIX_PATH=${CMAKE_PREFIX_PATH}:/opt/ros/foxy _=/usr/bin/env /usr/bin/cmake --build /home/user/ros2_ws/build/hrim_actuator_gripper_msgs -- -j8 -l8
