[ 50%] Built target gripper_minimal_client_v1
[100%] Built target gripper_minimal_client_v2
-- Install configuration: ""
-- Up-to-date: /home/user/ros2_ws/install/gripper_minimal_service/lib/gripper_minimal_service/gripper_minimal_client_v1
-- Up-to-date: /home/user/ros2_ws/install/gripper_minimal_service/lib/gripper_minimal_service/gripper_minimal_client_v2
-- Up-to-date: /home/user/ros2_ws/install/gripper_minimal_service/lib/gripper_minimal_service/gripper_minimal_client_v1.py
-- Up-to-date: /home/user/ros2_ws/install/gripper_minimal_service/lib/gripper_minimal_service/gripper_minimal_client_v2.py
-- Up-to-date: /home/user/ros2_ws/install/gripper_minimal_service/share/ament_index/resource_index/package_run_dependencies/gripper_minimal_service
-- Up-to-date: /home/user/ros2_ws/install/gripper_minimal_service/share/ament_index/resource_index/parent_prefix_path/gripper_minimal_service
-- Up-to-date: /home/user/ros2_ws/install/gripper_minimal_service/share/gripper_minimal_service/environment/ament_prefix_path.sh
-- Up-to-date: /home/user/ros2_ws/install/gripper_minimal_service/share/gripper_minimal_service/environment/ament_prefix_path.dsv
-- Up-to-date: /home/user/ros2_ws/install/gripper_minimal_service/share/gripper_minimal_service/environment/path.sh
-- Up-to-date: /home/user/ros2_ws/install/gripper_minimal_service/share/gripper_minimal_service/environment/path.dsv
-- Up-to-date: /home/user/ros2_ws/install/gripper_minimal_service/share/gripper_minimal_service/local_setup.bash
-- Up-to-date: /home/user/ros2_ws/install/gripper_minimal_service/share/gripper_minimal_service/local_setup.sh
-- Up-to-date: /home/user/ros2_ws/install/gripper_minimal_service/share/gripper_minimal_service/local_setup.zsh
-- Up-to-date: /home/user/ros2_ws/install/gripper_minimal_service/share/gripper_minimal_service/local_setup.dsv
-- Installing: /home/user/ros2_ws/install/gripper_minimal_service/share/gripper_minimal_service/package.dsv
-- Up-to-date: /home/user/ros2_ws/install/gripper_minimal_service/share/ament_index/resource_index/packages/gripper_minimal_service
-- Up-to-date: /home/user/ros2_ws/install/gripper_minimal_service/share/gripper_minimal_service/cmake/gripper_minimal_serviceConfig.cmake
-- Up-to-date: /home/user/ros2_ws/install/gripper_minimal_service/share/gripper_minimal_service/cmake/gripper_minimal_serviceConfig-version.cmake
-- Up-to-date: /home/user/ros2_ws/install/gripper_minimal_service/share/gripper_minimal_service/package.xml
