[0.051s] Invoking command in '/home/user/ros2_ws/build/gripper_minimal_service': AMENT_PREFIX_PATH=/home/user/ros2_ws/install/hrim_actuator_gripper_srvs:${AMENT_PREFIX_PATH} CMAKE_PREFIX_PATH=/home/user/ros2_ws/install/hrim_actuator_gripper_srvs:/opt/ros/foxy:${CMAKE_PREFIX_PATH} LD_LIBRARY_PATH=/home/user/ros2_ws/install/hrim_actuator_gripper_srvs/lib:${LD_LIBRARY_PATH} PYTHONPATH=/home/user/ros2_ws/install/hrim_actuator_gripper_srvs/lib/python3.8/site-packages:${PYTHONPATH} _=/usr/bin/env /usr/bin/cmake /home/user/ros2_ws/src/ros2_mara/mara_examples/gripper_minimal_service -DCMAKE_INSTALL_PREFIX=/home/user/ros2_ws/install/gripper_minimal_service
[0.250s] -- The C compiler identification is GNU 9.3.0
[0.409s] -- The CXX compiler identification is GNU 9.3.0
[0.418s] -- Check for working C compiler: /usr/bin/cc
[0.660s] -- Check for working C compiler: /usr/bin/cc -- works
[0.661s] -- Detecting C compiler ABI info
[0.935s] -- Detecting C compiler ABI info - done
[0.957s] -- Detecting C compile features
[0.957s] -- Detecting C compile features - done
[0.962s] -- Check for working CXX compiler: /usr/bin/c++
[1.179s] -- Check for working CXX compiler: /usr/bin/c++ -- works
[1.182s] -- Detecting CXX compiler ABI info
[1.469s] -- Detecting CXX compiler ABI info - done
[1.512s] -- Detecting CXX compile features
[1.512s] -- Detecting CXX compile features - done
[1.517s] -- Found ament_cmake: 0.9.7 (/opt/ros/foxy/share/ament_cmake/cmake)
[1.613s] -- Found PythonInterp: /usr/bin/python3 (found suitable version "3.8.5", minimum required is "3") 
[1.613s] -- Using PYTHON_EXECUTABLE: /usr/bin/python3
[2.298s] -- Found rclcpp: 2.2.0 (/opt/ros/foxy/share/rclcpp/cmake)
[2.376s] -- Using all available rosidl_typesupport_c: rosidl_typesupport_fastrtps_c;rosidl_typesupport_introspection_c
[2.392s] -- Found rosidl_adapter: 1.1.0 (/opt/ros/foxy/share/rosidl_adapter/cmake)
[2.821s] -- Found OpenSSL: /usr/lib/x86_64-linux-gnu/libcrypto.so (found version "1.1.1f")  
[2.937s] -- Found FastRTPS: /opt/ros/foxy/include  
[3.288s] -- Using all available rosidl_typesupport_cpp: rosidl_typesupport_fastrtps_cpp;rosidl_typesupport_introspection_cpp
[3.434s] -- Found rmw_implementation_cmake: 1.0.2 (/opt/ros/foxy/share/rmw_implementation_cmake/cmake)
[3.438s] -- Using RMW implementation 'rmw_fastrtps_cpp' as default
[3.440s] -- Looking for pthread.h
[3.685s] -- Looking for pthread.h - found
[3.685s] -- Performing Test CMAKE_HAVE_LIBC_PTHREAD
[3.967s] -- Performing Test CMAKE_HAVE_LIBC_PTHREAD - Failed
[3.967s] -- Looking for pthread_create in pthreads
[4.192s] -- Looking for pthread_create in pthreads - not found
[4.193s] -- Looking for pthread_create in pthread
[4.458s] -- Looking for pthread_create in pthread - found
[4.460s] -- Found Threads: TRUE  
[4.858s] -- Found hrim_actuator_gripper_srvs: 0.3.0 (/home/user/ros2_ws/install/hrim_actuator_gripper_srvs/share/hrim_actuator_gripper_srvs/cmake)
[5.042s] -- Configuring done
[5.080s] -- Generating done
[5.081s] -- Build files have been written to: /home/user/ros2_ws/build/gripper_minimal_service
[5.103s] Invoked command in '/home/user/ros2_ws/build/gripper_minimal_service' returned '0': AMENT_PREFIX_PATH=/home/user/ros2_ws/install/hrim_actuator_gripper_srvs:${AMENT_PREFIX_PATH} CMAKE_PREFIX_PATH=/home/user/ros2_ws/install/hrim_actuator_gripper_srvs:/opt/ros/foxy:${CMAKE_PREFIX_PATH} LD_LIBRARY_PATH=/home/user/ros2_ws/install/hrim_actuator_gripper_srvs/lib:${LD_LIBRARY_PATH} PYTHONPATH=/home/user/ros2_ws/install/hrim_actuator_gripper_srvs/lib/python3.8/site-packages:${PYTHONPATH} _=/usr/bin/env /usr/bin/cmake /home/user/ros2_ws/src/ros2_mara/mara_examples/gripper_minimal_service -DCMAKE_INSTALL_PREFIX=/home/user/ros2_ws/install/gripper_minimal_service
[5.104s] Invoking command in '/home/user/ros2_ws/build/gripper_minimal_service': AMENT_PREFIX_PATH=/home/user/ros2_ws/install/hrim_actuator_gripper_srvs:${AMENT_PREFIX_PATH} CMAKE_PREFIX_PATH=/home/user/ros2_ws/install/hrim_actuator_gripper_srvs:/opt/ros/foxy:${CMAKE_PREFIX_PATH} LD_LIBRARY_PATH=/home/user/ros2_ws/install/hrim_actuator_gripper_srvs/lib:${LD_LIBRARY_PATH} PYTHONPATH=/home/user/ros2_ws/install/hrim_actuator_gripper_srvs/lib/python3.8/site-packages:${PYTHONPATH} _=/usr/bin/env /usr/bin/cmake --build /home/user/ros2_ws/build/gripper_minimal_service -- -j16 -l16
[5.288s] [35m[1mScanning dependencies of target gripper_minimal_client_v2[0m
[5.436s] [ 25%] [32mBuilding CXX object CMakeFiles/gripper_minimal_client_v2.dir/src/gripper_minimal_client_v2.cpp.o[0m
[10.436s] [ 50%] [32m[1mLinking CXX executable gripper_minimal_client_v2[0m
[10.746s] [ 50%] Built target gripper_minimal_client_v2
[10.786s] [35m[1mScanning dependencies of target gripper_minimal_client_v1[0m
[10.888s] [ 75%] [32mBuilding CXX object CMakeFiles/gripper_minimal_client_v1.dir/src/gripper_minimal_client_v1.cpp.o[0m
[15.443s] [100%] [32m[1mLinking CXX executable gripper_minimal_client_v1[0m
[15.711s] [100%] Built target gripper_minimal_client_v1
[15.755s] Invoked command in '/home/user/ros2_ws/build/gripper_minimal_service' returned '0': AMENT_PREFIX_PATH=/home/user/ros2_ws/install/hrim_actuator_gripper_srvs:${AMENT_PREFIX_PATH} CMAKE_PREFIX_PATH=/home/user/ros2_ws/install/hrim_actuator_gripper_srvs:/opt/ros/foxy:${CMAKE_PREFIX_PATH} LD_LIBRARY_PATH=/home/user/ros2_ws/install/hrim_actuator_gripper_srvs/lib:${LD_LIBRARY_PATH} PYTHONPATH=/home/user/ros2_ws/install/hrim_actuator_gripper_srvs/lib/python3.8/site-packages:${PYTHONPATH} _=/usr/bin/env /usr/bin/cmake --build /home/user/ros2_ws/build/gripper_minimal_service -- -j16 -l16
[15.920s] Invoking command in '/home/user/ros2_ws/build/gripper_minimal_service': AMENT_PREFIX_PATH=/home/user/ros2_ws/install/hrim_actuator_gripper_srvs:${AMENT_PREFIX_PATH} CMAKE_PREFIX_PATH=/home/user/ros2_ws/install/hrim_actuator_gripper_srvs:/opt/ros/foxy:${CMAKE_PREFIX_PATH} LD_LIBRARY_PATH=/home/user/ros2_ws/install/hrim_actuator_gripper_srvs/lib:${LD_LIBRARY_PATH} PYTHONPATH=/home/user/ros2_ws/install/hrim_actuator_gripper_srvs/lib/python3.8/site-packages:${PYTHONPATH} _=/usr/bin/env /usr/bin/cmake --install /home/user/ros2_ws/build/gripper_minimal_service
[15.940s] -- Install configuration: ""
[15.940s] -- Installing: /home/user/ros2_ws/install/gripper_minimal_service/lib/gripper_minimal_service/gripper_minimal_client_v1
[15.941s] -- Set runtime path of "/home/user/ros2_ws/install/gripper_minimal_service/lib/gripper_minimal_service/gripper_minimal_client_v1" to ""
[15.942s] -- Installing: /home/user/ros2_ws/install/gripper_minimal_service/lib/gripper_minimal_service/gripper_minimal_client_v2
[15.943s] -- Set runtime path of "/home/user/ros2_ws/install/gripper_minimal_service/lib/gripper_minimal_service/gripper_minimal_client_v2" to ""
[15.943s] -- Installing: /home/user/ros2_ws/install/gripper_minimal_service/lib/gripper_minimal_service/gripper_minimal_client_v1.py
[15.943s] -- Installing: /home/user/ros2_ws/install/gripper_minimal_service/lib/gripper_minimal_service/gripper_minimal_client_v2.py
[15.944s] -- Installing: /home/user/ros2_ws/install/gripper_minimal_service/share/ament_index/resource_index/package_run_dependencies/gripper_minimal_service
[15.944s] -- Installing: /home/user/ros2_ws/install/gripper_minimal_service/share/ament_index/resource_index/parent_prefix_path/gripper_minimal_service
[15.944s] -- Installing: /home/user/ros2_ws/install/gripper_minimal_service/share/gripper_minimal_service/environment/ament_prefix_path.sh
[15.945s] -- Installing: /home/user/ros2_ws/install/gripper_minimal_service/share/gripper_minimal_service/environment/ament_prefix_path.dsv
[15.945s] -- Installing: /home/user/ros2_ws/install/gripper_minimal_service/share/gripper_minimal_service/environment/path.sh
[15.945s] -- Installing: /home/user/ros2_ws/install/gripper_minimal_service/share/gripper_minimal_service/environment/path.dsv
[15.945s] -- Installing: /home/user/ros2_ws/install/gripper_minimal_service/share/gripper_minimal_service/local_setup.bash
[15.946s] -- Installing: /home/user/ros2_ws/install/gripper_minimal_service/share/gripper_minimal_service/local_setup.sh
[15.946s] -- Installing: /home/user/ros2_ws/install/gripper_minimal_service/share/gripper_minimal_service/local_setup.zsh
[15.946s] -- Installing: /home/user/ros2_ws/install/gripper_minimal_service/share/gripper_minimal_service/local_setup.dsv
[15.947s] -- Installing: /home/user/ros2_ws/install/gripper_minimal_service/share/gripper_minimal_service/package.dsv
[15.947s] -- Installing: /home/user/ros2_ws/install/gripper_minimal_service/share/ament_index/resource_index/packages/gripper_minimal_service
[15.968s] -- Installing: /home/user/ros2_ws/install/gripper_minimal_service/share/gripper_minimal_service/cmake/gripper_minimal_serviceConfig.cmake
[15.968s] -- Installing: /home/user/ros2_ws/install/gripper_minimal_service/share/gripper_minimal_service/cmake/gripper_minimal_serviceConfig-version.cmake
[15.968s] -- Installing: /home/user/ros2_ws/install/gripper_minimal_service/share/gripper_minimal_service/package.xml
[15.969s] Invoked command in '/home/user/ros2_ws/build/gripper_minimal_service' returned '0': AMENT_PREFIX_PATH=/home/user/ros2_ws/install/hrim_actuator_gripper_srvs:${AMENT_PREFIX_PATH} CMAKE_PREFIX_PATH=/home/user/ros2_ws/install/hrim_actuator_gripper_srvs:/opt/ros/foxy:${CMAKE_PREFIX_PATH} LD_LIBRARY_PATH=/home/user/ros2_ws/install/hrim_actuator_gripper_srvs/lib:${LD_LIBRARY_PATH} PYTHONPATH=/home/user/ros2_ws/install/hrim_actuator_gripper_srvs/lib/python3.8/site-packages:${PYTHONPATH} _=/usr/bin/env /usr/bin/cmake --install /home/user/ros2_ws/build/gripper_minimal_service
