[0.233s] Invoking command in '/home/user/ros2_ws/build/mara_minimal_publisher': CMAKE_PREFIX_PATH=/home/user/ros2_ws/install/hrim_actuator_rotaryservo_msgs:/home/simulations/ros2_sims_ws/install/ros1_bridge:/home/user/ros2_ws/install/robotiq_hande_gripper_description:/home/user/ros2_ws/install/robotiq_gripper_gazebo_plugins:/home/user/ros2_ws/install/robotiq_gazebo:/home/user/ros2_ws/install/robotiq_85_gripper_description:/home/user/ros2_ws/install/robotiq_140_gripper_description:/home/user/ros2_ws/install/mara_utils_scripts:/home/user/ros2_ws/install/mara_minimal_trajectory_action:/home/user/ros2_ws/install/mara_minimal_subscriber:/home/user/ros2_ws/install/mara_minimal_publisher:/home/user/ros2_ws/install/mara_gazebo_plugins:/home/user/ros2_ws/install/mara_gazebo:/home/user/ros2_ws/install/mara_description:/home/user/ros2_ws/install/mara_contact_publisher:/home/user/ros2_ws/install/mara_bringup:/home/user/ros2_ws/install/individual_trajectories_bridge:/home/user/ros2_ws/install/hros_cognition_mara_components:/home/user/ros2_ws/install/hrim_generic_srvs:/home/user/ros2_ws/install/hrim_generic_msgs:/home/user/ros2_ws/install/hrim_actuator_rotaryservo_srvs:/home/user/ros2_ws/install/hrim_actuator_rotaryservo_actions:/home/user/ros2_ws/install/gripper_minimal_service:/home/user/ros2_ws/install/hrim_actuator_gripper_srvs:/home/user/ros2_ws/install/gripper_minimal_subscriber:/home/user/ros2_ws/install/hrim_actuator_gripper_msgs:/home/user/ros2_ws/install/hans_t9_4_description:/home/user/ros2_ws/install/hans_t49_description:/home/user/ros2_ws/install/hans_t30_description:/home/user/ros2_ws/install/hans_modular_gazebo:/home/user/ros2_ws/install/control_msgs:/opt/ros/foxy LD_LIBRARY_PATH=/home/user/ros2_ws/install/hrim_actuator_rotaryservo_msgs/lib:/usr/local/cuda-10.2/lib64:/home/user/.catkin_ws_python3/src/TensorRT-7.0.0.11/lib:/home/simulations/ros2_sims_ws/install/ros1_bridge/lib:/home/user/ros2_ws/install/robotiq_gripper_gazebo_plugins/lib:/home/user/ros2_ws/install/mara_gazebo_plugins/lib:/home/user/ros2_ws/install/hrim_generic_srvs/lib:/home/user/ros2_ws/install/hrim_generic_msgs/lib:/home/user/ros2_ws/install/hrim_actuator_rotaryservo_srvs/lib:/home/user/ros2_ws/install/hrim_actuator_rotaryservo_actions/lib:/home/user/ros2_ws/install/hrim_actuator_gripper_srvs/lib:/home/user/ros2_ws/install/hrim_actuator_gripper_msgs/lib:/home/user/ros2_ws/install/control_msgs/lib:/opt/ros/foxy/opt/yaml_cpp_vendor/lib:/opt/ros/foxy/opt/rviz_ogre_vendor/lib:/opt/ros/foxy/lib/x86_64-linux-gnu:/opt/ros/foxy/lib:/usr/local/cuda-10.2/lib64:/home/user/.catkin_ws_python3/src/TensorRT-7.0.0.11/lib:/usr/local/nvidia/lib:/usr/local/nvidia/lib64:/usr/lib/x86_64-linux-gnu/gazebo-11/plugins:/usr/lib/x86_64-linux-gnu/gazebo-11/plugins PYTHONPATH=/home/user/ros2_ws/install/hrim_actuator_rotaryservo_msgs/lib/python3.8/site-packages:/home/simulations/ros2_sims_ws/install/ros1_bridge/lib/python3.8/site-packages:/home/user/ros2_ws/install/hrim_generic_srvs/lib/python3.8/site-packages:/home/user/ros2_ws/install/hrim_generic_msgs/lib/python3.8/site-packages:/home/user/ros2_ws/install/hrim_actuator_rotaryservo_srvs/lib/python3.8/site-packages:/home/user/ros2_ws/install/hrim_actuator_rotaryservo_actions/lib/python3.8/site-packages:/home/user/ros2_ws/install/hrim_actuator_gripper_srvs/lib/python3.8/site-packages:/home/user/ros2_ws/install/hrim_actuator_gripper_msgs/lib/python3.8/site-packages:/home/user/ros2_ws/install/control_msgs/lib/python3.8/site-packages:/opt/ros/foxy/lib/python3.8/site-packages _=/usr/bin/env /usr/bin/cmake --build /home/user/ros2_ws/build/mara_minimal_publisher -- -j8 -l8
[0.410s] -- Found ament_cmake: 0.9.9 (/opt/ros/foxy/share/ament_cmake/cmake)
[0.679s] -- Using PYTHON_EXECUTABLE: /usr/bin/python3
[2.891s] -- Found rclcpp: 2.4.0 (/opt/ros/foxy/share/rclcpp/cmake)
[3.183s] -- Using all available rosidl_typesupport_c: rosidl_typesupport_fastrtps_c;rosidl_typesupport_introspection_c
[3.187s] -- Found rosidl_adapter: 1.2.1 (/opt/ros/foxy/share/rosidl_adapter/cmake)
[5.018s] -- Using all available rosidl_typesupport_cpp: rosidl_typesupport_fastrtps_cpp;rosidl_typesupport_introspection_cpp
[5.526s] -- Found rmw_implementation_cmake: 1.0.3 (/opt/ros/foxy/share/rmw_implementation_cmake/cmake)
[5.535s] -- Using RMW implementation 'rmw_fastrtps_cpp' as default
[6.921s] -- Found hrim_actuator_rotaryservo_msgs: 0.3.0 (/home/user/ros2_ws/install/hrim_actuator_rotaryservo_msgs/share/hrim_actuator_rotaryservo_msgs/cmake)
[8.314s] -- Configuring done
[8.491s] -- Generating done
[8.522s] -- Build files have been written to: /home/user/ros2_ws/build/mara_minimal_publisher
[8.988s] [35m[1mScanning dependencies of target mara_minimal_publisher_v2[0m
[9.236s] [ 25%] [32mBuilding CXX object CMakeFiles/mara_minimal_publisher_v2.dir/src/mara_minimal_publisher_v2.cpp.o[0m
[48.180s] [ 50%] [32m[1mLinking CXX executable mara_minimal_publisher_v2[0m
[49.540s] [ 50%] Built target mara_minimal_publisher_v2
[49.644s] [35m[1mScanning dependencies of target mara_minimal_publisher_v1[0m
[49.915s] [ 75%] [32mBuilding CXX object CMakeFiles/mara_minimal_publisher_v1.dir/src/mara_minimal_publisher_v1.cpp.o[0m
[66.802s] [100%] [32m[1mLinking CXX executable mara_minimal_publisher_v1[0m
[67.680s] [100%] Built target mara_minimal_publisher_v1
