[1.441s] Invoking command in '/home/user/ros2_ws/src/ldmk_package': PYTHONPATH=/home/user/ros2_ws/install/ldmk_package/lib/python3.8/site-packages:${PYTHONPATH} _=/usr/bin/env /usr/bin/python3 setup.py egg_info --egg-base ../../build/ldmk_package build --build-base /home/user/ros2_ws/build/ldmk_package/build install --prefix /home/user/ros2_ws/install/ldmk_package --record /home/user/ros2_ws/build/ldmk_package/install.log --single-version-externally-managed
[2.825s] running egg_info
[2.833s] writing ../../build/ldmk_package/ldmk_package.egg-info/PKG-INFO
[2.833s] writing dependency_links to ../../build/ldmk_package/ldmk_package.egg-info/dependency_links.txt
[2.836s] writing entry points to ../../build/ldmk_package/ldmk_package.egg-info/entry_points.txt
[2.837s] writing requirements to ../../build/ldmk_package/ldmk_package.egg-info/requires.txt
[2.837s] writing top-level names to ../../build/ldmk_package/ldmk_package.egg-info/top_level.txt
[3.065s] reading manifest file '../../build/ldmk_package/ldmk_package.egg-info/SOURCES.txt'
[3.066s] writing manifest file '../../build/ldmk_package/ldmk_package.egg-info/SOURCES.txt'
[3.066s] running build
[3.066s] running build_py
[3.067s] copying ldmk_package/anglespublisher.py -> /home/user/ros2_ws/build/ldmk_package/build/lib/ldmk_package
[3.067s] copying ldmk_package/roboticsIK.py -> /home/user/ros2_ws/build/ldmk_package/build/lib/ldmk_package
[3.068s] running install
[3.070s] running install_lib
[3.157s] copying /home/user/ros2_ws/build/ldmk_package/build/lib/ldmk_package/anglespublisher.py -> /home/user/ros2_ws/install/ldmk_package/lib/python3.8/site-packages/ldmk_package
[3.158s] copying /home/user/ros2_ws/build/ldmk_package/build/lib/ldmk_package/roboticsIK.py -> /home/user/ros2_ws/install/ldmk_package/lib/python3.8/site-packages/ldmk_package
[3.159s] byte-compiling /home/user/ros2_ws/install/ldmk_package/lib/python3.8/site-packages/ldmk_package/anglespublisher.py to anglespublisher.cpython-38.pyc
[3.164s] byte-compiling /home/user/ros2_ws/install/ldmk_package/lib/python3.8/site-packages/ldmk_package/roboticsIK.py to roboticsIK.cpython-38.pyc
[3.210s] running install_data
[3.212s] running install_egg_info
[3.219s] removing '/home/user/ros2_ws/install/ldmk_package/lib/python3.8/site-packages/ldmk_package-0.0.0-py3.8.egg-info' (and everything under it)
[3.220s] Copying ../../build/ldmk_package/ldmk_package.egg-info to /home/user/ros2_ws/install/ldmk_package/lib/python3.8/site-packages/ldmk_package-0.0.0-py3.8.egg-info
[3.223s] running install_scripts
[3.303s] Installing roboticsIK script to /home/user/ros2_ws/install/ldmk_package/lib/ldmk_package
[3.304s] writing list of installed files to '/home/user/ros2_ws/build/ldmk_package/install.log'
[3.353s] Invoked command in '/home/user/ros2_ws/src/ldmk_package' returned '0': PYTHONPATH=/home/user/ros2_ws/install/ldmk_package/lib/python3.8/site-packages:${PYTHONPATH} _=/usr/bin/env /usr/bin/python3 setup.py egg_info --egg-base ../../build/ldmk_package build --build-base /home/user/ros2_ws/build/ldmk_package/build install --prefix /home/user/ros2_ws/install/ldmk_package --record /home/user/ros2_ws/build/ldmk_package/install.log --single-version-externally-managed
