[0.182s] Invoking command in '/home/user/ros2_ws/build/mara_gazebo': CMAKE_PREFIX_PATH=${CMAKE_PREFIX_PATH}:/opt/ros/foxy _=/usr/bin/env /usr/bin/cmake --build /home/user/ros2_ws/build/mara_gazebo -- -j8 -l8
[0.491s] Invoked command in '/home/user/ros2_ws/build/mara_gazebo' returned '0': CMAKE_PREFIX_PATH=${CMAKE_PREFIX_PATH}:/opt/ros/foxy _=/usr/bin/env /usr/bin/cmake --build /home/user/ros2_ws/build/mara_gazebo -- -j8 -l8
[0.968s] Invoking command in '/home/user/ros2_ws/build/mara_gazebo': CMAKE_PREFIX_PATH=${CMAKE_PREFIX_PATH}:/opt/ros/foxy _=/usr/bin/env /usr/bin/cmake --install /home/user/ros2_ws/build/mara_gazebo
[0.992s] -- Install configuration: ""
[0.992s] -- Up-to-date: /home/user/ros2_ws/install/mara_gazebo/share/mara_gazebo/launch
[0.992s] -- Installing: /home/user/ros2_ws/install/mara_gazebo/share/mara_gazebo/launch/mara.launch.py
[0.993s] -- Up-to-date: /home/user/ros2_ws/install/mara_gazebo/share/ament_index/resource_index/package_run_dependencies/mara_gazebo
[0.993s] -- Up-to-date: /home/user/ros2_ws/install/mara_gazebo/share/ament_index/resource_index/parent_prefix_path/mara_gazebo
[0.993s] -- Up-to-date: /home/user/ros2_ws/install/mara_gazebo/share/mara_gazebo/environment/ament_prefix_path.sh
[0.993s] -- Up-to-date: /home/user/ros2_ws/install/mara_gazebo/share/mara_gazebo/environment/ament_prefix_path.dsv
[0.993s] -- Up-to-date: /home/user/ros2_ws/install/mara_gazebo/share/mara_gazebo/environment/path.sh
[0.993s] -- Up-to-date: /home/user/ros2_ws/install/mara_gazebo/share/mara_gazebo/environment/path.dsv
[0.993s] -- Up-to-date: /home/user/ros2_ws/install/mara_gazebo/share/mara_gazebo/local_setup.bash
[0.993s] -- Up-to-date: /home/user/ros2_ws/install/mara_gazebo/share/mara_gazebo/local_setup.sh
[0.994s] -- Up-to-date: /home/user/ros2_ws/install/mara_gazebo/share/mara_gazebo/local_setup.zsh
[1.065s] -- Up-to-date: /home/user/ros2_ws/install/mara_gazebo/share/mara_gazebo/local_setup.dsv
[1.065s] -- Installing: /home/user/ros2_ws/install/mara_gazebo/share/mara_gazebo/package.dsv
[1.077s] -- Up-to-date: /home/user/ros2_ws/install/mara_gazebo/share/ament_index/resource_index/packages/mara_gazebo
[1.077s] -- Up-to-date: /home/user/ros2_ws/install/mara_gazebo/share/mara_gazebo/cmake/ament_cmake_export_dependencies-extras.cmake
[1.077s] -- Up-to-date: /home/user/ros2_ws/install/mara_gazebo/share/mara_gazebo/cmake/mara_gazeboConfig.cmake
[1.078s] -- Up-to-date: /home/user/ros2_ws/install/mara_gazebo/share/mara_gazebo/cmake/mara_gazeboConfig-version.cmake
[1.078s] -- Up-to-date: /home/user/ros2_ws/install/mara_gazebo/share/mara_gazebo/package.xml
[1.078s] Invoked command in '/home/user/ros2_ws/build/mara_gazebo' returned '0': CMAKE_PREFIX_PATH=${CMAKE_PREFIX_PATH}:/opt/ros/foxy _=/usr/bin/env /usr/bin/cmake --install /home/user/ros2_ws/build/mara_gazebo
