[0.279s] Invoking command in '/home/user/ros2_ws/build/hans_t9_4_description': CMAKE_PREFIX_PATH=/opt/ros/foxy:${CMAKE_PREFIX_PATH} _=/usr/bin/env /usr/bin/cmake /home/user/ros2_ws/src/ros2_mara/hans_modular_servomotor/hans_t9_4_description -DCMAKE_INSTALL_PREFIX=/home/user/ros2_ws/install/hans_t9_4_description
[14.634s] -- The C compiler identification is GNU 9.3.0
[14.634s] -- The CXX compiler identification is GNU 9.3.0
[14.634s] -- Check for working C compiler: /usr/bin/cc
[14.634s] -- Check for working C compiler: /usr/bin/cc -- works
[14.634s] -- Detecting C compiler ABI info
[14.635s] -- Detecting C compiler ABI info - done
[14.635s] -- Detecting C compile features
[14.635s] -- Detecting C compile features - done
[14.635s] -- Check for working CXX compiler: /usr/bin/c++
[14.635s] -- Check for working CXX compiler: /usr/bin/c++ -- works
[14.635s] -- Detecting CXX compiler ABI info
[14.635s] -- Detecting CXX compiler ABI info - done
[14.639s] -- Detecting CXX compile features
[14.640s] -- Detecting CXX compile features - done
[14.640s] -- Found ament_cmake: 0.9.7 (/opt/ros/foxy/share/ament_cmake/cmake)
[14.640s] -- Found PythonInterp: /usr/bin/python3 (found suitable version "3.8.5", minimum required is "3") 
[14.640s] -- Using PYTHON_EXECUTABLE: /usr/bin/python3
[14.640s] -- Found urdf: 2.4.0 (/opt/ros/foxy/share/urdf/cmake)
[14.640s] -- Configuring done
[14.641s] -- Generating done
[14.641s] -- Build files have been written to: /home/user/ros2_ws/build/hans_t9_4_description
[14.659s] Invoked command in '/home/user/ros2_ws/build/hans_t9_4_description' returned '0': CMAKE_PREFIX_PATH=/opt/ros/foxy:${CMAKE_PREFIX_PATH} _=/usr/bin/env /usr/bin/cmake /home/user/ros2_ws/src/ros2_mara/hans_modular_servomotor/hans_t9_4_description -DCMAKE_INSTALL_PREFIX=/home/user/ros2_ws/install/hans_t9_4_description
[14.661s] Invoking command in '/home/user/ros2_ws/build/hans_t9_4_description': CMAKE_PREFIX_PATH=/opt/ros/foxy:${CMAKE_PREFIX_PATH} _=/usr/bin/env /usr/bin/cmake --build /home/user/ros2_ws/build/hans_t9_4_description -- -j16 -l16
[16.891s] Invoked command in '/home/user/ros2_ws/build/hans_t9_4_description' returned '0': CMAKE_PREFIX_PATH=/opt/ros/foxy:${CMAKE_PREFIX_PATH} _=/usr/bin/env /usr/bin/cmake --build /home/user/ros2_ws/build/hans_t9_4_description -- -j16 -l16
[17.151s] Invoking command in '/home/user/ros2_ws/build/hans_t9_4_description': CMAKE_PREFIX_PATH=/opt/ros/foxy:${CMAKE_PREFIX_PATH} _=/usr/bin/env /usr/bin/cmake --install /home/user/ros2_ws/build/hans_t9_4_description
[17.352s] -- Install configuration: ""
[17.352s] -- Installing: /home/user/ros2_ws/install/hans_t9_4_description/share/hans_t9_4_description/meshes
[17.352s] -- Installing: /home/user/ros2_ws/install/hans_t9_4_description/share/hans_t9_4_description/meshes/HANS_T5.4_black.dae
[17.352s] -- Installing: /home/user/ros2_ws/install/hans_t9_4_description/share/hans_t9_4_description/meshes/HANS_T5.4.dae
[17.353s] -- Installing: /home/user/ros2_ws/install/hans_t9_4_description/share/hans_t9_4_description/urdf
[17.353s] -- Installing: /home/user/ros2_ws/install/hans_t9_4_description/share/hans_t9_4_description/urdf/hans_t9.4.urdf.xacro
[17.353s] -- Installing: /home/user/ros2_ws/install/hans_t9_4_description/share/hans_t9_4_description/urdf/hans_module.urdf.xacro
[17.353s] -- Installing: /home/user/ros2_ws/install/hans_t9_4_description/share/hans_t9_4_description/urdf/hans_t9.4.urdf
[17.353s] -- Installing: /home/user/ros2_ws/install/hans_t9_4_description/share/hans_t9_4_description/rviz
[17.353s] -- Installing: /home/user/ros2_ws/install/hans_t9_4_description/share/hans_t9_4_description/rviz/visualization.rviz
[17.354s] -- Installing: /home/user/ros2_ws/install/hans_t9_4_description/share/ament_index/resource_index/package_run_dependencies/hans_t9_4_description
[17.354s] -- Installing: /home/user/ros2_ws/install/hans_t9_4_description/share/ament_index/resource_index/parent_prefix_path/hans_t9_4_description
[17.354s] -- Installing: /home/user/ros2_ws/install/hans_t9_4_description/share/hans_t9_4_description/environment/ament_prefix_path.sh
[17.354s] -- Installing: /home/user/ros2_ws/install/hans_t9_4_description/share/hans_t9_4_description/environment/ament_prefix_path.dsv
[17.354s] -- Installing: /home/user/ros2_ws/install/hans_t9_4_description/share/hans_t9_4_description/environment/path.sh
[17.354s] -- Installing: /home/user/ros2_ws/install/hans_t9_4_description/share/hans_t9_4_description/environment/path.dsv
[17.354s] -- Installing: /home/user/ros2_ws/install/hans_t9_4_description/share/hans_t9_4_description/local_setup.bash
[17.354s] -- Installing: /home/user/ros2_ws/install/hans_t9_4_description/share/hans_t9_4_description/local_setup.sh
[17.355s] -- Installing: /home/user/ros2_ws/install/hans_t9_4_description/share/hans_t9_4_description/local_setup.zsh
[17.355s] -- Installing: /home/user/ros2_ws/install/hans_t9_4_description/share/hans_t9_4_description/local_setup.dsv
[17.355s] -- Installing: /home/user/ros2_ws/install/hans_t9_4_description/share/hans_t9_4_description/package.dsv
[17.355s] -- Installing: /home/user/ros2_ws/install/hans_t9_4_description/share/ament_index/resource_index/packages/hans_t9_4_description
[17.355s] -- Installing: /home/user/ros2_ws/install/hans_t9_4_description/share/hans_t9_4_description/cmake/ament_cmake_export_dependencies-extras.cmake
[17.355s] -- Installing: /home/user/ros2_ws/install/hans_t9_4_description/share/hans_t9_4_description/cmake/hans_t9_4_descriptionConfig.cmake
[17.356s] -- Installing: /home/user/ros2_ws/install/hans_t9_4_description/share/hans_t9_4_description/cmake/hans_t9_4_descriptionConfig-version.cmake
[17.356s] -- Installing: /home/user/ros2_ws/install/hans_t9_4_description/share/hans_t9_4_description/package.xml
[17.600s] Invoked command in '/home/user/ros2_ws/build/hans_t9_4_description' returned '0': CMAKE_PREFIX_PATH=/opt/ros/foxy:${CMAKE_PREFIX_PATH} _=/usr/bin/env /usr/bin/cmake --install /home/user/ros2_ws/build/hans_t9_4_description
