[0.094s] Invoking command in '/home/user/ros2_ws/build/mara_minimal_publisher': AMENT_PREFIX_PATH=/home/user/ros2_ws/install/hrim_actuator_rotaryservo_msgs:${AMENT_PREFIX_PATH} CMAKE_PREFIX_PATH=/home/user/ros2_ws/install/hrim_actuator_rotaryservo_msgs:/opt/ros/foxy:${CMAKE_PREFIX_PATH} LD_LIBRARY_PATH=/home/user/ros2_ws/install/hrim_actuator_rotaryservo_msgs/lib:${LD_LIBRARY_PATH} PYTHONPATH=/home/user/ros2_ws/install/hrim_actuator_rotaryservo_msgs/lib/python3.8/site-packages:${PYTHONPATH} _=/usr/bin/env /usr/bin/cmake /home/user/ros2_ws/src/ros2_mara/mara_examples/mara_minimal_publisher -DCMAKE_INSTALL_PREFIX=/home/user/ros2_ws/install/mara_minimal_publisher
[0.253s] -- The C compiler identification is GNU 9.3.0
[0.455s] -- The CXX compiler identification is GNU 9.3.0
[0.465s] -- Check for working C compiler: /usr/bin/cc
[0.691s] -- Check for working C compiler: /usr/bin/cc -- works
[0.692s] -- Detecting C compiler ABI info
[0.994s] -- Detecting C compiler ABI info - done
[1.034s] -- Detecting C compile features
[1.044s] -- Detecting C compile features - done
[1.049s] -- Check for working CXX compiler: /usr/bin/c++
[1.331s] -- Check for working CXX compiler: /usr/bin/c++ -- works
[1.333s] -- Detecting CXX compiler ABI info
[1.587s] -- Detecting CXX compiler ABI info - done
[1.612s] -- Detecting CXX compile features
[1.613s] -- Detecting CXX compile features - done
[1.620s] -- Found ament_cmake: 0.9.7 (/opt/ros/foxy/share/ament_cmake/cmake)
[1.695s] -- Found PythonInterp: /usr/bin/python3 (found suitable version "3.8.5", minimum required is "3") 
[1.696s] -- Using PYTHON_EXECUTABLE: /usr/bin/python3
[2.383s] -- Found rclcpp: 2.2.0 (/opt/ros/foxy/share/rclcpp/cmake)
[2.468s] -- Using all available rosidl_typesupport_c: rosidl_typesupport_fastrtps_c;rosidl_typesupport_introspection_c
[2.496s] -- Found rosidl_adapter: 1.1.0 (/opt/ros/foxy/share/rosidl_adapter/cmake)
[3.005s] -- Found OpenSSL: /usr/lib/x86_64-linux-gnu/libcrypto.so (found version "1.1.1f")  
[3.094s] -- Found FastRTPS: /opt/ros/foxy/include  
[3.352s] -- Using all available rosidl_typesupport_cpp: rosidl_typesupport_fastrtps_cpp;rosidl_typesupport_introspection_cpp
[3.471s] -- Found rmw_implementation_cmake: 1.0.2 (/opt/ros/foxy/share/rmw_implementation_cmake/cmake)
[3.478s] -- Using RMW implementation 'rmw_fastrtps_cpp' as default
[3.484s] -- Looking for pthread.h
[3.649s] -- Looking for pthread.h - found
[3.649s] -- Performing Test CMAKE_HAVE_LIBC_PTHREAD
[3.881s] -- Performing Test CMAKE_HAVE_LIBC_PTHREAD - Failed
[3.881s] -- Looking for pthread_create in pthreads
[4.062s] -- Looking for pthread_create in pthreads - not found
[4.063s] -- Looking for pthread_create in pthread
[4.312s] -- Looking for pthread_create in pthread - found
[4.312s] -- Found Threads: TRUE  
[4.653s] -- Found hrim_actuator_rotaryservo_msgs: 0.3.0 (/home/user/ros2_ws/install/hrim_actuator_rotaryservo_msgs/share/hrim_actuator_rotaryservo_msgs/cmake)
[5.015s] -- Configuring done
[5.040s] -- Generating done
[5.042s] -- Build files have been written to: /home/user/ros2_ws/build/mara_minimal_publisher
[5.061s] Invoked command in '/home/user/ros2_ws/build/mara_minimal_publisher' returned '0': AMENT_PREFIX_PATH=/home/user/ros2_ws/install/hrim_actuator_rotaryservo_msgs:${AMENT_PREFIX_PATH} CMAKE_PREFIX_PATH=/home/user/ros2_ws/install/hrim_actuator_rotaryservo_msgs:/opt/ros/foxy:${CMAKE_PREFIX_PATH} LD_LIBRARY_PATH=/home/user/ros2_ws/install/hrim_actuator_rotaryservo_msgs/lib:${LD_LIBRARY_PATH} PYTHONPATH=/home/user/ros2_ws/install/hrim_actuator_rotaryservo_msgs/lib/python3.8/site-packages:${PYTHONPATH} _=/usr/bin/env /usr/bin/cmake /home/user/ros2_ws/src/ros2_mara/mara_examples/mara_minimal_publisher -DCMAKE_INSTALL_PREFIX=/home/user/ros2_ws/install/mara_minimal_publisher
[5.062s] Invoking command in '/home/user/ros2_ws/build/mara_minimal_publisher': AMENT_PREFIX_PATH=/home/user/ros2_ws/install/hrim_actuator_rotaryservo_msgs:${AMENT_PREFIX_PATH} CMAKE_PREFIX_PATH=/home/user/ros2_ws/install/hrim_actuator_rotaryservo_msgs:/opt/ros/foxy:${CMAKE_PREFIX_PATH} LD_LIBRARY_PATH=/home/user/ros2_ws/install/hrim_actuator_rotaryservo_msgs/lib:${LD_LIBRARY_PATH} PYTHONPATH=/home/user/ros2_ws/install/hrim_actuator_rotaryservo_msgs/lib/python3.8/site-packages:${PYTHONPATH} _=/usr/bin/env /usr/bin/cmake --build /home/user/ros2_ws/build/mara_minimal_publisher -- -j16 -l16
[5.158s] [35m[1mScanning dependencies of target mara_minimal_publisher_v2[0m
[5.242s] [ 25%] [32mBuilding CXX object CMakeFiles/mara_minimal_publisher_v2.dir/src/mara_minimal_publisher_v2.cpp.o[0m
[12.302s] [ 50%] [32m[1mLinking CXX executable mara_minimal_publisher_v2[0m
[12.686s] [ 50%] Built target mara_minimal_publisher_v2
[12.727s] [35m[1mScanning dependencies of target mara_minimal_publisher_v1[0m
[12.840s] [ 75%] [32mBuilding CXX object CMakeFiles/mara_minimal_publisher_v1.dir/src/mara_minimal_publisher_v1.cpp.o[0m
[19.070s] [100%] [32m[1mLinking CXX executable mara_minimal_publisher_v1[0m
[19.394s] [100%] Built target mara_minimal_publisher_v1
[19.425s] Invoked command in '/home/user/ros2_ws/build/mara_minimal_publisher' returned '0': AMENT_PREFIX_PATH=/home/user/ros2_ws/install/hrim_actuator_rotaryservo_msgs:${AMENT_PREFIX_PATH} CMAKE_PREFIX_PATH=/home/user/ros2_ws/install/hrim_actuator_rotaryservo_msgs:/opt/ros/foxy:${CMAKE_PREFIX_PATH} LD_LIBRARY_PATH=/home/user/ros2_ws/install/hrim_actuator_rotaryservo_msgs/lib:${LD_LIBRARY_PATH} PYTHONPATH=/home/user/ros2_ws/install/hrim_actuator_rotaryservo_msgs/lib/python3.8/site-packages:${PYTHONPATH} _=/usr/bin/env /usr/bin/cmake --build /home/user/ros2_ws/build/mara_minimal_publisher -- -j16 -l16
[19.621s] Invoking command in '/home/user/ros2_ws/build/mara_minimal_publisher': AMENT_PREFIX_PATH=/home/user/ros2_ws/install/hrim_actuator_rotaryservo_msgs:${AMENT_PREFIX_PATH} CMAKE_PREFIX_PATH=/home/user/ros2_ws/install/hrim_actuator_rotaryservo_msgs:/opt/ros/foxy:${CMAKE_PREFIX_PATH} LD_LIBRARY_PATH=/home/user/ros2_ws/install/hrim_actuator_rotaryservo_msgs/lib:${LD_LIBRARY_PATH} PYTHONPATH=/home/user/ros2_ws/install/hrim_actuator_rotaryservo_msgs/lib/python3.8/site-packages:${PYTHONPATH} _=/usr/bin/env /usr/bin/cmake --install /home/user/ros2_ws/build/mara_minimal_publisher
[19.644s] -- Install configuration: ""
[19.647s] -- Installing: /home/user/ros2_ws/install/mara_minimal_publisher/lib/mara_minimal_publisher/mara_minimal_publisher_v1
[19.647s] -- Set runtime path of "/home/user/ros2_ws/install/mara_minimal_publisher/lib/mara_minimal_publisher/mara_minimal_publisher_v1" to ""
[19.647s] -- Installing: /home/user/ros2_ws/install/mara_minimal_publisher/lib/mara_minimal_publisher/mara_minimal_publisher_v2
[19.652s] -- Set runtime path of "/home/user/ros2_ws/install/mara_minimal_publisher/lib/mara_minimal_publisher/mara_minimal_publisher_v2" to ""
[19.652s] -- Installing: /home/user/ros2_ws/install/mara_minimal_publisher/lib/mara_minimal_publisher/mara_minimal_publisher_v1.py
[19.652s] -- Installing: /home/user/ros2_ws/install/mara_minimal_publisher/lib/mara_minimal_publisher/mara_minimal_publisher_v2.py
[19.653s] -- Installing: /home/user/ros2_ws/install/mara_minimal_publisher/share/ament_index/resource_index/package_run_dependencies/mara_minimal_publisher
[19.653s] -- Installing: /home/user/ros2_ws/install/mara_minimal_publisher/share/ament_index/resource_index/parent_prefix_path/mara_minimal_publisher
[19.654s] -- Installing: /home/user/ros2_ws/install/mara_minimal_publisher/share/mara_minimal_publisher/environment/ament_prefix_path.sh
[19.655s] -- Installing: /home/user/ros2_ws/install/mara_minimal_publisher/share/mara_minimal_publisher/environment/ament_prefix_path.dsv
[19.655s] -- Installing: /home/user/ros2_ws/install/mara_minimal_publisher/share/mara_minimal_publisher/environment/path.sh
[19.659s] -- Installing: /home/user/ros2_ws/install/mara_minimal_publisher/share/mara_minimal_publisher/environment/path.dsv
[19.660s] -- Installing: /home/user/ros2_ws/install/mara_minimal_publisher/share/mara_minimal_publisher/local_setup.bash
[19.660s] -- Installing: /home/user/ros2_ws/install/mara_minimal_publisher/share/mara_minimal_publisher/local_setup.sh
[19.661s] -- Installing: /home/user/ros2_ws/install/mara_minimal_publisher/share/mara_minimal_publisher/local_setup.zsh
[19.662s] -- Installing: /home/user/ros2_ws/install/mara_minimal_publisher/share/mara_minimal_publisher/local_setup.dsv
[19.662s] -- Installing: /home/user/ros2_ws/install/mara_minimal_publisher/share/mara_minimal_publisher/package.dsv
[19.663s] -- Installing: /home/user/ros2_ws/install/mara_minimal_publisher/share/ament_index/resource_index/packages/mara_minimal_publisher
[19.663s] -- Installing: /home/user/ros2_ws/install/mara_minimal_publisher/share/mara_minimal_publisher/cmake/mara_minimal_publisherConfig.cmake
[19.664s] -- Installing: /home/user/ros2_ws/install/mara_minimal_publisher/share/mara_minimal_publisher/cmake/mara_minimal_publisherConfig-version.cmake
[19.664s] -- Installing: /home/user/ros2_ws/install/mara_minimal_publisher/share/mara_minimal_publisher/package.xml
[19.667s] Invoked command in '/home/user/ros2_ws/build/mara_minimal_publisher' returned '0': AMENT_PREFIX_PATH=/home/user/ros2_ws/install/hrim_actuator_rotaryservo_msgs:${AMENT_PREFIX_PATH} CMAKE_PREFIX_PATH=/home/user/ros2_ws/install/hrim_actuator_rotaryservo_msgs:/opt/ros/foxy:${CMAKE_PREFIX_PATH} LD_LIBRARY_PATH=/home/user/ros2_ws/install/hrim_actuator_rotaryservo_msgs/lib:${LD_LIBRARY_PATH} PYTHONPATH=/home/user/ros2_ws/install/hrim_actuator_rotaryservo_msgs/lib/python3.8/site-packages:${PYTHONPATH} _=/usr/bin/env /usr/bin/cmake --install /home/user/ros2_ws/build/mara_minimal_publisher
