[0.272s] Invoking command in '/home/user/ros2_ws/build/mara_bringup': CMAKE_PREFIX_PATH=/opt/ros/foxy:${CMAKE_PREFIX_PATH} _=/usr/bin/env /usr/bin/cmake /home/user/ros2_ws/src/ros2_mara/mara/mara_bringup -DCMAKE_INSTALL_PREFIX=/home/user/ros2_ws/install/mara_bringup
[14.630s] -- The C compiler identification is GNU 9.3.0
[14.630s] -- The CXX compiler identification is GNU 9.3.0
[14.631s] -- Check for working C compiler: /usr/bin/cc
[14.631s] -- Check for working C compiler: /usr/bin/cc -- works
[14.631s] -- Detecting C compiler ABI info
[14.631s] -- Detecting C compiler ABI info - done
[14.631s] -- Detecting C compile features
[14.631s] -- Detecting C compile features - done
[14.631s] -- Check for working CXX compiler: /usr/bin/c++
[14.631s] -- Check for working CXX compiler: /usr/bin/c++ -- works
[14.631s] -- Detecting CXX compiler ABI info
[14.631s] -- Detecting CXX compiler ABI info - done
[14.632s] -- Detecting CXX compile features
[14.632s] -- Detecting CXX compile features - done
[14.632s] -- Found ament_cmake: 0.9.7 (/opt/ros/foxy/share/ament_cmake/cmake)
[14.632s] -- Found PythonInterp: /usr/bin/python3 (found suitable version "3.8.5", minimum required is "3") 
[14.632s] -- Using PYTHON_EXECUTABLE: /usr/bin/python3
[14.632s] -- Found rclcpp: 2.2.0 (/opt/ros/foxy/share/rclcpp/cmake)
[14.632s] -- Using all available rosidl_typesupport_c: rosidl_typesupport_fastrtps_c;rosidl_typesupport_introspection_c
[14.632s] -- Found rosidl_adapter: 1.1.0 (/opt/ros/foxy/share/rosidl_adapter/cmake)
[15.185s] -- Found OpenSSL: /usr/lib/x86_64-linux-gnu/libcrypto.so (found version "1.1.1f")  
[15.243s] -- Found FastRTPS: /opt/ros/foxy/include  
[15.445s] -- Using all available rosidl_typesupport_cpp: rosidl_typesupport_fastrtps_cpp;rosidl_typesupport_introspection_cpp
[15.693s] -- Found rmw_implementation_cmake: 1.0.2 (/opt/ros/foxy/share/rmw_implementation_cmake/cmake)
[15.699s] -- Using RMW implementation 'rmw_fastrtps_cpp' as default
[15.702s] -- Looking for pthread.h
[16.324s] -- Looking for pthread.h - found
[16.325s] -- Performing Test CMAKE_HAVE_LIBC_PTHREAD
[16.454s] -- Performing Test CMAKE_HAVE_LIBC_PTHREAD - Failed
[16.455s] -- Looking for pthread_create in pthreads
[16.571s] -- Looking for pthread_create in pthreads - not found
[16.571s] -- Looking for pthread_create in pthread
[16.706s] -- Looking for pthread_create in pthread - found
[16.706s] -- Found Threads: TRUE  
[17.388s] -- Configuring done
[17.390s] -- Generating done
[17.392s] -- Build files have been written to: /home/user/ros2_ws/build/mara_bringup
[17.703s] Invoked command in '/home/user/ros2_ws/build/mara_bringup' returned '0': CMAKE_PREFIX_PATH=/opt/ros/foxy:${CMAKE_PREFIX_PATH} _=/usr/bin/env /usr/bin/cmake /home/user/ros2_ws/src/ros2_mara/mara/mara_bringup -DCMAKE_INSTALL_PREFIX=/home/user/ros2_ws/install/mara_bringup
[17.706s] Invoking command in '/home/user/ros2_ws/build/mara_bringup': CMAKE_PREFIX_PATH=/opt/ros/foxy:${CMAKE_PREFIX_PATH} _=/usr/bin/env /usr/bin/cmake --build /home/user/ros2_ws/build/mara_bringup -- -j16 -l16
[18.037s] Invoked command in '/home/user/ros2_ws/build/mara_bringup' returned '0': CMAKE_PREFIX_PATH=/opt/ros/foxy:${CMAKE_PREFIX_PATH} _=/usr/bin/env /usr/bin/cmake --build /home/user/ros2_ws/build/mara_bringup -- -j16 -l16
[18.299s] Invoking command in '/home/user/ros2_ws/build/mara_bringup': CMAKE_PREFIX_PATH=/opt/ros/foxy:${CMAKE_PREFIX_PATH} _=/usr/bin/env /usr/bin/cmake --install /home/user/ros2_ws/build/mara_bringup
[21.989s] -- Install configuration: ""
[21.990s] -- Installing: /home/user/ros2_ws/install/mara_bringup/share/mara_bringup/launch
[21.990s] -- Installing: /home/user/ros2_ws/install/mara_bringup/share/mara_bringup/launch/mara.launch.py
[21.990s] -- Installing: /home/user/ros2_ws/install/mara_bringup/share/ament_index/resource_index/package_run_dependencies/mara_bringup
[21.990s] -- Installing: /home/user/ros2_ws/install/mara_bringup/share/ament_index/resource_index/parent_prefix_path/mara_bringup
[21.990s] -- Installing: /home/user/ros2_ws/install/mara_bringup/share/mara_bringup/environment/ament_prefix_path.sh
[21.990s] -- Installing: /home/user/ros2_ws/install/mara_bringup/share/mara_bringup/environment/ament_prefix_path.dsv
[21.990s] -- Installing: /home/user/ros2_ws/install/mara_bringup/share/mara_bringup/environment/path.sh
[21.991s] -- Installing: /home/user/ros2_ws/install/mara_bringup/share/mara_bringup/environment/path.dsv
[21.991s] -- Installing: /home/user/ros2_ws/install/mara_bringup/share/mara_bringup/local_setup.bash
[21.991s] -- Installing: /home/user/ros2_ws/install/mara_bringup/share/mara_bringup/local_setup.sh
[21.991s] -- Installing: /home/user/ros2_ws/install/mara_bringup/share/mara_bringup/local_setup.zsh
[21.991s] -- Installing: /home/user/ros2_ws/install/mara_bringup/share/mara_bringup/local_setup.dsv
[21.991s] -- Installing: /home/user/ros2_ws/install/mara_bringup/share/mara_bringup/package.dsv
[21.991s] -- Installing: /home/user/ros2_ws/install/mara_bringup/share/ament_index/resource_index/packages/mara_bringup
[21.992s] -- Installing: /home/user/ros2_ws/install/mara_bringup/share/mara_bringup/cmake/ament_cmake_export_dependencies-extras.cmake
[21.992s] -- Installing: /home/user/ros2_ws/install/mara_bringup/share/mara_bringup/cmake/mara_bringupConfig.cmake
[21.992s] -- Installing: /home/user/ros2_ws/install/mara_bringup/share/mara_bringup/cmake/mara_bringupConfig-version.cmake
[21.992s] -- Installing: /home/user/ros2_ws/install/mara_bringup/share/mara_bringup/package.xml
[22.027s] Invoked command in '/home/user/ros2_ws/build/mara_bringup' returned '0': CMAKE_PREFIX_PATH=/opt/ros/foxy:${CMAKE_PREFIX_PATH} _=/usr/bin/env /usr/bin/cmake --install /home/user/ros2_ws/build/mara_bringup
