[0.393s] Invoking command in '/home/user/ros2_ws/build/hans_t49_description': CMAKE_PREFIX_PATH=${CMAKE_PREFIX_PATH}:/opt/ros/foxy _=/usr/bin/env /usr/bin/cmake --build /home/user/ros2_ws/build/hans_t49_description -- -j8 -l8
[0.521s] -- Found ament_cmake: 0.9.9 (/opt/ros/foxy/share/ament_cmake/cmake)
[0.691s] -- Found PythonInterp: /usr/bin/python3 (found suitable version "3.8.10", minimum required is "3") 
[0.691s] -- Using PYTHON_EXECUTABLE: /usr/bin/python3
[2.891s] -- Found urdf: 2.4.0 (/opt/ros/foxy/share/urdf/cmake)
[3.804s] -- Configuring done
[3.815s] -- Generating done
[3.821s] -- Build files have been written to: /home/user/ros2_ws/build/hans_t49_description
[4.104s] Invoked command in '/home/user/ros2_ws/build/hans_t49_description' returned '0': CMAKE_PREFIX_PATH=${CMAKE_PREFIX_PATH}:/opt/ros/foxy _=/usr/bin/env /usr/bin/cmake --build /home/user/ros2_ws/build/hans_t49_description -- -j8 -l8
[4.624s] Invoking command in '/home/user/ros2_ws/build/hans_t49_description': CMAKE_PREFIX_PATH=${CMAKE_PREFIX_PATH}:/opt/ros/foxy _=/usr/bin/env /usr/bin/cmake --install /home/user/ros2_ws/build/hans_t49_description
[6.593s] -- Install configuration: ""
[6.597s] -- Up-to-date: /home/user/ros2_ws/install/hans_t49_description/share/hans_t49_description/meshes
[6.597s] -- Up-to-date: /home/user/ros2_ws/install/hans_t49_description/share/hans_t49_description/meshes/HANS_T49_Black.dae
[6.597s] -- Up-to-date: /home/user/ros2_ws/install/hans_t49_description/share/hans_t49_description/meshes/HANS_T49.dae
[6.597s] -- Up-to-date: /home/user/ros2_ws/install/hans_t49_description/share/hans_t49_description/urdf
[6.598s] -- Up-to-date: /home/user/ros2_ws/install/hans_t49_description/share/hans_t49_description/urdf/hans_module.urdf.xacro
[6.598s] -- Up-to-date: /home/user/ros2_ws/install/hans_t49_description/share/hans_t49_description/urdf/hans_t49.urdf.xacro
[6.598s] -- Up-to-date: /home/user/ros2_ws/install/hans_t49_description/share/hans_t49_description/urdf/hans_t49.urdf
[6.598s] -- Up-to-date: /home/user/ros2_ws/install/hans_t49_description/share/hans_t49_description/rviz
[6.599s] -- Up-to-date: /home/user/ros2_ws/install/hans_t49_description/share/hans_t49_description/rviz/visualization.rviz
[6.599s] -- Up-to-date: /home/user/ros2_ws/install/hans_t49_description/share/ament_index/resource_index/package_run_dependencies/hans_t49_description
[6.599s] -- Installing: /home/user/ros2_ws/install/hans_t49_description/share/ament_index/resource_index/parent_prefix_path/hans_t49_description
[6.599s] -- Installing: /home/user/ros2_ws/install/hans_t49_description/share/hans_t49_description/environment/ament_prefix_path.sh
[6.600s] -- Installing: /home/user/ros2_ws/install/hans_t49_description/share/hans_t49_description/environment/ament_prefix_path.dsv
[6.600s] -- Installing: /home/user/ros2_ws/install/hans_t49_description/share/hans_t49_description/environment/path.sh
[6.601s] -- Installing: /home/user/ros2_ws/install/hans_t49_description/share/hans_t49_description/environment/path.dsv
[6.602s] -- Installing: /home/user/ros2_ws/install/hans_t49_description/share/hans_t49_description/local_setup.bash
[6.602s] -- Installing: /home/user/ros2_ws/install/hans_t49_description/share/hans_t49_description/local_setup.sh
[6.607s] -- Installing: /home/user/ros2_ws/install/hans_t49_description/share/hans_t49_description/local_setup.zsh
[6.609s] -- Installing: /home/user/ros2_ws/install/hans_t49_description/share/hans_t49_description/local_setup.dsv
[6.609s] -- Installing: /home/user/ros2_ws/install/hans_t49_description/share/hans_t49_description/package.dsv
[6.609s] -- Up-to-date: /home/user/ros2_ws/install/hans_t49_description/share/ament_index/resource_index/packages/hans_t49_description
[6.609s] -- Installing: /home/user/ros2_ws/install/hans_t49_description/share/hans_t49_description/cmake/ament_cmake_export_dependencies-extras.cmake
[6.610s] -- Up-to-date: /home/user/ros2_ws/install/hans_t49_description/share/hans_t49_description/cmake/hans_t49_descriptionConfig.cmake
[6.612s] -- Up-to-date: /home/user/ros2_ws/install/hans_t49_description/share/hans_t49_description/cmake/hans_t49_descriptionConfig-version.cmake
[6.612s] -- Up-to-date: /home/user/ros2_ws/install/hans_t49_description/share/hans_t49_description/package.xml
[6.736s] Invoked command in '/home/user/ros2_ws/build/hans_t49_description' returned '0': CMAKE_PREFIX_PATH=${CMAKE_PREFIX_PATH}:/opt/ros/foxy _=/usr/bin/env /usr/bin/cmake --install /home/user/ros2_ws/build/hans_t49_description
