-- The C compiler identification is GNU 9.3.0
-- The CXX compiler identification is GNU 9.3.0
-- Check for working C compiler: /usr/bin/cc
-- Check for working C compiler: /usr/bin/cc -- works
-- Detecting C compiler ABI info
-- Detecting C compiler ABI info - done
-- Detecting C compile features
-- Detecting C compile features - done
-- Check for working CXX compiler: /usr/bin/c++
-- Check for working CXX compiler: /usr/bin/c++ -- works
-- Detecting CXX compiler ABI info
-- Detecting CXX compiler ABI info - done
-- Detecting CXX compile features
-- Detecting CXX compile features - done
-- Found ament_cmake: 0.9.7 (/opt/ros/foxy/share/ament_cmake/cmake)
-- Found PythonInterp: /usr/bin/python3 (found suitable version "3.8.5", minimum required is "3") 
-- Using PYTHON_EXECUTABLE: /usr/bin/python3
-- Found rosidl_default_generators: 1.0.0 (/opt/ros/foxy/share/rosidl_default_generators/cmake)
-- Using all available rosidl_typesupport_c: rosidl_typesupport_fastrtps_c;rosidl_typesupport_introspection_c
-- Found rosidl_adapter: 1.1.0 (/opt/ros/foxy/share/rosidl_adapter/cmake)
-- Found OpenSSL: /usr/lib/x86_64-linux-gnu/libcrypto.so (found version "1.1.1f")  
-- Found FastRTPS: /opt/ros/foxy/include  
-- Using all available rosidl_typesupport_cpp: rosidl_typesupport_fastrtps_cpp;rosidl_typesupport_introspection_cpp
-- Found PythonInterp: /usr/bin/python3 (found version "3.8.5") 
-- Found ament_cmake_ros: 0.9.0 (/opt/ros/foxy/share/ament_cmake_ros/cmake)
-- Using all available rosidl_typesupport_c: rosidl_typesupport_fastrtps_c;rosidl_typesupport_introspection_c
-- Using all available rosidl_typesupport_cpp: rosidl_typesupport_fastrtps_cpp;rosidl_typesupport_introspection_cpp
-- Found PythonInterp: /usr/bin/python3 (found suitable version "3.8.5", minimum required is "3.5") 
-- Found python_cmake_module: 0.8.0 (/opt/ros/foxy/share/python_cmake_module/cmake)
-- Found PythonLibs: /usr/lib/x86_64-linux-gnu/libpython3.8.so (found suitable version "3.8.5", minimum required is "3.5") 
-- Using PYTHON_EXECUTABLE: /usr/bin/python3
-- Using PYTHON_INCLUDE_DIRS: /usr/include/python3.8
-- Using PYTHON_LIBRARIES: /usr/lib/x86_64-linux-gnu/libpython3.8.so
-- Found PythonExtra: .so  
-- Configuring done
-- Generating done
-- Build files have been written to: /home/user/ros2_ws/build/hrim_generic_srvs
[35m[1mScanning dependencies of target hrim_generic_srvs__cpp[0m
[  1%] [34m[1mGenerating C code for ROS interfaces[0m
[  3%] [34m[1mGenerating C++ code for ROS interfaces[0m
[  3%] Built target hrim_generic_srvs__cpp
[  5%] [34m[1mGenerating C++ introspection for ROS interfaces[0m
[  7%] [34m[1mGenerating C++ type support dispatch for ROS interfaces[0m
[  9%] [34m[1mGenerating C++ type support for eProsima Fast-RTPS[0m
[35m[1mScanning dependencies of target hrim_generic_srvs__rosidl_generator_c[0m
[ 12%] [32mBuilding C object CMakeFiles/hrim_generic_srvs__rosidl_generator_c.dir/rosidl_generator_c/hrim_generic_srvs/srv/detail/id__functions.c.o[0m
[ 14%] [32mBuilding C object CMakeFiles/hrim_generic_srvs__rosidl_generator_c.dir/rosidl_generator_c/hrim_generic_srvs/srv/detail/simulation_urdf__functions.c.o[0m
[ 16%] [32mBuilding C object CMakeFiles/hrim_generic_srvs__rosidl_generator_c.dir/rosidl_generator_c/hrim_generic_srvs/srv/detail/simulation3_d__functions.c.o[0m
[ 16%] [32mBuilding C object CMakeFiles/hrim_generic_srvs__rosidl_generator_c.dir/rosidl_generator_c/hrim_generic_srvs/srv/detail/specs_communication__functions.c.o[0m
[ 18%] [32m[1mLinking C shared library libhrim_generic_srvs__rosidl_generator_c.so[0m
[ 18%] Built target hrim_generic_srvs__rosidl_generator_c
[35m[1mScanning dependencies of target hrim_generic_srvs__rosidl_typesupport_fastrtps_cpp[0m
[35m[1mScanning dependencies of target hrim_generic_srvs__rosidl_typesupport_cpp[0m
[ 20%] [32mBuilding CXX object CMakeFiles/hrim_generic_srvs__rosidl_typesupport_cpp.dir/rosidl_typesupport_cpp/hrim_generic_srvs/srv/id__type_support.cpp.o[0m
[35m[1mScanning dependencies of target hrim_generic_srvs__rosidl_typesupport_introspection_cpp[0m
[ 21%] [32mBuilding CXX object CMakeFiles/hrim_generic_srvs__rosidl_typesupport_fastrtps_cpp.dir/rosidl_typesupport_fastrtps_cpp/hrim_generic_srvs/srv/detail/dds_fastrtps/id__type_support.cpp.o[0m
[ 23%] [32mBuilding CXX object CMakeFiles/hrim_generic_srvs__rosidl_typesupport_introspection_cpp.dir/rosidl_typesupport_introspection_cpp/hrim_generic_srvs/srv/detail/id__type_support.cpp.o[0m
[ 25%] [32mBuilding CXX object CMakeFiles/hrim_generic_srvs__rosidl_typesupport_cpp.dir/rosidl_typesupport_cpp/hrim_generic_srvs/srv/specs_communication__type_support.cpp.o[0m
[ 27%] [32mBuilding CXX object CMakeFiles/hrim_generic_srvs__rosidl_typesupport_fastrtps_cpp.dir/rosidl_typesupport_fastrtps_cpp/hrim_generic_srvs/srv/detail/dds_fastrtps/specs_communication__type_support.cpp.o[0m
[ 29%] [32mBuilding CXX object CMakeFiles/hrim_generic_srvs__rosidl_typesupport_introspection_cpp.dir/rosidl_typesupport_introspection_cpp/hrim_generic_srvs/srv/detail/specs_communication__type_support.cpp.o[0m
[ 30%] [32mBuilding CXX object CMakeFiles/hrim_generic_srvs__rosidl_typesupport_cpp.dir/rosidl_typesupport_cpp/hrim_generic_srvs/srv/simulation_urdf__type_support.cpp.o[0m
[ 32%] [32mBuilding CXX object CMakeFiles/hrim_generic_srvs__rosidl_typesupport_fastrtps_cpp.dir/rosidl_typesupport_fastrtps_cpp/hrim_generic_srvs/srv/detail/dds_fastrtps/simulation_urdf__type_support.cpp.o[0m
[ 34%] [32mBuilding CXX object CMakeFiles/hrim_generic_srvs__rosidl_typesupport_introspection_cpp.dir/rosidl_typesupport_introspection_cpp/hrim_generic_srvs/srv/detail/simulation_urdf__type_support.cpp.o[0m
[ 36%] [32mBuilding CXX object CMakeFiles/hrim_generic_srvs__rosidl_typesupport_cpp.dir/rosidl_typesupport_cpp/hrim_generic_srvs/srv/simulation3_d__type_support.cpp.o[0m
[ 38%] [32mBuilding CXX object CMakeFiles/hrim_generic_srvs__rosidl_typesupport_introspection_cpp.dir/rosidl_typesupport_introspection_cpp/hrim_generic_srvs/srv/detail/simulation3_d__type_support.cpp.o[0m
[ 40%] [32mBuilding CXX object CMakeFiles/hrim_generic_srvs__rosidl_typesupport_fastrtps_cpp.dir/rosidl_typesupport_fastrtps_cpp/hrim_generic_srvs/srv/detail/dds_fastrtps/simulation3_d__type_support.cpp.o[0m
[ 41%] [32m[1mLinking CXX shared library libhrim_generic_srvs__rosidl_typesupport_cpp.so[0m
[ 41%] Built target hrim_generic_srvs__rosidl_typesupport_cpp
[ 43%] [32m[1mLinking CXX shared library libhrim_generic_srvs__rosidl_typesupport_introspection_cpp.so[0m
[ 43%] Built target hrim_generic_srvs__rosidl_typesupport_introspection_cpp
[ 45%] [32m[1mLinking CXX shared library libhrim_generic_srvs__rosidl_typesupport_fastrtps_cpp.so[0m
[ 45%] Built target hrim_generic_srvs__rosidl_typesupport_fastrtps_cpp
[ 47%] [34m[1mGenerating C introspection for ROS interfaces[0m
[35m[1mScanning dependencies of target hrim_generic_srvs__rosidl_typesupport_introspection_c[0m
[ 49%] [32mBuilding C object CMakeFiles/hrim_generic_srvs__rosidl_typesupport_introspection_c.dir/rosidl_typesupport_introspection_c/hrim_generic_srvs/srv/detail/id__type_support.c.o[0m
[ 50%] [32mBuilding C object CMakeFiles/hrim_generic_srvs__rosidl_typesupport_introspection_c.dir/rosidl_typesupport_introspection_c/hrim_generic_srvs/srv/detail/specs_communication__type_support.c.o[0m
[ 52%] [32mBuilding C object CMakeFiles/hrim_generic_srvs__rosidl_typesupport_introspection_c.dir/rosidl_typesupport_introspection_c/hrim_generic_srvs/srv/detail/simulation_urdf__type_support.c.o[0m
[ 54%] [32mBuilding C object CMakeFiles/hrim_generic_srvs__rosidl_typesupport_introspection_c.dir/rosidl_typesupport_introspection_c/hrim_generic_srvs/srv/detail/simulation3_d__type_support.c.o[0m
[ 56%] [32m[1mLinking C shared library libhrim_generic_srvs__rosidl_typesupport_introspection_c.so[0m
[ 56%] Built target hrim_generic_srvs__rosidl_typesupport_introspection_c
[ 58%] [34m[1mGenerating C type support for eProsima Fast-RTPS[0m
[35m[1mScanning dependencies of target hrim_generic_srvs__rosidl_typesupport_fastrtps_c[0m
[ 60%] [32mBuilding CXX object CMakeFiles/hrim_generic_srvs__rosidl_typesupport_fastrtps_c.dir/rosidl_typesupport_fastrtps_c/hrim_generic_srvs/srv/detail/id__type_support_c.cpp.o[0m
[ 61%] [32mBuilding CXX object CMakeFiles/hrim_generic_srvs__rosidl_typesupport_fastrtps_c.dir/rosidl_typesupport_fastrtps_c/hrim_generic_srvs/srv/detail/specs_communication__type_support_c.cpp.o[0m
[ 63%] [32mBuilding CXX object CMakeFiles/hrim_generic_srvs__rosidl_typesupport_fastrtps_c.dir/rosidl_typesupport_fastrtps_c/hrim_generic_srvs/srv/detail/simulation_urdf__type_support_c.cpp.o[0m
[ 65%] [32mBuilding CXX object CMakeFiles/hrim_generic_srvs__rosidl_typesupport_fastrtps_c.dir/rosidl_typesupport_fastrtps_c/hrim_generic_srvs/srv/detail/simulation3_d__type_support_c.cpp.o[0m
[ 67%] [32m[1mLinking CXX shared library libhrim_generic_srvs__rosidl_typesupport_fastrtps_c.so[0m
[ 67%] Built target hrim_generic_srvs__rosidl_typesupport_fastrtps_c
[ 69%] [34m[1mGenerating C type support dispatch for ROS interfaces[0m
[35m[1mScanning dependencies of target hrim_generic_srvs__rosidl_typesupport_c[0m
[ 70%] [32mBuilding CXX object CMakeFiles/hrim_generic_srvs__rosidl_typesupport_c.dir/rosidl_typesupport_c/hrim_generic_srvs/srv/id__type_support.cpp.o[0m
[ 72%] [32mBuilding CXX object CMakeFiles/hrim_generic_srvs__rosidl_typesupport_c.dir/rosidl_typesupport_c/hrim_generic_srvs/srv/specs_communication__type_support.cpp.o[0m
[ 74%] [32mBuilding CXX object CMakeFiles/hrim_generic_srvs__rosidl_typesupport_c.dir/rosidl_typesupport_c/hrim_generic_srvs/srv/simulation_urdf__type_support.cpp.o[0m
[ 76%] [32mBuilding CXX object CMakeFiles/hrim_generic_srvs__rosidl_typesupport_c.dir/rosidl_typesupport_c/hrim_generic_srvs/srv/simulation3_d__type_support.cpp.o[0m
[ 78%] [32m[1mLinking CXX shared library libhrim_generic_srvs__rosidl_typesupport_c.so[0m
[ 78%] Built target hrim_generic_srvs__rosidl_typesupport_c
[35m[1mScanning dependencies of target hrim_generic_srvs[0m
[ 78%] Built target hrim_generic_srvs
[35m[1mScanning dependencies of target hrim_generic_srvs__py[0m
[ 80%] [34m[1mGenerating Python code for ROS interfaces[0m
[ 80%] Built target hrim_generic_srvs__py
[35m[1mScanning dependencies of target hrim_generic_srvs__python[0m
[ 81%] [32mBuilding C object CMakeFiles/hrim_generic_srvs__python.dir/rosidl_generator_py/hrim_generic_srvs/srv/_id_s.c.o[0m
[ 83%] [32mBuilding C object CMakeFiles/hrim_generic_srvs__python.dir/rosidl_generator_py/hrim_generic_srvs/srv/_specs_communication_s.c.o[0m
[ 85%] [32mBuilding C object CMakeFiles/hrim_generic_srvs__python.dir/rosidl_generator_py/hrim_generic_srvs/srv/_simulation_urdf_s.c.o[0m
[ 87%] [32mBuilding C object CMakeFiles/hrim_generic_srvs__python.dir/rosidl_generator_py/hrim_generic_srvs/srv/_simulation3_d_s.c.o[0m
[ 89%] [32m[1mLinking C shared library rosidl_generator_py/hrim_generic_srvs/libhrim_generic_srvs__python.so[0m
[ 89%] Built target hrim_generic_srvs__python
[35m[1mScanning dependencies of target hrim_generic_srvs__rosidl_typesupport_c__pyext[0m
[ 90%] [32mBuilding C object CMakeFiles/hrim_generic_srvs__rosidl_typesupport_c__pyext.dir/rosidl_generator_py/hrim_generic_srvs/_hrim_generic_srvs_s.ep.rosidl_typesupport_c.c.o[0m
[ 92%] [32m[1mLinking C shared library rosidl_generator_py/hrim_generic_srvs/hrim_generic_srvs_s__rosidl_typesupport_c.cpython-38-x86_64-linux-gnu.so[0m
[ 92%] Built target hrim_generic_srvs__rosidl_typesupport_c__pyext
[35m[1mScanning dependencies of target hrim_generic_srvs__rosidl_typesupport_fastrtps_c__pyext[0m
[ 94%] [32mBuilding C object CMakeFiles/hrim_generic_srvs__rosidl_typesupport_fastrtps_c__pyext.dir/rosidl_generator_py/hrim_generic_srvs/_hrim_generic_srvs_s.ep.rosidl_typesupport_fastrtps_c.c.o[0m
[ 96%] [32m[1mLinking CXX shared library rosidl_generator_py/hrim_generic_srvs/hrim_generic_srvs_s__rosidl_typesupport_fastrtps_c.cpython-38-x86_64-linux-gnu.so[0m
[ 96%] Built target hrim_generic_srvs__rosidl_typesupport_fastrtps_c__pyext
[35m[1mScanning dependencies of target hrim_generic_srvs__rosidl_typesupport_introspection_c__pyext[0m
[ 98%] [32mBuilding C object CMakeFiles/hrim_generic_srvs__rosidl_typesupport_introspection_c__pyext.dir/rosidl_generator_py/hrim_generic_srvs/_hrim_generic_srvs_s.ep.rosidl_typesupport_introspection_c.c.o[0m
[100%] [32m[1mLinking C shared library rosidl_generator_py/hrim_generic_srvs/hrim_generic_srvs_s__rosidl_typesupport_introspection_c.cpython-38-x86_64-linux-gnu.so[0m
[100%] Built target hrim_generic_srvs__rosidl_typesupport_introspection_c__pyext
-- Install configuration: ""
-- Installing: /home/user/ros2_ws/install/hrim_generic_srvs/share/ament_index/resource_index/rosidl_interfaces/hrim_generic_srvs
-- Installing: /home/user/ros2_ws/install/hrim_generic_srvs/include/hrim_generic_srvs
-- Installing: /home/user/ros2_ws/install/hrim_generic_srvs/include/hrim_generic_srvs/srv
-- Installing: /home/user/ros2_ws/install/hrim_generic_srvs/include/hrim_generic_srvs/srv/detail
-- Installing: /home/user/ros2_ws/install/hrim_generic_srvs/include/hrim_generic_srvs/srv/detail/simulation3_d__type_support.h
-- Installing: /home/user/ros2_ws/install/hrim_generic_srvs/include/hrim_generic_srvs/srv/detail/specs_communication__struct.h
-- Installing: /home/user/ros2_ws/install/hrim_generic_srvs/include/hrim_generic_srvs/srv/detail/simulation_urdf__struct.h
-- Installing: /home/user/ros2_ws/install/hrim_generic_srvs/include/hrim_generic_srvs/srv/detail/simulation_urdf__functions.h
-- Installing: /home/user/ros2_ws/install/hrim_generic_srvs/include/hrim_generic_srvs/srv/detail/simulation_urdf__type_support.h
-- Installing: /home/user/ros2_ws/install/hrim_generic_srvs/include/hrim_generic_srvs/srv/detail/specs_communication__type_support.h
-- Installing: /home/user/ros2_ws/install/hrim_generic_srvs/include/hrim_generic_srvs/srv/detail/simulation3_d__functions.h
-- Installing: /home/user/ros2_ws/install/hrim_generic_srvs/include/hrim_generic_srvs/srv/detail/id__functions.h
-- Installing: /home/user/ros2_ws/install/hrim_generic_srvs/include/hrim_generic_srvs/srv/detail/id__functions.c
-- Installing: /home/user/ros2_ws/install/hrim_generic_srvs/include/hrim_generic_srvs/srv/detail/simulation3_d__struct.h
-- Installing: /home/user/ros2_ws/install/hrim_generic_srvs/include/hrim_generic_srvs/srv/detail/specs_communication__functions.h
-- Installing: /home/user/ros2_ws/install/hrim_generic_srvs/include/hrim_generic_srvs/srv/detail/simulation3_d__functions.c
-- Installing: /home/user/ros2_ws/install/hrim_generic_srvs/include/hrim_generic_srvs/srv/detail/specs_communication__functions.c
-- Installing: /home/user/ros2_ws/install/hrim_generic_srvs/include/hrim_generic_srvs/srv/detail/id__type_support.h
-- Installing: /home/user/ros2_ws/install/hrim_generic_srvs/include/hrim_generic_srvs/srv/detail/id__struct.h
-- Installing: /home/user/ros2_ws/install/hrim_generic_srvs/include/hrim_generic_srvs/srv/detail/simulation_urdf__functions.c
-- Installing: /home/user/ros2_ws/install/hrim_generic_srvs/include/hrim_generic_srvs/srv/simulation_urdf.h
-- Installing: /home/user/ros2_ws/install/hrim_generic_srvs/include/hrim_generic_srvs/srv/id.h
-- Installing: /home/user/ros2_ws/install/hrim_generic_srvs/include/hrim_generic_srvs/srv/simulation3_d.h
-- Installing: /home/user/ros2_ws/install/hrim_generic_srvs/include/hrim_generic_srvs/srv/specs_communication.h
-- Installing: /home/user/ros2_ws/install/hrim_generic_srvs/include/hrim_generic_srvs/msg
-- Installing: /home/user/ros2_ws/install/hrim_generic_srvs/include/hrim_generic_srvs/msg/rosidl_generator_c__visibility_control.h
-- Installing: /home/user/ros2_ws/install/hrim_generic_srvs/share/hrim_generic_srvs/environment/library_path.sh
-- Installing: /home/user/ros2_ws/install/hrim_generic_srvs/share/hrim_generic_srvs/environment/library_path.dsv
-- Installing: /home/user/ros2_ws/install/hrim_generic_srvs/lib/libhrim_generic_srvs__rosidl_generator_c.so
-- Set runtime path of "/home/user/ros2_ws/install/hrim_generic_srvs/lib/libhrim_generic_srvs__rosidl_generator_c.so" to ""
-- Up-to-date: /home/user/ros2_ws/install/hrim_generic_srvs/include/hrim_generic_srvs
-- Up-to-date: /home/user/ros2_ws/install/hrim_generic_srvs/include/hrim_generic_srvs/srv
-- Up-to-date: /home/user/ros2_ws/install/hrim_generic_srvs/include/hrim_generic_srvs/srv/detail
-- Installing: /home/user/ros2_ws/install/hrim_generic_srvs/include/hrim_generic_srvs/srv/detail/simulation3_d__rosidl_typesupport_fastrtps_c.h
-- Installing: /home/user/ros2_ws/install/hrim_generic_srvs/include/hrim_generic_srvs/srv/detail/simulation_urdf__rosidl_typesupport_fastrtps_c.h
-- Installing: /home/user/ros2_ws/install/hrim_generic_srvs/include/hrim_generic_srvs/srv/detail/specs_communication__rosidl_typesupport_fastrtps_c.h
-- Installing: /home/user/ros2_ws/install/hrim_generic_srvs/include/hrim_generic_srvs/srv/detail/id__rosidl_typesupport_fastrtps_c.h
-- Up-to-date: /home/user/ros2_ws/install/hrim_generic_srvs/include/hrim_generic_srvs/msg
-- Installing: /home/user/ros2_ws/install/hrim_generic_srvs/include/hrim_generic_srvs/msg/rosidl_typesupport_fastrtps_c__visibility_control.h
-- Installing: /home/user/ros2_ws/install/hrim_generic_srvs/lib/libhrim_generic_srvs__rosidl_typesupport_fastrtps_c.so
-- Set runtime path of "/home/user/ros2_ws/install/hrim_generic_srvs/lib/libhrim_generic_srvs__rosidl_typesupport_fastrtps_c.so" to ""
-- Up-to-date: /home/user/ros2_ws/install/hrim_generic_srvs/include/hrim_generic_srvs
-- Up-to-date: /home/user/ros2_ws/install/hrim_generic_srvs/include/hrim_generic_srvs/srv
-- Up-to-date: /home/user/ros2_ws/install/hrim_generic_srvs/include/hrim_generic_srvs/srv/detail
-- Installing: /home/user/ros2_ws/install/hrim_generic_srvs/include/hrim_generic_srvs/srv/detail/simulation_urdf__rosidl_typesupport_fastrtps_cpp.hpp
-- Installing: /home/user/ros2_ws/install/hrim_generic_srvs/include/hrim_generic_srvs/srv/detail/specs_communication__rosidl_typesupport_fastrtps_cpp.hpp
-- Installing: /home/user/ros2_ws/install/hrim_generic_srvs/include/hrim_generic_srvs/srv/detail/dds_fastrtps
-- Installing: /home/user/ros2_ws/install/hrim_generic_srvs/include/hrim_generic_srvs/srv/detail/simulation3_d__rosidl_typesupport_fastrtps_cpp.hpp
-- Installing: /home/user/ros2_ws/install/hrim_generic_srvs/include/hrim_generic_srvs/srv/detail/id__rosidl_typesupport_fastrtps_cpp.hpp
-- Up-to-date: /home/user/ros2_ws/install/hrim_generic_srvs/include/hrim_generic_srvs/msg
-- Installing: /home/user/ros2_ws/install/hrim_generic_srvs/include/hrim_generic_srvs/msg/rosidl_typesupport_fastrtps_cpp__visibility_control.h
-- Installing: /home/user/ros2_ws/install/hrim_generic_srvs/lib/libhrim_generic_srvs__rosidl_typesupport_fastrtps_cpp.so
-- Set runtime path of "/home/user/ros2_ws/install/hrim_generic_srvs/lib/libhrim_generic_srvs__rosidl_typesupport_fastrtps_cpp.so" to ""
-- Up-to-date: /home/user/ros2_ws/install/hrim_generic_srvs/include/hrim_generic_srvs
-- Up-to-date: /home/user/ros2_ws/install/hrim_generic_srvs/include/hrim_generic_srvs/srv
-- Up-to-date: /home/user/ros2_ws/install/hrim_generic_srvs/include/hrim_generic_srvs/srv/detail
-- Installing: /home/user/ros2_ws/install/hrim_generic_srvs/include/hrim_generic_srvs/srv/detail/specs_communication__type_support.c
-- Installing: /home/user/ros2_ws/install/hrim_generic_srvs/include/hrim_generic_srvs/srv/detail/simulation_urdf__rosidl_typesupport_introspection_c.h
-- Installing: /home/user/ros2_ws/install/hrim_generic_srvs/include/hrim_generic_srvs/srv/detail/id__rosidl_typesupport_introspection_c.h
-- Installing: /home/user/ros2_ws/install/hrim_generic_srvs/include/hrim_generic_srvs/srv/detail/simulation3_d__type_support.c
-- Installing: /home/user/ros2_ws/install/hrim_generic_srvs/include/hrim_generic_srvs/srv/detail/specs_communication__rosidl_typesupport_introspection_c.h
-- Installing: /home/user/ros2_ws/install/hrim_generic_srvs/include/hrim_generic_srvs/srv/detail/id__type_support.c
-- Installing: /home/user/ros2_ws/install/hrim_generic_srvs/include/hrim_generic_srvs/srv/detail/simulation_urdf__type_support.c
-- Installing: /home/user/ros2_ws/install/hrim_generic_srvs/include/hrim_generic_srvs/srv/detail/simulation3_d__rosidl_typesupport_introspection_c.h
-- Up-to-date: /home/user/ros2_ws/install/hrim_generic_srvs/include/hrim_generic_srvs/msg
-- Installing: /home/user/ros2_ws/install/hrim_generic_srvs/include/hrim_generic_srvs/msg/rosidl_typesupport_introspection_c__visibility_control.h
-- Installing: /home/user/ros2_ws/install/hrim_generic_srvs/lib/libhrim_generic_srvs__rosidl_typesupport_introspection_c.so
-- Set runtime path of "/home/user/ros2_ws/install/hrim_generic_srvs/lib/libhrim_generic_srvs__rosidl_typesupport_introspection_c.so" to ""
-- Installing: /home/user/ros2_ws/install/hrim_generic_srvs/lib/libhrim_generic_srvs__rosidl_typesupport_c.so
-- Set runtime path of "/home/user/ros2_ws/install/hrim_generic_srvs/lib/libhrim_generic_srvs__rosidl_typesupport_c.so" to ""
-- Up-to-date: /home/user/ros2_ws/install/hrim_generic_srvs/include/hrim_generic_srvs
-- Up-to-date: /home/user/ros2_ws/install/hrim_generic_srvs/include/hrim_generic_srvs/srv
-- Up-to-date: /home/user/ros2_ws/install/hrim_generic_srvs/include/hrim_generic_srvs/srv/detail
-- Installing: /home/user/ros2_ws/install/hrim_generic_srvs/include/hrim_generic_srvs/srv/detail/simulation3_d__struct.hpp
-- Installing: /home/user/ros2_ws/install/hrim_generic_srvs/include/hrim_generic_srvs/srv/detail/simulation3_d__builder.hpp
-- Installing: /home/user/ros2_ws/install/hrim_generic_srvs/include/hrim_generic_srvs/srv/detail/simulation3_d__traits.hpp
-- Installing: /home/user/ros2_ws/install/hrim_generic_srvs/include/hrim_generic_srvs/srv/detail/specs_communication__struct.hpp
-- Installing: /home/user/ros2_ws/install/hrim_generic_srvs/include/hrim_generic_srvs/srv/detail/specs_communication__builder.hpp
-- Installing: /home/user/ros2_ws/install/hrim_generic_srvs/include/hrim_generic_srvs/srv/detail/id__builder.hpp
-- Installing: /home/user/ros2_ws/install/hrim_generic_srvs/include/hrim_generic_srvs/srv/detail/specs_communication__traits.hpp
-- Installing: /home/user/ros2_ws/install/hrim_generic_srvs/include/hrim_generic_srvs/srv/detail/simulation_urdf__traits.hpp
-- Installing: /home/user/ros2_ws/install/hrim_generic_srvs/include/hrim_generic_srvs/srv/detail/id__traits.hpp
-- Installing: /home/user/ros2_ws/install/hrim_generic_srvs/include/hrim_generic_srvs/srv/detail/simulation_urdf__struct.hpp
-- Installing: /home/user/ros2_ws/install/hrim_generic_srvs/include/hrim_generic_srvs/srv/detail/id__struct.hpp
-- Installing: /home/user/ros2_ws/install/hrim_generic_srvs/include/hrim_generic_srvs/srv/detail/simulation_urdf__builder.hpp
-- Installing: /home/user/ros2_ws/install/hrim_generic_srvs/include/hrim_generic_srvs/srv/simulation3_d.hpp
-- Installing: /home/user/ros2_ws/install/hrim_generic_srvs/include/hrim_generic_srvs/srv/id.hpp
-- Installing: /home/user/ros2_ws/install/hrim_generic_srvs/include/hrim_generic_srvs/srv/simulation_urdf.hpp
-- Installing: /home/user/ros2_ws/install/hrim_generic_srvs/include/hrim_generic_srvs/srv/specs_communication.hpp
-- Up-to-date: /home/user/ros2_ws/install/hrim_generic_srvs/include/hrim_generic_srvs
-- Up-to-date: /home/user/ros2_ws/install/hrim_generic_srvs/include/hrim_generic_srvs/srv
-- Up-to-date: /home/user/ros2_ws/install/hrim_generic_srvs/include/hrim_generic_srvs/srv/detail
-- Installing: /home/user/ros2_ws/install/hrim_generic_srvs/include/hrim_generic_srvs/srv/detail/id__rosidl_typesupport_introspection_cpp.hpp
-- Installing: /home/user/ros2_ws/install/hrim_generic_srvs/include/hrim_generic_srvs/srv/detail/id__type_support.cpp
-- Installing: /home/user/ros2_ws/install/hrim_generic_srvs/include/hrim_generic_srvs/srv/detail/simulation_urdf__rosidl_typesupport_introspection_cpp.hpp
-- Installing: /home/user/ros2_ws/install/hrim_generic_srvs/include/hrim_generic_srvs/srv/detail/specs_communication__type_support.cpp
-- Installing: /home/user/ros2_ws/install/hrim_generic_srvs/include/hrim_generic_srvs/srv/detail/simulation3_d__type_support.cpp
-- Installing: /home/user/ros2_ws/install/hrim_generic_srvs/include/hrim_generic_srvs/srv/detail/specs_communication__rosidl_typesupport_introspection_cpp.hpp
-- Installing: /home/user/ros2_ws/install/hrim_generic_srvs/include/hrim_generic_srvs/srv/detail/simulation3_d__rosidl_typesupport_introspection_cpp.hpp
-- Installing: /home/user/ros2_ws/install/hrim_generic_srvs/include/hrim_generic_srvs/srv/detail/simulation_urdf__type_support.cpp
-- Installing: /home/user/ros2_ws/install/hrim_generic_srvs/lib/libhrim_generic_srvs__rosidl_typesupport_introspection_cpp.so
-- Set runtime path of "/home/user/ros2_ws/install/hrim_generic_srvs/lib/libhrim_generic_srvs__rosidl_typesupport_introspection_cpp.so" to ""
-- Installing: /home/user/ros2_ws/install/hrim_generic_srvs/lib/libhrim_generic_srvs__rosidl_typesupport_cpp.so
-- Set runtime path of "/home/user/ros2_ws/install/hrim_generic_srvs/lib/libhrim_generic_srvs__rosidl_typesupport_cpp.so" to ""
-- Installing: /home/user/ros2_ws/install/hrim_generic_srvs/share/hrim_generic_srvs/environment/pythonpath.sh
-- Installing: /home/user/ros2_ws/install/hrim_generic_srvs/share/hrim_generic_srvs/environment/pythonpath.dsv
-- Installing: /home/user/ros2_ws/install/hrim_generic_srvs/lib/python3.8/site-packages/hrim_generic_srvs/__init__.py
Compiling '/home/user/ros2_ws/install/hrim_generic_srvs/lib/python3.8/site-packages/hrim_generic_srvs/__init__.py'...
-- Installing: /home/user/ros2_ws/install/hrim_generic_srvs/lib/python3.8/site-packages/hrim_generic_srvs/srv
-- Installing: /home/user/ros2_ws/install/hrim_generic_srvs/lib/python3.8/site-packages/hrim_generic_srvs/srv/_id.py
-- Installing: /home/user/ros2_ws/install/hrim_generic_srvs/lib/python3.8/site-packages/hrim_generic_srvs/srv/_simulation3_d_s.c
-- Installing: /home/user/ros2_ws/install/hrim_generic_srvs/lib/python3.8/site-packages/hrim_generic_srvs/srv/_simulation_urdf.py
-- Installing: /home/user/ros2_ws/install/hrim_generic_srvs/lib/python3.8/site-packages/hrim_generic_srvs/srv/_specs_communication.py
-- Installing: /home/user/ros2_ws/install/hrim_generic_srvs/lib/python3.8/site-packages/hrim_generic_srvs/srv/_simulation_urdf_s.c
-- Installing: /home/user/ros2_ws/install/hrim_generic_srvs/lib/python3.8/site-packages/hrim_generic_srvs/srv/_simulation3_d.py
-- Installing: /home/user/ros2_ws/install/hrim_generic_srvs/lib/python3.8/site-packages/hrim_generic_srvs/srv/__init__.py
-- Installing: /home/user/ros2_ws/install/hrim_generic_srvs/lib/python3.8/site-packages/hrim_generic_srvs/srv/_id_s.c
-- Installing: /home/user/ros2_ws/install/hrim_generic_srvs/lib/python3.8/site-packages/hrim_generic_srvs/srv/_specs_communication_s.c
-- Installing: /home/user/ros2_ws/install/hrim_generic_srvs/lib/python3.8/site-packages/hrim_generic_srvs/hrim_generic_srvs_s__rosidl_typesupport_fastrtps_c.cpython-38-x86_64-linux-gnu.so
-- Set runtime path of "/home/user/ros2_ws/install/hrim_generic_srvs/lib/python3.8/site-packages/hrim_generic_srvs/hrim_generic_srvs_s__rosidl_typesupport_fastrtps_c.cpython-38-x86_64-linux-gnu.so" to ""
-- Installing: /home/user/ros2_ws/install/hrim_generic_srvs/lib/python3.8/site-packages/hrim_generic_srvs/hrim_generic_srvs_s__rosidl_typesupport_introspection_c.cpython-38-x86_64-linux-gnu.so
-- Set runtime path of "/home/user/ros2_ws/install/hrim_generic_srvs/lib/python3.8/site-packages/hrim_generic_srvs/hrim_generic_srvs_s__rosidl_typesupport_introspection_c.cpython-38-x86_64-linux-gnu.so" to ""
-- Installing: /home/user/ros2_ws/install/hrim_generic_srvs/lib/python3.8/site-packages/hrim_generic_srvs/hrim_generic_srvs_s__rosidl_typesupport_c.cpython-38-x86_64-linux-gnu.so
-- Set runtime path of "/home/user/ros2_ws/install/hrim_generic_srvs/lib/python3.8/site-packages/hrim_generic_srvs/hrim_generic_srvs_s__rosidl_typesupport_c.cpython-38-x86_64-linux-gnu.so" to ""
-- Installing: /home/user/ros2_ws/install/hrim_generic_srvs/lib/libhrim_generic_srvs__python.so
-- Set runtime path of "/home/user/ros2_ws/install/hrim_generic_srvs/lib/libhrim_generic_srvs__python.so" to ""
-- Installing: /home/user/ros2_ws/install/hrim_generic_srvs/share/hrim_generic_srvs/srv/ID.idl
-- Installing: /home/user/ros2_ws/install/hrim_generic_srvs/share/hrim_generic_srvs/srv/Simulation3D.idl
-- Installing: /home/user/ros2_ws/install/hrim_generic_srvs/share/hrim_generic_srvs/srv/SimulationURDF.idl
-- Installing: /home/user/ros2_ws/install/hrim_generic_srvs/share/hrim_generic_srvs/srv/SpecsCommunication.idl
-- Installing: /home/user/ros2_ws/install/hrim_generic_srvs/share/hrim_generic_srvs/srv/ID.srv
-- Installing: /home/user/ros2_ws/install/hrim_generic_srvs/share/hrim_generic_srvs/srv/ID_Request.msg
-- Installing: /home/user/ros2_ws/install/hrim_generic_srvs/share/hrim_generic_srvs/srv/ID_Response.msg
-- Installing: /home/user/ros2_ws/install/hrim_generic_srvs/share/hrim_generic_srvs/srv/Simulation3D.srv
-- Installing: /home/user/ros2_ws/install/hrim_generic_srvs/share/hrim_generic_srvs/srv/Simulation3D_Request.msg
-- Installing: /home/user/ros2_ws/install/hrim_generic_srvs/share/hrim_generic_srvs/srv/Simulation3D_Response.msg
-- Installing: /home/user/ros2_ws/install/hrim_generic_srvs/share/hrim_generic_srvs/srv/SimulationURDF.srv
-- Installing: /home/user/ros2_ws/install/hrim_generic_srvs/share/hrim_generic_srvs/srv/SimulationURDF_Request.msg
-- Installing: /home/user/ros2_ws/install/hrim_generic_srvs/share/hrim_generic_srvs/srv/SimulationURDF_Response.msg
-- Installing: /home/user/ros2_ws/install/hrim_generic_srvs/share/hrim_generic_srvs/srv/SpecsCommunication.srv
-- Installing: /home/user/ros2_ws/install/hrim_generic_srvs/share/hrim_generic_srvs/srv/SpecsCommunication_Request.msg
-- Installing: /home/user/ros2_ws/install/hrim_generic_srvs/share/hrim_generic_srvs/srv/SpecsCommunication_Response.msg
-- Installing: /home/user/ros2_ws/install/hrim_generic_srvs/share/ament_index/resource_index/package_run_dependencies/hrim_generic_srvs
-- Installing: /home/user/ros2_ws/install/hrim_generic_srvs/share/ament_index/resource_index/parent_prefix_path/hrim_generic_srvs
-- Installing: /home/user/ros2_ws/install/hrim_generic_srvs/share/hrim_generic_srvs/environment/ament_prefix_path.sh
-- Installing: /home/user/ros2_ws/install/hrim_generic_srvs/share/hrim_generic_srvs/environment/ament_prefix_path.dsv
-- Installing: /home/user/ros2_ws/install/hrim_generic_srvs/share/hrim_generic_srvs/environment/path.sh
-- Installing: /home/user/ros2_ws/install/hrim_generic_srvs/share/hrim_generic_srvs/environment/path.dsv
-- Installing: /home/user/ros2_ws/install/hrim_generic_srvs/share/hrim_generic_srvs/local_setup.bash
-- Installing: /home/user/ros2_ws/install/hrim_generic_srvs/share/hrim_generic_srvs/local_setup.sh
-- Installing: /home/user/ros2_ws/install/hrim_generic_srvs/share/hrim_generic_srvs/local_setup.zsh
-- Installing: /home/user/ros2_ws/install/hrim_generic_srvs/share/hrim_generic_srvs/local_setup.dsv
-- Installing: /home/user/ros2_ws/install/hrim_generic_srvs/share/hrim_generic_srvs/package.dsv
-- Installing: /home/user/ros2_ws/install/hrim_generic_srvs/share/ament_index/resource_index/packages/hrim_generic_srvs
-- Installing: /home/user/ros2_ws/install/hrim_generic_srvs/share/hrim_generic_srvs/cmake/hrim_generic_srvs__rosidl_generator_cExport.cmake
-- Installing: /home/user/ros2_ws/install/hrim_generic_srvs/share/hrim_generic_srvs/cmake/hrim_generic_srvs__rosidl_generator_cExport-noconfig.cmake
-- Installing: /home/user/ros2_ws/install/hrim_generic_srvs/share/hrim_generic_srvs/cmake/hrim_generic_srvs__rosidl_typesupport_introspection_cExport.cmake
-- Installing: /home/user/ros2_ws/install/hrim_generic_srvs/share/hrim_generic_srvs/cmake/hrim_generic_srvs__rosidl_typesupport_introspection_cExport-noconfig.cmake
-- Installing: /home/user/ros2_ws/install/hrim_generic_srvs/share/hrim_generic_srvs/cmake/hrim_generic_srvs__rosidl_typesupport_cExport.cmake
-- Installing: /home/user/ros2_ws/install/hrim_generic_srvs/share/hrim_generic_srvs/cmake/hrim_generic_srvs__rosidl_typesupport_cExport-noconfig.cmake
-- Installing: /home/user/ros2_ws/install/hrim_generic_srvs/share/hrim_generic_srvs/cmake/hrim_generic_srvs__rosidl_generator_cppExport.cmake
-- Installing: /home/user/ros2_ws/install/hrim_generic_srvs/share/hrim_generic_srvs/cmake/hrim_generic_srvs__rosidl_typesupport_introspection_cppExport.cmake
-- Installing: /home/user/ros2_ws/install/hrim_generic_srvs/share/hrim_generic_srvs/cmake/hrim_generic_srvs__rosidl_typesupport_introspection_cppExport-noconfig.cmake
-- Installing: /home/user/ros2_ws/install/hrim_generic_srvs/share/hrim_generic_srvs/cmake/hrim_generic_srvs__rosidl_typesupport_cppExport.cmake
-- Installing: /home/user/ros2_ws/install/hrim_generic_srvs/share/hrim_generic_srvs/cmake/hrim_generic_srvs__rosidl_typesupport_cppExport-noconfig.cmake
-- Installing: /home/user/ros2_ws/install/hrim_generic_srvs/share/hrim_generic_srvs/cmake/rosidl_cmake-extras.cmake
-- Installing: /home/user/ros2_ws/install/hrim_generic_srvs/share/hrim_generic_srvs/cmake/ament_cmake_export_dependencies-extras.cmake
-- Installing: /home/user/ros2_ws/install/hrim_generic_srvs/share/hrim_generic_srvs/cmake/ament_cmake_export_libraries-extras.cmake
-- Installing: /home/user/ros2_ws/install/hrim_generic_srvs/share/hrim_generic_srvs/cmake/ament_cmake_export_targets-extras.cmake
-- Installing: /home/user/ros2_ws/install/hrim_generic_srvs/share/hrim_generic_srvs/cmake/ament_cmake_export_include_directories-extras.cmake
-- Installing: /home/user/ros2_ws/install/hrim_generic_srvs/share/hrim_generic_srvs/cmake/rosidl_cmake_export_typesupport_libraries-extras.cmake
-- Installing: /home/user/ros2_ws/install/hrim_generic_srvs/share/hrim_generic_srvs/cmake/rosidl_cmake_export_typesupport_targets-extras.cmake
-- Installing: /home/user/ros2_ws/install/hrim_generic_srvs/share/hrim_generic_srvs/cmake/hrim_generic_srvsConfig.cmake
-- Installing: /home/user/ros2_ws/install/hrim_generic_srvs/share/hrim_generic_srvs/cmake/hrim_generic_srvsConfig-version.cmake
-- Installing: /home/user/ros2_ws/install/hrim_generic_srvs/share/hrim_generic_srvs/package.xml
