[0.294s] Invoking command in '/home/user/ros2_ws/build/hrim_generic_srvs': CMAKE_PREFIX_PATH=/opt/ros/foxy:${CMAKE_PREFIX_PATH} _=/usr/bin/env /usr/bin/cmake /home/user/ros2_ws/src/ros2_mara/HRIM/generated/generic/hrim_generic_srvs -DCMAKE_INSTALL_PREFIX=/home/user/ros2_ws/install/hrim_generic_srvs
[7.697s] -- The C compiler identification is GNU 9.3.0
[11.460s] -- The CXX compiler identification is GNU 9.3.0
[11.550s] -- Check for working C compiler: /usr/bin/cc
[12.193s] -- Check for working C compiler: /usr/bin/cc -- works
[12.194s] -- Detecting C compiler ABI info
[12.585s] -- Detecting C compiler ABI info - done
[12.608s] -- Detecting C compile features
[12.609s] -- Detecting C compile features - done
[12.614s] -- Check for working CXX compiler: /usr/bin/c++
[12.879s] -- Check for working CXX compiler: /usr/bin/c++ -- works
[12.881s] -- Detecting CXX compiler ABI info
[13.073s] -- Detecting CXX compiler ABI info - done
[13.099s] -- Detecting CXX compile features
[13.100s] -- Detecting CXX compile features - done
[13.104s] -- Found ament_cmake: 0.9.7 (/opt/ros/foxy/share/ament_cmake/cmake)
[13.225s] -- Found PythonInterp: /usr/bin/python3 (found suitable version "3.8.5", minimum required is "3") 
[13.225s] -- Using PYTHON_EXECUTABLE: /usr/bin/python3
[14.089s] -- Found rosidl_default_generators: 1.0.0 (/opt/ros/foxy/share/rosidl_default_generators/cmake)
[14.109s] -- Using all available rosidl_typesupport_c: rosidl_typesupport_fastrtps_c;rosidl_typesupport_introspection_c
[14.135s] -- Found rosidl_adapter: 1.1.0 (/opt/ros/foxy/share/rosidl_adapter/cmake)
[15.231s] -- Found OpenSSL: /usr/lib/x86_64-linux-gnu/libcrypto.so (found version "1.1.1f")  
[15.319s] -- Found FastRTPS: /opt/ros/foxy/include  
[15.486s] -- Using all available rosidl_typesupport_cpp: rosidl_typesupport_fastrtps_cpp;rosidl_typesupport_introspection_cpp
[15.595s] -- Found PythonInterp: /usr/bin/python3 (found version "3.8.5") 
[15.900s] -- Found ament_cmake_ros: 0.9.0 (/opt/ros/foxy/share/ament_cmake_ros/cmake)
[16.159s] -- Using all available rosidl_typesupport_c: rosidl_typesupport_fastrtps_c;rosidl_typesupport_introspection_c
[16.179s] -- Using all available rosidl_typesupport_cpp: rosidl_typesupport_fastrtps_cpp;rosidl_typesupport_introspection_cpp
[16.231s] -- Found PythonInterp: /usr/bin/python3 (found suitable version "3.8.5", minimum required is "3.5") 
[16.236s] -- Found python_cmake_module: 0.8.0 (/opt/ros/foxy/share/python_cmake_module/cmake)
[16.485s] -- Found PythonLibs: /usr/lib/x86_64-linux-gnu/libpython3.8.so (found suitable version "3.8.5", minimum required is "3.5") 
[16.486s] -- Using PYTHON_EXECUTABLE: /usr/bin/python3
[16.486s] -- Using PYTHON_INCLUDE_DIRS: /usr/include/python3.8
[16.486s] -- Using PYTHON_LIBRARIES: /usr/lib/x86_64-linux-gnu/libpython3.8.so
[16.533s] -- Found PythonExtra: .so  
[16.641s] -- Configuring done
[16.840s] -- Generating done
[16.844s] -- Build files have been written to: /home/user/ros2_ws/build/hrim_generic_srvs
[16.872s] Invoked command in '/home/user/ros2_ws/build/hrim_generic_srvs' returned '0': CMAKE_PREFIX_PATH=/opt/ros/foxy:${CMAKE_PREFIX_PATH} _=/usr/bin/env /usr/bin/cmake /home/user/ros2_ws/src/ros2_mara/HRIM/generated/generic/hrim_generic_srvs -DCMAKE_INSTALL_PREFIX=/home/user/ros2_ws/install/hrim_generic_srvs
[16.875s] Invoking command in '/home/user/ros2_ws/build/hrim_generic_srvs': CMAKE_PREFIX_PATH=/opt/ros/foxy:${CMAKE_PREFIX_PATH} _=/usr/bin/env /usr/bin/cmake --build /home/user/ros2_ws/build/hrim_generic_srvs -- -j16 -l16
[17.007s] [35m[1mScanning dependencies of target hrim_generic_srvs__cpp[0m
[17.024s] [  1%] [34m[1mGenerating C code for ROS interfaces[0m
[17.038s] [  3%] [34m[1mGenerating C++ code for ROS interfaces[0m
[18.765s] [  3%] Built target hrim_generic_srvs__cpp
[18.805s] [  5%] [34m[1mGenerating C++ introspection for ROS interfaces[0m
[18.821s] [  7%] [34m[1mGenerating C++ type support dispatch for ROS interfaces[0m
[18.848s] [  9%] [34m[1mGenerating C++ type support for eProsima Fast-RTPS[0m
[19.177s] [35m[1mScanning dependencies of target hrim_generic_srvs__rosidl_generator_c[0m
[19.262s] [ 12%] [32mBuilding C object CMakeFiles/hrim_generic_srvs__rosidl_generator_c.dir/rosidl_generator_c/hrim_generic_srvs/srv/detail/id__functions.c.o[0m
[19.263s] [ 14%] [32mBuilding C object CMakeFiles/hrim_generic_srvs__rosidl_generator_c.dir/rosidl_generator_c/hrim_generic_srvs/srv/detail/simulation_urdf__functions.c.o[0m
[19.264s] [ 16%] [32mBuilding C object CMakeFiles/hrim_generic_srvs__rosidl_generator_c.dir/rosidl_generator_c/hrim_generic_srvs/srv/detail/simulation3_d__functions.c.o[0m
[19.271s] [ 16%] [32mBuilding C object CMakeFiles/hrim_generic_srvs__rosidl_generator_c.dir/rosidl_generator_c/hrim_generic_srvs/srv/detail/specs_communication__functions.c.o[0m
[19.811s] [ 18%] [32m[1mLinking C shared library libhrim_generic_srvs__rosidl_generator_c.so[0m
[19.957s] [ 18%] Built target hrim_generic_srvs__rosidl_generator_c
[21.000s] [35m[1mScanning dependencies of target hrim_generic_srvs__rosidl_typesupport_fastrtps_cpp[0m
[21.162s] [35m[1mScanning dependencies of target hrim_generic_srvs__rosidl_typesupport_cpp[0m
[21.224s] [ 20%] [32mBuilding CXX object CMakeFiles/hrim_generic_srvs__rosidl_typesupport_cpp.dir/rosidl_typesupport_cpp/hrim_generic_srvs/srv/id__type_support.cpp.o[0m
[21.498s] [35m[1mScanning dependencies of target hrim_generic_srvs__rosidl_typesupport_introspection_cpp[0m
[21.545s] [ 21%] [32mBuilding CXX object CMakeFiles/hrim_generic_srvs__rosidl_typesupport_fastrtps_cpp.dir/rosidl_typesupport_fastrtps_cpp/hrim_generic_srvs/srv/detail/dds_fastrtps/id__type_support.cpp.o[0m
[21.552s] [ 23%] [32mBuilding CXX object CMakeFiles/hrim_generic_srvs__rosidl_typesupport_introspection_cpp.dir/rosidl_typesupport_introspection_cpp/hrim_generic_srvs/srv/detail/id__type_support.cpp.o[0m
[23.038s] [ 25%] [32mBuilding CXX object CMakeFiles/hrim_generic_srvs__rosidl_typesupport_cpp.dir/rosidl_typesupport_cpp/hrim_generic_srvs/srv/specs_communication__type_support.cpp.o[0m
[23.347s] [ 27%] [32mBuilding CXX object CMakeFiles/hrim_generic_srvs__rosidl_typesupport_fastrtps_cpp.dir/rosidl_typesupport_fastrtps_cpp/hrim_generic_srvs/srv/detail/dds_fastrtps/specs_communication__type_support.cpp.o[0m
[23.625s] [ 29%] [32mBuilding CXX object CMakeFiles/hrim_generic_srvs__rosidl_typesupport_introspection_cpp.dir/rosidl_typesupport_introspection_cpp/hrim_generic_srvs/srv/detail/specs_communication__type_support.cpp.o[0m
[23.913s] [ 30%] [32mBuilding CXX object CMakeFiles/hrim_generic_srvs__rosidl_typesupport_cpp.dir/rosidl_typesupport_cpp/hrim_generic_srvs/srv/simulation_urdf__type_support.cpp.o[0m
[24.273s] [ 32%] [32mBuilding CXX object CMakeFiles/hrim_generic_srvs__rosidl_typesupport_fastrtps_cpp.dir/rosidl_typesupport_fastrtps_cpp/hrim_generic_srvs/srv/detail/dds_fastrtps/simulation_urdf__type_support.cpp.o[0m
[24.376s] [ 34%] [32mBuilding CXX object CMakeFiles/hrim_generic_srvs__rosidl_typesupport_introspection_cpp.dir/rosidl_typesupport_introspection_cpp/hrim_generic_srvs/srv/detail/simulation_urdf__type_support.cpp.o[0m
[24.705s] [ 36%] [32mBuilding CXX object CMakeFiles/hrim_generic_srvs__rosidl_typesupport_cpp.dir/rosidl_typesupport_cpp/hrim_generic_srvs/srv/simulation3_d__type_support.cpp.o[0m
[25.231s] [ 38%] [32mBuilding CXX object CMakeFiles/hrim_generic_srvs__rosidl_typesupport_introspection_cpp.dir/rosidl_typesupport_introspection_cpp/hrim_generic_srvs/srv/detail/simulation3_d__type_support.cpp.o[0m
[25.305s] [ 40%] [32mBuilding CXX object CMakeFiles/hrim_generic_srvs__rosidl_typesupport_fastrtps_cpp.dir/rosidl_typesupport_fastrtps_cpp/hrim_generic_srvs/srv/detail/dds_fastrtps/simulation3_d__type_support.cpp.o[0m
[25.345s] [ 41%] [32m[1mLinking CXX shared library libhrim_generic_srvs__rosidl_typesupport_cpp.so[0m
[25.433s] [ 41%] Built target hrim_generic_srvs__rosidl_typesupport_cpp
[25.895s] [ 43%] [32m[1mLinking CXX shared library libhrim_generic_srvs__rosidl_typesupport_introspection_cpp.so[0m
[26.053s] [ 43%] Built target hrim_generic_srvs__rosidl_typesupport_introspection_cpp
[26.147s] [ 45%] [32m[1mLinking CXX shared library libhrim_generic_srvs__rosidl_typesupport_fastrtps_cpp.so[0m
[26.298s] [ 45%] Built target hrim_generic_srvs__rosidl_typesupport_fastrtps_cpp
[26.319s] [ 47%] [34m[1mGenerating C introspection for ROS interfaces[0m
[27.470s] [35m[1mScanning dependencies of target hrim_generic_srvs__rosidl_typesupport_introspection_c[0m
[27.499s] [ 49%] [32mBuilding C object CMakeFiles/hrim_generic_srvs__rosidl_typesupport_introspection_c.dir/rosidl_typesupport_introspection_c/hrim_generic_srvs/srv/detail/id__type_support.c.o[0m
[27.559s] [ 50%] [32mBuilding C object CMakeFiles/hrim_generic_srvs__rosidl_typesupport_introspection_c.dir/rosidl_typesupport_introspection_c/hrim_generic_srvs/srv/detail/specs_communication__type_support.c.o[0m
[27.629s] [ 52%] [32mBuilding C object CMakeFiles/hrim_generic_srvs__rosidl_typesupport_introspection_c.dir/rosidl_typesupport_introspection_c/hrim_generic_srvs/srv/detail/simulation_urdf__type_support.c.o[0m
[27.726s] [ 54%] [32mBuilding C object CMakeFiles/hrim_generic_srvs__rosidl_typesupport_introspection_c.dir/rosidl_typesupport_introspection_c/hrim_generic_srvs/srv/detail/simulation3_d__type_support.c.o[0m
[27.794s] [ 56%] [32m[1mLinking C shared library libhrim_generic_srvs__rosidl_typesupport_introspection_c.so[0m
[27.865s] [ 56%] Built target hrim_generic_srvs__rosidl_typesupport_introspection_c
[27.885s] [ 58%] [34m[1mGenerating C type support for eProsima Fast-RTPS[0m
[28.994s] [35m[1mScanning dependencies of target hrim_generic_srvs__rosidl_typesupport_fastrtps_c[0m
[29.033s] [ 60%] [32mBuilding CXX object CMakeFiles/hrim_generic_srvs__rosidl_typesupport_fastrtps_c.dir/rosidl_typesupport_fastrtps_c/hrim_generic_srvs/srv/detail/id__type_support_c.cpp.o[0m
[29.766s] [ 61%] [32mBuilding CXX object CMakeFiles/hrim_generic_srvs__rosidl_typesupport_fastrtps_c.dir/rosidl_typesupport_fastrtps_c/hrim_generic_srvs/srv/detail/specs_communication__type_support_c.cpp.o[0m
[30.506s] [ 63%] [32mBuilding CXX object CMakeFiles/hrim_generic_srvs__rosidl_typesupport_fastrtps_c.dir/rosidl_typesupport_fastrtps_c/hrim_generic_srvs/srv/detail/simulation_urdf__type_support_c.cpp.o[0m
[31.138s] [ 65%] [32mBuilding CXX object CMakeFiles/hrim_generic_srvs__rosidl_typesupport_fastrtps_c.dir/rosidl_typesupport_fastrtps_c/hrim_generic_srvs/srv/detail/simulation3_d__type_support_c.cpp.o[0m
[31.848s] [ 67%] [32m[1mLinking CXX shared library libhrim_generic_srvs__rosidl_typesupport_fastrtps_c.so[0m
[32.003s] [ 67%] Built target hrim_generic_srvs__rosidl_typesupport_fastrtps_c
[32.028s] [ 69%] [34m[1mGenerating C type support dispatch for ROS interfaces[0m
[32.956s] [35m[1mScanning dependencies of target hrim_generic_srvs__rosidl_typesupport_c[0m
[32.990s] [ 70%] [32mBuilding CXX object CMakeFiles/hrim_generic_srvs__rosidl_typesupport_c.dir/rosidl_typesupport_c/hrim_generic_srvs/srv/id__type_support.cpp.o[0m
[33.078s] [ 72%] [32mBuilding CXX object CMakeFiles/hrim_generic_srvs__rosidl_typesupport_c.dir/rosidl_typesupport_c/hrim_generic_srvs/srv/specs_communication__type_support.cpp.o[0m
[33.159s] [ 74%] [32mBuilding CXX object CMakeFiles/hrim_generic_srvs__rosidl_typesupport_c.dir/rosidl_typesupport_c/hrim_generic_srvs/srv/simulation_urdf__type_support.cpp.o[0m
[33.221s] [ 76%] [32mBuilding CXX object CMakeFiles/hrim_generic_srvs__rosidl_typesupport_c.dir/rosidl_typesupport_c/hrim_generic_srvs/srv/simulation3_d__type_support.cpp.o[0m
[33.275s] [ 78%] [32m[1mLinking CXX shared library libhrim_generic_srvs__rosidl_typesupport_c.so[0m
[33.411s] [ 78%] Built target hrim_generic_srvs__rosidl_typesupport_c
[33.443s] [35m[1mScanning dependencies of target hrim_generic_srvs[0m
[33.462s] [ 78%] Built target hrim_generic_srvs
[33.490s] [35m[1mScanning dependencies of target hrim_generic_srvs__py[0m
[33.511s] [ 80%] [34m[1mGenerating Python code for ROS interfaces[0m
[35.788s] [ 80%] Built target hrim_generic_srvs__py
[35.819s] [35m[1mScanning dependencies of target hrim_generic_srvs__python[0m
[35.869s] [ 81%] [32mBuilding C object CMakeFiles/hrim_generic_srvs__python.dir/rosidl_generator_py/hrim_generic_srvs/srv/_id_s.c.o[0m
[36.071s] [ 83%] [32mBuilding C object CMakeFiles/hrim_generic_srvs__python.dir/rosidl_generator_py/hrim_generic_srvs/srv/_specs_communication_s.c.o[0m
[36.262s] [ 85%] [32mBuilding C object CMakeFiles/hrim_generic_srvs__python.dir/rosidl_generator_py/hrim_generic_srvs/srv/_simulation_urdf_s.c.o[0m
[36.464s] [ 87%] [32mBuilding C object CMakeFiles/hrim_generic_srvs__python.dir/rosidl_generator_py/hrim_generic_srvs/srv/_simulation3_d_s.c.o[0m
[36.657s] [ 89%] [32m[1mLinking C shared library rosidl_generator_py/hrim_generic_srvs/libhrim_generic_srvs__python.so[0m
[36.727s] [ 89%] Built target hrim_generic_srvs__python
[36.791s] [35m[1mScanning dependencies of target hrim_generic_srvs__rosidl_typesupport_c__pyext[0m
[36.838s] [ 90%] [32mBuilding C object CMakeFiles/hrim_generic_srvs__rosidl_typesupport_c__pyext.dir/rosidl_generator_py/hrim_generic_srvs/_hrim_generic_srvs_s.ep.rosidl_typesupport_c.c.o[0m
[37.009s] [ 92%] [32m[1mLinking C shared library rosidl_generator_py/hrim_generic_srvs/hrim_generic_srvs_s__rosidl_typesupport_c.cpython-38-x86_64-linux-gnu.so[0m
[37.077s] [ 92%] Built target hrim_generic_srvs__rosidl_typesupport_c__pyext
[37.099s] [35m[1mScanning dependencies of target hrim_generic_srvs__rosidl_typesupport_fastrtps_c__pyext[0m
[37.137s] [ 94%] [32mBuilding C object CMakeFiles/hrim_generic_srvs__rosidl_typesupport_fastrtps_c__pyext.dir/rosidl_generator_py/hrim_generic_srvs/_hrim_generic_srvs_s.ep.rosidl_typesupport_fastrtps_c.c.o[0m
[37.362s] [ 96%] [32m[1mLinking CXX shared library rosidl_generator_py/hrim_generic_srvs/hrim_generic_srvs_s__rosidl_typesupport_fastrtps_c.cpython-38-x86_64-linux-gnu.so[0m
[37.473s] [ 96%] Built target hrim_generic_srvs__rosidl_typesupport_fastrtps_c__pyext
[37.492s] [35m[1mScanning dependencies of target hrim_generic_srvs__rosidl_typesupport_introspection_c__pyext[0m
[37.528s] [ 98%] [32mBuilding C object CMakeFiles/hrim_generic_srvs__rosidl_typesupport_introspection_c__pyext.dir/rosidl_generator_py/hrim_generic_srvs/_hrim_generic_srvs_s.ep.rosidl_typesupport_introspection_c.c.o[0m
[37.693s] [100%] [32m[1mLinking C shared library rosidl_generator_py/hrim_generic_srvs/hrim_generic_srvs_s__rosidl_typesupport_introspection_c.cpython-38-x86_64-linux-gnu.so[0m
[37.763s] [100%] Built target hrim_generic_srvs__rosidl_typesupport_introspection_c__pyext
[37.789s] Invoked command in '/home/user/ros2_ws/build/hrim_generic_srvs' returned '0': CMAKE_PREFIX_PATH=/opt/ros/foxy:${CMAKE_PREFIX_PATH} _=/usr/bin/env /usr/bin/cmake --build /home/user/ros2_ws/build/hrim_generic_srvs -- -j16 -l16
[38.400s] Invoking command in '/home/user/ros2_ws/build/hrim_generic_srvs': CMAKE_PREFIX_PATH=/opt/ros/foxy:${CMAKE_PREFIX_PATH} _=/usr/bin/env /usr/bin/cmake --install /home/user/ros2_ws/build/hrim_generic_srvs
[38.416s] -- Install configuration: ""
[38.417s] -- Installing: /home/user/ros2_ws/install/hrim_generic_srvs/share/ament_index/resource_index/rosidl_interfaces/hrim_generic_srvs
[38.417s] -- Installing: /home/user/ros2_ws/install/hrim_generic_srvs/include/hrim_generic_srvs
[38.417s] -- Installing: /home/user/ros2_ws/install/hrim_generic_srvs/include/hrim_generic_srvs/srv
[38.418s] -- Installing: /home/user/ros2_ws/install/hrim_generic_srvs/include/hrim_generic_srvs/srv/detail
[38.418s] -- Installing: /home/user/ros2_ws/install/hrim_generic_srvs/include/hrim_generic_srvs/srv/detail/simulation3_d__type_support.h
[38.419s] -- Installing: /home/user/ros2_ws/install/hrim_generic_srvs/include/hrim_generic_srvs/srv/detail/specs_communication__struct.h
[38.419s] -- Installing: /home/user/ros2_ws/install/hrim_generic_srvs/include/hrim_generic_srvs/srv/detail/simulation_urdf__struct.h
[38.419s] -- Installing: /home/user/ros2_ws/install/hrim_generic_srvs/include/hrim_generic_srvs/srv/detail/simulation_urdf__functions.h
[38.420s] -- Installing: /home/user/ros2_ws/install/hrim_generic_srvs/include/hrim_generic_srvs/srv/detail/simulation_urdf__type_support.h
[38.420s] -- Installing: /home/user/ros2_ws/install/hrim_generic_srvs/include/hrim_generic_srvs/srv/detail/specs_communication__type_support.h
[38.420s] -- Installing: /home/user/ros2_ws/install/hrim_generic_srvs/include/hrim_generic_srvs/srv/detail/simulation3_d__functions.h
[38.420s] -- Installing: /home/user/ros2_ws/install/hrim_generic_srvs/include/hrim_generic_srvs/srv/detail/id__functions.h
[38.421s] -- Installing: /home/user/ros2_ws/install/hrim_generic_srvs/include/hrim_generic_srvs/srv/detail/id__functions.c
[38.421s] -- Installing: /home/user/ros2_ws/install/hrim_generic_srvs/include/hrim_generic_srvs/srv/detail/simulation3_d__struct.h
[38.421s] -- Installing: /home/user/ros2_ws/install/hrim_generic_srvs/include/hrim_generic_srvs/srv/detail/specs_communication__functions.h
[38.421s] -- Installing: /home/user/ros2_ws/install/hrim_generic_srvs/include/hrim_generic_srvs/srv/detail/simulation3_d__functions.c
[38.421s] -- Installing: /home/user/ros2_ws/install/hrim_generic_srvs/include/hrim_generic_srvs/srv/detail/specs_communication__functions.c
[38.422s] -- Installing: /home/user/ros2_ws/install/hrim_generic_srvs/include/hrim_generic_srvs/srv/detail/id__type_support.h
[38.422s] -- Installing: /home/user/ros2_ws/install/hrim_generic_srvs/include/hrim_generic_srvs/srv/detail/id__struct.h
[38.422s] -- Installing: /home/user/ros2_ws/install/hrim_generic_srvs/include/hrim_generic_srvs/srv/detail/simulation_urdf__functions.c
[38.422s] -- Installing: /home/user/ros2_ws/install/hrim_generic_srvs/include/hrim_generic_srvs/srv/simulation_urdf.h
[38.422s] -- Installing: /home/user/ros2_ws/install/hrim_generic_srvs/include/hrim_generic_srvs/srv/id.h
[38.423s] -- Installing: /home/user/ros2_ws/install/hrim_generic_srvs/include/hrim_generic_srvs/srv/simulation3_d.h
[38.423s] -- Installing: /home/user/ros2_ws/install/hrim_generic_srvs/include/hrim_generic_srvs/srv/specs_communication.h
[38.423s] -- Installing: /home/user/ros2_ws/install/hrim_generic_srvs/include/hrim_generic_srvs/msg
[38.423s] -- Installing: /home/user/ros2_ws/install/hrim_generic_srvs/include/hrim_generic_srvs/msg/rosidl_generator_c__visibility_control.h
[38.423s] -- Installing: /home/user/ros2_ws/install/hrim_generic_srvs/share/hrim_generic_srvs/environment/library_path.sh
[38.424s] -- Installing: /home/user/ros2_ws/install/hrim_generic_srvs/share/hrim_generic_srvs/environment/library_path.dsv
[38.424s] -- Installing: /home/user/ros2_ws/install/hrim_generic_srvs/lib/libhrim_generic_srvs__rosidl_generator_c.so
[38.424s] -- Set runtime path of "/home/user/ros2_ws/install/hrim_generic_srvs/lib/libhrim_generic_srvs__rosidl_generator_c.so" to ""
[38.424s] -- Up-to-date: /home/user/ros2_ws/install/hrim_generic_srvs/include/hrim_generic_srvs
[38.424s] -- Up-to-date: /home/user/ros2_ws/install/hrim_generic_srvs/include/hrim_generic_srvs/srv
[38.424s] -- Up-to-date: /home/user/ros2_ws/install/hrim_generic_srvs/include/hrim_generic_srvs/srv/detail
[38.424s] -- Installing: /home/user/ros2_ws/install/hrim_generic_srvs/include/hrim_generic_srvs/srv/detail/simulation3_d__rosidl_typesupport_fastrtps_c.h
[38.424s] -- Installing: /home/user/ros2_ws/install/hrim_generic_srvs/include/hrim_generic_srvs/srv/detail/simulation_urdf__rosidl_typesupport_fastrtps_c.h
[38.425s] -- Installing: /home/user/ros2_ws/install/hrim_generic_srvs/include/hrim_generic_srvs/srv/detail/specs_communication__rosidl_typesupport_fastrtps_c.h
[38.425s] -- Installing: /home/user/ros2_ws/install/hrim_generic_srvs/include/hrim_generic_srvs/srv/detail/id__rosidl_typesupport_fastrtps_c.h
[38.425s] -- Up-to-date: /home/user/ros2_ws/install/hrim_generic_srvs/include/hrim_generic_srvs/msg
[38.425s] -- Installing: /home/user/ros2_ws/install/hrim_generic_srvs/include/hrim_generic_srvs/msg/rosidl_typesupport_fastrtps_c__visibility_control.h
[38.426s] -- Installing: /home/user/ros2_ws/install/hrim_generic_srvs/lib/libhrim_generic_srvs__rosidl_typesupport_fastrtps_c.so
[38.426s] -- Set runtime path of "/home/user/ros2_ws/install/hrim_generic_srvs/lib/libhrim_generic_srvs__rosidl_typesupport_fastrtps_c.so" to ""
[38.427s] -- Up-to-date: /home/user/ros2_ws/install/hrim_generic_srvs/include/hrim_generic_srvs
[38.427s] -- Up-to-date: /home/user/ros2_ws/install/hrim_generic_srvs/include/hrim_generic_srvs/srv
[38.427s] -- Up-to-date: /home/user/ros2_ws/install/hrim_generic_srvs/include/hrim_generic_srvs/srv/detail
[38.427s] -- Installing: /home/user/ros2_ws/install/hrim_generic_srvs/include/hrim_generic_srvs/srv/detail/simulation_urdf__rosidl_typesupport_fastrtps_cpp.hpp
[38.427s] -- Installing: /home/user/ros2_ws/install/hrim_generic_srvs/include/hrim_generic_srvs/srv/detail/specs_communication__rosidl_typesupport_fastrtps_cpp.hpp
[38.428s] -- Installing: /home/user/ros2_ws/install/hrim_generic_srvs/include/hrim_generic_srvs/srv/detail/dds_fastrtps
[38.428s] -- Installing: /home/user/ros2_ws/install/hrim_generic_srvs/include/hrim_generic_srvs/srv/detail/simulation3_d__rosidl_typesupport_fastrtps_cpp.hpp
[38.428s] -- Installing: /home/user/ros2_ws/install/hrim_generic_srvs/include/hrim_generic_srvs/srv/detail/id__rosidl_typesupport_fastrtps_cpp.hpp
[38.428s] -- Up-to-date: /home/user/ros2_ws/install/hrim_generic_srvs/include/hrim_generic_srvs/msg
[38.429s] -- Installing: /home/user/ros2_ws/install/hrim_generic_srvs/include/hrim_generic_srvs/msg/rosidl_typesupport_fastrtps_cpp__visibility_control.h
[38.429s] -- Installing: /home/user/ros2_ws/install/hrim_generic_srvs/lib/libhrim_generic_srvs__rosidl_typesupport_fastrtps_cpp.so
[38.429s] -- Set runtime path of "/home/user/ros2_ws/install/hrim_generic_srvs/lib/libhrim_generic_srvs__rosidl_typesupport_fastrtps_cpp.so" to ""
[38.429s] -- Up-to-date: /home/user/ros2_ws/install/hrim_generic_srvs/include/hrim_generic_srvs
[38.429s] -- Up-to-date: /home/user/ros2_ws/install/hrim_generic_srvs/include/hrim_generic_srvs/srv
[38.429s] -- Up-to-date: /home/user/ros2_ws/install/hrim_generic_srvs/include/hrim_generic_srvs/srv/detail
[38.430s] -- Installing: /home/user/ros2_ws/install/hrim_generic_srvs/include/hrim_generic_srvs/srv/detail/specs_communication__type_support.c
[38.430s] -- Installing: /home/user/ros2_ws/install/hrim_generic_srvs/include/hrim_generic_srvs/srv/detail/simulation_urdf__rosidl_typesupport_introspection_c.h
[38.430s] -- Installing: /home/user/ros2_ws/install/hrim_generic_srvs/include/hrim_generic_srvs/srv/detail/id__rosidl_typesupport_introspection_c.h
[38.430s] -- Installing: /home/user/ros2_ws/install/hrim_generic_srvs/include/hrim_generic_srvs/srv/detail/simulation3_d__type_support.c
[38.430s] -- Installing: /home/user/ros2_ws/install/hrim_generic_srvs/include/hrim_generic_srvs/srv/detail/specs_communication__rosidl_typesupport_introspection_c.h
[38.431s] -- Installing: /home/user/ros2_ws/install/hrim_generic_srvs/include/hrim_generic_srvs/srv/detail/id__type_support.c
[38.431s] -- Installing: /home/user/ros2_ws/install/hrim_generic_srvs/include/hrim_generic_srvs/srv/detail/simulation_urdf__type_support.c
[38.431s] -- Installing: /home/user/ros2_ws/install/hrim_generic_srvs/include/hrim_generic_srvs/srv/detail/simulation3_d__rosidl_typesupport_introspection_c.h
[38.431s] -- Up-to-date: /home/user/ros2_ws/install/hrim_generic_srvs/include/hrim_generic_srvs/msg
[38.431s] -- Installing: /home/user/ros2_ws/install/hrim_generic_srvs/include/hrim_generic_srvs/msg/rosidl_typesupport_introspection_c__visibility_control.h
[38.432s] -- Installing: /home/user/ros2_ws/install/hrim_generic_srvs/lib/libhrim_generic_srvs__rosidl_typesupport_introspection_c.so
[38.432s] -- Set runtime path of "/home/user/ros2_ws/install/hrim_generic_srvs/lib/libhrim_generic_srvs__rosidl_typesupport_introspection_c.so" to ""
[38.432s] -- Installing: /home/user/ros2_ws/install/hrim_generic_srvs/lib/libhrim_generic_srvs__rosidl_typesupport_c.so
[38.432s] -- Set runtime path of "/home/user/ros2_ws/install/hrim_generic_srvs/lib/libhrim_generic_srvs__rosidl_typesupport_c.so" to ""
[38.432s] -- Up-to-date: /home/user/ros2_ws/install/hrim_generic_srvs/include/hrim_generic_srvs
[38.433s] -- Up-to-date: /home/user/ros2_ws/install/hrim_generic_srvs/include/hrim_generic_srvs/srv
[38.433s] -- Up-to-date: /home/user/ros2_ws/install/hrim_generic_srvs/include/hrim_generic_srvs/srv/detail
[38.433s] -- Installing: /home/user/ros2_ws/install/hrim_generic_srvs/include/hrim_generic_srvs/srv/detail/simulation3_d__struct.hpp
[38.433s] -- Installing: /home/user/ros2_ws/install/hrim_generic_srvs/include/hrim_generic_srvs/srv/detail/simulation3_d__builder.hpp
[38.434s] -- Installing: /home/user/ros2_ws/install/hrim_generic_srvs/include/hrim_generic_srvs/srv/detail/simulation3_d__traits.hpp
[38.434s] -- Installing: /home/user/ros2_ws/install/hrim_generic_srvs/include/hrim_generic_srvs/srv/detail/specs_communication__struct.hpp
[38.434s] -- Installing: /home/user/ros2_ws/install/hrim_generic_srvs/include/hrim_generic_srvs/srv/detail/specs_communication__builder.hpp
[38.434s] -- Installing: /home/user/ros2_ws/install/hrim_generic_srvs/include/hrim_generic_srvs/srv/detail/id__builder.hpp
[38.434s] -- Installing: /home/user/ros2_ws/install/hrim_generic_srvs/include/hrim_generic_srvs/srv/detail/specs_communication__traits.hpp
[38.435s] -- Installing: /home/user/ros2_ws/install/hrim_generic_srvs/include/hrim_generic_srvs/srv/detail/simulation_urdf__traits.hpp
[38.435s] -- Installing: /home/user/ros2_ws/install/hrim_generic_srvs/include/hrim_generic_srvs/srv/detail/id__traits.hpp
[38.435s] -- Installing: /home/user/ros2_ws/install/hrim_generic_srvs/include/hrim_generic_srvs/srv/detail/simulation_urdf__struct.hpp
[38.435s] -- Installing: /home/user/ros2_ws/install/hrim_generic_srvs/include/hrim_generic_srvs/srv/detail/id__struct.hpp
[38.435s] -- Installing: /home/user/ros2_ws/install/hrim_generic_srvs/include/hrim_generic_srvs/srv/detail/simulation_urdf__builder.hpp
[38.436s] -- Installing: /home/user/ros2_ws/install/hrim_generic_srvs/include/hrim_generic_srvs/srv/simulation3_d.hpp
[38.436s] -- Installing: /home/user/ros2_ws/install/hrim_generic_srvs/include/hrim_generic_srvs/srv/id.hpp
[38.436s] -- Installing: /home/user/ros2_ws/install/hrim_generic_srvs/include/hrim_generic_srvs/srv/simulation_urdf.hpp
[38.436s] -- Installing: /home/user/ros2_ws/install/hrim_generic_srvs/include/hrim_generic_srvs/srv/specs_communication.hpp
[38.437s] -- Up-to-date: /home/user/ros2_ws/install/hrim_generic_srvs/include/hrim_generic_srvs
[38.437s] -- Up-to-date: /home/user/ros2_ws/install/hrim_generic_srvs/include/hrim_generic_srvs/srv
[38.437s] -- Up-to-date: /home/user/ros2_ws/install/hrim_generic_srvs/include/hrim_generic_srvs/srv/detail
[38.437s] -- Installing: /home/user/ros2_ws/install/hrim_generic_srvs/include/hrim_generic_srvs/srv/detail/id__rosidl_typesupport_introspection_cpp.hpp
[38.438s] -- Installing: /home/user/ros2_ws/install/hrim_generic_srvs/include/hrim_generic_srvs/srv/detail/id__type_support.cpp
[38.438s] -- Installing: /home/user/ros2_ws/install/hrim_generic_srvs/include/hrim_generic_srvs/srv/detail/simulation_urdf__rosidl_typesupport_introspection_cpp.hpp
[38.438s] -- Installing: /home/user/ros2_ws/install/hrim_generic_srvs/include/hrim_generic_srvs/srv/detail/specs_communication__type_support.cpp
[38.438s] -- Installing: /home/user/ros2_ws/install/hrim_generic_srvs/include/hrim_generic_srvs/srv/detail/simulation3_d__type_support.cpp
[38.438s] -- Installing: /home/user/ros2_ws/install/hrim_generic_srvs/include/hrim_generic_srvs/srv/detail/specs_communication__rosidl_typesupport_introspection_cpp.hpp
[38.438s] -- Installing: /home/user/ros2_ws/install/hrim_generic_srvs/include/hrim_generic_srvs/srv/detail/simulation3_d__rosidl_typesupport_introspection_cpp.hpp
[38.439s] -- Installing: /home/user/ros2_ws/install/hrim_generic_srvs/include/hrim_generic_srvs/srv/detail/simulation_urdf__type_support.cpp
[38.439s] -- Installing: /home/user/ros2_ws/install/hrim_generic_srvs/lib/libhrim_generic_srvs__rosidl_typesupport_introspection_cpp.so
[38.439s] -- Set runtime path of "/home/user/ros2_ws/install/hrim_generic_srvs/lib/libhrim_generic_srvs__rosidl_typesupport_introspection_cpp.so" to ""
[38.439s] -- Installing: /home/user/ros2_ws/install/hrim_generic_srvs/lib/libhrim_generic_srvs__rosidl_typesupport_cpp.so
[38.439s] -- Set runtime path of "/home/user/ros2_ws/install/hrim_generic_srvs/lib/libhrim_generic_srvs__rosidl_typesupport_cpp.so" to ""
[38.439s] -- Installing: /home/user/ros2_ws/install/hrim_generic_srvs/share/hrim_generic_srvs/environment/pythonpath.sh
[38.439s] -- Installing: /home/user/ros2_ws/install/hrim_generic_srvs/share/hrim_generic_srvs/environment/pythonpath.dsv
[38.440s] -- Installing: /home/user/ros2_ws/install/hrim_generic_srvs/lib/python3.8/site-packages/hrim_generic_srvs/__init__.py
[38.487s] Compiling '/home/user/ros2_ws/install/hrim_generic_srvs/lib/python3.8/site-packages/hrim_generic_srvs/__init__.py'...
[38.493s] -- Installing: /home/user/ros2_ws/install/hrim_generic_srvs/lib/python3.8/site-packages/hrim_generic_srvs/srv
[38.493s] -- Installing: /home/user/ros2_ws/install/hrim_generic_srvs/lib/python3.8/site-packages/hrim_generic_srvs/srv/_id.py
[38.493s] -- Installing: /home/user/ros2_ws/install/hrim_generic_srvs/lib/python3.8/site-packages/hrim_generic_srvs/srv/_simulation3_d_s.c
[38.493s] -- Installing: /home/user/ros2_ws/install/hrim_generic_srvs/lib/python3.8/site-packages/hrim_generic_srvs/srv/_simulation_urdf.py
[38.494s] -- Installing: /home/user/ros2_ws/install/hrim_generic_srvs/lib/python3.8/site-packages/hrim_generic_srvs/srv/_specs_communication.py
[38.494s] -- Installing: /home/user/ros2_ws/install/hrim_generic_srvs/lib/python3.8/site-packages/hrim_generic_srvs/srv/_simulation_urdf_s.c
[38.494s] -- Installing: /home/user/ros2_ws/install/hrim_generic_srvs/lib/python3.8/site-packages/hrim_generic_srvs/srv/_simulation3_d.py
[38.494s] -- Installing: /home/user/ros2_ws/install/hrim_generic_srvs/lib/python3.8/site-packages/hrim_generic_srvs/srv/__init__.py
[38.495s] -- Installing: /home/user/ros2_ws/install/hrim_generic_srvs/lib/python3.8/site-packages/hrim_generic_srvs/srv/_id_s.c
[38.495s] -- Installing: /home/user/ros2_ws/install/hrim_generic_srvs/lib/python3.8/site-packages/hrim_generic_srvs/srv/_specs_communication_s.c
[38.495s] -- Installing: /home/user/ros2_ws/install/hrim_generic_srvs/lib/python3.8/site-packages/hrim_generic_srvs/hrim_generic_srvs_s__rosidl_typesupport_fastrtps_c.cpython-38-x86_64-linux-gnu.so
[38.496s] -- Set runtime path of "/home/user/ros2_ws/install/hrim_generic_srvs/lib/python3.8/site-packages/hrim_generic_srvs/hrim_generic_srvs_s__rosidl_typesupport_fastrtps_c.cpython-38-x86_64-linux-gnu.so" to ""
[38.497s] -- Installing: /home/user/ros2_ws/install/hrim_generic_srvs/lib/python3.8/site-packages/hrim_generic_srvs/hrim_generic_srvs_s__rosidl_typesupport_introspection_c.cpython-38-x86_64-linux-gnu.so
[38.497s] -- Set runtime path of "/home/user/ros2_ws/install/hrim_generic_srvs/lib/python3.8/site-packages/hrim_generic_srvs/hrim_generic_srvs_s__rosidl_typesupport_introspection_c.cpython-38-x86_64-linux-gnu.so" to ""
[38.497s] -- Installing: /home/user/ros2_ws/install/hrim_generic_srvs/lib/python3.8/site-packages/hrim_generic_srvs/hrim_generic_srvs_s__rosidl_typesupport_c.cpython-38-x86_64-linux-gnu.so
[38.498s] -- Set runtime path of "/home/user/ros2_ws/install/hrim_generic_srvs/lib/python3.8/site-packages/hrim_generic_srvs/hrim_generic_srvs_s__rosidl_typesupport_c.cpython-38-x86_64-linux-gnu.so" to ""
[38.499s] -- Installing: /home/user/ros2_ws/install/hrim_generic_srvs/lib/libhrim_generic_srvs__python.so
[38.499s] -- Set runtime path of "/home/user/ros2_ws/install/hrim_generic_srvs/lib/libhrim_generic_srvs__python.so" to ""
[38.504s] -- Installing: /home/user/ros2_ws/install/hrim_generic_srvs/share/hrim_generic_srvs/srv/ID.idl
[38.504s] -- Installing: /home/user/ros2_ws/install/hrim_generic_srvs/share/hrim_generic_srvs/srv/Simulation3D.idl
[38.505s] -- Installing: /home/user/ros2_ws/install/hrim_generic_srvs/share/hrim_generic_srvs/srv/SimulationURDF.idl
[38.505s] -- Installing: /home/user/ros2_ws/install/hrim_generic_srvs/share/hrim_generic_srvs/srv/SpecsCommunication.idl
[38.505s] -- Installing: /home/user/ros2_ws/install/hrim_generic_srvs/share/hrim_generic_srvs/srv/ID.srv
[38.506s] -- Installing: /home/user/ros2_ws/install/hrim_generic_srvs/share/hrim_generic_srvs/srv/ID_Request.msg
[38.508s] -- Installing: /home/user/ros2_ws/install/hrim_generic_srvs/share/hrim_generic_srvs/srv/ID_Response.msg
[38.508s] -- Installing: /home/user/ros2_ws/install/hrim_generic_srvs/share/hrim_generic_srvs/srv/Simulation3D.srv
[38.509s] -- Installing: /home/user/ros2_ws/install/hrim_generic_srvs/share/hrim_generic_srvs/srv/Simulation3D_Request.msg
[38.509s] -- Installing: /home/user/ros2_ws/install/hrim_generic_srvs/share/hrim_generic_srvs/srv/Simulation3D_Response.msg
[38.510s] -- Installing: /home/user/ros2_ws/install/hrim_generic_srvs/share/hrim_generic_srvs/srv/SimulationURDF.srv
[38.510s] -- Installing: /home/user/ros2_ws/install/hrim_generic_srvs/share/hrim_generic_srvs/srv/SimulationURDF_Request.msg
[38.510s] -- Installing: /home/user/ros2_ws/install/hrim_generic_srvs/share/hrim_generic_srvs/srv/SimulationURDF_Response.msg
[38.511s] -- Installing: /home/user/ros2_ws/install/hrim_generic_srvs/share/hrim_generic_srvs/srv/SpecsCommunication.srv
[38.511s] -- Installing: /home/user/ros2_ws/install/hrim_generic_srvs/share/hrim_generic_srvs/srv/SpecsCommunication_Request.msg
[38.512s] -- Installing: /home/user/ros2_ws/install/hrim_generic_srvs/share/hrim_generic_srvs/srv/SpecsCommunication_Response.msg
[38.512s] -- Installing: /home/user/ros2_ws/install/hrim_generic_srvs/share/ament_index/resource_index/package_run_dependencies/hrim_generic_srvs
[38.512s] -- Installing: /home/user/ros2_ws/install/hrim_generic_srvs/share/ament_index/resource_index/parent_prefix_path/hrim_generic_srvs
[38.513s] -- Installing: /home/user/ros2_ws/install/hrim_generic_srvs/share/hrim_generic_srvs/environment/ament_prefix_path.sh
[38.513s] -- Installing: /home/user/ros2_ws/install/hrim_generic_srvs/share/hrim_generic_srvs/environment/ament_prefix_path.dsv
[38.513s] -- Installing: /home/user/ros2_ws/install/hrim_generic_srvs/share/hrim_generic_srvs/environment/path.sh
[38.513s] -- Installing: /home/user/ros2_ws/install/hrim_generic_srvs/share/hrim_generic_srvs/environment/path.dsv
[38.513s] -- Installing: /home/user/ros2_ws/install/hrim_generic_srvs/share/hrim_generic_srvs/local_setup.bash
[38.513s] -- Installing: /home/user/ros2_ws/install/hrim_generic_srvs/share/hrim_generic_srvs/local_setup.sh
[38.513s] -- Installing: /home/user/ros2_ws/install/hrim_generic_srvs/share/hrim_generic_srvs/local_setup.zsh
[38.514s] -- Installing: /home/user/ros2_ws/install/hrim_generic_srvs/share/hrim_generic_srvs/local_setup.dsv
[38.514s] -- Installing: /home/user/ros2_ws/install/hrim_generic_srvs/share/hrim_generic_srvs/package.dsv
[38.514s] -- Installing: /home/user/ros2_ws/install/hrim_generic_srvs/share/ament_index/resource_index/packages/hrim_generic_srvs
[38.514s] -- Installing: /home/user/ros2_ws/install/hrim_generic_srvs/share/hrim_generic_srvs/cmake/hrim_generic_srvs__rosidl_generator_cExport.cmake
[38.514s] -- Installing: /home/user/ros2_ws/install/hrim_generic_srvs/share/hrim_generic_srvs/cmake/hrim_generic_srvs__rosidl_generator_cExport-noconfig.cmake
[38.514s] -- Installing: /home/user/ros2_ws/install/hrim_generic_srvs/share/hrim_generic_srvs/cmake/hrim_generic_srvs__rosidl_typesupport_introspection_cExport.cmake
[38.514s] -- Installing: /home/user/ros2_ws/install/hrim_generic_srvs/share/hrim_generic_srvs/cmake/hrim_generic_srvs__rosidl_typesupport_introspection_cExport-noconfig.cmake
[38.515s] -- Installing: /home/user/ros2_ws/install/hrim_generic_srvs/share/hrim_generic_srvs/cmake/hrim_generic_srvs__rosidl_typesupport_cExport.cmake
[38.515s] -- Installing: /home/user/ros2_ws/install/hrim_generic_srvs/share/hrim_generic_srvs/cmake/hrim_generic_srvs__rosidl_typesupport_cExport-noconfig.cmake
[38.515s] -- Installing: /home/user/ros2_ws/install/hrim_generic_srvs/share/hrim_generic_srvs/cmake/hrim_generic_srvs__rosidl_generator_cppExport.cmake
[38.515s] -- Installing: /home/user/ros2_ws/install/hrim_generic_srvs/share/hrim_generic_srvs/cmake/hrim_generic_srvs__rosidl_typesupport_introspection_cppExport.cmake
[38.515s] -- Installing: /home/user/ros2_ws/install/hrim_generic_srvs/share/hrim_generic_srvs/cmake/hrim_generic_srvs__rosidl_typesupport_introspection_cppExport-noconfig.cmake
[38.515s] -- Installing: /home/user/ros2_ws/install/hrim_generic_srvs/share/hrim_generic_srvs/cmake/hrim_generic_srvs__rosidl_typesupport_cppExport.cmake
[38.515s] -- Installing: /home/user/ros2_ws/install/hrim_generic_srvs/share/hrim_generic_srvs/cmake/hrim_generic_srvs__rosidl_typesupport_cppExport-noconfig.cmake
[38.516s] -- Installing: /home/user/ros2_ws/install/hrim_generic_srvs/share/hrim_generic_srvs/cmake/rosidl_cmake-extras.cmake
[38.516s] -- Installing: /home/user/ros2_ws/install/hrim_generic_srvs/share/hrim_generic_srvs/cmake/ament_cmake_export_dependencies-extras.cmake
[38.516s] -- Installing: /home/user/ros2_ws/install/hrim_generic_srvs/share/hrim_generic_srvs/cmake/ament_cmake_export_libraries-extras.cmake
[38.516s] -- Installing: /home/user/ros2_ws/install/hrim_generic_srvs/share/hrim_generic_srvs/cmake/ament_cmake_export_targets-extras.cmake
[38.516s] -- Installing: /home/user/ros2_ws/install/hrim_generic_srvs/share/hrim_generic_srvs/cmake/ament_cmake_export_include_directories-extras.cmake
[38.516s] -- Installing: /home/user/ros2_ws/install/hrim_generic_srvs/share/hrim_generic_srvs/cmake/rosidl_cmake_export_typesupport_libraries-extras.cmake
[38.516s] -- Installing: /home/user/ros2_ws/install/hrim_generic_srvs/share/hrim_generic_srvs/cmake/rosidl_cmake_export_typesupport_targets-extras.cmake
[38.517s] -- Installing: /home/user/ros2_ws/install/hrim_generic_srvs/share/hrim_generic_srvs/cmake/hrim_generic_srvsConfig.cmake
[38.517s] -- Installing: /home/user/ros2_ws/install/hrim_generic_srvs/share/hrim_generic_srvs/cmake/hrim_generic_srvsConfig-version.cmake
[38.517s] -- Installing: /home/user/ros2_ws/install/hrim_generic_srvs/share/hrim_generic_srvs/package.xml
[38.538s] Invoked command in '/home/user/ros2_ws/build/hrim_generic_srvs' returned '0': CMAKE_PREFIX_PATH=/opt/ros/foxy:${CMAKE_PREFIX_PATH} _=/usr/bin/env /usr/bin/cmake --install /home/user/ros2_ws/build/hrim_generic_srvs
