-- Install configuration: ""
-- Up-to-date: /home/user/ros2_ws/install/mara_description/share/mara_description/meshes
-- Up-to-date: /home/user/ros2_ws/install/mara_description/share/mara_description/meshes/Base_plancha.dae
-- Up-to-date: /home/user/ros2_ws/install/mara_description/share/mara_description/meshes/robotiq_adapter.dae
-- Up-to-date: /home/user/ros2_ws/install/mara_description/share/mara_description/meshes/Intel_RealSense_Depth_Camera_D435.dae
-- Up-to-date: /home/user/ros2_ws/install/mara_description/share/mara_description/meshes/MARA_T5.4.dae
-- Up-to-date: /home/user/ros2_ws/install/mara_description/share/mara_description/meshes/MARA_Link1.dae
-- Up-to-date: /home/user/ros2_ws/install/mara_description/share/mara_description/meshes/MARA_Link2.dae
-- Up-to-date: /home/user/ros2_ws/install/mara_description/share/mara_description/meshes/Camera_Support_2.dae
-- Up-to-date: /home/user/ros2_ws/install/mara_description/share/mara_description/meshes/v8_MARA_Base.dae
-- Up-to-date: /home/user/ros2_ws/install/mara_description/share/mara_description/meshes/Base.dae
-- Up-to-date: /home/user/ros2_ws/install/mara_description/share/mara_description/meshes/MARA_T5.4_black.dae
-- Up-to-date: /home/user/ros2_ws/install/mara_description/share/mara_description/meshes/MARA_T30.dae
-- Up-to-date: /home/user/ros2_ws/install/mara_description/share/mara_description/meshes/Camera_Support_1.dae
-- Up-to-date: /home/user/ros2_ws/install/mara_description/share/mara_description/meshes/MARA_T30_Black.dae
-- Up-to-date: /home/user/ros2_ws/install/mara_description/share/mara_description/meshes/MARA_T49_Black.dae
-- Up-to-date: /home/user/ros2_ws/install/mara_description/share/mara_description/meshes/MARA_T49.dae
-- Up-to-date: /home/user/ros2_ws/install/mara_description/share/mara_description/meshes/gripper_adapter.dae
-- Up-to-date: /home/user/ros2_ws/install/mara_description/share/mara_description/urdf
-- Up-to-date: /home/user/ros2_ws/install/mara_description/share/mara_description/urdf/mara_robot_gripper_140.urdf
-- Up-to-date: /home/user/ros2_ws/install/mara_description/share/mara_description/urdf/two_mara_robots.urdf.xacro
-- Up-to-date: /home/user/ros2_ws/install/mara_description/share/mara_description/urdf/mara.transmission.xacro
-- Up-to-date: /home/user/ros2_ws/install/mara_description/share/mara_description/urdf/mara_robot.urdf
-- Up-to-date: /home/user/ros2_ws/install/mara_description/share/mara_description/urdf/two_mara_robots_gripper_140_no_table.urdf
-- Up-to-date: /home/user/ros2_ws/install/mara_description/share/mara_description/urdf/camera_gripper_support.urdf.xacro
-- Up-to-date: /home/user/ros2_ws/install/mara_description/share/mara_description/urdf/mara_robot_gripper_85.urdf.xacro
-- Up-to-date: /home/user/ros2_ws/install/mara_description/share/mara_description/urdf/table.mtl
-- Up-to-date: /home/user/ros2_ws/install/mara_description/share/mara_description/urdf/two_mara_robots_gripper_140_no_table.urdf.xacro
-- Installing: /home/user/ros2_ws/install/mara_description/share/mara_description/urdf/mara_robot_gripper_140_no_table.urdf
-- Up-to-date: /home/user/ros2_ws/install/mara_description/share/mara_description/urdf/mara_gazebo.urdf.xacro
-- Up-to-date: /home/user/ros2_ws/install/mara_description/share/mara_description/urdf/table.png
-- Up-to-date: /home/user/ros2_ws/install/mara_description/share/mara_description/urdf/table.urdf.xacro
-- Up-to-date: /home/user/ros2_ws/install/mara_description/share/mara_description/urdf/mara_robot_gripper_140_no_table.urdf.xacro
-- Installing: /home/user/ros2_ws/install/mara_description/share/mara_description/urdf/mara_robot_gripper_85.urdf
-- Up-to-date: /home/user/ros2_ws/install/mara_description/share/mara_description/urdf/mara_robot_gripper_140.urdf.xacro
-- Up-to-date: /home/user/ros2_ws/install/mara_description/share/mara_description/urdf/materials.xacro
-- Up-to-date: /home/user/ros2_ws/install/mara_description/share/mara_description/urdf/table.obj
-- Up-to-date: /home/user/ros2_ws/install/mara_description/share/mara_description/urdf/reinforcement_learning
-- Up-to-date: /home/user/ros2_ws/install/mara_description/share/mara_description/urdf/reinforcement_learning/mara_robot_train.urdf.xacro
-- Up-to-date: /home/user/ros2_ws/install/mara_description/share/mara_description/urdf/reinforcement_learning/mara_robot_run.urdf.xacro
-- Up-to-date: /home/user/ros2_ws/install/mara_description/share/mara_description/urdf/reinforcement_learning/mara_gazebo_run.urdf.xacro
-- Up-to-date: /home/user/ros2_ws/install/mara_description/share/mara_description/urdf/reinforcement_learning/mara_robot_gripper_140_camera_run.urdf.xacro
-- Up-to-date: /home/user/ros2_ws/install/mara_description/share/mara_description/urdf/reinforcement_learning/mara_robot_gripper_140_camera_train.urdf.xacro
-- Up-to-date: /home/user/ros2_ws/install/mara_description/share/mara_description/urdf/reinforcement_learning/mara_robot_train.urdf
-- Up-to-date: /home/user/ros2_ws/install/mara_description/share/mara_description/urdf/reinforcement_learning/mara_robot_gripper_140_camera_train.urdf
-- Up-to-date: /home/user/ros2_ws/install/mara_description/share/mara_description/urdf/reinforcement_learning/mara_run.urdf.xacro
-- Up-to-date: /home/user/ros2_ws/install/mara_description/share/mara_description/urdf/reinforcement_learning/mara_robot_run.urdf
-- Up-to-date: /home/user/ros2_ws/install/mara_description/share/mara_description/urdf/reinforcement_learning/mara_gazebo_train.urdf.xacro
-- Up-to-date: /home/user/ros2_ws/install/mara_description/share/mara_description/urdf/reinforcement_learning/mara_robot_gripper_140_camera_run.urdf
-- Up-to-date: /home/user/ros2_ws/install/mara_description/share/mara_description/urdf/reinforcement_learning/mara_train.urdf.xacro
-- Up-to-date: /home/user/ros2_ws/install/mara_description/share/mara_description/urdf/mara_robot_gripper_hande.urdf
-- Up-to-date: /home/user/ros2_ws/install/mara_description/share/mara_description/urdf/mara_robot_gripper_hande.urdf.xacro
-- Up-to-date: /home/user/ros2_ws/install/mara_description/share/mara_description/urdf/mara.urdf.xacro
-- Up-to-date: /home/user/ros2_ws/install/mara_description/share/mara_description/urdf/mara_robot.urdf.xacro
-- Up-to-date: /home/user/ros2_ws/install/mara_description/share/mara_description/urdf/rs_d435.urdf.xacro
-- Up-to-date: /home/user/ros2_ws/install/mara_description/share/mara_description/urdf/two_mara_robots.urdf
-- Up-to-date: /home/user/ros2_ws/install/mara_description/share/mara_description/material
-- Up-to-date: /home/user/ros2_ws/install/mara_description/share/mara_description/material/gazebo.material
-- Up-to-date: /home/user/ros2_ws/install/mara_description/share/mara_description/rviz
-- Up-to-date: /home/user/ros2_ws/install/mara_description/share/mara_description/rviz/visualization.rviz
-- Up-to-date: /home/user/ros2_ws/install/mara_description/share/ament_index/resource_index/package_run_dependencies/mara_description
-- Up-to-date: /home/user/ros2_ws/install/mara_description/share/ament_index/resource_index/parent_prefix_path/mara_description
-- Up-to-date: /home/user/ros2_ws/install/mara_description/share/mara_description/environment/ament_prefix_path.sh
-- Up-to-date: /home/user/ros2_ws/install/mara_description/share/mara_description/environment/ament_prefix_path.dsv
-- Up-to-date: /home/user/ros2_ws/install/mara_description/share/mara_description/environment/path.sh
-- Up-to-date: /home/user/ros2_ws/install/mara_description/share/mara_description/environment/path.dsv
-- Up-to-date: /home/user/ros2_ws/install/mara_description/share/mara_description/local_setup.bash
-- Up-to-date: /home/user/ros2_ws/install/mara_description/share/mara_description/local_setup.sh
-- Up-to-date: /home/user/ros2_ws/install/mara_description/share/mara_description/local_setup.zsh
-- Up-to-date: /home/user/ros2_ws/install/mara_description/share/mara_description/local_setup.dsv
-- Installing: /home/user/ros2_ws/install/mara_description/share/mara_description/package.dsv
-- Up-to-date: /home/user/ros2_ws/install/mara_description/share/ament_index/resource_index/packages/mara_description
-- Up-to-date: /home/user/ros2_ws/install/mara_description/share/mara_description/cmake/ament_cmake_export_dependencies-extras.cmake
-- Up-to-date: /home/user/ros2_ws/install/mara_description/share/mara_description/cmake/mara_descriptionConfig.cmake
-- Up-to-date: /home/user/ros2_ws/install/mara_description/share/mara_description/cmake/mara_descriptionConfig-version.cmake
-- Up-to-date: /home/user/ros2_ws/install/mara_description/share/mara_description/package.xml
