[0.272s] Invoking command in '/home/user/ros2_ws/build/robotiq_hande_gripper_description': CMAKE_PREFIX_PATH=${CMAKE_PREFIX_PATH}:/opt/ros/foxy _=/usr/bin/env /usr/bin/cmake --build /home/user/ros2_ws/build/robotiq_hande_gripper_description -- -j8 -l8
[0.559s] -- Found ament_cmake: 0.9.9 (/opt/ros/foxy/share/ament_cmake/cmake)
[0.681s] -- Found PythonInterp: /usr/bin/python3 (found suitable version "3.8.10", minimum required is "3") 
[0.681s] -- Using PYTHON_EXECUTABLE: /usr/bin/python3
[2.684s] -- Found urdf: 2.4.0 (/opt/ros/foxy/share/urdf/cmake)
[3.586s] -- Configuring done
[3.591s] -- Generating done
[3.603s] -- Build files have been written to: /home/user/ros2_ws/build/robotiq_hande_gripper_description
[3.869s] Invoked command in '/home/user/ros2_ws/build/robotiq_hande_gripper_description' returned '0': CMAKE_PREFIX_PATH=${CMAKE_PREFIX_PATH}:/opt/ros/foxy _=/usr/bin/env /usr/bin/cmake --build /home/user/ros2_ws/build/robotiq_hande_gripper_description -- -j8 -l8
[4.288s] Invoking command in '/home/user/ros2_ws/build/robotiq_hande_gripper_description': CMAKE_PREFIX_PATH=${CMAKE_PREFIX_PATH}:/opt/ros/foxy _=/usr/bin/env /usr/bin/cmake --install /home/user/ros2_ws/build/robotiq_hande_gripper_description
[9.700s] -- Install configuration: ""
[9.701s] -- Up-to-date: /home/user/ros2_ws/install/robotiq_hande_gripper_description/share/robotiq_hande_gripper_description/meshes
[9.701s] -- Up-to-date: /home/user/ros2_ws/install/robotiq_hande_gripper_description/share/robotiq_hande_gripper_description/meshes/finger_1.dae
[9.701s] -- Up-to-date: /home/user/ros2_ws/install/robotiq_hande_gripper_description/share/robotiq_hande_gripper_description/meshes/finger_2.dae
[9.701s] -- Up-to-date: /home/user/ros2_ws/install/robotiq_hande_gripper_description/share/robotiq_hande_gripper_description/meshes/hand-e.dae
[9.702s] -- Up-to-date: /home/user/ros2_ws/install/robotiq_hande_gripper_description/share/robotiq_hande_gripper_description/urdf
[9.702s] -- Up-to-date: /home/user/ros2_ws/install/robotiq_hande_gripper_description/share/robotiq_hande_gripper_description/urdf/robotiq_hande_world.urdf.xacro
[9.702s] -- Up-to-date: /home/user/ros2_ws/install/robotiq_hande_gripper_description/share/robotiq_hande_gripper_description/urdf/robotiq_hande.urdf
[9.702s] -- Up-to-date: /home/user/ros2_ws/install/robotiq_hande_gripper_description/share/robotiq_hande_gripper_description/urdf/robotiq_hande.urdf.xacro
[9.703s] -- Up-to-date: /home/user/ros2_ws/install/robotiq_hande_gripper_description/share/robotiq_hande_gripper_description/rviz
[9.703s] -- Up-to-date: /home/user/ros2_ws/install/robotiq_hande_gripper_description/share/robotiq_hande_gripper_description/rviz/visualization.rviz
[9.703s] -- Up-to-date: /home/user/ros2_ws/install/robotiq_hande_gripper_description/share/ament_index/resource_index/package_run_dependencies/robotiq_hande_gripper_description
[9.703s] -- Installing: /home/user/ros2_ws/install/robotiq_hande_gripper_description/share/ament_index/resource_index/parent_prefix_path/robotiq_hande_gripper_description
[9.703s] -- Installing: /home/user/ros2_ws/install/robotiq_hande_gripper_description/share/robotiq_hande_gripper_description/environment/ament_prefix_path.sh
[9.703s] -- Installing: /home/user/ros2_ws/install/robotiq_hande_gripper_description/share/robotiq_hande_gripper_description/environment/ament_prefix_path.dsv
[9.704s] -- Installing: /home/user/ros2_ws/install/robotiq_hande_gripper_description/share/robotiq_hande_gripper_description/environment/path.sh
[9.704s] -- Installing: /home/user/ros2_ws/install/robotiq_hande_gripper_description/share/robotiq_hande_gripper_description/environment/path.dsv
[9.704s] -- Installing: /home/user/ros2_ws/install/robotiq_hande_gripper_description/share/robotiq_hande_gripper_description/local_setup.bash
[9.704s] -- Installing: /home/user/ros2_ws/install/robotiq_hande_gripper_description/share/robotiq_hande_gripper_description/local_setup.sh
[9.705s] -- Installing: /home/user/ros2_ws/install/robotiq_hande_gripper_description/share/robotiq_hande_gripper_description/local_setup.zsh
[9.705s] -- Installing: /home/user/ros2_ws/install/robotiq_hande_gripper_description/share/robotiq_hande_gripper_description/local_setup.dsv
[9.705s] -- Installing: /home/user/ros2_ws/install/robotiq_hande_gripper_description/share/robotiq_hande_gripper_description/package.dsv
[9.705s] -- Up-to-date: /home/user/ros2_ws/install/robotiq_hande_gripper_description/share/ament_index/resource_index/packages/robotiq_hande_gripper_description
[9.705s] -- Installing: /home/user/ros2_ws/install/robotiq_hande_gripper_description/share/robotiq_hande_gripper_description/cmake/ament_cmake_export_dependencies-extras.cmake
[9.706s] -- Up-to-date: /home/user/ros2_ws/install/robotiq_hande_gripper_description/share/robotiq_hande_gripper_description/cmake/robotiq_hande_gripper_descriptionConfig.cmake
[9.708s] -- Up-to-date: /home/user/ros2_ws/install/robotiq_hande_gripper_description/share/robotiq_hande_gripper_description/cmake/robotiq_hande_gripper_descriptionConfig-version.cmake
[9.708s] -- Up-to-date: /home/user/ros2_ws/install/robotiq_hande_gripper_description/share/robotiq_hande_gripper_description/package.xml
[9.865s] Invoked command in '/home/user/ros2_ws/build/robotiq_hande_gripper_description' returned '0': CMAKE_PREFIX_PATH=${CMAKE_PREFIX_PATH}:/opt/ros/foxy _=/usr/bin/env /usr/bin/cmake --install /home/user/ros2_ws/build/robotiq_hande_gripper_description
