[0.303s] Invoking command in '/home/user/ros2_ws/build/mara_bringup': CMAKE_PREFIX_PATH=${CMAKE_PREFIX_PATH}:/opt/ros/foxy _=/usr/bin/env /usr/bin/cmake --build /home/user/ros2_ws/build/mara_bringup -- -j8 -l8
[0.587s] -- Found ament_cmake: 0.9.9 (/opt/ros/foxy/share/ament_cmake/cmake)
[0.806s] -- Found PythonInterp: /usr/bin/python3 (found suitable version "3.8.10", minimum required is "3") 
[0.807s] -- Using PYTHON_EXECUTABLE: /usr/bin/python3
[2.890s] -- Found rclcpp: 2.4.0 (/opt/ros/foxy/share/rclcpp/cmake)
[3.313s] -- Using all available rosidl_typesupport_c: rosidl_typesupport_fastrtps_c;rosidl_typesupport_introspection_c
[3.332s] -- Found rosidl_adapter: 1.2.1 (/opt/ros/foxy/share/rosidl_adapter/cmake)
[4.515s] -- Using all available rosidl_typesupport_cpp: rosidl_typesupport_fastrtps_cpp;rosidl_typesupport_introspection_cpp
[5.034s] -- Found rmw_implementation_cmake: 1.0.3 (/opt/ros/foxy/share/rmw_implementation_cmake/cmake)
[5.089s] -- Using RMW implementation 'rmw_fastrtps_cpp' as default
[7.004s] -- Configuring done
[7.005s] -- Generating done
[7.011s] -- Build files have been written to: /home/user/ros2_ws/build/mara_bringup
[7.224s] Invoked command in '/home/user/ros2_ws/build/mara_bringup' returned '0': CMAKE_PREFIX_PATH=${CMAKE_PREFIX_PATH}:/opt/ros/foxy _=/usr/bin/env /usr/bin/cmake --build /home/user/ros2_ws/build/mara_bringup -- -j8 -l8
[7.697s] Invoking command in '/home/user/ros2_ws/build/mara_bringup': CMAKE_PREFIX_PATH=${CMAKE_PREFIX_PATH}:/opt/ros/foxy _=/usr/bin/env /usr/bin/cmake --install /home/user/ros2_ws/build/mara_bringup
[7.805s] -- Install configuration: ""
[7.805s] -- Up-to-date: /home/user/ros2_ws/install/mara_bringup/share/mara_bringup/launch
[7.805s] -- Up-to-date: /home/user/ros2_ws/install/mara_bringup/share/mara_bringup/launch/mara.launch.py
[7.806s] -- Up-to-date: /home/user/ros2_ws/install/mara_bringup/share/ament_index/resource_index/package_run_dependencies/mara_bringup
[7.806s] -- Installing: /home/user/ros2_ws/install/mara_bringup/share/ament_index/resource_index/parent_prefix_path/mara_bringup
[7.806s] -- Installing: /home/user/ros2_ws/install/mara_bringup/share/mara_bringup/environment/ament_prefix_path.sh
[7.806s] -- Installing: /home/user/ros2_ws/install/mara_bringup/share/mara_bringup/environment/ament_prefix_path.dsv
[7.807s] -- Installing: /home/user/ros2_ws/install/mara_bringup/share/mara_bringup/environment/path.sh
[7.807s] -- Installing: /home/user/ros2_ws/install/mara_bringup/share/mara_bringup/environment/path.dsv
[7.807s] -- Installing: /home/user/ros2_ws/install/mara_bringup/share/mara_bringup/local_setup.bash
[7.808s] -- Installing: /home/user/ros2_ws/install/mara_bringup/share/mara_bringup/local_setup.sh
[7.808s] -- Installing: /home/user/ros2_ws/install/mara_bringup/share/mara_bringup/local_setup.zsh
[7.808s] -- Installing: /home/user/ros2_ws/install/mara_bringup/share/mara_bringup/local_setup.dsv
[7.817s] -- Installing: /home/user/ros2_ws/install/mara_bringup/share/mara_bringup/package.dsv
[7.817s] -- Up-to-date: /home/user/ros2_ws/install/mara_bringup/share/ament_index/resource_index/packages/mara_bringup
[7.817s] -- Installing: /home/user/ros2_ws/install/mara_bringup/share/mara_bringup/cmake/ament_cmake_export_dependencies-extras.cmake
[7.818s] -- Up-to-date: /home/user/ros2_ws/install/mara_bringup/share/mara_bringup/cmake/mara_bringupConfig.cmake
[7.818s] -- Up-to-date: /home/user/ros2_ws/install/mara_bringup/share/mara_bringup/cmake/mara_bringupConfig-version.cmake
[7.818s] -- Up-to-date: /home/user/ros2_ws/install/mara_bringup/share/mara_bringup/package.xml
[7.925s] Invoked command in '/home/user/ros2_ws/build/mara_bringup' returned '0': CMAKE_PREFIX_PATH=${CMAKE_PREFIX_PATH}:/opt/ros/foxy _=/usr/bin/env /usr/bin/cmake --install /home/user/ros2_ws/build/mara_bringup
