[0.000000] (-) TimerEvent: {}
[0.000261] (-) JobUnselected: {'identifier': 'control_msgs'}
[0.000352] (-) JobUnselected: {'identifier': 'gripper_minimal_service'}
[0.000413] (-) JobUnselected: {'identifier': 'gripper_minimal_subscriber'}
[0.000464] (-) JobUnselected: {'identifier': 'hans_modular_gazebo'}
[0.000512] (-) JobUnselected: {'identifier': 'hans_t30_description'}
[0.000563] (-) JobUnselected: {'identifier': 'hans_t49_description'}
[0.000613] (-) JobUnselected: {'identifier': 'hans_t9_4_description'}
[0.000663] (-) JobUnselected: {'identifier': 'hrim_actuator_gripper_msgs'}
[0.000712] (-) JobUnselected: {'identifier': 'hrim_actuator_gripper_srvs'}
[0.000759] (-) JobUnselected: {'identifier': 'hrim_actuator_rotaryservo_actions'}
[0.000805] (-) JobUnselected: {'identifier': 'hrim_actuator_rotaryservo_msgs'}
[0.000851] (-) JobUnselected: {'identifier': 'hrim_actuator_rotaryservo_srvs'}
[0.000921] (-) JobUnselected: {'identifier': 'hrim_generic_msgs'}
[0.000974] (-) JobUnselected: {'identifier': 'hrim_generic_srvs'}
[0.001025] (-) JobUnselected: {'identifier': 'hros_cognition_mara_components'}
[0.001078] (-) JobUnselected: {'identifier': 'individual_trajectories_bridge'}
[0.001131] (-) JobUnselected: {'identifier': 'mara_bringup'}
[0.001181] (-) JobUnselected: {'identifier': 'mara_contact_publisher'}
[0.001241] (-) JobUnselected: {'identifier': 'mara_description'}
[0.001351] (-) JobUnselected: {'identifier': 'mara_gazebo'}
[0.001414] (-) JobUnselected: {'identifier': 'mara_gazebo_plugins'}
[0.001558] (-) JobUnselected: {'identifier': 'mara_minimal_publisher'}
[0.001619] (-) JobUnselected: {'identifier': 'mara_minimal_subscriber'}
[0.001677] (-) JobUnselected: {'identifier': 'mara_minimal_trajectory_action'}
[0.001732] (-) JobUnselected: {'identifier': 'mara_utils_scripts'}
[0.001781] (-) JobUnselected: {'identifier': 'robotiq_140_gripper_description'}
[0.001841] (-) JobUnselected: {'identifier': 'robotiq_85_gripper_description'}
[0.001897] (-) JobUnselected: {'identifier': 'robotiq_gazebo'}
[0.001950] (-) JobUnselected: {'identifier': 'robotiq_gripper_gazebo_plugins'}
[0.002005] (-) JobUnselected: {'identifier': 'robotiq_hande_gripper_description'}
[0.002070] (ldmk_package) JobQueued: {'identifier': 'ldmk_package', 'dependencies': OrderedDict([('hrim_actuator_rotaryservo_msgs', '/home/user/ros2_ws/install/hrim_actuator_rotaryservo_msgs')])}
[0.002141] (ldmk_package) JobStarted: {'identifier': 'ldmk_package'}
[0.075992] (-) TimerEvent: {}
[0.179466] (-) TimerEvent: {}
[0.282993] (-) TimerEvent: {}
[0.383507] (-) TimerEvent: {}
[0.485296] (-) TimerEvent: {}
[0.587465] (-) TimerEvent: {}
[0.693028] (-) TimerEvent: {}
[0.794676] (-) TimerEvent: {}
[0.896252] (-) TimerEvent: {}
[0.996734] (-) TimerEvent: {}
[1.099489] (-) TimerEvent: {}
[1.200832] (-) TimerEvent: {}
[1.301306] (-) TimerEvent: {}
[1.350392] (ldmk_package) StderrLine: {'line': b'Traceback (most recent call last):\n  File "/usr/lib/python3/dist-packages/colcon_core/executor/__init__.py", line 91, in __call__\n    rc = await self.task(*args, **kwargs)\n  File "/usr/lib/python3/dist-packages/colcon_core/task/__init__.py", line 93, in __call__\n    return await task_method(*args, **kwargs)\n  File "/usr/lib/python3/dist-packages/colcon_ros/task/ament_python/build.py", line 51, in build\n    setup_py_data = get_setup_data(self.context.pkg, env)\n  File "/usr/lib/python3/dist-packages/colcon_core/task/python/__init__.py", line 20, in get_setup_data\n    return dict(pkg.metadata[key](env))\n  File "/usr/lib/python3/dist-packages/colcon_ros/package_identification/ros.py", line 129, in getter\n    return get_setup_information(\n  File "/usr/lib/python3/dist-packages/colcon_python_setup_py/package_identification/python_setup_py.py", line 241, in get_setup_information\n    _setup_information_cache[hashable_env] = _get_setup_information(\n  File "/usr/lib/python3/dist-packages/colcon_python_setup_py/package_identification/python_setup_py.py", line 281, in _get_setup_information\n    result = subprocess.run(\n  File "/usr/lib/python3.8/subprocess.py", line 516, in run\n    raise CalledProcessError(retcode, process.args,\nsubprocess.CalledProcessError: Command \'[\'/usr/bin/python3\', \'-c\', "import sys;from setuptools.extern.packaging.specifiers import SpecifierSet;from distutils.core import run_setup;dist = run_setup(    \'setup.py\', script_args=(\'--dry-run\',), stop_after=\'config\');skip_keys = (\'cmdclass\', \'distclass\', \'ext_modules\', \'metadata\');data = {    key: value for key, value in dist.__dict__.items()     if (        not key.startswith(\'_\') and         not callable(value) and         key not in skip_keys and         key not in dist.display_option_names    )};data[\'metadata\'] = {    k: v for k, v in dist.metadata.__dict__.items()     if k not in (\'license_files\', \'provides_extras\')};sys.stdout.buffer.write(repr(data).encode(\'utf-8\'))"]\' returned non-zero exit status 1.\n'}
[1.351527] (ldmk_package) JobEnded: {'identifier': 'ldmk_package', 'rc': 1}
[1.370763] (-) EventReactorShutdown: {}
