/home/user/ros2_ws/install/ldmk_package/lib/python3.8/site-packages/ldmk_package/teleop_keyboard.py
/home/user/ros2_ws/install/ldmk_package/lib/python3.8/site-packages/ldmk_package/anglespublisher_manual.py
/home/user/ros2_ws/install/ldmk_package/lib/python3.8/site-packages/ldmk_package/__init__.py
/home/user/ros2_ws/install/ldmk_package/lib/python3.8/site-packages/ldmk_package/fingersclient.py
/home/user/ros2_ws/install/ldmk_package/lib/python3.8/site-packages/ldmk_package/roboticsIK.py
/home/user/ros2_ws/install/ldmk_package/lib/python3.8/site-packages/ldmk_package/fingersclient_manual.py
/home/user/ros2_ws/install/ldmk_package/lib/python3.8/site-packages/ldmk_package/__pycache__/teleop_keyboard.cpython-38.pyc
/home/user/ros2_ws/install/ldmk_package/lib/python3.8/site-packages/ldmk_package/__pycache__/anglespublisher_manual.cpython-38.pyc
/home/user/ros2_ws/install/ldmk_package/lib/python3.8/site-packages/ldmk_package/__pycache__/__init__.cpython-38.pyc
/home/user/ros2_ws/install/ldmk_package/lib/python3.8/site-packages/ldmk_package/__pycache__/fingersclient.cpython-38.pyc
/home/user/ros2_ws/install/ldmk_package/lib/python3.8/site-packages/ldmk_package/__pycache__/roboticsIK.cpython-38.pyc
/home/user/ros2_ws/install/ldmk_package/lib/python3.8/site-packages/ldmk_package/__pycache__/fingersclient_manual.cpython-38.pyc
/home/user/ros2_ws/install/ldmk_package/share/ament_index/resource_index/packages/ldmk_package
/home/user/ros2_ws/install/ldmk_package/share/ldmk_package/package.xml
/home/user/ros2_ws/install/ldmk_package/share/ldmk_package/maraik.launch.py
/home/user/ros2_ws/install/ldmk_package/lib/python3.8/site-packages/ldmk_package-0.0.0-py3.8.egg-info/PKG-INFO
/home/user/ros2_ws/install/ldmk_package/lib/python3.8/site-packages/ldmk_package-0.0.0-py3.8.egg-info/zip-safe
/home/user/ros2_ws/install/ldmk_package/lib/python3.8/site-packages/ldmk_package-0.0.0-py3.8.egg-info/top_level.txt
/home/user/ros2_ws/install/ldmk_package/lib/python3.8/site-packages/ldmk_package-0.0.0-py3.8.egg-info/requires.txt
/home/user/ros2_ws/install/ldmk_package/lib/python3.8/site-packages/ldmk_package-0.0.0-py3.8.egg-info/entry_points.txt
/home/user/ros2_ws/install/ldmk_package/lib/python3.8/site-packages/ldmk_package-0.0.0-py3.8.egg-info/SOURCES.txt
/home/user/ros2_ws/install/ldmk_package/lib/python3.8/site-packages/ldmk_package-0.0.0-py3.8.egg-info/dependency_links.txt
/home/user/ros2_ws/install/ldmk_package/lib/ldmk_package/anglespublisher_manual
/home/user/ros2_ws/install/ldmk_package/lib/ldmk_package/fingersclient
/home/user/ros2_ws/install/ldmk_package/lib/ldmk_package/fingersclient_manual
/home/user/ros2_ws/install/ldmk_package/lib/ldmk_package/roboticsIK
/home/user/ros2_ws/install/ldmk_package/lib/ldmk_package/teleop_keyboard
