-- Found ament_cmake: 0.9.9 (/opt/ros/foxy/share/ament_cmake/cmake)
-- Found PythonInterp: /usr/bin/python3 (found suitable version "3.8.10", minimum required is "3") 
-- Using PYTHON_EXECUTABLE: /usr/bin/python3
-- Found rosidl_default_generators: 1.0.1 (/opt/ros/foxy/share/rosidl_default_generators/cmake)
-- Using all available rosidl_typesupport_c: rosidl_typesupport_fastrtps_c;rosidl_typesupport_introspection_c
-- Found rosidl_adapter: 1.2.1 (/opt/ros/foxy/share/rosidl_adapter/cmake)
-- Using all available rosidl_typesupport_cpp: rosidl_typesupport_fastrtps_cpp;rosidl_typesupport_introspection_cpp
-- Found PythonInterp: /usr/bin/python3 (found version "3.8.10") 
-- Found ament_cmake_ros: 0.9.2 (/opt/ros/foxy/share/ament_cmake_ros/cmake)
-- Using all available rosidl_typesupport_c: rosidl_typesupport_fastrtps_c;rosidl_typesupport_introspection_c
-- Using all available rosidl_typesupport_cpp: rosidl_typesupport_fastrtps_cpp;rosidl_typesupport_introspection_cpp
-- Found PythonInterp: /usr/bin/python3 (found suitable version "3.8.10", minimum required is "3.5") 
-- Found python_cmake_module: 0.8.1 (/opt/ros/foxy/share/python_cmake_module/cmake)
-- Found PythonLibs: /usr/lib/x86_64-linux-gnu/libpython3.8.so (found suitable version "3.8.10", minimum required is "3.5") 
-- Using PYTHON_EXECUTABLE: /usr/bin/python3
-- Using PYTHON_INCLUDE_DIRS: /usr/include/python3.8
-- Using PYTHON_LIBRARIES: /usr/lib/x86_64-linux-gnu/libpython3.8.so
-- Configuring done
-- Generating done
-- Build files have been written to: /home/user/ros2_ws/build/hrim_actuator_gripper_srvs
[35m[1mScanning dependencies of target hrim_actuator_gripper_srvs__rosidl_generator_c[0m
[  1%] [32mBuilding C object CMakeFiles/hrim_actuator_gripper_srvs__rosidl_generator_c.dir/rosidl_generator_c/hrim_actuator_gripper_srvs/srv/detail/control_finger__functions.c.o[0m
[  2%] [32mBuilding C object CMakeFiles/hrim_actuator_gripper_srvs__rosidl_generator_c.dir/rosidl_generator_c/hrim_actuator_gripper_srvs/srv/detail/specs_vacuum_gripper__functions.c.o[0m
[  4%] [32mBuilding C object CMakeFiles/hrim_actuator_gripper_srvs__rosidl_generator_c.dir/rosidl_generator_c/hrim_actuator_gripper_srvs/srv/detail/specs_magnetic_gripper__functions.c.o[0m
[  5%] [32mBuilding C object CMakeFiles/hrim_actuator_gripper_srvs__rosidl_generator_c.dir/rosidl_generator_c/hrim_actuator_gripper_srvs/srv/detail/specs_finger_gripper__functions.c.o[0m
[  7%] [32mBuilding C object CMakeFiles/hrim_actuator_gripper_srvs__rosidl_generator_c.dir/rosidl_generator_c/hrim_actuator_gripper_srvs/srv/detail/goal_gripper__functions.c.o[0m
[  8%] [32mBuilding C object CMakeFiles/hrim_actuator_gripper_srvs__rosidl_generator_c.dir/rosidl_generator_c/hrim_actuator_gripper_srvs/srv/detail/control_vacuum__functions.c.o[0m
[  9%] [32m[1mLinking C shared library libhrim_actuator_gripper_srvs__rosidl_generator_c.so[0m
[ 11%] Built target hrim_actuator_gripper_srvs__rosidl_generator_c
[ 12%] Built target hrim_actuator_gripper_srvs__cpp
[35m[1mScanning dependencies of target hrim_actuator_gripper_srvs__rosidl_typesupport_introspection_c[0m
[ 14%] [32mBuilding C object CMakeFiles/hrim_actuator_gripper_srvs__rosidl_typesupport_introspection_c.dir/rosidl_typesupport_introspection_c/hrim_actuator_gripper_srvs/srv/detail/control_finger__type_support.c.o[0m
[ 15%] [32mBuilding C object CMakeFiles/hrim_actuator_gripper_srvs__rosidl_typesupport_introspection_c.dir/rosidl_typesupport_introspection_c/hrim_actuator_gripper_srvs/srv/detail/specs_finger_gripper__type_support.c.o[0m
[ 16%] [32mBuilding C object CMakeFiles/hrim_actuator_gripper_srvs__rosidl_typesupport_introspection_c.dir/rosidl_typesupport_introspection_c/hrim_actuator_gripper_srvs/srv/detail/specs_magnetic_gripper__type_support.c.o[0m
[ 18%] [32mBuilding C object CMakeFiles/hrim_actuator_gripper_srvs__rosidl_typesupport_introspection_c.dir/rosidl_typesupport_introspection_c/hrim_actuator_gripper_srvs/srv/detail/specs_vacuum_gripper__type_support.c.o[0m
[ 19%] [32mBuilding C object CMakeFiles/hrim_actuator_gripper_srvs__rosidl_typesupport_introspection_c.dir/rosidl_typesupport_introspection_c/hrim_actuator_gripper_srvs/srv/detail/goal_gripper__type_support.c.o[0m
[ 21%] [32mBuilding C object CMakeFiles/hrim_actuator_gripper_srvs__rosidl_typesupport_introspection_c.dir/rosidl_typesupport_introspection_c/hrim_actuator_gripper_srvs/srv/detail/control_vacuum__type_support.c.o[0m
[ 22%] [32m[1mLinking C shared library libhrim_actuator_gripper_srvs__rosidl_typesupport_introspection_c.so[0m
[ 23%] Built target hrim_actuator_gripper_srvs__rosidl_typesupport_introspection_c
[ 25%] [32m[1mLinking CXX shared library libhrim_actuator_gripper_srvs__rosidl_typesupport_cpp.so[0m
[ 35%] Built target hrim_actuator_gripper_srvs__rosidl_typesupport_cpp
[35m[1mScanning dependencies of target hrim_actuator_gripper_srvs__rosidl_typesupport_introspection_cpp[0m
[ 36%] [32mBuilding CXX object CMakeFiles/hrim_actuator_gripper_srvs__rosidl_typesupport_introspection_cpp.dir/rosidl_typesupport_introspection_cpp/hrim_actuator_gripper_srvs/srv/detail/control_finger__type_support.cpp.o[0m
make[2]: *** [CMakeFiles/hrim_actuator_gripper_srvs__rosidl_typesupport_introspection_cpp.dir/build.make:113: CMakeFiles/hrim_actuator_gripper_srvs__rosidl_typesupport_introspection_cpp.dir/rosidl_typesupport_introspection_cpp/hrim_actuator_gripper_srvs/srv/detail/control_finger__type_support.cpp.o] Interrupt
make[1]: *** [CMakeFiles/Makefile2:442: CMakeFiles/hrim_actuator_gripper_srvs__rosidl_typesupport_introspection_cpp.dir/all] Interrupt
make: *** [Makefile:141: all] Interrupt
