[0.195s] Invoking command in '/home/user/ros2_ws/build/hrim_actuator_gripper_srvs': CMAKE_PREFIX_PATH=${CMAKE_PREFIX_PATH}:/opt/ros/foxy _=/usr/bin/env /usr/bin/cmake --build /home/user/ros2_ws/build/hrim_actuator_gripper_srvs -- -j8 -l8
[0.690s] -- Found ament_cmake: 0.9.9 (/opt/ros/foxy/share/ament_cmake/cmake)
[0.874s] -- Found PythonInterp: /usr/bin/python3 (found suitable version "3.8.10", minimum required is "3") 
[0.875s] -- Using PYTHON_EXECUTABLE: /usr/bin/python3
[3.472s] -- Found rosidl_default_generators: 1.0.1 (/opt/ros/foxy/share/rosidl_default_generators/cmake)
[3.527s] -- Using all available rosidl_typesupport_c: rosidl_typesupport_fastrtps_c;rosidl_typesupport_introspection_c
[3.551s] -- Found rosidl_adapter: 1.2.1 (/opt/ros/foxy/share/rosidl_adapter/cmake)
[5.223s] -- Using all available rosidl_typesupport_cpp: rosidl_typesupport_fastrtps_cpp;rosidl_typesupport_introspection_cpp
[5.654s] -- Found PythonInterp: /usr/bin/python3 (found version "3.8.10") 
[7.220s] -- Found ament_cmake_ros: 0.9.2 (/opt/ros/foxy/share/ament_cmake_ros/cmake)
[8.627s] -- Using all available rosidl_typesupport_c: rosidl_typesupport_fastrtps_c;rosidl_typesupport_introspection_c
[8.860s] -- Using all available rosidl_typesupport_cpp: rosidl_typesupport_fastrtps_cpp;rosidl_typesupport_introspection_cpp
[9.122s] -- Found PythonInterp: /usr/bin/python3 (found suitable version "3.8.10", minimum required is "3.5") 
[9.123s] -- Found python_cmake_module: 0.8.1 (/opt/ros/foxy/share/python_cmake_module/cmake)
[9.640s] -- Found PythonLibs: /usr/lib/x86_64-linux-gnu/libpython3.8.so (found suitable version "3.8.10", minimum required is "3.5") 
[9.640s] -- Using PYTHON_EXECUTABLE: /usr/bin/python3
[9.641s] -- Using PYTHON_INCLUDE_DIRS: /usr/include/python3.8
[9.641s] -- Using PYTHON_LIBRARIES: /usr/lib/x86_64-linux-gnu/libpython3.8.so
[10.042s] -- Configuring done
[10.585s] -- Generating done
[10.626s] -- Build files have been written to: /home/user/ros2_ws/build/hrim_actuator_gripper_srvs
[10.892s] [35m[1mScanning dependencies of target hrim_actuator_gripper_srvs__rosidl_generator_c[0m
[11.030s] [  1%] [32mBuilding C object CMakeFiles/hrim_actuator_gripper_srvs__rosidl_generator_c.dir/rosidl_generator_c/hrim_actuator_gripper_srvs/srv/detail/control_finger__functions.c.o[0m
[17.421s] [  2%] [32mBuilding C object CMakeFiles/hrim_actuator_gripper_srvs__rosidl_generator_c.dir/rosidl_generator_c/hrim_actuator_gripper_srvs/srv/detail/specs_vacuum_gripper__functions.c.o[0m
[17.757s] [  4%] [32mBuilding C object CMakeFiles/hrim_actuator_gripper_srvs__rosidl_generator_c.dir/rosidl_generator_c/hrim_actuator_gripper_srvs/srv/detail/specs_magnetic_gripper__functions.c.o[0m
[18.327s] [  5%] [32mBuilding C object CMakeFiles/hrim_actuator_gripper_srvs__rosidl_generator_c.dir/rosidl_generator_c/hrim_actuator_gripper_srvs/srv/detail/specs_finger_gripper__functions.c.o[0m
[18.731s] [  7%] [32mBuilding C object CMakeFiles/hrim_actuator_gripper_srvs__rosidl_generator_c.dir/rosidl_generator_c/hrim_actuator_gripper_srvs/srv/detail/goal_gripper__functions.c.o[0m
[18.974s] [  8%] [32mBuilding C object CMakeFiles/hrim_actuator_gripper_srvs__rosidl_generator_c.dir/rosidl_generator_c/hrim_actuator_gripper_srvs/srv/detail/control_vacuum__functions.c.o[0m
[19.261s] [  9%] [32m[1mLinking C shared library libhrim_actuator_gripper_srvs__rosidl_generator_c.so[0m
[19.929s] [ 11%] Built target hrim_actuator_gripper_srvs__rosidl_generator_c
[20.137s] [ 12%] Built target hrim_actuator_gripper_srvs__cpp
[20.264s] [35m[1mScanning dependencies of target hrim_actuator_gripper_srvs__rosidl_typesupport_introspection_c[0m
[20.420s] [ 14%] [32mBuilding C object CMakeFiles/hrim_actuator_gripper_srvs__rosidl_typesupport_introspection_c.dir/rosidl_typesupport_introspection_c/hrim_actuator_gripper_srvs/srv/detail/control_finger__type_support.c.o[0m
[20.771s] [ 15%] [32mBuilding C object CMakeFiles/hrim_actuator_gripper_srvs__rosidl_typesupport_introspection_c.dir/rosidl_typesupport_introspection_c/hrim_actuator_gripper_srvs/srv/detail/specs_finger_gripper__type_support.c.o[0m
[21.181s] [ 16%] [32mBuilding C object CMakeFiles/hrim_actuator_gripper_srvs__rosidl_typesupport_introspection_c.dir/rosidl_typesupport_introspection_c/hrim_actuator_gripper_srvs/srv/detail/specs_magnetic_gripper__type_support.c.o[0m
[21.666s] [ 18%] [32mBuilding C object CMakeFiles/hrim_actuator_gripper_srvs__rosidl_typesupport_introspection_c.dir/rosidl_typesupport_introspection_c/hrim_actuator_gripper_srvs/srv/detail/specs_vacuum_gripper__type_support.c.o[0m
[21.963s] [ 19%] [32mBuilding C object CMakeFiles/hrim_actuator_gripper_srvs__rosidl_typesupport_introspection_c.dir/rosidl_typesupport_introspection_c/hrim_actuator_gripper_srvs/srv/detail/goal_gripper__type_support.c.o[0m
[22.364s] [ 21%] [32mBuilding C object CMakeFiles/hrim_actuator_gripper_srvs__rosidl_typesupport_introspection_c.dir/rosidl_typesupport_introspection_c/hrim_actuator_gripper_srvs/srv/detail/control_vacuum__type_support.c.o[0m
[22.620s] [ 22%] [32m[1mLinking C shared library libhrim_actuator_gripper_srvs__rosidl_typesupport_introspection_c.so[0m
[22.863s] [ 23%] Built target hrim_actuator_gripper_srvs__rosidl_typesupport_introspection_c
[23.128s] [ 25%] [32m[1mLinking CXX shared library libhrim_actuator_gripper_srvs__rosidl_typesupport_cpp.so[0m
[23.444s] [ 35%] Built target hrim_actuator_gripper_srvs__rosidl_typesupport_cpp
[23.583s] [35m[1mScanning dependencies of target hrim_actuator_gripper_srvs__rosidl_typesupport_introspection_cpp[0m
[23.723s] [ 36%] [32mBuilding CXX object CMakeFiles/hrim_actuator_gripper_srvs__rosidl_typesupport_introspection_cpp.dir/rosidl_typesupport_introspection_cpp/hrim_actuator_gripper_srvs/srv/detail/control_finger__type_support.cpp.o[0m
[24.887s] make[2]: *** [CMakeFiles/hrim_actuator_gripper_srvs__rosidl_typesupport_introspection_cpp.dir/build.make:113: CMakeFiles/hrim_actuator_gripper_srvs__rosidl_typesupport_introspection_cpp.dir/rosidl_typesupport_introspection_cpp/hrim_actuator_gripper_srvs/srv/detail/control_finger__type_support.cpp.o] Interrupt
[24.887s] make[1]: *** [CMakeFiles/Makefile2:442: CMakeFiles/hrim_actuator_gripper_srvs__rosidl_typesupport_introspection_cpp.dir/all] Interrupt
[24.887s] make: *** [Makefile:141: all] Interrupt
[24.933s] Invoked command in '/home/user/ros2_ws/build/hrim_actuator_gripper_srvs' returned '-2': CMAKE_PREFIX_PATH=${CMAKE_PREFIX_PATH}:/opt/ros/foxy _=/usr/bin/env /usr/bin/cmake --build /home/user/ros2_ws/build/hrim_actuator_gripper_srvs -- -j8 -l8
