-- The C compiler identification is GNU 9.3.0
-- The CXX compiler identification is GNU 9.3.0
-- Check for working C compiler: /usr/bin/cc
-- Check for working C compiler: /usr/bin/cc -- works
-- Detecting C compiler ABI info
-- Detecting C compiler ABI info - done
-- Detecting C compile features
-- Detecting C compile features - done
-- Check for working CXX compiler: /usr/bin/c++
-- Check for working CXX compiler: /usr/bin/c++ -- works
-- Detecting CXX compiler ABI info
-- Detecting CXX compiler ABI info - done
-- Detecting CXX compile features
-- Detecting CXX compile features - done
-- Found ament_cmake: 0.9.7 (/opt/ros/foxy/share/ament_cmake/cmake)
-- Found PythonInterp: /usr/bin/python3 (found suitable version "3.8.5", minimum required is "3") 
-- Using PYTHON_EXECUTABLE: /usr/bin/python3
-- Found builtin_interfaces: 1.0.0 (/opt/ros/foxy/share/builtin_interfaces/cmake)
-- Using all available rosidl_typesupport_c: rosidl_typesupport_fastrtps_c;rosidl_typesupport_introspection_c
-- Found rosidl_adapter: 1.1.0 (/opt/ros/foxy/share/rosidl_adapter/cmake)
-- Found OpenSSL: /usr/lib/x86_64-linux-gnu/libcrypto.so (found version "1.1.1f")  
-- Found FastRTPS: /opt/ros/foxy/include  
-- Using all available rosidl_typesupport_cpp: rosidl_typesupport_fastrtps_cpp;rosidl_typesupport_introspection_cpp
-- Found rosidl_default_generators: 1.0.0 (/opt/ros/foxy/share/rosidl_default_generators/cmake)
-- Found std_msgs: 2.0.3 (/opt/ros/foxy/share/std_msgs/cmake)
-- Found trajectory_msgs: 2.0.3 (/opt/ros/foxy/share/trajectory_msgs/cmake)
-- Found PythonInterp: /usr/bin/python3 (found version "3.8.5") 
-- Found ament_cmake_cppcheck: 0.9.5 (/opt/ros/foxy/share/ament_cmake_cppcheck/cmake)
-- Found ament_cmake_cpplint: 0.9.5 (/opt/ros/foxy/share/ament_cmake_cpplint/cmake)
-- Found ament_cmake_uncrustify: 0.9.5 (/opt/ros/foxy/share/ament_cmake_uncrustify/cmake)
-- Found ament_cmake_ros: 0.9.0 (/opt/ros/foxy/share/ament_cmake_ros/cmake)
-- Using all available rosidl_typesupport_c: rosidl_typesupport_fastrtps_c;rosidl_typesupport_introspection_c
-- Using all available rosidl_typesupport_cpp: rosidl_typesupport_fastrtps_cpp;rosidl_typesupport_introspection_cpp
-- Found PythonInterp: /usr/bin/python3 (found suitable version "3.8.5", minimum required is "3.5") 
-- Found python_cmake_module: 0.8.0 (/opt/ros/foxy/share/python_cmake_module/cmake)
-- Found PythonLibs: /usr/lib/x86_64-linux-gnu/libpython3.8.so (found suitable version "3.8.5", minimum required is "3.5") 
-- Using PYTHON_EXECUTABLE: /usr/bin/python3
-- Using PYTHON_INCLUDE_DIRS: /usr/include/python3.8
-- Using PYTHON_LIBRARIES: /usr/lib/x86_64-linux-gnu/libpython3.8.so
-- Found PythonExtra: .so  
-- Found ament_cmake_flake8: 0.9.5 (/opt/ros/foxy/share/ament_cmake_flake8/cmake)
-- Found ament_cmake_pep257: 0.9.5 (/opt/ros/foxy/share/ament_cmake_pep257/cmake)
-- Configuring done
-- Generating done
-- Build files have been written to: /home/user/ros2_ws/build/control_msgs
[35m[1mScanning dependencies of target control_msgs__cpp[0m
[  1%] [34m[1mGenerating C code for ROS interfaces[0m
[  3%] [34m[1mGenerating C++ code for ROS interfaces[0m
[  3%] Built target control_msgs__cpp
[35m[1mScanning dependencies of target control_msgs__rosidl_generator_c[0m
[  4%] [32mBuilding C object CMakeFiles/control_msgs__rosidl_generator_c.dir/rosidl_generator_c/control_msgs/msg/detail/gripper_command__functions.c.o[0m
[  6%] [32mBuilding C object CMakeFiles/control_msgs__rosidl_generator_c.dir/rosidl_generator_c/control_msgs/msg/detail/pid_state__functions.c.o[0m
[  7%] [32mBuilding C object CMakeFiles/control_msgs__rosidl_generator_c.dir/rosidl_generator_c/control_msgs/msg/detail/joint_trajectory_controller_state__functions.c.o[0m
[  9%] [32mBuilding C object CMakeFiles/control_msgs__rosidl_generator_c.dir/rosidl_generator_c/control_msgs/msg/detail/joint_tolerance__functions.c.o[0m
[ 11%] [32mBuilding C object CMakeFiles/control_msgs__rosidl_generator_c.dir/rosidl_generator_c/control_msgs/msg/detail/joint_controller_state__functions.c.o[0m
[ 12%] [32m[1mLinking C shared library libcontrol_msgs__rosidl_generator_c.so[0m
[ 12%] Built target control_msgs__rosidl_generator_c
[ 14%] [34m[1mGenerating C++ introspection for ROS interfaces[0m
[35m[1mScanning dependencies of target control_msgs__rosidl_typesupport_introspection_cpp[0m
[ 15%] [32mBuilding CXX object CMakeFiles/control_msgs__rosidl_typesupport_introspection_cpp.dir/rosidl_typesupport_introspection_cpp/control_msgs/msg/detail/gripper_command__type_support.cpp.o[0m
[ 17%] [32mBuilding CXX object CMakeFiles/control_msgs__rosidl_typesupport_introspection_cpp.dir/rosidl_typesupport_introspection_cpp/control_msgs/msg/detail/pid_state__type_support.cpp.o[0m
[ 19%] [32mBuilding CXX object CMakeFiles/control_msgs__rosidl_typesupport_introspection_cpp.dir/rosidl_typesupport_introspection_cpp/control_msgs/msg/detail/joint_trajectory_controller_state__type_support.cpp.o[0m
[ 20%] [32mBuilding CXX object CMakeFiles/control_msgs__rosidl_typesupport_introspection_cpp.dir/rosidl_typesupport_introspection_cpp/control_msgs/msg/detail/joint_tolerance__type_support.cpp.o[0m
[ 22%] [32mBuilding CXX object CMakeFiles/control_msgs__rosidl_typesupport_introspection_cpp.dir/rosidl_typesupport_introspection_cpp/control_msgs/msg/detail/joint_controller_state__type_support.cpp.o[0m
[ 23%] [32m[1mLinking CXX shared library libcontrol_msgs__rosidl_typesupport_introspection_cpp.so[0m
[ 23%] Built target control_msgs__rosidl_typesupport_introspection_cpp
[ 25%] [34m[1mGenerating C type support dispatch for ROS interfaces[0m
[35m[1mScanning dependencies of target control_msgs__rosidl_typesupport_c[0m
[ 26%] [32mBuilding CXX object CMakeFiles/control_msgs__rosidl_typesupport_c.dir/rosidl_typesupport_c/control_msgs/msg/gripper_command__type_support.cpp.o[0m
[ 28%] [32mBuilding CXX object CMakeFiles/control_msgs__rosidl_typesupport_c.dir/rosidl_typesupport_c/control_msgs/msg/pid_state__type_support.cpp.o[0m
[ 30%] [32mBuilding CXX object CMakeFiles/control_msgs__rosidl_typesupport_c.dir/rosidl_typesupport_c/control_msgs/msg/joint_trajectory_controller_state__type_support.cpp.o[0m
[ 31%] [32mBuilding CXX object CMakeFiles/control_msgs__rosidl_typesupport_c.dir/rosidl_typesupport_c/control_msgs/msg/joint_tolerance__type_support.cpp.o[0m
[ 33%] [32mBuilding CXX object CMakeFiles/control_msgs__rosidl_typesupport_c.dir/rosidl_typesupport_c/control_msgs/msg/joint_controller_state__type_support.cpp.o[0m
[ 34%] [32m[1mLinking CXX shared library libcontrol_msgs__rosidl_typesupport_c.so[0m
[ 34%] Built target control_msgs__rosidl_typesupport_c
[ 36%] [34m[1mGenerating C introspection for ROS interfaces[0m
[35m[1mScanning dependencies of target control_msgs__rosidl_typesupport_introspection_c[0m
[ 38%] [32mBuilding C object CMakeFiles/control_msgs__rosidl_typesupport_introspection_c.dir/rosidl_typesupport_introspection_c/control_msgs/msg/detail/gripper_command__type_support.c.o[0m
[ 39%] [32mBuilding C object CMakeFiles/control_msgs__rosidl_typesupport_introspection_c.dir/rosidl_typesupport_introspection_c/control_msgs/msg/detail/pid_state__type_support.c.o[0m
[ 41%] [32mBuilding C object CMakeFiles/control_msgs__rosidl_typesupport_introspection_c.dir/rosidl_typesupport_introspection_c/control_msgs/msg/detail/joint_trajectory_controller_state__type_support.c.o[0m
[ 42%] [32mBuilding C object CMakeFiles/control_msgs__rosidl_typesupport_introspection_c.dir/rosidl_typesupport_introspection_c/control_msgs/msg/detail/joint_tolerance__type_support.c.o[0m
[ 44%] [32mBuilding C object CMakeFiles/control_msgs__rosidl_typesupport_introspection_c.dir/rosidl_typesupport_introspection_c/control_msgs/msg/detail/joint_controller_state__type_support.c.o[0m
[ 46%] [32m[1mLinking C shared library libcontrol_msgs__rosidl_typesupport_introspection_c.so[0m
[ 46%] Built target control_msgs__rosidl_typesupport_introspection_c
[ 47%] [34m[1mGenerating C++ type support for eProsima Fast-RTPS[0m
[35m[1mScanning dependencies of target control_msgs__rosidl_typesupport_fastrtps_cpp[0m
[ 49%] [32mBuilding CXX object CMakeFiles/control_msgs__rosidl_typesupport_fastrtps_cpp.dir/rosidl_typesupport_fastrtps_cpp/control_msgs/msg/detail/dds_fastrtps/gripper_command__type_support.cpp.o[0m
[ 50%] [32mBuilding CXX object CMakeFiles/control_msgs__rosidl_typesupport_fastrtps_cpp.dir/rosidl_typesupport_fastrtps_cpp/control_msgs/msg/detail/dds_fastrtps/pid_state__type_support.cpp.o[0m
[ 52%] [32mBuilding CXX object CMakeFiles/control_msgs__rosidl_typesupport_fastrtps_cpp.dir/rosidl_typesupport_fastrtps_cpp/control_msgs/msg/detail/dds_fastrtps/joint_trajectory_controller_state__type_support.cpp.o[0m
[ 53%] [32mBuilding CXX object CMakeFiles/control_msgs__rosidl_typesupport_fastrtps_cpp.dir/rosidl_typesupport_fastrtps_cpp/control_msgs/msg/detail/dds_fastrtps/joint_tolerance__type_support.cpp.o[0m
[ 55%] [32mBuilding CXX object CMakeFiles/control_msgs__rosidl_typesupport_fastrtps_cpp.dir/rosidl_typesupport_fastrtps_cpp/control_msgs/msg/detail/dds_fastrtps/joint_controller_state__type_support.cpp.o[0m
[ 57%] [32m[1mLinking CXX shared library libcontrol_msgs__rosidl_typesupport_fastrtps_cpp.so[0m
[ 57%] Built target control_msgs__rosidl_typesupport_fastrtps_cpp
[ 58%] [34m[1mGenerating C++ type support dispatch for ROS interfaces[0m
[35m[1mScanning dependencies of target control_msgs__rosidl_typesupport_cpp[0m
[ 60%] [32mBuilding CXX object CMakeFiles/control_msgs__rosidl_typesupport_cpp.dir/rosidl_typesupport_cpp/control_msgs/msg/gripper_command__type_support.cpp.o[0m
[ 61%] [32mBuilding CXX object CMakeFiles/control_msgs__rosidl_typesupport_cpp.dir/rosidl_typesupport_cpp/control_msgs/msg/pid_state__type_support.cpp.o[0m
[ 63%] [32mBuilding CXX object CMakeFiles/control_msgs__rosidl_typesupport_cpp.dir/rosidl_typesupport_cpp/control_msgs/msg/joint_trajectory_controller_state__type_support.cpp.o[0m
[ 65%] [32mBuilding CXX object CMakeFiles/control_msgs__rosidl_typesupport_cpp.dir/rosidl_typesupport_cpp/control_msgs/msg/joint_tolerance__type_support.cpp.o[0m
[ 66%] [32mBuilding CXX object CMakeFiles/control_msgs__rosidl_typesupport_cpp.dir/rosidl_typesupport_cpp/control_msgs/msg/joint_controller_state__type_support.cpp.o[0m
[ 68%] [32m[1mLinking CXX shared library libcontrol_msgs__rosidl_typesupport_cpp.so[0m
[ 68%] Built target control_msgs__rosidl_typesupport_cpp
[ 69%] [34m[1mGenerating C type support for eProsima Fast-RTPS[0m
[35m[1mScanning dependencies of target control_msgs__rosidl_typesupport_fastrtps_c[0m
[ 71%] [32mBuilding CXX object CMakeFiles/control_msgs__rosidl_typesupport_fastrtps_c.dir/rosidl_typesupport_fastrtps_c/control_msgs/msg/detail/gripper_command__type_support_c.cpp.o[0m
[ 73%] [32mBuilding CXX object CMakeFiles/control_msgs__rosidl_typesupport_fastrtps_c.dir/rosidl_typesupport_fastrtps_c/control_msgs/msg/detail/pid_state__type_support_c.cpp.o[0m
[ 74%] [32mBuilding CXX object CMakeFiles/control_msgs__rosidl_typesupport_fastrtps_c.dir/rosidl_typesupport_fastrtps_c/control_msgs/msg/detail/joint_trajectory_controller_state__type_support_c.cpp.o[0m
[ 76%] [32mBuilding CXX object CMakeFiles/control_msgs__rosidl_typesupport_fastrtps_c.dir/rosidl_typesupport_fastrtps_c/control_msgs/msg/detail/joint_tolerance__type_support_c.cpp.o[0m
[ 77%] [32mBuilding CXX object CMakeFiles/control_msgs__rosidl_typesupport_fastrtps_c.dir/rosidl_typesupport_fastrtps_c/control_msgs/msg/detail/joint_controller_state__type_support_c.cpp.o[0m
[ 79%] [32m[1mLinking CXX shared library libcontrol_msgs__rosidl_typesupport_fastrtps_c.so[0m
[ 79%] Built target control_msgs__rosidl_typesupport_fastrtps_c
[35m[1mScanning dependencies of target control_msgs[0m
[ 79%] Built target control_msgs
[35m[1mScanning dependencies of target control_msgs__py[0m
[ 80%] [34m[1mGenerating Python code for ROS interfaces[0m
[ 80%] Built target control_msgs__py
[35m[1mScanning dependencies of target control_msgs__python[0m
[ 82%] [32mBuilding C object CMakeFiles/control_msgs__python.dir/rosidl_generator_py/control_msgs/msg/_gripper_command_s.c.o[0m
[ 84%] [32mBuilding C object CMakeFiles/control_msgs__python.dir/rosidl_generator_py/control_msgs/msg/_pid_state_s.c.o[0m
[ 85%] [32mBuilding C object CMakeFiles/control_msgs__python.dir/rosidl_generator_py/control_msgs/msg/_joint_trajectory_controller_state_s.c.o[0m
[ 87%] [32mBuilding C object CMakeFiles/control_msgs__python.dir/rosidl_generator_py/control_msgs/msg/_joint_tolerance_s.c.o[0m
[ 88%] [32mBuilding C object CMakeFiles/control_msgs__python.dir/rosidl_generator_py/control_msgs/msg/_joint_controller_state_s.c.o[0m
[ 90%] [32m[1mLinking C shared library rosidl_generator_py/control_msgs/libcontrol_msgs__python.so[0m
[ 90%] Built target control_msgs__python
[35m[1mScanning dependencies of target control_msgs__rosidl_typesupport_c__pyext[0m
[ 92%] [32mBuilding C object CMakeFiles/control_msgs__rosidl_typesupport_c__pyext.dir/rosidl_generator_py/control_msgs/_control_msgs_s.ep.rosidl_typesupport_c.c.o[0m
[ 93%] [32m[1mLinking C shared library rosidl_generator_py/control_msgs/control_msgs_s__rosidl_typesupport_c.cpython-38-x86_64-linux-gnu.so[0m
[ 93%] Built target control_msgs__rosidl_typesupport_c__pyext
[35m[1mScanning dependencies of target control_msgs__rosidl_typesupport_fastrtps_c__pyext[0m
[ 95%] [32mBuilding C object CMakeFiles/control_msgs__rosidl_typesupport_fastrtps_c__pyext.dir/rosidl_generator_py/control_msgs/_control_msgs_s.ep.rosidl_typesupport_fastrtps_c.c.o[0m
[ 96%] [32m[1mLinking CXX shared library rosidl_generator_py/control_msgs/control_msgs_s__rosidl_typesupport_fastrtps_c.cpython-38-x86_64-linux-gnu.so[0m
[ 96%] Built target control_msgs__rosidl_typesupport_fastrtps_c__pyext
[35m[1mScanning dependencies of target control_msgs__rosidl_typesupport_introspection_c__pyext[0m
[ 98%] [32mBuilding C object CMakeFiles/control_msgs__rosidl_typesupport_introspection_c__pyext.dir/rosidl_generator_py/control_msgs/_control_msgs_s.ep.rosidl_typesupport_introspection_c.c.o[0m
[100%] [32m[1mLinking C shared library rosidl_generator_py/control_msgs/control_msgs_s__rosidl_typesupport_introspection_c.cpython-38-x86_64-linux-gnu.so[0m
[100%] Built target control_msgs__rosidl_typesupport_introspection_c__pyext
-- Install configuration: ""
-- Installing: /home/user/ros2_ws/install/control_msgs/share/ament_index/resource_index/rosidl_interfaces/control_msgs
-- Installing: /home/user/ros2_ws/install/control_msgs/include/control_msgs
-- Installing: /home/user/ros2_ws/install/control_msgs/include/control_msgs/msg
-- Installing: /home/user/ros2_ws/install/control_msgs/include/control_msgs/msg/detail
-- Installing: /home/user/ros2_ws/install/control_msgs/include/control_msgs/msg/detail/gripper_command__struct.h
-- Installing: /home/user/ros2_ws/install/control_msgs/include/control_msgs/msg/detail/joint_controller_state__functions.h
-- Installing: /home/user/ros2_ws/install/control_msgs/include/control_msgs/msg/detail/gripper_command__type_support.h
-- Installing: /home/user/ros2_ws/install/control_msgs/include/control_msgs/msg/detail/gripper_command__functions.c
-- Installing: /home/user/ros2_ws/install/control_msgs/include/control_msgs/msg/detail/pid_state__functions.c
-- Installing: /home/user/ros2_ws/install/control_msgs/include/control_msgs/msg/detail/gripper_command__functions.h
-- Installing: /home/user/ros2_ws/install/control_msgs/include/control_msgs/msg/detail/joint_tolerance__type_support.h
-- Installing: /home/user/ros2_ws/install/control_msgs/include/control_msgs/msg/detail/joint_trajectory_controller_state__struct.h
-- Installing: /home/user/ros2_ws/install/control_msgs/include/control_msgs/msg/detail/pid_state__struct.h
-- Installing: /home/user/ros2_ws/install/control_msgs/include/control_msgs/msg/detail/joint_trajectory_controller_state__functions.c
-- Installing: /home/user/ros2_ws/install/control_msgs/include/control_msgs/msg/detail/joint_controller_state__functions.c
-- Installing: /home/user/ros2_ws/install/control_msgs/include/control_msgs/msg/detail/joint_tolerance__struct.h
-- Installing: /home/user/ros2_ws/install/control_msgs/include/control_msgs/msg/detail/joint_tolerance__functions.h
-- Installing: /home/user/ros2_ws/install/control_msgs/include/control_msgs/msg/detail/pid_state__type_support.h
-- Installing: /home/user/ros2_ws/install/control_msgs/include/control_msgs/msg/detail/joint_controller_state__struct.h
-- Installing: /home/user/ros2_ws/install/control_msgs/include/control_msgs/msg/detail/joint_trajectory_controller_state__functions.h
-- Installing: /home/user/ros2_ws/install/control_msgs/include/control_msgs/msg/detail/pid_state__functions.h
-- Installing: /home/user/ros2_ws/install/control_msgs/include/control_msgs/msg/detail/joint_trajectory_controller_state__type_support.h
-- Installing: /home/user/ros2_ws/install/control_msgs/include/control_msgs/msg/detail/joint_tolerance__functions.c
-- Installing: /home/user/ros2_ws/install/control_msgs/include/control_msgs/msg/detail/joint_controller_state__type_support.h
-- Installing: /home/user/ros2_ws/install/control_msgs/include/control_msgs/msg/gripper_command.h
-- Installing: /home/user/ros2_ws/install/control_msgs/include/control_msgs/msg/rosidl_generator_c__visibility_control.h
-- Installing: /home/user/ros2_ws/install/control_msgs/include/control_msgs/msg/joint_trajectory_controller_state.h
-- Installing: /home/user/ros2_ws/install/control_msgs/include/control_msgs/msg/joint_tolerance.h
-- Installing: /home/user/ros2_ws/install/control_msgs/include/control_msgs/msg/pid_state.h
-- Installing: /home/user/ros2_ws/install/control_msgs/include/control_msgs/msg/joint_controller_state.h
-- Installing: /home/user/ros2_ws/install/control_msgs/share/control_msgs/environment/library_path.sh
-- Installing: /home/user/ros2_ws/install/control_msgs/share/control_msgs/environment/library_path.dsv
-- Installing: /home/user/ros2_ws/install/control_msgs/lib/libcontrol_msgs__rosidl_generator_c.so
-- Set runtime path of "/home/user/ros2_ws/install/control_msgs/lib/libcontrol_msgs__rosidl_generator_c.so" to ""
-- Up-to-date: /home/user/ros2_ws/install/control_msgs/include/control_msgs
-- Up-to-date: /home/user/ros2_ws/install/control_msgs/include/control_msgs/msg
-- Up-to-date: /home/user/ros2_ws/install/control_msgs/include/control_msgs/msg/detail
-- Installing: /home/user/ros2_ws/install/control_msgs/include/control_msgs/msg/detail/pid_state__rosidl_typesupport_fastrtps_c.h
-- Installing: /home/user/ros2_ws/install/control_msgs/include/control_msgs/msg/detail/gripper_command__rosidl_typesupport_fastrtps_c.h
-- Installing: /home/user/ros2_ws/install/control_msgs/include/control_msgs/msg/detail/joint_trajectory_controller_state__rosidl_typesupport_fastrtps_c.h
-- Installing: /home/user/ros2_ws/install/control_msgs/include/control_msgs/msg/detail/joint_controller_state__rosidl_typesupport_fastrtps_c.h
-- Installing: /home/user/ros2_ws/install/control_msgs/include/control_msgs/msg/detail/joint_tolerance__rosidl_typesupport_fastrtps_c.h
-- Installing: /home/user/ros2_ws/install/control_msgs/include/control_msgs/msg/rosidl_typesupport_fastrtps_c__visibility_control.h
-- Installing: /home/user/ros2_ws/install/control_msgs/lib/libcontrol_msgs__rosidl_typesupport_fastrtps_c.so
-- Set runtime path of "/home/user/ros2_ws/install/control_msgs/lib/libcontrol_msgs__rosidl_typesupport_fastrtps_c.so" to ""
-- Up-to-date: /home/user/ros2_ws/install/control_msgs/include/control_msgs
-- Up-to-date: /home/user/ros2_ws/install/control_msgs/include/control_msgs/msg
-- Up-to-date: /home/user/ros2_ws/install/control_msgs/include/control_msgs/msg/detail
-- Installing: /home/user/ros2_ws/install/control_msgs/include/control_msgs/msg/detail/pid_state__rosidl_typesupport_fastrtps_cpp.hpp
-- Installing: /home/user/ros2_ws/install/control_msgs/include/control_msgs/msg/detail/gripper_command__rosidl_typesupport_fastrtps_cpp.hpp
-- Installing: /home/user/ros2_ws/install/control_msgs/include/control_msgs/msg/detail/joint_tolerance__rosidl_typesupport_fastrtps_cpp.hpp
-- Installing: /home/user/ros2_ws/install/control_msgs/include/control_msgs/msg/detail/joint_trajectory_controller_state__rosidl_typesupport_fastrtps_cpp.hpp
-- Installing: /home/user/ros2_ws/install/control_msgs/include/control_msgs/msg/detail/joint_controller_state__rosidl_typesupport_fastrtps_cpp.hpp
-- Installing: /home/user/ros2_ws/install/control_msgs/include/control_msgs/msg/detail/dds_fastrtps
-- Installing: /home/user/ros2_ws/install/control_msgs/include/control_msgs/msg/rosidl_typesupport_fastrtps_cpp__visibility_control.h
-- Installing: /home/user/ros2_ws/install/control_msgs/lib/libcontrol_msgs__rosidl_typesupport_fastrtps_cpp.so
-- Set runtime path of "/home/user/ros2_ws/install/control_msgs/lib/libcontrol_msgs__rosidl_typesupport_fastrtps_cpp.so" to ""
-- Up-to-date: /home/user/ros2_ws/install/control_msgs/include/control_msgs
-- Up-to-date: /home/user/ros2_ws/install/control_msgs/include/control_msgs/msg
-- Up-to-date: /home/user/ros2_ws/install/control_msgs/include/control_msgs/msg/detail
-- Installing: /home/user/ros2_ws/install/control_msgs/include/control_msgs/msg/detail/joint_tolerance__rosidl_typesupport_introspection_c.h
-- Installing: /home/user/ros2_ws/install/control_msgs/include/control_msgs/msg/detail/joint_trajectory_controller_state__type_support.c
-- Installing: /home/user/ros2_ws/install/control_msgs/include/control_msgs/msg/detail/joint_trajectory_controller_state__rosidl_typesupport_introspection_c.h
-- Installing: /home/user/ros2_ws/install/control_msgs/include/control_msgs/msg/detail/pid_state__type_support.c
-- Installing: /home/user/ros2_ws/install/control_msgs/include/control_msgs/msg/detail/joint_controller_state__type_support.c
-- Installing: /home/user/ros2_ws/install/control_msgs/include/control_msgs/msg/detail/joint_tolerance__type_support.c
-- Installing: /home/user/ros2_ws/install/control_msgs/include/control_msgs/msg/detail/gripper_command__rosidl_typesupport_introspection_c.h
-- Installing: /home/user/ros2_ws/install/control_msgs/include/control_msgs/msg/detail/pid_state__rosidl_typesupport_introspection_c.h
-- Installing: /home/user/ros2_ws/install/control_msgs/include/control_msgs/msg/detail/joint_controller_state__rosidl_typesupport_introspection_c.h
-- Installing: /home/user/ros2_ws/install/control_msgs/include/control_msgs/msg/detail/gripper_command__type_support.c
-- Installing: /home/user/ros2_ws/install/control_msgs/include/control_msgs/msg/rosidl_typesupport_introspection_c__visibility_control.h
-- Installing: /home/user/ros2_ws/install/control_msgs/lib/libcontrol_msgs__rosidl_typesupport_introspection_c.so
-- Set runtime path of "/home/user/ros2_ws/install/control_msgs/lib/libcontrol_msgs__rosidl_typesupport_introspection_c.so" to ""
-- Installing: /home/user/ros2_ws/install/control_msgs/lib/libcontrol_msgs__rosidl_typesupport_c.so
-- Set runtime path of "/home/user/ros2_ws/install/control_msgs/lib/libcontrol_msgs__rosidl_typesupport_c.so" to ""
-- Up-to-date: /home/user/ros2_ws/install/control_msgs/include/control_msgs
-- Up-to-date: /home/user/ros2_ws/install/control_msgs/include/control_msgs/msg
-- Up-to-date: /home/user/ros2_ws/install/control_msgs/include/control_msgs/msg/detail
-- Installing: /home/user/ros2_ws/install/control_msgs/include/control_msgs/msg/detail/gripper_command__builder.hpp
-- Installing: /home/user/ros2_ws/install/control_msgs/include/control_msgs/msg/detail/joint_controller_state__struct.hpp
-- Installing: /home/user/ros2_ws/install/control_msgs/include/control_msgs/msg/detail/joint_tolerance__traits.hpp
-- Installing: /home/user/ros2_ws/install/control_msgs/include/control_msgs/msg/detail/joint_tolerance__struct.hpp
-- Installing: /home/user/ros2_ws/install/control_msgs/include/control_msgs/msg/detail/gripper_command__struct.hpp
-- Installing: /home/user/ros2_ws/install/control_msgs/include/control_msgs/msg/detail/joint_trajectory_controller_state__traits.hpp
-- Installing: /home/user/ros2_ws/install/control_msgs/include/control_msgs/msg/detail/joint_controller_state__builder.hpp
-- Installing: /home/user/ros2_ws/install/control_msgs/include/control_msgs/msg/detail/joint_controller_state__traits.hpp
-- Installing: /home/user/ros2_ws/install/control_msgs/include/control_msgs/msg/detail/pid_state__traits.hpp
-- Installing: /home/user/ros2_ws/install/control_msgs/include/control_msgs/msg/detail/joint_tolerance__builder.hpp
-- Installing: /home/user/ros2_ws/install/control_msgs/include/control_msgs/msg/detail/pid_state__builder.hpp
-- Installing: /home/user/ros2_ws/install/control_msgs/include/control_msgs/msg/detail/joint_trajectory_controller_state__struct.hpp
-- Installing: /home/user/ros2_ws/install/control_msgs/include/control_msgs/msg/detail/pid_state__struct.hpp
-- Installing: /home/user/ros2_ws/install/control_msgs/include/control_msgs/msg/detail/joint_trajectory_controller_state__builder.hpp
-- Installing: /home/user/ros2_ws/install/control_msgs/include/control_msgs/msg/detail/gripper_command__traits.hpp
-- Installing: /home/user/ros2_ws/install/control_msgs/include/control_msgs/msg/joint_tolerance.hpp
-- Installing: /home/user/ros2_ws/install/control_msgs/include/control_msgs/msg/joint_controller_state.hpp
-- Installing: /home/user/ros2_ws/install/control_msgs/include/control_msgs/msg/joint_trajectory_controller_state.hpp
-- Installing: /home/user/ros2_ws/install/control_msgs/include/control_msgs/msg/pid_state.hpp
-- Installing: /home/user/ros2_ws/install/control_msgs/include/control_msgs/msg/gripper_command.hpp
-- Up-to-date: /home/user/ros2_ws/install/control_msgs/include/control_msgs
-- Up-to-date: /home/user/ros2_ws/install/control_msgs/include/control_msgs/msg
-- Up-to-date: /home/user/ros2_ws/install/control_msgs/include/control_msgs/msg/detail
-- Installing: /home/user/ros2_ws/install/control_msgs/include/control_msgs/msg/detail/gripper_command__type_support.cpp
-- Installing: /home/user/ros2_ws/install/control_msgs/include/control_msgs/msg/detail/joint_controller_state__type_support.cpp
-- Installing: /home/user/ros2_ws/install/control_msgs/include/control_msgs/msg/detail/gripper_command__rosidl_typesupport_introspection_cpp.hpp
-- Installing: /home/user/ros2_ws/install/control_msgs/include/control_msgs/msg/detail/joint_tolerance__type_support.cpp
-- Installing: /home/user/ros2_ws/install/control_msgs/include/control_msgs/msg/detail/pid_state__type_support.cpp
-- Installing: /home/user/ros2_ws/install/control_msgs/include/control_msgs/msg/detail/joint_trajectory_controller_state__type_support.cpp
-- Installing: /home/user/ros2_ws/install/control_msgs/include/control_msgs/msg/detail/pid_state__rosidl_typesupport_introspection_cpp.hpp
-- Installing: /home/user/ros2_ws/install/control_msgs/include/control_msgs/msg/detail/joint_trajectory_controller_state__rosidl_typesupport_introspection_cpp.hpp
-- Installing: /home/user/ros2_ws/install/control_msgs/include/control_msgs/msg/detail/joint_controller_state__rosidl_typesupport_introspection_cpp.hpp
-- Installing: /home/user/ros2_ws/install/control_msgs/include/control_msgs/msg/detail/joint_tolerance__rosidl_typesupport_introspection_cpp.hpp
-- Installing: /home/user/ros2_ws/install/control_msgs/lib/libcontrol_msgs__rosidl_typesupport_introspection_cpp.so
-- Set runtime path of "/home/user/ros2_ws/install/control_msgs/lib/libcontrol_msgs__rosidl_typesupport_introspection_cpp.so" to ""
-- Installing: /home/user/ros2_ws/install/control_msgs/lib/libcontrol_msgs__rosidl_typesupport_cpp.so
-- Set runtime path of "/home/user/ros2_ws/install/control_msgs/lib/libcontrol_msgs__rosidl_typesupport_cpp.so" to ""
-- Installing: /home/user/ros2_ws/install/control_msgs/share/control_msgs/environment/pythonpath.sh
-- Installing: /home/user/ros2_ws/install/control_msgs/share/control_msgs/environment/pythonpath.dsv
-- Installing: /home/user/ros2_ws/install/control_msgs/lib/python3.8/site-packages/control_msgs/__init__.py
Compiling '/home/user/ros2_ws/install/control_msgs/lib/python3.8/site-packages/control_msgs/__init__.py'...
-- Installing: /home/user/ros2_ws/install/control_msgs/lib/python3.8/site-packages/control_msgs/msg
-- Installing: /home/user/ros2_ws/install/control_msgs/lib/python3.8/site-packages/control_msgs/msg/_pid_state.py
-- Installing: /home/user/ros2_ws/install/control_msgs/lib/python3.8/site-packages/control_msgs/msg/_gripper_command.py
-- Installing: /home/user/ros2_ws/install/control_msgs/lib/python3.8/site-packages/control_msgs/msg/_joint_controller_state_s.c
-- Installing: /home/user/ros2_ws/install/control_msgs/lib/python3.8/site-packages/control_msgs/msg/_joint_trajectory_controller_state_s.c
-- Installing: /home/user/ros2_ws/install/control_msgs/lib/python3.8/site-packages/control_msgs/msg/__init__.py
-- Installing: /home/user/ros2_ws/install/control_msgs/lib/python3.8/site-packages/control_msgs/msg/_pid_state_s.c
-- Installing: /home/user/ros2_ws/install/control_msgs/lib/python3.8/site-packages/control_msgs/msg/_joint_tolerance.py
-- Installing: /home/user/ros2_ws/install/control_msgs/lib/python3.8/site-packages/control_msgs/msg/_gripper_command_s.c
-- Installing: /home/user/ros2_ws/install/control_msgs/lib/python3.8/site-packages/control_msgs/msg/_joint_tolerance_s.c
-- Installing: /home/user/ros2_ws/install/control_msgs/lib/python3.8/site-packages/control_msgs/msg/_joint_trajectory_controller_state.py
-- Installing: /home/user/ros2_ws/install/control_msgs/lib/python3.8/site-packages/control_msgs/msg/_joint_controller_state.py
-- Installing: /home/user/ros2_ws/install/control_msgs/lib/python3.8/site-packages/control_msgs/control_msgs_s__rosidl_typesupport_fastrtps_c.cpython-38-x86_64-linux-gnu.so
-- Set runtime path of "/home/user/ros2_ws/install/control_msgs/lib/python3.8/site-packages/control_msgs/control_msgs_s__rosidl_typesupport_fastrtps_c.cpython-38-x86_64-linux-gnu.so" to ""
-- Installing: /home/user/ros2_ws/install/control_msgs/lib/python3.8/site-packages/control_msgs/control_msgs_s__rosidl_typesupport_introspection_c.cpython-38-x86_64-linux-gnu.so
-- Set runtime path of "/home/user/ros2_ws/install/control_msgs/lib/python3.8/site-packages/control_msgs/control_msgs_s__rosidl_typesupport_introspection_c.cpython-38-x86_64-linux-gnu.so" to ""
-- Installing: /home/user/ros2_ws/install/control_msgs/lib/python3.8/site-packages/control_msgs/control_msgs_s__rosidl_typesupport_c.cpython-38-x86_64-linux-gnu.so
-- Set runtime path of "/home/user/ros2_ws/install/control_msgs/lib/python3.8/site-packages/control_msgs/control_msgs_s__rosidl_typesupport_c.cpython-38-x86_64-linux-gnu.so" to ""
-- Installing: /home/user/ros2_ws/install/control_msgs/lib/libcontrol_msgs__python.so
-- Set runtime path of "/home/user/ros2_ws/install/control_msgs/lib/libcontrol_msgs__python.so" to ""
-- Installing: /home/user/ros2_ws/install/control_msgs/share/control_msgs/msg/GripperCommand.idl
-- Installing: /home/user/ros2_ws/install/control_msgs/share/control_msgs/msg/JointControllerState.idl
-- Installing: /home/user/ros2_ws/install/control_msgs/share/control_msgs/msg/JointTolerance.idl
-- Installing: /home/user/ros2_ws/install/control_msgs/share/control_msgs/msg/JointTrajectoryControllerState.idl
-- Installing: /home/user/ros2_ws/install/control_msgs/share/control_msgs/msg/PidState.idl
-- Installing: /home/user/ros2_ws/install/control_msgs/share/control_msgs/msg/GripperCommand.msg
-- Installing: /home/user/ros2_ws/install/control_msgs/share/control_msgs/msg/JointControllerState.msg
-- Installing: /home/user/ros2_ws/install/control_msgs/share/control_msgs/msg/JointTolerance.msg
-- Installing: /home/user/ros2_ws/install/control_msgs/share/control_msgs/msg/JointTrajectoryControllerState.msg
-- Installing: /home/user/ros2_ws/install/control_msgs/share/control_msgs/msg/PidState.msg
-- Installing: /home/user/ros2_ws/install/control_msgs/share/ament_index/resource_index/package_run_dependencies/control_msgs
-- Installing: /home/user/ros2_ws/install/control_msgs/share/ament_index/resource_index/parent_prefix_path/control_msgs
-- Installing: /home/user/ros2_ws/install/control_msgs/share/control_msgs/environment/ament_prefix_path.sh
-- Installing: /home/user/ros2_ws/install/control_msgs/share/control_msgs/environment/ament_prefix_path.dsv
-- Installing: /home/user/ros2_ws/install/control_msgs/share/control_msgs/environment/path.sh
-- Installing: /home/user/ros2_ws/install/control_msgs/share/control_msgs/environment/path.dsv
-- Installing: /home/user/ros2_ws/install/control_msgs/share/control_msgs/local_setup.bash
-- Installing: /home/user/ros2_ws/install/control_msgs/share/control_msgs/local_setup.sh
-- Installing: /home/user/ros2_ws/install/control_msgs/share/control_msgs/local_setup.zsh
-- Installing: /home/user/ros2_ws/install/control_msgs/share/control_msgs/local_setup.dsv
-- Installing: /home/user/ros2_ws/install/control_msgs/share/control_msgs/package.dsv
-- Installing: /home/user/ros2_ws/install/control_msgs/share/ament_index/resource_index/packages/control_msgs
-- Installing: /home/user/ros2_ws/install/control_msgs/share/control_msgs/cmake/control_msgs__rosidl_generator_cExport.cmake
-- Installing: /home/user/ros2_ws/install/control_msgs/share/control_msgs/cmake/control_msgs__rosidl_generator_cExport-noconfig.cmake
-- Installing: /home/user/ros2_ws/install/control_msgs/share/control_msgs/cmake/control_msgs__rosidl_typesupport_introspection_cExport.cmake
-- Installing: /home/user/ros2_ws/install/control_msgs/share/control_msgs/cmake/control_msgs__rosidl_typesupport_introspection_cExport-noconfig.cmake
-- Installing: /home/user/ros2_ws/install/control_msgs/share/control_msgs/cmake/control_msgs__rosidl_typesupport_cExport.cmake
-- Installing: /home/user/ros2_ws/install/control_msgs/share/control_msgs/cmake/control_msgs__rosidl_typesupport_cExport-noconfig.cmake
-- Installing: /home/user/ros2_ws/install/control_msgs/share/control_msgs/cmake/control_msgs__rosidl_generator_cppExport.cmake
-- Installing: /home/user/ros2_ws/install/control_msgs/share/control_msgs/cmake/control_msgs__rosidl_typesupport_introspection_cppExport.cmake
-- Installing: /home/user/ros2_ws/install/control_msgs/share/control_msgs/cmake/control_msgs__rosidl_typesupport_introspection_cppExport-noconfig.cmake
-- Installing: /home/user/ros2_ws/install/control_msgs/share/control_msgs/cmake/control_msgs__rosidl_typesupport_cppExport.cmake
-- Installing: /home/user/ros2_ws/install/control_msgs/share/control_msgs/cmake/control_msgs__rosidl_typesupport_cppExport-noconfig.cmake
-- Installing: /home/user/ros2_ws/install/control_msgs/share/control_msgs/cmake/rosidl_cmake-extras.cmake
-- Installing: /home/user/ros2_ws/install/control_msgs/share/control_msgs/cmake/ament_cmake_export_dependencies-extras.cmake
-- Installing: /home/user/ros2_ws/install/control_msgs/share/control_msgs/cmake/ament_cmake_export_libraries-extras.cmake
-- Installing: /home/user/ros2_ws/install/control_msgs/share/control_msgs/cmake/ament_cmake_export_targets-extras.cmake
-- Installing: /home/user/ros2_ws/install/control_msgs/share/control_msgs/cmake/ament_cmake_export_include_directories-extras.cmake
-- Installing: /home/user/ros2_ws/install/control_msgs/share/control_msgs/cmake/rosidl_cmake_export_typesupport_libraries-extras.cmake
-- Installing: /home/user/ros2_ws/install/control_msgs/share/control_msgs/cmake/rosidl_cmake_export_typesupport_targets-extras.cmake
-- Installing: /home/user/ros2_ws/install/control_msgs/share/control_msgs/cmake/control_msgsConfig.cmake
-- Installing: /home/user/ros2_ws/install/control_msgs/share/control_msgs/cmake/control_msgsConfig-version.cmake
-- Installing: /home/user/ros2_ws/install/control_msgs/share/control_msgs/package.xml
