[0.314s] Invoking command in '/home/user/ros2_ws/build/control_msgs': CMAKE_PREFIX_PATH=/opt/ros/foxy:${CMAKE_PREFIX_PATH} _=/usr/bin/env /usr/bin/cmake /home/user/ros2_ws/src/ros2_mara/control_msgs/control_msgs -DCMAKE_INSTALL_PREFIX=/home/user/ros2_ws/install/control_msgs
[7.764s] -- The C compiler identification is GNU 9.3.0
[11.526s] -- The CXX compiler identification is GNU 9.3.0
[11.593s] -- Check for working C compiler: /usr/bin/cc
[12.169s] -- Check for working C compiler: /usr/bin/cc -- works
[12.171s] -- Detecting C compiler ABI info
[12.416s] -- Detecting C compiler ABI info - done
[12.471s] -- Detecting C compile features
[12.544s] -- Detecting C compile features - done
[12.548s] -- Check for working CXX compiler: /usr/bin/c++
[12.808s] -- Check for working CXX compiler: /usr/bin/c++ -- works
[12.810s] -- Detecting CXX compiler ABI info
[13.028s] -- Detecting CXX compiler ABI info - done
[13.055s] -- Detecting CXX compile features
[13.055s] -- Detecting CXX compile features - done
[13.067s] -- Found ament_cmake: 0.9.7 (/opt/ros/foxy/share/ament_cmake/cmake)
[13.276s] -- Found PythonInterp: /usr/bin/python3 (found suitable version "3.8.5", minimum required is "3") 
[13.277s] -- Using PYTHON_EXECUTABLE: /usr/bin/python3
[14.230s] -- Found builtin_interfaces: 1.0.0 (/opt/ros/foxy/share/builtin_interfaces/cmake)
[14.256s] -- Using all available rosidl_typesupport_c: rosidl_typesupport_fastrtps_c;rosidl_typesupport_introspection_c
[14.271s] -- Found rosidl_adapter: 1.1.0 (/opt/ros/foxy/share/rosidl_adapter/cmake)
[15.268s] -- Found OpenSSL: /usr/lib/x86_64-linux-gnu/libcrypto.so (found version "1.1.1f")  
[15.328s] -- Found FastRTPS: /opt/ros/foxy/include  
[15.527s] -- Using all available rosidl_typesupport_cpp: rosidl_typesupport_fastrtps_cpp;rosidl_typesupport_introspection_cpp
[15.607s] -- Found rosidl_default_generators: 1.0.0 (/opt/ros/foxy/share/rosidl_default_generators/cmake)
[15.636s] -- Found std_msgs: 2.0.3 (/opt/ros/foxy/share/std_msgs/cmake)
[15.671s] -- Found trajectory_msgs: 2.0.3 (/opt/ros/foxy/share/trajectory_msgs/cmake)
[15.954s] -- Found PythonInterp: /usr/bin/python3 (found version "3.8.5") 
[16.294s] -- Found ament_cmake_cppcheck: 0.9.5 (/opt/ros/foxy/share/ament_cmake_cppcheck/cmake)
[16.302s] -- Found ament_cmake_cpplint: 0.9.5 (/opt/ros/foxy/share/ament_cmake_cpplint/cmake)
[16.308s] -- Found ament_cmake_uncrustify: 0.9.5 (/opt/ros/foxy/share/ament_cmake_uncrustify/cmake)
[16.314s] -- Found ament_cmake_ros: 0.9.0 (/opt/ros/foxy/share/ament_cmake_ros/cmake)
[16.854s] -- Using all available rosidl_typesupport_c: rosidl_typesupport_fastrtps_c;rosidl_typesupport_introspection_c
[17.142s] -- Using all available rosidl_typesupport_cpp: rosidl_typesupport_fastrtps_cpp;rosidl_typesupport_introspection_cpp
[17.203s] -- Found PythonInterp: /usr/bin/python3 (found suitable version "3.8.5", minimum required is "3.5") 
[17.206s] -- Found python_cmake_module: 0.8.0 (/opt/ros/foxy/share/python_cmake_module/cmake)
[17.259s] -- Found PythonLibs: /usr/lib/x86_64-linux-gnu/libpython3.8.so (found suitable version "3.8.5", minimum required is "3.5") 
[17.260s] -- Using PYTHON_EXECUTABLE: /usr/bin/python3
[17.260s] -- Using PYTHON_INCLUDE_DIRS: /usr/include/python3.8
[17.260s] -- Using PYTHON_LIBRARIES: /usr/lib/x86_64-linux-gnu/libpython3.8.so
[17.345s] -- Found PythonExtra: .so  
[17.571s] -- Found ament_cmake_flake8: 0.9.5 (/opt/ros/foxy/share/ament_cmake_flake8/cmake)
[17.585s] -- Found ament_cmake_pep257: 0.9.5 (/opt/ros/foxy/share/ament_cmake_pep257/cmake)
[17.646s] -- Configuring done
[18.158s] -- Generating done
[18.163s] -- Build files have been written to: /home/user/ros2_ws/build/control_msgs
[18.263s] Invoked command in '/home/user/ros2_ws/build/control_msgs' returned '0': CMAKE_PREFIX_PATH=/opt/ros/foxy:${CMAKE_PREFIX_PATH} _=/usr/bin/env /usr/bin/cmake /home/user/ros2_ws/src/ros2_mara/control_msgs/control_msgs -DCMAKE_INSTALL_PREFIX=/home/user/ros2_ws/install/control_msgs
[18.264s] Invoking command in '/home/user/ros2_ws/build/control_msgs': CMAKE_PREFIX_PATH=/opt/ros/foxy:${CMAKE_PREFIX_PATH} _=/usr/bin/env /usr/bin/cmake --build /home/user/ros2_ws/build/control_msgs -- -j16 -l16
[21.923s] [35m[1mScanning dependencies of target control_msgs__cpp[0m
[21.923s] [  1%] [34m[1mGenerating C code for ROS interfaces[0m
[21.923s] [  3%] [34m[1mGenerating C++ code for ROS interfaces[0m
[21.924s] [  3%] Built target control_msgs__cpp
[21.924s] [35m[1mScanning dependencies of target control_msgs__rosidl_generator_c[0m
[21.924s] [  4%] [32mBuilding C object CMakeFiles/control_msgs__rosidl_generator_c.dir/rosidl_generator_c/control_msgs/msg/detail/gripper_command__functions.c.o[0m
[21.924s] [  6%] [32mBuilding C object CMakeFiles/control_msgs__rosidl_generator_c.dir/rosidl_generator_c/control_msgs/msg/detail/pid_state__functions.c.o[0m
[21.924s] [  7%] [32mBuilding C object CMakeFiles/control_msgs__rosidl_generator_c.dir/rosidl_generator_c/control_msgs/msg/detail/joint_trajectory_controller_state__functions.c.o[0m
[21.924s] [  9%] [32mBuilding C object CMakeFiles/control_msgs__rosidl_generator_c.dir/rosidl_generator_c/control_msgs/msg/detail/joint_tolerance__functions.c.o[0m
[21.926s] [ 11%] [32mBuilding C object CMakeFiles/control_msgs__rosidl_generator_c.dir/rosidl_generator_c/control_msgs/msg/detail/joint_controller_state__functions.c.o[0m
[22.051s] [ 12%] [32m[1mLinking C shared library libcontrol_msgs__rosidl_generator_c.so[0m
[22.183s] [ 12%] Built target control_msgs__rosidl_generator_c
[22.230s] [ 14%] [34m[1mGenerating C++ introspection for ROS interfaces[0m
[23.602s] [35m[1mScanning dependencies of target control_msgs__rosidl_typesupport_introspection_cpp[0m
[23.679s] [ 15%] [32mBuilding CXX object CMakeFiles/control_msgs__rosidl_typesupport_introspection_cpp.dir/rosidl_typesupport_introspection_cpp/control_msgs/msg/detail/gripper_command__type_support.cpp.o[0m
[24.323s] [ 17%] [32mBuilding CXX object CMakeFiles/control_msgs__rosidl_typesupport_introspection_cpp.dir/rosidl_typesupport_introspection_cpp/control_msgs/msg/detail/pid_state__type_support.cpp.o[0m
[24.900s] [ 19%] [32mBuilding CXX object CMakeFiles/control_msgs__rosidl_typesupport_introspection_cpp.dir/rosidl_typesupport_introspection_cpp/control_msgs/msg/detail/joint_trajectory_controller_state__type_support.cpp.o[0m
[25.826s] [ 20%] [32mBuilding CXX object CMakeFiles/control_msgs__rosidl_typesupport_introspection_cpp.dir/rosidl_typesupport_introspection_cpp/control_msgs/msg/detail/joint_tolerance__type_support.cpp.o[0m
[26.440s] [ 22%] [32mBuilding CXX object CMakeFiles/control_msgs__rosidl_typesupport_introspection_cpp.dir/rosidl_typesupport_introspection_cpp/control_msgs/msg/detail/joint_controller_state__type_support.cpp.o[0m
[27.020s] [ 23%] [32m[1mLinking CXX shared library libcontrol_msgs__rosidl_typesupport_introspection_cpp.so[0m
[27.177s] [ 23%] Built target control_msgs__rosidl_typesupport_introspection_cpp
[27.209s] [ 25%] [34m[1mGenerating C type support dispatch for ROS interfaces[0m
[27.953s] [35m[1mScanning dependencies of target control_msgs__rosidl_typesupport_c[0m
[27.980s] [ 26%] [32mBuilding CXX object CMakeFiles/control_msgs__rosidl_typesupport_c.dir/rosidl_typesupport_c/control_msgs/msg/gripper_command__type_support.cpp.o[0m
[28.046s] [ 28%] [32mBuilding CXX object CMakeFiles/control_msgs__rosidl_typesupport_c.dir/rosidl_typesupport_c/control_msgs/msg/pid_state__type_support.cpp.o[0m
[28.127s] [ 30%] [32mBuilding CXX object CMakeFiles/control_msgs__rosidl_typesupport_c.dir/rosidl_typesupport_c/control_msgs/msg/joint_trajectory_controller_state__type_support.cpp.o[0m
[28.198s] [ 31%] [32mBuilding CXX object CMakeFiles/control_msgs__rosidl_typesupport_c.dir/rosidl_typesupport_c/control_msgs/msg/joint_tolerance__type_support.cpp.o[0m
[28.252s] [ 33%] [32mBuilding CXX object CMakeFiles/control_msgs__rosidl_typesupport_c.dir/rosidl_typesupport_c/control_msgs/msg/joint_controller_state__type_support.cpp.o[0m
[28.335s] [ 34%] [32m[1mLinking CXX shared library libcontrol_msgs__rosidl_typesupport_c.so[0m
[28.429s] [ 34%] Built target control_msgs__rosidl_typesupport_c
[28.456s] [ 36%] [34m[1mGenerating C introspection for ROS interfaces[0m
[29.410s] [35m[1mScanning dependencies of target control_msgs__rosidl_typesupport_introspection_c[0m
[29.444s] [ 38%] [32mBuilding C object CMakeFiles/control_msgs__rosidl_typesupport_introspection_c.dir/rosidl_typesupport_introspection_c/control_msgs/msg/detail/gripper_command__type_support.c.o[0m
[29.508s] [ 39%] [32mBuilding C object CMakeFiles/control_msgs__rosidl_typesupport_introspection_c.dir/rosidl_typesupport_introspection_c/control_msgs/msg/detail/pid_state__type_support.c.o[0m
[29.578s] [ 41%] [32mBuilding C object CMakeFiles/control_msgs__rosidl_typesupport_introspection_c.dir/rosidl_typesupport_introspection_c/control_msgs/msg/detail/joint_trajectory_controller_state__type_support.c.o[0m
[29.686s] [ 42%] [32mBuilding C object CMakeFiles/control_msgs__rosidl_typesupport_introspection_c.dir/rosidl_typesupport_introspection_c/control_msgs/msg/detail/joint_tolerance__type_support.c.o[0m
[29.764s] [ 44%] [32mBuilding C object CMakeFiles/control_msgs__rosidl_typesupport_introspection_c.dir/rosidl_typesupport_introspection_c/control_msgs/msg/detail/joint_controller_state__type_support.c.o[0m
[29.839s] [ 46%] [32m[1mLinking C shared library libcontrol_msgs__rosidl_typesupport_introspection_c.so[0m
[29.935s] [ 46%] Built target control_msgs__rosidl_typesupport_introspection_c
[29.963s] [ 47%] [34m[1mGenerating C++ type support for eProsima Fast-RTPS[0m
[30.954s] [35m[1mScanning dependencies of target control_msgs__rosidl_typesupport_fastrtps_cpp[0m
[30.988s] [ 49%] [32mBuilding CXX object CMakeFiles/control_msgs__rosidl_typesupport_fastrtps_cpp.dir/rosidl_typesupport_fastrtps_cpp/control_msgs/msg/detail/dds_fastrtps/gripper_command__type_support.cpp.o[0m
[31.874s] [ 50%] [32mBuilding CXX object CMakeFiles/control_msgs__rosidl_typesupport_fastrtps_cpp.dir/rosidl_typesupport_fastrtps_cpp/control_msgs/msg/detail/dds_fastrtps/pid_state__type_support.cpp.o[0m
[32.593s] [ 52%] [32mBuilding CXX object CMakeFiles/control_msgs__rosidl_typesupport_fastrtps_cpp.dir/rosidl_typesupport_fastrtps_cpp/control_msgs/msg/detail/dds_fastrtps/joint_trajectory_controller_state__type_support.cpp.o[0m
[33.495s] [ 53%] [32mBuilding CXX object CMakeFiles/control_msgs__rosidl_typesupport_fastrtps_cpp.dir/rosidl_typesupport_fastrtps_cpp/control_msgs/msg/detail/dds_fastrtps/joint_tolerance__type_support.cpp.o[0m
[34.225s] [ 55%] [32mBuilding CXX object CMakeFiles/control_msgs__rosidl_typesupport_fastrtps_cpp.dir/rosidl_typesupport_fastrtps_cpp/control_msgs/msg/detail/dds_fastrtps/joint_controller_state__type_support.cpp.o[0m
[35.039s] [ 57%] [32m[1mLinking CXX shared library libcontrol_msgs__rosidl_typesupport_fastrtps_cpp.so[0m
[35.191s] [ 57%] Built target control_msgs__rosidl_typesupport_fastrtps_cpp
[35.230s] [ 58%] [34m[1mGenerating C++ type support dispatch for ROS interfaces[0m
[35.831s] [35m[1mScanning dependencies of target control_msgs__rosidl_typesupport_cpp[0m
[35.858s] [ 60%] [32mBuilding CXX object CMakeFiles/control_msgs__rosidl_typesupport_cpp.dir/rosidl_typesupport_cpp/control_msgs/msg/gripper_command__type_support.cpp.o[0m
[36.416s] [ 61%] [32mBuilding CXX object CMakeFiles/control_msgs__rosidl_typesupport_cpp.dir/rosidl_typesupport_cpp/control_msgs/msg/pid_state__type_support.cpp.o[0m
[36.972s] [ 63%] [32mBuilding CXX object CMakeFiles/control_msgs__rosidl_typesupport_cpp.dir/rosidl_typesupport_cpp/control_msgs/msg/joint_trajectory_controller_state__type_support.cpp.o[0m
[37.499s] [ 65%] [32mBuilding CXX object CMakeFiles/control_msgs__rosidl_typesupport_cpp.dir/rosidl_typesupport_cpp/control_msgs/msg/joint_tolerance__type_support.cpp.o[0m
[37.953s] [ 66%] [32mBuilding CXX object CMakeFiles/control_msgs__rosidl_typesupport_cpp.dir/rosidl_typesupport_cpp/control_msgs/msg/joint_controller_state__type_support.cpp.o[0m
[38.478s] [ 68%] [32m[1mLinking CXX shared library libcontrol_msgs__rosidl_typesupport_cpp.so[0m
[38.556s] [ 68%] Built target control_msgs__rosidl_typesupport_cpp
[38.571s] [ 69%] [34m[1mGenerating C type support for eProsima Fast-RTPS[0m
[39.521s] [35m[1mScanning dependencies of target control_msgs__rosidl_typesupport_fastrtps_c[0m
[39.564s] [ 71%] [32mBuilding CXX object CMakeFiles/control_msgs__rosidl_typesupport_fastrtps_c.dir/rosidl_typesupport_fastrtps_c/control_msgs/msg/detail/gripper_command__type_support_c.cpp.o[0m
[40.152s] [ 73%] [32mBuilding CXX object CMakeFiles/control_msgs__rosidl_typesupport_fastrtps_c.dir/rosidl_typesupport_fastrtps_c/control_msgs/msg/detail/pid_state__type_support_c.cpp.o[0m
[40.760s] [ 74%] [32mBuilding CXX object CMakeFiles/control_msgs__rosidl_typesupport_fastrtps_c.dir/rosidl_typesupport_fastrtps_c/control_msgs/msg/detail/joint_trajectory_controller_state__type_support_c.cpp.o[0m
[41.358s] [ 76%] [32mBuilding CXX object CMakeFiles/control_msgs__rosidl_typesupport_fastrtps_c.dir/rosidl_typesupport_fastrtps_c/control_msgs/msg/detail/joint_tolerance__type_support_c.cpp.o[0m
[41.977s] [ 77%] [32mBuilding CXX object CMakeFiles/control_msgs__rosidl_typesupport_fastrtps_c.dir/rosidl_typesupport_fastrtps_c/control_msgs/msg/detail/joint_controller_state__type_support_c.cpp.o[0m
[42.579s] [ 79%] [32m[1mLinking CXX shared library libcontrol_msgs__rosidl_typesupport_fastrtps_c.so[0m
[42.748s] [ 79%] Built target control_msgs__rosidl_typesupport_fastrtps_c
[42.765s] [35m[1mScanning dependencies of target control_msgs[0m
[42.789s] [ 79%] Built target control_msgs
[42.806s] [35m[1mScanning dependencies of target control_msgs__py[0m
[42.825s] [ 80%] [34m[1mGenerating Python code for ROS interfaces[0m
[44.892s] [ 80%] Built target control_msgs__py
[44.909s] [35m[1mScanning dependencies of target control_msgs__python[0m
[44.961s] [ 82%] [32mBuilding C object CMakeFiles/control_msgs__python.dir/rosidl_generator_py/control_msgs/msg/_gripper_command_s.c.o[0m
[45.094s] [ 84%] [32mBuilding C object CMakeFiles/control_msgs__python.dir/rosidl_generator_py/control_msgs/msg/_pid_state_s.c.o[0m
[45.334s] [ 85%] [32mBuilding C object CMakeFiles/control_msgs__python.dir/rosidl_generator_py/control_msgs/msg/_joint_trajectory_controller_state_s.c.o[0m
[45.535s] [ 87%] [32mBuilding C object CMakeFiles/control_msgs__python.dir/rosidl_generator_py/control_msgs/msg/_joint_tolerance_s.c.o[0m
[45.675s] [ 88%] [32mBuilding C object CMakeFiles/control_msgs__python.dir/rosidl_generator_py/control_msgs/msg/_joint_controller_state_s.c.o[0m
[45.844s] [ 90%] [32m[1mLinking C shared library rosidl_generator_py/control_msgs/libcontrol_msgs__python.so[0m
[45.951s] [ 90%] Built target control_msgs__python
[45.971s] [35m[1mScanning dependencies of target control_msgs__rosidl_typesupport_c__pyext[0m
[46.004s] [ 92%] [32mBuilding C object CMakeFiles/control_msgs__rosidl_typesupport_c__pyext.dir/rosidl_generator_py/control_msgs/_control_msgs_s.ep.rosidl_typesupport_c.c.o[0m
[46.158s] [ 93%] [32m[1mLinking C shared library rosidl_generator_py/control_msgs/control_msgs_s__rosidl_typesupport_c.cpython-38-x86_64-linux-gnu.so[0m
[46.250s] [ 93%] Built target control_msgs__rosidl_typesupport_c__pyext
[46.272s] [35m[1mScanning dependencies of target control_msgs__rosidl_typesupport_fastrtps_c__pyext[0m
[46.338s] [ 95%] [32mBuilding C object CMakeFiles/control_msgs__rosidl_typesupport_fastrtps_c__pyext.dir/rosidl_generator_py/control_msgs/_control_msgs_s.ep.rosidl_typesupport_fastrtps_c.c.o[0m
[46.535s] [ 96%] [32m[1mLinking CXX shared library rosidl_generator_py/control_msgs/control_msgs_s__rosidl_typesupport_fastrtps_c.cpython-38-x86_64-linux-gnu.so[0m
[46.690s] [ 96%] Built target control_msgs__rosidl_typesupport_fastrtps_c__pyext
[46.716s] [35m[1mScanning dependencies of target control_msgs__rosidl_typesupport_introspection_c__pyext[0m
[46.767s] [ 98%] [32mBuilding C object CMakeFiles/control_msgs__rosidl_typesupport_introspection_c__pyext.dir/rosidl_generator_py/control_msgs/_control_msgs_s.ep.rosidl_typesupport_introspection_c.c.o[0m
[46.974s] [100%] [32m[1mLinking C shared library rosidl_generator_py/control_msgs/control_msgs_s__rosidl_typesupport_introspection_c.cpython-38-x86_64-linux-gnu.so[0m
[47.102s] [100%] Built target control_msgs__rosidl_typesupport_introspection_c__pyext
[47.141s] Invoked command in '/home/user/ros2_ws/build/control_msgs' returned '0': CMAKE_PREFIX_PATH=/opt/ros/foxy:${CMAKE_PREFIX_PATH} _=/usr/bin/env /usr/bin/cmake --build /home/user/ros2_ws/build/control_msgs -- -j16 -l16
[48.077s] Invoking command in '/home/user/ros2_ws/build/control_msgs': CMAKE_PREFIX_PATH=/opt/ros/foxy:${CMAKE_PREFIX_PATH} _=/usr/bin/env /usr/bin/cmake --install /home/user/ros2_ws/build/control_msgs
[48.110s] -- Install configuration: ""
[48.110s] -- Installing: /home/user/ros2_ws/install/control_msgs/share/ament_index/resource_index/rosidl_interfaces/control_msgs
[48.110s] -- Installing: /home/user/ros2_ws/install/control_msgs/include/control_msgs
[48.110s] -- Installing: /home/user/ros2_ws/install/control_msgs/include/control_msgs/msg
[48.111s] -- Installing: /home/user/ros2_ws/install/control_msgs/include/control_msgs/msg/detail
[48.112s] -- Installing: /home/user/ros2_ws/install/control_msgs/include/control_msgs/msg/detail/gripper_command__struct.h
[48.112s] -- Installing: /home/user/ros2_ws/install/control_msgs/include/control_msgs/msg/detail/joint_controller_state__functions.h
[48.112s] -- Installing: /home/user/ros2_ws/install/control_msgs/include/control_msgs/msg/detail/gripper_command__type_support.h
[48.112s] -- Installing: /home/user/ros2_ws/install/control_msgs/include/control_msgs/msg/detail/gripper_command__functions.c
[48.113s] -- Installing: /home/user/ros2_ws/install/control_msgs/include/control_msgs/msg/detail/pid_state__functions.c
[48.113s] -- Installing: /home/user/ros2_ws/install/control_msgs/include/control_msgs/msg/detail/gripper_command__functions.h
[48.113s] -- Installing: /home/user/ros2_ws/install/control_msgs/include/control_msgs/msg/detail/joint_tolerance__type_support.h
[48.113s] -- Installing: /home/user/ros2_ws/install/control_msgs/include/control_msgs/msg/detail/joint_trajectory_controller_state__struct.h
[48.113s] -- Installing: /home/user/ros2_ws/install/control_msgs/include/control_msgs/msg/detail/pid_state__struct.h
[48.114s] -- Installing: /home/user/ros2_ws/install/control_msgs/include/control_msgs/msg/detail/joint_trajectory_controller_state__functions.c
[48.114s] -- Installing: /home/user/ros2_ws/install/control_msgs/include/control_msgs/msg/detail/joint_controller_state__functions.c
[48.114s] -- Installing: /home/user/ros2_ws/install/control_msgs/include/control_msgs/msg/detail/joint_tolerance__struct.h
[48.114s] -- Installing: /home/user/ros2_ws/install/control_msgs/include/control_msgs/msg/detail/joint_tolerance__functions.h
[48.115s] -- Installing: /home/user/ros2_ws/install/control_msgs/include/control_msgs/msg/detail/pid_state__type_support.h
[48.115s] -- Installing: /home/user/ros2_ws/install/control_msgs/include/control_msgs/msg/detail/joint_controller_state__struct.h
[48.115s] -- Installing: /home/user/ros2_ws/install/control_msgs/include/control_msgs/msg/detail/joint_trajectory_controller_state__functions.h
[48.115s] -- Installing: /home/user/ros2_ws/install/control_msgs/include/control_msgs/msg/detail/pid_state__functions.h
[48.116s] -- Installing: /home/user/ros2_ws/install/control_msgs/include/control_msgs/msg/detail/joint_trajectory_controller_state__type_support.h
[48.116s] -- Installing: /home/user/ros2_ws/install/control_msgs/include/control_msgs/msg/detail/joint_tolerance__functions.c
[48.116s] -- Installing: /home/user/ros2_ws/install/control_msgs/include/control_msgs/msg/detail/joint_controller_state__type_support.h
[48.116s] -- Installing: /home/user/ros2_ws/install/control_msgs/include/control_msgs/msg/gripper_command.h
[48.117s] -- Installing: /home/user/ros2_ws/install/control_msgs/include/control_msgs/msg/rosidl_generator_c__visibility_control.h
[48.117s] -- Installing: /home/user/ros2_ws/install/control_msgs/include/control_msgs/msg/joint_trajectory_controller_state.h
[48.117s] -- Installing: /home/user/ros2_ws/install/control_msgs/include/control_msgs/msg/joint_tolerance.h
[48.117s] -- Installing: /home/user/ros2_ws/install/control_msgs/include/control_msgs/msg/pid_state.h
[48.118s] -- Installing: /home/user/ros2_ws/install/control_msgs/include/control_msgs/msg/joint_controller_state.h
[48.118s] -- Installing: /home/user/ros2_ws/install/control_msgs/share/control_msgs/environment/library_path.sh
[48.118s] -- Installing: /home/user/ros2_ws/install/control_msgs/share/control_msgs/environment/library_path.dsv
[48.118s] -- Installing: /home/user/ros2_ws/install/control_msgs/lib/libcontrol_msgs__rosidl_generator_c.so
[48.118s] -- Set runtime path of "/home/user/ros2_ws/install/control_msgs/lib/libcontrol_msgs__rosidl_generator_c.so" to ""
[48.119s] -- Up-to-date: /home/user/ros2_ws/install/control_msgs/include/control_msgs
[48.119s] -- Up-to-date: /home/user/ros2_ws/install/control_msgs/include/control_msgs/msg
[48.119s] -- Up-to-date: /home/user/ros2_ws/install/control_msgs/include/control_msgs/msg/detail
[48.119s] -- Installing: /home/user/ros2_ws/install/control_msgs/include/control_msgs/msg/detail/pid_state__rosidl_typesupport_fastrtps_c.h
[48.119s] -- Installing: /home/user/ros2_ws/install/control_msgs/include/control_msgs/msg/detail/gripper_command__rosidl_typesupport_fastrtps_c.h
[48.120s] -- Installing: /home/user/ros2_ws/install/control_msgs/include/control_msgs/msg/detail/joint_trajectory_controller_state__rosidl_typesupport_fastrtps_c.h
[48.120s] -- Installing: /home/user/ros2_ws/install/control_msgs/include/control_msgs/msg/detail/joint_controller_state__rosidl_typesupport_fastrtps_c.h
[48.120s] -- Installing: /home/user/ros2_ws/install/control_msgs/include/control_msgs/msg/detail/joint_tolerance__rosidl_typesupport_fastrtps_c.h
[48.120s] -- Installing: /home/user/ros2_ws/install/control_msgs/include/control_msgs/msg/rosidl_typesupport_fastrtps_c__visibility_control.h
[48.120s] -- Installing: /home/user/ros2_ws/install/control_msgs/lib/libcontrol_msgs__rosidl_typesupport_fastrtps_c.so
[48.121s] -- Set runtime path of "/home/user/ros2_ws/install/control_msgs/lib/libcontrol_msgs__rosidl_typesupport_fastrtps_c.so" to ""
[48.121s] -- Up-to-date: /home/user/ros2_ws/install/control_msgs/include/control_msgs
[48.121s] -- Up-to-date: /home/user/ros2_ws/install/control_msgs/include/control_msgs/msg
[48.121s] -- Up-to-date: /home/user/ros2_ws/install/control_msgs/include/control_msgs/msg/detail
[48.121s] -- Installing: /home/user/ros2_ws/install/control_msgs/include/control_msgs/msg/detail/pid_state__rosidl_typesupport_fastrtps_cpp.hpp
[48.123s] -- Installing: /home/user/ros2_ws/install/control_msgs/include/control_msgs/msg/detail/gripper_command__rosidl_typesupport_fastrtps_cpp.hpp
[48.123s] -- Installing: /home/user/ros2_ws/install/control_msgs/include/control_msgs/msg/detail/joint_tolerance__rosidl_typesupport_fastrtps_cpp.hpp
[48.123s] -- Installing: /home/user/ros2_ws/install/control_msgs/include/control_msgs/msg/detail/joint_trajectory_controller_state__rosidl_typesupport_fastrtps_cpp.hpp
[48.124s] -- Installing: /home/user/ros2_ws/install/control_msgs/include/control_msgs/msg/detail/joint_controller_state__rosidl_typesupport_fastrtps_cpp.hpp
[48.124s] -- Installing: /home/user/ros2_ws/install/control_msgs/include/control_msgs/msg/detail/dds_fastrtps
[48.124s] -- Installing: /home/user/ros2_ws/install/control_msgs/include/control_msgs/msg/rosidl_typesupport_fastrtps_cpp__visibility_control.h
[48.124s] -- Installing: /home/user/ros2_ws/install/control_msgs/lib/libcontrol_msgs__rosidl_typesupport_fastrtps_cpp.so
[48.125s] -- Set runtime path of "/home/user/ros2_ws/install/control_msgs/lib/libcontrol_msgs__rosidl_typesupport_fastrtps_cpp.so" to ""
[48.125s] -- Up-to-date: /home/user/ros2_ws/install/control_msgs/include/control_msgs
[48.126s] -- Up-to-date: /home/user/ros2_ws/install/control_msgs/include/control_msgs/msg
[48.126s] -- Up-to-date: /home/user/ros2_ws/install/control_msgs/include/control_msgs/msg/detail
[48.126s] -- Installing: /home/user/ros2_ws/install/control_msgs/include/control_msgs/msg/detail/joint_tolerance__rosidl_typesupport_introspection_c.h
[48.126s] -- Installing: /home/user/ros2_ws/install/control_msgs/include/control_msgs/msg/detail/joint_trajectory_controller_state__type_support.c
[48.127s] -- Installing: /home/user/ros2_ws/install/control_msgs/include/control_msgs/msg/detail/joint_trajectory_controller_state__rosidl_typesupport_introspection_c.h
[48.127s] -- Installing: /home/user/ros2_ws/install/control_msgs/include/control_msgs/msg/detail/pid_state__type_support.c
[48.127s] -- Installing: /home/user/ros2_ws/install/control_msgs/include/control_msgs/msg/detail/joint_controller_state__type_support.c
[48.127s] -- Installing: /home/user/ros2_ws/install/control_msgs/include/control_msgs/msg/detail/joint_tolerance__type_support.c
[48.127s] -- Installing: /home/user/ros2_ws/install/control_msgs/include/control_msgs/msg/detail/gripper_command__rosidl_typesupport_introspection_c.h
[48.128s] -- Installing: /home/user/ros2_ws/install/control_msgs/include/control_msgs/msg/detail/pid_state__rosidl_typesupport_introspection_c.h
[48.129s] -- Installing: /home/user/ros2_ws/install/control_msgs/include/control_msgs/msg/detail/joint_controller_state__rosidl_typesupport_introspection_c.h
[48.129s] -- Installing: /home/user/ros2_ws/install/control_msgs/include/control_msgs/msg/detail/gripper_command__type_support.c
[48.129s] -- Installing: /home/user/ros2_ws/install/control_msgs/include/control_msgs/msg/rosidl_typesupport_introspection_c__visibility_control.h
[48.129s] -- Installing: /home/user/ros2_ws/install/control_msgs/lib/libcontrol_msgs__rosidl_typesupport_introspection_c.so
[48.129s] -- Set runtime path of "/home/user/ros2_ws/install/control_msgs/lib/libcontrol_msgs__rosidl_typesupport_introspection_c.so" to ""
[48.129s] -- Installing: /home/user/ros2_ws/install/control_msgs/lib/libcontrol_msgs__rosidl_typesupport_c.so
[48.129s] -- Set runtime path of "/home/user/ros2_ws/install/control_msgs/lib/libcontrol_msgs__rosidl_typesupport_c.so" to ""
[48.130s] -- Up-to-date: /home/user/ros2_ws/install/control_msgs/include/control_msgs
[48.131s] -- Up-to-date: /home/user/ros2_ws/install/control_msgs/include/control_msgs/msg
[48.131s] -- Up-to-date: /home/user/ros2_ws/install/control_msgs/include/control_msgs/msg/detail
[48.132s] -- Installing: /home/user/ros2_ws/install/control_msgs/include/control_msgs/msg/detail/gripper_command__builder.hpp
[48.132s] -- Installing: /home/user/ros2_ws/install/control_msgs/include/control_msgs/msg/detail/joint_controller_state__struct.hpp
[48.132s] -- Installing: /home/user/ros2_ws/install/control_msgs/include/control_msgs/msg/detail/joint_tolerance__traits.hpp
[48.132s] -- Installing: /home/user/ros2_ws/install/control_msgs/include/control_msgs/msg/detail/joint_tolerance__struct.hpp
[48.133s] -- Installing: /home/user/ros2_ws/install/control_msgs/include/control_msgs/msg/detail/gripper_command__struct.hpp
[48.133s] -- Installing: /home/user/ros2_ws/install/control_msgs/include/control_msgs/msg/detail/joint_trajectory_controller_state__traits.hpp
[48.133s] -- Installing: /home/user/ros2_ws/install/control_msgs/include/control_msgs/msg/detail/joint_controller_state__builder.hpp
[48.134s] -- Installing: /home/user/ros2_ws/install/control_msgs/include/control_msgs/msg/detail/joint_controller_state__traits.hpp
[48.134s] -- Installing: /home/user/ros2_ws/install/control_msgs/include/control_msgs/msg/detail/pid_state__traits.hpp
[48.134s] -- Installing: /home/user/ros2_ws/install/control_msgs/include/control_msgs/msg/detail/joint_tolerance__builder.hpp
[48.134s] -- Installing: /home/user/ros2_ws/install/control_msgs/include/control_msgs/msg/detail/pid_state__builder.hpp
[48.135s] -- Installing: /home/user/ros2_ws/install/control_msgs/include/control_msgs/msg/detail/joint_trajectory_controller_state__struct.hpp
[48.135s] -- Installing: /home/user/ros2_ws/install/control_msgs/include/control_msgs/msg/detail/pid_state__struct.hpp
[48.135s] -- Installing: /home/user/ros2_ws/install/control_msgs/include/control_msgs/msg/detail/joint_trajectory_controller_state__builder.hpp
[48.136s] -- Installing: /home/user/ros2_ws/install/control_msgs/include/control_msgs/msg/detail/gripper_command__traits.hpp
[48.136s] -- Installing: /home/user/ros2_ws/install/control_msgs/include/control_msgs/msg/joint_tolerance.hpp
[48.136s] -- Installing: /home/user/ros2_ws/install/control_msgs/include/control_msgs/msg/joint_controller_state.hpp
[48.136s] -- Installing: /home/user/ros2_ws/install/control_msgs/include/control_msgs/msg/joint_trajectory_controller_state.hpp
[48.137s] -- Installing: /home/user/ros2_ws/install/control_msgs/include/control_msgs/msg/pid_state.hpp
[48.137s] -- Installing: /home/user/ros2_ws/install/control_msgs/include/control_msgs/msg/gripper_command.hpp
[48.137s] -- Up-to-date: /home/user/ros2_ws/install/control_msgs/include/control_msgs
[48.137s] -- Up-to-date: /home/user/ros2_ws/install/control_msgs/include/control_msgs/msg
[48.137s] -- Up-to-date: /home/user/ros2_ws/install/control_msgs/include/control_msgs/msg/detail
[48.137s] -- Installing: /home/user/ros2_ws/install/control_msgs/include/control_msgs/msg/detail/gripper_command__type_support.cpp
[48.137s] -- Installing: /home/user/ros2_ws/install/control_msgs/include/control_msgs/msg/detail/joint_controller_state__type_support.cpp
[48.138s] -- Installing: /home/user/ros2_ws/install/control_msgs/include/control_msgs/msg/detail/gripper_command__rosidl_typesupport_introspection_cpp.hpp
[48.138s] -- Installing: /home/user/ros2_ws/install/control_msgs/include/control_msgs/msg/detail/joint_tolerance__type_support.cpp
[48.138s] -- Installing: /home/user/ros2_ws/install/control_msgs/include/control_msgs/msg/detail/pid_state__type_support.cpp
[48.146s] -- Installing: /home/user/ros2_ws/install/control_msgs/include/control_msgs/msg/detail/joint_trajectory_controller_state__type_support.cpp
[48.146s] -- Installing: /home/user/ros2_ws/install/control_msgs/include/control_msgs/msg/detail/pid_state__rosidl_typesupport_introspection_cpp.hpp
[48.146s] -- Installing: /home/user/ros2_ws/install/control_msgs/include/control_msgs/msg/detail/joint_trajectory_controller_state__rosidl_typesupport_introspection_cpp.hpp
[48.146s] -- Installing: /home/user/ros2_ws/install/control_msgs/include/control_msgs/msg/detail/joint_controller_state__rosidl_typesupport_introspection_cpp.hpp
[48.147s] -- Installing: /home/user/ros2_ws/install/control_msgs/include/control_msgs/msg/detail/joint_tolerance__rosidl_typesupport_introspection_cpp.hpp
[48.147s] -- Installing: /home/user/ros2_ws/install/control_msgs/lib/libcontrol_msgs__rosidl_typesupport_introspection_cpp.so
[48.147s] -- Set runtime path of "/home/user/ros2_ws/install/control_msgs/lib/libcontrol_msgs__rosidl_typesupport_introspection_cpp.so" to ""
[48.147s] -- Installing: /home/user/ros2_ws/install/control_msgs/lib/libcontrol_msgs__rosidl_typesupport_cpp.so
[48.147s] -- Set runtime path of "/home/user/ros2_ws/install/control_msgs/lib/libcontrol_msgs__rosidl_typesupport_cpp.so" to ""
[48.147s] -- Installing: /home/user/ros2_ws/install/control_msgs/share/control_msgs/environment/pythonpath.sh
[48.147s] -- Installing: /home/user/ros2_ws/install/control_msgs/share/control_msgs/environment/pythonpath.dsv
[48.147s] -- Installing: /home/user/ros2_ws/install/control_msgs/lib/python3.8/site-packages/control_msgs/__init__.py
[48.227s] Compiling '/home/user/ros2_ws/install/control_msgs/lib/python3.8/site-packages/control_msgs/__init__.py'...
[48.236s] -- Installing: /home/user/ros2_ws/install/control_msgs/lib/python3.8/site-packages/control_msgs/msg
[48.237s] -- Installing: /home/user/ros2_ws/install/control_msgs/lib/python3.8/site-packages/control_msgs/msg/_pid_state.py
[48.243s] -- Installing: /home/user/ros2_ws/install/control_msgs/lib/python3.8/site-packages/control_msgs/msg/_gripper_command.py
[48.243s] -- Installing: /home/user/ros2_ws/install/control_msgs/lib/python3.8/site-packages/control_msgs/msg/_joint_controller_state_s.c
[48.244s] -- Installing: /home/user/ros2_ws/install/control_msgs/lib/python3.8/site-packages/control_msgs/msg/_joint_trajectory_controller_state_s.c
[48.244s] -- Installing: /home/user/ros2_ws/install/control_msgs/lib/python3.8/site-packages/control_msgs/msg/__init__.py
[48.244s] -- Installing: /home/user/ros2_ws/install/control_msgs/lib/python3.8/site-packages/control_msgs/msg/_pid_state_s.c
[48.244s] -- Installing: /home/user/ros2_ws/install/control_msgs/lib/python3.8/site-packages/control_msgs/msg/_joint_tolerance.py
[48.244s] -- Installing: /home/user/ros2_ws/install/control_msgs/lib/python3.8/site-packages/control_msgs/msg/_gripper_command_s.c
[48.244s] -- Installing: /home/user/ros2_ws/install/control_msgs/lib/python3.8/site-packages/control_msgs/msg/_joint_tolerance_s.c
[48.245s] -- Installing: /home/user/ros2_ws/install/control_msgs/lib/python3.8/site-packages/control_msgs/msg/_joint_trajectory_controller_state.py
[48.246s] -- Installing: /home/user/ros2_ws/install/control_msgs/lib/python3.8/site-packages/control_msgs/msg/_joint_controller_state.py
[48.246s] -- Installing: /home/user/ros2_ws/install/control_msgs/lib/python3.8/site-packages/control_msgs/control_msgs_s__rosidl_typesupport_fastrtps_c.cpython-38-x86_64-linux-gnu.so
[48.247s] -- Set runtime path of "/home/user/ros2_ws/install/control_msgs/lib/python3.8/site-packages/control_msgs/control_msgs_s__rosidl_typesupport_fastrtps_c.cpython-38-x86_64-linux-gnu.so" to ""
[48.247s] -- Installing: /home/user/ros2_ws/install/control_msgs/lib/python3.8/site-packages/control_msgs/control_msgs_s__rosidl_typesupport_introspection_c.cpython-38-x86_64-linux-gnu.so
[48.247s] -- Set runtime path of "/home/user/ros2_ws/install/control_msgs/lib/python3.8/site-packages/control_msgs/control_msgs_s__rosidl_typesupport_introspection_c.cpython-38-x86_64-linux-gnu.so" to ""
[48.248s] -- Installing: /home/user/ros2_ws/install/control_msgs/lib/python3.8/site-packages/control_msgs/control_msgs_s__rosidl_typesupport_c.cpython-38-x86_64-linux-gnu.so
[48.248s] -- Set runtime path of "/home/user/ros2_ws/install/control_msgs/lib/python3.8/site-packages/control_msgs/control_msgs_s__rosidl_typesupport_c.cpython-38-x86_64-linux-gnu.so" to ""
[48.249s] -- Installing: /home/user/ros2_ws/install/control_msgs/lib/libcontrol_msgs__python.so
[48.249s] -- Set runtime path of "/home/user/ros2_ws/install/control_msgs/lib/libcontrol_msgs__python.so" to ""
[48.249s] -- Installing: /home/user/ros2_ws/install/control_msgs/share/control_msgs/msg/GripperCommand.idl
[48.249s] -- Installing: /home/user/ros2_ws/install/control_msgs/share/control_msgs/msg/JointControllerState.idl
[48.249s] -- Installing: /home/user/ros2_ws/install/control_msgs/share/control_msgs/msg/JointTolerance.idl
[48.249s] -- Installing: /home/user/ros2_ws/install/control_msgs/share/control_msgs/msg/JointTrajectoryControllerState.idl
[48.250s] -- Installing: /home/user/ros2_ws/install/control_msgs/share/control_msgs/msg/PidState.idl
[48.250s] -- Installing: /home/user/ros2_ws/install/control_msgs/share/control_msgs/msg/GripperCommand.msg
[48.251s] -- Installing: /home/user/ros2_ws/install/control_msgs/share/control_msgs/msg/JointControllerState.msg
[48.251s] -- Installing: /home/user/ros2_ws/install/control_msgs/share/control_msgs/msg/JointTolerance.msg
[48.251s] -- Installing: /home/user/ros2_ws/install/control_msgs/share/control_msgs/msg/JointTrajectoryControllerState.msg
[48.252s] -- Installing: /home/user/ros2_ws/install/control_msgs/share/control_msgs/msg/PidState.msg
[48.253s] -- Installing: /home/user/ros2_ws/install/control_msgs/share/ament_index/resource_index/package_run_dependencies/control_msgs
[48.253s] -- Installing: /home/user/ros2_ws/install/control_msgs/share/ament_index/resource_index/parent_prefix_path/control_msgs
[48.254s] -- Installing: /home/user/ros2_ws/install/control_msgs/share/control_msgs/environment/ament_prefix_path.sh
[48.254s] -- Installing: /home/user/ros2_ws/install/control_msgs/share/control_msgs/environment/ament_prefix_path.dsv
[48.255s] -- Installing: /home/user/ros2_ws/install/control_msgs/share/control_msgs/environment/path.sh
[48.255s] -- Installing: /home/user/ros2_ws/install/control_msgs/share/control_msgs/environment/path.dsv
[48.256s] -- Installing: /home/user/ros2_ws/install/control_msgs/share/control_msgs/local_setup.bash
[48.257s] -- Installing: /home/user/ros2_ws/install/control_msgs/share/control_msgs/local_setup.sh
[48.258s] -- Installing: /home/user/ros2_ws/install/control_msgs/share/control_msgs/local_setup.zsh
[48.259s] -- Installing: /home/user/ros2_ws/install/control_msgs/share/control_msgs/local_setup.dsv
[48.259s] -- Installing: /home/user/ros2_ws/install/control_msgs/share/control_msgs/package.dsv
[48.260s] -- Installing: /home/user/ros2_ws/install/control_msgs/share/ament_index/resource_index/packages/control_msgs
[48.261s] -- Installing: /home/user/ros2_ws/install/control_msgs/share/control_msgs/cmake/control_msgs__rosidl_generator_cExport.cmake
[48.261s] -- Installing: /home/user/ros2_ws/install/control_msgs/share/control_msgs/cmake/control_msgs__rosidl_generator_cExport-noconfig.cmake
[48.262s] -- Installing: /home/user/ros2_ws/install/control_msgs/share/control_msgs/cmake/control_msgs__rosidl_typesupport_introspection_cExport.cmake
[48.262s] -- Installing: /home/user/ros2_ws/install/control_msgs/share/control_msgs/cmake/control_msgs__rosidl_typesupport_introspection_cExport-noconfig.cmake
[48.263s] -- Installing: /home/user/ros2_ws/install/control_msgs/share/control_msgs/cmake/control_msgs__rosidl_typesupport_cExport.cmake
[48.263s] -- Installing: /home/user/ros2_ws/install/control_msgs/share/control_msgs/cmake/control_msgs__rosidl_typesupport_cExport-noconfig.cmake
[48.263s] -- Installing: /home/user/ros2_ws/install/control_msgs/share/control_msgs/cmake/control_msgs__rosidl_generator_cppExport.cmake
[48.264s] -- Installing: /home/user/ros2_ws/install/control_msgs/share/control_msgs/cmake/control_msgs__rosidl_typesupport_introspection_cppExport.cmake
[48.264s] -- Installing: /home/user/ros2_ws/install/control_msgs/share/control_msgs/cmake/control_msgs__rosidl_typesupport_introspection_cppExport-noconfig.cmake
[48.264s] -- Installing: /home/user/ros2_ws/install/control_msgs/share/control_msgs/cmake/control_msgs__rosidl_typesupport_cppExport.cmake
[48.266s] -- Installing: /home/user/ros2_ws/install/control_msgs/share/control_msgs/cmake/control_msgs__rosidl_typesupport_cppExport-noconfig.cmake
[48.266s] -- Installing: /home/user/ros2_ws/install/control_msgs/share/control_msgs/cmake/rosidl_cmake-extras.cmake
[48.266s] -- Installing: /home/user/ros2_ws/install/control_msgs/share/control_msgs/cmake/ament_cmake_export_dependencies-extras.cmake
[48.266s] -- Installing: /home/user/ros2_ws/install/control_msgs/share/control_msgs/cmake/ament_cmake_export_libraries-extras.cmake
[48.266s] -- Installing: /home/user/ros2_ws/install/control_msgs/share/control_msgs/cmake/ament_cmake_export_targets-extras.cmake
[48.267s] -- Installing: /home/user/ros2_ws/install/control_msgs/share/control_msgs/cmake/ament_cmake_export_include_directories-extras.cmake
[48.267s] -- Installing: /home/user/ros2_ws/install/control_msgs/share/control_msgs/cmake/rosidl_cmake_export_typesupport_libraries-extras.cmake
[48.268s] -- Installing: /home/user/ros2_ws/install/control_msgs/share/control_msgs/cmake/rosidl_cmake_export_typesupport_targets-extras.cmake
[48.268s] -- Installing: /home/user/ros2_ws/install/control_msgs/share/control_msgs/cmake/control_msgsConfig.cmake
[48.268s] -- Installing: /home/user/ros2_ws/install/control_msgs/share/control_msgs/cmake/control_msgsConfig-version.cmake
[48.268s] -- Installing: /home/user/ros2_ws/install/control_msgs/share/control_msgs/package.xml
[48.277s] Invoked command in '/home/user/ros2_ws/build/control_msgs' returned '0': CMAKE_PREFIX_PATH=/opt/ros/foxy:${CMAKE_PREFIX_PATH} _=/usr/bin/env /usr/bin/cmake --install /home/user/ros2_ws/build/control_msgs
