[2.982s] Invoking command in '/home/user/ros2_ws/src/ldmk_package': PYTHONPATH=/home/user/ros2_ws/install/ldmk_package/lib/python3.8/site-packages:${PYTHONPATH} _=/usr/bin/env /usr/bin/python3 setup.py egg_info --egg-base ../../build/ldmk_package build --build-base /home/user/ros2_ws/build/ldmk_package/build install --prefix /home/user/ros2_ws/install/ldmk_package --record /home/user/ros2_ws/build/ldmk_package/install.log --single-version-externally-managed
[5.202s] running egg_info
[5.203s] writing ../../build/ldmk_package/ldmk_package.egg-info/PKG-INFO
[5.204s] writing dependency_links to ../../build/ldmk_package/ldmk_package.egg-info/dependency_links.txt
[5.204s] writing entry points to ../../build/ldmk_package/ldmk_package.egg-info/entry_points.txt
[5.204s] writing requirements to ../../build/ldmk_package/ldmk_package.egg-info/requires.txt
[5.205s] writing top-level names to ../../build/ldmk_package/ldmk_package.egg-info/top_level.txt
[5.479s] reading manifest file '../../build/ldmk_package/ldmk_package.egg-info/SOURCES.txt'
[5.483s] writing manifest file '../../build/ldmk_package/ldmk_package.egg-info/SOURCES.txt'
[5.488s] running build
[5.489s] running build_py
[5.492s] running install
[5.492s] running install_lib
[5.492s] running install_data
[5.494s] running install_egg_info
[5.502s] removing '/home/user/ros2_ws/install/ldmk_package/lib/python3.8/site-packages/ldmk_package-0.0.0-py3.8.egg-info' (and everything under it)
[5.503s] Copying ../../build/ldmk_package/ldmk_package.egg-info to /home/user/ros2_ws/install/ldmk_package/lib/python3.8/site-packages/ldmk_package-0.0.0-py3.8.egg-info
[5.507s] running install_scripts
[5.668s] Installing roboticsIK script to /home/user/ros2_ws/install/ldmk_package/lib/ldmk_package
[5.669s] writing list of installed files to '/home/user/ros2_ws/build/ldmk_package/install.log'
[5.872s] Invoked command in '/home/user/ros2_ws/src/ldmk_package' returned '0': PYTHONPATH=/home/user/ros2_ws/install/ldmk_package/lib/python3.8/site-packages:${PYTHONPATH} _=/usr/bin/env /usr/bin/python3 setup.py egg_info --egg-base ../../build/ldmk_package build --build-base /home/user/ros2_ws/build/ldmk_package/build install --prefix /home/user/ros2_ws/install/ldmk_package --record /home/user/ros2_ws/build/ldmk_package/install.log --single-version-externally-managed
