[0.301s] Invoking command in '/home/user/ros2_ws/build/hrim_actuator_rotaryservo_srvs': CMAKE_PREFIX_PATH=/opt/ros/foxy:${CMAKE_PREFIX_PATH} _=/usr/bin/env /usr/bin/cmake /home/user/ros2_ws/src/ros2_mara/HRIM/generated/actuator/rotaryservo/hrim_actuator_rotaryservo_srvs -DCMAKE_INSTALL_PREFIX=/home/user/ros2_ws/install/hrim_actuator_rotaryservo_srvs
[7.732s] -- The C compiler identification is GNU 9.3.0
[11.493s] -- The CXX compiler identification is GNU 9.3.0
[11.559s] -- Check for working C compiler: /usr/bin/cc
[12.123s] -- Check for working C compiler: /usr/bin/cc -- works
[12.129s] -- Detecting C compiler ABI info
[12.481s] -- Detecting C compiler ABI info - done
[12.533s] -- Detecting C compile features
[12.534s] -- Detecting C compile features - done
[12.545s] -- Check for working CXX compiler: /usr/bin/c++
[12.784s] -- Check for working CXX compiler: /usr/bin/c++ -- works
[12.788s] -- Detecting CXX compiler ABI info
[13.081s] -- Detecting CXX compiler ABI info - done
[13.103s] -- Detecting CXX compile features
[13.104s] -- Detecting CXX compile features - done
[13.108s] -- Found ament_cmake: 0.9.7 (/opt/ros/foxy/share/ament_cmake/cmake)
[13.181s] -- Found PythonInterp: /usr/bin/python3 (found suitable version "3.8.5", minimum required is "3") 
[13.182s] -- Using PYTHON_EXECUTABLE: /usr/bin/python3
[14.180s] -- Found rosidl_default_generators: 1.0.0 (/opt/ros/foxy/share/rosidl_default_generators/cmake)
[14.187s] -- Using all available rosidl_typesupport_c: rosidl_typesupport_fastrtps_c;rosidl_typesupport_introspection_c
[14.206s] -- Found rosidl_adapter: 1.1.0 (/opt/ros/foxy/share/rosidl_adapter/cmake)
[15.237s] -- Found OpenSSL: /usr/lib/x86_64-linux-gnu/libcrypto.so (found version "1.1.1f")  
[15.297s] -- Found FastRTPS: /opt/ros/foxy/include  
[15.498s] -- Using all available rosidl_typesupport_cpp: rosidl_typesupport_fastrtps_cpp;rosidl_typesupport_introspection_cpp
[15.620s] -- Found PythonInterp: /usr/bin/python3 (found version "3.8.5") 
[15.907s] -- Found ament_cmake_ros: 0.9.0 (/opt/ros/foxy/share/ament_cmake_ros/cmake)
[16.169s] -- Using all available rosidl_typesupport_c: rosidl_typesupport_fastrtps_c;rosidl_typesupport_introspection_c
[16.189s] -- Using all available rosidl_typesupport_cpp: rosidl_typesupport_fastrtps_cpp;rosidl_typesupport_introspection_cpp
[16.242s] -- Found PythonInterp: /usr/bin/python3 (found suitable version "3.8.5", minimum required is "3.5") 
[16.245s] -- Found python_cmake_module: 0.8.0 (/opt/ros/foxy/share/python_cmake_module/cmake)
[16.496s] -- Found PythonLibs: /usr/lib/x86_64-linux-gnu/libpython3.8.so (found suitable version "3.8.5", minimum required is "3.5") 
[16.497s] -- Using PYTHON_EXECUTABLE: /usr/bin/python3
[16.497s] -- Using PYTHON_INCLUDE_DIRS: /usr/include/python3.8
[16.497s] -- Using PYTHON_LIBRARIES: /usr/lib/x86_64-linux-gnu/libpython3.8.so
[16.543s] -- Found PythonExtra: .so  
[16.648s] -- Configuring done
[16.878s] -- Generating done
[16.888s] -- Build files have been written to: /home/user/ros2_ws/build/hrim_actuator_rotaryservo_srvs
[16.956s] Invoked command in '/home/user/ros2_ws/build/hrim_actuator_rotaryservo_srvs' returned '0': CMAKE_PREFIX_PATH=/opt/ros/foxy:${CMAKE_PREFIX_PATH} _=/usr/bin/env /usr/bin/cmake /home/user/ros2_ws/src/ros2_mara/HRIM/generated/actuator/rotaryservo/hrim_actuator_rotaryservo_srvs -DCMAKE_INSTALL_PREFIX=/home/user/ros2_ws/install/hrim_actuator_rotaryservo_srvs
[16.958s] Invoking command in '/home/user/ros2_ws/build/hrim_actuator_rotaryservo_srvs': CMAKE_PREFIX_PATH=/opt/ros/foxy:${CMAKE_PREFIX_PATH} _=/usr/bin/env /usr/bin/cmake --build /home/user/ros2_ws/build/hrim_actuator_rotaryservo_srvs -- -j16 -l16
[17.099s] [35m[1mScanning dependencies of target hrim_actuator_rotaryservo_srvs__cpp[0m
[17.111s] [  2%] [34m[1mGenerating C code for ROS interfaces[0m
[17.136s] [  4%] [34m[1mGenerating C++ code for ROS interfaces[0m
[18.789s] [  4%] Built target hrim_actuator_rotaryservo_srvs__cpp
[18.815s] [35m[1mScanning dependencies of target hrim_actuator_rotaryservo_srvs__rosidl_generator_c[0m
[18.849s] [  6%] [34m[1mGenerating C++ introspection for ROS interfaces[0m
[18.853s] [  8%] [34m[1mGenerating C++ type support for eProsima Fast-RTPS[0m
[18.868s] [ 10%] [34m[1mGenerating C++ type support dispatch for ROS interfaces[0m
[19.029s] [ 12%] [32mBuilding C object CMakeFiles/hrim_actuator_rotaryservo_srvs__rosidl_generator_c.dir/rosidl_generator_c/hrim_actuator_rotaryservo_srvs/srv/detail/specs_rotary_servo__functions.c.o[0m
[19.045s] [ 14%] [32mBuilding C object CMakeFiles/hrim_actuator_rotaryservo_srvs__rosidl_generator_c.dir/rosidl_generator_c/hrim_actuator_rotaryservo_srvs/srv/detail/open_close_brake__functions.c.o[0m
[19.056s] [ 17%] [32mBuilding C object CMakeFiles/hrim_actuator_rotaryservo_srvs__rosidl_generator_c.dir/rosidl_generator_c/hrim_actuator_rotaryservo_srvs/srv/detail/stop__functions.c.o[0m
[19.587s] [ 19%] [32m[1mLinking C shared library libhrim_actuator_rotaryservo_srvs__rosidl_generator_c.so[0m
[19.824s] [ 19%] Built target hrim_actuator_rotaryservo_srvs__rosidl_generator_c
[19.908s] [ 21%] [34m[1mGenerating C introspection for ROS interfaces[0m
[19.910s] [ 23%] [34m[1mGenerating C type support dispatch for ROS interfaces[0m
[20.695s] [35m[1mScanning dependencies of target hrim_actuator_rotaryservo_srvs__rosidl_typesupport_cpp[0m
[20.791s] [ 25%] [32mBuilding CXX object CMakeFiles/hrim_actuator_rotaryservo_srvs__rosidl_typesupport_cpp.dir/rosidl_typesupport_cpp/hrim_actuator_rotaryservo_srvs/srv/open_close_brake__type_support.cpp.o[0m
[21.399s] [35m[1mScanning dependencies of target hrim_actuator_rotaryservo_srvs__rosidl_typesupport_introspection_cpp[0m
[21.491s] [ 27%] [32mBuilding CXX object CMakeFiles/hrim_actuator_rotaryservo_srvs__rosidl_typesupport_introspection_cpp.dir/rosidl_typesupport_introspection_cpp/hrim_actuator_rotaryservo_srvs/srv/detail/open_close_brake__type_support.cpp.o[0m
[22.063s] [35m[1mScanning dependencies of target hrim_actuator_rotaryservo_srvs__rosidl_typesupport_fastrtps_cpp[0m
[22.115s] [ 29%] [32mBuilding CXX object CMakeFiles/hrim_actuator_rotaryservo_srvs__rosidl_typesupport_fastrtps_cpp.dir/rosidl_typesupport_fastrtps_cpp/hrim_actuator_rotaryservo_srvs/srv/detail/dds_fastrtps/open_close_brake__type_support.cpp.o[0m
[22.146s] [35m[1mScanning dependencies of target hrim_actuator_rotaryservo_srvs__rosidl_typesupport_c[0m
[22.200s] [35m[1mScanning dependencies of target hrim_actuator_rotaryservo_srvs__rosidl_typesupport_introspection_c[0m
[22.209s] [ 31%] [32mBuilding CXX object CMakeFiles/hrim_actuator_rotaryservo_srvs__rosidl_typesupport_c.dir/rosidl_typesupport_c/hrim_actuator_rotaryservo_srvs/srv/open_close_brake__type_support.cpp.o[0m
[22.237s] [ 34%] [32mBuilding C object CMakeFiles/hrim_actuator_rotaryservo_srvs__rosidl_typesupport_introspection_c.dir/rosidl_typesupport_introspection_c/hrim_actuator_rotaryservo_srvs/srv/detail/open_close_brake__type_support.c.o[0m
[22.320s] [ 36%] [32mBuilding CXX object CMakeFiles/hrim_actuator_rotaryservo_srvs__rosidl_typesupport_c.dir/rosidl_typesupport_c/hrim_actuator_rotaryservo_srvs/srv/stop__type_support.cpp.o[0m
[22.320s] [ 38%] [32mBuilding C object CMakeFiles/hrim_actuator_rotaryservo_srvs__rosidl_typesupport_introspection_c.dir/rosidl_typesupport_introspection_c/hrim_actuator_rotaryservo_srvs/srv/detail/stop__type_support.c.o[0m
[22.411s] [ 40%] [32mBuilding CXX object CMakeFiles/hrim_actuator_rotaryservo_srvs__rosidl_typesupport_c.dir/rosidl_typesupport_c/hrim_actuator_rotaryservo_srvs/srv/specs_rotary_servo__type_support.cpp.o[0m
[22.482s] [ 42%] [32mBuilding C object CMakeFiles/hrim_actuator_rotaryservo_srvs__rosidl_typesupport_introspection_c.dir/rosidl_typesupport_introspection_c/hrim_actuator_rotaryservo_srvs/srv/detail/specs_rotary_servo__type_support.c.o[0m
[22.495s] [ 44%] [32m[1mLinking CXX shared library libhrim_actuator_rotaryservo_srvs__rosidl_typesupport_c.so[0m
[22.615s] [ 46%] [32m[1mLinking C shared library libhrim_actuator_rotaryservo_srvs__rosidl_typesupport_introspection_c.so[0m
[22.646s] [ 46%] Built target hrim_actuator_rotaryservo_srvs__rosidl_typesupport_c
[22.714s] [ 46%] Built target hrim_actuator_rotaryservo_srvs__rosidl_typesupport_introspection_c
[23.328s] [ 48%] [32mBuilding CXX object CMakeFiles/hrim_actuator_rotaryservo_srvs__rosidl_typesupport_fastrtps_cpp.dir/rosidl_typesupport_fastrtps_cpp/hrim_actuator_rotaryservo_srvs/srv/detail/dds_fastrtps/stop__type_support.cpp.o[0m
[23.363s] [ 51%] [32mBuilding CXX object CMakeFiles/hrim_actuator_rotaryservo_srvs__rosidl_typesupport_introspection_cpp.dir/rosidl_typesupport_introspection_cpp/hrim_actuator_rotaryservo_srvs/srv/detail/stop__type_support.cpp.o[0m
[23.483s] [ 53%] [32mBuilding CXX object CMakeFiles/hrim_actuator_rotaryservo_srvs__rosidl_typesupport_cpp.dir/rosidl_typesupport_cpp/hrim_actuator_rotaryservo_srvs/srv/stop__type_support.cpp.o[0m
[24.050s] [ 55%] [32mBuilding CXX object CMakeFiles/hrim_actuator_rotaryservo_srvs__rosidl_typesupport_introspection_cpp.dir/rosidl_typesupport_introspection_cpp/hrim_actuator_rotaryservo_srvs/srv/detail/specs_rotary_servo__type_support.cpp.o[0m
[24.282s] [ 57%] [32mBuilding CXX object CMakeFiles/hrim_actuator_rotaryservo_srvs__rosidl_typesupport_fastrtps_cpp.dir/rosidl_typesupport_fastrtps_cpp/hrim_actuator_rotaryservo_srvs/srv/detail/dds_fastrtps/specs_rotary_servo__type_support.cpp.o[0m
[24.787s] [ 59%] [32mBuilding CXX object CMakeFiles/hrim_actuator_rotaryservo_srvs__rosidl_typesupport_cpp.dir/rosidl_typesupport_cpp/hrim_actuator_rotaryservo_srvs/srv/specs_rotary_servo__type_support.cpp.o[0m
[24.852s] [ 61%] [32m[1mLinking CXX shared library libhrim_actuator_rotaryservo_srvs__rosidl_typesupport_introspection_cpp.so[0m
[25.120s] [ 61%] Built target hrim_actuator_rotaryservo_srvs__rosidl_typesupport_introspection_cpp
[25.332s] [ 63%] [32m[1mLinking CXX shared library libhrim_actuator_rotaryservo_srvs__rosidl_typesupport_fastrtps_cpp.so[0m
[25.350s] [ 65%] [32m[1mLinking CXX shared library libhrim_actuator_rotaryservo_srvs__rosidl_typesupport_cpp.so[0m
[25.453s] [ 65%] Built target hrim_actuator_rotaryservo_srvs__rosidl_typesupport_cpp
[25.852s] [ 65%] Built target hrim_actuator_rotaryservo_srvs__rosidl_typesupport_fastrtps_cpp
[25.874s] [ 68%] [34m[1mGenerating C type support for eProsima Fast-RTPS[0m
[26.995s] [35m[1mScanning dependencies of target hrim_actuator_rotaryservo_srvs__rosidl_typesupport_fastrtps_c[0m
[27.045s] [ 70%] [32mBuilding CXX object CMakeFiles/hrim_actuator_rotaryservo_srvs__rosidl_typesupport_fastrtps_c.dir/rosidl_typesupport_fastrtps_c/hrim_actuator_rotaryservo_srvs/srv/detail/open_close_brake__type_support_c.cpp.o[0m
[27.759s] [ 72%] [32mBuilding CXX object CMakeFiles/hrim_actuator_rotaryservo_srvs__rosidl_typesupport_fastrtps_c.dir/rosidl_typesupport_fastrtps_c/hrim_actuator_rotaryservo_srvs/srv/detail/stop__type_support_c.cpp.o[0m
[28.499s] [ 74%] [32mBuilding CXX object CMakeFiles/hrim_actuator_rotaryservo_srvs__rosidl_typesupport_fastrtps_c.dir/rosidl_typesupport_fastrtps_c/hrim_actuator_rotaryservo_srvs/srv/detail/specs_rotary_servo__type_support_c.cpp.o[0m
[29.217s] [ 76%] [32m[1mLinking CXX shared library libhrim_actuator_rotaryservo_srvs__rosidl_typesupport_fastrtps_c.so[0m
[29.388s] [ 76%] Built target hrim_actuator_rotaryservo_srvs__rosidl_typesupport_fastrtps_c
[29.414s] [35m[1mScanning dependencies of target hrim_actuator_rotaryservo_srvs[0m
[29.434s] [ 76%] Built target hrim_actuator_rotaryservo_srvs
[29.454s] [35m[1mScanning dependencies of target hrim_actuator_rotaryservo_srvs__py[0m
[29.476s] [ 78%] [34m[1mGenerating Python code for ROS interfaces[0m
[35.005s] [ 78%] Built target hrim_actuator_rotaryservo_srvs__py
[35.030s] [35m[1mScanning dependencies of target hrim_actuator_rotaryservo_srvs__python[0m
[35.074s] [ 80%] [32mBuilding C object CMakeFiles/hrim_actuator_rotaryservo_srvs__python.dir/rosidl_generator_py/hrim_actuator_rotaryservo_srvs/srv/_open_close_brake_s.c.o[0m
[35.596s] [ 82%] [32mBuilding C object CMakeFiles/hrim_actuator_rotaryservo_srvs__python.dir/rosidl_generator_py/hrim_actuator_rotaryservo_srvs/srv/_stop_s.c.o[0m
[35.786s] [ 85%] [32mBuilding C object CMakeFiles/hrim_actuator_rotaryservo_srvs__python.dir/rosidl_generator_py/hrim_actuator_rotaryservo_srvs/srv/_specs_rotary_servo_s.c.o[0m
[36.000s] [ 87%] [32m[1mLinking C shared library rosidl_generator_py/hrim_actuator_rotaryservo_srvs/libhrim_actuator_rotaryservo_srvs__python.so[0m
[36.100s] [ 87%] Built target hrim_actuator_rotaryservo_srvs__python
[36.151s] [35m[1mScanning dependencies of target hrim_actuator_rotaryservo_srvs__rosidl_typesupport_c__pyext[0m
[36.188s] [ 89%] [32mBuilding C object CMakeFiles/hrim_actuator_rotaryservo_srvs__rosidl_typesupport_c__pyext.dir/rosidl_generator_py/hrim_actuator_rotaryservo_srvs/_hrim_actuator_rotaryservo_srvs_s.ep.rosidl_typesupport_c.c.o[0m
[36.395s] [ 91%] [32m[1mLinking C shared library rosidl_generator_py/hrim_actuator_rotaryservo_srvs/hrim_actuator_rotaryservo_srvs_s__rosidl_typesupport_c.cpython-38-x86_64-linux-gnu.so[0m
[36.461s] [ 91%] Built target hrim_actuator_rotaryservo_srvs__rosidl_typesupport_c__pyext
[36.492s] [35m[1mScanning dependencies of target hrim_actuator_rotaryservo_srvs__rosidl_typesupport_fastrtps_c__pyext[0m
[36.554s] [ 93%] [32mBuilding C object CMakeFiles/hrim_actuator_rotaryservo_srvs__rosidl_typesupport_fastrtps_c__pyext.dir/rosidl_generator_py/hrim_actuator_rotaryservo_srvs/_hrim_actuator_rotaryservo_srvs_s.ep.rosidl_typesupport_fastrtps_c.c.o[0m
[36.763s] [ 95%] [32m[1mLinking CXX shared library rosidl_generator_py/hrim_actuator_rotaryservo_srvs/hrim_actuator_rotaryservo_srvs_s__rosidl_typesupport_fastrtps_c.cpython-38-x86_64-linux-gnu.so[0m
[36.886s] [ 95%] Built target hrim_actuator_rotaryservo_srvs__rosidl_typesupport_fastrtps_c__pyext
[36.947s] [35m[1mScanning dependencies of target hrim_actuator_rotaryservo_srvs__rosidl_typesupport_introspection_c__pyext[0m
[36.985s] [ 97%] [32mBuilding C object CMakeFiles/hrim_actuator_rotaryservo_srvs__rosidl_typesupport_introspection_c__pyext.dir/rosidl_generator_py/hrim_actuator_rotaryservo_srvs/_hrim_actuator_rotaryservo_srvs_s.ep.rosidl_typesupport_introspection_c.c.o[0m
[37.170s] [100%] [32m[1mLinking C shared library rosidl_generator_py/hrim_actuator_rotaryservo_srvs/hrim_actuator_rotaryservo_srvs_s__rosidl_typesupport_introspection_c.cpython-38-x86_64-linux-gnu.so[0m
[37.239s] [100%] Built target hrim_actuator_rotaryservo_srvs__rosidl_typesupport_introspection_c__pyext
[37.260s] Invoked command in '/home/user/ros2_ws/build/hrim_actuator_rotaryservo_srvs' returned '0': CMAKE_PREFIX_PATH=/opt/ros/foxy:${CMAKE_PREFIX_PATH} _=/usr/bin/env /usr/bin/cmake --build /home/user/ros2_ws/build/hrim_actuator_rotaryservo_srvs -- -j16 -l16
[37.717s] Invoking command in '/home/user/ros2_ws/build/hrim_actuator_rotaryservo_srvs': CMAKE_PREFIX_PATH=/opt/ros/foxy:${CMAKE_PREFIX_PATH} _=/usr/bin/env /usr/bin/cmake --install /home/user/ros2_ws/build/hrim_actuator_rotaryservo_srvs
[37.737s] -- Install configuration: ""
[37.737s] -- Installing: /home/user/ros2_ws/install/hrim_actuator_rotaryservo_srvs/share/ament_index/resource_index/rosidl_interfaces/hrim_actuator_rotaryservo_srvs
[37.737s] -- Installing: /home/user/ros2_ws/install/hrim_actuator_rotaryservo_srvs/include/hrim_actuator_rotaryservo_srvs
[37.737s] -- Installing: /home/user/ros2_ws/install/hrim_actuator_rotaryservo_srvs/include/hrim_actuator_rotaryservo_srvs/srv
[37.738s] -- Installing: /home/user/ros2_ws/install/hrim_actuator_rotaryservo_srvs/include/hrim_actuator_rotaryservo_srvs/srv/detail
[37.738s] -- Installing: /home/user/ros2_ws/install/hrim_actuator_rotaryservo_srvs/include/hrim_actuator_rotaryservo_srvs/srv/detail/specs_rotary_servo__functions.c
[37.738s] -- Installing: /home/user/ros2_ws/install/hrim_actuator_rotaryservo_srvs/include/hrim_actuator_rotaryservo_srvs/srv/detail/specs_rotary_servo__type_support.h
[37.738s] -- Installing: /home/user/ros2_ws/install/hrim_actuator_rotaryservo_srvs/include/hrim_actuator_rotaryservo_srvs/srv/detail/stop__functions.c
[37.738s] -- Installing: /home/user/ros2_ws/install/hrim_actuator_rotaryservo_srvs/include/hrim_actuator_rotaryservo_srvs/srv/detail/open_close_brake__struct.h
[37.739s] -- Installing: /home/user/ros2_ws/install/hrim_actuator_rotaryservo_srvs/include/hrim_actuator_rotaryservo_srvs/srv/detail/open_close_brake__type_support.h
[37.739s] -- Installing: /home/user/ros2_ws/install/hrim_actuator_rotaryservo_srvs/include/hrim_actuator_rotaryservo_srvs/srv/detail/stop__struct.h
[37.739s] -- Installing: /home/user/ros2_ws/install/hrim_actuator_rotaryservo_srvs/include/hrim_actuator_rotaryservo_srvs/srv/detail/open_close_brake__functions.c
[37.739s] -- Installing: /home/user/ros2_ws/install/hrim_actuator_rotaryservo_srvs/include/hrim_actuator_rotaryservo_srvs/srv/detail/open_close_brake__functions.h
[37.739s] -- Installing: /home/user/ros2_ws/install/hrim_actuator_rotaryservo_srvs/include/hrim_actuator_rotaryservo_srvs/srv/detail/stop__type_support.h
[37.740s] -- Installing: /home/user/ros2_ws/install/hrim_actuator_rotaryservo_srvs/include/hrim_actuator_rotaryservo_srvs/srv/detail/specs_rotary_servo__functions.h
[37.740s] -- Installing: /home/user/ros2_ws/install/hrim_actuator_rotaryservo_srvs/include/hrim_actuator_rotaryservo_srvs/srv/detail/stop__functions.h
[37.740s] -- Installing: /home/user/ros2_ws/install/hrim_actuator_rotaryservo_srvs/include/hrim_actuator_rotaryservo_srvs/srv/detail/specs_rotary_servo__struct.h
[37.741s] -- Installing: /home/user/ros2_ws/install/hrim_actuator_rotaryservo_srvs/include/hrim_actuator_rotaryservo_srvs/srv/open_close_brake.h
[37.741s] -- Installing: /home/user/ros2_ws/install/hrim_actuator_rotaryservo_srvs/include/hrim_actuator_rotaryservo_srvs/srv/specs_rotary_servo.h
[37.741s] -- Installing: /home/user/ros2_ws/install/hrim_actuator_rotaryservo_srvs/include/hrim_actuator_rotaryservo_srvs/srv/stop.h
[37.741s] -- Installing: /home/user/ros2_ws/install/hrim_actuator_rotaryservo_srvs/include/hrim_actuator_rotaryservo_srvs/msg
[37.741s] -- Installing: /home/user/ros2_ws/install/hrim_actuator_rotaryservo_srvs/include/hrim_actuator_rotaryservo_srvs/msg/rosidl_generator_c__visibility_control.h
[37.741s] -- Installing: /home/user/ros2_ws/install/hrim_actuator_rotaryservo_srvs/share/hrim_actuator_rotaryservo_srvs/environment/library_path.sh
[37.742s] -- Installing: /home/user/ros2_ws/install/hrim_actuator_rotaryservo_srvs/share/hrim_actuator_rotaryservo_srvs/environment/library_path.dsv
[37.742s] -- Installing: /home/user/ros2_ws/install/hrim_actuator_rotaryservo_srvs/lib/libhrim_actuator_rotaryservo_srvs__rosidl_generator_c.so
[37.742s] -- Set runtime path of "/home/user/ros2_ws/install/hrim_actuator_rotaryservo_srvs/lib/libhrim_actuator_rotaryservo_srvs__rosidl_generator_c.so" to ""
[37.742s] -- Up-to-date: /home/user/ros2_ws/install/hrim_actuator_rotaryservo_srvs/include/hrim_actuator_rotaryservo_srvs
[37.743s] -- Up-to-date: /home/user/ros2_ws/install/hrim_actuator_rotaryservo_srvs/include/hrim_actuator_rotaryservo_srvs/srv
[37.743s] -- Up-to-date: /home/user/ros2_ws/install/hrim_actuator_rotaryservo_srvs/include/hrim_actuator_rotaryservo_srvs/srv/detail
[37.743s] -- Installing: /home/user/ros2_ws/install/hrim_actuator_rotaryservo_srvs/include/hrim_actuator_rotaryservo_srvs/srv/detail/stop__rosidl_typesupport_fastrtps_c.h
[37.743s] -- Installing: /home/user/ros2_ws/install/hrim_actuator_rotaryservo_srvs/include/hrim_actuator_rotaryservo_srvs/srv/detail/specs_rotary_servo__rosidl_typesupport_fastrtps_c.h
[37.744s] -- Installing: /home/user/ros2_ws/install/hrim_actuator_rotaryservo_srvs/include/hrim_actuator_rotaryservo_srvs/srv/detail/open_close_brake__rosidl_typesupport_fastrtps_c.h
[37.744s] -- Up-to-date: /home/user/ros2_ws/install/hrim_actuator_rotaryservo_srvs/include/hrim_actuator_rotaryservo_srvs/msg
[37.744s] -- Installing: /home/user/ros2_ws/install/hrim_actuator_rotaryservo_srvs/include/hrim_actuator_rotaryservo_srvs/msg/rosidl_typesupport_fastrtps_c__visibility_control.h
[37.744s] -- Installing: /home/user/ros2_ws/install/hrim_actuator_rotaryservo_srvs/lib/libhrim_actuator_rotaryservo_srvs__rosidl_typesupport_fastrtps_c.so
[37.744s] -- Set runtime path of "/home/user/ros2_ws/install/hrim_actuator_rotaryservo_srvs/lib/libhrim_actuator_rotaryservo_srvs__rosidl_typesupport_fastrtps_c.so" to ""
[37.745s] -- Up-to-date: /home/user/ros2_ws/install/hrim_actuator_rotaryservo_srvs/include/hrim_actuator_rotaryservo_srvs
[37.745s] -- Up-to-date: /home/user/ros2_ws/install/hrim_actuator_rotaryservo_srvs/include/hrim_actuator_rotaryservo_srvs/srv
[37.745s] -- Up-to-date: /home/user/ros2_ws/install/hrim_actuator_rotaryservo_srvs/include/hrim_actuator_rotaryservo_srvs/srv/detail
[37.745s] -- Installing: /home/user/ros2_ws/install/hrim_actuator_rotaryservo_srvs/include/hrim_actuator_rotaryservo_srvs/srv/detail/specs_rotary_servo__rosidl_typesupport_fastrtps_cpp.hpp
[37.745s] -- Installing: /home/user/ros2_ws/install/hrim_actuator_rotaryservo_srvs/include/hrim_actuator_rotaryservo_srvs/srv/detail/dds_fastrtps
[37.746s] -- Installing: /home/user/ros2_ws/install/hrim_actuator_rotaryservo_srvs/include/hrim_actuator_rotaryservo_srvs/srv/detail/stop__rosidl_typesupport_fastrtps_cpp.hpp
[37.746s] -- Installing: /home/user/ros2_ws/install/hrim_actuator_rotaryservo_srvs/include/hrim_actuator_rotaryservo_srvs/srv/detail/open_close_brake__rosidl_typesupport_fastrtps_cpp.hpp
[37.746s] -- Up-to-date: /home/user/ros2_ws/install/hrim_actuator_rotaryservo_srvs/include/hrim_actuator_rotaryservo_srvs/msg
[37.746s] -- Installing: /home/user/ros2_ws/install/hrim_actuator_rotaryservo_srvs/include/hrim_actuator_rotaryservo_srvs/msg/rosidl_typesupport_fastrtps_cpp__visibility_control.h
[37.746s] -- Installing: /home/user/ros2_ws/install/hrim_actuator_rotaryservo_srvs/lib/libhrim_actuator_rotaryservo_srvs__rosidl_typesupport_fastrtps_cpp.so
[37.746s] -- Set runtime path of "/home/user/ros2_ws/install/hrim_actuator_rotaryservo_srvs/lib/libhrim_actuator_rotaryservo_srvs__rosidl_typesupport_fastrtps_cpp.so" to ""
[37.747s] -- Up-to-date: /home/user/ros2_ws/install/hrim_actuator_rotaryservo_srvs/include/hrim_actuator_rotaryservo_srvs
[37.747s] -- Up-to-date: /home/user/ros2_ws/install/hrim_actuator_rotaryservo_srvs/include/hrim_actuator_rotaryservo_srvs/srv
[37.748s] -- Up-to-date: /home/user/ros2_ws/install/hrim_actuator_rotaryservo_srvs/include/hrim_actuator_rotaryservo_srvs/srv/detail
[37.748s] -- Installing: /home/user/ros2_ws/install/hrim_actuator_rotaryservo_srvs/include/hrim_actuator_rotaryservo_srvs/srv/detail/specs_rotary_servo__rosidl_typesupport_introspection_c.h
[37.748s] -- Installing: /home/user/ros2_ws/install/hrim_actuator_rotaryservo_srvs/include/hrim_actuator_rotaryservo_srvs/srv/detail/specs_rotary_servo__type_support.c
[37.748s] -- Installing: /home/user/ros2_ws/install/hrim_actuator_rotaryservo_srvs/include/hrim_actuator_rotaryservo_srvs/srv/detail/open_close_brake__type_support.c
[37.748s] -- Installing: /home/user/ros2_ws/install/hrim_actuator_rotaryservo_srvs/include/hrim_actuator_rotaryservo_srvs/srv/detail/stop__rosidl_typesupport_introspection_c.h
[37.749s] -- Installing: /home/user/ros2_ws/install/hrim_actuator_rotaryservo_srvs/include/hrim_actuator_rotaryservo_srvs/srv/detail/stop__type_support.c
[37.749s] -- Installing: /home/user/ros2_ws/install/hrim_actuator_rotaryservo_srvs/include/hrim_actuator_rotaryservo_srvs/srv/detail/open_close_brake__rosidl_typesupport_introspection_c.h
[37.749s] -- Up-to-date: /home/user/ros2_ws/install/hrim_actuator_rotaryservo_srvs/include/hrim_actuator_rotaryservo_srvs/msg
[37.750s] -- Installing: /home/user/ros2_ws/install/hrim_actuator_rotaryservo_srvs/include/hrim_actuator_rotaryservo_srvs/msg/rosidl_typesupport_introspection_c__visibility_control.h
[37.750s] -- Installing: /home/user/ros2_ws/install/hrim_actuator_rotaryservo_srvs/lib/libhrim_actuator_rotaryservo_srvs__rosidl_typesupport_introspection_c.so
[37.750s] -- Set runtime path of "/home/user/ros2_ws/install/hrim_actuator_rotaryservo_srvs/lib/libhrim_actuator_rotaryservo_srvs__rosidl_typesupport_introspection_c.so" to ""
[37.751s] -- Installing: /home/user/ros2_ws/install/hrim_actuator_rotaryservo_srvs/lib/libhrim_actuator_rotaryservo_srvs__rosidl_typesupport_c.so
[37.751s] -- Set runtime path of "/home/user/ros2_ws/install/hrim_actuator_rotaryservo_srvs/lib/libhrim_actuator_rotaryservo_srvs__rosidl_typesupport_c.so" to ""
[37.751s] -- Up-to-date: /home/user/ros2_ws/install/hrim_actuator_rotaryservo_srvs/include/hrim_actuator_rotaryservo_srvs
[37.752s] -- Up-to-date: /home/user/ros2_ws/install/hrim_actuator_rotaryservo_srvs/include/hrim_actuator_rotaryservo_srvs/srv
[37.752s] -- Up-to-date: /home/user/ros2_ws/install/hrim_actuator_rotaryservo_srvs/include/hrim_actuator_rotaryservo_srvs/srv/detail
[37.753s] -- Installing: /home/user/ros2_ws/install/hrim_actuator_rotaryservo_srvs/include/hrim_actuator_rotaryservo_srvs/srv/detail/specs_rotary_servo__struct.hpp
[37.753s] -- Installing: /home/user/ros2_ws/install/hrim_actuator_rotaryservo_srvs/include/hrim_actuator_rotaryservo_srvs/srv/detail/stop__traits.hpp
[37.753s] -- Installing: /home/user/ros2_ws/install/hrim_actuator_rotaryservo_srvs/include/hrim_actuator_rotaryservo_srvs/srv/detail/specs_rotary_servo__traits.hpp
[37.753s] -- Installing: /home/user/ros2_ws/install/hrim_actuator_rotaryservo_srvs/include/hrim_actuator_rotaryservo_srvs/srv/detail/open_close_brake__traits.hpp
[37.754s] -- Installing: /home/user/ros2_ws/install/hrim_actuator_rotaryservo_srvs/include/hrim_actuator_rotaryservo_srvs/srv/detail/open_close_brake__struct.hpp
[37.754s] -- Installing: /home/user/ros2_ws/install/hrim_actuator_rotaryservo_srvs/include/hrim_actuator_rotaryservo_srvs/srv/detail/specs_rotary_servo__builder.hpp
[37.754s] -- Installing: /home/user/ros2_ws/install/hrim_actuator_rotaryservo_srvs/include/hrim_actuator_rotaryservo_srvs/srv/detail/stop__struct.hpp
[37.755s] -- Installing: /home/user/ros2_ws/install/hrim_actuator_rotaryservo_srvs/include/hrim_actuator_rotaryservo_srvs/srv/detail/open_close_brake__builder.hpp
[37.755s] -- Installing: /home/user/ros2_ws/install/hrim_actuator_rotaryservo_srvs/include/hrim_actuator_rotaryservo_srvs/srv/detail/stop__builder.hpp
[37.755s] -- Installing: /home/user/ros2_ws/install/hrim_actuator_rotaryservo_srvs/include/hrim_actuator_rotaryservo_srvs/srv/open_close_brake.hpp
[37.755s] -- Installing: /home/user/ros2_ws/install/hrim_actuator_rotaryservo_srvs/include/hrim_actuator_rotaryservo_srvs/srv/specs_rotary_servo.hpp
[37.755s] -- Installing: /home/user/ros2_ws/install/hrim_actuator_rotaryservo_srvs/include/hrim_actuator_rotaryservo_srvs/srv/stop.hpp
[37.756s] -- Up-to-date: /home/user/ros2_ws/install/hrim_actuator_rotaryservo_srvs/include/hrim_actuator_rotaryservo_srvs
[37.756s] -- Up-to-date: /home/user/ros2_ws/install/hrim_actuator_rotaryservo_srvs/include/hrim_actuator_rotaryservo_srvs/srv
[37.756s] -- Up-to-date: /home/user/ros2_ws/install/hrim_actuator_rotaryservo_srvs/include/hrim_actuator_rotaryservo_srvs/srv/detail
[37.756s] -- Installing: /home/user/ros2_ws/install/hrim_actuator_rotaryservo_srvs/include/hrim_actuator_rotaryservo_srvs/srv/detail/stop__rosidl_typesupport_introspection_cpp.hpp
[37.756s] -- Installing: /home/user/ros2_ws/install/hrim_actuator_rotaryservo_srvs/include/hrim_actuator_rotaryservo_srvs/srv/detail/specs_rotary_servo__rosidl_typesupport_introspection_cpp.hpp
[37.757s] -- Installing: /home/user/ros2_ws/install/hrim_actuator_rotaryservo_srvs/include/hrim_actuator_rotaryservo_srvs/srv/detail/specs_rotary_servo__type_support.cpp
[37.757s] -- Installing: /home/user/ros2_ws/install/hrim_actuator_rotaryservo_srvs/include/hrim_actuator_rotaryservo_srvs/srv/detail/stop__type_support.cpp
[37.757s] -- Installing: /home/user/ros2_ws/install/hrim_actuator_rotaryservo_srvs/include/hrim_actuator_rotaryservo_srvs/srv/detail/open_close_brake__rosidl_typesupport_introspection_cpp.hpp
[37.758s] -- Installing: /home/user/ros2_ws/install/hrim_actuator_rotaryservo_srvs/include/hrim_actuator_rotaryservo_srvs/srv/detail/open_close_brake__type_support.cpp
[37.758s] -- Installing: /home/user/ros2_ws/install/hrim_actuator_rotaryservo_srvs/lib/libhrim_actuator_rotaryservo_srvs__rosidl_typesupport_introspection_cpp.so
[37.758s] -- Set runtime path of "/home/user/ros2_ws/install/hrim_actuator_rotaryservo_srvs/lib/libhrim_actuator_rotaryservo_srvs__rosidl_typesupport_introspection_cpp.so" to ""
[37.758s] -- Installing: /home/user/ros2_ws/install/hrim_actuator_rotaryservo_srvs/lib/libhrim_actuator_rotaryservo_srvs__rosidl_typesupport_cpp.so
[37.759s] -- Set runtime path of "/home/user/ros2_ws/install/hrim_actuator_rotaryservo_srvs/lib/libhrim_actuator_rotaryservo_srvs__rosidl_typesupport_cpp.so" to ""
[37.759s] -- Installing: /home/user/ros2_ws/install/hrim_actuator_rotaryservo_srvs/share/hrim_actuator_rotaryservo_srvs/environment/pythonpath.sh
[37.759s] -- Installing: /home/user/ros2_ws/install/hrim_actuator_rotaryservo_srvs/share/hrim_actuator_rotaryservo_srvs/environment/pythonpath.dsv
[37.759s] -- Installing: /home/user/ros2_ws/install/hrim_actuator_rotaryservo_srvs/lib/python3.8/site-packages/hrim_actuator_rotaryservo_srvs/__init__.py
[37.805s] Compiling '/home/user/ros2_ws/install/hrim_actuator_rotaryservo_srvs/lib/python3.8/site-packages/hrim_actuator_rotaryservo_srvs/__init__.py'...
[37.811s] -- Installing: /home/user/ros2_ws/install/hrim_actuator_rotaryservo_srvs/lib/python3.8/site-packages/hrim_actuator_rotaryservo_srvs/srv
[37.812s] -- Installing: /home/user/ros2_ws/install/hrim_actuator_rotaryservo_srvs/lib/python3.8/site-packages/hrim_actuator_rotaryservo_srvs/srv/_specs_rotary_servo_s.c
[37.812s] -- Installing: /home/user/ros2_ws/install/hrim_actuator_rotaryservo_srvs/lib/python3.8/site-packages/hrim_actuator_rotaryservo_srvs/srv/_open_close_brake_s.c
[37.812s] -- Installing: /home/user/ros2_ws/install/hrim_actuator_rotaryservo_srvs/lib/python3.8/site-packages/hrim_actuator_rotaryservo_srvs/srv/__init__.py
[37.812s] -- Installing: /home/user/ros2_ws/install/hrim_actuator_rotaryservo_srvs/lib/python3.8/site-packages/hrim_actuator_rotaryservo_srvs/srv/_specs_rotary_servo.py
[37.813s] -- Installing: /home/user/ros2_ws/install/hrim_actuator_rotaryservo_srvs/lib/python3.8/site-packages/hrim_actuator_rotaryservo_srvs/srv/_stop_s.c
[37.813s] -- Installing: /home/user/ros2_ws/install/hrim_actuator_rotaryservo_srvs/lib/python3.8/site-packages/hrim_actuator_rotaryservo_srvs/srv/_stop.py
[37.814s] -- Installing: /home/user/ros2_ws/install/hrim_actuator_rotaryservo_srvs/lib/python3.8/site-packages/hrim_actuator_rotaryservo_srvs/srv/_open_close_brake.py
[37.814s] -- Installing: /home/user/ros2_ws/install/hrim_actuator_rotaryservo_srvs/lib/python3.8/site-packages/hrim_actuator_rotaryservo_srvs/hrim_actuator_rotaryservo_srvs_s__rosidl_typesupport_fastrtps_c.cpython-38-x86_64-linux-gnu.so
[37.814s] -- Set runtime path of "/home/user/ros2_ws/install/hrim_actuator_rotaryservo_srvs/lib/python3.8/site-packages/hrim_actuator_rotaryservo_srvs/hrim_actuator_rotaryservo_srvs_s__rosidl_typesupport_fastrtps_c.cpython-38-x86_64-linux-gnu.so" to ""
[37.815s] -- Installing: /home/user/ros2_ws/install/hrim_actuator_rotaryservo_srvs/lib/python3.8/site-packages/hrim_actuator_rotaryservo_srvs/hrim_actuator_rotaryservo_srvs_s__rosidl_typesupport_introspection_c.cpython-38-x86_64-linux-gnu.so
[37.816s] -- Set runtime path of "/home/user/ros2_ws/install/hrim_actuator_rotaryservo_srvs/lib/python3.8/site-packages/hrim_actuator_rotaryservo_srvs/hrim_actuator_rotaryservo_srvs_s__rosidl_typesupport_introspection_c.cpython-38-x86_64-linux-gnu.so" to ""
[37.816s] -- Installing: /home/user/ros2_ws/install/hrim_actuator_rotaryservo_srvs/lib/python3.8/site-packages/hrim_actuator_rotaryservo_srvs/hrim_actuator_rotaryservo_srvs_s__rosidl_typesupport_c.cpython-38-x86_64-linux-gnu.so
[37.817s] -- Set runtime path of "/home/user/ros2_ws/install/hrim_actuator_rotaryservo_srvs/lib/python3.8/site-packages/hrim_actuator_rotaryservo_srvs/hrim_actuator_rotaryservo_srvs_s__rosidl_typesupport_c.cpython-38-x86_64-linux-gnu.so" to ""
[37.817s] -- Installing: /home/user/ros2_ws/install/hrim_actuator_rotaryservo_srvs/lib/libhrim_actuator_rotaryservo_srvs__python.so
[37.818s] -- Set runtime path of "/home/user/ros2_ws/install/hrim_actuator_rotaryservo_srvs/lib/libhrim_actuator_rotaryservo_srvs__python.so" to ""
[37.818s] -- Installing: /home/user/ros2_ws/install/hrim_actuator_rotaryservo_srvs/share/hrim_actuator_rotaryservo_srvs/srv/OpenCloseBrake.idl
[37.818s] -- Installing: /home/user/ros2_ws/install/hrim_actuator_rotaryservo_srvs/share/hrim_actuator_rotaryservo_srvs/srv/SpecsRotaryServo.idl
[37.819s] -- Installing: /home/user/ros2_ws/install/hrim_actuator_rotaryservo_srvs/share/hrim_actuator_rotaryservo_srvs/srv/Stop.idl
[37.819s] -- Installing: /home/user/ros2_ws/install/hrim_actuator_rotaryservo_srvs/share/hrim_actuator_rotaryservo_srvs/srv/OpenCloseBrake.srv
[37.819s] -- Installing: /home/user/ros2_ws/install/hrim_actuator_rotaryservo_srvs/share/hrim_actuator_rotaryservo_srvs/srv/OpenCloseBrake_Request.msg
[37.820s] -- Installing: /home/user/ros2_ws/install/hrim_actuator_rotaryservo_srvs/share/hrim_actuator_rotaryservo_srvs/srv/OpenCloseBrake_Response.msg
[37.820s] -- Installing: /home/user/ros2_ws/install/hrim_actuator_rotaryservo_srvs/share/hrim_actuator_rotaryservo_srvs/srv/SpecsRotaryServo.srv
[37.820s] -- Installing: /home/user/ros2_ws/install/hrim_actuator_rotaryservo_srvs/share/hrim_actuator_rotaryservo_srvs/srv/SpecsRotaryServo_Request.msg
[37.820s] -- Installing: /home/user/ros2_ws/install/hrim_actuator_rotaryservo_srvs/share/hrim_actuator_rotaryservo_srvs/srv/SpecsRotaryServo_Response.msg
[37.821s] -- Installing: /home/user/ros2_ws/install/hrim_actuator_rotaryservo_srvs/share/hrim_actuator_rotaryservo_srvs/srv/Stop.srv
[37.821s] -- Installing: /home/user/ros2_ws/install/hrim_actuator_rotaryservo_srvs/share/hrim_actuator_rotaryservo_srvs/srv/Stop_Request.msg
[37.822s] -- Installing: /home/user/ros2_ws/install/hrim_actuator_rotaryservo_srvs/share/hrim_actuator_rotaryservo_srvs/srv/Stop_Response.msg
[37.822s] -- Installing: /home/user/ros2_ws/install/hrim_actuator_rotaryservo_srvs/share/ament_index/resource_index/package_run_dependencies/hrim_actuator_rotaryservo_srvs
[37.822s] -- Installing: /home/user/ros2_ws/install/hrim_actuator_rotaryservo_srvs/share/ament_index/resource_index/parent_prefix_path/hrim_actuator_rotaryservo_srvs
[37.822s] -- Installing: /home/user/ros2_ws/install/hrim_actuator_rotaryservo_srvs/share/hrim_actuator_rotaryservo_srvs/environment/ament_prefix_path.sh
[37.823s] -- Installing: /home/user/ros2_ws/install/hrim_actuator_rotaryservo_srvs/share/hrim_actuator_rotaryservo_srvs/environment/ament_prefix_path.dsv
[37.823s] -- Installing: /home/user/ros2_ws/install/hrim_actuator_rotaryservo_srvs/share/hrim_actuator_rotaryservo_srvs/environment/path.sh
[37.823s] -- Installing: /home/user/ros2_ws/install/hrim_actuator_rotaryservo_srvs/share/hrim_actuator_rotaryservo_srvs/environment/path.dsv
[37.823s] -- Installing: /home/user/ros2_ws/install/hrim_actuator_rotaryservo_srvs/share/hrim_actuator_rotaryservo_srvs/local_setup.bash
[37.824s] -- Installing: /home/user/ros2_ws/install/hrim_actuator_rotaryservo_srvs/share/hrim_actuator_rotaryservo_srvs/local_setup.sh
[37.824s] -- Installing: /home/user/ros2_ws/install/hrim_actuator_rotaryservo_srvs/share/hrim_actuator_rotaryservo_srvs/local_setup.zsh
[37.824s] -- Installing: /home/user/ros2_ws/install/hrim_actuator_rotaryservo_srvs/share/hrim_actuator_rotaryservo_srvs/local_setup.dsv
[37.825s] -- Installing: /home/user/ros2_ws/install/hrim_actuator_rotaryservo_srvs/share/hrim_actuator_rotaryservo_srvs/package.dsv
[37.826s] -- Installing: /home/user/ros2_ws/install/hrim_actuator_rotaryservo_srvs/share/ament_index/resource_index/packages/hrim_actuator_rotaryservo_srvs
[37.827s] -- Installing: /home/user/ros2_ws/install/hrim_actuator_rotaryservo_srvs/share/hrim_actuator_rotaryservo_srvs/cmake/hrim_actuator_rotaryservo_srvs__rosidl_generator_cExport.cmake
[37.827s] -- Installing: /home/user/ros2_ws/install/hrim_actuator_rotaryservo_srvs/share/hrim_actuator_rotaryservo_srvs/cmake/hrim_actuator_rotaryservo_srvs__rosidl_generator_cExport-noconfig.cmake
[37.827s] -- Installing: /home/user/ros2_ws/install/hrim_actuator_rotaryservo_srvs/share/hrim_actuator_rotaryservo_srvs/cmake/hrim_actuator_rotaryservo_srvs__rosidl_typesupport_introspection_cExport.cmake
[37.829s] -- Installing: /home/user/ros2_ws/install/hrim_actuator_rotaryservo_srvs/share/hrim_actuator_rotaryservo_srvs/cmake/hrim_actuator_rotaryservo_srvs__rosidl_typesupport_introspection_cExport-noconfig.cmake
[37.830s] -- Installing: /home/user/ros2_ws/install/hrim_actuator_rotaryservo_srvs/share/hrim_actuator_rotaryservo_srvs/cmake/hrim_actuator_rotaryservo_srvs__rosidl_typesupport_cExport.cmake
[37.830s] -- Installing: /home/user/ros2_ws/install/hrim_actuator_rotaryservo_srvs/share/hrim_actuator_rotaryservo_srvs/cmake/hrim_actuator_rotaryservo_srvs__rosidl_typesupport_cExport-noconfig.cmake
[37.830s] -- Installing: /home/user/ros2_ws/install/hrim_actuator_rotaryservo_srvs/share/hrim_actuator_rotaryservo_srvs/cmake/hrim_actuator_rotaryservo_srvs__rosidl_generator_cppExport.cmake
[37.830s] -- Installing: /home/user/ros2_ws/install/hrim_actuator_rotaryservo_srvs/share/hrim_actuator_rotaryservo_srvs/cmake/hrim_actuator_rotaryservo_srvs__rosidl_typesupport_introspection_cppExport.cmake
[37.830s] -- Installing: /home/user/ros2_ws/install/hrim_actuator_rotaryservo_srvs/share/hrim_actuator_rotaryservo_srvs/cmake/hrim_actuator_rotaryservo_srvs__rosidl_typesupport_introspection_cppExport-noconfig.cmake
[37.831s] -- Installing: /home/user/ros2_ws/install/hrim_actuator_rotaryservo_srvs/share/hrim_actuator_rotaryservo_srvs/cmake/hrim_actuator_rotaryservo_srvs__rosidl_typesupport_cppExport.cmake
[37.834s] -- Installing: /home/user/ros2_ws/install/hrim_actuator_rotaryservo_srvs/share/hrim_actuator_rotaryservo_srvs/cmake/hrim_actuator_rotaryservo_srvs__rosidl_typesupport_cppExport-noconfig.cmake
[37.835s] -- Installing: /home/user/ros2_ws/install/hrim_actuator_rotaryservo_srvs/share/hrim_actuator_rotaryservo_srvs/cmake/rosidl_cmake-extras.cmake
[37.835s] -- Installing: /home/user/ros2_ws/install/hrim_actuator_rotaryservo_srvs/share/hrim_actuator_rotaryservo_srvs/cmake/ament_cmake_export_dependencies-extras.cmake
[37.835s] -- Installing: /home/user/ros2_ws/install/hrim_actuator_rotaryservo_srvs/share/hrim_actuator_rotaryservo_srvs/cmake/ament_cmake_export_libraries-extras.cmake
[37.836s] -- Installing: /home/user/ros2_ws/install/hrim_actuator_rotaryservo_srvs/share/hrim_actuator_rotaryservo_srvs/cmake/ament_cmake_export_targets-extras.cmake
[37.836s] -- Installing: /home/user/ros2_ws/install/hrim_actuator_rotaryservo_srvs/share/hrim_actuator_rotaryservo_srvs/cmake/ament_cmake_export_include_directories-extras.cmake
[37.836s] -- Installing: /home/user/ros2_ws/install/hrim_actuator_rotaryservo_srvs/share/hrim_actuator_rotaryservo_srvs/cmake/rosidl_cmake_export_typesupport_libraries-extras.cmake
[37.836s] -- Installing: /home/user/ros2_ws/install/hrim_actuator_rotaryservo_srvs/share/hrim_actuator_rotaryservo_srvs/cmake/rosidl_cmake_export_typesupport_targets-extras.cmake
[37.837s] -- Installing: /home/user/ros2_ws/install/hrim_actuator_rotaryservo_srvs/share/hrim_actuator_rotaryservo_srvs/cmake/hrim_actuator_rotaryservo_srvsConfig.cmake
[37.839s] -- Installing: /home/user/ros2_ws/install/hrim_actuator_rotaryservo_srvs/share/hrim_actuator_rotaryservo_srvs/cmake/hrim_actuator_rotaryservo_srvsConfig-version.cmake
[37.840s] -- Installing: /home/user/ros2_ws/install/hrim_actuator_rotaryservo_srvs/share/hrim_actuator_rotaryservo_srvs/package.xml
[37.844s] Invoked command in '/home/user/ros2_ws/build/hrim_actuator_rotaryservo_srvs' returned '0': CMAKE_PREFIX_PATH=/opt/ros/foxy:${CMAKE_PREFIX_PATH} _=/usr/bin/env /usr/bin/cmake --install /home/user/ros2_ws/build/hrim_actuator_rotaryservo_srvs
