[0.217s] Invoking command in '/home/user/ros2_ws/build/hrim_actuator_gripper_msgs': CMAKE_PREFIX_PATH=${CMAKE_PREFIX_PATH}:/opt/ros/foxy _=/usr/bin/env /usr/bin/cmake --build /home/user/ros2_ws/build/hrim_actuator_gripper_msgs -- -j8 -l8
[0.732s] [  1%] Built target hrim_actuator_gripper_msgs__cpp
[0.966s] [  3%] [32mBuilding C object CMakeFiles/hrim_actuator_gripper_msgs__rosidl_generator_c.dir/rosidl_generator_c/hrim_actuator_gripper_msgs/msg/detail/goal_tactile_pressure__functions.c.o[0m
[1.264s] [  4%] [32mBuilding C object CMakeFiles/hrim_actuator_gripper_msgs__rosidl_generator_c.dir/rosidl_generator_c/hrim_actuator_gripper_msgs/msg/detail/state_finger_gripper__functions.c.o[0m
[1.576s] [  6%] [32mBuilding C object CMakeFiles/hrim_actuator_gripper_msgs__rosidl_generator_c.dir/rosidl_generator_c/hrim_actuator_gripper_msgs/msg/detail/reconfiguration__functions.c.o[0m
[2.055s] [  7%] [32m[1mLinking C shared library libhrim_actuator_gripper_msgs__rosidl_generator_c.so[0m
[2.577s] [ 12%] Built target hrim_actuator_gripper_msgs__rosidl_generator_c
[2.757s] [ 14%] [34m[1mGenerating C++ type support dispatch for ROS interfaces[0m
[5.891s] [35m[1mScanning dependencies of target hrim_actuator_gripper_msgs__rosidl_typesupport_cpp[0m
[6.043s] [ 15%] [32mBuilding CXX object CMakeFiles/hrim_actuator_gripper_msgs__rosidl_typesupport_cpp.dir/rosidl_typesupport_cpp/hrim_actuator_gripper_msgs/msg/cycle_time__type_support.cpp.o[0m
[8.441s] [ 17%] [32mBuilding CXX object CMakeFiles/hrim_actuator_gripper_msgs__rosidl_typesupport_cpp.dir/rosidl_typesupport_cpp/hrim_actuator_gripper_msgs/msg/state_finger_gripper__type_support.cpp.o[0m
[10.977s] [ 19%] [32mBuilding CXX object CMakeFiles/hrim_actuator_gripper_msgs__rosidl_typesupport_cpp.dir/rosidl_typesupport_cpp/hrim_actuator_gripper_msgs/msg/state_gripper__type_support.cpp.o[0m
[14.162s] [ 20%] [32mBuilding CXX object CMakeFiles/hrim_actuator_gripper_msgs__rosidl_typesupport_cpp.dir/rosidl_typesupport_cpp/hrim_actuator_gripper_msgs/msg/reconfiguration__type_support.cpp.o[0m
[17.640s] [ 22%] [32mBuilding CXX object CMakeFiles/hrim_actuator_gripper_msgs__rosidl_typesupport_cpp.dir/rosidl_typesupport_cpp/hrim_actuator_gripper_msgs/msg/goal_tactile_pressure__type_support.cpp.o[0m
[20.731s] [ 23%] [32m[1mLinking CXX shared library libhrim_actuator_gripper_msgs__rosidl_typesupport_cpp.so[0m
[21.139s] [ 23%] Built target hrim_actuator_gripper_msgs__rosidl_typesupport_cpp
[21.343s] [ 25%] [34m[1mGenerating C introspection for ROS interfaces[0m
[25.531s] [35m[1mScanning dependencies of target hrim_actuator_gripper_msgs__rosidl_typesupport_introspection_c[0m
[25.768s] [ 26%] [32mBuilding C object CMakeFiles/hrim_actuator_gripper_msgs__rosidl_typesupport_introspection_c.dir/rosidl_typesupport_introspection_c/hrim_actuator_gripper_msgs/msg/detail/cycle_time__type_support.c.o[0m
[26.239s] [ 28%] [32mBuilding C object CMakeFiles/hrim_actuator_gripper_msgs__rosidl_typesupport_introspection_c.dir/rosidl_typesupport_introspection_c/hrim_actuator_gripper_msgs/msg/detail/state_gripper__type_support.c.o[0m
[26.678s] [ 30%] [32mBuilding C object CMakeFiles/hrim_actuator_gripper_msgs__rosidl_typesupport_introspection_c.dir/rosidl_typesupport_introspection_c/hrim_actuator_gripper_msgs/msg/detail/state_finger_gripper__type_support.c.o[0m
[27.048s] [ 31%] [32mBuilding C object CMakeFiles/hrim_actuator_gripper_msgs__rosidl_typesupport_introspection_c.dir/rosidl_typesupport_introspection_c/hrim_actuator_gripper_msgs/msg/detail/reconfiguration__type_support.c.o[0m
[27.179s] [ 33%] [32mBuilding C object CMakeFiles/hrim_actuator_gripper_msgs__rosidl_typesupport_introspection_c.dir/rosidl_typesupport_introspection_c/hrim_actuator_gripper_msgs/msg/detail/goal_tactile_pressure__type_support.c.o[0m
[27.357s] [ 34%] [32m[1mLinking C shared library libhrim_actuator_gripper_msgs__rosidl_typesupport_introspection_c.so[0m
[27.676s] [ 34%] Built target hrim_actuator_gripper_msgs__rosidl_typesupport_introspection_c
[27.773s] [ 36%] [34m[1mGenerating C type support dispatch for ROS interfaces[0m
[31.484s] [35m[1mScanning dependencies of target hrim_actuator_gripper_msgs__rosidl_typesupport_c[0m
[31.731s] [ 38%] [32mBuilding CXX object CMakeFiles/hrim_actuator_gripper_msgs__rosidl_typesupport_c.dir/rosidl_typesupport_c/hrim_actuator_gripper_msgs/msg/cycle_time__type_support.cpp.o[0m
[32.138s] [ 39%] [32mBuilding CXX object CMakeFiles/hrim_actuator_gripper_msgs__rosidl_typesupport_c.dir/rosidl_typesupport_c/hrim_actuator_gripper_msgs/msg/state_gripper__type_support.cpp.o[0m
[32.662s] [ 41%] [32mBuilding CXX object CMakeFiles/hrim_actuator_gripper_msgs__rosidl_typesupport_c.dir/rosidl_typesupport_c/hrim_actuator_gripper_msgs/msg/state_finger_gripper__type_support.cpp.o[0m
[32.921s] [ 42%] [32mBuilding CXX object CMakeFiles/hrim_actuator_gripper_msgs__rosidl_typesupport_c.dir/rosidl_typesupport_c/hrim_actuator_gripper_msgs/msg/reconfiguration__type_support.cpp.o[0m
[33.175s] [ 44%] [32mBuilding CXX object CMakeFiles/hrim_actuator_gripper_msgs__rosidl_typesupport_c.dir/rosidl_typesupport_c/hrim_actuator_gripper_msgs/msg/goal_tactile_pressure__type_support.cpp.o[0m
[33.567s] [ 46%] [32m[1mLinking CXX shared library libhrim_actuator_gripper_msgs__rosidl_typesupport_c.so[0m
[33.862s] [ 46%] Built target hrim_actuator_gripper_msgs__rosidl_typesupport_c
[33.938s] [ 47%] [34m[1mGenerating C++ type support for eProsima Fast-RTPS[0m
[40.266s] [35m[1mScanning dependencies of target hrim_actuator_gripper_msgs__rosidl_typesupport_fastrtps_cpp[0m
[40.632s] [ 49%] [32mBuilding CXX object CMakeFiles/hrim_actuator_gripper_msgs__rosidl_typesupport_fastrtps_cpp.dir/rosidl_typesupport_fastrtps_cpp/hrim_actuator_gripper_msgs/msg/detail/dds_fastrtps/cycle_time__type_support.cpp.o[0m
[44.361s] [ 50%] [32mBuilding CXX object CMakeFiles/hrim_actuator_gripper_msgs__rosidl_typesupport_fastrtps_cpp.dir/rosidl_typesupport_fastrtps_cpp/hrim_actuator_gripper_msgs/msg/detail/dds_fastrtps/state_gripper__type_support.cpp.o[0m
[47.957s] [ 52%] [32mBuilding CXX object CMakeFiles/hrim_actuator_gripper_msgs__rosidl_typesupport_fastrtps_cpp.dir/rosidl_typesupport_fastrtps_cpp/hrim_actuator_gripper_msgs/msg/detail/dds_fastrtps/state_finger_gripper__type_support.cpp.o[0m
[51.437s] [ 53%] [32mBuilding CXX object CMakeFiles/hrim_actuator_gripper_msgs__rosidl_typesupport_fastrtps_cpp.dir/rosidl_typesupport_fastrtps_cpp/hrim_actuator_gripper_msgs/msg/detail/dds_fastrtps/reconfiguration__type_support.cpp.o[0m
[54.965s] [ 55%] [32mBuilding CXX object CMakeFiles/hrim_actuator_gripper_msgs__rosidl_typesupport_fastrtps_cpp.dir/rosidl_typesupport_fastrtps_cpp/hrim_actuator_gripper_msgs/msg/detail/dds_fastrtps/goal_tactile_pressure__type_support.cpp.o[0m
[58.557s] [ 57%] [32m[1mLinking CXX shared library libhrim_actuator_gripper_msgs__rosidl_typesupport_fastrtps_cpp.so[0m
[59.347s] [ 57%] Built target hrim_actuator_gripper_msgs__rosidl_typesupport_fastrtps_cpp
[59.464s] [ 58%] [34m[1mGenerating C++ introspection for ROS interfaces[0m
[63.362s] [35m[1mScanning dependencies of target hrim_actuator_gripper_msgs__rosidl_typesupport_introspection_cpp[0m
[63.554s] [ 60%] [32mBuilding CXX object CMakeFiles/hrim_actuator_gripper_msgs__rosidl_typesupport_introspection_cpp.dir/rosidl_typesupport_introspection_cpp/hrim_actuator_gripper_msgs/msg/detail/cycle_time__type_support.cpp.o[0m
[66.169s] [ 61%] [32mBuilding CXX object CMakeFiles/hrim_actuator_gripper_msgs__rosidl_typesupport_introspection_cpp.dir/rosidl_typesupport_introspection_cpp/hrim_actuator_gripper_msgs/msg/detail/state_gripper__type_support.cpp.o[0m
[68.557s] [ 63%] [32mBuilding CXX object CMakeFiles/hrim_actuator_gripper_msgs__rosidl_typesupport_introspection_cpp.dir/rosidl_typesupport_introspection_cpp/hrim_actuator_gripper_msgs/msg/detail/state_finger_gripper__type_support.cpp.o[0m
[71.053s] [ 65%] [32mBuilding CXX object CMakeFiles/hrim_actuator_gripper_msgs__rosidl_typesupport_introspection_cpp.dir/rosidl_typesupport_introspection_cpp/hrim_actuator_gripper_msgs/msg/detail/reconfiguration__type_support.cpp.o[0m
[73.462s] [ 66%] [32mBuilding CXX object CMakeFiles/hrim_actuator_gripper_msgs__rosidl_typesupport_introspection_cpp.dir/rosidl_typesupport_introspection_cpp/hrim_actuator_gripper_msgs/msg/detail/goal_tactile_pressure__type_support.cpp.o[0m
[75.734s] [ 68%] [32m[1mLinking CXX shared library libhrim_actuator_gripper_msgs__rosidl_typesupport_introspection_cpp.so[0m
[76.233s] [ 68%] Built target hrim_actuator_gripper_msgs__rosidl_typesupport_introspection_cpp
[76.343s] [ 69%] [34m[1mGenerating C type support for eProsima Fast-RTPS[0m
[80.831s] [35m[1mScanning dependencies of target hrim_actuator_gripper_msgs__rosidl_typesupport_fastrtps_c[0m
[81.180s] [ 71%] [32mBuilding CXX object CMakeFiles/hrim_actuator_gripper_msgs__rosidl_typesupport_fastrtps_c.dir/rosidl_typesupport_fastrtps_c/hrim_actuator_gripper_msgs/msg/detail/cycle_time__type_support_c.cpp.o[0m
[84.656s] [ 73%] [32mBuilding CXX object CMakeFiles/hrim_actuator_gripper_msgs__rosidl_typesupport_fastrtps_c.dir/rosidl_typesupport_fastrtps_c/hrim_actuator_gripper_msgs/msg/detail/state_gripper__type_support_c.cpp.o[0m
[87.159s] [ 74%] [32mBuilding CXX object CMakeFiles/hrim_actuator_gripper_msgs__rosidl_typesupport_fastrtps_c.dir/rosidl_typesupport_fastrtps_c/hrim_actuator_gripper_msgs/msg/detail/state_finger_gripper__type_support_c.cpp.o[0m
[90.044s] [ 76%] [32mBuilding CXX object CMakeFiles/hrim_actuator_gripper_msgs__rosidl_typesupport_fastrtps_c.dir/rosidl_typesupport_fastrtps_c/hrim_actuator_gripper_msgs/msg/detail/reconfiguration__type_support_c.cpp.o[0m
[92.165s] [ 77%] [32mBuilding CXX object CMakeFiles/hrim_actuator_gripper_msgs__rosidl_typesupport_fastrtps_c.dir/rosidl_typesupport_fastrtps_c/hrim_actuator_gripper_msgs/msg/detail/goal_tactile_pressure__type_support_c.cpp.o[0m
[94.732s] [ 79%] [32m[1mLinking CXX shared library libhrim_actuator_gripper_msgs__rosidl_typesupport_fastrtps_c.so[0m
[95.364s] [ 79%] Built target hrim_actuator_gripper_msgs__rosidl_typesupport_fastrtps_c
[95.673s] [ 79%] Built target hrim_actuator_gripper_msgs
[95.937s] [ 80%] [34m[1mGenerating Python code for ROS interfaces[0m
[104.143s] [ 80%] Built target hrim_actuator_gripper_msgs__py
[104.276s] [35m[1mScanning dependencies of target hrim_actuator_gripper_msgs__python[0m
[104.531s] [ 82%] [32mBuilding C object CMakeFiles/hrim_actuator_gripper_msgs__python.dir/rosidl_generator_py/hrim_actuator_gripper_msgs/msg/_cycle_time_s.c.o[0m
[105.457s] [ 84%] [32mBuilding C object CMakeFiles/hrim_actuator_gripper_msgs__python.dir/rosidl_generator_py/hrim_actuator_gripper_msgs/msg/_state_gripper_s.c.o[0m
[106.359s] [ 85%] [32mBuilding C object CMakeFiles/hrim_actuator_gripper_msgs__python.dir/rosidl_generator_py/hrim_actuator_gripper_msgs/msg/_state_finger_gripper_s.c.o[0m
[106.931s] [ 87%] [32mBuilding C object CMakeFiles/hrim_actuator_gripper_msgs__python.dir/rosidl_generator_py/hrim_actuator_gripper_msgs/msg/_reconfiguration_s.c.o[0m
[107.637s] [ 88%] [32mBuilding C object CMakeFiles/hrim_actuator_gripper_msgs__python.dir/rosidl_generator_py/hrim_actuator_gripper_msgs/msg/_goal_tactile_pressure_s.c.o[0m
[108.539s] [ 90%] [32m[1mLinking C shared library rosidl_generator_py/hrim_actuator_gripper_msgs/libhrim_actuator_gripper_msgs__python.so[0m
[108.945s] [ 90%] Built target hrim_actuator_gripper_msgs__python
[109.050s] [35m[1mScanning dependencies of target hrim_actuator_gripper_msgs__rosidl_typesupport_fastrtps_c__pyext[0m
[109.174s] [ 92%] [32mBuilding C object CMakeFiles/hrim_actuator_gripper_msgs__rosidl_typesupport_fastrtps_c__pyext.dir/rosidl_generator_py/hrim_actuator_gripper_msgs/_hrim_actuator_gripper_msgs_s.ep.rosidl_typesupport_fastrtps_c.c.o[0m
[109.689s] [ 93%] [32m[1mLinking CXX shared library rosidl_generator_py/hrim_actuator_gripper_msgs/hrim_actuator_gripper_msgs_s__rosidl_typesupport_fastrtps_c.cpython-38-x86_64-linux-gnu.so[0m
[109.964s] [ 93%] Built target hrim_actuator_gripper_msgs__rosidl_typesupport_fastrtps_c__pyext
[110.061s] [35m[1mScanning dependencies of target hrim_actuator_gripper_msgs__rosidl_typesupport_c__pyext[0m
[110.167s] [ 95%] [32mBuilding C object CMakeFiles/hrim_actuator_gripper_msgs__rosidl_typesupport_c__pyext.dir/rosidl_generator_py/hrim_actuator_gripper_msgs/_hrim_actuator_gripper_msgs_s.ep.rosidl_typesupport_c.c.o[0m
[110.549s] [ 96%] [32m[1mLinking C shared library rosidl_generator_py/hrim_actuator_gripper_msgs/hrim_actuator_gripper_msgs_s__rosidl_typesupport_c.cpython-38-x86_64-linux-gnu.so[0m
[110.831s] [ 96%] Built target hrim_actuator_gripper_msgs__rosidl_typesupport_c__pyext
[110.896s] [35m[1mScanning dependencies of target hrim_actuator_gripper_msgs__rosidl_typesupport_introspection_c__pyext[0m
[110.973s] [ 98%] [32mBuilding C object CMakeFiles/hrim_actuator_gripper_msgs__rosidl_typesupport_introspection_c__pyext.dir/rosidl_generator_py/hrim_actuator_gripper_msgs/_hrim_actuator_gripper_msgs_s.ep.rosidl_typesupport_introspection_c.c.o[0m
[111.641s] [100%] [32m[1mLinking C shared library rosidl_generator_py/hrim_actuator_gripper_msgs/hrim_actuator_gripper_msgs_s__rosidl_typesupport_introspection_c.cpython-38-x86_64-linux-gnu.so[0m
[111.843s] [100%] Built target hrim_actuator_gripper_msgs__rosidl_typesupport_introspection_c__pyext
[111.956s] Invoked command in '/home/user/ros2_ws/build/hrim_actuator_gripper_msgs' returned '0': CMAKE_PREFIX_PATH=${CMAKE_PREFIX_PATH}:/opt/ros/foxy _=/usr/bin/env /usr/bin/cmake --build /home/user/ros2_ws/build/hrim_actuator_gripper_msgs -- -j8 -l8
[114.342s] Invoking command in '/home/user/ros2_ws/build/hrim_actuator_gripper_msgs': CMAKE_PREFIX_PATH=${CMAKE_PREFIX_PATH}:/opt/ros/foxy _=/usr/bin/env /usr/bin/cmake --install /home/user/ros2_ws/build/hrim_actuator_gripper_msgs
[114.380s] -- Install configuration: ""
[114.380s] -- Up-to-date: /home/user/ros2_ws/install/hrim_actuator_gripper_msgs/share/ament_index/resource_index/rosidl_interfaces/hrim_actuator_gripper_msgs
[114.383s] -- Up-to-date: /home/user/ros2_ws/install/hrim_actuator_gripper_msgs/include/hrim_actuator_gripper_msgs
[114.384s] -- Up-to-date: /home/user/ros2_ws/install/hrim_actuator_gripper_msgs/include/hrim_actuator_gripper_msgs/msg
[114.384s] -- Up-to-date: /home/user/ros2_ws/install/hrim_actuator_gripper_msgs/include/hrim_actuator_gripper_msgs/msg/detail
[114.384s] -- Installing: /home/user/ros2_ws/install/hrim_actuator_gripper_msgs/include/hrim_actuator_gripper_msgs/msg/detail/goal_tactile_pressure__functions.h
[114.385s] -- Installing: /home/user/ros2_ws/install/hrim_actuator_gripper_msgs/include/hrim_actuator_gripper_msgs/msg/detail/goal_tactile_pressure__functions.c
[114.387s] -- Installing: /home/user/ros2_ws/install/hrim_actuator_gripper_msgs/include/hrim_actuator_gripper_msgs/msg/detail/state_finger_gripper__struct.h
[114.388s] -- Installing: /home/user/ros2_ws/install/hrim_actuator_gripper_msgs/include/hrim_actuator_gripper_msgs/msg/detail/reconfiguration__type_support.h
[114.388s] -- Installing: /home/user/ros2_ws/install/hrim_actuator_gripper_msgs/include/hrim_actuator_gripper_msgs/msg/detail/reconfiguration__functions.h
[114.388s] -- Installing: /home/user/ros2_ws/install/hrim_actuator_gripper_msgs/include/hrim_actuator_gripper_msgs/msg/detail/state_gripper__type_support.h
[114.388s] -- Installing: /home/user/ros2_ws/install/hrim_actuator_gripper_msgs/include/hrim_actuator_gripper_msgs/msg/detail/state_gripper__struct.h
[114.396s] -- Installing: /home/user/ros2_ws/install/hrim_actuator_gripper_msgs/include/hrim_actuator_gripper_msgs/msg/detail/state_finger_gripper__type_support.h
[114.397s] -- Installing: /home/user/ros2_ws/install/hrim_actuator_gripper_msgs/include/hrim_actuator_gripper_msgs/msg/detail/cycle_time__functions.c
[114.397s] -- Installing: /home/user/ros2_ws/install/hrim_actuator_gripper_msgs/include/hrim_actuator_gripper_msgs/msg/detail/cycle_time__struct.h
[114.397s] -- Installing: /home/user/ros2_ws/install/hrim_actuator_gripper_msgs/include/hrim_actuator_gripper_msgs/msg/detail/cycle_time__type_support.h
[114.397s] -- Installing: /home/user/ros2_ws/install/hrim_actuator_gripper_msgs/include/hrim_actuator_gripper_msgs/msg/detail/cycle_time__functions.h
[114.398s] -- Installing: /home/user/ros2_ws/install/hrim_actuator_gripper_msgs/include/hrim_actuator_gripper_msgs/msg/detail/goal_tactile_pressure__type_support.h
[114.398s] -- Installing: /home/user/ros2_ws/install/hrim_actuator_gripper_msgs/include/hrim_actuator_gripper_msgs/msg/detail/goal_tactile_pressure__struct.h
[114.398s] -- Installing: /home/user/ros2_ws/install/hrim_actuator_gripper_msgs/include/hrim_actuator_gripper_msgs/msg/detail/state_gripper__functions.h
[114.399s] -- Installing: /home/user/ros2_ws/install/hrim_actuator_gripper_msgs/include/hrim_actuator_gripper_msgs/msg/detail/reconfiguration__functions.c
[114.432s] -- Installing: /home/user/ros2_ws/install/hrim_actuator_gripper_msgs/include/hrim_actuator_gripper_msgs/msg/detail/state_gripper__functions.c
[114.432s] -- Installing: /home/user/ros2_ws/install/hrim_actuator_gripper_msgs/include/hrim_actuator_gripper_msgs/msg/detail/state_finger_gripper__functions.h
[114.432s] -- Installing: /home/user/ros2_ws/install/hrim_actuator_gripper_msgs/include/hrim_actuator_gripper_msgs/msg/detail/state_finger_gripper__functions.c
[114.432s] -- Installing: /home/user/ros2_ws/install/hrim_actuator_gripper_msgs/include/hrim_actuator_gripper_msgs/msg/detail/reconfiguration__struct.h
[114.432s] -- Up-to-date: /home/user/ros2_ws/install/hrim_actuator_gripper_msgs/include/hrim_actuator_gripper_msgs/msg/rosidl_generator_c__visibility_control.h
[114.432s] -- Installing: /home/user/ros2_ws/install/hrim_actuator_gripper_msgs/include/hrim_actuator_gripper_msgs/msg/cycle_time.h
[114.434s] -- Installing: /home/user/ros2_ws/install/hrim_actuator_gripper_msgs/include/hrim_actuator_gripper_msgs/msg/state_finger_gripper.h
[114.434s] -- Installing: /home/user/ros2_ws/install/hrim_actuator_gripper_msgs/include/hrim_actuator_gripper_msgs/msg/state_gripper.h
[114.434s] -- Installing: /home/user/ros2_ws/install/hrim_actuator_gripper_msgs/include/hrim_actuator_gripper_msgs/msg/goal_tactile_pressure.h
[114.435s] -- Installing: /home/user/ros2_ws/install/hrim_actuator_gripper_msgs/include/hrim_actuator_gripper_msgs/msg/reconfiguration.h
[114.435s] -- Installing: /home/user/ros2_ws/install/hrim_actuator_gripper_msgs/share/hrim_actuator_gripper_msgs/environment/library_path.sh
[114.435s] -- Installing: /home/user/ros2_ws/install/hrim_actuator_gripper_msgs/share/hrim_actuator_gripper_msgs/environment/library_path.dsv
[114.436s] -- Installing: /home/user/ros2_ws/install/hrim_actuator_gripper_msgs/lib/libhrim_actuator_gripper_msgs__rosidl_generator_c.so
[114.437s] -- Set runtime path of "/home/user/ros2_ws/install/hrim_actuator_gripper_msgs/lib/libhrim_actuator_gripper_msgs__rosidl_generator_c.so" to ""
[114.437s] -- Up-to-date: /home/user/ros2_ws/install/hrim_actuator_gripper_msgs/include/hrim_actuator_gripper_msgs
[114.437s] -- Up-to-date: /home/user/ros2_ws/install/hrim_actuator_gripper_msgs/include/hrim_actuator_gripper_msgs/msg
[114.437s] -- Up-to-date: /home/user/ros2_ws/install/hrim_actuator_gripper_msgs/include/hrim_actuator_gripper_msgs/msg/detail
[114.437s] -- Installing: /home/user/ros2_ws/install/hrim_actuator_gripper_msgs/include/hrim_actuator_gripper_msgs/msg/detail/goal_tactile_pressure__rosidl_typesupport_fastrtps_c.h
[114.438s] -- Installing: /home/user/ros2_ws/install/hrim_actuator_gripper_msgs/include/hrim_actuator_gripper_msgs/msg/detail/state_gripper__rosidl_typesupport_fastrtps_c.h
[114.443s] -- Installing: /home/user/ros2_ws/install/hrim_actuator_gripper_msgs/include/hrim_actuator_gripper_msgs/msg/detail/state_finger_gripper__rosidl_typesupport_fastrtps_c.h
[114.443s] -- Installing: /home/user/ros2_ws/install/hrim_actuator_gripper_msgs/include/hrim_actuator_gripper_msgs/msg/detail/cycle_time__rosidl_typesupport_fastrtps_c.h
[114.443s] -- Installing: /home/user/ros2_ws/install/hrim_actuator_gripper_msgs/include/hrim_actuator_gripper_msgs/msg/detail/reconfiguration__rosidl_typesupport_fastrtps_c.h
[114.444s] -- Up-to-date: /home/user/ros2_ws/install/hrim_actuator_gripper_msgs/include/hrim_actuator_gripper_msgs/msg/rosidl_typesupport_fastrtps_c__visibility_control.h
[114.444s] -- Installing: /home/user/ros2_ws/install/hrim_actuator_gripper_msgs/lib/libhrim_actuator_gripper_msgs__rosidl_typesupport_fastrtps_c.so
[114.444s] -- Set runtime path of "/home/user/ros2_ws/install/hrim_actuator_gripper_msgs/lib/libhrim_actuator_gripper_msgs__rosidl_typesupport_fastrtps_c.so" to ""
[114.444s] -- Up-to-date: /home/user/ros2_ws/install/hrim_actuator_gripper_msgs/include/hrim_actuator_gripper_msgs
[114.445s] -- Up-to-date: /home/user/ros2_ws/install/hrim_actuator_gripper_msgs/include/hrim_actuator_gripper_msgs/msg
[114.446s] -- Up-to-date: /home/user/ros2_ws/install/hrim_actuator_gripper_msgs/include/hrim_actuator_gripper_msgs/msg/detail
[114.447s] -- Installing: /home/user/ros2_ws/install/hrim_actuator_gripper_msgs/include/hrim_actuator_gripper_msgs/msg/detail/state_finger_gripper__rosidl_typesupport_fastrtps_cpp.hpp
[114.447s] -- Installing: /home/user/ros2_ws/install/hrim_actuator_gripper_msgs/include/hrim_actuator_gripper_msgs/msg/detail/reconfiguration__rosidl_typesupport_fastrtps_cpp.hpp
[114.448s] -- Installing: /home/user/ros2_ws/install/hrim_actuator_gripper_msgs/include/hrim_actuator_gripper_msgs/msg/detail/cycle_time__rosidl_typesupport_fastrtps_cpp.hpp
[114.448s] -- Installing: /home/user/ros2_ws/install/hrim_actuator_gripper_msgs/include/hrim_actuator_gripper_msgs/msg/detail/state_gripper__rosidl_typesupport_fastrtps_cpp.hpp
[114.448s] -- Up-to-date: /home/user/ros2_ws/install/hrim_actuator_gripper_msgs/include/hrim_actuator_gripper_msgs/msg/detail/dds_fastrtps
[114.449s] -- Installing: /home/user/ros2_ws/install/hrim_actuator_gripper_msgs/include/hrim_actuator_gripper_msgs/msg/detail/goal_tactile_pressure__rosidl_typesupport_fastrtps_cpp.hpp
[114.449s] -- Up-to-date: /home/user/ros2_ws/install/hrim_actuator_gripper_msgs/include/hrim_actuator_gripper_msgs/msg/rosidl_typesupport_fastrtps_cpp__visibility_control.h
[114.449s] -- Installing: /home/user/ros2_ws/install/hrim_actuator_gripper_msgs/lib/libhrim_actuator_gripper_msgs__rosidl_typesupport_fastrtps_cpp.so
[114.450s] -- Set runtime path of "/home/user/ros2_ws/install/hrim_actuator_gripper_msgs/lib/libhrim_actuator_gripper_msgs__rosidl_typesupport_fastrtps_cpp.so" to ""
[114.450s] -- Up-to-date: /home/user/ros2_ws/install/hrim_actuator_gripper_msgs/include/hrim_actuator_gripper_msgs
[114.450s] -- Up-to-date: /home/user/ros2_ws/install/hrim_actuator_gripper_msgs/include/hrim_actuator_gripper_msgs/msg
[114.450s] -- Up-to-date: /home/user/ros2_ws/install/hrim_actuator_gripper_msgs/include/hrim_actuator_gripper_msgs/msg/detail
[114.450s] -- Installing: /home/user/ros2_ws/install/hrim_actuator_gripper_msgs/include/hrim_actuator_gripper_msgs/msg/detail/reconfiguration__rosidl_typesupport_introspection_c.h
[114.451s] -- Installing: /home/user/ros2_ws/install/hrim_actuator_gripper_msgs/include/hrim_actuator_gripper_msgs/msg/detail/cycle_time__rosidl_typesupport_introspection_c.h
[114.451s] -- Installing: /home/user/ros2_ws/install/hrim_actuator_gripper_msgs/include/hrim_actuator_gripper_msgs/msg/detail/state_finger_gripper__type_support.c
[114.451s] -- Installing: /home/user/ros2_ws/install/hrim_actuator_gripper_msgs/include/hrim_actuator_gripper_msgs/msg/detail/cycle_time__type_support.c
[114.451s] -- Installing: /home/user/ros2_ws/install/hrim_actuator_gripper_msgs/include/hrim_actuator_gripper_msgs/msg/detail/state_finger_gripper__rosidl_typesupport_introspection_c.h
[114.452s] -- Installing: /home/user/ros2_ws/install/hrim_actuator_gripper_msgs/include/hrim_actuator_gripper_msgs/msg/detail/state_gripper__type_support.c
[114.452s] -- Installing: /home/user/ros2_ws/install/hrim_actuator_gripper_msgs/include/hrim_actuator_gripper_msgs/msg/detail/reconfiguration__type_support.c
[114.452s] -- Installing: /home/user/ros2_ws/install/hrim_actuator_gripper_msgs/include/hrim_actuator_gripper_msgs/msg/detail/goal_tactile_pressure__type_support.c
[114.453s] -- Installing: /home/user/ros2_ws/install/hrim_actuator_gripper_msgs/include/hrim_actuator_gripper_msgs/msg/detail/goal_tactile_pressure__rosidl_typesupport_introspection_c.h
[114.453s] -- Installing: /home/user/ros2_ws/install/hrim_actuator_gripper_msgs/include/hrim_actuator_gripper_msgs/msg/detail/state_gripper__rosidl_typesupport_introspection_c.h
[114.454s] -- Up-to-date: /home/user/ros2_ws/install/hrim_actuator_gripper_msgs/include/hrim_actuator_gripper_msgs/msg/rosidl_typesupport_introspection_c__visibility_control.h
[114.454s] -- Installing: /home/user/ros2_ws/install/hrim_actuator_gripper_msgs/lib/libhrim_actuator_gripper_msgs__rosidl_typesupport_introspection_c.so
[114.454s] -- Set runtime path of "/home/user/ros2_ws/install/hrim_actuator_gripper_msgs/lib/libhrim_actuator_gripper_msgs__rosidl_typesupport_introspection_c.so" to ""
[114.455s] -- Installing: /home/user/ros2_ws/install/hrim_actuator_gripper_msgs/lib/libhrim_actuator_gripper_msgs__rosidl_typesupport_c.so
[114.455s] -- Set runtime path of "/home/user/ros2_ws/install/hrim_actuator_gripper_msgs/lib/libhrim_actuator_gripper_msgs__rosidl_typesupport_c.so" to ""
[114.456s] -- Up-to-date: /home/user/ros2_ws/install/hrim_actuator_gripper_msgs/include/hrim_actuator_gripper_msgs
[114.456s] -- Up-to-date: /home/user/ros2_ws/install/hrim_actuator_gripper_msgs/include/hrim_actuator_gripper_msgs/msg
[114.456s] -- Up-to-date: /home/user/ros2_ws/install/hrim_actuator_gripper_msgs/include/hrim_actuator_gripper_msgs/msg/detail
[114.456s] -- Installing: /home/user/ros2_ws/install/hrim_actuator_gripper_msgs/include/hrim_actuator_gripper_msgs/msg/detail/state_finger_gripper__struct.hpp
[114.457s] -- Installing: /home/user/ros2_ws/install/hrim_actuator_gripper_msgs/include/hrim_actuator_gripper_msgs/msg/detail/state_finger_gripper__traits.hpp
[114.457s] -- Installing: /home/user/ros2_ws/install/hrim_actuator_gripper_msgs/include/hrim_actuator_gripper_msgs/msg/detail/goal_tactile_pressure__builder.hpp
[114.457s] -- Installing: /home/user/ros2_ws/install/hrim_actuator_gripper_msgs/include/hrim_actuator_gripper_msgs/msg/detail/state_gripper__builder.hpp
[114.457s] -- Installing: /home/user/ros2_ws/install/hrim_actuator_gripper_msgs/include/hrim_actuator_gripper_msgs/msg/detail/reconfiguration__builder.hpp
[114.458s] -- Installing: /home/user/ros2_ws/install/hrim_actuator_gripper_msgs/include/hrim_actuator_gripper_msgs/msg/detail/goal_tactile_pressure__traits.hpp
[114.458s] -- Installing: /home/user/ros2_ws/install/hrim_actuator_gripper_msgs/include/hrim_actuator_gripper_msgs/msg/detail/state_gripper__traits.hpp
[114.458s] -- Installing: /home/user/ros2_ws/install/hrim_actuator_gripper_msgs/include/hrim_actuator_gripper_msgs/msg/detail/reconfiguration__traits.hpp
[114.458s] -- Installing: /home/user/ros2_ws/install/hrim_actuator_gripper_msgs/include/hrim_actuator_gripper_msgs/msg/detail/cycle_time__traits.hpp
[114.462s] -- Installing: /home/user/ros2_ws/install/hrim_actuator_gripper_msgs/include/hrim_actuator_gripper_msgs/msg/detail/cycle_time__builder.hpp
[114.463s] -- Installing: /home/user/ros2_ws/install/hrim_actuator_gripper_msgs/include/hrim_actuator_gripper_msgs/msg/detail/goal_tactile_pressure__struct.hpp
[114.463s] -- Installing: /home/user/ros2_ws/install/hrim_actuator_gripper_msgs/include/hrim_actuator_gripper_msgs/msg/detail/reconfiguration__struct.hpp
[114.463s] -- Installing: /home/user/ros2_ws/install/hrim_actuator_gripper_msgs/include/hrim_actuator_gripper_msgs/msg/detail/state_gripper__struct.hpp
[114.464s] -- Installing: /home/user/ros2_ws/install/hrim_actuator_gripper_msgs/include/hrim_actuator_gripper_msgs/msg/detail/cycle_time__struct.hpp
[114.464s] -- Installing: /home/user/ros2_ws/install/hrim_actuator_gripper_msgs/include/hrim_actuator_gripper_msgs/msg/detail/state_finger_gripper__builder.hpp
[114.464s] -- Installing: /home/user/ros2_ws/install/hrim_actuator_gripper_msgs/include/hrim_actuator_gripper_msgs/msg/goal_tactile_pressure.hpp
[114.465s] -- Installing: /home/user/ros2_ws/install/hrim_actuator_gripper_msgs/include/hrim_actuator_gripper_msgs/msg/reconfiguration.hpp
[114.465s] -- Installing: /home/user/ros2_ws/install/hrim_actuator_gripper_msgs/include/hrim_actuator_gripper_msgs/msg/state_gripper.hpp
[114.465s] -- Installing: /home/user/ros2_ws/install/hrim_actuator_gripper_msgs/include/hrim_actuator_gripper_msgs/msg/state_finger_gripper.hpp
[114.466s] -- Installing: /home/user/ros2_ws/install/hrim_actuator_gripper_msgs/include/hrim_actuator_gripper_msgs/msg/cycle_time.hpp
[114.466s] -- Up-to-date: /home/user/ros2_ws/install/hrim_actuator_gripper_msgs/include/hrim_actuator_gripper_msgs
[114.466s] -- Up-to-date: /home/user/ros2_ws/install/hrim_actuator_gripper_msgs/include/hrim_actuator_gripper_msgs/msg
[114.466s] -- Up-to-date: /home/user/ros2_ws/install/hrim_actuator_gripper_msgs/include/hrim_actuator_gripper_msgs/msg/detail
[114.466s] -- Installing: /home/user/ros2_ws/install/hrim_actuator_gripper_msgs/include/hrim_actuator_gripper_msgs/msg/detail/cycle_time__type_support.cpp
[114.467s] -- Installing: /home/user/ros2_ws/install/hrim_actuator_gripper_msgs/include/hrim_actuator_gripper_msgs/msg/detail/state_gripper__rosidl_typesupport_introspection_cpp.hpp
[114.467s] -- Installing: /home/user/ros2_ws/install/hrim_actuator_gripper_msgs/include/hrim_actuator_gripper_msgs/msg/detail/state_finger_gripper__rosidl_typesupport_introspection_cpp.hpp
[114.467s] -- Installing: /home/user/ros2_ws/install/hrim_actuator_gripper_msgs/include/hrim_actuator_gripper_msgs/msg/detail/state_gripper__type_support.cpp
[114.467s] -- Installing: /home/user/ros2_ws/install/hrim_actuator_gripper_msgs/include/hrim_actuator_gripper_msgs/msg/detail/reconfiguration__type_support.cpp
[114.468s] -- Installing: /home/user/ros2_ws/install/hrim_actuator_gripper_msgs/include/hrim_actuator_gripper_msgs/msg/detail/cycle_time__rosidl_typesupport_introspection_cpp.hpp
[114.468s] -- Installing: /home/user/ros2_ws/install/hrim_actuator_gripper_msgs/include/hrim_actuator_gripper_msgs/msg/detail/reconfiguration__rosidl_typesupport_introspection_cpp.hpp
[114.468s] -- Installing: /home/user/ros2_ws/install/hrim_actuator_gripper_msgs/include/hrim_actuator_gripper_msgs/msg/detail/goal_tactile_pressure__rosidl_typesupport_introspection_cpp.hpp
[114.468s] -- Installing: /home/user/ros2_ws/install/hrim_actuator_gripper_msgs/include/hrim_actuator_gripper_msgs/msg/detail/goal_tactile_pressure__type_support.cpp
[114.468s] -- Installing: /home/user/ros2_ws/install/hrim_actuator_gripper_msgs/include/hrim_actuator_gripper_msgs/msg/detail/state_finger_gripper__type_support.cpp
[114.469s] -- Installing: /home/user/ros2_ws/install/hrim_actuator_gripper_msgs/lib/libhrim_actuator_gripper_msgs__rosidl_typesupport_introspection_cpp.so
[114.469s] -- Set runtime path of "/home/user/ros2_ws/install/hrim_actuator_gripper_msgs/lib/libhrim_actuator_gripper_msgs__rosidl_typesupport_introspection_cpp.so" to ""
[114.469s] -- Installing: /home/user/ros2_ws/install/hrim_actuator_gripper_msgs/lib/libhrim_actuator_gripper_msgs__rosidl_typesupport_cpp.so
[114.469s] -- Set runtime path of "/home/user/ros2_ws/install/hrim_actuator_gripper_msgs/lib/libhrim_actuator_gripper_msgs__rosidl_typesupport_cpp.so" to ""
[114.469s] -- Up-to-date: /home/user/ros2_ws/install/hrim_actuator_gripper_msgs/share/hrim_actuator_gripper_msgs/environment/pythonpath.sh
[114.470s] -- Installing: /home/user/ros2_ws/install/hrim_actuator_gripper_msgs/share/hrim_actuator_gripper_msgs/environment/pythonpath.dsv
[114.470s] -- Installing: /home/user/ros2_ws/install/hrim_actuator_gripper_msgs/lib/python3.8/site-packages/hrim_actuator_gripper_msgs/__init__.py
[114.695s] Compiling '/home/user/ros2_ws/install/hrim_actuator_gripper_msgs/lib/python3.8/site-packages/hrim_actuator_gripper_msgs/__init__.py'...
[114.740s] -- Up-to-date: /home/user/ros2_ws/install/hrim_actuator_gripper_msgs/lib/python3.8/site-packages/hrim_actuator_gripper_msgs/msg
[114.740s] -- Installing: /home/user/ros2_ws/install/hrim_actuator_gripper_msgs/lib/python3.8/site-packages/hrim_actuator_gripper_msgs/msg/_cycle_time_s.c
[114.741s] -- Installing: /home/user/ros2_ws/install/hrim_actuator_gripper_msgs/lib/python3.8/site-packages/hrim_actuator_gripper_msgs/msg/_goal_tactile_pressure_s.c
[114.741s] -- Installing: /home/user/ros2_ws/install/hrim_actuator_gripper_msgs/lib/python3.8/site-packages/hrim_actuator_gripper_msgs/msg/_reconfiguration.py
[114.741s] -- Installing: /home/user/ros2_ws/install/hrim_actuator_gripper_msgs/lib/python3.8/site-packages/hrim_actuator_gripper_msgs/msg/_reconfiguration_s.c
[114.741s] -- Installing: /home/user/ros2_ws/install/hrim_actuator_gripper_msgs/lib/python3.8/site-packages/hrim_actuator_gripper_msgs/msg/__init__.py
[114.742s] -- Installing: /home/user/ros2_ws/install/hrim_actuator_gripper_msgs/lib/python3.8/site-packages/hrim_actuator_gripper_msgs/msg/_cycle_time.py
[114.742s] -- Installing: /home/user/ros2_ws/install/hrim_actuator_gripper_msgs/lib/python3.8/site-packages/hrim_actuator_gripper_msgs/msg/_state_finger_gripper_s.c
[114.742s] -- Installing: /home/user/ros2_ws/install/hrim_actuator_gripper_msgs/lib/python3.8/site-packages/hrim_actuator_gripper_msgs/msg/_state_gripper.py
[114.742s] -- Installing: /home/user/ros2_ws/install/hrim_actuator_gripper_msgs/lib/python3.8/site-packages/hrim_actuator_gripper_msgs/msg/_goal_tactile_pressure.py
[114.743s] -- Installing: /home/user/ros2_ws/install/hrim_actuator_gripper_msgs/lib/python3.8/site-packages/hrim_actuator_gripper_msgs/msg/_state_finger_gripper.py
[114.744s] -- Installing: /home/user/ros2_ws/install/hrim_actuator_gripper_msgs/lib/python3.8/site-packages/hrim_actuator_gripper_msgs/msg/_state_gripper_s.c
[114.746s] -- Installing: /home/user/ros2_ws/install/hrim_actuator_gripper_msgs/lib/python3.8/site-packages/hrim_actuator_gripper_msgs/hrim_actuator_gripper_msgs_s__rosidl_typesupport_fastrtps_c.cpython-38-x86_64-linux-gnu.so
[114.746s] -- Set runtime path of "/home/user/ros2_ws/install/hrim_actuator_gripper_msgs/lib/python3.8/site-packages/hrim_actuator_gripper_msgs/hrim_actuator_gripper_msgs_s__rosidl_typesupport_fastrtps_c.cpython-38-x86_64-linux-gnu.so" to ""
[114.747s] -- Installing: /home/user/ros2_ws/install/hrim_actuator_gripper_msgs/lib/python3.8/site-packages/hrim_actuator_gripper_msgs/hrim_actuator_gripper_msgs_s__rosidl_typesupport_introspection_c.cpython-38-x86_64-linux-gnu.so
[114.749s] -- Set runtime path of "/home/user/ros2_ws/install/hrim_actuator_gripper_msgs/lib/python3.8/site-packages/hrim_actuator_gripper_msgs/hrim_actuator_gripper_msgs_s__rosidl_typesupport_introspection_c.cpython-38-x86_64-linux-gnu.so" to ""
[114.750s] -- Installing: /home/user/ros2_ws/install/hrim_actuator_gripper_msgs/lib/python3.8/site-packages/hrim_actuator_gripper_msgs/hrim_actuator_gripper_msgs_s__rosidl_typesupport_c.cpython-38-x86_64-linux-gnu.so
[114.751s] -- Set runtime path of "/home/user/ros2_ws/install/hrim_actuator_gripper_msgs/lib/python3.8/site-packages/hrim_actuator_gripper_msgs/hrim_actuator_gripper_msgs_s__rosidl_typesupport_c.cpython-38-x86_64-linux-gnu.so" to ""
[114.754s] -- Installing: /home/user/ros2_ws/install/hrim_actuator_gripper_msgs/lib/libhrim_actuator_gripper_msgs__python.so
[114.765s] -- Set runtime path of "/home/user/ros2_ws/install/hrim_actuator_gripper_msgs/lib/libhrim_actuator_gripper_msgs__python.so" to ""
[114.765s] -- Up-to-date: /home/user/ros2_ws/install/hrim_actuator_gripper_msgs/share/hrim_actuator_gripper_msgs/msg/CycleTime.idl
[114.766s] -- Up-to-date: /home/user/ros2_ws/install/hrim_actuator_gripper_msgs/share/hrim_actuator_gripper_msgs/msg/GoalTactilePressure.idl
[114.766s] -- Up-to-date: /home/user/ros2_ws/install/hrim_actuator_gripper_msgs/share/hrim_actuator_gripper_msgs/msg/Reconfiguration.idl
[114.766s] -- Up-to-date: /home/user/ros2_ws/install/hrim_actuator_gripper_msgs/share/hrim_actuator_gripper_msgs/msg/StateFingerGripper.idl
[114.767s] -- Up-to-date: /home/user/ros2_ws/install/hrim_actuator_gripper_msgs/share/hrim_actuator_gripper_msgs/msg/StateGripper.idl
[114.767s] -- Up-to-date: /home/user/ros2_ws/install/hrim_actuator_gripper_msgs/share/hrim_actuator_gripper_msgs/msg/CycleTime.msg
[114.767s] -- Up-to-date: /home/user/ros2_ws/install/hrim_actuator_gripper_msgs/share/hrim_actuator_gripper_msgs/msg/GoalTactilePressure.msg
[114.767s] -- Up-to-date: /home/user/ros2_ws/install/hrim_actuator_gripper_msgs/share/hrim_actuator_gripper_msgs/msg/Reconfiguration.msg
[114.768s] -- Up-to-date: /home/user/ros2_ws/install/hrim_actuator_gripper_msgs/share/hrim_actuator_gripper_msgs/msg/StateFingerGripper.msg
[114.768s] -- Up-to-date: /home/user/ros2_ws/install/hrim_actuator_gripper_msgs/share/hrim_actuator_gripper_msgs/msg/StateGripper.msg
[114.768s] -- Up-to-date: /home/user/ros2_ws/install/hrim_actuator_gripper_msgs/share/ament_index/resource_index/package_run_dependencies/hrim_actuator_gripper_msgs
[114.769s] -- Installing: /home/user/ros2_ws/install/hrim_actuator_gripper_msgs/share/ament_index/resource_index/parent_prefix_path/hrim_actuator_gripper_msgs
[114.769s] -- Installing: /home/user/ros2_ws/install/hrim_actuator_gripper_msgs/share/hrim_actuator_gripper_msgs/environment/ament_prefix_path.sh
[114.769s] -- Installing: /home/user/ros2_ws/install/hrim_actuator_gripper_msgs/share/hrim_actuator_gripper_msgs/environment/ament_prefix_path.dsv
[114.769s] -- Installing: /home/user/ros2_ws/install/hrim_actuator_gripper_msgs/share/hrim_actuator_gripper_msgs/environment/path.sh
[114.770s] -- Installing: /home/user/ros2_ws/install/hrim_actuator_gripper_msgs/share/hrim_actuator_gripper_msgs/environment/path.dsv
[114.770s] -- Installing: /home/user/ros2_ws/install/hrim_actuator_gripper_msgs/share/hrim_actuator_gripper_msgs/local_setup.bash
[114.770s] -- Installing: /home/user/ros2_ws/install/hrim_actuator_gripper_msgs/share/hrim_actuator_gripper_msgs/local_setup.sh
[114.770s] -- Installing: /home/user/ros2_ws/install/hrim_actuator_gripper_msgs/share/hrim_actuator_gripper_msgs/local_setup.zsh
[114.771s] -- Installing: /home/user/ros2_ws/install/hrim_actuator_gripper_msgs/share/hrim_actuator_gripper_msgs/local_setup.dsv
[114.771s] -- Installing: /home/user/ros2_ws/install/hrim_actuator_gripper_msgs/share/hrim_actuator_gripper_msgs/package.dsv
[114.778s] -- Up-to-date: /home/user/ros2_ws/install/hrim_actuator_gripper_msgs/share/ament_index/resource_index/packages/hrim_actuator_gripper_msgs
[114.779s] -- Up-to-date: /home/user/ros2_ws/install/hrim_actuator_gripper_msgs/share/hrim_actuator_gripper_msgs/cmake/hrim_actuator_gripper_msgs__rosidl_generator_cExport.cmake
[114.779s] -- Installing: /home/user/ros2_ws/install/hrim_actuator_gripper_msgs/share/hrim_actuator_gripper_msgs/cmake/hrim_actuator_gripper_msgs__rosidl_generator_cExport-noconfig.cmake
[114.780s] -- Up-to-date: /home/user/ros2_ws/install/hrim_actuator_gripper_msgs/share/hrim_actuator_gripper_msgs/cmake/hrim_actuator_gripper_msgs__rosidl_typesupport_introspection_cExport.cmake
[114.780s] -- Installing: /home/user/ros2_ws/install/hrim_actuator_gripper_msgs/share/hrim_actuator_gripper_msgs/cmake/hrim_actuator_gripper_msgs__rosidl_typesupport_introspection_cExport-noconfig.cmake
[114.781s] -- Up-to-date: /home/user/ros2_ws/install/hrim_actuator_gripper_msgs/share/hrim_actuator_gripper_msgs/cmake/hrim_actuator_gripper_msgs__rosidl_typesupport_cExport.cmake
[114.781s] -- Installing: /home/user/ros2_ws/install/hrim_actuator_gripper_msgs/share/hrim_actuator_gripper_msgs/cmake/hrim_actuator_gripper_msgs__rosidl_typesupport_cExport-noconfig.cmake
[114.781s] -- Up-to-date: /home/user/ros2_ws/install/hrim_actuator_gripper_msgs/share/hrim_actuator_gripper_msgs/cmake/hrim_actuator_gripper_msgs__rosidl_generator_cppExport.cmake
[114.839s] -- Up-to-date: /home/user/ros2_ws/install/hrim_actuator_gripper_msgs/share/hrim_actuator_gripper_msgs/cmake/hrim_actuator_gripper_msgs__rosidl_typesupport_introspection_cppExport.cmake
[114.840s] -- Installing: /home/user/ros2_ws/install/hrim_actuator_gripper_msgs/share/hrim_actuator_gripper_msgs/cmake/hrim_actuator_gripper_msgs__rosidl_typesupport_introspection_cppExport-noconfig.cmake
[114.840s] -- Up-to-date: /home/user/ros2_ws/install/hrim_actuator_gripper_msgs/share/hrim_actuator_gripper_msgs/cmake/hrim_actuator_gripper_msgs__rosidl_typesupport_cppExport.cmake
[114.840s] -- Installing: /home/user/ros2_ws/install/hrim_actuator_gripper_msgs/share/hrim_actuator_gripper_msgs/cmake/hrim_actuator_gripper_msgs__rosidl_typesupport_cppExport-noconfig.cmake
[114.840s] -- Up-to-date: /home/user/ros2_ws/install/hrim_actuator_gripper_msgs/share/hrim_actuator_gripper_msgs/cmake/rosidl_cmake-extras.cmake
[114.840s] -- Installing: /home/user/ros2_ws/install/hrim_actuator_gripper_msgs/share/hrim_actuator_gripper_msgs/cmake/ament_cmake_export_dependencies-extras.cmake
[114.840s] -- Up-to-date: /home/user/ros2_ws/install/hrim_actuator_gripper_msgs/share/hrim_actuator_gripper_msgs/cmake/ament_cmake_export_libraries-extras.cmake
[114.841s] -- Up-to-date: /home/user/ros2_ws/install/hrim_actuator_gripper_msgs/share/hrim_actuator_gripper_msgs/cmake/ament_cmake_export_targets-extras.cmake
[114.841s] -- Up-to-date: /home/user/ros2_ws/install/hrim_actuator_gripper_msgs/share/hrim_actuator_gripper_msgs/cmake/ament_cmake_export_include_directories-extras.cmake
[114.842s] -- Up-to-date: /home/user/ros2_ws/install/hrim_actuator_gripper_msgs/share/hrim_actuator_gripper_msgs/cmake/rosidl_cmake_export_typesupport_libraries-extras.cmake
[114.842s] -- Up-to-date: /home/user/ros2_ws/install/hrim_actuator_gripper_msgs/share/hrim_actuator_gripper_msgs/cmake/rosidl_cmake_export_typesupport_targets-extras.cmake
[114.842s] -- Up-to-date: /home/user/ros2_ws/install/hrim_actuator_gripper_msgs/share/hrim_actuator_gripper_msgs/cmake/hrim_actuator_gripper_msgsConfig.cmake
[114.843s] -- Up-to-date: /home/user/ros2_ws/install/hrim_actuator_gripper_msgs/share/hrim_actuator_gripper_msgs/cmake/hrim_actuator_gripper_msgsConfig-version.cmake
[114.843s] -- Up-to-date: /home/user/ros2_ws/install/hrim_actuator_gripper_msgs/share/hrim_actuator_gripper_msgs/package.xml
[114.871s] Invoked command in '/home/user/ros2_ws/build/hrim_actuator_gripper_msgs' returned '0': CMAKE_PREFIX_PATH=${CMAKE_PREFIX_PATH}:/opt/ros/foxy _=/usr/bin/env /usr/bin/cmake --install /home/user/ros2_ws/build/hrim_actuator_gripper_msgs
