[0.167s] Invoking command in '/home/user/ros2_ws/build/hrim_actuator_rotaryservo_msgs': CMAKE_PREFIX_PATH=/opt/ros/foxy:${CMAKE_PREFIX_PATH} _=/usr/bin/env /usr/bin/cmake /home/user/ros2_ws/src/ros2_mara/HRIM/generated/actuator/rotaryservo/hrim_actuator_rotaryservo_msgs -DCMAKE_INSTALL_PREFIX=/home/user/ros2_ws/install/hrim_actuator_rotaryservo_msgs
[7.778s] -- The C compiler identification is GNU 9.3.0
[11.556s] -- The CXX compiler identification is GNU 9.3.0
[11.628s] -- Check for working C compiler: /usr/bin/cc
[12.220s] -- Check for working C compiler: /usr/bin/cc -- works
[12.222s] -- Detecting C compiler ABI info
[12.477s] -- Detecting C compiler ABI info - done
[12.521s] -- Detecting C compile features
[12.577s] -- Detecting C compile features - done
[12.587s] -- Check for working CXX compiler: /usr/bin/c++
[12.896s] -- Check for working CXX compiler: /usr/bin/c++ -- works
[12.898s] -- Detecting CXX compiler ABI info
[13.180s] -- Detecting CXX compiler ABI info - done
[13.198s] -- Detecting CXX compile features
[13.199s] -- Detecting CXX compile features - done
[13.202s] -- Found ament_cmake: 0.9.7 (/opt/ros/foxy/share/ament_cmake/cmake)
[13.289s] -- Found PythonInterp: /usr/bin/python3 (found suitable version "3.8.5", minimum required is "3") 
[13.289s] -- Using PYTHON_EXECUTABLE: /usr/bin/python3
[14.167s] -- Found rosidl_default_generators: 1.0.0 (/opt/ros/foxy/share/rosidl_default_generators/cmake)
[14.186s] -- Using all available rosidl_typesupport_c: rosidl_typesupport_fastrtps_c;rosidl_typesupport_introspection_c
[14.211s] -- Found rosidl_adapter: 1.1.0 (/opt/ros/foxy/share/rosidl_adapter/cmake)
[15.302s] -- Found OpenSSL: /usr/lib/x86_64-linux-gnu/libcrypto.so (found version "1.1.1f")  
[15.420s] -- Found FastRTPS: /opt/ros/foxy/include  
[15.601s] -- Using all available rosidl_typesupport_cpp: rosidl_typesupport_fastrtps_cpp;rosidl_typesupport_introspection_cpp
[15.657s] -- Found std_msgs: 2.0.3 (/opt/ros/foxy/share/std_msgs/cmake)
[15.721s] -- Found geometry_msgs: 2.0.3 (/opt/ros/foxy/share/geometry_msgs/cmake)
[15.823s] -- Found PythonInterp: /usr/bin/python3 (found version "3.8.5") 
[16.229s] -- Found ament_cmake_ros: 0.9.0 (/opt/ros/foxy/share/ament_cmake_ros/cmake)
[16.768s] -- Using all available rosidl_typesupport_c: rosidl_typesupport_fastrtps_c;rosidl_typesupport_introspection_c
[16.991s] -- Using all available rosidl_typesupport_cpp: rosidl_typesupport_fastrtps_cpp;rosidl_typesupport_introspection_cpp
[17.033s] -- Found PythonInterp: /usr/bin/python3 (found suitable version "3.8.5", minimum required is "3.5") 
[17.042s] -- Found python_cmake_module: 0.8.0 (/opt/ros/foxy/share/python_cmake_module/cmake)
[17.087s] -- Found PythonLibs: /usr/lib/x86_64-linux-gnu/libpython3.8.so (found suitable version "3.8.5", minimum required is "3.5") 
[17.088s] -- Using PYTHON_EXECUTABLE: /usr/bin/python3
[17.089s] -- Using PYTHON_INCLUDE_DIRS: /usr/include/python3.8
[17.089s] -- Using PYTHON_LIBRARIES: /usr/lib/x86_64-linux-gnu/libpython3.8.so
[17.160s] -- Found PythonExtra: .so  
[17.479s] -- Configuring done
[17.815s] -- Generating done
[17.821s] -- Build files have been written to: /home/user/ros2_ws/build/hrim_actuator_rotaryservo_msgs
[18.016s] Invoked command in '/home/user/ros2_ws/build/hrim_actuator_rotaryservo_msgs' returned '0': CMAKE_PREFIX_PATH=/opt/ros/foxy:${CMAKE_PREFIX_PATH} _=/usr/bin/env /usr/bin/cmake /home/user/ros2_ws/src/ros2_mara/HRIM/generated/actuator/rotaryservo/hrim_actuator_rotaryservo_msgs -DCMAKE_INSTALL_PREFIX=/home/user/ros2_ws/install/hrim_actuator_rotaryservo_msgs
[18.018s] Invoking command in '/home/user/ros2_ws/build/hrim_actuator_rotaryservo_msgs': CMAKE_PREFIX_PATH=/opt/ros/foxy:${CMAKE_PREFIX_PATH} _=/usr/bin/env /usr/bin/cmake --build /home/user/ros2_ws/build/hrim_actuator_rotaryservo_msgs -- -j16 -l16
[18.231s] [35m[1mScanning dependencies of target hrim_actuator_rotaryservo_msgs__cpp[0m
[18.262s] [  1%] [34m[1mGenerating C code for ROS interfaces[0m
[18.299s] [  3%] [34m[1mGenerating C++ code for ROS interfaces[0m
[21.690s] [  3%] Built target hrim_actuator_rotaryservo_msgs__cpp
[21.830s] [35m[1mScanning dependencies of target hrim_actuator_rotaryservo_msgs__rosidl_generator_c[0m
[21.882s] [  4%] [32mBuilding C object CMakeFiles/hrim_actuator_rotaryservo_msgs__rosidl_generator_c.dir/rosidl_generator_c/hrim_actuator_rotaryservo_msgs/msg/detail/goal_angular_acceleration__functions.c.o[0m
[22.006s] [  6%] [32mBuilding C object CMakeFiles/hrim_actuator_rotaryservo_msgs__rosidl_generator_c.dir/rosidl_generator_c/hrim_actuator_rotaryservo_msgs/msg/detail/temperature__functions.c.o[0m
[22.126s] [  7%] [32mBuilding C object CMakeFiles/hrim_actuator_rotaryservo_msgs__rosidl_generator_c.dir/rosidl_generator_c/hrim_actuator_rotaryservo_msgs/msg/detail/state_rotary_servo__functions.c.o[0m
[22.282s] [  9%] [32mBuilding C object CMakeFiles/hrim_actuator_rotaryservo_msgs__rosidl_generator_c.dir/rosidl_generator_c/hrim_actuator_rotaryservo_msgs/msg/detail/reconfiguration__functions.c.o[0m
[22.392s] [ 11%] [32mBuilding C object CMakeFiles/hrim_actuator_rotaryservo_msgs__rosidl_generator_c.dir/rosidl_generator_c/hrim_actuator_rotaryservo_msgs/msg/detail/goal_rotary_servo__functions.c.o[0m
[22.509s] [ 12%] [32m[1mLinking C shared library libhrim_actuator_rotaryservo_msgs__rosidl_generator_c.so[0m
[22.653s] [ 12%] Built target hrim_actuator_rotaryservo_msgs__rosidl_generator_c
[22.705s] [ 14%] [34m[1mGenerating C++ type support dispatch for ROS interfaces[0m
[24.155s] [35m[1mScanning dependencies of target hrim_actuator_rotaryservo_msgs__rosidl_typesupport_cpp[0m
[24.223s] [ 15%] [32mBuilding CXX object CMakeFiles/hrim_actuator_rotaryservo_msgs__rosidl_typesupport_cpp.dir/rosidl_typesupport_cpp/hrim_actuator_rotaryservo_msgs/msg/goal_angular_acceleration__type_support.cpp.o[0m
[24.743s] [ 17%] [32mBuilding CXX object CMakeFiles/hrim_actuator_rotaryservo_msgs__rosidl_typesupport_cpp.dir/rosidl_typesupport_cpp/hrim_actuator_rotaryservo_msgs/msg/temperature__type_support.cpp.o[0m
[25.301s] [ 19%] [32mBuilding CXX object CMakeFiles/hrim_actuator_rotaryservo_msgs__rosidl_typesupport_cpp.dir/rosidl_typesupport_cpp/hrim_actuator_rotaryservo_msgs/msg/state_rotary_servo__type_support.cpp.o[0m
[25.816s] [ 20%] [32mBuilding CXX object CMakeFiles/hrim_actuator_rotaryservo_msgs__rosidl_typesupport_cpp.dir/rosidl_typesupport_cpp/hrim_actuator_rotaryservo_msgs/msg/reconfiguration__type_support.cpp.o[0m
[26.419s] [ 22%] [32mBuilding CXX object CMakeFiles/hrim_actuator_rotaryservo_msgs__rosidl_typesupport_cpp.dir/rosidl_typesupport_cpp/hrim_actuator_rotaryservo_msgs/msg/goal_rotary_servo__type_support.cpp.o[0m
[26.925s] [ 23%] [32m[1mLinking CXX shared library libhrim_actuator_rotaryservo_msgs__rosidl_typesupport_cpp.so[0m
[27.002s] [ 23%] Built target hrim_actuator_rotaryservo_msgs__rosidl_typesupport_cpp
[27.052s] [ 25%] [34m[1mGenerating C introspection for ROS interfaces[0m
[28.452s] [35m[1mScanning dependencies of target hrim_actuator_rotaryservo_msgs__rosidl_typesupport_introspection_c[0m
[28.493s] [ 26%] [32mBuilding C object CMakeFiles/hrim_actuator_rotaryservo_msgs__rosidl_typesupport_introspection_c.dir/rosidl_typesupport_introspection_c/hrim_actuator_rotaryservo_msgs/msg/detail/goal_angular_acceleration__type_support.c.o[0m
[28.555s] [ 28%] [32mBuilding C object CMakeFiles/hrim_actuator_rotaryservo_msgs__rosidl_typesupport_introspection_c.dir/rosidl_typesupport_introspection_c/hrim_actuator_rotaryservo_msgs/msg/detail/temperature__type_support.c.o[0m
[28.626s] [ 30%] [32mBuilding C object CMakeFiles/hrim_actuator_rotaryservo_msgs__rosidl_typesupport_introspection_c.dir/rosidl_typesupport_introspection_c/hrim_actuator_rotaryservo_msgs/msg/detail/state_rotary_servo__type_support.c.o[0m
[28.694s] [ 31%] [32mBuilding C object CMakeFiles/hrim_actuator_rotaryservo_msgs__rosidl_typesupport_introspection_c.dir/rosidl_typesupport_introspection_c/hrim_actuator_rotaryservo_msgs/msg/detail/reconfiguration__type_support.c.o[0m
[28.777s] [ 33%] [32mBuilding C object CMakeFiles/hrim_actuator_rotaryservo_msgs__rosidl_typesupport_introspection_c.dir/rosidl_typesupport_introspection_c/hrim_actuator_rotaryservo_msgs/msg/detail/goal_rotary_servo__type_support.c.o[0m
[28.852s] [ 34%] [32m[1mLinking C shared library libhrim_actuator_rotaryservo_msgs__rosidl_typesupport_introspection_c.so[0m
[28.919s] [ 34%] Built target hrim_actuator_rotaryservo_msgs__rosidl_typesupport_introspection_c
[28.953s] [ 36%] [34m[1mGenerating C type support dispatch for ROS interfaces[0m
[30.137s] [35m[1mScanning dependencies of target hrim_actuator_rotaryservo_msgs__rosidl_typesupport_c[0m
[30.174s] [ 38%] [32mBuilding CXX object CMakeFiles/hrim_actuator_rotaryservo_msgs__rosidl_typesupport_c.dir/rosidl_typesupport_c/hrim_actuator_rotaryservo_msgs/msg/goal_angular_acceleration__type_support.cpp.o[0m
[30.260s] [ 39%] [32mBuilding CXX object CMakeFiles/hrim_actuator_rotaryservo_msgs__rosidl_typesupport_c.dir/rosidl_typesupport_c/hrim_actuator_rotaryservo_msgs/msg/temperature__type_support.cpp.o[0m
[30.320s] [ 41%] [32mBuilding CXX object CMakeFiles/hrim_actuator_rotaryservo_msgs__rosidl_typesupport_c.dir/rosidl_typesupport_c/hrim_actuator_rotaryservo_msgs/msg/state_rotary_servo__type_support.cpp.o[0m
[30.369s] [ 42%] [32mBuilding CXX object CMakeFiles/hrim_actuator_rotaryservo_msgs__rosidl_typesupport_c.dir/rosidl_typesupport_c/hrim_actuator_rotaryservo_msgs/msg/reconfiguration__type_support.cpp.o[0m
[30.442s] [ 44%] [32mBuilding CXX object CMakeFiles/hrim_actuator_rotaryservo_msgs__rosidl_typesupport_c.dir/rosidl_typesupport_c/hrim_actuator_rotaryservo_msgs/msg/goal_rotary_servo__type_support.cpp.o[0m
[30.513s] [ 46%] [32m[1mLinking CXX shared library libhrim_actuator_rotaryservo_msgs__rosidl_typesupport_c.so[0m
[30.594s] [ 46%] Built target hrim_actuator_rotaryservo_msgs__rosidl_typesupport_c
[30.625s] [ 47%] [34m[1mGenerating C++ introspection for ROS interfaces[0m
[31.998s] [35m[1mScanning dependencies of target hrim_actuator_rotaryservo_msgs__rosidl_typesupport_introspection_cpp[0m
[32.025s] [ 49%] [32mBuilding CXX object CMakeFiles/hrim_actuator_rotaryservo_msgs__rosidl_typesupport_introspection_cpp.dir/rosidl_typesupport_introspection_cpp/hrim_actuator_rotaryservo_msgs/msg/detail/goal_angular_acceleration__type_support.cpp.o[0m
[32.539s] [ 50%] [32mBuilding CXX object CMakeFiles/hrim_actuator_rotaryservo_msgs__rosidl_typesupport_introspection_cpp.dir/rosidl_typesupport_introspection_cpp/hrim_actuator_rotaryservo_msgs/msg/detail/temperature__type_support.cpp.o[0m
[33.072s] [ 52%] [32mBuilding CXX object CMakeFiles/hrim_actuator_rotaryservo_msgs__rosidl_typesupport_introspection_cpp.dir/rosidl_typesupport_introspection_cpp/hrim_actuator_rotaryservo_msgs/msg/detail/state_rotary_servo__type_support.cpp.o[0m
[33.615s] [ 53%] [32mBuilding CXX object CMakeFiles/hrim_actuator_rotaryservo_msgs__rosidl_typesupport_introspection_cpp.dir/rosidl_typesupport_introspection_cpp/hrim_actuator_rotaryservo_msgs/msg/detail/reconfiguration__type_support.cpp.o[0m
[34.182s] [ 55%] [32mBuilding CXX object CMakeFiles/hrim_actuator_rotaryservo_msgs__rosidl_typesupport_introspection_cpp.dir/rosidl_typesupport_introspection_cpp/hrim_actuator_rotaryservo_msgs/msg/detail/goal_rotary_servo__type_support.cpp.o[0m
[34.758s] [ 57%] [32m[1mLinking CXX shared library libhrim_actuator_rotaryservo_msgs__rosidl_typesupport_introspection_cpp.so[0m
[34.904s] [ 57%] Built target hrim_actuator_rotaryservo_msgs__rosidl_typesupport_introspection_cpp
[34.923s] [ 58%] [34m[1mGenerating C++ type support for eProsima Fast-RTPS[0m
[36.443s] [35m[1mScanning dependencies of target hrim_actuator_rotaryservo_msgs__rosidl_typesupport_fastrtps_cpp[0m
[36.479s] [ 60%] [32mBuilding CXX object CMakeFiles/hrim_actuator_rotaryservo_msgs__rosidl_typesupport_fastrtps_cpp.dir/rosidl_typesupport_fastrtps_cpp/hrim_actuator_rotaryservo_msgs/msg/detail/dds_fastrtps/goal_angular_acceleration__type_support.cpp.o[0m
[37.229s] [ 61%] [32mBuilding CXX object CMakeFiles/hrim_actuator_rotaryservo_msgs__rosidl_typesupport_fastrtps_cpp.dir/rosidl_typesupport_fastrtps_cpp/hrim_actuator_rotaryservo_msgs/msg/detail/dds_fastrtps/temperature__type_support.cpp.o[0m
[38.027s] [ 63%] [32mBuilding CXX object CMakeFiles/hrim_actuator_rotaryservo_msgs__rosidl_typesupport_fastrtps_cpp.dir/rosidl_typesupport_fastrtps_cpp/hrim_actuator_rotaryservo_msgs/msg/detail/dds_fastrtps/state_rotary_servo__type_support.cpp.o[0m
[38.806s] [ 65%] [32mBuilding CXX object CMakeFiles/hrim_actuator_rotaryservo_msgs__rosidl_typesupport_fastrtps_cpp.dir/rosidl_typesupport_fastrtps_cpp/hrim_actuator_rotaryservo_msgs/msg/detail/dds_fastrtps/reconfiguration__type_support.cpp.o[0m
[39.499s] [ 66%] [32mBuilding CXX object CMakeFiles/hrim_actuator_rotaryservo_msgs__rosidl_typesupport_fastrtps_cpp.dir/rosidl_typesupport_fastrtps_cpp/hrim_actuator_rotaryservo_msgs/msg/detail/dds_fastrtps/goal_rotary_servo__type_support.cpp.o[0m
[40.268s] [ 68%] [32m[1mLinking CXX shared library libhrim_actuator_rotaryservo_msgs__rosidl_typesupport_fastrtps_cpp.so[0m
[40.405s] [ 68%] Built target hrim_actuator_rotaryservo_msgs__rosidl_typesupport_fastrtps_cpp
[40.428s] [ 69%] [34m[1mGenerating C type support for eProsima Fast-RTPS[0m
[41.625s] [35m[1mScanning dependencies of target hrim_actuator_rotaryservo_msgs__rosidl_typesupport_fastrtps_c[0m
[41.663s] [ 71%] [32mBuilding CXX object CMakeFiles/hrim_actuator_rotaryservo_msgs__rosidl_typesupport_fastrtps_c.dir/rosidl_typesupport_fastrtps_c/hrim_actuator_rotaryservo_msgs/msg/detail/goal_angular_acceleration__type_support_c.cpp.o[0m
[42.265s] [ 73%] [32mBuilding CXX object CMakeFiles/hrim_actuator_rotaryservo_msgs__rosidl_typesupport_fastrtps_c.dir/rosidl_typesupport_fastrtps_c/hrim_actuator_rotaryservo_msgs/msg/detail/temperature__type_support_c.cpp.o[0m
[42.824s] [ 74%] [32mBuilding CXX object CMakeFiles/hrim_actuator_rotaryservo_msgs__rosidl_typesupport_fastrtps_c.dir/rosidl_typesupport_fastrtps_c/hrim_actuator_rotaryservo_msgs/msg/detail/state_rotary_servo__type_support_c.cpp.o[0m
[43.404s] [ 76%] [32mBuilding CXX object CMakeFiles/hrim_actuator_rotaryservo_msgs__rosidl_typesupport_fastrtps_c.dir/rosidl_typesupport_fastrtps_c/hrim_actuator_rotaryservo_msgs/msg/detail/reconfiguration__type_support_c.cpp.o[0m
[43.988s] [ 77%] [32mBuilding CXX object CMakeFiles/hrim_actuator_rotaryservo_msgs__rosidl_typesupport_fastrtps_c.dir/rosidl_typesupport_fastrtps_c/hrim_actuator_rotaryservo_msgs/msg/detail/goal_rotary_servo__type_support_c.cpp.o[0m
[44.629s] [ 79%] [32m[1mLinking CXX shared library libhrim_actuator_rotaryservo_msgs__rosidl_typesupport_fastrtps_c.so[0m
[44.784s] [ 79%] Built target hrim_actuator_rotaryservo_msgs__rosidl_typesupport_fastrtps_c
[44.806s] [35m[1mScanning dependencies of target hrim_actuator_rotaryservo_msgs[0m
[44.833s] [ 79%] Built target hrim_actuator_rotaryservo_msgs
[44.865s] [35m[1mScanning dependencies of target hrim_actuator_rotaryservo_msgs__py[0m
[44.891s] [ 80%] [34m[1mGenerating Python code for ROS interfaces[0m
[48.149s] [ 80%] Built target hrim_actuator_rotaryservo_msgs__py
[48.169s] [35m[1mScanning dependencies of target hrim_actuator_rotaryservo_msgs__python[0m
[48.256s] [ 82%] [32mBuilding C object CMakeFiles/hrim_actuator_rotaryservo_msgs__python.dir/rosidl_generator_py/hrim_actuator_rotaryservo_msgs/msg/_goal_angular_acceleration_s.c.o[0m
[48.425s] [ 84%] [32mBuilding C object CMakeFiles/hrim_actuator_rotaryservo_msgs__python.dir/rosidl_generator_py/hrim_actuator_rotaryservo_msgs/msg/_temperature_s.c.o[0m
[48.631s] [ 85%] [32mBuilding C object CMakeFiles/hrim_actuator_rotaryservo_msgs__python.dir/rosidl_generator_py/hrim_actuator_rotaryservo_msgs/msg/_state_rotary_servo_s.c.o[0m
[48.835s] [ 87%] [32mBuilding C object CMakeFiles/hrim_actuator_rotaryservo_msgs__python.dir/rosidl_generator_py/hrim_actuator_rotaryservo_msgs/msg/_reconfiguration_s.c.o[0m
[49.142s] [ 88%] [32mBuilding C object CMakeFiles/hrim_actuator_rotaryservo_msgs__python.dir/rosidl_generator_py/hrim_actuator_rotaryservo_msgs/msg/_goal_rotary_servo_s.c.o[0m
[49.360s] [ 90%] [32m[1mLinking C shared library rosidl_generator_py/hrim_actuator_rotaryservo_msgs/libhrim_actuator_rotaryservo_msgs__python.so[0m
[49.627s] [ 90%] Built target hrim_actuator_rotaryservo_msgs__python
[49.648s] [35m[1mScanning dependencies of target hrim_actuator_rotaryservo_msgs__rosidl_typesupport_introspection_c__pyext[0m
[49.710s] [ 92%] [32mBuilding C object CMakeFiles/hrim_actuator_rotaryservo_msgs__rosidl_typesupport_introspection_c__pyext.dir/rosidl_generator_py/hrim_actuator_rotaryservo_msgs/_hrim_actuator_rotaryservo_msgs_s.ep.rosidl_typesupport_introspection_c.c.o[0m
[49.945s] [ 93%] [32m[1mLinking C shared library rosidl_generator_py/hrim_actuator_rotaryservo_msgs/hrim_actuator_rotaryservo_msgs_s__rosidl_typesupport_introspection_c.cpython-38-x86_64-linux-gnu.so[0m
[50.044s] [ 93%] Built target hrim_actuator_rotaryservo_msgs__rosidl_typesupport_introspection_c__pyext
[50.076s] [35m[1mScanning dependencies of target hrim_actuator_rotaryservo_msgs__rosidl_typesupport_c__pyext[0m
[50.131s] [ 95%] [32mBuilding C object CMakeFiles/hrim_actuator_rotaryservo_msgs__rosidl_typesupport_c__pyext.dir/rosidl_generator_py/hrim_actuator_rotaryservo_msgs/_hrim_actuator_rotaryservo_msgs_s.ep.rosidl_typesupport_c.c.o[0m
[50.380s] [ 96%] [32m[1mLinking C shared library rosidl_generator_py/hrim_actuator_rotaryservo_msgs/hrim_actuator_rotaryservo_msgs_s__rosidl_typesupport_c.cpython-38-x86_64-linux-gnu.so[0m
[50.482s] [ 96%] Built target hrim_actuator_rotaryservo_msgs__rosidl_typesupport_c__pyext
[50.531s] [35m[1mScanning dependencies of target hrim_actuator_rotaryservo_msgs__rosidl_typesupport_fastrtps_c__pyext[0m
[50.591s] [ 98%] [32mBuilding C object CMakeFiles/hrim_actuator_rotaryservo_msgs__rosidl_typesupport_fastrtps_c__pyext.dir/rosidl_generator_py/hrim_actuator_rotaryservo_msgs/_hrim_actuator_rotaryservo_msgs_s.ep.rosidl_typesupport_fastrtps_c.c.o[0m
[50.819s] [100%] [32m[1mLinking CXX shared library rosidl_generator_py/hrim_actuator_rotaryservo_msgs/hrim_actuator_rotaryservo_msgs_s__rosidl_typesupport_fastrtps_c.cpython-38-x86_64-linux-gnu.so[0m
[50.970s] [100%] Built target hrim_actuator_rotaryservo_msgs__rosidl_typesupport_fastrtps_c__pyext
[50.998s] Invoked command in '/home/user/ros2_ws/build/hrim_actuator_rotaryservo_msgs' returned '0': CMAKE_PREFIX_PATH=/opt/ros/foxy:${CMAKE_PREFIX_PATH} _=/usr/bin/env /usr/bin/cmake --build /home/user/ros2_ws/build/hrim_actuator_rotaryservo_msgs -- -j16 -l16
[51.943s] Invoking command in '/home/user/ros2_ws/build/hrim_actuator_rotaryservo_msgs': CMAKE_PREFIX_PATH=/opt/ros/foxy:${CMAKE_PREFIX_PATH} _=/usr/bin/env /usr/bin/cmake --install /home/user/ros2_ws/build/hrim_actuator_rotaryservo_msgs
[51.964s] -- Install configuration: ""
[51.964s] -- Installing: /home/user/ros2_ws/install/hrim_actuator_rotaryservo_msgs/share/ament_index/resource_index/rosidl_interfaces/hrim_actuator_rotaryservo_msgs
[51.965s] -- Installing: /home/user/ros2_ws/install/hrim_actuator_rotaryservo_msgs/include/hrim_actuator_rotaryservo_msgs
[51.965s] -- Installing: /home/user/ros2_ws/install/hrim_actuator_rotaryservo_msgs/include/hrim_actuator_rotaryservo_msgs/msg
[51.965s] -- Installing: /home/user/ros2_ws/install/hrim_actuator_rotaryservo_msgs/include/hrim_actuator_rotaryservo_msgs/msg/detail
[51.965s] -- Installing: /home/user/ros2_ws/install/hrim_actuator_rotaryservo_msgs/include/hrim_actuator_rotaryservo_msgs/msg/detail/goal_rotary_servo__struct.h
[51.966s] -- Installing: /home/user/ros2_ws/install/hrim_actuator_rotaryservo_msgs/include/hrim_actuator_rotaryservo_msgs/msg/detail/goal_rotary_servo__functions.c
[51.966s] -- Installing: /home/user/ros2_ws/install/hrim_actuator_rotaryservo_msgs/include/hrim_actuator_rotaryservo_msgs/msg/detail/goal_rotary_servo__functions.h
[51.966s] -- Installing: /home/user/ros2_ws/install/hrim_actuator_rotaryservo_msgs/include/hrim_actuator_rotaryservo_msgs/msg/detail/temperature__type_support.h
[51.966s] -- Installing: /home/user/ros2_ws/install/hrim_actuator_rotaryservo_msgs/include/hrim_actuator_rotaryservo_msgs/msg/detail/goal_angular_acceleration__functions.h
[51.967s] -- Installing: /home/user/ros2_ws/install/hrim_actuator_rotaryservo_msgs/include/hrim_actuator_rotaryservo_msgs/msg/detail/reconfiguration__type_support.h
[51.967s] -- Installing: /home/user/ros2_ws/install/hrim_actuator_rotaryservo_msgs/include/hrim_actuator_rotaryservo_msgs/msg/detail/state_rotary_servo__functions.h
[51.967s] -- Installing: /home/user/ros2_ws/install/hrim_actuator_rotaryservo_msgs/include/hrim_actuator_rotaryservo_msgs/msg/detail/temperature__functions.c
[51.967s] -- Installing: /home/user/ros2_ws/install/hrim_actuator_rotaryservo_msgs/include/hrim_actuator_rotaryservo_msgs/msg/detail/reconfiguration__functions.h
[51.968s] -- Installing: /home/user/ros2_ws/install/hrim_actuator_rotaryservo_msgs/include/hrim_actuator_rotaryservo_msgs/msg/detail/state_rotary_servo__type_support.h
[51.968s] -- Installing: /home/user/ros2_ws/install/hrim_actuator_rotaryservo_msgs/include/hrim_actuator_rotaryservo_msgs/msg/detail/temperature__struct.h
[51.968s] -- Installing: /home/user/ros2_ws/install/hrim_actuator_rotaryservo_msgs/include/hrim_actuator_rotaryservo_msgs/msg/detail/state_rotary_servo__functions.c
[51.968s] -- Installing: /home/user/ros2_ws/install/hrim_actuator_rotaryservo_msgs/include/hrim_actuator_rotaryservo_msgs/msg/detail/temperature__functions.h
[51.968s] -- Installing: /home/user/ros2_ws/install/hrim_actuator_rotaryservo_msgs/include/hrim_actuator_rotaryservo_msgs/msg/detail/goal_rotary_servo__type_support.h
[51.968s] -- Installing: /home/user/ros2_ws/install/hrim_actuator_rotaryservo_msgs/include/hrim_actuator_rotaryservo_msgs/msg/detail/goal_angular_acceleration__functions.c
[51.969s] -- Installing: /home/user/ros2_ws/install/hrim_actuator_rotaryservo_msgs/include/hrim_actuator_rotaryservo_msgs/msg/detail/reconfiguration__functions.c
[51.969s] -- Installing: /home/user/ros2_ws/install/hrim_actuator_rotaryservo_msgs/include/hrim_actuator_rotaryservo_msgs/msg/detail/state_rotary_servo__struct.h
[51.969s] -- Installing: /home/user/ros2_ws/install/hrim_actuator_rotaryservo_msgs/include/hrim_actuator_rotaryservo_msgs/msg/detail/goal_angular_acceleration__type_support.h
[51.969s] -- Installing: /home/user/ros2_ws/install/hrim_actuator_rotaryservo_msgs/include/hrim_actuator_rotaryservo_msgs/msg/detail/goal_angular_acceleration__struct.h
[51.970s] -- Installing: /home/user/ros2_ws/install/hrim_actuator_rotaryservo_msgs/include/hrim_actuator_rotaryservo_msgs/msg/detail/reconfiguration__struct.h
[51.970s] -- Installing: /home/user/ros2_ws/install/hrim_actuator_rotaryservo_msgs/include/hrim_actuator_rotaryservo_msgs/msg/rosidl_generator_c__visibility_control.h
[51.970s] -- Installing: /home/user/ros2_ws/install/hrim_actuator_rotaryservo_msgs/include/hrim_actuator_rotaryservo_msgs/msg/goal_rotary_servo.h
[51.970s] -- Installing: /home/user/ros2_ws/install/hrim_actuator_rotaryservo_msgs/include/hrim_actuator_rotaryservo_msgs/msg/goal_angular_acceleration.h
[51.971s] -- Installing: /home/user/ros2_ws/install/hrim_actuator_rotaryservo_msgs/include/hrim_actuator_rotaryservo_msgs/msg/temperature.h
[51.971s] -- Installing: /home/user/ros2_ws/install/hrim_actuator_rotaryservo_msgs/include/hrim_actuator_rotaryservo_msgs/msg/state_rotary_servo.h
[51.971s] -- Installing: /home/user/ros2_ws/install/hrim_actuator_rotaryservo_msgs/include/hrim_actuator_rotaryservo_msgs/msg/reconfiguration.h
[51.971s] -- Installing: /home/user/ros2_ws/install/hrim_actuator_rotaryservo_msgs/share/hrim_actuator_rotaryservo_msgs/environment/library_path.sh
[51.972s] -- Installing: /home/user/ros2_ws/install/hrim_actuator_rotaryservo_msgs/share/hrim_actuator_rotaryservo_msgs/environment/library_path.dsv
[51.972s] -- Installing: /home/user/ros2_ws/install/hrim_actuator_rotaryservo_msgs/lib/libhrim_actuator_rotaryservo_msgs__rosidl_generator_c.so
[51.972s] -- Set runtime path of "/home/user/ros2_ws/install/hrim_actuator_rotaryservo_msgs/lib/libhrim_actuator_rotaryservo_msgs__rosidl_generator_c.so" to ""
[51.972s] -- Up-to-date: /home/user/ros2_ws/install/hrim_actuator_rotaryservo_msgs/include/hrim_actuator_rotaryservo_msgs
[51.973s] -- Up-to-date: /home/user/ros2_ws/install/hrim_actuator_rotaryservo_msgs/include/hrim_actuator_rotaryservo_msgs/msg
[51.973s] -- Up-to-date: /home/user/ros2_ws/install/hrim_actuator_rotaryservo_msgs/include/hrim_actuator_rotaryservo_msgs/msg/detail
[51.973s] -- Installing: /home/user/ros2_ws/install/hrim_actuator_rotaryservo_msgs/include/hrim_actuator_rotaryservo_msgs/msg/detail/state_rotary_servo__rosidl_typesupport_fastrtps_c.h
[51.973s] -- Installing: /home/user/ros2_ws/install/hrim_actuator_rotaryservo_msgs/include/hrim_actuator_rotaryservo_msgs/msg/detail/goal_rotary_servo__rosidl_typesupport_fastrtps_c.h
[51.974s] -- Installing: /home/user/ros2_ws/install/hrim_actuator_rotaryservo_msgs/include/hrim_actuator_rotaryservo_msgs/msg/detail/goal_angular_acceleration__rosidl_typesupport_fastrtps_c.h
[51.974s] -- Installing: /home/user/ros2_ws/install/hrim_actuator_rotaryservo_msgs/include/hrim_actuator_rotaryservo_msgs/msg/detail/reconfiguration__rosidl_typesupport_fastrtps_c.h
[51.974s] -- Installing: /home/user/ros2_ws/install/hrim_actuator_rotaryservo_msgs/include/hrim_actuator_rotaryservo_msgs/msg/detail/temperature__rosidl_typesupport_fastrtps_c.h
[51.974s] -- Installing: /home/user/ros2_ws/install/hrim_actuator_rotaryservo_msgs/include/hrim_actuator_rotaryservo_msgs/msg/rosidl_typesupport_fastrtps_c__visibility_control.h
[51.974s] -- Installing: /home/user/ros2_ws/install/hrim_actuator_rotaryservo_msgs/lib/libhrim_actuator_rotaryservo_msgs__rosidl_typesupport_fastrtps_c.so
[51.975s] -- Set runtime path of "/home/user/ros2_ws/install/hrim_actuator_rotaryservo_msgs/lib/libhrim_actuator_rotaryservo_msgs__rosidl_typesupport_fastrtps_c.so" to ""
[51.975s] -- Up-to-date: /home/user/ros2_ws/install/hrim_actuator_rotaryservo_msgs/include/hrim_actuator_rotaryservo_msgs
[51.975s] -- Up-to-date: /home/user/ros2_ws/install/hrim_actuator_rotaryservo_msgs/include/hrim_actuator_rotaryservo_msgs/msg
[51.976s] -- Up-to-date: /home/user/ros2_ws/install/hrim_actuator_rotaryservo_msgs/include/hrim_actuator_rotaryservo_msgs/msg/detail
[51.976s] -- Installing: /home/user/ros2_ws/install/hrim_actuator_rotaryservo_msgs/include/hrim_actuator_rotaryservo_msgs/msg/detail/reconfiguration__rosidl_typesupport_fastrtps_cpp.hpp
[51.976s] -- Installing: /home/user/ros2_ws/install/hrim_actuator_rotaryservo_msgs/include/hrim_actuator_rotaryservo_msgs/msg/detail/temperature__rosidl_typesupport_fastrtps_cpp.hpp
[51.976s] -- Installing: /home/user/ros2_ws/install/hrim_actuator_rotaryservo_msgs/include/hrim_actuator_rotaryservo_msgs/msg/detail/goal_angular_acceleration__rosidl_typesupport_fastrtps_cpp.hpp
[51.976s] -- Installing: /home/user/ros2_ws/install/hrim_actuator_rotaryservo_msgs/include/hrim_actuator_rotaryservo_msgs/msg/detail/dds_fastrtps
[51.977s] -- Installing: /home/user/ros2_ws/install/hrim_actuator_rotaryservo_msgs/include/hrim_actuator_rotaryservo_msgs/msg/detail/goal_rotary_servo__rosidl_typesupport_fastrtps_cpp.hpp
[51.977s] -- Installing: /home/user/ros2_ws/install/hrim_actuator_rotaryservo_msgs/include/hrim_actuator_rotaryservo_msgs/msg/detail/state_rotary_servo__rosidl_typesupport_fastrtps_cpp.hpp
[51.977s] -- Installing: /home/user/ros2_ws/install/hrim_actuator_rotaryservo_msgs/include/hrim_actuator_rotaryservo_msgs/msg/rosidl_typesupport_fastrtps_cpp__visibility_control.h
[51.977s] -- Installing: /home/user/ros2_ws/install/hrim_actuator_rotaryservo_msgs/lib/libhrim_actuator_rotaryservo_msgs__rosidl_typesupport_fastrtps_cpp.so
[51.978s] -- Set runtime path of "/home/user/ros2_ws/install/hrim_actuator_rotaryservo_msgs/lib/libhrim_actuator_rotaryservo_msgs__rosidl_typesupport_fastrtps_cpp.so" to ""
[51.978s] -- Up-to-date: /home/user/ros2_ws/install/hrim_actuator_rotaryservo_msgs/include/hrim_actuator_rotaryservo_msgs
[51.978s] -- Up-to-date: /home/user/ros2_ws/install/hrim_actuator_rotaryservo_msgs/include/hrim_actuator_rotaryservo_msgs/msg
[51.978s] -- Up-to-date: /home/user/ros2_ws/install/hrim_actuator_rotaryservo_msgs/include/hrim_actuator_rotaryservo_msgs/msg/detail
[51.995s] -- Installing: /home/user/ros2_ws/install/hrim_actuator_rotaryservo_msgs/include/hrim_actuator_rotaryservo_msgs/msg/detail/temperature__rosidl_typesupport_introspection_c.h
[51.995s] -- Installing: /home/user/ros2_ws/install/hrim_actuator_rotaryservo_msgs/include/hrim_actuator_rotaryservo_msgs/msg/detail/reconfiguration__rosidl_typesupport_introspection_c.h
[51.996s] -- Installing: /home/user/ros2_ws/install/hrim_actuator_rotaryservo_msgs/include/hrim_actuator_rotaryservo_msgs/msg/detail/goal_angular_acceleration__type_support.c
[51.996s] -- Installing: /home/user/ros2_ws/install/hrim_actuator_rotaryservo_msgs/include/hrim_actuator_rotaryservo_msgs/msg/detail/goal_rotary_servo__type_support.c
[51.996s] -- Installing: /home/user/ros2_ws/install/hrim_actuator_rotaryservo_msgs/include/hrim_actuator_rotaryservo_msgs/msg/detail/state_rotary_servo__type_support.c
[51.996s] -- Installing: /home/user/ros2_ws/install/hrim_actuator_rotaryservo_msgs/include/hrim_actuator_rotaryservo_msgs/msg/detail/temperature__type_support.c
[51.996s] -- Installing: /home/user/ros2_ws/install/hrim_actuator_rotaryservo_msgs/include/hrim_actuator_rotaryservo_msgs/msg/detail/reconfiguration__type_support.c
[51.997s] -- Installing: /home/user/ros2_ws/install/hrim_actuator_rotaryservo_msgs/include/hrim_actuator_rotaryservo_msgs/msg/detail/goal_angular_acceleration__rosidl_typesupport_introspection_c.h
[51.997s] -- Installing: /home/user/ros2_ws/install/hrim_actuator_rotaryservo_msgs/include/hrim_actuator_rotaryservo_msgs/msg/detail/goal_rotary_servo__rosidl_typesupport_introspection_c.h
[52.003s] -- Installing: /home/user/ros2_ws/install/hrim_actuator_rotaryservo_msgs/include/hrim_actuator_rotaryservo_msgs/msg/detail/state_rotary_servo__rosidl_typesupport_introspection_c.h
[52.003s] -- Installing: /home/user/ros2_ws/install/hrim_actuator_rotaryservo_msgs/include/hrim_actuator_rotaryservo_msgs/msg/rosidl_typesupport_introspection_c__visibility_control.h
[52.004s] -- Installing: /home/user/ros2_ws/install/hrim_actuator_rotaryservo_msgs/lib/libhrim_actuator_rotaryservo_msgs__rosidl_typesupport_introspection_c.so
[52.005s] -- Set runtime path of "/home/user/ros2_ws/install/hrim_actuator_rotaryservo_msgs/lib/libhrim_actuator_rotaryservo_msgs__rosidl_typesupport_introspection_c.so" to ""
[52.005s] -- Installing: /home/user/ros2_ws/install/hrim_actuator_rotaryservo_msgs/lib/libhrim_actuator_rotaryservo_msgs__rosidl_typesupport_c.so
[52.006s] -- Set runtime path of "/home/user/ros2_ws/install/hrim_actuator_rotaryservo_msgs/lib/libhrim_actuator_rotaryservo_msgs__rosidl_typesupport_c.so" to ""
[52.006s] -- Up-to-date: /home/user/ros2_ws/install/hrim_actuator_rotaryservo_msgs/include/hrim_actuator_rotaryservo_msgs
[52.006s] -- Up-to-date: /home/user/ros2_ws/install/hrim_actuator_rotaryservo_msgs/include/hrim_actuator_rotaryservo_msgs/msg
[52.006s] -- Up-to-date: /home/user/ros2_ws/install/hrim_actuator_rotaryservo_msgs/include/hrim_actuator_rotaryservo_msgs/msg/detail
[52.006s] -- Installing: /home/user/ros2_ws/install/hrim_actuator_rotaryservo_msgs/include/hrim_actuator_rotaryservo_msgs/msg/detail/state_rotary_servo__struct.hpp
[52.007s] -- Installing: /home/user/ros2_ws/install/hrim_actuator_rotaryservo_msgs/include/hrim_actuator_rotaryservo_msgs/msg/detail/reconfiguration__builder.hpp
[52.007s] -- Installing: /home/user/ros2_ws/install/hrim_actuator_rotaryservo_msgs/include/hrim_actuator_rotaryservo_msgs/msg/detail/goal_rotary_servo__builder.hpp
[52.007s] -- Installing: /home/user/ros2_ws/install/hrim_actuator_rotaryservo_msgs/include/hrim_actuator_rotaryservo_msgs/msg/detail/reconfiguration__traits.hpp
[52.007s] -- Installing: /home/user/ros2_ws/install/hrim_actuator_rotaryservo_msgs/include/hrim_actuator_rotaryservo_msgs/msg/detail/goal_rotary_servo__traits.hpp
[52.008s] -- Installing: /home/user/ros2_ws/install/hrim_actuator_rotaryservo_msgs/include/hrim_actuator_rotaryservo_msgs/msg/detail/goal_angular_acceleration__builder.hpp
[52.008s] -- Installing: /home/user/ros2_ws/install/hrim_actuator_rotaryservo_msgs/include/hrim_actuator_rotaryservo_msgs/msg/detail/temperature__traits.hpp
[52.008s] -- Installing: /home/user/ros2_ws/install/hrim_actuator_rotaryservo_msgs/include/hrim_actuator_rotaryservo_msgs/msg/detail/reconfiguration__struct.hpp
[52.009s] -- Installing: /home/user/ros2_ws/install/hrim_actuator_rotaryservo_msgs/include/hrim_actuator_rotaryservo_msgs/msg/detail/goal_rotary_servo__struct.hpp
[52.009s] -- Installing: /home/user/ros2_ws/install/hrim_actuator_rotaryservo_msgs/include/hrim_actuator_rotaryservo_msgs/msg/detail/goal_angular_acceleration__struct.hpp
[52.009s] -- Installing: /home/user/ros2_ws/install/hrim_actuator_rotaryservo_msgs/include/hrim_actuator_rotaryservo_msgs/msg/detail/state_rotary_servo__traits.hpp
[52.009s] -- Installing: /home/user/ros2_ws/install/hrim_actuator_rotaryservo_msgs/include/hrim_actuator_rotaryservo_msgs/msg/detail/goal_angular_acceleration__traits.hpp
[52.010s] -- Installing: /home/user/ros2_ws/install/hrim_actuator_rotaryservo_msgs/include/hrim_actuator_rotaryservo_msgs/msg/detail/temperature__struct.hpp
[52.010s] -- Installing: /home/user/ros2_ws/install/hrim_actuator_rotaryservo_msgs/include/hrim_actuator_rotaryservo_msgs/msg/detail/temperature__builder.hpp
[52.010s] -- Installing: /home/user/ros2_ws/install/hrim_actuator_rotaryservo_msgs/include/hrim_actuator_rotaryservo_msgs/msg/detail/state_rotary_servo__builder.hpp
[52.010s] -- Installing: /home/user/ros2_ws/install/hrim_actuator_rotaryservo_msgs/include/hrim_actuator_rotaryservo_msgs/msg/goal_angular_acceleration.hpp
[52.011s] -- Installing: /home/user/ros2_ws/install/hrim_actuator_rotaryservo_msgs/include/hrim_actuator_rotaryservo_msgs/msg/reconfiguration.hpp
[52.011s] -- Installing: /home/user/ros2_ws/install/hrim_actuator_rotaryservo_msgs/include/hrim_actuator_rotaryservo_msgs/msg/goal_rotary_servo.hpp
[52.011s] -- Installing: /home/user/ros2_ws/install/hrim_actuator_rotaryservo_msgs/include/hrim_actuator_rotaryservo_msgs/msg/temperature.hpp
[52.011s] -- Installing: /home/user/ros2_ws/install/hrim_actuator_rotaryservo_msgs/include/hrim_actuator_rotaryservo_msgs/msg/state_rotary_servo.hpp
[52.012s] -- Up-to-date: /home/user/ros2_ws/install/hrim_actuator_rotaryservo_msgs/include/hrim_actuator_rotaryservo_msgs
[52.012s] -- Up-to-date: /home/user/ros2_ws/install/hrim_actuator_rotaryservo_msgs/include/hrim_actuator_rotaryservo_msgs/msg
[52.012s] -- Up-to-date: /home/user/ros2_ws/install/hrim_actuator_rotaryservo_msgs/include/hrim_actuator_rotaryservo_msgs/msg/detail
[52.012s] -- Installing: /home/user/ros2_ws/install/hrim_actuator_rotaryservo_msgs/include/hrim_actuator_rotaryservo_msgs/msg/detail/state_rotary_servo__rosidl_typesupport_introspection_cpp.hpp
[52.012s] -- Installing: /home/user/ros2_ws/install/hrim_actuator_rotaryservo_msgs/include/hrim_actuator_rotaryservo_msgs/msg/detail/state_rotary_servo__type_support.cpp
[52.013s] -- Installing: /home/user/ros2_ws/install/hrim_actuator_rotaryservo_msgs/include/hrim_actuator_rotaryservo_msgs/msg/detail/temperature__type_support.cpp
[52.013s] -- Installing: /home/user/ros2_ws/install/hrim_actuator_rotaryservo_msgs/include/hrim_actuator_rotaryservo_msgs/msg/detail/reconfiguration__type_support.cpp
[52.013s] -- Installing: /home/user/ros2_ws/install/hrim_actuator_rotaryservo_msgs/include/hrim_actuator_rotaryservo_msgs/msg/detail/reconfiguration__rosidl_typesupport_introspection_cpp.hpp
[52.013s] -- Installing: /home/user/ros2_ws/install/hrim_actuator_rotaryservo_msgs/include/hrim_actuator_rotaryservo_msgs/msg/detail/goal_rotary_servo__rosidl_typesupport_introspection_cpp.hpp
[52.013s] -- Installing: /home/user/ros2_ws/install/hrim_actuator_rotaryservo_msgs/include/hrim_actuator_rotaryservo_msgs/msg/detail/temperature__rosidl_typesupport_introspection_cpp.hpp
[52.014s] -- Installing: /home/user/ros2_ws/install/hrim_actuator_rotaryservo_msgs/include/hrim_actuator_rotaryservo_msgs/msg/detail/goal_rotary_servo__type_support.cpp
[52.014s] -- Installing: /home/user/ros2_ws/install/hrim_actuator_rotaryservo_msgs/include/hrim_actuator_rotaryservo_msgs/msg/detail/goal_angular_acceleration__rosidl_typesupport_introspection_cpp.hpp
[52.014s] -- Installing: /home/user/ros2_ws/install/hrim_actuator_rotaryservo_msgs/include/hrim_actuator_rotaryservo_msgs/msg/detail/goal_angular_acceleration__type_support.cpp
[52.014s] -- Installing: /home/user/ros2_ws/install/hrim_actuator_rotaryservo_msgs/lib/libhrim_actuator_rotaryservo_msgs__rosidl_typesupport_introspection_cpp.so
[52.014s] -- Set runtime path of "/home/user/ros2_ws/install/hrim_actuator_rotaryservo_msgs/lib/libhrim_actuator_rotaryservo_msgs__rosidl_typesupport_introspection_cpp.so" to ""
[52.015s] -- Installing: /home/user/ros2_ws/install/hrim_actuator_rotaryservo_msgs/lib/libhrim_actuator_rotaryservo_msgs__rosidl_typesupport_cpp.so
[52.015s] -- Set runtime path of "/home/user/ros2_ws/install/hrim_actuator_rotaryservo_msgs/lib/libhrim_actuator_rotaryservo_msgs__rosidl_typesupport_cpp.so" to ""
[52.016s] -- Installing: /home/user/ros2_ws/install/hrim_actuator_rotaryservo_msgs/share/hrim_actuator_rotaryservo_msgs/environment/pythonpath.sh
[52.016s] -- Installing: /home/user/ros2_ws/install/hrim_actuator_rotaryservo_msgs/share/hrim_actuator_rotaryservo_msgs/environment/pythonpath.dsv
[52.016s] -- Installing: /home/user/ros2_ws/install/hrim_actuator_rotaryservo_msgs/lib/python3.8/site-packages/hrim_actuator_rotaryservo_msgs/__init__.py
[52.076s] Compiling '/home/user/ros2_ws/install/hrim_actuator_rotaryservo_msgs/lib/python3.8/site-packages/hrim_actuator_rotaryservo_msgs/__init__.py'...
[52.087s] -- Installing: /home/user/ros2_ws/install/hrim_actuator_rotaryservo_msgs/lib/python3.8/site-packages/hrim_actuator_rotaryservo_msgs/msg
[52.087s] -- Installing: /home/user/ros2_ws/install/hrim_actuator_rotaryservo_msgs/lib/python3.8/site-packages/hrim_actuator_rotaryservo_msgs/msg/_goal_angular_acceleration.py
[52.087s] -- Installing: /home/user/ros2_ws/install/hrim_actuator_rotaryservo_msgs/lib/python3.8/site-packages/hrim_actuator_rotaryservo_msgs/msg/_goal_angular_acceleration_s.c
[52.087s] -- Installing: /home/user/ros2_ws/install/hrim_actuator_rotaryservo_msgs/lib/python3.8/site-packages/hrim_actuator_rotaryservo_msgs/msg/_goal_rotary_servo_s.c
[52.088s] -- Installing: /home/user/ros2_ws/install/hrim_actuator_rotaryservo_msgs/lib/python3.8/site-packages/hrim_actuator_rotaryservo_msgs/msg/_temperature_s.c
[52.088s] -- Installing: /home/user/ros2_ws/install/hrim_actuator_rotaryservo_msgs/lib/python3.8/site-packages/hrim_actuator_rotaryservo_msgs/msg/_temperature.py
[52.088s] -- Installing: /home/user/ros2_ws/install/hrim_actuator_rotaryservo_msgs/lib/python3.8/site-packages/hrim_actuator_rotaryservo_msgs/msg/_reconfiguration.py
[52.088s] -- Installing: /home/user/ros2_ws/install/hrim_actuator_rotaryservo_msgs/lib/python3.8/site-packages/hrim_actuator_rotaryservo_msgs/msg/_reconfiguration_s.c
[52.088s] -- Installing: /home/user/ros2_ws/install/hrim_actuator_rotaryservo_msgs/lib/python3.8/site-packages/hrim_actuator_rotaryservo_msgs/msg/__init__.py
[52.088s] -- Installing: /home/user/ros2_ws/install/hrim_actuator_rotaryservo_msgs/lib/python3.8/site-packages/hrim_actuator_rotaryservo_msgs/msg/_goal_rotary_servo.py
[52.089s] -- Installing: /home/user/ros2_ws/install/hrim_actuator_rotaryservo_msgs/lib/python3.8/site-packages/hrim_actuator_rotaryservo_msgs/msg/_state_rotary_servo.py
[52.089s] -- Installing: /home/user/ros2_ws/install/hrim_actuator_rotaryservo_msgs/lib/python3.8/site-packages/hrim_actuator_rotaryservo_msgs/msg/_state_rotary_servo_s.c
[52.089s] -- Installing: /home/user/ros2_ws/install/hrim_actuator_rotaryservo_msgs/lib/python3.8/site-packages/hrim_actuator_rotaryservo_msgs/hrim_actuator_rotaryservo_msgs_s__rosidl_typesupport_fastrtps_c.cpython-38-x86_64-linux-gnu.so
[52.089s] -- Set runtime path of "/home/user/ros2_ws/install/hrim_actuator_rotaryservo_msgs/lib/python3.8/site-packages/hrim_actuator_rotaryservo_msgs/hrim_actuator_rotaryservo_msgs_s__rosidl_typesupport_fastrtps_c.cpython-38-x86_64-linux-gnu.so" to ""
[52.089s] -- Installing: /home/user/ros2_ws/install/hrim_actuator_rotaryservo_msgs/lib/python3.8/site-packages/hrim_actuator_rotaryservo_msgs/hrim_actuator_rotaryservo_msgs_s__rosidl_typesupport_introspection_c.cpython-38-x86_64-linux-gnu.so
[52.090s] -- Set runtime path of "/home/user/ros2_ws/install/hrim_actuator_rotaryservo_msgs/lib/python3.8/site-packages/hrim_actuator_rotaryservo_msgs/hrim_actuator_rotaryservo_msgs_s__rosidl_typesupport_introspection_c.cpython-38-x86_64-linux-gnu.so" to ""
[52.090s] -- Installing: /home/user/ros2_ws/install/hrim_actuator_rotaryservo_msgs/lib/python3.8/site-packages/hrim_actuator_rotaryservo_msgs/hrim_actuator_rotaryservo_msgs_s__rosidl_typesupport_c.cpython-38-x86_64-linux-gnu.so
[52.091s] -- Set runtime path of "/home/user/ros2_ws/install/hrim_actuator_rotaryservo_msgs/lib/python3.8/site-packages/hrim_actuator_rotaryservo_msgs/hrim_actuator_rotaryservo_msgs_s__rosidl_typesupport_c.cpython-38-x86_64-linux-gnu.so" to ""
[52.092s] -- Installing: /home/user/ros2_ws/install/hrim_actuator_rotaryservo_msgs/lib/libhrim_actuator_rotaryservo_msgs__python.so
[52.093s] -- Set runtime path of "/home/user/ros2_ws/install/hrim_actuator_rotaryservo_msgs/lib/libhrim_actuator_rotaryservo_msgs__python.so" to ""
[52.093s] -- Installing: /home/user/ros2_ws/install/hrim_actuator_rotaryservo_msgs/share/hrim_actuator_rotaryservo_msgs/msg/GoalAngularAcceleration.idl
[52.094s] -- Installing: /home/user/ros2_ws/install/hrim_actuator_rotaryservo_msgs/share/hrim_actuator_rotaryservo_msgs/msg/GoalRotaryServo.idl
[52.095s] -- Installing: /home/user/ros2_ws/install/hrim_actuator_rotaryservo_msgs/share/hrim_actuator_rotaryservo_msgs/msg/Reconfiguration.idl
[52.095s] -- Installing: /home/user/ros2_ws/install/hrim_actuator_rotaryservo_msgs/share/hrim_actuator_rotaryservo_msgs/msg/StateRotaryServo.idl
[52.096s] -- Installing: /home/user/ros2_ws/install/hrim_actuator_rotaryservo_msgs/share/hrim_actuator_rotaryservo_msgs/msg/Temperature.idl
[52.097s] -- Installing: /home/user/ros2_ws/install/hrim_actuator_rotaryservo_msgs/share/hrim_actuator_rotaryservo_msgs/msg/GoalAngularAcceleration.msg
[52.097s] -- Installing: /home/user/ros2_ws/install/hrim_actuator_rotaryservo_msgs/share/hrim_actuator_rotaryservo_msgs/msg/GoalRotaryServo.msg
[52.097s] -- Installing: /home/user/ros2_ws/install/hrim_actuator_rotaryservo_msgs/share/hrim_actuator_rotaryservo_msgs/msg/Reconfiguration.msg
[52.098s] -- Installing: /home/user/ros2_ws/install/hrim_actuator_rotaryservo_msgs/share/hrim_actuator_rotaryservo_msgs/msg/StateRotaryServo.msg
[52.098s] -- Installing: /home/user/ros2_ws/install/hrim_actuator_rotaryservo_msgs/share/hrim_actuator_rotaryservo_msgs/msg/Temperature.msg
[52.098s] -- Installing: /home/user/ros2_ws/install/hrim_actuator_rotaryservo_msgs/share/ament_index/resource_index/package_run_dependencies/hrim_actuator_rotaryservo_msgs
[52.098s] -- Installing: /home/user/ros2_ws/install/hrim_actuator_rotaryservo_msgs/share/ament_index/resource_index/parent_prefix_path/hrim_actuator_rotaryservo_msgs
[52.098s] -- Installing: /home/user/ros2_ws/install/hrim_actuator_rotaryservo_msgs/share/hrim_actuator_rotaryservo_msgs/environment/ament_prefix_path.sh
[52.099s] -- Installing: /home/user/ros2_ws/install/hrim_actuator_rotaryservo_msgs/share/hrim_actuator_rotaryservo_msgs/environment/ament_prefix_path.dsv
[52.099s] -- Installing: /home/user/ros2_ws/install/hrim_actuator_rotaryservo_msgs/share/hrim_actuator_rotaryservo_msgs/environment/path.sh
[52.099s] -- Installing: /home/user/ros2_ws/install/hrim_actuator_rotaryservo_msgs/share/hrim_actuator_rotaryservo_msgs/environment/path.dsv
[52.100s] -- Installing: /home/user/ros2_ws/install/hrim_actuator_rotaryservo_msgs/share/hrim_actuator_rotaryservo_msgs/local_setup.bash
[52.100s] -- Installing: /home/user/ros2_ws/install/hrim_actuator_rotaryservo_msgs/share/hrim_actuator_rotaryservo_msgs/local_setup.sh
[52.100s] -- Installing: /home/user/ros2_ws/install/hrim_actuator_rotaryservo_msgs/share/hrim_actuator_rotaryservo_msgs/local_setup.zsh
[52.101s] -- Installing: /home/user/ros2_ws/install/hrim_actuator_rotaryservo_msgs/share/hrim_actuator_rotaryservo_msgs/local_setup.dsv
[52.101s] -- Installing: /home/user/ros2_ws/install/hrim_actuator_rotaryservo_msgs/share/hrim_actuator_rotaryservo_msgs/package.dsv
[52.101s] -- Installing: /home/user/ros2_ws/install/hrim_actuator_rotaryservo_msgs/share/ament_index/resource_index/packages/hrim_actuator_rotaryservo_msgs
[52.102s] -- Installing: /home/user/ros2_ws/install/hrim_actuator_rotaryservo_msgs/share/hrim_actuator_rotaryservo_msgs/cmake/hrim_actuator_rotaryservo_msgs__rosidl_generator_cExport.cmake
[52.102s] -- Installing: /home/user/ros2_ws/install/hrim_actuator_rotaryservo_msgs/share/hrim_actuator_rotaryservo_msgs/cmake/hrim_actuator_rotaryservo_msgs__rosidl_generator_cExport-noconfig.cmake
[52.103s] -- Installing: /home/user/ros2_ws/install/hrim_actuator_rotaryservo_msgs/share/hrim_actuator_rotaryservo_msgs/cmake/hrim_actuator_rotaryservo_msgs__rosidl_typesupport_introspection_cExport.cmake
[52.107s] -- Installing: /home/user/ros2_ws/install/hrim_actuator_rotaryservo_msgs/share/hrim_actuator_rotaryservo_msgs/cmake/hrim_actuator_rotaryservo_msgs__rosidl_typesupport_introspection_cExport-noconfig.cmake
[52.107s] -- Installing: /home/user/ros2_ws/install/hrim_actuator_rotaryservo_msgs/share/hrim_actuator_rotaryservo_msgs/cmake/hrim_actuator_rotaryservo_msgs__rosidl_typesupport_cExport.cmake
[52.107s] -- Installing: /home/user/ros2_ws/install/hrim_actuator_rotaryservo_msgs/share/hrim_actuator_rotaryservo_msgs/cmake/hrim_actuator_rotaryservo_msgs__rosidl_typesupport_cExport-noconfig.cmake
[52.107s] -- Installing: /home/user/ros2_ws/install/hrim_actuator_rotaryservo_msgs/share/hrim_actuator_rotaryservo_msgs/cmake/hrim_actuator_rotaryservo_msgs__rosidl_generator_cppExport.cmake
[52.108s] -- Installing: /home/user/ros2_ws/install/hrim_actuator_rotaryservo_msgs/share/hrim_actuator_rotaryservo_msgs/cmake/hrim_actuator_rotaryservo_msgs__rosidl_typesupport_introspection_cppExport.cmake
[52.108s] -- Installing: /home/user/ros2_ws/install/hrim_actuator_rotaryservo_msgs/share/hrim_actuator_rotaryservo_msgs/cmake/hrim_actuator_rotaryservo_msgs__rosidl_typesupport_introspection_cppExport-noconfig.cmake
[52.108s] -- Installing: /home/user/ros2_ws/install/hrim_actuator_rotaryservo_msgs/share/hrim_actuator_rotaryservo_msgs/cmake/hrim_actuator_rotaryservo_msgs__rosidl_typesupport_cppExport.cmake
[52.108s] -- Installing: /home/user/ros2_ws/install/hrim_actuator_rotaryservo_msgs/share/hrim_actuator_rotaryservo_msgs/cmake/hrim_actuator_rotaryservo_msgs__rosidl_typesupport_cppExport-noconfig.cmake
[52.108s] -- Installing: /home/user/ros2_ws/install/hrim_actuator_rotaryservo_msgs/share/hrim_actuator_rotaryservo_msgs/cmake/rosidl_cmake-extras.cmake
[52.108s] -- Installing: /home/user/ros2_ws/install/hrim_actuator_rotaryservo_msgs/share/hrim_actuator_rotaryservo_msgs/cmake/ament_cmake_export_dependencies-extras.cmake
[52.108s] -- Installing: /home/user/ros2_ws/install/hrim_actuator_rotaryservo_msgs/share/hrim_actuator_rotaryservo_msgs/cmake/ament_cmake_export_libraries-extras.cmake
[52.109s] -- Installing: /home/user/ros2_ws/install/hrim_actuator_rotaryservo_msgs/share/hrim_actuator_rotaryservo_msgs/cmake/ament_cmake_export_targets-extras.cmake
[52.109s] -- Installing: /home/user/ros2_ws/install/hrim_actuator_rotaryservo_msgs/share/hrim_actuator_rotaryservo_msgs/cmake/ament_cmake_export_include_directories-extras.cmake
[52.109s] -- Installing: /home/user/ros2_ws/install/hrim_actuator_rotaryservo_msgs/share/hrim_actuator_rotaryservo_msgs/cmake/rosidl_cmake_export_typesupport_libraries-extras.cmake
[52.109s] -- Installing: /home/user/ros2_ws/install/hrim_actuator_rotaryservo_msgs/share/hrim_actuator_rotaryservo_msgs/cmake/rosidl_cmake_export_typesupport_targets-extras.cmake
[52.110s] -- Installing: /home/user/ros2_ws/install/hrim_actuator_rotaryservo_msgs/share/hrim_actuator_rotaryservo_msgs/cmake/hrim_actuator_rotaryservo_msgsConfig.cmake
[52.110s] -- Installing: /home/user/ros2_ws/install/hrim_actuator_rotaryservo_msgs/share/hrim_actuator_rotaryservo_msgs/cmake/hrim_actuator_rotaryservo_msgsConfig-version.cmake
[52.110s] -- Installing: /home/user/ros2_ws/install/hrim_actuator_rotaryservo_msgs/share/hrim_actuator_rotaryservo_msgs/package.xml
[52.144s] Invoked command in '/home/user/ros2_ws/build/hrim_actuator_rotaryservo_msgs' returned '0': CMAKE_PREFIX_PATH=/opt/ros/foxy:${CMAKE_PREFIX_PATH} _=/usr/bin/env /usr/bin/cmake --install /home/user/ros2_ws/build/hrim_actuator_rotaryservo_msgs
