[0.194s] Invoking command in '/home/user/ros2_ws/build/hrim_actuator_rotaryservo_srvs': CMAKE_PREFIX_PATH=${CMAKE_PREFIX_PATH}:/opt/ros/foxy _=/usr/bin/env /usr/bin/cmake --build /home/user/ros2_ws/build/hrim_actuator_rotaryservo_srvs -- -j8 -l8
[24.856s] -- Found ament_cmake: 0.9.9 (/opt/ros/foxy/share/ament_cmake/cmake)
[24.856s] -- Found PythonInterp: /usr/bin/python3 (found suitable version "3.8.10", minimum required is "3") 
[24.856s] -- Using PYTHON_EXECUTABLE: /usr/bin/python3
[24.856s] -- Found rosidl_default_generators: 1.0.1 (/opt/ros/foxy/share/rosidl_default_generators/cmake)
[24.856s] -- Using all available rosidl_typesupport_c: rosidl_typesupport_fastrtps_c;rosidl_typesupport_introspection_c
[24.856s] -- Found rosidl_adapter: 1.2.1 (/opt/ros/foxy/share/rosidl_adapter/cmake)
[24.858s] -- Using all available rosidl_typesupport_cpp: rosidl_typesupport_fastrtps_cpp;rosidl_typesupport_introspection_cpp
[24.858s] -- Found PythonInterp: /usr/bin/python3 (found version "3.8.10") 
[24.858s] -- Found ament_cmake_ros: 0.9.2 (/opt/ros/foxy/share/ament_cmake_ros/cmake)
[24.859s] -- Using all available rosidl_typesupport_c: rosidl_typesupport_fastrtps_c;rosidl_typesupport_introspection_c
[24.859s] -- Using all available rosidl_typesupport_cpp: rosidl_typesupport_fastrtps_cpp;rosidl_typesupport_introspection_cpp
[24.859s] -- Found PythonInterp: /usr/bin/python3 (found suitable version "3.8.10", minimum required is "3.5") 
[24.859s] -- Found python_cmake_module: 0.8.1 (/opt/ros/foxy/share/python_cmake_module/cmake)
[24.859s] -- Found PythonLibs: /usr/lib/x86_64-linux-gnu/libpython3.8.so (found suitable version "3.8.10", minimum required is "3.5") 
[24.859s] -- Using PYTHON_EXECUTABLE: /usr/bin/python3
[24.860s] -- Using PYTHON_INCLUDE_DIRS: /usr/include/python3.8
[24.860s] -- Using PYTHON_LIBRARIES: /usr/lib/x86_64-linux-gnu/libpython3.8.so
[24.860s] -- Configuring done
[24.860s] -- Generating done
[24.860s] -- Build files have been written to: /home/user/ros2_ws/build/hrim_actuator_rotaryservo_srvs
[24.861s] [  2%] Built target hrim_actuator_rotaryservo_srvs__cpp
[24.861s] [35m[1mScanning dependencies of target hrim_actuator_rotaryservo_srvs__rosidl_generator_c[0m
[24.861s] [  4%] [32mBuilding C object CMakeFiles/hrim_actuator_rotaryservo_srvs__rosidl_generator_c.dir/rosidl_generator_c/hrim_actuator_rotaryservo_srvs/srv/detail/open_close_brake__functions.c.o[0m
[24.861s] [  6%] [32mBuilding C object CMakeFiles/hrim_actuator_rotaryservo_srvs__rosidl_generator_c.dir/rosidl_generator_c/hrim_actuator_rotaryservo_srvs/srv/detail/stop__functions.c.o[0m
[24.861s] [  8%] [32mBuilding C object CMakeFiles/hrim_actuator_rotaryservo_srvs__rosidl_generator_c.dir/rosidl_generator_c/hrim_actuator_rotaryservo_srvs/srv/detail/specs_rotary_servo__functions.c.o[0m
[24.862s] [ 10%] [32m[1mLinking C shared library libhrim_actuator_rotaryservo_srvs__rosidl_generator_c.so[0m
[24.862s] [ 12%] Built target hrim_actuator_rotaryservo_srvs__rosidl_generator_c
[24.862s] [35m[1mScanning dependencies of target hrim_actuator_rotaryservo_srvs__rosidl_typesupport_introspection_cpp[0m
[24.862s] [ 14%] [32mBuilding CXX object CMakeFiles/hrim_actuator_rotaryservo_srvs__rosidl_typesupport_introspection_cpp.dir/rosidl_typesupport_introspection_cpp/hrim_actuator_rotaryservo_srvs/srv/detail/open_close_brake__type_support.cpp.o[0m
[24.889s] make[2]: *** [CMakeFiles/hrim_actuator_rotaryservo_srvs__rosidl_typesupport_introspection_cpp.dir/build.make:92: CMakeFiles/hrim_actuator_rotaryservo_srvs__rosidl_typesupport_introspection_cpp.dir/rosidl_typesupport_introspection_cpp/hrim_actuator_rotaryservo_srvs/srv/detail/open_close_brake__type_support.cpp.o] Interrupt
[24.889s] make[1]: *** wait: No child processes.  Stop.
[24.889s] make[1]: *** Waiting for unfinished jobs....
[24.889s] make[1]: *** wait: No child processes.  Stop.
[24.890s] make: *** [Makefile:141: all] Error 2
[24.913s] Invoked command in '/home/user/ros2_ws/build/hrim_actuator_rotaryservo_srvs' returned '-2': CMAKE_PREFIX_PATH=${CMAKE_PREFIX_PATH}:/opt/ros/foxy _=/usr/bin/env /usr/bin/cmake --build /home/user/ros2_ws/build/hrim_actuator_rotaryservo_srvs -- -j8 -l8
