[0.076s] Invoking command in '/home/user/ros2_ws/build/mara_gazebo': CMAKE_PREFIX_PATH=${CMAKE_PREFIX_PATH}:/opt/ros/foxy _=/usr/bin/env /usr/bin/cmake --build /home/user/ros2_ws/build/mara_gazebo -- -j8 -l8
[0.200s] Invoked command in '/home/user/ros2_ws/build/mara_gazebo' returned '0': CMAKE_PREFIX_PATH=${CMAKE_PREFIX_PATH}:/opt/ros/foxy _=/usr/bin/env /usr/bin/cmake --build /home/user/ros2_ws/build/mara_gazebo -- -j8 -l8
[0.399s] Invoking command in '/home/user/ros2_ws/build/mara_gazebo': CMAKE_PREFIX_PATH=${CMAKE_PREFIX_PATH}:/opt/ros/foxy _=/usr/bin/env /usr/bin/cmake --install /home/user/ros2_ws/build/mara_gazebo
[0.416s] -- Install configuration: ""
[0.416s] -- Up-to-date: /home/user/ros2_ws/install/mara_gazebo/share/mara_gazebo/launch
[0.417s] -- Up-to-date: /home/user/ros2_ws/install/mara_gazebo/share/mara_gazebo/launch/mara.launch.py
[0.417s] -- Up-to-date: /home/user/ros2_ws/install/mara_gazebo/share/mara_gazebo/launch/mara2.launch.py
[0.417s] -- Up-to-date: /home/user/ros2_ws/install/mara_gazebo/share/ament_index/resource_index/package_run_dependencies/mara_gazebo
[0.418s] -- Up-to-date: /home/user/ros2_ws/install/mara_gazebo/share/ament_index/resource_index/parent_prefix_path/mara_gazebo
[0.418s] -- Up-to-date: /home/user/ros2_ws/install/mara_gazebo/share/mara_gazebo/environment/ament_prefix_path.sh
[0.419s] -- Up-to-date: /home/user/ros2_ws/install/mara_gazebo/share/mara_gazebo/environment/ament_prefix_path.dsv
[0.419s] -- Up-to-date: /home/user/ros2_ws/install/mara_gazebo/share/mara_gazebo/environment/path.sh
[0.419s] -- Up-to-date: /home/user/ros2_ws/install/mara_gazebo/share/mara_gazebo/environment/path.dsv
[0.419s] -- Up-to-date: /home/user/ros2_ws/install/mara_gazebo/share/mara_gazebo/local_setup.bash
[0.420s] -- Up-to-date: /home/user/ros2_ws/install/mara_gazebo/share/mara_gazebo/local_setup.sh
[0.421s] -- Up-to-date: /home/user/ros2_ws/install/mara_gazebo/share/mara_gazebo/local_setup.zsh
[0.423s] -- Up-to-date: /home/user/ros2_ws/install/mara_gazebo/share/mara_gazebo/local_setup.dsv
[0.424s] -- Installing: /home/user/ros2_ws/install/mara_gazebo/share/mara_gazebo/package.dsv
[0.424s] -- Up-to-date: /home/user/ros2_ws/install/mara_gazebo/share/ament_index/resource_index/packages/mara_gazebo
[0.425s] -- Up-to-date: /home/user/ros2_ws/install/mara_gazebo/share/mara_gazebo/cmake/ament_cmake_export_dependencies-extras.cmake
[0.468s] -- Up-to-date: /home/user/ros2_ws/install/mara_gazebo/share/mara_gazebo/cmake/mara_gazeboConfig.cmake
[0.469s] -- Up-to-date: /home/user/ros2_ws/install/mara_gazebo/share/mara_gazebo/cmake/mara_gazeboConfig-version.cmake
[0.469s] -- Up-to-date: /home/user/ros2_ws/install/mara_gazebo/share/mara_gazebo/package.xml
[0.469s] Invoked command in '/home/user/ros2_ws/build/mara_gazebo' returned '0': CMAKE_PREFIX_PATH=${CMAKE_PREFIX_PATH}:/opt/ros/foxy _=/usr/bin/env /usr/bin/cmake --install /home/user/ros2_ws/build/mara_gazebo
