-- Found ament_cmake: 0.9.9 (/opt/ros/foxy/share/ament_cmake/cmake)
-- Found PythonInterp: /usr/bin/python3 (found suitable version "3.8.10", minimum required is "3") 
-- Using PYTHON_EXECUTABLE: /usr/bin/python3
-- Found rclcpp: 2.4.0 (/opt/ros/foxy/share/rclcpp/cmake)
-- Using all available rosidl_typesupport_c: rosidl_typesupport_fastrtps_c;rosidl_typesupport_introspection_c
-- Found rosidl_adapter: 1.2.1 (/opt/ros/foxy/share/rosidl_adapter/cmake)
-- Using all available rosidl_typesupport_cpp: rosidl_typesupport_fastrtps_cpp;rosidl_typesupport_introspection_cpp
-- Found rmw_implementation_cmake: 1.0.3 (/opt/ros/foxy/share/rmw_implementation_cmake/cmake)
-- Using RMW implementation 'rmw_fastrtps_cpp' as default
-- Found hrim_actuator_rotaryservo_msgs: 0.3.0 (/home/user/ros2_ws/install/hrim_actuator_rotaryservo_msgs/share/hrim_actuator_rotaryservo_msgs/cmake)
-- Configuring done
-- Generating done
-- Build files have been written to: /home/user/ros2_ws/build/mara_minimal_publisher
[35m[1mScanning dependencies of target mara_minimal_publisher_v2[0m
[ 25%] [32mBuilding CXX object CMakeFiles/mara_minimal_publisher_v2.dir/src/mara_minimal_publisher_v2.cpp.o[0m
[ 50%] [32m[1mLinking CXX executable mara_minimal_publisher_v2[0m
[ 50%] Built target mara_minimal_publisher_v2
[35m[1mScanning dependencies of target mara_minimal_publisher_v1[0m
[ 75%] [32mBuilding CXX object CMakeFiles/mara_minimal_publisher_v1.dir/src/mara_minimal_publisher_v1.cpp.o[0m
[100%] [32m[1mLinking CXX executable mara_minimal_publisher_v1[0m
[100%] Built target mara_minimal_publisher_v1
-- Install configuration: ""
-- Installing: /home/user/ros2_ws/install/mara_minimal_publisher/lib/mara_minimal_publisher/mara_minimal_publisher_v1
-- Set runtime path of "/home/user/ros2_ws/install/mara_minimal_publisher/lib/mara_minimal_publisher/mara_minimal_publisher_v1" to ""
-- Installing: /home/user/ros2_ws/install/mara_minimal_publisher/lib/mara_minimal_publisher/mara_minimal_publisher_v2
-- Set runtime path of "/home/user/ros2_ws/install/mara_minimal_publisher/lib/mara_minimal_publisher/mara_minimal_publisher_v2" to ""
-- Up-to-date: /home/user/ros2_ws/install/mara_minimal_publisher/lib/mara_minimal_publisher/mara_minimal_publisher_v1.py
-- Up-to-date: /home/user/ros2_ws/install/mara_minimal_publisher/lib/mara_minimal_publisher/mara_minimal_publisher_v2.py
-- Up-to-date: /home/user/ros2_ws/install/mara_minimal_publisher/share/ament_index/resource_index/package_run_dependencies/mara_minimal_publisher
-- Installing: /home/user/ros2_ws/install/mara_minimal_publisher/share/ament_index/resource_index/parent_prefix_path/mara_minimal_publisher
-- Installing: /home/user/ros2_ws/install/mara_minimal_publisher/share/mara_minimal_publisher/environment/ament_prefix_path.sh
-- Installing: /home/user/ros2_ws/install/mara_minimal_publisher/share/mara_minimal_publisher/environment/ament_prefix_path.dsv
-- Installing: /home/user/ros2_ws/install/mara_minimal_publisher/share/mara_minimal_publisher/environment/path.sh
-- Installing: /home/user/ros2_ws/install/mara_minimal_publisher/share/mara_minimal_publisher/environment/path.dsv
-- Installing: /home/user/ros2_ws/install/mara_minimal_publisher/share/mara_minimal_publisher/local_setup.bash
-- Installing: /home/user/ros2_ws/install/mara_minimal_publisher/share/mara_minimal_publisher/local_setup.sh
-- Installing: /home/user/ros2_ws/install/mara_minimal_publisher/share/mara_minimal_publisher/local_setup.zsh
-- Installing: /home/user/ros2_ws/install/mara_minimal_publisher/share/mara_minimal_publisher/local_setup.dsv
-- Installing: /home/user/ros2_ws/install/mara_minimal_publisher/share/mara_minimal_publisher/package.dsv
-- Up-to-date: /home/user/ros2_ws/install/mara_minimal_publisher/share/ament_index/resource_index/packages/mara_minimal_publisher
-- Up-to-date: /home/user/ros2_ws/install/mara_minimal_publisher/share/mara_minimal_publisher/cmake/mara_minimal_publisherConfig.cmake
-- Up-to-date: /home/user/ros2_ws/install/mara_minimal_publisher/share/mara_minimal_publisher/cmake/mara_minimal_publisherConfig-version.cmake
-- Up-to-date: /home/user/ros2_ws/install/mara_minimal_publisher/share/mara_minimal_publisher/package.xml
