[0.692s] Invoking command in '/home/user/ros2_ws/src/ldmk_package': PYTHONPATH=/home/user/ros2_ws/install/ldmk_package/lib/python3.8/site-packages:${PYTHONPATH} _=/usr/bin/env /usr/bin/python3 setup.py egg_info --egg-base ../../build/ldmk_package build --build-base /home/user/ros2_ws/build/ldmk_package/build install --prefix /home/user/ros2_ws/install/ldmk_package --record /home/user/ros2_ws/build/ldmk_package/install.log --single-version-externally-managed
[1.318s] running egg_info
[1.318s] writing ../../build/ldmk_package/ldmk_package.egg-info/PKG-INFO
[1.318s] writing dependency_links to ../../build/ldmk_package/ldmk_package.egg-info/dependency_links.txt
[1.319s] writing entry points to ../../build/ldmk_package/ldmk_package.egg-info/entry_points.txt
[1.319s] writing requirements to ../../build/ldmk_package/ldmk_package.egg-info/requires.txt
[1.319s] writing top-level names to ../../build/ldmk_package/ldmk_package.egg-info/top_level.txt
[1.390s] reading manifest file '../../build/ldmk_package/ldmk_package.egg-info/SOURCES.txt'
[1.392s] writing manifest file '../../build/ldmk_package/ldmk_package.egg-info/SOURCES.txt'
[1.392s] running build
[1.392s] running build_py
[1.392s] running install
[1.411s] running install_lib
[1.418s] running install_data
[1.418s] running install_egg_info
[1.419s] removing '/home/user/ros2_ws/install/ldmk_package/lib/python3.8/site-packages/ldmk_package-0.0.0-py3.8.egg-info' (and everything under it)
[1.420s] Copying ../../build/ldmk_package/ldmk_package.egg-info to /home/user/ros2_ws/install/ldmk_package/lib/python3.8/site-packages/ldmk_package-0.0.0-py3.8.egg-info
[1.422s] running install_scripts
[1.455s] Installing roboticsIK script to /home/user/ros2_ws/install/ldmk_package/lib/ldmk_package
[1.455s] writing list of installed files to '/home/user/ros2_ws/build/ldmk_package/install.log'
[1.499s] Invoked command in '/home/user/ros2_ws/src/ldmk_package' returned '0': PYTHONPATH=/home/user/ros2_ws/install/ldmk_package/lib/python3.8/site-packages:${PYTHONPATH} _=/usr/bin/env /usr/bin/python3 setup.py egg_info --egg-base ../../build/ldmk_package build --build-base /home/user/ros2_ws/build/ldmk_package/build install --prefix /home/user/ros2_ws/install/ldmk_package --record /home/user/ros2_ws/build/ldmk_package/install.log --single-version-externally-managed
