[0.290s] Invoking command in '/home/user/ros2_ws/build/hans_modular_gazebo': CMAKE_PREFIX_PATH=/opt/ros/foxy:${CMAKE_PREFIX_PATH} _=/usr/bin/env /usr/bin/cmake /home/user/ros2_ws/src/ros2_mara/hans_modular_servomotor/hans_modular_gazebo -DCMAKE_INSTALL_PREFIX=/home/user/ros2_ws/install/hans_modular_gazebo
[7.715s] -- The C compiler identification is GNU 9.3.0
[11.473s] -- The CXX compiler identification is GNU 9.3.0
[11.545s] -- Check for working C compiler: /usr/bin/cc
[12.232s] -- Check for working C compiler: /usr/bin/cc -- works
[12.234s] -- Detecting C compiler ABI info
[12.472s] -- Detecting C compiler ABI info - done
[12.504s] -- Detecting C compile features
[12.505s] -- Detecting C compile features - done
[12.510s] -- Check for working CXX compiler: /usr/bin/c++
[12.810s] -- Check for working CXX compiler: /usr/bin/c++ -- works
[12.812s] -- Detecting CXX compiler ABI info
[13.084s] -- Detecting CXX compiler ABI info - done
[13.106s] -- Detecting CXX compile features
[13.107s] -- Detecting CXX compile features - done
[13.110s] -- Found ament_cmake: 0.9.7 (/opt/ros/foxy/share/ament_cmake/cmake)
[13.166s] -- Found PythonInterp: /usr/bin/python3 (found suitable version "3.8.5", minimum required is "3") 
[13.166s] -- Using PYTHON_EXECUTABLE: /usr/bin/python3
[14.191s] -- Found urdf: 2.4.0 (/opt/ros/foxy/share/urdf/cmake)
[14.638s] -- Configuring done
[14.641s] -- Generating done
[14.643s] -- Build files have been written to: /home/user/ros2_ws/build/hans_modular_gazebo
[14.677s] Invoked command in '/home/user/ros2_ws/build/hans_modular_gazebo' returned '0': CMAKE_PREFIX_PATH=/opt/ros/foxy:${CMAKE_PREFIX_PATH} _=/usr/bin/env /usr/bin/cmake /home/user/ros2_ws/src/ros2_mara/hans_modular_servomotor/hans_modular_gazebo -DCMAKE_INSTALL_PREFIX=/home/user/ros2_ws/install/hans_modular_gazebo
[14.681s] Invoking command in '/home/user/ros2_ws/build/hans_modular_gazebo': CMAKE_PREFIX_PATH=/opt/ros/foxy:${CMAKE_PREFIX_PATH} _=/usr/bin/env /usr/bin/cmake --build /home/user/ros2_ws/build/hans_modular_gazebo -- -j16 -l16
[16.925s] Invoked command in '/home/user/ros2_ws/build/hans_modular_gazebo' returned '0': CMAKE_PREFIX_PATH=/opt/ros/foxy:${CMAKE_PREFIX_PATH} _=/usr/bin/env /usr/bin/cmake --build /home/user/ros2_ws/build/hans_modular_gazebo -- -j16 -l16
[17.144s] Invoking command in '/home/user/ros2_ws/build/hans_modular_gazebo': CMAKE_PREFIX_PATH=/opt/ros/foxy:${CMAKE_PREFIX_PATH} _=/usr/bin/env /usr/bin/cmake --install /home/user/ros2_ws/build/hans_modular_gazebo
[17.369s] -- Install configuration: ""
[17.369s] -- Installing: /home/user/ros2_ws/install/hans_modular_gazebo/share/hans_modular_gazebo/launch
[17.369s] -- Installing: /home/user/ros2_ws/install/hans_modular_gazebo/share/hans_modular_gazebo/launch/hans_t49.launch.py
[17.369s] -- Installing: /home/user/ros2_ws/install/hans_modular_gazebo/share/hans_modular_gazebo/launch/hans_t30.launch.py
[17.369s] -- Installing: /home/user/ros2_ws/install/hans_modular_gazebo/share/hans_modular_gazebo/launch/hans_t9_4.launch.py
[17.369s] -- Installing: /home/user/ros2_ws/install/hans_modular_gazebo/lib/hans_modular_gazebo/spawn_hans_t9.4.py
[17.370s] -- Installing: /home/user/ros2_ws/install/hans_modular_gazebo/lib/hans_modular_gazebo/spawn_hans_t30.py
[17.370s] -- Installing: /home/user/ros2_ws/install/hans_modular_gazebo/lib/hans_modular_gazebo/spawn_hans_t49.py
[17.370s] -- Installing: /home/user/ros2_ws/install/hans_modular_gazebo/share/ament_index/resource_index/package_run_dependencies/hans_modular_gazebo
[17.370s] -- Installing: /home/user/ros2_ws/install/hans_modular_gazebo/share/ament_index/resource_index/parent_prefix_path/hans_modular_gazebo
[17.370s] -- Installing: /home/user/ros2_ws/install/hans_modular_gazebo/share/hans_modular_gazebo/environment/ament_prefix_path.sh
[17.370s] -- Installing: /home/user/ros2_ws/install/hans_modular_gazebo/share/hans_modular_gazebo/environment/ament_prefix_path.dsv
[17.370s] -- Installing: /home/user/ros2_ws/install/hans_modular_gazebo/share/hans_modular_gazebo/environment/path.sh
[17.371s] -- Installing: /home/user/ros2_ws/install/hans_modular_gazebo/share/hans_modular_gazebo/environment/path.dsv
[17.371s] -- Installing: /home/user/ros2_ws/install/hans_modular_gazebo/share/hans_modular_gazebo/local_setup.bash
[17.371s] -- Installing: /home/user/ros2_ws/install/hans_modular_gazebo/share/hans_modular_gazebo/local_setup.sh
[17.371s] -- Installing: /home/user/ros2_ws/install/hans_modular_gazebo/share/hans_modular_gazebo/local_setup.zsh
[17.371s] -- Installing: /home/user/ros2_ws/install/hans_modular_gazebo/share/hans_modular_gazebo/local_setup.dsv
[17.371s] -- Installing: /home/user/ros2_ws/install/hans_modular_gazebo/share/hans_modular_gazebo/package.dsv
[17.371s] -- Installing: /home/user/ros2_ws/install/hans_modular_gazebo/share/ament_index/resource_index/packages/hans_modular_gazebo
[17.372s] -- Installing: /home/user/ros2_ws/install/hans_modular_gazebo/share/hans_modular_gazebo/cmake/ament_cmake_export_dependencies-extras.cmake
[17.372s] -- Installing: /home/user/ros2_ws/install/hans_modular_gazebo/share/hans_modular_gazebo/cmake/hans_modular_gazeboConfig.cmake
[17.372s] -- Installing: /home/user/ros2_ws/install/hans_modular_gazebo/share/hans_modular_gazebo/cmake/hans_modular_gazeboConfig-version.cmake
[17.372s] -- Installing: /home/user/ros2_ws/install/hans_modular_gazebo/share/hans_modular_gazebo/package.xml
[17.514s] Invoked command in '/home/user/ros2_ws/build/hans_modular_gazebo' returned '0': CMAKE_PREFIX_PATH=/opt/ros/foxy:${CMAKE_PREFIX_PATH} _=/usr/bin/env /usr/bin/cmake --install /home/user/ros2_ws/build/hans_modular_gazebo
