[0.026s] Invoking command in '/home/user/ros2_ws/build/mara_gazebo': CMAKE_PREFIX_PATH=${CMAKE_PREFIX_PATH}:/opt/ros/foxy _=/usr/bin/env /usr/bin/cmake --build /home/user/ros2_ws/build/mara_gazebo -- -j8 -l8
[0.089s] Invoked command in '/home/user/ros2_ws/build/mara_gazebo' returned '0': CMAKE_PREFIX_PATH=${CMAKE_PREFIX_PATH}:/opt/ros/foxy _=/usr/bin/env /usr/bin/cmake --build /home/user/ros2_ws/build/mara_gazebo -- -j8 -l8
[0.155s] Invoking command in '/home/user/ros2_ws/build/mara_gazebo': CMAKE_PREFIX_PATH=${CMAKE_PREFIX_PATH}:/opt/ros/foxy _=/usr/bin/env /usr/bin/cmake --install /home/user/ros2_ws/build/mara_gazebo
[0.169s] -- Install configuration: ""
[0.169s] -- Up-to-date: /home/user/ros2_ws/install/mara_gazebo/share/mara_gazebo/launch
[0.169s] -- Up-to-date: /home/user/ros2_ws/install/mara_gazebo/share/mara_gazebo/launch/mara.launch.py
[0.169s] -- Up-to-date: /home/user/ros2_ws/install/mara_gazebo/share/mara_gazebo/launch/mara_world.world
[0.169s] -- Installing: /home/user/ros2_ws/install/mara_gazebo/share/mara_gazebo/launch/mara2.launch.py
[0.169s] -- Up-to-date: /home/user/ros2_ws/install/mara_gazebo/share/ament_index/resource_index/package_run_dependencies/mara_gazebo
[0.170s] -- Up-to-date: /home/user/ros2_ws/install/mara_gazebo/share/ament_index/resource_index/parent_prefix_path/mara_gazebo
[0.170s] -- Up-to-date: /home/user/ros2_ws/install/mara_gazebo/share/mara_gazebo/environment/ament_prefix_path.sh
[0.170s] -- Up-to-date: /home/user/ros2_ws/install/mara_gazebo/share/mara_gazebo/environment/ament_prefix_path.dsv
[0.170s] -- Up-to-date: /home/user/ros2_ws/install/mara_gazebo/share/mara_gazebo/environment/path.sh
[0.170s] -- Up-to-date: /home/user/ros2_ws/install/mara_gazebo/share/mara_gazebo/environment/path.dsv
[0.171s] -- Up-to-date: /home/user/ros2_ws/install/mara_gazebo/share/mara_gazebo/local_setup.bash
[0.171s] -- Up-to-date: /home/user/ros2_ws/install/mara_gazebo/share/mara_gazebo/local_setup.sh
[0.171s] -- Up-to-date: /home/user/ros2_ws/install/mara_gazebo/share/mara_gazebo/local_setup.zsh
[0.171s] -- Up-to-date: /home/user/ros2_ws/install/mara_gazebo/share/mara_gazebo/local_setup.dsv
[0.171s] -- Installing: /home/user/ros2_ws/install/mara_gazebo/share/mara_gazebo/package.dsv
[0.171s] -- Up-to-date: /home/user/ros2_ws/install/mara_gazebo/share/ament_index/resource_index/packages/mara_gazebo
[0.171s] -- Up-to-date: /home/user/ros2_ws/install/mara_gazebo/share/mara_gazebo/cmake/ament_cmake_export_dependencies-extras.cmake
[0.172s] -- Up-to-date: /home/user/ros2_ws/install/mara_gazebo/share/mara_gazebo/cmake/mara_gazeboConfig.cmake
[0.173s] -- Up-to-date: /home/user/ros2_ws/install/mara_gazebo/share/mara_gazebo/cmake/mara_gazeboConfig-version.cmake
[0.174s] -- Up-to-date: /home/user/ros2_ws/install/mara_gazebo/share/mara_gazebo/package.xml
[0.174s] Invoked command in '/home/user/ros2_ws/build/mara_gazebo' returned '0': CMAKE_PREFIX_PATH=${CMAKE_PREFIX_PATH}:/opt/ros/foxy _=/usr/bin/env /usr/bin/cmake --install /home/user/ros2_ws/build/mara_gazebo
