[0.281s] Invoking command in '/home/user/ros2_ws/build/hans_t49_description': CMAKE_PREFIX_PATH=/opt/ros/foxy:${CMAKE_PREFIX_PATH} _=/usr/bin/env /usr/bin/cmake /home/user/ros2_ws/src/ros2_mara/hans_modular_servomotor/hans_t49_description -DCMAKE_INSTALL_PREFIX=/home/user/ros2_ws/install/hans_t49_description
[14.630s] -- The C compiler identification is GNU 9.3.0
[14.631s] -- The CXX compiler identification is GNU 9.3.0
[14.632s] -- Check for working C compiler: /usr/bin/cc
[14.632s] -- Check for working C compiler: /usr/bin/cc -- works
[14.632s] -- Detecting C compiler ABI info
[14.632s] -- Detecting C compiler ABI info - done
[14.633s] -- Detecting C compile features
[14.633s] -- Detecting C compile features - done
[14.633s] -- Check for working CXX compiler: /usr/bin/c++
[14.633s] -- Check for working CXX compiler: /usr/bin/c++ -- works
[14.634s] -- Detecting CXX compiler ABI info
[14.634s] -- Detecting CXX compiler ABI info - done
[14.634s] -- Detecting CXX compile features
[14.635s] -- Detecting CXX compile features - done
[14.635s] -- Found ament_cmake: 0.9.7 (/opt/ros/foxy/share/ament_cmake/cmake)
[14.636s] -- Found PythonInterp: /usr/bin/python3 (found suitable version "3.8.5", minimum required is "3") 
[14.636s] -- Using PYTHON_EXECUTABLE: /usr/bin/python3
[14.636s] -- Found urdf: 2.4.0 (/opt/ros/foxy/share/urdf/cmake)
[14.637s] -- Configuring done
[14.637s] -- Generating done
[14.637s] -- Build files have been written to: /home/user/ros2_ws/build/hans_t49_description
[14.656s] Invoked command in '/home/user/ros2_ws/build/hans_t49_description' returned '0': CMAKE_PREFIX_PATH=/opt/ros/foxy:${CMAKE_PREFIX_PATH} _=/usr/bin/env /usr/bin/cmake /home/user/ros2_ws/src/ros2_mara/hans_modular_servomotor/hans_t49_description -DCMAKE_INSTALL_PREFIX=/home/user/ros2_ws/install/hans_t49_description
[14.657s] Invoking command in '/home/user/ros2_ws/build/hans_t49_description': CMAKE_PREFIX_PATH=/opt/ros/foxy:${CMAKE_PREFIX_PATH} _=/usr/bin/env /usr/bin/cmake --build /home/user/ros2_ws/build/hans_t49_description -- -j16 -l16
[16.887s] Invoked command in '/home/user/ros2_ws/build/hans_t49_description' returned '0': CMAKE_PREFIX_PATH=/opt/ros/foxy:${CMAKE_PREFIX_PATH} _=/usr/bin/env /usr/bin/cmake --build /home/user/ros2_ws/build/hans_t49_description -- -j16 -l16
[17.074s] Invoking command in '/home/user/ros2_ws/build/hans_t49_description': CMAKE_PREFIX_PATH=/opt/ros/foxy:${CMAKE_PREFIX_PATH} _=/usr/bin/env /usr/bin/cmake --install /home/user/ros2_ws/build/hans_t49_description
[17.338s] -- Install configuration: ""
[17.339s] -- Installing: /home/user/ros2_ws/install/hans_t49_description/share/hans_t49_description/meshes
[17.339s] -- Installing: /home/user/ros2_ws/install/hans_t49_description/share/hans_t49_description/meshes/HANS_T49_Black.dae
[17.339s] -- Installing: /home/user/ros2_ws/install/hans_t49_description/share/hans_t49_description/meshes/HANS_T49.dae
[17.339s] -- Installing: /home/user/ros2_ws/install/hans_t49_description/share/hans_t49_description/urdf
[17.339s] -- Installing: /home/user/ros2_ws/install/hans_t49_description/share/hans_t49_description/urdf/hans_module.urdf.xacro
[17.339s] -- Installing: /home/user/ros2_ws/install/hans_t49_description/share/hans_t49_description/urdf/hans_t49.urdf.xacro
[17.340s] -- Installing: /home/user/ros2_ws/install/hans_t49_description/share/hans_t49_description/urdf/hans_t49.urdf
[17.340s] -- Installing: /home/user/ros2_ws/install/hans_t49_description/share/hans_t49_description/rviz
[17.340s] -- Installing: /home/user/ros2_ws/install/hans_t49_description/share/hans_t49_description/rviz/visualization.rviz
[17.340s] -- Installing: /home/user/ros2_ws/install/hans_t49_description/share/ament_index/resource_index/package_run_dependencies/hans_t49_description
[17.340s] -- Installing: /home/user/ros2_ws/install/hans_t49_description/share/ament_index/resource_index/parent_prefix_path/hans_t49_description
[17.341s] -- Installing: /home/user/ros2_ws/install/hans_t49_description/share/hans_t49_description/environment/ament_prefix_path.sh
[17.341s] -- Installing: /home/user/ros2_ws/install/hans_t49_description/share/hans_t49_description/environment/ament_prefix_path.dsv
[17.341s] -- Installing: /home/user/ros2_ws/install/hans_t49_description/share/hans_t49_description/environment/path.sh
[17.341s] -- Installing: /home/user/ros2_ws/install/hans_t49_description/share/hans_t49_description/environment/path.dsv
[17.341s] -- Installing: /home/user/ros2_ws/install/hans_t49_description/share/hans_t49_description/local_setup.bash
[17.342s] -- Installing: /home/user/ros2_ws/install/hans_t49_description/share/hans_t49_description/local_setup.sh
[17.342s] -- Installing: /home/user/ros2_ws/install/hans_t49_description/share/hans_t49_description/local_setup.zsh
[17.342s] -- Installing: /home/user/ros2_ws/install/hans_t49_description/share/hans_t49_description/local_setup.dsv
[17.342s] -- Installing: /home/user/ros2_ws/install/hans_t49_description/share/hans_t49_description/package.dsv
[17.342s] -- Installing: /home/user/ros2_ws/install/hans_t49_description/share/ament_index/resource_index/packages/hans_t49_description
[17.342s] -- Installing: /home/user/ros2_ws/install/hans_t49_description/share/hans_t49_description/cmake/ament_cmake_export_dependencies-extras.cmake
[17.342s] -- Installing: /home/user/ros2_ws/install/hans_t49_description/share/hans_t49_description/cmake/hans_t49_descriptionConfig.cmake
[17.342s] -- Installing: /home/user/ros2_ws/install/hans_t49_description/share/hans_t49_description/cmake/hans_t49_descriptionConfig-version.cmake
[17.343s] -- Installing: /home/user/ros2_ws/install/hans_t49_description/share/hans_t49_description/package.xml
[17.454s] Invoked command in '/home/user/ros2_ws/build/hans_t49_description' returned '0': CMAKE_PREFIX_PATH=/opt/ros/foxy:${CMAKE_PREFIX_PATH} _=/usr/bin/env /usr/bin/cmake --install /home/user/ros2_ws/build/hans_t49_description
