[01m[K/home/user/ros2_ws/src/ros2_mara/mara/mara_contact_publisher/src/ContactPublisher.cpp:[m[K In function '[01m[Kint main(int, char**)[m[K':
[01m[K/home/user/ros2_ws/src/ros2_mara/mara/mara_contact_publisher/src/ContactPublisher.cpp:77:16:[m[K [01;35m[Kwarning: [m[K'[01m[Kbool rclcpp::is_initialized(rclcpp::Context::SharedPtr)[m[K' is deprecated: use the function ok() instead, which has the same usage. [[01;35m[K-Wdeprecated-declarations[m[K]
   77 |   if (!rclcpp::[01;35m[Kis_initialized[m[K()) {
      |                [01;35m[K^~~~~~~~~~~~~~[m[K
In file included from [01m[K/opt/ros/foxy/include/rclcpp/client.hpp:36[m[K,
                 from [01m[K/opt/ros/foxy/include/rclcpp/callback_group.hpp:23[m[K,
                 from [01m[K/opt/ros/foxy/include/rclcpp/any_executable.hpp:20[m[K,
                 from [01m[K/opt/ros/foxy/include/rclcpp/memory_strategy.hpp:24[m[K,
                 from [01m[K/opt/ros/foxy/include/rclcpp/memory_strategies.hpp:18[m[K,
                 from [01m[K/opt/ros/foxy/include/rclcpp/executor_options.hpp:20[m[K,
                 from [01m[K/opt/ros/foxy/include/rclcpp/executor.hpp:33[m[K,
                 from [01m[K/opt/ros/foxy/include/rclcpp/executors/multi_threaded_executor.hpp:25[m[K,
                 from [01m[K/opt/ros/foxy/include/rclcpp/executors.hpp:21[m[K,
                 from [01m[K/opt/ros/foxy/include/rclcpp/rclcpp.hpp:146[m[K,
                 from [01m[K/opt/ros/foxy/include/gazebo_ros/node.hpp:18[m[K,
                 from [01m[K/home/user/ros2_ws/src/ros2_mara/mara/mara_contact_publisher/src/ContactPublisher.cpp:25[m[K:
[01m[K/opt/ros/foxy/include/rclcpp/utilities.hpp:159:1:[m[K [01;36m[Knote: [m[Kdeclared here
  159 | [01;36m[Kis_initialized[m[K(rclcpp::Context::SharedPtr context = nullptr);
      | [01;36m[K^~~~~~~~~~~~~~[m[K
[01m[K/home/user/ros2_ws/src/ros2_mara/mara/mara_contact_publisher/src/ContactPublisher.cpp:77:31:[m[K [01;35m[Kwarning: [m[K'[01m[Kbool rclcpp::is_initialized(rclcpp::Context::SharedPtr)[m[K' is deprecated: use the function ok() instead, which has the same usage. [[01;35m[K-Wdeprecated-declarations[m[K]
   77 |   if (!rclcpp::is_initialized([01;35m[K)[m[K) {
      |                               [01;35m[K^[m[K
In file included from [01m[K/opt/ros/foxy/include/rclcpp/client.hpp:36[m[K,
                 from [01m[K/opt/ros/foxy/include/rclcpp/callback_group.hpp:23[m[K,
                 from [01m[K/opt/ros/foxy/include/rclcpp/any_executable.hpp:20[m[K,
                 from [01m[K/opt/ros/foxy/include/rclcpp/memory_strategy.hpp:24[m[K,
                 from [01m[K/opt/ros/foxy/include/rclcpp/memory_strategies.hpp:18[m[K,
                 from [01m[K/opt/ros/foxy/include/rclcpp/executor_options.hpp:20[m[K,
                 from [01m[K/opt/ros/foxy/include/rclcpp/executor.hpp:33[m[K,
                 from [01m[K/opt/ros/foxy/include/rclcpp/executors/multi_threaded_executor.hpp:25[m[K,
                 from [01m[K/opt/ros/foxy/include/rclcpp/executors.hpp:21[m[K,
                 from [01m[K/opt/ros/foxy/include/rclcpp/rclcpp.hpp:146[m[K,
                 from [01m[K/opt/ros/foxy/include/gazebo_ros/node.hpp:18[m[K,
                 from [01m[K/home/user/ros2_ws/src/ros2_mara/mara/mara_contact_publisher/src/ContactPublisher.cpp:25[m[K:
[01m[K/opt/ros/foxy/include/rclcpp/utilities.hpp:159:1:[m[K [01;36m[Knote: [m[Kdeclared here
  159 | [01;36m[Kis_initialized[m[K(rclcpp::Context::SharedPtr context = nullptr);
      | [01;36m[K^~~~~~~~~~~~~~[m[K
[01m[K/home/user/ros2_ws/src/ros2_mara/mara/mara_contact_publisher/src/ContactPublisher.cpp:77:31:[m[K [01;35m[Kwarning: [m[K'[01m[Kbool rclcpp::is_initialized(rclcpp::Context::SharedPtr)[m[K' is deprecated: use the function ok() instead, which has the same usage. [[01;35m[K-Wdeprecated-declarations[m[K]
   77 |   if (!rclcpp::is_initialized([01;35m[K)[m[K) {
      |                               [01;35m[K^[m[K
In file included from [01m[K/opt/ros/foxy/include/rclcpp/client.hpp:36[m[K,
                 from [01m[K/opt/ros/foxy/include/rclcpp/callback_group.hpp:23[m[K,
                 from [01m[K/opt/ros/foxy/include/rclcpp/any_executable.hpp:20[m[K,
                 from [01m[K/opt/ros/foxy/include/rclcpp/memory_strategy.hpp:24[m[K,
                 from [01m[K/opt/ros/foxy/include/rclcpp/memory_strategies.hpp:18[m[K,
                 from [01m[K/opt/ros/foxy/include/rclcpp/executor_options.hpp:20[m[K,
                 from [01m[K/opt/ros/foxy/include/rclcpp/executor.hpp:33[m[K,
                 from [01m[K/opt/ros/foxy/include/rclcpp/executors/multi_threaded_executor.hpp:25[m[K,
                 from [01m[K/opt/ros/foxy/include/rclcpp/executors.hpp:21[m[K,
                 from [01m[K/opt/ros/foxy/include/rclcpp/rclcpp.hpp:146[m[K,
                 from [01m[K/opt/ros/foxy/include/gazebo_ros/node.hpp:18[m[K,
                 from [01m[K/home/user/ros2_ws/src/ros2_mara/mara/mara_contact_publisher/src/ContactPublisher.cpp:25[m[K:
[01m[K/opt/ros/foxy/include/rclcpp/utilities.hpp:159:1:[m[K [01;36m[Knote: [m[Kdeclared here
  159 | [01;36m[Kis_initialized[m[K(rclcpp::Context::SharedPtr context = nullptr);
      | [01;36m[K^~~~~~~~~~~~~~[m[K
