-- The C compiler identification is GNU 9.3.0
-- The CXX compiler identification is GNU 9.3.0
-- Check for working C compiler: /usr/bin/cc
-- Check for working C compiler: /usr/bin/cc -- works
-- Detecting C compiler ABI info
-- Detecting C compiler ABI info - done
-- Detecting C compile features
-- Detecting C compile features - done
-- Check for working CXX compiler: /usr/bin/c++
-- Check for working CXX compiler: /usr/bin/c++ -- works
-- Detecting CXX compiler ABI info
-- Detecting CXX compiler ABI info - done
-- Detecting CXX compile features
-- Detecting CXX compile features - done
-- Found ament_cmake: 0.9.7 (/opt/ros/foxy/share/ament_cmake/cmake)
-- Found PythonInterp: /usr/bin/python3 (found suitable version "3.8.5", minimum required is "3") 
-- Using PYTHON_EXECUTABLE: /usr/bin/python3
-- Found gazebo_dev: 3.5.0 (/opt/ros/foxy/share/gazebo_dev/cmake)
-- Found PkgConfig: /usr/bin/pkg-config (found version "0.29.1") 
-- Checking for module 'bullet>=2.82'
--   Found bullet, version 2.88
-- Found ccd: /usr/include (found suitable version "2.0", minimum required is "2.0") 
-- Found fcl: /usr/include (found suitable version "0.5.0", minimum required is "0.3.2") 
-- Found assimp: /usr/include (found version "5.0.0") 
-- Found DART: /usr/include (Required is at least version "6.6") found components: dart 
-- Found Boost: /usr/lib/x86_64-linux-gnu/cmake/Boost-1.71.0/BoostConfig.cmake (found suitable version "1.71.0", minimum required is "1.40.0") found components: thread system filesystem program_options regex iostreams date_time 
-- Found Protobuf: /usr/lib/x86_64-linux-gnu/libprotobuf.so;-lpthread (found version "3.6.1") 
-- Looking for ignition-math6 -- found version 6.4.0
-- Searching for dependencies of ignition-math6
-- Looking for OGRE...
-- OGRE_PREFIX_WATCH changed.
-- Checking for module 'OGRE'
--   Found OGRE, version 1.9.0
-- Found Ogre Ghadamon (1.9.0)
-- Found OGRE: optimized;/usr/lib/x86_64-linux-gnu/libOgreMain.so;debug;/usr/lib/x86_64-linux-gnu/libOgreMain.so
-- Looking for OGRE_Paging...
-- Found OGRE_Paging: optimized;/usr/lib/x86_64-linux-gnu/libOgrePaging.so;debug;/usr/lib/x86_64-linux-gnu/libOgrePaging.so
-- Looking for OGRE_Terrain...
-- Found OGRE_Terrain: optimized;/usr/lib/x86_64-linux-gnu/libOgreTerrain.so;debug;/usr/lib/x86_64-linux-gnu/libOgreTerrain.so
-- Looking for OGRE_Property...
-- Found OGRE_Property: optimized;/usr/lib/x86_64-linux-gnu/libOgreProperty.so;debug;/usr/lib/x86_64-linux-gnu/libOgreProperty.so
-- Looking for OGRE_RTShaderSystem...
-- Found OGRE_RTShaderSystem: optimized;/usr/lib/x86_64-linux-gnu/libOgreRTShaderSystem.so;debug;/usr/lib/x86_64-linux-gnu/libOgreRTShaderSystem.so
-- Looking for OGRE_Volume...
-- Found OGRE_Volume: optimized;/usr/lib/x86_64-linux-gnu/libOgreVolume.so;debug;/usr/lib/x86_64-linux-gnu/libOgreVolume.so
-- Looking for OGRE_Overlay...
-- Found OGRE_Overlay: optimized;/usr/lib/x86_64-linux-gnu/libOgreOverlay.so;debug;/usr/lib/x86_64-linux-gnu/libOgreOverlay.so
-- Looking for ignition-math6 -- found version 6.4.0
-- Looking for ignition-transport8 -- found version 8.1.0
-- Searching for dependencies of ignition-transport8
-- Found Protobuf: /usr/lib/x86_64-linux-gnu/libprotobuf.so;-lpthread (found suitable version "3.6.1", minimum required is "3") 
-- Config-file not installed for ZeroMQ -- checking for pkg-config
-- Checking for module 'libzmq >= 4'
--   Found libzmq , version 4.3.2
-- Found ZeroMQ: TRUE (Required is at least version "4") 
-- Checking for module 'uuid'
--   Found uuid, version 2.34.0
-- Found UUID: TRUE  
-- Looking for ignition-msgs5 -- found version 5.3.0
-- Searching for dependencies of ignition-msgs5
-- Looking for ignition-math6 -- found version 6.4.0
-- Checking for module 'tinyxml2'
--   Found tinyxml2, version 6.2.0
-- Looking for ignition-msgs5 -- found version 5.3.0
-- Looking for ignition-common3 -- found version 3.6.0
-- Searching for dependencies of ignition-common3
-- Looking for dlfcn.h - found
-- Looking for libdl - found
-- Found DL: TRUE  
-- Searching for <ignition-common3> component [graphics]
-- Looking for ignition-common3-graphics -- found version 3.6.0
-- Searching for dependencies of ignition-common3-graphics
-- Looking for ignition-math6 -- found version 6.4.0
-- Looking for ignition-fuel_tools4 -- found version 4.2.1
-- Searching for dependencies of ignition-fuel_tools4
-- Found CURL: /usr/lib/x86_64-linux-gnu/libcurl.so (found version "7.68.0")  
-- Checking for module 'jsoncpp'
--   Found jsoncpp, version 1.7.4
-- Found JSONCPP: TRUE  
-- Checking for module 'libzip'
--   Found libzip, version 1.5.1
-- Found ZIP: TRUE  
-- Looking for ignition-common3 -- found version 3.6.0
-- Looking for ignition-msgs5 -- found version 5.3.0
-- Gazebo version: 11.1
-- Found gazebo_ros: 3.5.0 (/opt/ros/foxy/share/gazebo_ros/cmake)
-- Using all available rosidl_typesupport_c: rosidl_typesupport_fastrtps_c;rosidl_typesupport_introspection_c
-- Found rosidl_adapter: 1.1.0 (/opt/ros/foxy/share/rosidl_adapter/cmake)
-- Found OpenSSL: /usr/lib/x86_64-linux-gnu/libcrypto.so (found version "1.1.1f")  
-- Found FastRTPS: /opt/ros/foxy/include  
-- Using all available rosidl_typesupport_cpp: rosidl_typesupport_fastrtps_cpp;rosidl_typesupport_introspection_cpp
-- Found rmw_implementation_cmake: 1.0.2 (/opt/ros/foxy/share/rmw_implementation_cmake/cmake)
-- Using RMW implementation 'rmw_fastrtps_cpp' as default
-- Found Threads: TRUE  
-- Found gazebo_msgs: 3.5.0 (/opt/ros/foxy/share/gazebo_msgs/cmake)
-- Configuring done
-- Generating done
-- Build files have been written to: /home/user/ros2_ws/build/mara_contact_publisher
[35m[1mScanning dependencies of target mara_contact_publisher[0m
[ 50%] [32mBuilding CXX object CMakeFiles/mara_contact_publisher.dir/src/ContactPublisher.cpp.o[0m
[01m[K/home/user/ros2_ws/src/ros2_mara/mara/mara_contact_publisher/src/ContactPublisher.cpp:[m[K In function '[01m[Kint main(int, char**)[m[K':
[01m[K/home/user/ros2_ws/src/ros2_mara/mara/mara_contact_publisher/src/ContactPublisher.cpp:77:16:[m[K [01;35m[Kwarning: [m[K'[01m[Kbool rclcpp::is_initialized(rclcpp::Context::SharedPtr)[m[K' is deprecated: use the function ok() instead, which has the same usage. [[01;35m[K-Wdeprecated-declarations[m[K]
   77 |   if (!rclcpp::[01;35m[Kis_initialized[m[K()) {
      |                [01;35m[K^~~~~~~~~~~~~~[m[K
In file included from [01m[K/opt/ros/foxy/include/rclcpp/client.hpp:36[m[K,
                 from [01m[K/opt/ros/foxy/include/rclcpp/callback_group.hpp:23[m[K,
                 from [01m[K/opt/ros/foxy/include/rclcpp/any_executable.hpp:20[m[K,
                 from [01m[K/opt/ros/foxy/include/rclcpp/memory_strategy.hpp:24[m[K,
                 from [01m[K/opt/ros/foxy/include/rclcpp/memory_strategies.hpp:18[m[K,
                 from [01m[K/opt/ros/foxy/include/rclcpp/executor_options.hpp:20[m[K,
                 from [01m[K/opt/ros/foxy/include/rclcpp/executor.hpp:33[m[K,
                 from [01m[K/opt/ros/foxy/include/rclcpp/executors/multi_threaded_executor.hpp:25[m[K,
                 from [01m[K/opt/ros/foxy/include/rclcpp/executors.hpp:21[m[K,
                 from [01m[K/opt/ros/foxy/include/rclcpp/rclcpp.hpp:146[m[K,
                 from [01m[K/opt/ros/foxy/include/gazebo_ros/node.hpp:18[m[K,
                 from [01m[K/home/user/ros2_ws/src/ros2_mara/mara/mara_contact_publisher/src/ContactPublisher.cpp:25[m[K:
[01m[K/opt/ros/foxy/include/rclcpp/utilities.hpp:159:1:[m[K [01;36m[Knote: [m[Kdeclared here
  159 | [01;36m[Kis_initialized[m[K(rclcpp::Context::SharedPtr context = nullptr);
      | [01;36m[K^~~~~~~~~~~~~~[m[K
[01m[K/home/user/ros2_ws/src/ros2_mara/mara/mara_contact_publisher/src/ContactPublisher.cpp:77:31:[m[K [01;35m[Kwarning: [m[K'[01m[Kbool rclcpp::is_initialized(rclcpp::Context::SharedPtr)[m[K' is deprecated: use the function ok() instead, which has the same usage. [[01;35m[K-Wdeprecated-declarations[m[K]
   77 |   if (!rclcpp::is_initialized([01;35m[K)[m[K) {
      |                               [01;35m[K^[m[K
In file included from [01m[K/opt/ros/foxy/include/rclcpp/client.hpp:36[m[K,
                 from [01m[K/opt/ros/foxy/include/rclcpp/callback_group.hpp:23[m[K,
                 from [01m[K/opt/ros/foxy/include/rclcpp/any_executable.hpp:20[m[K,
                 from [01m[K/opt/ros/foxy/include/rclcpp/memory_strategy.hpp:24[m[K,
                 from [01m[K/opt/ros/foxy/include/rclcpp/memory_strategies.hpp:18[m[K,
                 from [01m[K/opt/ros/foxy/include/rclcpp/executor_options.hpp:20[m[K,
                 from [01m[K/opt/ros/foxy/include/rclcpp/executor.hpp:33[m[K,
                 from [01m[K/opt/ros/foxy/include/rclcpp/executors/multi_threaded_executor.hpp:25[m[K,
                 from [01m[K/opt/ros/foxy/include/rclcpp/executors.hpp:21[m[K,
                 from [01m[K/opt/ros/foxy/include/rclcpp/rclcpp.hpp:146[m[K,
                 from [01m[K/opt/ros/foxy/include/gazebo_ros/node.hpp:18[m[K,
                 from [01m[K/home/user/ros2_ws/src/ros2_mara/mara/mara_contact_publisher/src/ContactPublisher.cpp:25[m[K:
[01m[K/opt/ros/foxy/include/rclcpp/utilities.hpp:159:1:[m[K [01;36m[Knote: [m[Kdeclared here
  159 | [01;36m[Kis_initialized[m[K(rclcpp::Context::SharedPtr context = nullptr);
      | [01;36m[K^~~~~~~~~~~~~~[m[K
[01m[K/home/user/ros2_ws/src/ros2_mara/mara/mara_contact_publisher/src/ContactPublisher.cpp:77:31:[m[K [01;35m[Kwarning: [m[K'[01m[Kbool rclcpp::is_initialized(rclcpp::Context::SharedPtr)[m[K' is deprecated: use the function ok() instead, which has the same usage. [[01;35m[K-Wdeprecated-declarations[m[K]
   77 |   if (!rclcpp::is_initialized([01;35m[K)[m[K) {
      |                               [01;35m[K^[m[K
In file included from [01m[K/opt/ros/foxy/include/rclcpp/client.hpp:36[m[K,
                 from [01m[K/opt/ros/foxy/include/rclcpp/callback_group.hpp:23[m[K,
                 from [01m[K/opt/ros/foxy/include/rclcpp/any_executable.hpp:20[m[K,
                 from [01m[K/opt/ros/foxy/include/rclcpp/memory_strategy.hpp:24[m[K,
                 from [01m[K/opt/ros/foxy/include/rclcpp/memory_strategies.hpp:18[m[K,
                 from [01m[K/opt/ros/foxy/include/rclcpp/executor_options.hpp:20[m[K,
                 from [01m[K/opt/ros/foxy/include/rclcpp/executor.hpp:33[m[K,
                 from [01m[K/opt/ros/foxy/include/rclcpp/executors/multi_threaded_executor.hpp:25[m[K,
                 from [01m[K/opt/ros/foxy/include/rclcpp/executors.hpp:21[m[K,
                 from [01m[K/opt/ros/foxy/include/rclcpp/rclcpp.hpp:146[m[K,
                 from [01m[K/opt/ros/foxy/include/gazebo_ros/node.hpp:18[m[K,
                 from [01m[K/home/user/ros2_ws/src/ros2_mara/mara/mara_contact_publisher/src/ContactPublisher.cpp:25[m[K:
[01m[K/opt/ros/foxy/include/rclcpp/utilities.hpp:159:1:[m[K [01;36m[Knote: [m[Kdeclared here
  159 | [01;36m[Kis_initialized[m[K(rclcpp::Context::SharedPtr context = nullptr);
      | [01;36m[K^~~~~~~~~~~~~~[m[K
[100%] [32m[1mLinking CXX executable mara_contact_publisher[0m
[100%] Built target mara_contact_publisher
-- Install configuration: ""
-- Installing: /home/user/ros2_ws/install/mara_contact_publisher/lib/mara_contact_publisher/mara_contact_publisher
-- Set runtime path of "/home/user/ros2_ws/install/mara_contact_publisher/lib/mara_contact_publisher/mara_contact_publisher" to ""
-- Installing: /home/user/ros2_ws/install/mara_contact_publisher/share/ament_index/resource_index/package_run_dependencies/mara_contact_publisher
-- Installing: /home/user/ros2_ws/install/mara_contact_publisher/share/ament_index/resource_index/parent_prefix_path/mara_contact_publisher
-- Installing: /home/user/ros2_ws/install/mara_contact_publisher/share/mara_contact_publisher/environment/ament_prefix_path.sh
-- Installing: /home/user/ros2_ws/install/mara_contact_publisher/share/mara_contact_publisher/environment/ament_prefix_path.dsv
-- Installing: /home/user/ros2_ws/install/mara_contact_publisher/share/mara_contact_publisher/environment/path.sh
-- Installing: /home/user/ros2_ws/install/mara_contact_publisher/share/mara_contact_publisher/environment/path.dsv
-- Installing: /home/user/ros2_ws/install/mara_contact_publisher/share/mara_contact_publisher/local_setup.bash
-- Installing: /home/user/ros2_ws/install/mara_contact_publisher/share/mara_contact_publisher/local_setup.sh
-- Installing: /home/user/ros2_ws/install/mara_contact_publisher/share/mara_contact_publisher/local_setup.zsh
-- Installing: /home/user/ros2_ws/install/mara_contact_publisher/share/mara_contact_publisher/local_setup.dsv
-- Installing: /home/user/ros2_ws/install/mara_contact_publisher/share/mara_contact_publisher/package.dsv
-- Installing: /home/user/ros2_ws/install/mara_contact_publisher/share/ament_index/resource_index/packages/mara_contact_publisher
-- Installing: /home/user/ros2_ws/install/mara_contact_publisher/share/mara_contact_publisher/cmake/mara_contact_publisherConfig.cmake
-- Installing: /home/user/ros2_ws/install/mara_contact_publisher/share/mara_contact_publisher/cmake/mara_contact_publisherConfig-version.cmake
-- Installing: /home/user/ros2_ws/install/mara_contact_publisher/share/mara_contact_publisher/package.xml
