-- Found ament_cmake: 0.9.9 (/opt/ros/foxy/share/ament_cmake/cmake)
-- Found PythonInterp: /usr/bin/python3 (found suitable version "3.8.10", minimum required is "3") 
-- Using PYTHON_EXECUTABLE: /usr/bin/python3
-- Found rosidl_default_generators: 1.0.1 (/opt/ros/foxy/share/rosidl_default_generators/cmake)
-- Using all available rosidl_typesupport_c: rosidl_typesupport_fastrtps_c;rosidl_typesupport_introspection_c
-- Found rosidl_adapter: 1.2.1 (/opt/ros/foxy/share/rosidl_adapter/cmake)
-- Using all available rosidl_typesupport_cpp: rosidl_typesupport_fastrtps_cpp;rosidl_typesupport_introspection_cpp
-- Found std_msgs: 2.0.4 (/opt/ros/foxy/share/std_msgs/cmake)
-- Found PythonInterp: /usr/bin/python3 (found version "3.8.10") 
-- Found ament_cmake_ros: 0.9.2 (/opt/ros/foxy/share/ament_cmake_ros/cmake)
-- Using all available rosidl_typesupport_c: rosidl_typesupport_fastrtps_c;rosidl_typesupport_introspection_c
-- Using all available rosidl_typesupport_cpp: rosidl_typesupport_fastrtps_cpp;rosidl_typesupport_introspection_cpp
-- Found PythonInterp: /usr/bin/python3 (found suitable version "3.8.10", minimum required is "3.5") 
-- Found python_cmake_module: 0.8.1 (/opt/ros/foxy/share/python_cmake_module/cmake)
-- Found PythonLibs: /usr/lib/x86_64-linux-gnu/libpython3.8.so (found suitable version "3.8.10", minimum required is "3.5") 
-- Using PYTHON_EXECUTABLE: /usr/bin/python3
-- Using PYTHON_INCLUDE_DIRS: /usr/include/python3.8
-- Using PYTHON_LIBRARIES: /usr/lib/x86_64-linux-gnu/libpython3.8.so
-- Configuring done
-- Generating done
-- Build files have been written to: /home/user/ros2_ws/build/hrim_generic_msgs
[  2%] [34m[1mGenerating C++ code for ROS interfaces[0m
[  2%] Built target hrim_generic_msgs__cpp
[  4%] [34m[1mGenerating C code for ROS interfaces[0m
[35m[1mScanning dependencies of target hrim_generic_msgs__rosidl_generator_c[0m
[  6%] [32mBuilding C object CMakeFiles/hrim_generic_msgs__rosidl_generator_c.dir/rosidl_generator_c/hrim_generic_msgs/msg/detail/power__functions.c.o[0m
[  8%] [32mBuilding C object CMakeFiles/hrim_generic_msgs__rosidl_generator_c.dir/rosidl_generator_c/hrim_generic_msgs/msg/detail/status__functions.c.o[0m
[ 10%] [32mBuilding C object CMakeFiles/hrim_generic_msgs__rosidl_generator_c.dir/rosidl_generator_c/hrim_generic_msgs/msg/detail/state_communication__functions.c.o[0m
[ 12%] [32m[1mLinking C shared library libhrim_generic_msgs__rosidl_generator_c.so[0m
[ 12%] Built target hrim_generic_msgs__rosidl_generator_c
[ 14%] [34m[1mGenerating C++ introspection for ROS interfaces[0m
Traceback (most recent call last):
  File "/opt/ros/foxy/lib/rosidl_typesupport_introspection_cpp/rosidl_typesupport_introspection_cpp", line 23, in <module>
    sys.exit(main())
  File "/opt/ros/foxy/lib/rosidl_typesupport_introspection_cpp/rosidl_typesupport_introspection_cpp", line 19, in main
    return generate_cpp(args.generator_arguments_file)
  File "/opt/ros/foxy/lib/python3.8/site-packages/rosidl_typesupport_introspection_cpp/__init__.py", line 24, in generate_cpp
    generate_files(generator_arguments_file, mapping)
  File "/opt/ros/foxy/lib/python3.8/site-packages/rosidl_cmake/__init__.py", line 74, in generate_files
    idl_file = parse_idl_file(locator)
  File "/opt/ros/foxy/lib/python3.8/site-packages/rosidl_parser/parser.py", line 64, in parse_idl_file
    content = parse_idl_string(string, png_file=png_file)
  File "/opt/ros/foxy/lib/python3.8/site-packages/rosidl_parser/parser.py", line 72, in parse_idl_string
    tree = get_ast_from_idl_string(idl_string)
  File "/opt/ros/foxy/lib/python3.8/site-packages/rosidl_parser/parser.py", line 89, in get_ast_from_idl_string
    return _parser.parse(idl_string)
  File "/usr/lib/python3/dist-packages/lark/lark.py", line 293, in parse
    return self.parser.parse(text, start=start)
  File "/usr/lib/python3/dist-packages/lark/parser_frontends.py", line 193, in parse
    return self._parse(text, start)
  File "/usr/lib/python3/dist-packages/lark/parser_frontends.py", line 54, in _parse
    return self.parser.parse(input, start, *args)
  File "/usr/lib/python3/dist-packages/lark/parsers/earley.py", line 292, in parse
    to_scan = self._parse(stream, columns, to_scan, start_symbol)
  File "/usr/lib/python3/dist-packages/lark/parsers/xearley.py", line 135, in _parse
    self.predict_and_complete(i, to_scan, columns, transitives)
  File "/usr/lib/python3/dist-packages/lark/parsers/earley.py", line 129, in predict_and_complete
    new_item = Item(rule, 0, i)
  File "/usr/lib/python3/dist-packages/lark/parsers/earley_common.py", line 36, in __init__
    self._hash = hash((self.s, self.start))
KeyboardInterrupt
make[2]: *** [CMakeFiles/hrim_generic_msgs__rosidl_typesupport_introspection_cpp.dir/build.make:104: rosidl_typesupport_introspection_cpp/hrim_generic_msgs/msg/detail/power__rosidl_typesupport_introspection_cpp.hpp] Interrupt
make[1]: *** [CMakeFiles/Makefile2:498: CMakeFiles/hrim_generic_msgs__rosidl_typesupport_introspection_cpp.dir/all] Interrupt
make: *** [Makefile:141: all] Interrupt
