[0.190s] Invoking command in '/home/user/ros2_ws/build/hrim_generic_msgs': CMAKE_PREFIX_PATH=${CMAKE_PREFIX_PATH}:/opt/ros/foxy _=/usr/bin/env /usr/bin/cmake --build /home/user/ros2_ws/build/hrim_generic_msgs -- -j8 -l8
[0.678s] -- Found ament_cmake: 0.9.9 (/opt/ros/foxy/share/ament_cmake/cmake)
[0.928s] -- Found PythonInterp: /usr/bin/python3 (found suitable version "3.8.10", minimum required is "3") 
[0.928s] -- Using PYTHON_EXECUTABLE: /usr/bin/python3
[3.010s] -- Found rosidl_default_generators: 1.0.1 (/opt/ros/foxy/share/rosidl_default_generators/cmake)
[3.132s] -- Using all available rosidl_typesupport_c: rosidl_typesupport_fastrtps_c;rosidl_typesupport_introspection_c
[3.154s] -- Found rosidl_adapter: 1.2.1 (/opt/ros/foxy/share/rosidl_adapter/cmake)
[5.351s] -- Using all available rosidl_typesupport_cpp: rosidl_typesupport_fastrtps_cpp;rosidl_typesupport_introspection_cpp
[5.550s] -- Found std_msgs: 2.0.4 (/opt/ros/foxy/share/std_msgs/cmake)
[5.949s] -- Found PythonInterp: /usr/bin/python3 (found version "3.8.10") 
[7.419s] -- Found ament_cmake_ros: 0.9.2 (/opt/ros/foxy/share/ament_cmake_ros/cmake)
[9.915s] -- Using all available rosidl_typesupport_c: rosidl_typesupport_fastrtps_c;rosidl_typesupport_introspection_c
[10.331s] -- Using all available rosidl_typesupport_cpp: rosidl_typesupport_fastrtps_cpp;rosidl_typesupport_introspection_cpp
[10.564s] -- Found PythonInterp: /usr/bin/python3 (found suitable version "3.8.10", minimum required is "3.5") 
[10.565s] -- Found python_cmake_module: 0.8.1 (/opt/ros/foxy/share/python_cmake_module/cmake)
[10.801s] -- Found PythonLibs: /usr/lib/x86_64-linux-gnu/libpython3.8.so (found suitable version "3.8.10", minimum required is "3.5") 
[10.801s] -- Using PYTHON_EXECUTABLE: /usr/bin/python3
[10.801s] -- Using PYTHON_INCLUDE_DIRS: /usr/include/python3.8
[10.804s] -- Using PYTHON_LIBRARIES: /usr/lib/x86_64-linux-gnu/libpython3.8.so
[11.180s] -- Configuring done
[11.530s] -- Generating done
[11.543s] -- Build files have been written to: /home/user/ros2_ws/build/hrim_generic_msgs
[11.851s] [  2%] [34m[1mGenerating C++ code for ROS interfaces[0m
[16.168s] [  2%] Built target hrim_generic_msgs__cpp
[16.275s] [  4%] [34m[1mGenerating C code for ROS interfaces[0m
[21.644s] [35m[1mScanning dependencies of target hrim_generic_msgs__rosidl_generator_c[0m
[22.012s] [  6%] [32mBuilding C object CMakeFiles/hrim_generic_msgs__rosidl_generator_c.dir/rosidl_generator_c/hrim_generic_msgs/msg/detail/power__functions.c.o[0m
[22.362s] [  8%] [32mBuilding C object CMakeFiles/hrim_generic_msgs__rosidl_generator_c.dir/rosidl_generator_c/hrim_generic_msgs/msg/detail/status__functions.c.o[0m
[22.645s] [ 10%] [32mBuilding C object CMakeFiles/hrim_generic_msgs__rosidl_generator_c.dir/rosidl_generator_c/hrim_generic_msgs/msg/detail/state_communication__functions.c.o[0m
[22.903s] [ 12%] [32m[1mLinking C shared library libhrim_generic_msgs__rosidl_generator_c.so[0m
[23.302s] [ 12%] Built target hrim_generic_msgs__rosidl_generator_c
[23.353s] [ 14%] [34m[1mGenerating C++ introspection for ROS interfaces[0m
[24.870s] Traceback (most recent call last):
[24.870s]   File "/opt/ros/foxy/lib/rosidl_typesupport_introspection_cpp/rosidl_typesupport_introspection_cpp", line 23, in <module>
[24.872s]     sys.exit(main())
[24.872s]   File "/opt/ros/foxy/lib/rosidl_typesupport_introspection_cpp/rosidl_typesupport_introspection_cpp", line 19, in main
[24.872s]     return generate_cpp(args.generator_arguments_file)
[24.872s]   File "/opt/ros/foxy/lib/python3.8/site-packages/rosidl_typesupport_introspection_cpp/__init__.py", line 24, in generate_cpp
[24.872s]     generate_files(generator_arguments_file, mapping)
[24.873s]   File "/opt/ros/foxy/lib/python3.8/site-packages/rosidl_cmake/__init__.py", line 74, in generate_files
[24.873s]     idl_file = parse_idl_file(locator)
[24.873s]   File "/opt/ros/foxy/lib/python3.8/site-packages/rosidl_parser/parser.py", line 64, in parse_idl_file
[24.873s]     content = parse_idl_string(string, png_file=png_file)
[24.874s]   File "/opt/ros/foxy/lib/python3.8/site-packages/rosidl_parser/parser.py", line 72, in parse_idl_string
[24.875s]     tree = get_ast_from_idl_string(idl_string)
[24.875s]   File "/opt/ros/foxy/lib/python3.8/site-packages/rosidl_parser/parser.py", line 89, in get_ast_from_idl_string
[24.875s]     return _parser.parse(idl_string)
[24.876s]   File "/usr/lib/python3/dist-packages/lark/lark.py", line 293, in parse
[24.876s]     return self.parser.parse(text, start=start)
[24.876s]   File "/usr/lib/python3/dist-packages/lark/parser_frontends.py", line 193, in parse
[24.877s]     return self._parse(text, start)
[24.877s]   File "/usr/lib/python3/dist-packages/lark/parser_frontends.py", line 54, in _parse
[24.877s]     return self.parser.parse(input, start, *args)
[24.877s]   File "/usr/lib/python3/dist-packages/lark/parsers/earley.py", line 292, in parse
[24.878s]     to_scan = self._parse(stream, columns, to_scan, start_symbol)
[24.878s]   File "/usr/lib/python3/dist-packages/lark/parsers/xearley.py", line 135, in _parse
[24.910s]     self.predict_and_complete(i, to_scan, columns, transitives)
[24.910s]   File "/usr/lib/python3/dist-packages/lark/parsers/earley.py", line 129, in predict_and_complete
[24.910s]     new_item = Item(rule, 0, i)
[24.911s]   File "/usr/lib/python3/dist-packages/lark/parsers/earley_common.py", line 36, in __init__
[24.911s]     self._hash = hash((self.s, self.start))
[24.911s] KeyboardInterrupt
[24.934s] make[2]: *** [CMakeFiles/hrim_generic_msgs__rosidl_typesupport_introspection_cpp.dir/build.make:104: rosidl_typesupport_introspection_cpp/hrim_generic_msgs/msg/detail/power__rosidl_typesupport_introspection_cpp.hpp] Interrupt
[24.934s] make[1]: *** [CMakeFiles/Makefile2:498: CMakeFiles/hrim_generic_msgs__rosidl_typesupport_introspection_cpp.dir/all] Interrupt
[24.934s] make: *** [Makefile:141: all] Interrupt
[25.028s] Invoked command in '/home/user/ros2_ws/build/hrim_generic_msgs' returned '-2': CMAKE_PREFIX_PATH=${CMAKE_PREFIX_PATH}:/opt/ros/foxy _=/usr/bin/env /usr/bin/cmake --build /home/user/ros2_ws/build/hrim_generic_msgs -- -j8 -l8
