[0.000000] (-) TimerEvent: {}
[0.010912] (-) JobUnselected: {'identifier': 'control_msgs'}
[0.011018] (-) JobUnselected: {'identifier': 'gripper_minimal_service'}
[0.011075] (-) JobUnselected: {'identifier': 'gripper_minimal_subscriber'}
[0.011126] (-) JobUnselected: {'identifier': 'hans_modular_gazebo'}
[0.011175] (-) JobUnselected: {'identifier': 'hans_t30_description'}
[0.011227] (-) JobUnselected: {'identifier': 'hans_t49_description'}
[0.011278] (-) JobUnselected: {'identifier': 'hans_t9_4_description'}
[0.011326] (-) JobUnselected: {'identifier': 'hrim_actuator_gripper_msgs'}
[0.011375] (-) JobUnselected: {'identifier': 'hrim_actuator_gripper_srvs'}
[0.011422] (-) JobUnselected: {'identifier': 'hrim_actuator_rotaryservo_actions'}
[0.011469] (-) JobUnselected: {'identifier': 'hrim_actuator_rotaryservo_msgs'}
[0.011517] (-) JobUnselected: {'identifier': 'hrim_actuator_rotaryservo_srvs'}
[0.011563] (-) JobUnselected: {'identifier': 'hrim_generic_msgs'}
[0.011610] (-) JobUnselected: {'identifier': 'hrim_generic_srvs'}
[0.011658] (-) JobUnselected: {'identifier': 'hros_cognition_mara_components'}
[0.011705] (-) JobUnselected: {'identifier': 'individual_trajectories_bridge'}
[0.011753] (-) JobUnselected: {'identifier': 'mara_bringup'}
[0.011801] (-) JobUnselected: {'identifier': 'mara_contact_publisher'}
[0.011848] (-) JobUnselected: {'identifier': 'mara_description'}
[0.011904] (-) JobUnselected: {'identifier': 'mara_gazebo'}
[0.011957] (-) JobUnselected: {'identifier': 'mara_gazebo_plugins'}
[0.012005] (-) JobUnselected: {'identifier': 'mara_minimal_publisher'}
[0.012053] (-) JobUnselected: {'identifier': 'mara_minimal_subscriber'}
[0.012101] (-) JobUnselected: {'identifier': 'mara_minimal_trajectory_action'}
[0.012148] (-) JobUnselected: {'identifier': 'mara_utils_scripts'}
[0.012195] (-) JobUnselected: {'identifier': 'robotiq_140_gripper_description'}
[0.012242] (-) JobUnselected: {'identifier': 'robotiq_85_gripper_description'}
[0.012289] (-) JobUnselected: {'identifier': 'robotiq_gazebo'}
[0.012335] (-) JobUnselected: {'identifier': 'robotiq_gripper_gazebo_plugins'}
[0.012383] (-) JobUnselected: {'identifier': 'robotiq_hande_gripper_description'}
[0.012435] (ldmk_package) JobQueued: {'identifier': 'ldmk_package', 'dependencies': OrderedDict([('hrim_actuator_rotaryservo_msgs', '/home/user/ros2_ws/install/hrim_actuator_rotaryservo_msgs')])}
[0.012501] (ldmk_package) JobStarted: {'identifier': 'ldmk_package'}
[0.101535] (-) TimerEvent: {}
[0.202998] (-) TimerEvent: {}
[0.303762] (-) TimerEvent: {}
[0.404319] (-) TimerEvent: {}
[0.504812] (-) TimerEvent: {}
[0.605296] (-) TimerEvent: {}
[0.705767] (-) TimerEvent: {}
[0.810899] (-) TimerEvent: {}
[0.911766] (-) TimerEvent: {}
[1.012476] (-) TimerEvent: {}
[1.113023] (-) TimerEvent: {}
[1.213803] (-) TimerEvent: {}
[1.315076] (-) TimerEvent: {}
[1.331984] (ldmk_package) StderrLine: {'line': b'Traceback (most recent call last):\n  File "/usr/lib/python3/dist-packages/colcon_core/executor/__init__.py", line 91, in __call__\n    rc = await self.task(*args, **kwargs)\n  File "/usr/lib/python3/dist-packages/colcon_core/task/__init__.py", line 93, in __call__\n    return await task_method(*args, **kwargs)\n  File "/usr/lib/python3/dist-packages/colcon_ros/task/ament_python/build.py", line 51, in build\n    setup_py_data = get_setup_data(self.context.pkg, env)\n  File "/usr/lib/python3/dist-packages/colcon_core/task/python/__init__.py", line 20, in get_setup_data\n    return dict(pkg.metadata[key](env))\n  File "/usr/lib/python3/dist-packages/colcon_ros/package_identification/ros.py", line 129, in getter\n    return get_setup_information(\n  File "/usr/lib/python3/dist-packages/colcon_python_setup_py/package_identification/python_setup_py.py", line 241, in get_setup_information\n    _setup_information_cache[hashable_env] = _get_setup_information(\n  File "/usr/lib/python3/dist-packages/colcon_python_setup_py/package_identification/python_setup_py.py", line 281, in _get_setup_information\n    result = subprocess.run(\n  File "/usr/lib/python3.8/subprocess.py", line 516, in run\n    raise CalledProcessError(retcode, process.args,\nsubprocess.CalledProcessError: Command \'[\'/usr/bin/python3\', \'-c\', "import sys;from setuptools.extern.packaging.specifiers import SpecifierSet;from distutils.core import run_setup;dist = run_setup(    \'setup.py\', script_args=(\'--dry-run\',), stop_after=\'config\');skip_keys = (\'cmdclass\', \'distclass\', \'ext_modules\', \'metadata\');data = {    key: value for key, value in dist.__dict__.items()     if (        not key.startswith(\'_\') and         not callable(value) and         key not in skip_keys and         key not in dist.display_option_names    )};data[\'metadata\'] = {    k: v for k, v in dist.metadata.__dict__.items()     if k not in (\'license_files\', \'provides_extras\')};sys.stdout.buffer.write(repr(data).encode(\'utf-8\'))"]\' returned non-zero exit status 1.\n'}
[1.332868] (ldmk_package) JobEnded: {'identifier': 'ldmk_package', 'rc': 1}
[1.384580] (-) EventReactorShutdown: {}
