[0.393s] Invoking command in '/home/user/ros2_ws/build/mara_gazebo': CMAKE_PREFIX_PATH=${CMAKE_PREFIX_PATH}:/opt/ros/foxy _=/usr/bin/env /usr/bin/cmake --build /home/user/ros2_ws/build/mara_gazebo -- -j8 -l8
[1.098s] -- Found ament_cmake: 0.9.9 (/opt/ros/foxy/share/ament_cmake/cmake)
[1.481s] -- Found PythonInterp: /usr/bin/python3 (found suitable version "3.8.10", minimum required is "3") 
[1.481s] -- Using PYTHON_EXECUTABLE: /usr/bin/python3
[3.294s] -- Found urdf: 2.4.0 (/opt/ros/foxy/share/urdf/cmake)
[4.181s] -- Configuring done
[4.188s] -- Generating done
[4.190s] -- Build files have been written to: /home/user/ros2_ws/build/mara_gazebo
[4.294s] Invoked command in '/home/user/ros2_ws/build/mara_gazebo' returned '0': CMAKE_PREFIX_PATH=${CMAKE_PREFIX_PATH}:/opt/ros/foxy _=/usr/bin/env /usr/bin/cmake --build /home/user/ros2_ws/build/mara_gazebo -- -j8 -l8
[4.906s] Invoking command in '/home/user/ros2_ws/build/mara_gazebo': CMAKE_PREFIX_PATH=${CMAKE_PREFIX_PATH}:/opt/ros/foxy _=/usr/bin/env /usr/bin/cmake --install /home/user/ros2_ws/build/mara_gazebo
[4.990s] -- Install configuration: ""
[4.990s] -- Up-to-date: /home/user/ros2_ws/install/mara_gazebo/share/mara_gazebo/launch
[4.991s] -- Installing: /home/user/ros2_ws/install/mara_gazebo/share/mara_gazebo/launch/mara.launch.py
[4.992s] -- Up-to-date: /home/user/ros2_ws/install/mara_gazebo/share/ament_index/resource_index/package_run_dependencies/mara_gazebo
[4.992s] -- Installing: /home/user/ros2_ws/install/mara_gazebo/share/ament_index/resource_index/parent_prefix_path/mara_gazebo
[4.993s] -- Installing: /home/user/ros2_ws/install/mara_gazebo/share/mara_gazebo/environment/ament_prefix_path.sh
[4.993s] -- Installing: /home/user/ros2_ws/install/mara_gazebo/share/mara_gazebo/environment/ament_prefix_path.dsv
[4.994s] -- Installing: /home/user/ros2_ws/install/mara_gazebo/share/mara_gazebo/environment/path.sh
[4.995s] -- Installing: /home/user/ros2_ws/install/mara_gazebo/share/mara_gazebo/environment/path.dsv
[4.995s] -- Installing: /home/user/ros2_ws/install/mara_gazebo/share/mara_gazebo/local_setup.bash
[4.996s] -- Installing: /home/user/ros2_ws/install/mara_gazebo/share/mara_gazebo/local_setup.sh
[4.997s] -- Installing: /home/user/ros2_ws/install/mara_gazebo/share/mara_gazebo/local_setup.zsh
[4.998s] -- Installing: /home/user/ros2_ws/install/mara_gazebo/share/mara_gazebo/local_setup.dsv
[4.998s] -- Installing: /home/user/ros2_ws/install/mara_gazebo/share/mara_gazebo/package.dsv
[4.999s] -- Up-to-date: /home/user/ros2_ws/install/mara_gazebo/share/ament_index/resource_index/packages/mara_gazebo
[5.000s] -- Installing: /home/user/ros2_ws/install/mara_gazebo/share/mara_gazebo/cmake/ament_cmake_export_dependencies-extras.cmake
[5.000s] -- Up-to-date: /home/user/ros2_ws/install/mara_gazebo/share/mara_gazebo/cmake/mara_gazeboConfig.cmake
[5.002s] -- Up-to-date: /home/user/ros2_ws/install/mara_gazebo/share/mara_gazebo/cmake/mara_gazeboConfig-version.cmake
[5.002s] -- Up-to-date: /home/user/ros2_ws/install/mara_gazebo/share/mara_gazebo/package.xml
[5.081s] Invoked command in '/home/user/ros2_ws/build/mara_gazebo' returned '0': CMAKE_PREFIX_PATH=${CMAKE_PREFIX_PATH}:/opt/ros/foxy _=/usr/bin/env /usr/bin/cmake --install /home/user/ros2_ws/build/mara_gazebo
