[0.813s] Invoking command in '/home/user/ros2_ws/src/ldmk_package': PYTHONPATH=/home/user/ros2_ws/install/ldmk_package/lib/python3.8/site-packages:${PYTHONPATH} _=/usr/bin/env /usr/bin/python3 setup.py egg_info --egg-base ../../build/ldmk_package build --build-base /home/user/ros2_ws/build/ldmk_package/build install --prefix /home/user/ros2_ws/install/ldmk_package --record /home/user/ros2_ws/build/ldmk_package/install.log --single-version-externally-managed
[1.493s] running egg_info
[1.493s] writing ../../build/ldmk_package/ldmk_package.egg-info/PKG-INFO
[1.494s] writing dependency_links to ../../build/ldmk_package/ldmk_package.egg-info/dependency_links.txt
[1.495s] writing entry points to ../../build/ldmk_package/ldmk_package.egg-info/entry_points.txt
[1.495s] writing requirements to ../../build/ldmk_package/ldmk_package.egg-info/requires.txt
[1.496s] writing top-level names to ../../build/ldmk_package/ldmk_package.egg-info/top_level.txt
[1.562s] reading manifest file '../../build/ldmk_package/ldmk_package.egg-info/SOURCES.txt'
[1.564s] writing manifest file '../../build/ldmk_package/ldmk_package.egg-info/SOURCES.txt'
[1.565s] running build
[1.565s] running build_py
[1.566s] copying ldmk_package/roboticsIK.py -> /home/user/ros2_ws/build/ldmk_package/build/lib/ldmk_package
[1.566s] running install
[1.568s] running install_lib
[1.570s] copying /home/user/ros2_ws/build/ldmk_package/build/lib/ldmk_package/roboticsIK.py -> /home/user/ros2_ws/install/ldmk_package/lib/python3.8/site-packages/ldmk_package
[1.572s] byte-compiling /home/user/ros2_ws/install/ldmk_package/lib/python3.8/site-packages/ldmk_package/roboticsIK.py to roboticsIK.cpython-38.pyc
[1.575s] running install_data
[1.576s] running install_egg_info
[1.580s] removing '/home/user/ros2_ws/install/ldmk_package/lib/python3.8/site-packages/ldmk_package-0.0.0-py3.8.egg-info' (and everything under it)
[1.581s] Copying ../../build/ldmk_package/ldmk_package.egg-info to /home/user/ros2_ws/install/ldmk_package/lib/python3.8/site-packages/ldmk_package-0.0.0-py3.8.egg-info
[1.583s] running install_scripts
[1.615s] Installing roboticsIK script to /home/user/ros2_ws/install/ldmk_package/lib/ldmk_package
[1.616s] writing list of installed files to '/home/user/ros2_ws/build/ldmk_package/install.log'
[1.646s] Invoked command in '/home/user/ros2_ws/src/ldmk_package' returned '0': PYTHONPATH=/home/user/ros2_ws/install/ldmk_package/lib/python3.8/site-packages:${PYTHONPATH} _=/usr/bin/env /usr/bin/python3 setup.py egg_info --egg-base ../../build/ldmk_package build --build-base /home/user/ros2_ws/build/ldmk_package/build install --prefix /home/user/ros2_ws/install/ldmk_package --record /home/user/ros2_ws/build/ldmk_package/install.log --single-version-externally-managed
