[0.096s] Invoking command in '/home/user/ros2_ws/build/mara_utils_scripts': AMENT_PREFIX_PATH=/home/user/ros2_ws/install/hrim_actuator_rotaryservo_msgs:${AMENT_PREFIX_PATH} CMAKE_PREFIX_PATH=/home/user/ros2_ws/install/hrim_actuator_rotaryservo_msgs:/opt/ros/foxy:${CMAKE_PREFIX_PATH} LD_LIBRARY_PATH=/home/user/ros2_ws/install/hrim_actuator_rotaryservo_msgs/lib:${LD_LIBRARY_PATH} PYTHONPATH=/home/user/ros2_ws/install/hrim_actuator_rotaryservo_msgs/lib/python3.8/site-packages:${PYTHONPATH} _=/usr/bin/env /usr/bin/cmake /home/user/ros2_ws/src/ros2_mara/mara/mara_utils_scripts -DCMAKE_INSTALL_PREFIX=/home/user/ros2_ws/install/mara_utils_scripts
[0.299s] -- The C compiler identification is GNU 9.3.0
[0.442s] -- The CXX compiler identification is GNU 9.3.0
[0.454s] -- Check for working C compiler: /usr/bin/cc
[0.758s] -- Check for working C compiler: /usr/bin/cc -- works
[0.760s] -- Detecting C compiler ABI info
[0.988s] -- Detecting C compiler ABI info - done
[1.014s] -- Detecting C compile features
[1.014s] -- Detecting C compile features - done
[1.017s] -- Check for working CXX compiler: /usr/bin/c++
[1.242s] -- Check for working CXX compiler: /usr/bin/c++ -- works
[1.244s] -- Detecting CXX compiler ABI info
[1.524s] -- Detecting CXX compiler ABI info - done
[1.550s] -- Detecting CXX compile features
[1.551s] -- Detecting CXX compile features - done
[1.557s] -- Found ament_cmake: 0.9.7 (/opt/ros/foxy/share/ament_cmake/cmake)
[1.609s] -- Found PythonInterp: /usr/bin/python3 (found suitable version "3.8.5", minimum required is "3") 
[1.610s] -- Using PYTHON_EXECUTABLE: /usr/bin/python3
[2.336s] -- Configuring done
[2.339s] -- Generating done
[2.340s] -- Build files have been written to: /home/user/ros2_ws/build/mara_utils_scripts
[2.350s] Invoked command in '/home/user/ros2_ws/build/mara_utils_scripts' returned '0': AMENT_PREFIX_PATH=/home/user/ros2_ws/install/hrim_actuator_rotaryservo_msgs:${AMENT_PREFIX_PATH} CMAKE_PREFIX_PATH=/home/user/ros2_ws/install/hrim_actuator_rotaryservo_msgs:/opt/ros/foxy:${CMAKE_PREFIX_PATH} LD_LIBRARY_PATH=/home/user/ros2_ws/install/hrim_actuator_rotaryservo_msgs/lib:${LD_LIBRARY_PATH} PYTHONPATH=/home/user/ros2_ws/install/hrim_actuator_rotaryservo_msgs/lib/python3.8/site-packages:${PYTHONPATH} _=/usr/bin/env /usr/bin/cmake /home/user/ros2_ws/src/ros2_mara/mara/mara_utils_scripts -DCMAKE_INSTALL_PREFIX=/home/user/ros2_ws/install/mara_utils_scripts
[2.351s] Invoking command in '/home/user/ros2_ws/build/mara_utils_scripts': AMENT_PREFIX_PATH=/home/user/ros2_ws/install/hrim_actuator_rotaryservo_msgs:${AMENT_PREFIX_PATH} CMAKE_PREFIX_PATH=/home/user/ros2_ws/install/hrim_actuator_rotaryservo_msgs:/opt/ros/foxy:${CMAKE_PREFIX_PATH} LD_LIBRARY_PATH=/home/user/ros2_ws/install/hrim_actuator_rotaryservo_msgs/lib:${LD_LIBRARY_PATH} PYTHONPATH=/home/user/ros2_ws/install/hrim_actuator_rotaryservo_msgs/lib/python3.8/site-packages:${PYTHONPATH} _=/usr/bin/env /usr/bin/cmake --build /home/user/ros2_ws/build/mara_utils_scripts -- -j16 -l16
[2.526s] Invoked command in '/home/user/ros2_ws/build/mara_utils_scripts' returned '0': AMENT_PREFIX_PATH=/home/user/ros2_ws/install/hrim_actuator_rotaryservo_msgs:${AMENT_PREFIX_PATH} CMAKE_PREFIX_PATH=/home/user/ros2_ws/install/hrim_actuator_rotaryservo_msgs:/opt/ros/foxy:${CMAKE_PREFIX_PATH} LD_LIBRARY_PATH=/home/user/ros2_ws/install/hrim_actuator_rotaryservo_msgs/lib:${LD_LIBRARY_PATH} PYTHONPATH=/home/user/ros2_ws/install/hrim_actuator_rotaryservo_msgs/lib/python3.8/site-packages:${PYTHONPATH} _=/usr/bin/env /usr/bin/cmake --build /home/user/ros2_ws/build/mara_utils_scripts -- -j16 -l16
[2.717s] Invoking command in '/home/user/ros2_ws/build/mara_utils_scripts': AMENT_PREFIX_PATH=/home/user/ros2_ws/install/hrim_actuator_rotaryservo_msgs:${AMENT_PREFIX_PATH} CMAKE_PREFIX_PATH=/home/user/ros2_ws/install/hrim_actuator_rotaryservo_msgs:/opt/ros/foxy:${CMAKE_PREFIX_PATH} LD_LIBRARY_PATH=/home/user/ros2_ws/install/hrim_actuator_rotaryservo_msgs/lib:${LD_LIBRARY_PATH} PYTHONPATH=/home/user/ros2_ws/install/hrim_actuator_rotaryservo_msgs/lib/python3.8/site-packages:${PYTHONPATH} _=/usr/bin/env /usr/bin/cmake --install /home/user/ros2_ws/build/mara_utils_scripts
[2.747s] -- Install configuration: ""
[2.747s] -- Installing: /home/user/ros2_ws/install/mara_utils_scripts/lib/mara_utils_scripts/mara_control.py
[2.748s] -- Installing: /home/user/ros2_ws/install/mara_utils_scripts/lib/mara_utils_scripts/spawn_mara.py
[2.748s] -- Installing: /home/user/ros2_ws/install/mara_utils_scripts/share/ament_index/resource_index/package_run_dependencies/mara_utils_scripts
[2.749s] -- Installing: /home/user/ros2_ws/install/mara_utils_scripts/share/ament_index/resource_index/parent_prefix_path/mara_utils_scripts
[2.750s] -- Installing: /home/user/ros2_ws/install/mara_utils_scripts/share/mara_utils_scripts/environment/ament_prefix_path.sh
[2.750s] -- Installing: /home/user/ros2_ws/install/mara_utils_scripts/share/mara_utils_scripts/environment/ament_prefix_path.dsv
[2.750s] -- Installing: /home/user/ros2_ws/install/mara_utils_scripts/share/mara_utils_scripts/environment/path.sh
[2.751s] -- Installing: /home/user/ros2_ws/install/mara_utils_scripts/share/mara_utils_scripts/environment/path.dsv
[2.751s] -- Installing: /home/user/ros2_ws/install/mara_utils_scripts/share/mara_utils_scripts/local_setup.bash
[2.751s] -- Installing: /home/user/ros2_ws/install/mara_utils_scripts/share/mara_utils_scripts/local_setup.sh
[2.752s] -- Installing: /home/user/ros2_ws/install/mara_utils_scripts/share/mara_utils_scripts/local_setup.zsh
[2.752s] -- Installing: /home/user/ros2_ws/install/mara_utils_scripts/share/mara_utils_scripts/local_setup.dsv
[2.752s] -- Installing: /home/user/ros2_ws/install/mara_utils_scripts/share/mara_utils_scripts/package.dsv
[2.753s] -- Installing: /home/user/ros2_ws/install/mara_utils_scripts/share/ament_index/resource_index/packages/mara_utils_scripts
[2.753s] -- Installing: /home/user/ros2_ws/install/mara_utils_scripts/share/mara_utils_scripts/cmake/mara_utils_scriptsConfig.cmake
[2.754s] -- Installing: /home/user/ros2_ws/install/mara_utils_scripts/share/mara_utils_scripts/cmake/mara_utils_scriptsConfig-version.cmake
[2.754s] -- Installing: /home/user/ros2_ws/install/mara_utils_scripts/share/mara_utils_scripts/package.xml
[2.760s] Invoked command in '/home/user/ros2_ws/build/mara_utils_scripts' returned '0': AMENT_PREFIX_PATH=/home/user/ros2_ws/install/hrim_actuator_rotaryservo_msgs:${AMENT_PREFIX_PATH} CMAKE_PREFIX_PATH=/home/user/ros2_ws/install/hrim_actuator_rotaryservo_msgs:/opt/ros/foxy:${CMAKE_PREFIX_PATH} LD_LIBRARY_PATH=/home/user/ros2_ws/install/hrim_actuator_rotaryservo_msgs/lib:${LD_LIBRARY_PATH} PYTHONPATH=/home/user/ros2_ws/install/hrim_actuator_rotaryservo_msgs/lib/python3.8/site-packages:${PYTHONPATH} _=/usr/bin/env /usr/bin/cmake --install /home/user/ros2_ws/build/mara_utils_scripts
