[0.237s] Invoking command in '/home/user/ros2_ws/build/hrim_generic_srvs': CMAKE_PREFIX_PATH=${CMAKE_PREFIX_PATH}:/opt/ros/foxy _=/usr/bin/env /usr/bin/cmake --build /home/user/ros2_ws/build/hrim_generic_srvs -- -j8 -l8
[67.338s] [ 10%] Built target hrim_generic_srvs__rosidl_generator_c
[67.338s] [ 12%] Built target hrim_generic_srvs__cpp
[67.338s] [ 23%] Built target hrim_generic_srvs__rosidl_typesupport_c
[67.338s] [ 25%] [34m[1mGenerating C++ type support for eProsima Fast-RTPS[0m
[67.339s] [35m[1mScanning dependencies of target hrim_generic_srvs__rosidl_typesupport_fastrtps_cpp[0m
[67.339s] [ 27%] [32mBuilding CXX object CMakeFiles/hrim_generic_srvs__rosidl_typesupport_fastrtps_cpp.dir/rosidl_typesupport_fastrtps_cpp/hrim_generic_srvs/srv/detail/dds_fastrtps/id__type_support.cpp.o[0m
[67.339s] [ 29%] [32mBuilding CXX object CMakeFiles/hrim_generic_srvs__rosidl_typesupport_fastrtps_cpp.dir/rosidl_typesupport_fastrtps_cpp/hrim_generic_srvs/srv/detail/dds_fastrtps/specs_communication__type_support.cpp.o[0m
[67.340s] [ 30%] [32mBuilding CXX object CMakeFiles/hrim_generic_srvs__rosidl_typesupport_fastrtps_cpp.dir/rosidl_typesupport_fastrtps_cpp/hrim_generic_srvs/srv/detail/dds_fastrtps/simulation_urdf__type_support.cpp.o[0m
[67.340s] [ 32%] [32mBuilding CXX object CMakeFiles/hrim_generic_srvs__rosidl_typesupport_fastrtps_cpp.dir/rosidl_typesupport_fastrtps_cpp/hrim_generic_srvs/srv/detail/dds_fastrtps/simulation3_d__type_support.cpp.o[0m
[67.340s] [ 34%] [32m[1mLinking CXX shared library libhrim_generic_srvs__rosidl_typesupport_fastrtps_cpp.so[0m
[67.341s] [ 34%] Built target hrim_generic_srvs__rosidl_typesupport_fastrtps_cpp
[67.341s] [ 36%] [32m[1mLinking CXX shared library libhrim_generic_srvs__rosidl_typesupport_cpp.so[0m
[67.341s] [ 45%] Built target hrim_generic_srvs__rosidl_typesupport_cpp
[67.341s] [ 47%] [34m[1mGenerating C type support for eProsima Fast-RTPS[0m
[67.342s] [35m[1mScanning dependencies of target hrim_generic_srvs__rosidl_typesupport_fastrtps_c[0m
[67.342s] [ 49%] [32mBuilding CXX object CMakeFiles/hrim_generic_srvs__rosidl_typesupport_fastrtps_c.dir/rosidl_typesupport_fastrtps_c/hrim_generic_srvs/srv/detail/id__type_support_c.cpp.o[0m
[67.342s] [ 50%] [32mBuilding CXX object CMakeFiles/hrim_generic_srvs__rosidl_typesupport_fastrtps_c.dir/rosidl_typesupport_fastrtps_c/hrim_generic_srvs/srv/detail/specs_communication__type_support_c.cpp.o[0m
[67.343s] [ 52%] [32mBuilding CXX object CMakeFiles/hrim_generic_srvs__rosidl_typesupport_fastrtps_c.dir/rosidl_typesupport_fastrtps_c/hrim_generic_srvs/srv/detail/simulation_urdf__type_support_c.cpp.o[0m
[67.343s] [ 54%] [32mBuilding CXX object CMakeFiles/hrim_generic_srvs__rosidl_typesupport_fastrtps_c.dir/rosidl_typesupport_fastrtps_c/hrim_generic_srvs/srv/detail/simulation3_d__type_support_c.cpp.o[0m
[67.343s] [ 56%] [32m[1mLinking CXX shared library libhrim_generic_srvs__rosidl_typesupport_fastrtps_c.so[0m
[67.345s] [ 56%] Built target hrim_generic_srvs__rosidl_typesupport_fastrtps_c
[67.345s] [35m[1mScanning dependencies of target hrim_generic_srvs__rosidl_typesupport_introspection_cpp[0m
[67.345s] [ 58%] [32mBuilding CXX object CMakeFiles/hrim_generic_srvs__rosidl_typesupport_introspection_cpp.dir/rosidl_typesupport_introspection_cpp/hrim_generic_srvs/srv/detail/id__type_support.cpp.o[0m
[67.346s] [ 60%] [32mBuilding CXX object CMakeFiles/hrim_generic_srvs__rosidl_typesupport_introspection_cpp.dir/rosidl_typesupport_introspection_cpp/hrim_generic_srvs/srv/detail/specs_communication__type_support.cpp.o[0m
[67.346s] [ 61%] [32mBuilding CXX object CMakeFiles/hrim_generic_srvs__rosidl_typesupport_introspection_cpp.dir/rosidl_typesupport_introspection_cpp/hrim_generic_srvs/srv/detail/simulation_urdf__type_support.cpp.o[0m
[67.346s] [ 63%] [32mBuilding CXX object CMakeFiles/hrim_generic_srvs__rosidl_typesupport_introspection_cpp.dir/rosidl_typesupport_introspection_cpp/hrim_generic_srvs/srv/detail/simulation3_d__type_support.cpp.o[0m
[67.346s] [ 65%] [32m[1mLinking CXX shared library libhrim_generic_srvs__rosidl_typesupport_introspection_cpp.so[0m
[67.347s] [ 67%] Built target hrim_generic_srvs__rosidl_typesupport_introspection_cpp
[67.347s] [35m[1mScanning dependencies of target hrim_generic_srvs__rosidl_typesupport_introspection_c[0m
[67.347s] [ 69%] [32mBuilding C object CMakeFiles/hrim_generic_srvs__rosidl_typesupport_introspection_c.dir/rosidl_typesupport_introspection_c/hrim_generic_srvs/srv/detail/id__type_support.c.o[0m
[67.348s] [ 70%] [32mBuilding C object CMakeFiles/hrim_generic_srvs__rosidl_typesupport_introspection_c.dir/rosidl_typesupport_introspection_c/hrim_generic_srvs/srv/detail/specs_communication__type_support.c.o[0m
[67.348s] [ 72%] [32mBuilding C object CMakeFiles/hrim_generic_srvs__rosidl_typesupport_introspection_c.dir/rosidl_typesupport_introspection_c/hrim_generic_srvs/srv/detail/simulation_urdf__type_support.c.o[0m
[67.348s] [ 74%] [32mBuilding C object CMakeFiles/hrim_generic_srvs__rosidl_typesupport_introspection_c.dir/rosidl_typesupport_introspection_c/hrim_generic_srvs/srv/detail/simulation3_d__type_support.c.o[0m
[67.348s] [ 76%] [32m[1mLinking C shared library libhrim_generic_srvs__rosidl_typesupport_introspection_c.so[0m
[67.349s] [ 78%] Built target hrim_generic_srvs__rosidl_typesupport_introspection_c
[67.349s] [ 78%] Built target hrim_generic_srvs
[67.349s] [ 80%] Built target hrim_generic_srvs__py
[67.349s] [35m[1mScanning dependencies of target hrim_generic_srvs__python[0m
[67.350s] [ 81%] [32mBuilding C object CMakeFiles/hrim_generic_srvs__python.dir/rosidl_generator_py/hrim_generic_srvs/srv/_id_s.c.o[0m
[67.350s] [ 83%] [32mBuilding C object CMakeFiles/hrim_generic_srvs__python.dir/rosidl_generator_py/hrim_generic_srvs/srv/_specs_communication_s.c.o[0m
[67.351s] [ 85%] [32mBuilding C object CMakeFiles/hrim_generic_srvs__python.dir/rosidl_generator_py/hrim_generic_srvs/srv/_simulation_urdf_s.c.o[0m
[67.351s] [ 87%] [32mBuilding C object CMakeFiles/hrim_generic_srvs__python.dir/rosidl_generator_py/hrim_generic_srvs/srv/_simulation3_d_s.c.o[0m
[67.351s] [ 89%] [32m[1mLinking C shared library rosidl_generator_py/hrim_generic_srvs/libhrim_generic_srvs__python.so[0m
[67.352s] [ 89%] Built target hrim_generic_srvs__python
[67.352s] [35m[1mScanning dependencies of target hrim_generic_srvs__rosidl_typesupport_c__pyext[0m
[67.352s] [ 90%] [32mBuilding C object CMakeFiles/hrim_generic_srvs__rosidl_typesupport_c__pyext.dir/rosidl_generator_py/hrim_generic_srvs/_hrim_generic_srvs_s.ep.rosidl_typesupport_c.c.o[0m
[67.352s] [ 92%] [32m[1mLinking C shared library rosidl_generator_py/hrim_generic_srvs/hrim_generic_srvs_s__rosidl_typesupport_c.cpython-38-x86_64-linux-gnu.so[0m
[67.353s] [ 92%] Built target hrim_generic_srvs__rosidl_typesupport_c__pyext
[67.353s] [35m[1mScanning dependencies of target hrim_generic_srvs__rosidl_typesupport_fastrtps_c__pyext[0m
[67.353s] [ 94%] [32mBuilding C object CMakeFiles/hrim_generic_srvs__rosidl_typesupport_fastrtps_c__pyext.dir/rosidl_generator_py/hrim_generic_srvs/_hrim_generic_srvs_s.ep.rosidl_typesupport_fastrtps_c.c.o[0m
[67.354s] [ 96%] [32m[1mLinking CXX shared library rosidl_generator_py/hrim_generic_srvs/hrim_generic_srvs_s__rosidl_typesupport_fastrtps_c.cpython-38-x86_64-linux-gnu.so[0m
[67.524s] [ 96%] Built target hrim_generic_srvs__rosidl_typesupport_fastrtps_c__pyext
[67.565s] [35m[1mScanning dependencies of target hrim_generic_srvs__rosidl_typesupport_introspection_c__pyext[0m
[67.772s] [ 98%] [32mBuilding C object CMakeFiles/hrim_generic_srvs__rosidl_typesupport_introspection_c__pyext.dir/rosidl_generator_py/hrim_generic_srvs/_hrim_generic_srvs_s.ep.rosidl_typesupport_introspection_c.c.o[0m
[68.628s] [100%] [32m[1mLinking C shared library rosidl_generator_py/hrim_generic_srvs/hrim_generic_srvs_s__rosidl_typesupport_introspection_c.cpython-38-x86_64-linux-gnu.so[0m
[68.850s] [100%] Built target hrim_generic_srvs__rosidl_typesupport_introspection_c__pyext
[69.025s] Invoked command in '/home/user/ros2_ws/build/hrim_generic_srvs' returned '0': CMAKE_PREFIX_PATH=${CMAKE_PREFIX_PATH}:/opt/ros/foxy _=/usr/bin/env /usr/bin/cmake --build /home/user/ros2_ws/build/hrim_generic_srvs -- -j8 -l8
[72.326s] Invoking command in '/home/user/ros2_ws/build/hrim_generic_srvs': CMAKE_PREFIX_PATH=${CMAKE_PREFIX_PATH}:/opt/ros/foxy _=/usr/bin/env /usr/bin/cmake --install /home/user/ros2_ws/build/hrim_generic_srvs
[75.430s] -- Install configuration: ""
[75.431s] -- Up-to-date: /home/user/ros2_ws/install/hrim_generic_srvs/share/ament_index/resource_index/rosidl_interfaces/hrim_generic_srvs
[75.434s] -- Up-to-date: /home/user/ros2_ws/install/hrim_generic_srvs/include/hrim_generic_srvs
[75.435s] -- Up-to-date: /home/user/ros2_ws/install/hrim_generic_srvs/include/hrim_generic_srvs/srv
[75.435s] -- Up-to-date: /home/user/ros2_ws/install/hrim_generic_srvs/include/hrim_generic_srvs/srv/detail
[75.436s] -- Up-to-date: /home/user/ros2_ws/install/hrim_generic_srvs/include/hrim_generic_srvs/srv/detail/simulation3_d__type_support.h
[75.436s] -- Up-to-date: /home/user/ros2_ws/install/hrim_generic_srvs/include/hrim_generic_srvs/srv/detail/specs_communication__struct.h
[75.436s] -- Up-to-date: /home/user/ros2_ws/install/hrim_generic_srvs/include/hrim_generic_srvs/srv/detail/simulation_urdf__struct.h
[75.436s] -- Up-to-date: /home/user/ros2_ws/install/hrim_generic_srvs/include/hrim_generic_srvs/srv/detail/simulation_urdf__functions.h
[75.437s] -- Up-to-date: /home/user/ros2_ws/install/hrim_generic_srvs/include/hrim_generic_srvs/srv/detail/simulation_urdf__type_support.h
[75.437s] -- Up-to-date: /home/user/ros2_ws/install/hrim_generic_srvs/include/hrim_generic_srvs/srv/detail/specs_communication__type_support.h
[75.437s] -- Up-to-date: /home/user/ros2_ws/install/hrim_generic_srvs/include/hrim_generic_srvs/srv/detail/simulation3_d__functions.h
[75.438s] -- Up-to-date: /home/user/ros2_ws/install/hrim_generic_srvs/include/hrim_generic_srvs/srv/detail/id__functions.h
[75.438s] -- Up-to-date: /home/user/ros2_ws/install/hrim_generic_srvs/include/hrim_generic_srvs/srv/detail/id__functions.c
[75.438s] -- Up-to-date: /home/user/ros2_ws/install/hrim_generic_srvs/include/hrim_generic_srvs/srv/detail/simulation3_d__struct.h
[75.439s] -- Up-to-date: /home/user/ros2_ws/install/hrim_generic_srvs/include/hrim_generic_srvs/srv/detail/specs_communication__functions.h
[75.439s] -- Up-to-date: /home/user/ros2_ws/install/hrim_generic_srvs/include/hrim_generic_srvs/srv/detail/simulation3_d__functions.c
[75.439s] -- Up-to-date: /home/user/ros2_ws/install/hrim_generic_srvs/include/hrim_generic_srvs/srv/detail/specs_communication__functions.c
[75.439s] -- Up-to-date: /home/user/ros2_ws/install/hrim_generic_srvs/include/hrim_generic_srvs/srv/detail/id__type_support.h
[75.440s] -- Up-to-date: /home/user/ros2_ws/install/hrim_generic_srvs/include/hrim_generic_srvs/srv/detail/id__struct.h
[75.440s] -- Up-to-date: /home/user/ros2_ws/install/hrim_generic_srvs/include/hrim_generic_srvs/srv/detail/simulation_urdf__functions.c
[75.440s] -- Up-to-date: /home/user/ros2_ws/install/hrim_generic_srvs/include/hrim_generic_srvs/srv/simulation_urdf.h
[75.440s] -- Up-to-date: /home/user/ros2_ws/install/hrim_generic_srvs/include/hrim_generic_srvs/srv/id.h
[75.441s] -- Up-to-date: /home/user/ros2_ws/install/hrim_generic_srvs/include/hrim_generic_srvs/srv/simulation3_d.h
[75.441s] -- Up-to-date: /home/user/ros2_ws/install/hrim_generic_srvs/include/hrim_generic_srvs/srv/specs_communication.h
[75.441s] -- Up-to-date: /home/user/ros2_ws/install/hrim_generic_srvs/include/hrim_generic_srvs/msg
[75.442s] -- Up-to-date: /home/user/ros2_ws/install/hrim_generic_srvs/include/hrim_generic_srvs/msg/rosidl_generator_c__visibility_control.h
[75.442s] -- Installing: /home/user/ros2_ws/install/hrim_generic_srvs/share/hrim_generic_srvs/environment/library_path.sh
[75.442s] -- Installing: /home/user/ros2_ws/install/hrim_generic_srvs/share/hrim_generic_srvs/environment/library_path.dsv
[75.442s] -- Installing: /home/user/ros2_ws/install/hrim_generic_srvs/lib/libhrim_generic_srvs__rosidl_generator_c.so
[75.443s] -- Set runtime path of "/home/user/ros2_ws/install/hrim_generic_srvs/lib/libhrim_generic_srvs__rosidl_generator_c.so" to ""
[75.443s] -- Up-to-date: /home/user/ros2_ws/install/hrim_generic_srvs/include/hrim_generic_srvs
[75.443s] -- Up-to-date: /home/user/ros2_ws/install/hrim_generic_srvs/include/hrim_generic_srvs/srv
[75.444s] -- Up-to-date: /home/user/ros2_ws/install/hrim_generic_srvs/include/hrim_generic_srvs/srv/detail
[75.444s] -- Installing: /home/user/ros2_ws/install/hrim_generic_srvs/include/hrim_generic_srvs/srv/detail/simulation3_d__rosidl_typesupport_fastrtps_c.h
[75.444s] -- Installing: /home/user/ros2_ws/install/hrim_generic_srvs/include/hrim_generic_srvs/srv/detail/simulation_urdf__rosidl_typesupport_fastrtps_c.h
[75.445s] -- Installing: /home/user/ros2_ws/install/hrim_generic_srvs/include/hrim_generic_srvs/srv/detail/specs_communication__rosidl_typesupport_fastrtps_c.h
[75.445s] -- Installing: /home/user/ros2_ws/install/hrim_generic_srvs/include/hrim_generic_srvs/srv/detail/id__rosidl_typesupport_fastrtps_c.h
[75.446s] -- Up-to-date: /home/user/ros2_ws/install/hrim_generic_srvs/include/hrim_generic_srvs/msg
[75.446s] -- Up-to-date: /home/user/ros2_ws/install/hrim_generic_srvs/include/hrim_generic_srvs/msg/rosidl_typesupport_fastrtps_c__visibility_control.h
[75.446s] -- Installing: /home/user/ros2_ws/install/hrim_generic_srvs/lib/libhrim_generic_srvs__rosidl_typesupport_fastrtps_c.so
[75.447s] -- Set runtime path of "/home/user/ros2_ws/install/hrim_generic_srvs/lib/libhrim_generic_srvs__rosidl_typesupport_fastrtps_c.so" to ""
[75.447s] -- Up-to-date: /home/user/ros2_ws/install/hrim_generic_srvs/include/hrim_generic_srvs
[75.447s] -- Up-to-date: /home/user/ros2_ws/install/hrim_generic_srvs/include/hrim_generic_srvs/srv
[75.448s] -- Up-to-date: /home/user/ros2_ws/install/hrim_generic_srvs/include/hrim_generic_srvs/srv/detail
[75.448s] -- Installing: /home/user/ros2_ws/install/hrim_generic_srvs/include/hrim_generic_srvs/srv/detail/simulation_urdf__rosidl_typesupport_fastrtps_cpp.hpp
[75.448s] -- Installing: /home/user/ros2_ws/install/hrim_generic_srvs/include/hrim_generic_srvs/srv/detail/specs_communication__rosidl_typesupport_fastrtps_cpp.hpp
[75.448s] -- Up-to-date: /home/user/ros2_ws/install/hrim_generic_srvs/include/hrim_generic_srvs/srv/detail/dds_fastrtps
[75.448s] -- Installing: /home/user/ros2_ws/install/hrim_generic_srvs/include/hrim_generic_srvs/srv/detail/simulation3_d__rosidl_typesupport_fastrtps_cpp.hpp
[75.449s] -- Installing: /home/user/ros2_ws/install/hrim_generic_srvs/include/hrim_generic_srvs/srv/detail/id__rosidl_typesupport_fastrtps_cpp.hpp
[75.449s] -- Up-to-date: /home/user/ros2_ws/install/hrim_generic_srvs/include/hrim_generic_srvs/msg
[75.449s] -- Up-to-date: /home/user/ros2_ws/install/hrim_generic_srvs/include/hrim_generic_srvs/msg/rosidl_typesupport_fastrtps_cpp__visibility_control.h
[75.450s] -- Installing: /home/user/ros2_ws/install/hrim_generic_srvs/lib/libhrim_generic_srvs__rosidl_typesupport_fastrtps_cpp.so
[75.450s] -- Set runtime path of "/home/user/ros2_ws/install/hrim_generic_srvs/lib/libhrim_generic_srvs__rosidl_typesupport_fastrtps_cpp.so" to ""
[75.450s] -- Up-to-date: /home/user/ros2_ws/install/hrim_generic_srvs/include/hrim_generic_srvs
[75.450s] -- Up-to-date: /home/user/ros2_ws/install/hrim_generic_srvs/include/hrim_generic_srvs/srv
[75.460s] -- Up-to-date: /home/user/ros2_ws/install/hrim_generic_srvs/include/hrim_generic_srvs/srv/detail
[75.461s] -- Up-to-date: /home/user/ros2_ws/install/hrim_generic_srvs/include/hrim_generic_srvs/srv/detail/specs_communication__type_support.c
[75.461s] -- Up-to-date: /home/user/ros2_ws/install/hrim_generic_srvs/include/hrim_generic_srvs/srv/detail/simulation_urdf__rosidl_typesupport_introspection_c.h
[75.461s] -- Up-to-date: /home/user/ros2_ws/install/hrim_generic_srvs/include/hrim_generic_srvs/srv/detail/id__rosidl_typesupport_introspection_c.h
[75.461s] -- Up-to-date: /home/user/ros2_ws/install/hrim_generic_srvs/include/hrim_generic_srvs/srv/detail/simulation3_d__type_support.c
[75.461s] -- Up-to-date: /home/user/ros2_ws/install/hrim_generic_srvs/include/hrim_generic_srvs/srv/detail/specs_communication__rosidl_typesupport_introspection_c.h
[75.461s] -- Up-to-date: /home/user/ros2_ws/install/hrim_generic_srvs/include/hrim_generic_srvs/srv/detail/id__type_support.c
[75.462s] -- Up-to-date: /home/user/ros2_ws/install/hrim_generic_srvs/include/hrim_generic_srvs/srv/detail/simulation_urdf__type_support.c
[75.462s] -- Up-to-date: /home/user/ros2_ws/install/hrim_generic_srvs/include/hrim_generic_srvs/srv/detail/simulation3_d__rosidl_typesupport_introspection_c.h
[75.462s] -- Up-to-date: /home/user/ros2_ws/install/hrim_generic_srvs/include/hrim_generic_srvs/msg
[75.462s] -- Up-to-date: /home/user/ros2_ws/install/hrim_generic_srvs/include/hrim_generic_srvs/msg/rosidl_typesupport_introspection_c__visibility_control.h
[75.462s] -- Installing: /home/user/ros2_ws/install/hrim_generic_srvs/lib/libhrim_generic_srvs__rosidl_typesupport_introspection_c.so
[75.463s] -- Set runtime path of "/home/user/ros2_ws/install/hrim_generic_srvs/lib/libhrim_generic_srvs__rosidl_typesupport_introspection_c.so" to ""
[75.463s] -- Installing: /home/user/ros2_ws/install/hrim_generic_srvs/lib/libhrim_generic_srvs__rosidl_typesupport_c.so
[75.463s] -- Set runtime path of "/home/user/ros2_ws/install/hrim_generic_srvs/lib/libhrim_generic_srvs__rosidl_typesupport_c.so" to ""
[75.463s] -- Up-to-date: /home/user/ros2_ws/install/hrim_generic_srvs/include/hrim_generic_srvs
[75.463s] -- Up-to-date: /home/user/ros2_ws/install/hrim_generic_srvs/include/hrim_generic_srvs/srv
[75.544s] -- Up-to-date: /home/user/ros2_ws/install/hrim_generic_srvs/include/hrim_generic_srvs/srv/detail
[75.545s] -- Up-to-date: /home/user/ros2_ws/install/hrim_generic_srvs/include/hrim_generic_srvs/srv/detail/simulation3_d__struct.hpp
[75.547s] -- Up-to-date: /home/user/ros2_ws/install/hrim_generic_srvs/include/hrim_generic_srvs/srv/detail/simulation3_d__builder.hpp
[75.552s] -- Up-to-date: /home/user/ros2_ws/install/hrim_generic_srvs/include/hrim_generic_srvs/srv/detail/simulation3_d__traits.hpp
[75.552s] -- Up-to-date: /home/user/ros2_ws/install/hrim_generic_srvs/include/hrim_generic_srvs/srv/detail/specs_communication__struct.hpp
[75.552s] -- Up-to-date: /home/user/ros2_ws/install/hrim_generic_srvs/include/hrim_generic_srvs/srv/detail/specs_communication__builder.hpp
[75.552s] -- Up-to-date: /home/user/ros2_ws/install/hrim_generic_srvs/include/hrim_generic_srvs/srv/detail/id__builder.hpp
[75.552s] -- Up-to-date: /home/user/ros2_ws/install/hrim_generic_srvs/include/hrim_generic_srvs/srv/detail/specs_communication__traits.hpp
[75.553s] -- Up-to-date: /home/user/ros2_ws/install/hrim_generic_srvs/include/hrim_generic_srvs/srv/detail/simulation_urdf__traits.hpp
[75.554s] -- Up-to-date: /home/user/ros2_ws/install/hrim_generic_srvs/include/hrim_generic_srvs/srv/detail/id__traits.hpp
[75.554s] -- Up-to-date: /home/user/ros2_ws/install/hrim_generic_srvs/include/hrim_generic_srvs/srv/detail/simulation_urdf__struct.hpp
[75.554s] -- Up-to-date: /home/user/ros2_ws/install/hrim_generic_srvs/include/hrim_generic_srvs/srv/detail/id__struct.hpp
[75.554s] -- Up-to-date: /home/user/ros2_ws/install/hrim_generic_srvs/include/hrim_generic_srvs/srv/detail/simulation_urdf__builder.hpp
[75.555s] -- Up-to-date: /home/user/ros2_ws/install/hrim_generic_srvs/include/hrim_generic_srvs/srv/simulation3_d.hpp
[75.556s] -- Up-to-date: /home/user/ros2_ws/install/hrim_generic_srvs/include/hrim_generic_srvs/srv/id.hpp
[75.556s] -- Up-to-date: /home/user/ros2_ws/install/hrim_generic_srvs/include/hrim_generic_srvs/srv/simulation_urdf.hpp
[75.556s] -- Up-to-date: /home/user/ros2_ws/install/hrim_generic_srvs/include/hrim_generic_srvs/srv/specs_communication.hpp
[75.556s] -- Up-to-date: /home/user/ros2_ws/install/hrim_generic_srvs/include/hrim_generic_srvs
[75.557s] -- Up-to-date: /home/user/ros2_ws/install/hrim_generic_srvs/include/hrim_generic_srvs/srv
[75.557s] -- Up-to-date: /home/user/ros2_ws/install/hrim_generic_srvs/include/hrim_generic_srvs/srv/detail
[75.558s] -- Up-to-date: /home/user/ros2_ws/install/hrim_generic_srvs/include/hrim_generic_srvs/srv/detail/id__rosidl_typesupport_introspection_cpp.hpp
[75.558s] -- Up-to-date: /home/user/ros2_ws/install/hrim_generic_srvs/include/hrim_generic_srvs/srv/detail/id__type_support.cpp
[75.558s] -- Up-to-date: /home/user/ros2_ws/install/hrim_generic_srvs/include/hrim_generic_srvs/srv/detail/simulation_urdf__rosidl_typesupport_introspection_cpp.hpp
[75.559s] -- Up-to-date: /home/user/ros2_ws/install/hrim_generic_srvs/include/hrim_generic_srvs/srv/detail/specs_communication__type_support.cpp
[75.559s] -- Up-to-date: /home/user/ros2_ws/install/hrim_generic_srvs/include/hrim_generic_srvs/srv/detail/simulation3_d__type_support.cpp
[75.560s] -- Up-to-date: /home/user/ros2_ws/install/hrim_generic_srvs/include/hrim_generic_srvs/srv/detail/specs_communication__rosidl_typesupport_introspection_cpp.hpp
[75.560s] -- Up-to-date: /home/user/ros2_ws/install/hrim_generic_srvs/include/hrim_generic_srvs/srv/detail/simulation3_d__rosidl_typesupport_introspection_cpp.hpp
[75.561s] -- Up-to-date: /home/user/ros2_ws/install/hrim_generic_srvs/include/hrim_generic_srvs/srv/detail/simulation_urdf__type_support.cpp
[75.561s] -- Installing: /home/user/ros2_ws/install/hrim_generic_srvs/lib/libhrim_generic_srvs__rosidl_typesupport_introspection_cpp.so
[75.561s] -- Set runtime path of "/home/user/ros2_ws/install/hrim_generic_srvs/lib/libhrim_generic_srvs__rosidl_typesupport_introspection_cpp.so" to ""
[75.564s] -- Installing: /home/user/ros2_ws/install/hrim_generic_srvs/lib/libhrim_generic_srvs__rosidl_typesupport_cpp.so
[75.565s] -- Set runtime path of "/home/user/ros2_ws/install/hrim_generic_srvs/lib/libhrim_generic_srvs__rosidl_typesupport_cpp.so" to ""
[75.565s] -- Up-to-date: /home/user/ros2_ws/install/hrim_generic_srvs/share/hrim_generic_srvs/environment/pythonpath.sh
[75.565s] -- Installing: /home/user/ros2_ws/install/hrim_generic_srvs/share/hrim_generic_srvs/environment/pythonpath.dsv
[75.566s] -- Installing: /home/user/ros2_ws/install/hrim_generic_srvs/lib/python3.8/site-packages/hrim_generic_srvs/__init__.py
[75.566s] Compiling '/home/user/ros2_ws/install/hrim_generic_srvs/lib/python3.8/site-packages/hrim_generic_srvs/__init__.py'...
[75.566s] -- Up-to-date: /home/user/ros2_ws/install/hrim_generic_srvs/lib/python3.8/site-packages/hrim_generic_srvs/srv
[75.566s] -- Up-to-date: /home/user/ros2_ws/install/hrim_generic_srvs/lib/python3.8/site-packages/hrim_generic_srvs/srv/_id.py
[75.566s] -- Up-to-date: /home/user/ros2_ws/install/hrim_generic_srvs/lib/python3.8/site-packages/hrim_generic_srvs/srv/_simulation3_d_s.c
[75.567s] -- Up-to-date: /home/user/ros2_ws/install/hrim_generic_srvs/lib/python3.8/site-packages/hrim_generic_srvs/srv/_simulation_urdf.py
[75.567s] -- Up-to-date: /home/user/ros2_ws/install/hrim_generic_srvs/lib/python3.8/site-packages/hrim_generic_srvs/srv/_specs_communication.py
[75.567s] -- Up-to-date: /home/user/ros2_ws/install/hrim_generic_srvs/lib/python3.8/site-packages/hrim_generic_srvs/srv/_simulation_urdf_s.c
[75.567s] -- Up-to-date: /home/user/ros2_ws/install/hrim_generic_srvs/lib/python3.8/site-packages/hrim_generic_srvs/srv/_simulation3_d.py
[75.568s] -- Up-to-date: /home/user/ros2_ws/install/hrim_generic_srvs/lib/python3.8/site-packages/hrim_generic_srvs/srv/__init__.py
[75.568s] -- Up-to-date: /home/user/ros2_ws/install/hrim_generic_srvs/lib/python3.8/site-packages/hrim_generic_srvs/srv/_id_s.c
[75.569s] -- Up-to-date: /home/user/ros2_ws/install/hrim_generic_srvs/lib/python3.8/site-packages/hrim_generic_srvs/srv/_specs_communication_s.c
[75.569s] -- Installing: /home/user/ros2_ws/install/hrim_generic_srvs/lib/python3.8/site-packages/hrim_generic_srvs/hrim_generic_srvs_s__rosidl_typesupport_fastrtps_c.cpython-38-x86_64-linux-gnu.so
[75.569s] -- Set runtime path of "/home/user/ros2_ws/install/hrim_generic_srvs/lib/python3.8/site-packages/hrim_generic_srvs/hrim_generic_srvs_s__rosidl_typesupport_fastrtps_c.cpython-38-x86_64-linux-gnu.so" to ""
[75.569s] -- Installing: /home/user/ros2_ws/install/hrim_generic_srvs/lib/python3.8/site-packages/hrim_generic_srvs/hrim_generic_srvs_s__rosidl_typesupport_introspection_c.cpython-38-x86_64-linux-gnu.so
[75.570s] -- Set runtime path of "/home/user/ros2_ws/install/hrim_generic_srvs/lib/python3.8/site-packages/hrim_generic_srvs/hrim_generic_srvs_s__rosidl_typesupport_introspection_c.cpython-38-x86_64-linux-gnu.so" to ""
[75.570s] -- Installing: /home/user/ros2_ws/install/hrim_generic_srvs/lib/python3.8/site-packages/hrim_generic_srvs/hrim_generic_srvs_s__rosidl_typesupport_c.cpython-38-x86_64-linux-gnu.so
[75.570s] -- Set runtime path of "/home/user/ros2_ws/install/hrim_generic_srvs/lib/python3.8/site-packages/hrim_generic_srvs/hrim_generic_srvs_s__rosidl_typesupport_c.cpython-38-x86_64-linux-gnu.so" to ""
[75.570s] -- Installing: /home/user/ros2_ws/install/hrim_generic_srvs/lib/libhrim_generic_srvs__python.so
[75.570s] -- Set runtime path of "/home/user/ros2_ws/install/hrim_generic_srvs/lib/libhrim_generic_srvs__python.so" to ""
[75.571s] -- Up-to-date: /home/user/ros2_ws/install/hrim_generic_srvs/share/hrim_generic_srvs/srv/ID.idl
[75.571s] -- Up-to-date: /home/user/ros2_ws/install/hrim_generic_srvs/share/hrim_generic_srvs/srv/Simulation3D.idl
[75.571s] -- Up-to-date: /home/user/ros2_ws/install/hrim_generic_srvs/share/hrim_generic_srvs/srv/SimulationURDF.idl
[75.571s] -- Up-to-date: /home/user/ros2_ws/install/hrim_generic_srvs/share/hrim_generic_srvs/srv/SpecsCommunication.idl
[75.572s] -- Up-to-date: /home/user/ros2_ws/install/hrim_generic_srvs/share/hrim_generic_srvs/srv/ID.srv
[75.572s] -- Up-to-date: /home/user/ros2_ws/install/hrim_generic_srvs/share/hrim_generic_srvs/srv/ID_Request.msg
[75.572s] -- Up-to-date: /home/user/ros2_ws/install/hrim_generic_srvs/share/hrim_generic_srvs/srv/ID_Response.msg
[75.572s] -- Up-to-date: /home/user/ros2_ws/install/hrim_generic_srvs/share/hrim_generic_srvs/srv/Simulation3D.srv
[75.572s] -- Up-to-date: /home/user/ros2_ws/install/hrim_generic_srvs/share/hrim_generic_srvs/srv/Simulation3D_Request.msg
[75.573s] -- Up-to-date: /home/user/ros2_ws/install/hrim_generic_srvs/share/hrim_generic_srvs/srv/Simulation3D_Response.msg
[75.573s] -- Up-to-date: /home/user/ros2_ws/install/hrim_generic_srvs/share/hrim_generic_srvs/srv/SimulationURDF.srv
[75.573s] -- Up-to-date: /home/user/ros2_ws/install/hrim_generic_srvs/share/hrim_generic_srvs/srv/SimulationURDF_Request.msg
[75.573s] -- Up-to-date: /home/user/ros2_ws/install/hrim_generic_srvs/share/hrim_generic_srvs/srv/SimulationURDF_Response.msg
[75.574s] -- Up-to-date: /home/user/ros2_ws/install/hrim_generic_srvs/share/hrim_generic_srvs/srv/SpecsCommunication.srv
[75.574s] -- Up-to-date: /home/user/ros2_ws/install/hrim_generic_srvs/share/hrim_generic_srvs/srv/SpecsCommunication_Request.msg
[75.574s] -- Up-to-date: /home/user/ros2_ws/install/hrim_generic_srvs/share/hrim_generic_srvs/srv/SpecsCommunication_Response.msg
[75.574s] -- Up-to-date: /home/user/ros2_ws/install/hrim_generic_srvs/share/ament_index/resource_index/package_run_dependencies/hrim_generic_srvs
[75.574s] -- Installing: /home/user/ros2_ws/install/hrim_generic_srvs/share/ament_index/resource_index/parent_prefix_path/hrim_generic_srvs
[75.575s] -- Installing: /home/user/ros2_ws/install/hrim_generic_srvs/share/hrim_generic_srvs/environment/ament_prefix_path.sh
[75.577s] -- Installing: /home/user/ros2_ws/install/hrim_generic_srvs/share/hrim_generic_srvs/environment/ament_prefix_path.dsv
[75.578s] -- Installing: /home/user/ros2_ws/install/hrim_generic_srvs/share/hrim_generic_srvs/environment/path.sh
[75.578s] -- Installing: /home/user/ros2_ws/install/hrim_generic_srvs/share/hrim_generic_srvs/environment/path.dsv
[75.578s] -- Installing: /home/user/ros2_ws/install/hrim_generic_srvs/share/hrim_generic_srvs/local_setup.bash
[75.578s] -- Installing: /home/user/ros2_ws/install/hrim_generic_srvs/share/hrim_generic_srvs/local_setup.sh
[75.578s] -- Installing: /home/user/ros2_ws/install/hrim_generic_srvs/share/hrim_generic_srvs/local_setup.zsh
[75.578s] -- Installing: /home/user/ros2_ws/install/hrim_generic_srvs/share/hrim_generic_srvs/local_setup.dsv
[75.578s] -- Installing: /home/user/ros2_ws/install/hrim_generic_srvs/share/hrim_generic_srvs/package.dsv
[75.579s] -- Up-to-date: /home/user/ros2_ws/install/hrim_generic_srvs/share/ament_index/resource_index/packages/hrim_generic_srvs
[75.579s] -- Up-to-date: /home/user/ros2_ws/install/hrim_generic_srvs/share/hrim_generic_srvs/cmake/hrim_generic_srvs__rosidl_generator_cExport.cmake
[75.579s] -- Installing: /home/user/ros2_ws/install/hrim_generic_srvs/share/hrim_generic_srvs/cmake/hrim_generic_srvs__rosidl_generator_cExport-noconfig.cmake
[75.579s] -- Up-to-date: /home/user/ros2_ws/install/hrim_generic_srvs/share/hrim_generic_srvs/cmake/hrim_generic_srvs__rosidl_typesupport_introspection_cExport.cmake
[75.579s] -- Installing: /home/user/ros2_ws/install/hrim_generic_srvs/share/hrim_generic_srvs/cmake/hrim_generic_srvs__rosidl_typesupport_introspection_cExport-noconfig.cmake
[75.580s] -- Up-to-date: /home/user/ros2_ws/install/hrim_generic_srvs/share/hrim_generic_srvs/cmake/hrim_generic_srvs__rosidl_typesupport_cExport.cmake
[75.580s] -- Installing: /home/user/ros2_ws/install/hrim_generic_srvs/share/hrim_generic_srvs/cmake/hrim_generic_srvs__rosidl_typesupport_cExport-noconfig.cmake
[75.580s] -- Up-to-date: /home/user/ros2_ws/install/hrim_generic_srvs/share/hrim_generic_srvs/cmake/hrim_generic_srvs__rosidl_generator_cppExport.cmake
[75.580s] -- Up-to-date: /home/user/ros2_ws/install/hrim_generic_srvs/share/hrim_generic_srvs/cmake/hrim_generic_srvs__rosidl_typesupport_introspection_cppExport.cmake
[75.624s] -- Installing: /home/user/ros2_ws/install/hrim_generic_srvs/share/hrim_generic_srvs/cmake/hrim_generic_srvs__rosidl_typesupport_introspection_cppExport-noconfig.cmake
[75.624s] -- Up-to-date: /home/user/ros2_ws/install/hrim_generic_srvs/share/hrim_generic_srvs/cmake/hrim_generic_srvs__rosidl_typesupport_cppExport.cmake
[75.624s] -- Installing: /home/user/ros2_ws/install/hrim_generic_srvs/share/hrim_generic_srvs/cmake/hrim_generic_srvs__rosidl_typesupport_cppExport-noconfig.cmake
[75.624s] -- Up-to-date: /home/user/ros2_ws/install/hrim_generic_srvs/share/hrim_generic_srvs/cmake/rosidl_cmake-extras.cmake
[75.624s] -- Installing: /home/user/ros2_ws/install/hrim_generic_srvs/share/hrim_generic_srvs/cmake/ament_cmake_export_dependencies-extras.cmake
[75.625s] -- Up-to-date: /home/user/ros2_ws/install/hrim_generic_srvs/share/hrim_generic_srvs/cmake/ament_cmake_export_libraries-extras.cmake
[75.625s] -- Up-to-date: /home/user/ros2_ws/install/hrim_generic_srvs/share/hrim_generic_srvs/cmake/ament_cmake_export_targets-extras.cmake
[75.625s] -- Up-to-date: /home/user/ros2_ws/install/hrim_generic_srvs/share/hrim_generic_srvs/cmake/ament_cmake_export_include_directories-extras.cmake
[75.625s] -- Up-to-date: /home/user/ros2_ws/install/hrim_generic_srvs/share/hrim_generic_srvs/cmake/rosidl_cmake_export_typesupport_libraries-extras.cmake
[75.625s] -- Up-to-date: /home/user/ros2_ws/install/hrim_generic_srvs/share/hrim_generic_srvs/cmake/rosidl_cmake_export_typesupport_targets-extras.cmake
[75.625s] -- Up-to-date: /home/user/ros2_ws/install/hrim_generic_srvs/share/hrim_generic_srvs/cmake/hrim_generic_srvsConfig.cmake
[75.625s] -- Up-to-date: /home/user/ros2_ws/install/hrim_generic_srvs/share/hrim_generic_srvs/cmake/hrim_generic_srvsConfig-version.cmake
[75.626s] -- Up-to-date: /home/user/ros2_ws/install/hrim_generic_srvs/share/hrim_generic_srvs/package.xml
[75.626s] Invoked command in '/home/user/ros2_ws/build/hrim_generic_srvs' returned '0': CMAKE_PREFIX_PATH=${CMAKE_PREFIX_PATH}:/opt/ros/foxy _=/usr/bin/env /usr/bin/cmake --install /home/user/ros2_ws/build/hrim_generic_srvs
