[  2%] Built target hrim_actuator_rotaryservo_srvs__cpp
[ 12%] Built target hrim_actuator_rotaryservo_srvs__rosidl_generator_c
[ 14%] [32mBuilding CXX object CMakeFiles/hrim_actuator_rotaryservo_srvs__rosidl_typesupport_introspection_cpp.dir/rosidl_typesupport_introspection_cpp/hrim_actuator_rotaryservo_srvs/srv/detail/open_close_brake__type_support.cpp.o[0m
[ 17%] [32mBuilding CXX object CMakeFiles/hrim_actuator_rotaryservo_srvs__rosidl_typesupport_introspection_cpp.dir/rosidl_typesupport_introspection_cpp/hrim_actuator_rotaryservo_srvs/srv/detail/stop__type_support.cpp.o[0m
[ 19%] [32mBuilding CXX object CMakeFiles/hrim_actuator_rotaryservo_srvs__rosidl_typesupport_introspection_cpp.dir/rosidl_typesupport_introspection_cpp/hrim_actuator_rotaryservo_srvs/srv/detail/specs_rotary_servo__type_support.cpp.o[0m
[ 21%] [32m[1mLinking CXX shared library libhrim_actuator_rotaryservo_srvs__rosidl_typesupport_introspection_cpp.so[0m
[ 23%] Built target hrim_actuator_rotaryservo_srvs__rosidl_typesupport_introspection_cpp
[ 25%] [32m[1mLinking CXX shared library libhrim_actuator_rotaryservo_srvs__rosidl_typesupport_c.so[0m
[ 34%] Built target hrim_actuator_rotaryservo_srvs__rosidl_typesupport_c
[35m[1mScanning dependencies of target hrim_actuator_rotaryservo_srvs__rosidl_typesupport_introspection_c[0m
[ 36%] [32mBuilding C object CMakeFiles/hrim_actuator_rotaryservo_srvs__rosidl_typesupport_introspection_c.dir/rosidl_typesupport_introspection_c/hrim_actuator_rotaryservo_srvs/srv/detail/open_close_brake__type_support.c.o[0m
[ 38%] [32mBuilding C object CMakeFiles/hrim_actuator_rotaryservo_srvs__rosidl_typesupport_introspection_c.dir/rosidl_typesupport_introspection_c/hrim_actuator_rotaryservo_srvs/srv/detail/stop__type_support.c.o[0m
[ 40%] [32mBuilding C object CMakeFiles/hrim_actuator_rotaryservo_srvs__rosidl_typesupport_introspection_c.dir/rosidl_typesupport_introspection_c/hrim_actuator_rotaryservo_srvs/srv/detail/specs_rotary_servo__type_support.c.o[0m
[ 42%] [32m[1mLinking C shared library libhrim_actuator_rotaryservo_srvs__rosidl_typesupport_introspection_c.so[0m
[ 44%] Built target hrim_actuator_rotaryservo_srvs__rosidl_typesupport_introspection_c
[ 46%] [34m[1mGenerating C++ type support for eProsima Fast-RTPS[0m
[35m[1mScanning dependencies of target hrim_actuator_rotaryservo_srvs__rosidl_typesupport_fastrtps_cpp[0m
[ 48%] [32mBuilding CXX object CMakeFiles/hrim_actuator_rotaryservo_srvs__rosidl_typesupport_fastrtps_cpp.dir/rosidl_typesupport_fastrtps_cpp/hrim_actuator_rotaryservo_srvs/srv/detail/dds_fastrtps/open_close_brake__type_support.cpp.o[0m
[ 51%] [32mBuilding CXX object CMakeFiles/hrim_actuator_rotaryservo_srvs__rosidl_typesupport_fastrtps_cpp.dir/rosidl_typesupport_fastrtps_cpp/hrim_actuator_rotaryservo_srvs/srv/detail/dds_fastrtps/stop__type_support.cpp.o[0m
[ 53%] [32mBuilding CXX object CMakeFiles/hrim_actuator_rotaryservo_srvs__rosidl_typesupport_fastrtps_cpp.dir/rosidl_typesupport_fastrtps_cpp/hrim_actuator_rotaryservo_srvs/srv/detail/dds_fastrtps/specs_rotary_servo__type_support.cpp.o[0m
[ 55%] [32m[1mLinking CXX shared library libhrim_actuator_rotaryservo_srvs__rosidl_typesupport_fastrtps_cpp.so[0m
[ 55%] Built target hrim_actuator_rotaryservo_srvs__rosidl_typesupport_fastrtps_cpp
[ 57%] [32m[1mLinking CXX shared library libhrim_actuator_rotaryservo_srvs__rosidl_typesupport_cpp.so[0m
[ 65%] Built target hrim_actuator_rotaryservo_srvs__rosidl_typesupport_cpp
[ 68%] [34m[1mGenerating C type support for eProsima Fast-RTPS[0m
[35m[1mScanning dependencies of target hrim_actuator_rotaryservo_srvs__rosidl_typesupport_fastrtps_c[0m
[ 70%] [32mBuilding CXX object CMakeFiles/hrim_actuator_rotaryservo_srvs__rosidl_typesupport_fastrtps_c.dir/rosidl_typesupport_fastrtps_c/hrim_actuator_rotaryservo_srvs/srv/detail/open_close_brake__type_support_c.cpp.o[0m
[ 72%] [32mBuilding CXX object CMakeFiles/hrim_actuator_rotaryservo_srvs__rosidl_typesupport_fastrtps_c.dir/rosidl_typesupport_fastrtps_c/hrim_actuator_rotaryservo_srvs/srv/detail/stop__type_support_c.cpp.o[0m
[ 74%] [32mBuilding CXX object CMakeFiles/hrim_actuator_rotaryservo_srvs__rosidl_typesupport_fastrtps_c.dir/rosidl_typesupport_fastrtps_c/hrim_actuator_rotaryservo_srvs/srv/detail/specs_rotary_servo__type_support_c.cpp.o[0m
[ 76%] [32m[1mLinking CXX shared library libhrim_actuator_rotaryservo_srvs__rosidl_typesupport_fastrtps_c.so[0m
[ 76%] Built target hrim_actuator_rotaryservo_srvs__rosidl_typesupport_fastrtps_c
[ 76%] Built target hrim_actuator_rotaryservo_srvs
[ 78%] Built target hrim_actuator_rotaryservo_srvs__py
[35m[1mScanning dependencies of target hrim_actuator_rotaryservo_srvs__python[0m
[ 80%] [32mBuilding C object CMakeFiles/hrim_actuator_rotaryservo_srvs__python.dir/rosidl_generator_py/hrim_actuator_rotaryservo_srvs/srv/_open_close_brake_s.c.o[0m
[ 82%] [32mBuilding C object CMakeFiles/hrim_actuator_rotaryservo_srvs__python.dir/rosidl_generator_py/hrim_actuator_rotaryservo_srvs/srv/_stop_s.c.o[0m
[ 85%] [32mBuilding C object CMakeFiles/hrim_actuator_rotaryservo_srvs__python.dir/rosidl_generator_py/hrim_actuator_rotaryservo_srvs/srv/_specs_rotary_servo_s.c.o[0m
[ 87%] [32m[1mLinking C shared library rosidl_generator_py/hrim_actuator_rotaryservo_srvs/libhrim_actuator_rotaryservo_srvs__python.so[0m
[ 87%] Built target hrim_actuator_rotaryservo_srvs__python
[35m[1mScanning dependencies of target hrim_actuator_rotaryservo_srvs__rosidl_typesupport_c__pyext[0m
[ 89%] [32mBuilding C object CMakeFiles/hrim_actuator_rotaryservo_srvs__rosidl_typesupport_c__pyext.dir/rosidl_generator_py/hrim_actuator_rotaryservo_srvs/_hrim_actuator_rotaryservo_srvs_s.ep.rosidl_typesupport_c.c.o[0m
[ 91%] [32m[1mLinking C shared library rosidl_generator_py/hrim_actuator_rotaryservo_srvs/hrim_actuator_rotaryservo_srvs_s__rosidl_typesupport_c.cpython-38-x86_64-linux-gnu.so[0m
[ 91%] Built target hrim_actuator_rotaryservo_srvs__rosidl_typesupport_c__pyext
[35m[1mScanning dependencies of target hrim_actuator_rotaryservo_srvs__rosidl_typesupport_fastrtps_c__pyext[0m
[ 93%] [32mBuilding C object CMakeFiles/hrim_actuator_rotaryservo_srvs__rosidl_typesupport_fastrtps_c__pyext.dir/rosidl_generator_py/hrim_actuator_rotaryservo_srvs/_hrim_actuator_rotaryservo_srvs_s.ep.rosidl_typesupport_fastrtps_c.c.o[0m
[ 95%] [32m[1mLinking CXX shared library rosidl_generator_py/hrim_actuator_rotaryservo_srvs/hrim_actuator_rotaryservo_srvs_s__rosidl_typesupport_fastrtps_c.cpython-38-x86_64-linux-gnu.so[0m
[ 95%] Built target hrim_actuator_rotaryservo_srvs__rosidl_typesupport_fastrtps_c__pyext
[35m[1mScanning dependencies of target hrim_actuator_rotaryservo_srvs__rosidl_typesupport_introspection_c__pyext[0m
[ 97%] [32mBuilding C object CMakeFiles/hrim_actuator_rotaryservo_srvs__rosidl_typesupport_introspection_c__pyext.dir/rosidl_generator_py/hrim_actuator_rotaryservo_srvs/_hrim_actuator_rotaryservo_srvs_s.ep.rosidl_typesupport_introspection_c.c.o[0m
[100%] [32m[1mLinking C shared library rosidl_generator_py/hrim_actuator_rotaryservo_srvs/hrim_actuator_rotaryservo_srvs_s__rosidl_typesupport_introspection_c.cpython-38-x86_64-linux-gnu.so[0m
[100%] Built target hrim_actuator_rotaryservo_srvs__rosidl_typesupport_introspection_c__pyext
-- Install configuration: ""
-- Up-to-date: /home/user/ros2_ws/install/hrim_actuator_rotaryservo_srvs/share/ament_index/resource_index/rosidl_interfaces/hrim_actuator_rotaryservo_srvs
-- Up-to-date: /home/user/ros2_ws/install/hrim_actuator_rotaryservo_srvs/include/hrim_actuator_rotaryservo_srvs
-- Up-to-date: /home/user/ros2_ws/install/hrim_actuator_rotaryservo_srvs/include/hrim_actuator_rotaryservo_srvs/srv
-- Up-to-date: /home/user/ros2_ws/install/hrim_actuator_rotaryservo_srvs/include/hrim_actuator_rotaryservo_srvs/srv/detail
-- Up-to-date: /home/user/ros2_ws/install/hrim_actuator_rotaryservo_srvs/include/hrim_actuator_rotaryservo_srvs/srv/detail/specs_rotary_servo__functions.c
-- Up-to-date: /home/user/ros2_ws/install/hrim_actuator_rotaryservo_srvs/include/hrim_actuator_rotaryservo_srvs/srv/detail/specs_rotary_servo__type_support.h
-- Up-to-date: /home/user/ros2_ws/install/hrim_actuator_rotaryservo_srvs/include/hrim_actuator_rotaryservo_srvs/srv/detail/stop__functions.c
-- Up-to-date: /home/user/ros2_ws/install/hrim_actuator_rotaryservo_srvs/include/hrim_actuator_rotaryservo_srvs/srv/detail/open_close_brake__struct.h
-- Up-to-date: /home/user/ros2_ws/install/hrim_actuator_rotaryservo_srvs/include/hrim_actuator_rotaryservo_srvs/srv/detail/open_close_brake__type_support.h
-- Up-to-date: /home/user/ros2_ws/install/hrim_actuator_rotaryservo_srvs/include/hrim_actuator_rotaryservo_srvs/srv/detail/stop__struct.h
-- Up-to-date: /home/user/ros2_ws/install/hrim_actuator_rotaryservo_srvs/include/hrim_actuator_rotaryservo_srvs/srv/detail/open_close_brake__functions.c
-- Up-to-date: /home/user/ros2_ws/install/hrim_actuator_rotaryservo_srvs/include/hrim_actuator_rotaryservo_srvs/srv/detail/open_close_brake__functions.h
-- Up-to-date: /home/user/ros2_ws/install/hrim_actuator_rotaryservo_srvs/include/hrim_actuator_rotaryservo_srvs/srv/detail/stop__type_support.h
-- Up-to-date: /home/user/ros2_ws/install/hrim_actuator_rotaryservo_srvs/include/hrim_actuator_rotaryservo_srvs/srv/detail/specs_rotary_servo__functions.h
-- Up-to-date: /home/user/ros2_ws/install/hrim_actuator_rotaryservo_srvs/include/hrim_actuator_rotaryservo_srvs/srv/detail/stop__functions.h
-- Up-to-date: /home/user/ros2_ws/install/hrim_actuator_rotaryservo_srvs/include/hrim_actuator_rotaryservo_srvs/srv/detail/specs_rotary_servo__struct.h
-- Up-to-date: /home/user/ros2_ws/install/hrim_actuator_rotaryservo_srvs/include/hrim_actuator_rotaryservo_srvs/srv/open_close_brake.h
-- Up-to-date: /home/user/ros2_ws/install/hrim_actuator_rotaryservo_srvs/include/hrim_actuator_rotaryservo_srvs/srv/specs_rotary_servo.h
-- Up-to-date: /home/user/ros2_ws/install/hrim_actuator_rotaryservo_srvs/include/hrim_actuator_rotaryservo_srvs/srv/stop.h
-- Up-to-date: /home/user/ros2_ws/install/hrim_actuator_rotaryservo_srvs/include/hrim_actuator_rotaryservo_srvs/msg
-- Up-to-date: /home/user/ros2_ws/install/hrim_actuator_rotaryservo_srvs/include/hrim_actuator_rotaryservo_srvs/msg/rosidl_generator_c__visibility_control.h
-- Installing: /home/user/ros2_ws/install/hrim_actuator_rotaryservo_srvs/share/hrim_actuator_rotaryservo_srvs/environment/library_path.sh
-- Installing: /home/user/ros2_ws/install/hrim_actuator_rotaryservo_srvs/share/hrim_actuator_rotaryservo_srvs/environment/library_path.dsv
-- Installing: /home/user/ros2_ws/install/hrim_actuator_rotaryservo_srvs/lib/libhrim_actuator_rotaryservo_srvs__rosidl_generator_c.so
-- Set runtime path of "/home/user/ros2_ws/install/hrim_actuator_rotaryservo_srvs/lib/libhrim_actuator_rotaryservo_srvs__rosidl_generator_c.so" to ""
-- Up-to-date: /home/user/ros2_ws/install/hrim_actuator_rotaryservo_srvs/include/hrim_actuator_rotaryservo_srvs
-- Up-to-date: /home/user/ros2_ws/install/hrim_actuator_rotaryservo_srvs/include/hrim_actuator_rotaryservo_srvs/srv
-- Up-to-date: /home/user/ros2_ws/install/hrim_actuator_rotaryservo_srvs/include/hrim_actuator_rotaryservo_srvs/srv/detail
-- Installing: /home/user/ros2_ws/install/hrim_actuator_rotaryservo_srvs/include/hrim_actuator_rotaryservo_srvs/srv/detail/stop__rosidl_typesupport_fastrtps_c.h
-- Installing: /home/user/ros2_ws/install/hrim_actuator_rotaryservo_srvs/include/hrim_actuator_rotaryservo_srvs/srv/detail/specs_rotary_servo__rosidl_typesupport_fastrtps_c.h
-- Installing: /home/user/ros2_ws/install/hrim_actuator_rotaryservo_srvs/include/hrim_actuator_rotaryservo_srvs/srv/detail/open_close_brake__rosidl_typesupport_fastrtps_c.h
-- Up-to-date: /home/user/ros2_ws/install/hrim_actuator_rotaryservo_srvs/include/hrim_actuator_rotaryservo_srvs/msg
-- Up-to-date: /home/user/ros2_ws/install/hrim_actuator_rotaryservo_srvs/include/hrim_actuator_rotaryservo_srvs/msg/rosidl_typesupport_fastrtps_c__visibility_control.h
-- Installing: /home/user/ros2_ws/install/hrim_actuator_rotaryservo_srvs/lib/libhrim_actuator_rotaryservo_srvs__rosidl_typesupport_fastrtps_c.so
-- Set runtime path of "/home/user/ros2_ws/install/hrim_actuator_rotaryservo_srvs/lib/libhrim_actuator_rotaryservo_srvs__rosidl_typesupport_fastrtps_c.so" to ""
-- Up-to-date: /home/user/ros2_ws/install/hrim_actuator_rotaryservo_srvs/include/hrim_actuator_rotaryservo_srvs
-- Up-to-date: /home/user/ros2_ws/install/hrim_actuator_rotaryservo_srvs/include/hrim_actuator_rotaryservo_srvs/srv
-- Up-to-date: /home/user/ros2_ws/install/hrim_actuator_rotaryservo_srvs/include/hrim_actuator_rotaryservo_srvs/srv/detail
-- Installing: /home/user/ros2_ws/install/hrim_actuator_rotaryservo_srvs/include/hrim_actuator_rotaryservo_srvs/srv/detail/specs_rotary_servo__rosidl_typesupport_fastrtps_cpp.hpp
-- Up-to-date: /home/user/ros2_ws/install/hrim_actuator_rotaryservo_srvs/include/hrim_actuator_rotaryservo_srvs/srv/detail/dds_fastrtps
-- Installing: /home/user/ros2_ws/install/hrim_actuator_rotaryservo_srvs/include/hrim_actuator_rotaryservo_srvs/srv/detail/stop__rosidl_typesupport_fastrtps_cpp.hpp
-- Installing: /home/user/ros2_ws/install/hrim_actuator_rotaryservo_srvs/include/hrim_actuator_rotaryservo_srvs/srv/detail/open_close_brake__rosidl_typesupport_fastrtps_cpp.hpp
-- Up-to-date: /home/user/ros2_ws/install/hrim_actuator_rotaryservo_srvs/include/hrim_actuator_rotaryservo_srvs/msg
-- Up-to-date: /home/user/ros2_ws/install/hrim_actuator_rotaryservo_srvs/include/hrim_actuator_rotaryservo_srvs/msg/rosidl_typesupport_fastrtps_cpp__visibility_control.h
-- Installing: /home/user/ros2_ws/install/hrim_actuator_rotaryservo_srvs/lib/libhrim_actuator_rotaryservo_srvs__rosidl_typesupport_fastrtps_cpp.so
-- Set runtime path of "/home/user/ros2_ws/install/hrim_actuator_rotaryservo_srvs/lib/libhrim_actuator_rotaryservo_srvs__rosidl_typesupport_fastrtps_cpp.so" to ""
-- Up-to-date: /home/user/ros2_ws/install/hrim_actuator_rotaryservo_srvs/include/hrim_actuator_rotaryservo_srvs
-- Up-to-date: /home/user/ros2_ws/install/hrim_actuator_rotaryservo_srvs/include/hrim_actuator_rotaryservo_srvs/srv
-- Up-to-date: /home/user/ros2_ws/install/hrim_actuator_rotaryservo_srvs/include/hrim_actuator_rotaryservo_srvs/srv/detail
-- Up-to-date: /home/user/ros2_ws/install/hrim_actuator_rotaryservo_srvs/include/hrim_actuator_rotaryservo_srvs/srv/detail/specs_rotary_servo__rosidl_typesupport_introspection_c.h
-- Up-to-date: /home/user/ros2_ws/install/hrim_actuator_rotaryservo_srvs/include/hrim_actuator_rotaryservo_srvs/srv/detail/specs_rotary_servo__type_support.c
-- Up-to-date: /home/user/ros2_ws/install/hrim_actuator_rotaryservo_srvs/include/hrim_actuator_rotaryservo_srvs/srv/detail/open_close_brake__type_support.c
-- Up-to-date: /home/user/ros2_ws/install/hrim_actuator_rotaryservo_srvs/include/hrim_actuator_rotaryservo_srvs/srv/detail/stop__rosidl_typesupport_introspection_c.h
-- Up-to-date: /home/user/ros2_ws/install/hrim_actuator_rotaryservo_srvs/include/hrim_actuator_rotaryservo_srvs/srv/detail/stop__type_support.c
-- Up-to-date: /home/user/ros2_ws/install/hrim_actuator_rotaryservo_srvs/include/hrim_actuator_rotaryservo_srvs/srv/detail/open_close_brake__rosidl_typesupport_introspection_c.h
-- Up-to-date: /home/user/ros2_ws/install/hrim_actuator_rotaryservo_srvs/include/hrim_actuator_rotaryservo_srvs/msg
-- Up-to-date: /home/user/ros2_ws/install/hrim_actuator_rotaryservo_srvs/include/hrim_actuator_rotaryservo_srvs/msg/rosidl_typesupport_introspection_c__visibility_control.h
-- Installing: /home/user/ros2_ws/install/hrim_actuator_rotaryservo_srvs/lib/libhrim_actuator_rotaryservo_srvs__rosidl_typesupport_introspection_c.so
-- Set runtime path of "/home/user/ros2_ws/install/hrim_actuator_rotaryservo_srvs/lib/libhrim_actuator_rotaryservo_srvs__rosidl_typesupport_introspection_c.so" to ""
-- Installing: /home/user/ros2_ws/install/hrim_actuator_rotaryservo_srvs/lib/libhrim_actuator_rotaryservo_srvs__rosidl_typesupport_c.so
-- Set runtime path of "/home/user/ros2_ws/install/hrim_actuator_rotaryservo_srvs/lib/libhrim_actuator_rotaryservo_srvs__rosidl_typesupport_c.so" to ""
-- Up-to-date: /home/user/ros2_ws/install/hrim_actuator_rotaryservo_srvs/include/hrim_actuator_rotaryservo_srvs
-- Up-to-date: /home/user/ros2_ws/install/hrim_actuator_rotaryservo_srvs/include/hrim_actuator_rotaryservo_srvs/srv
-- Up-to-date: /home/user/ros2_ws/install/hrim_actuator_rotaryservo_srvs/include/hrim_actuator_rotaryservo_srvs/srv/detail
-- Up-to-date: /home/user/ros2_ws/install/hrim_actuator_rotaryservo_srvs/include/hrim_actuator_rotaryservo_srvs/srv/detail/specs_rotary_servo__struct.hpp
-- Up-to-date: /home/user/ros2_ws/install/hrim_actuator_rotaryservo_srvs/include/hrim_actuator_rotaryservo_srvs/srv/detail/stop__traits.hpp
-- Up-to-date: /home/user/ros2_ws/install/hrim_actuator_rotaryservo_srvs/include/hrim_actuator_rotaryservo_srvs/srv/detail/specs_rotary_servo__traits.hpp
-- Up-to-date: /home/user/ros2_ws/install/hrim_actuator_rotaryservo_srvs/include/hrim_actuator_rotaryservo_srvs/srv/detail/open_close_brake__traits.hpp
-- Up-to-date: /home/user/ros2_ws/install/hrim_actuator_rotaryservo_srvs/include/hrim_actuator_rotaryservo_srvs/srv/detail/open_close_brake__struct.hpp
-- Up-to-date: /home/user/ros2_ws/install/hrim_actuator_rotaryservo_srvs/include/hrim_actuator_rotaryservo_srvs/srv/detail/specs_rotary_servo__builder.hpp
-- Up-to-date: /home/user/ros2_ws/install/hrim_actuator_rotaryservo_srvs/include/hrim_actuator_rotaryservo_srvs/srv/detail/stop__struct.hpp
-- Up-to-date: /home/user/ros2_ws/install/hrim_actuator_rotaryservo_srvs/include/hrim_actuator_rotaryservo_srvs/srv/detail/open_close_brake__builder.hpp
-- Up-to-date: /home/user/ros2_ws/install/hrim_actuator_rotaryservo_srvs/include/hrim_actuator_rotaryservo_srvs/srv/detail/stop__builder.hpp
-- Up-to-date: /home/user/ros2_ws/install/hrim_actuator_rotaryservo_srvs/include/hrim_actuator_rotaryservo_srvs/srv/open_close_brake.hpp
-- Up-to-date: /home/user/ros2_ws/install/hrim_actuator_rotaryservo_srvs/include/hrim_actuator_rotaryservo_srvs/srv/specs_rotary_servo.hpp
-- Up-to-date: /home/user/ros2_ws/install/hrim_actuator_rotaryservo_srvs/include/hrim_actuator_rotaryservo_srvs/srv/stop.hpp
-- Up-to-date: /home/user/ros2_ws/install/hrim_actuator_rotaryservo_srvs/include/hrim_actuator_rotaryservo_srvs
-- Up-to-date: /home/user/ros2_ws/install/hrim_actuator_rotaryservo_srvs/include/hrim_actuator_rotaryservo_srvs/srv
-- Up-to-date: /home/user/ros2_ws/install/hrim_actuator_rotaryservo_srvs/include/hrim_actuator_rotaryservo_srvs/srv/detail
-- Up-to-date: /home/user/ros2_ws/install/hrim_actuator_rotaryservo_srvs/include/hrim_actuator_rotaryservo_srvs/srv/detail/stop__rosidl_typesupport_introspection_cpp.hpp
-- Up-to-date: /home/user/ros2_ws/install/hrim_actuator_rotaryservo_srvs/include/hrim_actuator_rotaryservo_srvs/srv/detail/specs_rotary_servo__rosidl_typesupport_introspection_cpp.hpp
-- Up-to-date: /home/user/ros2_ws/install/hrim_actuator_rotaryservo_srvs/include/hrim_actuator_rotaryservo_srvs/srv/detail/specs_rotary_servo__type_support.cpp
-- Up-to-date: /home/user/ros2_ws/install/hrim_actuator_rotaryservo_srvs/include/hrim_actuator_rotaryservo_srvs/srv/detail/stop__type_support.cpp
-- Up-to-date: /home/user/ros2_ws/install/hrim_actuator_rotaryservo_srvs/include/hrim_actuator_rotaryservo_srvs/srv/detail/open_close_brake__rosidl_typesupport_introspection_cpp.hpp
-- Up-to-date: /home/user/ros2_ws/install/hrim_actuator_rotaryservo_srvs/include/hrim_actuator_rotaryservo_srvs/srv/detail/open_close_brake__type_support.cpp
-- Installing: /home/user/ros2_ws/install/hrim_actuator_rotaryservo_srvs/lib/libhrim_actuator_rotaryservo_srvs__rosidl_typesupport_introspection_cpp.so
-- Set runtime path of "/home/user/ros2_ws/install/hrim_actuator_rotaryservo_srvs/lib/libhrim_actuator_rotaryservo_srvs__rosidl_typesupport_introspection_cpp.so" to ""
-- Installing: /home/user/ros2_ws/install/hrim_actuator_rotaryservo_srvs/lib/libhrim_actuator_rotaryservo_srvs__rosidl_typesupport_cpp.so
-- Set runtime path of "/home/user/ros2_ws/install/hrim_actuator_rotaryservo_srvs/lib/libhrim_actuator_rotaryservo_srvs__rosidl_typesupport_cpp.so" to ""
-- Up-to-date: /home/user/ros2_ws/install/hrim_actuator_rotaryservo_srvs/share/hrim_actuator_rotaryservo_srvs/environment/pythonpath.sh
-- Installing: /home/user/ros2_ws/install/hrim_actuator_rotaryservo_srvs/share/hrim_actuator_rotaryservo_srvs/environment/pythonpath.dsv
-- Installing: /home/user/ros2_ws/install/hrim_actuator_rotaryservo_srvs/lib/python3.8/site-packages/hrim_actuator_rotaryservo_srvs/__init__.py
Compiling '/home/user/ros2_ws/install/hrim_actuator_rotaryservo_srvs/lib/python3.8/site-packages/hrim_actuator_rotaryservo_srvs/__init__.py'...
-- Up-to-date: /home/user/ros2_ws/install/hrim_actuator_rotaryservo_srvs/lib/python3.8/site-packages/hrim_actuator_rotaryservo_srvs/srv
-- Up-to-date: /home/user/ros2_ws/install/hrim_actuator_rotaryservo_srvs/lib/python3.8/site-packages/hrim_actuator_rotaryservo_srvs/srv/_specs_rotary_servo_s.c
-- Up-to-date: /home/user/ros2_ws/install/hrim_actuator_rotaryservo_srvs/lib/python3.8/site-packages/hrim_actuator_rotaryservo_srvs/srv/_open_close_brake_s.c
-- Up-to-date: /home/user/ros2_ws/install/hrim_actuator_rotaryservo_srvs/lib/python3.8/site-packages/hrim_actuator_rotaryservo_srvs/srv/__init__.py
-- Up-to-date: /home/user/ros2_ws/install/hrim_actuator_rotaryservo_srvs/lib/python3.8/site-packages/hrim_actuator_rotaryservo_srvs/srv/_specs_rotary_servo.py
-- Up-to-date: /home/user/ros2_ws/install/hrim_actuator_rotaryservo_srvs/lib/python3.8/site-packages/hrim_actuator_rotaryservo_srvs/srv/_stop_s.c
-- Up-to-date: /home/user/ros2_ws/install/hrim_actuator_rotaryservo_srvs/lib/python3.8/site-packages/hrim_actuator_rotaryservo_srvs/srv/_stop.py
-- Up-to-date: /home/user/ros2_ws/install/hrim_actuator_rotaryservo_srvs/lib/python3.8/site-packages/hrim_actuator_rotaryservo_srvs/srv/_open_close_brake.py
-- Installing: /home/user/ros2_ws/install/hrim_actuator_rotaryservo_srvs/lib/python3.8/site-packages/hrim_actuator_rotaryservo_srvs/hrim_actuator_rotaryservo_srvs_s__rosidl_typesupport_fastrtps_c.cpython-38-x86_64-linux-gnu.so
-- Set runtime path of "/home/user/ros2_ws/install/hrim_actuator_rotaryservo_srvs/lib/python3.8/site-packages/hrim_actuator_rotaryservo_srvs/hrim_actuator_rotaryservo_srvs_s__rosidl_typesupport_fastrtps_c.cpython-38-x86_64-linux-gnu.so" to ""
-- Installing: /home/user/ros2_ws/install/hrim_actuator_rotaryservo_srvs/lib/python3.8/site-packages/hrim_actuator_rotaryservo_srvs/hrim_actuator_rotaryservo_srvs_s__rosidl_typesupport_introspection_c.cpython-38-x86_64-linux-gnu.so
-- Set runtime path of "/home/user/ros2_ws/install/hrim_actuator_rotaryservo_srvs/lib/python3.8/site-packages/hrim_actuator_rotaryservo_srvs/hrim_actuator_rotaryservo_srvs_s__rosidl_typesupport_introspection_c.cpython-38-x86_64-linux-gnu.so" to ""
-- Installing: /home/user/ros2_ws/install/hrim_actuator_rotaryservo_srvs/lib/python3.8/site-packages/hrim_actuator_rotaryservo_srvs/hrim_actuator_rotaryservo_srvs_s__rosidl_typesupport_c.cpython-38-x86_64-linux-gnu.so
-- Set runtime path of "/home/user/ros2_ws/install/hrim_actuator_rotaryservo_srvs/lib/python3.8/site-packages/hrim_actuator_rotaryservo_srvs/hrim_actuator_rotaryservo_srvs_s__rosidl_typesupport_c.cpython-38-x86_64-linux-gnu.so" to ""
-- Installing: /home/user/ros2_ws/install/hrim_actuator_rotaryservo_srvs/lib/libhrim_actuator_rotaryservo_srvs__python.so
-- Set runtime path of "/home/user/ros2_ws/install/hrim_actuator_rotaryservo_srvs/lib/libhrim_actuator_rotaryservo_srvs__python.so" to ""
-- Up-to-date: /home/user/ros2_ws/install/hrim_actuator_rotaryservo_srvs/share/hrim_actuator_rotaryservo_srvs/srv/OpenCloseBrake.idl
-- Up-to-date: /home/user/ros2_ws/install/hrim_actuator_rotaryservo_srvs/share/hrim_actuator_rotaryservo_srvs/srv/SpecsRotaryServo.idl
-- Up-to-date: /home/user/ros2_ws/install/hrim_actuator_rotaryservo_srvs/share/hrim_actuator_rotaryservo_srvs/srv/Stop.idl
-- Up-to-date: /home/user/ros2_ws/install/hrim_actuator_rotaryservo_srvs/share/hrim_actuator_rotaryservo_srvs/srv/OpenCloseBrake.srv
-- Up-to-date: /home/user/ros2_ws/install/hrim_actuator_rotaryservo_srvs/share/hrim_actuator_rotaryservo_srvs/srv/OpenCloseBrake_Request.msg
-- Up-to-date: /home/user/ros2_ws/install/hrim_actuator_rotaryservo_srvs/share/hrim_actuator_rotaryservo_srvs/srv/OpenCloseBrake_Response.msg
-- Up-to-date: /home/user/ros2_ws/install/hrim_actuator_rotaryservo_srvs/share/hrim_actuator_rotaryservo_srvs/srv/SpecsRotaryServo.srv
-- Up-to-date: /home/user/ros2_ws/install/hrim_actuator_rotaryservo_srvs/share/hrim_actuator_rotaryservo_srvs/srv/SpecsRotaryServo_Request.msg
-- Up-to-date: /home/user/ros2_ws/install/hrim_actuator_rotaryservo_srvs/share/hrim_actuator_rotaryservo_srvs/srv/SpecsRotaryServo_Response.msg
-- Up-to-date: /home/user/ros2_ws/install/hrim_actuator_rotaryservo_srvs/share/hrim_actuator_rotaryservo_srvs/srv/Stop.srv
-- Up-to-date: /home/user/ros2_ws/install/hrim_actuator_rotaryservo_srvs/share/hrim_actuator_rotaryservo_srvs/srv/Stop_Request.msg
-- Up-to-date: /home/user/ros2_ws/install/hrim_actuator_rotaryservo_srvs/share/hrim_actuator_rotaryservo_srvs/srv/Stop_Response.msg
-- Up-to-date: /home/user/ros2_ws/install/hrim_actuator_rotaryservo_srvs/share/ament_index/resource_index/package_run_dependencies/hrim_actuator_rotaryservo_srvs
-- Installing: /home/user/ros2_ws/install/hrim_actuator_rotaryservo_srvs/share/ament_index/resource_index/parent_prefix_path/hrim_actuator_rotaryservo_srvs
-- Installing: /home/user/ros2_ws/install/hrim_actuator_rotaryservo_srvs/share/hrim_actuator_rotaryservo_srvs/environment/ament_prefix_path.sh
-- Installing: /home/user/ros2_ws/install/hrim_actuator_rotaryservo_srvs/share/hrim_actuator_rotaryservo_srvs/environment/ament_prefix_path.dsv
-- Installing: /home/user/ros2_ws/install/hrim_actuator_rotaryservo_srvs/share/hrim_actuator_rotaryservo_srvs/environment/path.sh
-- Installing: /home/user/ros2_ws/install/hrim_actuator_rotaryservo_srvs/share/hrim_actuator_rotaryservo_srvs/environment/path.dsv
-- Installing: /home/user/ros2_ws/install/hrim_actuator_rotaryservo_srvs/share/hrim_actuator_rotaryservo_srvs/local_setup.bash
-- Installing: /home/user/ros2_ws/install/hrim_actuator_rotaryservo_srvs/share/hrim_actuator_rotaryservo_srvs/local_setup.sh
-- Installing: /home/user/ros2_ws/install/hrim_actuator_rotaryservo_srvs/share/hrim_actuator_rotaryservo_srvs/local_setup.zsh
-- Installing: /home/user/ros2_ws/install/hrim_actuator_rotaryservo_srvs/share/hrim_actuator_rotaryservo_srvs/local_setup.dsv
-- Installing: /home/user/ros2_ws/install/hrim_actuator_rotaryservo_srvs/share/hrim_actuator_rotaryservo_srvs/package.dsv
-- Up-to-date: /home/user/ros2_ws/install/hrim_actuator_rotaryservo_srvs/share/ament_index/resource_index/packages/hrim_actuator_rotaryservo_srvs
-- Up-to-date: /home/user/ros2_ws/install/hrim_actuator_rotaryservo_srvs/share/hrim_actuator_rotaryservo_srvs/cmake/hrim_actuator_rotaryservo_srvs__rosidl_generator_cExport.cmake
-- Installing: /home/user/ros2_ws/install/hrim_actuator_rotaryservo_srvs/share/hrim_actuator_rotaryservo_srvs/cmake/hrim_actuator_rotaryservo_srvs__rosidl_generator_cExport-noconfig.cmake
-- Up-to-date: /home/user/ros2_ws/install/hrim_actuator_rotaryservo_srvs/share/hrim_actuator_rotaryservo_srvs/cmake/hrim_actuator_rotaryservo_srvs__rosidl_typesupport_introspection_cExport.cmake
-- Installing: /home/user/ros2_ws/install/hrim_actuator_rotaryservo_srvs/share/hrim_actuator_rotaryservo_srvs/cmake/hrim_actuator_rotaryservo_srvs__rosidl_typesupport_introspection_cExport-noconfig.cmake
-- Up-to-date: /home/user/ros2_ws/install/hrim_actuator_rotaryservo_srvs/share/hrim_actuator_rotaryservo_srvs/cmake/hrim_actuator_rotaryservo_srvs__rosidl_typesupport_cExport.cmake
-- Installing: /home/user/ros2_ws/install/hrim_actuator_rotaryservo_srvs/share/hrim_actuator_rotaryservo_srvs/cmake/hrim_actuator_rotaryservo_srvs__rosidl_typesupport_cExport-noconfig.cmake
-- Up-to-date: /home/user/ros2_ws/install/hrim_actuator_rotaryservo_srvs/share/hrim_actuator_rotaryservo_srvs/cmake/hrim_actuator_rotaryservo_srvs__rosidl_generator_cppExport.cmake
-- Up-to-date: /home/user/ros2_ws/install/hrim_actuator_rotaryservo_srvs/share/hrim_actuator_rotaryservo_srvs/cmake/hrim_actuator_rotaryservo_srvs__rosidl_typesupport_introspection_cppExport.cmake
-- Installing: /home/user/ros2_ws/install/hrim_actuator_rotaryservo_srvs/share/hrim_actuator_rotaryservo_srvs/cmake/hrim_actuator_rotaryservo_srvs__rosidl_typesupport_introspection_cppExport-noconfig.cmake
-- Up-to-date: /home/user/ros2_ws/install/hrim_actuator_rotaryservo_srvs/share/hrim_actuator_rotaryservo_srvs/cmake/hrim_actuator_rotaryservo_srvs__rosidl_typesupport_cppExport.cmake
-- Installing: /home/user/ros2_ws/install/hrim_actuator_rotaryservo_srvs/share/hrim_actuator_rotaryservo_srvs/cmake/hrim_actuator_rotaryservo_srvs__rosidl_typesupport_cppExport-noconfig.cmake
-- Up-to-date: /home/user/ros2_ws/install/hrim_actuator_rotaryservo_srvs/share/hrim_actuator_rotaryservo_srvs/cmake/rosidl_cmake-extras.cmake
-- Installing: /home/user/ros2_ws/install/hrim_actuator_rotaryservo_srvs/share/hrim_actuator_rotaryservo_srvs/cmake/ament_cmake_export_dependencies-extras.cmake
-- Up-to-date: /home/user/ros2_ws/install/hrim_actuator_rotaryservo_srvs/share/hrim_actuator_rotaryservo_srvs/cmake/ament_cmake_export_libraries-extras.cmake
-- Up-to-date: /home/user/ros2_ws/install/hrim_actuator_rotaryservo_srvs/share/hrim_actuator_rotaryservo_srvs/cmake/ament_cmake_export_targets-extras.cmake
-- Up-to-date: /home/user/ros2_ws/install/hrim_actuator_rotaryservo_srvs/share/hrim_actuator_rotaryservo_srvs/cmake/ament_cmake_export_include_directories-extras.cmake
-- Up-to-date: /home/user/ros2_ws/install/hrim_actuator_rotaryservo_srvs/share/hrim_actuator_rotaryservo_srvs/cmake/rosidl_cmake_export_typesupport_libraries-extras.cmake
-- Up-to-date: /home/user/ros2_ws/install/hrim_actuator_rotaryservo_srvs/share/hrim_actuator_rotaryservo_srvs/cmake/rosidl_cmake_export_typesupport_targets-extras.cmake
-- Up-to-date: /home/user/ros2_ws/install/hrim_actuator_rotaryservo_srvs/share/hrim_actuator_rotaryservo_srvs/cmake/hrim_actuator_rotaryservo_srvsConfig.cmake
-- Up-to-date: /home/user/ros2_ws/install/hrim_actuator_rotaryservo_srvs/share/hrim_actuator_rotaryservo_srvs/cmake/hrim_actuator_rotaryservo_srvsConfig-version.cmake
-- Up-to-date: /home/user/ros2_ws/install/hrim_actuator_rotaryservo_srvs/share/hrim_actuator_rotaryservo_srvs/package.xml
