[0.217s] Invoking command in '/home/user/ros2_ws/build/hrim_actuator_rotaryservo_srvs': CMAKE_PREFIX_PATH=${CMAKE_PREFIX_PATH}:/opt/ros/foxy _=/usr/bin/env /usr/bin/cmake --build /home/user/ros2_ws/build/hrim_actuator_rotaryservo_srvs -- -j8 -l8
[67.291s] [  2%] Built target hrim_actuator_rotaryservo_srvs__cpp
[67.291s] [ 12%] Built target hrim_actuator_rotaryservo_srvs__rosidl_generator_c
[67.291s] [ 14%] [32mBuilding CXX object CMakeFiles/hrim_actuator_rotaryservo_srvs__rosidl_typesupport_introspection_cpp.dir/rosidl_typesupport_introspection_cpp/hrim_actuator_rotaryservo_srvs/srv/detail/open_close_brake__type_support.cpp.o[0m
[67.292s] [ 17%] [32mBuilding CXX object CMakeFiles/hrim_actuator_rotaryservo_srvs__rosidl_typesupport_introspection_cpp.dir/rosidl_typesupport_introspection_cpp/hrim_actuator_rotaryservo_srvs/srv/detail/stop__type_support.cpp.o[0m
[67.292s] [ 19%] [32mBuilding CXX object CMakeFiles/hrim_actuator_rotaryservo_srvs__rosidl_typesupport_introspection_cpp.dir/rosidl_typesupport_introspection_cpp/hrim_actuator_rotaryservo_srvs/srv/detail/specs_rotary_servo__type_support.cpp.o[0m
[67.293s] [ 21%] [32m[1mLinking CXX shared library libhrim_actuator_rotaryservo_srvs__rosidl_typesupport_introspection_cpp.so[0m
[67.293s] [ 23%] Built target hrim_actuator_rotaryservo_srvs__rosidl_typesupport_introspection_cpp
[67.294s] [ 25%] [32m[1mLinking CXX shared library libhrim_actuator_rotaryservo_srvs__rosidl_typesupport_c.so[0m
[67.295s] [ 34%] Built target hrim_actuator_rotaryservo_srvs__rosidl_typesupport_c
[67.296s] [35m[1mScanning dependencies of target hrim_actuator_rotaryservo_srvs__rosidl_typesupport_introspection_c[0m
[67.296s] [ 36%] [32mBuilding C object CMakeFiles/hrim_actuator_rotaryservo_srvs__rosidl_typesupport_introspection_c.dir/rosidl_typesupport_introspection_c/hrim_actuator_rotaryservo_srvs/srv/detail/open_close_brake__type_support.c.o[0m
[67.296s] [ 38%] [32mBuilding C object CMakeFiles/hrim_actuator_rotaryservo_srvs__rosidl_typesupport_introspection_c.dir/rosidl_typesupport_introspection_c/hrim_actuator_rotaryservo_srvs/srv/detail/stop__type_support.c.o[0m
[67.297s] [ 40%] [32mBuilding C object CMakeFiles/hrim_actuator_rotaryservo_srvs__rosidl_typesupport_introspection_c.dir/rosidl_typesupport_introspection_c/hrim_actuator_rotaryservo_srvs/srv/detail/specs_rotary_servo__type_support.c.o[0m
[67.297s] [ 42%] [32m[1mLinking C shared library libhrim_actuator_rotaryservo_srvs__rosidl_typesupport_introspection_c.so[0m
[67.298s] [ 44%] Built target hrim_actuator_rotaryservo_srvs__rosidl_typesupport_introspection_c
[67.298s] [ 46%] [34m[1mGenerating C++ type support for eProsima Fast-RTPS[0m
[67.299s] [35m[1mScanning dependencies of target hrim_actuator_rotaryservo_srvs__rosidl_typesupport_fastrtps_cpp[0m
[67.299s] [ 48%] [32mBuilding CXX object CMakeFiles/hrim_actuator_rotaryservo_srvs__rosidl_typesupport_fastrtps_cpp.dir/rosidl_typesupport_fastrtps_cpp/hrim_actuator_rotaryservo_srvs/srv/detail/dds_fastrtps/open_close_brake__type_support.cpp.o[0m
[67.300s] [ 51%] [32mBuilding CXX object CMakeFiles/hrim_actuator_rotaryservo_srvs__rosidl_typesupport_fastrtps_cpp.dir/rosidl_typesupport_fastrtps_cpp/hrim_actuator_rotaryservo_srvs/srv/detail/dds_fastrtps/stop__type_support.cpp.o[0m
[67.300s] [ 53%] [32mBuilding CXX object CMakeFiles/hrim_actuator_rotaryservo_srvs__rosidl_typesupport_fastrtps_cpp.dir/rosidl_typesupport_fastrtps_cpp/hrim_actuator_rotaryservo_srvs/srv/detail/dds_fastrtps/specs_rotary_servo__type_support.cpp.o[0m
[67.300s] [ 55%] [32m[1mLinking CXX shared library libhrim_actuator_rotaryservo_srvs__rosidl_typesupport_fastrtps_cpp.so[0m
[67.301s] [ 55%] Built target hrim_actuator_rotaryservo_srvs__rosidl_typesupport_fastrtps_cpp
[67.302s] [ 57%] [32m[1mLinking CXX shared library libhrim_actuator_rotaryservo_srvs__rosidl_typesupport_cpp.so[0m
[67.303s] [ 65%] Built target hrim_actuator_rotaryservo_srvs__rosidl_typesupport_cpp
[67.303s] [ 68%] [34m[1mGenerating C type support for eProsima Fast-RTPS[0m
[67.303s] [35m[1mScanning dependencies of target hrim_actuator_rotaryservo_srvs__rosidl_typesupport_fastrtps_c[0m
[67.303s] [ 70%] [32mBuilding CXX object CMakeFiles/hrim_actuator_rotaryservo_srvs__rosidl_typesupport_fastrtps_c.dir/rosidl_typesupport_fastrtps_c/hrim_actuator_rotaryservo_srvs/srv/detail/open_close_brake__type_support_c.cpp.o[0m
[67.304s] [ 72%] [32mBuilding CXX object CMakeFiles/hrim_actuator_rotaryservo_srvs__rosidl_typesupport_fastrtps_c.dir/rosidl_typesupport_fastrtps_c/hrim_actuator_rotaryservo_srvs/srv/detail/stop__type_support_c.cpp.o[0m
[67.304s] [ 74%] [32mBuilding CXX object CMakeFiles/hrim_actuator_rotaryservo_srvs__rosidl_typesupport_fastrtps_c.dir/rosidl_typesupport_fastrtps_c/hrim_actuator_rotaryservo_srvs/srv/detail/specs_rotary_servo__type_support_c.cpp.o[0m
[67.304s] [ 76%] [32m[1mLinking CXX shared library libhrim_actuator_rotaryservo_srvs__rosidl_typesupport_fastrtps_c.so[0m
[67.304s] [ 76%] Built target hrim_actuator_rotaryservo_srvs__rosidl_typesupport_fastrtps_c
[67.305s] [ 76%] Built target hrim_actuator_rotaryservo_srvs
[67.305s] [ 78%] Built target hrim_actuator_rotaryservo_srvs__py
[67.305s] [35m[1mScanning dependencies of target hrim_actuator_rotaryservo_srvs__python[0m
[67.363s] [ 80%] [32mBuilding C object CMakeFiles/hrim_actuator_rotaryservo_srvs__python.dir/rosidl_generator_py/hrim_actuator_rotaryservo_srvs/srv/_open_close_brake_s.c.o[0m
[67.364s] [ 82%] [32mBuilding C object CMakeFiles/hrim_actuator_rotaryservo_srvs__python.dir/rosidl_generator_py/hrim_actuator_rotaryservo_srvs/srv/_stop_s.c.o[0m
[67.368s] [ 85%] [32mBuilding C object CMakeFiles/hrim_actuator_rotaryservo_srvs__python.dir/rosidl_generator_py/hrim_actuator_rotaryservo_srvs/srv/_specs_rotary_servo_s.c.o[0m
[67.369s] [ 87%] [32m[1mLinking C shared library rosidl_generator_py/hrim_actuator_rotaryservo_srvs/libhrim_actuator_rotaryservo_srvs__python.so[0m
[67.369s] [ 87%] Built target hrim_actuator_rotaryservo_srvs__python
[67.370s] [35m[1mScanning dependencies of target hrim_actuator_rotaryservo_srvs__rosidl_typesupport_c__pyext[0m
[67.370s] [ 89%] [32mBuilding C object CMakeFiles/hrim_actuator_rotaryservo_srvs__rosidl_typesupport_c__pyext.dir/rosidl_generator_py/hrim_actuator_rotaryservo_srvs/_hrim_actuator_rotaryservo_srvs_s.ep.rosidl_typesupport_c.c.o[0m
[67.371s] [ 91%] [32m[1mLinking C shared library rosidl_generator_py/hrim_actuator_rotaryservo_srvs/hrim_actuator_rotaryservo_srvs_s__rosidl_typesupport_c.cpython-38-x86_64-linux-gnu.so[0m
[67.371s] [ 91%] Built target hrim_actuator_rotaryservo_srvs__rosidl_typesupport_c__pyext
[67.371s] [35m[1mScanning dependencies of target hrim_actuator_rotaryservo_srvs__rosidl_typesupport_fastrtps_c__pyext[0m
[67.372s] [ 93%] [32mBuilding C object CMakeFiles/hrim_actuator_rotaryservo_srvs__rosidl_typesupport_fastrtps_c__pyext.dir/rosidl_generator_py/hrim_actuator_rotaryservo_srvs/_hrim_actuator_rotaryservo_srvs_s.ep.rosidl_typesupport_fastrtps_c.c.o[0m
[67.372s] [ 95%] [32m[1mLinking CXX shared library rosidl_generator_py/hrim_actuator_rotaryservo_srvs/hrim_actuator_rotaryservo_srvs_s__rosidl_typesupport_fastrtps_c.cpython-38-x86_64-linux-gnu.so[0m
[67.372s] [ 95%] Built target hrim_actuator_rotaryservo_srvs__rosidl_typesupport_fastrtps_c__pyext
[67.372s] [35m[1mScanning dependencies of target hrim_actuator_rotaryservo_srvs__rosidl_typesupport_introspection_c__pyext[0m
[67.373s] [ 97%] [32mBuilding C object CMakeFiles/hrim_actuator_rotaryservo_srvs__rosidl_typesupport_introspection_c__pyext.dir/rosidl_generator_py/hrim_actuator_rotaryservo_srvs/_hrim_actuator_rotaryservo_srvs_s.ep.rosidl_typesupport_introspection_c.c.o[0m
[67.373s] [100%] [32m[1mLinking C shared library rosidl_generator_py/hrim_actuator_rotaryservo_srvs/hrim_actuator_rotaryservo_srvs_s__rosidl_typesupport_introspection_c.cpython-38-x86_64-linux-gnu.so[0m
[67.373s] [100%] Built target hrim_actuator_rotaryservo_srvs__rosidl_typesupport_introspection_c__pyext
[67.391s] Invoked command in '/home/user/ros2_ws/build/hrim_actuator_rotaryservo_srvs' returned '0': CMAKE_PREFIX_PATH=${CMAKE_PREFIX_PATH}:/opt/ros/foxy _=/usr/bin/env /usr/bin/cmake --build /home/user/ros2_ws/build/hrim_actuator_rotaryservo_srvs -- -j8 -l8
[70.084s] Invoking command in '/home/user/ros2_ws/build/hrim_actuator_rotaryservo_srvs': CMAKE_PREFIX_PATH=${CMAKE_PREFIX_PATH}:/opt/ros/foxy _=/usr/bin/env /usr/bin/cmake --install /home/user/ros2_ws/build/hrim_actuator_rotaryservo_srvs
[70.162s] -- Install configuration: ""
[70.162s] -- Up-to-date: /home/user/ros2_ws/install/hrim_actuator_rotaryservo_srvs/share/ament_index/resource_index/rosidl_interfaces/hrim_actuator_rotaryservo_srvs
[70.163s] -- Up-to-date: /home/user/ros2_ws/install/hrim_actuator_rotaryservo_srvs/include/hrim_actuator_rotaryservo_srvs
[70.163s] -- Up-to-date: /home/user/ros2_ws/install/hrim_actuator_rotaryservo_srvs/include/hrim_actuator_rotaryservo_srvs/srv
[70.163s] -- Up-to-date: /home/user/ros2_ws/install/hrim_actuator_rotaryservo_srvs/include/hrim_actuator_rotaryservo_srvs/srv/detail
[70.167s] -- Up-to-date: /home/user/ros2_ws/install/hrim_actuator_rotaryservo_srvs/include/hrim_actuator_rotaryservo_srvs/srv/detail/specs_rotary_servo__functions.c
[70.168s] -- Up-to-date: /home/user/ros2_ws/install/hrim_actuator_rotaryservo_srvs/include/hrim_actuator_rotaryservo_srvs/srv/detail/specs_rotary_servo__type_support.h
[70.168s] -- Up-to-date: /home/user/ros2_ws/install/hrim_actuator_rotaryservo_srvs/include/hrim_actuator_rotaryservo_srvs/srv/detail/stop__functions.c
[70.168s] -- Up-to-date: /home/user/ros2_ws/install/hrim_actuator_rotaryservo_srvs/include/hrim_actuator_rotaryservo_srvs/srv/detail/open_close_brake__struct.h
[70.169s] -- Up-to-date: /home/user/ros2_ws/install/hrim_actuator_rotaryservo_srvs/include/hrim_actuator_rotaryservo_srvs/srv/detail/open_close_brake__type_support.h
[70.169s] -- Up-to-date: /home/user/ros2_ws/install/hrim_actuator_rotaryservo_srvs/include/hrim_actuator_rotaryservo_srvs/srv/detail/stop__struct.h
[70.169s] -- Up-to-date: /home/user/ros2_ws/install/hrim_actuator_rotaryservo_srvs/include/hrim_actuator_rotaryservo_srvs/srv/detail/open_close_brake__functions.c
[70.169s] -- Up-to-date: /home/user/ros2_ws/install/hrim_actuator_rotaryservo_srvs/include/hrim_actuator_rotaryservo_srvs/srv/detail/open_close_brake__functions.h
[70.169s] -- Up-to-date: /home/user/ros2_ws/install/hrim_actuator_rotaryservo_srvs/include/hrim_actuator_rotaryservo_srvs/srv/detail/stop__type_support.h
[70.170s] -- Up-to-date: /home/user/ros2_ws/install/hrim_actuator_rotaryservo_srvs/include/hrim_actuator_rotaryservo_srvs/srv/detail/specs_rotary_servo__functions.h
[70.170s] -- Up-to-date: /home/user/ros2_ws/install/hrim_actuator_rotaryservo_srvs/include/hrim_actuator_rotaryservo_srvs/srv/detail/stop__functions.h
[70.170s] -- Up-to-date: /home/user/ros2_ws/install/hrim_actuator_rotaryservo_srvs/include/hrim_actuator_rotaryservo_srvs/srv/detail/specs_rotary_servo__struct.h
[70.170s] -- Up-to-date: /home/user/ros2_ws/install/hrim_actuator_rotaryservo_srvs/include/hrim_actuator_rotaryservo_srvs/srv/open_close_brake.h
[70.170s] -- Up-to-date: /home/user/ros2_ws/install/hrim_actuator_rotaryservo_srvs/include/hrim_actuator_rotaryservo_srvs/srv/specs_rotary_servo.h
[70.170s] -- Up-to-date: /home/user/ros2_ws/install/hrim_actuator_rotaryservo_srvs/include/hrim_actuator_rotaryservo_srvs/srv/stop.h
[70.171s] -- Up-to-date: /home/user/ros2_ws/install/hrim_actuator_rotaryservo_srvs/include/hrim_actuator_rotaryservo_srvs/msg
[70.171s] -- Up-to-date: /home/user/ros2_ws/install/hrim_actuator_rotaryservo_srvs/include/hrim_actuator_rotaryservo_srvs/msg/rosidl_generator_c__visibility_control.h
[70.171s] -- Installing: /home/user/ros2_ws/install/hrim_actuator_rotaryservo_srvs/share/hrim_actuator_rotaryservo_srvs/environment/library_path.sh
[70.171s] -- Installing: /home/user/ros2_ws/install/hrim_actuator_rotaryservo_srvs/share/hrim_actuator_rotaryservo_srvs/environment/library_path.dsv
[70.175s] -- Installing: /home/user/ros2_ws/install/hrim_actuator_rotaryservo_srvs/lib/libhrim_actuator_rotaryservo_srvs__rosidl_generator_c.so
[70.176s] -- Set runtime path of "/home/user/ros2_ws/install/hrim_actuator_rotaryservo_srvs/lib/libhrim_actuator_rotaryservo_srvs__rosidl_generator_c.so" to ""
[70.176s] -- Up-to-date: /home/user/ros2_ws/install/hrim_actuator_rotaryservo_srvs/include/hrim_actuator_rotaryservo_srvs
[70.176s] -- Up-to-date: /home/user/ros2_ws/install/hrim_actuator_rotaryservo_srvs/include/hrim_actuator_rotaryservo_srvs/srv
[70.176s] -- Up-to-date: /home/user/ros2_ws/install/hrim_actuator_rotaryservo_srvs/include/hrim_actuator_rotaryservo_srvs/srv/detail
[70.177s] -- Installing: /home/user/ros2_ws/install/hrim_actuator_rotaryservo_srvs/include/hrim_actuator_rotaryservo_srvs/srv/detail/stop__rosidl_typesupport_fastrtps_c.h
[70.177s] -- Installing: /home/user/ros2_ws/install/hrim_actuator_rotaryservo_srvs/include/hrim_actuator_rotaryservo_srvs/srv/detail/specs_rotary_servo__rosidl_typesupport_fastrtps_c.h
[70.177s] -- Installing: /home/user/ros2_ws/install/hrim_actuator_rotaryservo_srvs/include/hrim_actuator_rotaryservo_srvs/srv/detail/open_close_brake__rosidl_typesupport_fastrtps_c.h
[70.177s] -- Up-to-date: /home/user/ros2_ws/install/hrim_actuator_rotaryservo_srvs/include/hrim_actuator_rotaryservo_srvs/msg
[70.178s] -- Up-to-date: /home/user/ros2_ws/install/hrim_actuator_rotaryservo_srvs/include/hrim_actuator_rotaryservo_srvs/msg/rosidl_typesupport_fastrtps_c__visibility_control.h
[70.178s] -- Installing: /home/user/ros2_ws/install/hrim_actuator_rotaryservo_srvs/lib/libhrim_actuator_rotaryservo_srvs__rosidl_typesupport_fastrtps_c.so
[70.178s] -- Set runtime path of "/home/user/ros2_ws/install/hrim_actuator_rotaryservo_srvs/lib/libhrim_actuator_rotaryservo_srvs__rosidl_typesupport_fastrtps_c.so" to ""
[70.179s] -- Up-to-date: /home/user/ros2_ws/install/hrim_actuator_rotaryservo_srvs/include/hrim_actuator_rotaryservo_srvs
[70.180s] -- Up-to-date: /home/user/ros2_ws/install/hrim_actuator_rotaryservo_srvs/include/hrim_actuator_rotaryservo_srvs/srv
[70.180s] -- Up-to-date: /home/user/ros2_ws/install/hrim_actuator_rotaryservo_srvs/include/hrim_actuator_rotaryservo_srvs/srv/detail
[70.180s] -- Installing: /home/user/ros2_ws/install/hrim_actuator_rotaryservo_srvs/include/hrim_actuator_rotaryservo_srvs/srv/detail/specs_rotary_servo__rosidl_typesupport_fastrtps_cpp.hpp
[70.180s] -- Up-to-date: /home/user/ros2_ws/install/hrim_actuator_rotaryservo_srvs/include/hrim_actuator_rotaryservo_srvs/srv/detail/dds_fastrtps
[70.181s] -- Installing: /home/user/ros2_ws/install/hrim_actuator_rotaryservo_srvs/include/hrim_actuator_rotaryservo_srvs/srv/detail/stop__rosidl_typesupport_fastrtps_cpp.hpp
[70.181s] -- Installing: /home/user/ros2_ws/install/hrim_actuator_rotaryservo_srvs/include/hrim_actuator_rotaryservo_srvs/srv/detail/open_close_brake__rosidl_typesupport_fastrtps_cpp.hpp
[70.181s] -- Up-to-date: /home/user/ros2_ws/install/hrim_actuator_rotaryservo_srvs/include/hrim_actuator_rotaryservo_srvs/msg
[70.182s] -- Up-to-date: /home/user/ros2_ws/install/hrim_actuator_rotaryservo_srvs/include/hrim_actuator_rotaryservo_srvs/msg/rosidl_typesupport_fastrtps_cpp__visibility_control.h
[70.182s] -- Installing: /home/user/ros2_ws/install/hrim_actuator_rotaryservo_srvs/lib/libhrim_actuator_rotaryservo_srvs__rosidl_typesupport_fastrtps_cpp.so
[70.182s] -- Set runtime path of "/home/user/ros2_ws/install/hrim_actuator_rotaryservo_srvs/lib/libhrim_actuator_rotaryservo_srvs__rosidl_typesupport_fastrtps_cpp.so" to ""
[70.182s] -- Up-to-date: /home/user/ros2_ws/install/hrim_actuator_rotaryservo_srvs/include/hrim_actuator_rotaryservo_srvs
[70.183s] -- Up-to-date: /home/user/ros2_ws/install/hrim_actuator_rotaryservo_srvs/include/hrim_actuator_rotaryservo_srvs/srv
[70.183s] -- Up-to-date: /home/user/ros2_ws/install/hrim_actuator_rotaryservo_srvs/include/hrim_actuator_rotaryservo_srvs/srv/detail
[70.184s] -- Up-to-date: /home/user/ros2_ws/install/hrim_actuator_rotaryservo_srvs/include/hrim_actuator_rotaryservo_srvs/srv/detail/specs_rotary_servo__rosidl_typesupport_introspection_c.h
[70.184s] -- Up-to-date: /home/user/ros2_ws/install/hrim_actuator_rotaryservo_srvs/include/hrim_actuator_rotaryservo_srvs/srv/detail/specs_rotary_servo__type_support.c
[70.184s] -- Up-to-date: /home/user/ros2_ws/install/hrim_actuator_rotaryservo_srvs/include/hrim_actuator_rotaryservo_srvs/srv/detail/open_close_brake__type_support.c
[70.184s] -- Up-to-date: /home/user/ros2_ws/install/hrim_actuator_rotaryservo_srvs/include/hrim_actuator_rotaryservo_srvs/srv/detail/stop__rosidl_typesupport_introspection_c.h
[70.184s] -- Up-to-date: /home/user/ros2_ws/install/hrim_actuator_rotaryservo_srvs/include/hrim_actuator_rotaryservo_srvs/srv/detail/stop__type_support.c
[70.185s] -- Up-to-date: /home/user/ros2_ws/install/hrim_actuator_rotaryservo_srvs/include/hrim_actuator_rotaryservo_srvs/srv/detail/open_close_brake__rosidl_typesupport_introspection_c.h
[70.185s] -- Up-to-date: /home/user/ros2_ws/install/hrim_actuator_rotaryservo_srvs/include/hrim_actuator_rotaryservo_srvs/msg
[70.185s] -- Up-to-date: /home/user/ros2_ws/install/hrim_actuator_rotaryservo_srvs/include/hrim_actuator_rotaryservo_srvs/msg/rosidl_typesupport_introspection_c__visibility_control.h
[70.185s] -- Installing: /home/user/ros2_ws/install/hrim_actuator_rotaryservo_srvs/lib/libhrim_actuator_rotaryservo_srvs__rosidl_typesupport_introspection_c.so
[70.188s] -- Set runtime path of "/home/user/ros2_ws/install/hrim_actuator_rotaryservo_srvs/lib/libhrim_actuator_rotaryservo_srvs__rosidl_typesupport_introspection_c.so" to ""
[70.189s] -- Installing: /home/user/ros2_ws/install/hrim_actuator_rotaryservo_srvs/lib/libhrim_actuator_rotaryservo_srvs__rosidl_typesupport_c.so
[70.189s] -- Set runtime path of "/home/user/ros2_ws/install/hrim_actuator_rotaryservo_srvs/lib/libhrim_actuator_rotaryservo_srvs__rosidl_typesupport_c.so" to ""
[70.192s] -- Up-to-date: /home/user/ros2_ws/install/hrim_actuator_rotaryservo_srvs/include/hrim_actuator_rotaryservo_srvs
[70.192s] -- Up-to-date: /home/user/ros2_ws/install/hrim_actuator_rotaryservo_srvs/include/hrim_actuator_rotaryservo_srvs/srv
[70.192s] -- Up-to-date: /home/user/ros2_ws/install/hrim_actuator_rotaryservo_srvs/include/hrim_actuator_rotaryservo_srvs/srv/detail
[70.192s] -- Up-to-date: /home/user/ros2_ws/install/hrim_actuator_rotaryservo_srvs/include/hrim_actuator_rotaryservo_srvs/srv/detail/specs_rotary_servo__struct.hpp
[70.193s] -- Up-to-date: /home/user/ros2_ws/install/hrim_actuator_rotaryservo_srvs/include/hrim_actuator_rotaryservo_srvs/srv/detail/stop__traits.hpp
[70.193s] -- Up-to-date: /home/user/ros2_ws/install/hrim_actuator_rotaryservo_srvs/include/hrim_actuator_rotaryservo_srvs/srv/detail/specs_rotary_servo__traits.hpp
[70.193s] -- Up-to-date: /home/user/ros2_ws/install/hrim_actuator_rotaryservo_srvs/include/hrim_actuator_rotaryservo_srvs/srv/detail/open_close_brake__traits.hpp
[70.193s] -- Up-to-date: /home/user/ros2_ws/install/hrim_actuator_rotaryservo_srvs/include/hrim_actuator_rotaryservo_srvs/srv/detail/open_close_brake__struct.hpp
[70.193s] -- Up-to-date: /home/user/ros2_ws/install/hrim_actuator_rotaryservo_srvs/include/hrim_actuator_rotaryservo_srvs/srv/detail/specs_rotary_servo__builder.hpp
[70.194s] -- Up-to-date: /home/user/ros2_ws/install/hrim_actuator_rotaryservo_srvs/include/hrim_actuator_rotaryservo_srvs/srv/detail/stop__struct.hpp
[70.194s] -- Up-to-date: /home/user/ros2_ws/install/hrim_actuator_rotaryservo_srvs/include/hrim_actuator_rotaryservo_srvs/srv/detail/open_close_brake__builder.hpp
[70.194s] -- Up-to-date: /home/user/ros2_ws/install/hrim_actuator_rotaryservo_srvs/include/hrim_actuator_rotaryservo_srvs/srv/detail/stop__builder.hpp
[70.194s] -- Up-to-date: /home/user/ros2_ws/install/hrim_actuator_rotaryservo_srvs/include/hrim_actuator_rotaryservo_srvs/srv/open_close_brake.hpp
[70.194s] -- Up-to-date: /home/user/ros2_ws/install/hrim_actuator_rotaryservo_srvs/include/hrim_actuator_rotaryservo_srvs/srv/specs_rotary_servo.hpp
[70.195s] -- Up-to-date: /home/user/ros2_ws/install/hrim_actuator_rotaryservo_srvs/include/hrim_actuator_rotaryservo_srvs/srv/stop.hpp
[70.195s] -- Up-to-date: /home/user/ros2_ws/install/hrim_actuator_rotaryservo_srvs/include/hrim_actuator_rotaryservo_srvs
[70.195s] -- Up-to-date: /home/user/ros2_ws/install/hrim_actuator_rotaryservo_srvs/include/hrim_actuator_rotaryservo_srvs/srv
[70.195s] -- Up-to-date: /home/user/ros2_ws/install/hrim_actuator_rotaryservo_srvs/include/hrim_actuator_rotaryservo_srvs/srv/detail
[70.195s] -- Up-to-date: /home/user/ros2_ws/install/hrim_actuator_rotaryservo_srvs/include/hrim_actuator_rotaryservo_srvs/srv/detail/stop__rosidl_typesupport_introspection_cpp.hpp
[70.195s] -- Up-to-date: /home/user/ros2_ws/install/hrim_actuator_rotaryservo_srvs/include/hrim_actuator_rotaryservo_srvs/srv/detail/specs_rotary_servo__rosidl_typesupport_introspection_cpp.hpp
[70.266s] -- Up-to-date: /home/user/ros2_ws/install/hrim_actuator_rotaryservo_srvs/include/hrim_actuator_rotaryservo_srvs/srv/detail/specs_rotary_servo__type_support.cpp
[70.266s] -- Up-to-date: /home/user/ros2_ws/install/hrim_actuator_rotaryservo_srvs/include/hrim_actuator_rotaryservo_srvs/srv/detail/stop__type_support.cpp
[70.267s] -- Up-to-date: /home/user/ros2_ws/install/hrim_actuator_rotaryservo_srvs/include/hrim_actuator_rotaryservo_srvs/srv/detail/open_close_brake__rosidl_typesupport_introspection_cpp.hpp
[70.267s] -- Up-to-date: /home/user/ros2_ws/install/hrim_actuator_rotaryservo_srvs/include/hrim_actuator_rotaryservo_srvs/srv/detail/open_close_brake__type_support.cpp
[70.267s] -- Installing: /home/user/ros2_ws/install/hrim_actuator_rotaryservo_srvs/lib/libhrim_actuator_rotaryservo_srvs__rosidl_typesupport_introspection_cpp.so
[70.267s] -- Set runtime path of "/home/user/ros2_ws/install/hrim_actuator_rotaryservo_srvs/lib/libhrim_actuator_rotaryservo_srvs__rosidl_typesupport_introspection_cpp.so" to ""
[70.267s] -- Installing: /home/user/ros2_ws/install/hrim_actuator_rotaryservo_srvs/lib/libhrim_actuator_rotaryservo_srvs__rosidl_typesupport_cpp.so
[70.267s] -- Set runtime path of "/home/user/ros2_ws/install/hrim_actuator_rotaryservo_srvs/lib/libhrim_actuator_rotaryservo_srvs__rosidl_typesupport_cpp.so" to ""
[70.268s] -- Up-to-date: /home/user/ros2_ws/install/hrim_actuator_rotaryservo_srvs/share/hrim_actuator_rotaryservo_srvs/environment/pythonpath.sh
[70.268s] -- Installing: /home/user/ros2_ws/install/hrim_actuator_rotaryservo_srvs/share/hrim_actuator_rotaryservo_srvs/environment/pythonpath.dsv
[70.268s] -- Installing: /home/user/ros2_ws/install/hrim_actuator_rotaryservo_srvs/lib/python3.8/site-packages/hrim_actuator_rotaryservo_srvs/__init__.py
[70.596s] Compiling '/home/user/ros2_ws/install/hrim_actuator_rotaryservo_srvs/lib/python3.8/site-packages/hrim_actuator_rotaryservo_srvs/__init__.py'...
[70.605s] -- Up-to-date: /home/user/ros2_ws/install/hrim_actuator_rotaryservo_srvs/lib/python3.8/site-packages/hrim_actuator_rotaryservo_srvs/srv
[70.606s] -- Up-to-date: /home/user/ros2_ws/install/hrim_actuator_rotaryservo_srvs/lib/python3.8/site-packages/hrim_actuator_rotaryservo_srvs/srv/_specs_rotary_servo_s.c
[70.606s] -- Up-to-date: /home/user/ros2_ws/install/hrim_actuator_rotaryservo_srvs/lib/python3.8/site-packages/hrim_actuator_rotaryservo_srvs/srv/_open_close_brake_s.c
[70.606s] -- Up-to-date: /home/user/ros2_ws/install/hrim_actuator_rotaryservo_srvs/lib/python3.8/site-packages/hrim_actuator_rotaryservo_srvs/srv/__init__.py
[70.606s] -- Up-to-date: /home/user/ros2_ws/install/hrim_actuator_rotaryservo_srvs/lib/python3.8/site-packages/hrim_actuator_rotaryservo_srvs/srv/_specs_rotary_servo.py
[70.607s] -- Up-to-date: /home/user/ros2_ws/install/hrim_actuator_rotaryservo_srvs/lib/python3.8/site-packages/hrim_actuator_rotaryservo_srvs/srv/_stop_s.c
[70.607s] -- Up-to-date: /home/user/ros2_ws/install/hrim_actuator_rotaryservo_srvs/lib/python3.8/site-packages/hrim_actuator_rotaryservo_srvs/srv/_stop.py
[70.607s] -- Up-to-date: /home/user/ros2_ws/install/hrim_actuator_rotaryservo_srvs/lib/python3.8/site-packages/hrim_actuator_rotaryservo_srvs/srv/_open_close_brake.py
[70.661s] -- Installing: /home/user/ros2_ws/install/hrim_actuator_rotaryservo_srvs/lib/python3.8/site-packages/hrim_actuator_rotaryservo_srvs/hrim_actuator_rotaryservo_srvs_s__rosidl_typesupport_fastrtps_c.cpython-38-x86_64-linux-gnu.so
[70.661s] -- Set runtime path of "/home/user/ros2_ws/install/hrim_actuator_rotaryservo_srvs/lib/python3.8/site-packages/hrim_actuator_rotaryservo_srvs/hrim_actuator_rotaryservo_srvs_s__rosidl_typesupport_fastrtps_c.cpython-38-x86_64-linux-gnu.so" to ""
[70.661s] -- Installing: /home/user/ros2_ws/install/hrim_actuator_rotaryservo_srvs/lib/python3.8/site-packages/hrim_actuator_rotaryservo_srvs/hrim_actuator_rotaryservo_srvs_s__rosidl_typesupport_introspection_c.cpython-38-x86_64-linux-gnu.so
[70.661s] -- Set runtime path of "/home/user/ros2_ws/install/hrim_actuator_rotaryservo_srvs/lib/python3.8/site-packages/hrim_actuator_rotaryservo_srvs/hrim_actuator_rotaryservo_srvs_s__rosidl_typesupport_introspection_c.cpython-38-x86_64-linux-gnu.so" to ""
[70.661s] -- Installing: /home/user/ros2_ws/install/hrim_actuator_rotaryservo_srvs/lib/python3.8/site-packages/hrim_actuator_rotaryservo_srvs/hrim_actuator_rotaryservo_srvs_s__rosidl_typesupport_c.cpython-38-x86_64-linux-gnu.so
[70.668s] -- Set runtime path of "/home/user/ros2_ws/install/hrim_actuator_rotaryservo_srvs/lib/python3.8/site-packages/hrim_actuator_rotaryservo_srvs/hrim_actuator_rotaryservo_srvs_s__rosidl_typesupport_c.cpython-38-x86_64-linux-gnu.so" to ""
[70.669s] -- Installing: /home/user/ros2_ws/install/hrim_actuator_rotaryservo_srvs/lib/libhrim_actuator_rotaryservo_srvs__python.so
[70.670s] -- Set runtime path of "/home/user/ros2_ws/install/hrim_actuator_rotaryservo_srvs/lib/libhrim_actuator_rotaryservo_srvs__python.so" to ""
[70.671s] -- Up-to-date: /home/user/ros2_ws/install/hrim_actuator_rotaryservo_srvs/share/hrim_actuator_rotaryservo_srvs/srv/OpenCloseBrake.idl
[70.671s] -- Up-to-date: /home/user/ros2_ws/install/hrim_actuator_rotaryservo_srvs/share/hrim_actuator_rotaryservo_srvs/srv/SpecsRotaryServo.idl
[70.674s] -- Up-to-date: /home/user/ros2_ws/install/hrim_actuator_rotaryservo_srvs/share/hrim_actuator_rotaryservo_srvs/srv/Stop.idl
[70.676s] -- Up-to-date: /home/user/ros2_ws/install/hrim_actuator_rotaryservo_srvs/share/hrim_actuator_rotaryservo_srvs/srv/OpenCloseBrake.srv
[70.677s] -- Up-to-date: /home/user/ros2_ws/install/hrim_actuator_rotaryservo_srvs/share/hrim_actuator_rotaryservo_srvs/srv/OpenCloseBrake_Request.msg
[70.678s] -- Up-to-date: /home/user/ros2_ws/install/hrim_actuator_rotaryservo_srvs/share/hrim_actuator_rotaryservo_srvs/srv/OpenCloseBrake_Response.msg
[70.680s] -- Up-to-date: /home/user/ros2_ws/install/hrim_actuator_rotaryservo_srvs/share/hrim_actuator_rotaryservo_srvs/srv/SpecsRotaryServo.srv
[70.680s] -- Up-to-date: /home/user/ros2_ws/install/hrim_actuator_rotaryservo_srvs/share/hrim_actuator_rotaryservo_srvs/srv/SpecsRotaryServo_Request.msg
[70.681s] -- Up-to-date: /home/user/ros2_ws/install/hrim_actuator_rotaryservo_srvs/share/hrim_actuator_rotaryservo_srvs/srv/SpecsRotaryServo_Response.msg
[70.682s] -- Up-to-date: /home/user/ros2_ws/install/hrim_actuator_rotaryservo_srvs/share/hrim_actuator_rotaryservo_srvs/srv/Stop.srv
[70.686s] -- Up-to-date: /home/user/ros2_ws/install/hrim_actuator_rotaryservo_srvs/share/hrim_actuator_rotaryservo_srvs/srv/Stop_Request.msg
[70.687s] -- Up-to-date: /home/user/ros2_ws/install/hrim_actuator_rotaryservo_srvs/share/hrim_actuator_rotaryservo_srvs/srv/Stop_Response.msg
[70.687s] -- Up-to-date: /home/user/ros2_ws/install/hrim_actuator_rotaryservo_srvs/share/ament_index/resource_index/package_run_dependencies/hrim_actuator_rotaryservo_srvs
[70.688s] -- Installing: /home/user/ros2_ws/install/hrim_actuator_rotaryservo_srvs/share/ament_index/resource_index/parent_prefix_path/hrim_actuator_rotaryservo_srvs
[70.688s] -- Installing: /home/user/ros2_ws/install/hrim_actuator_rotaryservo_srvs/share/hrim_actuator_rotaryservo_srvs/environment/ament_prefix_path.sh
[70.689s] -- Installing: /home/user/ros2_ws/install/hrim_actuator_rotaryservo_srvs/share/hrim_actuator_rotaryservo_srvs/environment/ament_prefix_path.dsv
[70.689s] -- Installing: /home/user/ros2_ws/install/hrim_actuator_rotaryservo_srvs/share/hrim_actuator_rotaryservo_srvs/environment/path.sh
[70.689s] -- Installing: /home/user/ros2_ws/install/hrim_actuator_rotaryservo_srvs/share/hrim_actuator_rotaryservo_srvs/environment/path.dsv
[70.689s] -- Installing: /home/user/ros2_ws/install/hrim_actuator_rotaryservo_srvs/share/hrim_actuator_rotaryservo_srvs/local_setup.bash
[70.692s] -- Installing: /home/user/ros2_ws/install/hrim_actuator_rotaryservo_srvs/share/hrim_actuator_rotaryservo_srvs/local_setup.sh
[70.770s] -- Installing: /home/user/ros2_ws/install/hrim_actuator_rotaryservo_srvs/share/hrim_actuator_rotaryservo_srvs/local_setup.zsh
[70.771s] -- Installing: /home/user/ros2_ws/install/hrim_actuator_rotaryservo_srvs/share/hrim_actuator_rotaryservo_srvs/local_setup.dsv
[70.771s] -- Installing: /home/user/ros2_ws/install/hrim_actuator_rotaryservo_srvs/share/hrim_actuator_rotaryservo_srvs/package.dsv
[70.771s] -- Up-to-date: /home/user/ros2_ws/install/hrim_actuator_rotaryservo_srvs/share/ament_index/resource_index/packages/hrim_actuator_rotaryservo_srvs
[70.776s] -- Up-to-date: /home/user/ros2_ws/install/hrim_actuator_rotaryservo_srvs/share/hrim_actuator_rotaryservo_srvs/cmake/hrim_actuator_rotaryservo_srvs__rosidl_generator_cExport.cmake
[70.776s] -- Installing: /home/user/ros2_ws/install/hrim_actuator_rotaryservo_srvs/share/hrim_actuator_rotaryservo_srvs/cmake/hrim_actuator_rotaryservo_srvs__rosidl_generator_cExport-noconfig.cmake
[70.777s] -- Up-to-date: /home/user/ros2_ws/install/hrim_actuator_rotaryservo_srvs/share/hrim_actuator_rotaryservo_srvs/cmake/hrim_actuator_rotaryservo_srvs__rosidl_typesupport_introspection_cExport.cmake
[70.777s] -- Installing: /home/user/ros2_ws/install/hrim_actuator_rotaryservo_srvs/share/hrim_actuator_rotaryservo_srvs/cmake/hrim_actuator_rotaryservo_srvs__rosidl_typesupport_introspection_cExport-noconfig.cmake
[70.778s] -- Up-to-date: /home/user/ros2_ws/install/hrim_actuator_rotaryservo_srvs/share/hrim_actuator_rotaryservo_srvs/cmake/hrim_actuator_rotaryservo_srvs__rosidl_typesupport_cExport.cmake
[70.779s] -- Installing: /home/user/ros2_ws/install/hrim_actuator_rotaryservo_srvs/share/hrim_actuator_rotaryservo_srvs/cmake/hrim_actuator_rotaryservo_srvs__rosidl_typesupport_cExport-noconfig.cmake
[70.779s] -- Up-to-date: /home/user/ros2_ws/install/hrim_actuator_rotaryservo_srvs/share/hrim_actuator_rotaryservo_srvs/cmake/hrim_actuator_rotaryservo_srvs__rosidl_generator_cppExport.cmake
[70.779s] -- Up-to-date: /home/user/ros2_ws/install/hrim_actuator_rotaryservo_srvs/share/hrim_actuator_rotaryservo_srvs/cmake/hrim_actuator_rotaryservo_srvs__rosidl_typesupport_introspection_cppExport.cmake
[70.780s] -- Installing: /home/user/ros2_ws/install/hrim_actuator_rotaryservo_srvs/share/hrim_actuator_rotaryservo_srvs/cmake/hrim_actuator_rotaryservo_srvs__rosidl_typesupport_introspection_cppExport-noconfig.cmake
[70.780s] -- Up-to-date: /home/user/ros2_ws/install/hrim_actuator_rotaryservo_srvs/share/hrim_actuator_rotaryservo_srvs/cmake/hrim_actuator_rotaryservo_srvs__rosidl_typesupport_cppExport.cmake
[70.781s] -- Installing: /home/user/ros2_ws/install/hrim_actuator_rotaryservo_srvs/share/hrim_actuator_rotaryservo_srvs/cmake/hrim_actuator_rotaryservo_srvs__rosidl_typesupport_cppExport-noconfig.cmake
[70.782s] -- Up-to-date: /home/user/ros2_ws/install/hrim_actuator_rotaryservo_srvs/share/hrim_actuator_rotaryservo_srvs/cmake/rosidl_cmake-extras.cmake
[70.782s] -- Installing: /home/user/ros2_ws/install/hrim_actuator_rotaryservo_srvs/share/hrim_actuator_rotaryservo_srvs/cmake/ament_cmake_export_dependencies-extras.cmake
[70.783s] -- Up-to-date: /home/user/ros2_ws/install/hrim_actuator_rotaryservo_srvs/share/hrim_actuator_rotaryservo_srvs/cmake/ament_cmake_export_libraries-extras.cmake
[70.783s] -- Up-to-date: /home/user/ros2_ws/install/hrim_actuator_rotaryservo_srvs/share/hrim_actuator_rotaryservo_srvs/cmake/ament_cmake_export_targets-extras.cmake
[70.783s] -- Up-to-date: /home/user/ros2_ws/install/hrim_actuator_rotaryservo_srvs/share/hrim_actuator_rotaryservo_srvs/cmake/ament_cmake_export_include_directories-extras.cmake
[70.784s] -- Up-to-date: /home/user/ros2_ws/install/hrim_actuator_rotaryservo_srvs/share/hrim_actuator_rotaryservo_srvs/cmake/rosidl_cmake_export_typesupport_libraries-extras.cmake
[70.784s] -- Up-to-date: /home/user/ros2_ws/install/hrim_actuator_rotaryservo_srvs/share/hrim_actuator_rotaryservo_srvs/cmake/rosidl_cmake_export_typesupport_targets-extras.cmake
[70.785s] -- Up-to-date: /home/user/ros2_ws/install/hrim_actuator_rotaryservo_srvs/share/hrim_actuator_rotaryservo_srvs/cmake/hrim_actuator_rotaryservo_srvsConfig.cmake
[70.786s] -- Up-to-date: /home/user/ros2_ws/install/hrim_actuator_rotaryservo_srvs/share/hrim_actuator_rotaryservo_srvs/cmake/hrim_actuator_rotaryservo_srvsConfig-version.cmake
[70.787s] -- Up-to-date: /home/user/ros2_ws/install/hrim_actuator_rotaryservo_srvs/share/hrim_actuator_rotaryservo_srvs/package.xml
[70.787s] Invoked command in '/home/user/ros2_ws/build/hrim_actuator_rotaryservo_srvs' returned '0': CMAKE_PREFIX_PATH=${CMAKE_PREFIX_PATH}:/opt/ros/foxy _=/usr/bin/env /usr/bin/cmake --install /home/user/ros2_ws/build/hrim_actuator_rotaryservo_srvs
