[0.024s] Invoking command in '/home/user/ros2_ws/build/mara_description': CMAKE_PREFIX_PATH=${CMAKE_PREFIX_PATH}:/opt/ros/foxy _=/usr/bin/env /usr/bin/cmake --build /home/user/ros2_ws/build/mara_description -- -j8 -l8
[0.109s] Invoked command in '/home/user/ros2_ws/build/mara_description' returned '0': CMAKE_PREFIX_PATH=${CMAKE_PREFIX_PATH}:/opt/ros/foxy _=/usr/bin/env /usr/bin/cmake --build /home/user/ros2_ws/build/mara_description -- -j8 -l8
[0.186s] Invoking command in '/home/user/ros2_ws/build/mara_description': CMAKE_PREFIX_PATH=${CMAKE_PREFIX_PATH}:/opt/ros/foxy _=/usr/bin/env /usr/bin/cmake --install /home/user/ros2_ws/build/mara_description
[0.203s] -- Install configuration: ""
[0.204s] -- Up-to-date: /home/user/ros2_ws/install/mara_description/share/mara_description/meshes
[0.204s] -- Up-to-date: /home/user/ros2_ws/install/mara_description/share/mara_description/meshes/Base_plancha.dae
[0.204s] -- Up-to-date: /home/user/ros2_ws/install/mara_description/share/mara_description/meshes/robotiq_adapter.dae
[0.204s] -- Up-to-date: /home/user/ros2_ws/install/mara_description/share/mara_description/meshes/Intel_RealSense_Depth_Camera_D435.dae
[0.204s] -- Up-to-date: /home/user/ros2_ws/install/mara_description/share/mara_description/meshes/MARA_T5.4.dae
[0.205s] -- Up-to-date: /home/user/ros2_ws/install/mara_description/share/mara_description/meshes/MARA_Link1.dae
[0.205s] -- Up-to-date: /home/user/ros2_ws/install/mara_description/share/mara_description/meshes/MARA_Link2.dae
[0.205s] -- Up-to-date: /home/user/ros2_ws/install/mara_description/share/mara_description/meshes/Camera_Support_2.dae
[0.205s] -- Up-to-date: /home/user/ros2_ws/install/mara_description/share/mara_description/meshes/v8_MARA_Base.dae
[0.205s] -- Up-to-date: /home/user/ros2_ws/install/mara_description/share/mara_description/meshes/Base.dae
[0.206s] -- Up-to-date: /home/user/ros2_ws/install/mara_description/share/mara_description/meshes/MARA_T5.4_black.dae
[0.206s] -- Up-to-date: /home/user/ros2_ws/install/mara_description/share/mara_description/meshes/MARA_T30.dae
[0.207s] -- Up-to-date: /home/user/ros2_ws/install/mara_description/share/mara_description/meshes/Camera_Support_1.dae
[0.207s] -- Up-to-date: /home/user/ros2_ws/install/mara_description/share/mara_description/meshes/MARA_T30_Black.dae
[0.207s] -- Up-to-date: /home/user/ros2_ws/install/mara_description/share/mara_description/meshes/MARA_T49_Black.dae
[0.207s] -- Up-to-date: /home/user/ros2_ws/install/mara_description/share/mara_description/meshes/MARA_T49.dae
[0.208s] -- Up-to-date: /home/user/ros2_ws/install/mara_description/share/mara_description/meshes/gripper_adapter.dae
[0.208s] -- Up-to-date: /home/user/ros2_ws/install/mara_description/share/mara_description/urdf
[0.208s] -- Up-to-date: /home/user/ros2_ws/install/mara_description/share/mara_description/urdf/mara_robot_gripper_140.urdf
[0.208s] -- Up-to-date: /home/user/ros2_ws/install/mara_description/share/mara_description/urdf/two_mara_robots.urdf.xacro
[0.209s] -- Up-to-date: /home/user/ros2_ws/install/mara_description/share/mara_description/urdf/mara.transmission.xacro
[0.209s] -- Up-to-date: /home/user/ros2_ws/install/mara_description/share/mara_description/urdf/mara_robot.urdf
[0.209s] -- Up-to-date: /home/user/ros2_ws/install/mara_description/share/mara_description/urdf/two_mara_robots_gripper_140_no_table.urdf
[0.209s] -- Up-to-date: /home/user/ros2_ws/install/mara_description/share/mara_description/urdf/camera_gripper_support.urdf.xacro
[0.209s] -- Up-to-date: /home/user/ros2_ws/install/mara_description/share/mara_description/urdf/mara_robot_gripper_85.urdf.xacro
[0.209s] -- Up-to-date: /home/user/ros2_ws/install/mara_description/share/mara_description/urdf/table.mtl
[0.210s] -- Up-to-date: /home/user/ros2_ws/install/mara_description/share/mara_description/urdf/two_mara_robots_gripper_140_no_table.urdf.xacro
[0.210s] -- Installing: /home/user/ros2_ws/install/mara_description/share/mara_description/urdf/mara_robot_gripper_140_no_table.urdf
[0.210s] -- Up-to-date: /home/user/ros2_ws/install/mara_description/share/mara_description/urdf/mara_gazebo.urdf.xacro
[0.210s] -- Up-to-date: /home/user/ros2_ws/install/mara_description/share/mara_description/urdf/table.png
[0.210s] -- Up-to-date: /home/user/ros2_ws/install/mara_description/share/mara_description/urdf/table.urdf.xacro
[0.211s] -- Up-to-date: /home/user/ros2_ws/install/mara_description/share/mara_description/urdf/mara_robot_gripper_140_no_table.urdf.xacro
[0.213s] -- Up-to-date: /home/user/ros2_ws/install/mara_description/share/mara_description/urdf/mara_robot_gripper_85.urdf
[0.213s] -- Up-to-date: /home/user/ros2_ws/install/mara_description/share/mara_description/urdf/mara_robot_gripper_140.urdf.xacro
[0.213s] -- Up-to-date: /home/user/ros2_ws/install/mara_description/share/mara_description/urdf/materials.xacro
[0.213s] -- Up-to-date: /home/user/ros2_ws/install/mara_description/share/mara_description/urdf/table.obj
[0.214s] -- Up-to-date: /home/user/ros2_ws/install/mara_description/share/mara_description/urdf/reinforcement_learning
[0.216s] -- Up-to-date: /home/user/ros2_ws/install/mara_description/share/mara_description/urdf/reinforcement_learning/mara_robot_train.urdf.xacro
[0.216s] -- Up-to-date: /home/user/ros2_ws/install/mara_description/share/mara_description/urdf/reinforcement_learning/mara_robot_run.urdf.xacro
[0.217s] -- Up-to-date: /home/user/ros2_ws/install/mara_description/share/mara_description/urdf/reinforcement_learning/mara_gazebo_run.urdf.xacro
[0.217s] -- Up-to-date: /home/user/ros2_ws/install/mara_description/share/mara_description/urdf/reinforcement_learning/mara_robot_gripper_140_camera_run.urdf.xacro
[0.218s] -- Up-to-date: /home/user/ros2_ws/install/mara_description/share/mara_description/urdf/reinforcement_learning/mara_robot_gripper_140_camera_train.urdf.xacro
[0.224s] -- Up-to-date: /home/user/ros2_ws/install/mara_description/share/mara_description/urdf/reinforcement_learning/mara_robot_train.urdf
[0.224s] -- Up-to-date: /home/user/ros2_ws/install/mara_description/share/mara_description/urdf/reinforcement_learning/mara_robot_gripper_140_camera_train.urdf
[0.224s] -- Up-to-date: /home/user/ros2_ws/install/mara_description/share/mara_description/urdf/reinforcement_learning/mara_run.urdf.xacro
[0.224s] -- Up-to-date: /home/user/ros2_ws/install/mara_description/share/mara_description/urdf/reinforcement_learning/mara_robot_run.urdf
[0.225s] -- Up-to-date: /home/user/ros2_ws/install/mara_description/share/mara_description/urdf/reinforcement_learning/mara_gazebo_train.urdf.xacro
[0.225s] -- Up-to-date: /home/user/ros2_ws/install/mara_description/share/mara_description/urdf/reinforcement_learning/mara_robot_gripper_140_camera_run.urdf
[0.225s] -- Up-to-date: /home/user/ros2_ws/install/mara_description/share/mara_description/urdf/reinforcement_learning/mara_train.urdf.xacro
[0.225s] -- Up-to-date: /home/user/ros2_ws/install/mara_description/share/mara_description/urdf/mara_robot_gripper_hande.urdf
[0.225s] -- Up-to-date: /home/user/ros2_ws/install/mara_description/share/mara_description/urdf/mara_robot_gripper_hande.urdf.xacro
[0.226s] -- Up-to-date: /home/user/ros2_ws/install/mara_description/share/mara_description/urdf/mara.urdf.xacro
[0.226s] -- Up-to-date: /home/user/ros2_ws/install/mara_description/share/mara_description/urdf/mara_robot.urdf.xacro
[0.226s] -- Up-to-date: /home/user/ros2_ws/install/mara_description/share/mara_description/urdf/rs_d435.urdf.xacro
[0.226s] -- Up-to-date: /home/user/ros2_ws/install/mara_description/share/mara_description/urdf/two_mara_robots.urdf
[0.226s] -- Up-to-date: /home/user/ros2_ws/install/mara_description/share/mara_description/material
[0.227s] -- Up-to-date: /home/user/ros2_ws/install/mara_description/share/mara_description/material/gazebo.material
[0.227s] -- Up-to-date: /home/user/ros2_ws/install/mara_description/share/mara_description/rviz
[0.227s] -- Up-to-date: /home/user/ros2_ws/install/mara_description/share/mara_description/rviz/visualization.rviz
[0.227s] -- Up-to-date: /home/user/ros2_ws/install/mara_description/share/ament_index/resource_index/package_run_dependencies/mara_description
[0.227s] -- Up-to-date: /home/user/ros2_ws/install/mara_description/share/ament_index/resource_index/parent_prefix_path/mara_description
[0.227s] -- Up-to-date: /home/user/ros2_ws/install/mara_description/share/mara_description/environment/ament_prefix_path.sh
[0.228s] -- Up-to-date: /home/user/ros2_ws/install/mara_description/share/mara_description/environment/ament_prefix_path.dsv
[0.228s] -- Up-to-date: /home/user/ros2_ws/install/mara_description/share/mara_description/environment/path.sh
[0.228s] -- Up-to-date: /home/user/ros2_ws/install/mara_description/share/mara_description/environment/path.dsv
[0.228s] -- Up-to-date: /home/user/ros2_ws/install/mara_description/share/mara_description/local_setup.bash
[0.229s] -- Up-to-date: /home/user/ros2_ws/install/mara_description/share/mara_description/local_setup.sh
[0.229s] -- Up-to-date: /home/user/ros2_ws/install/mara_description/share/mara_description/local_setup.zsh
[0.229s] -- Up-to-date: /home/user/ros2_ws/install/mara_description/share/mara_description/local_setup.dsv
[0.229s] -- Installing: /home/user/ros2_ws/install/mara_description/share/mara_description/package.dsv
[0.229s] -- Up-to-date: /home/user/ros2_ws/install/mara_description/share/ament_index/resource_index/packages/mara_description
[0.229s] -- Up-to-date: /home/user/ros2_ws/install/mara_description/share/mara_description/cmake/ament_cmake_export_dependencies-extras.cmake
[0.230s] -- Up-to-date: /home/user/ros2_ws/install/mara_description/share/mara_description/cmake/mara_descriptionConfig.cmake
[0.230s] -- Up-to-date: /home/user/ros2_ws/install/mara_description/share/mara_description/cmake/mara_descriptionConfig-version.cmake
[0.230s] -- Up-to-date: /home/user/ros2_ws/install/mara_description/share/mara_description/package.xml
[0.231s] Invoked command in '/home/user/ros2_ws/build/mara_description' returned '0': CMAKE_PREFIX_PATH=${CMAKE_PREFIX_PATH}:/opt/ros/foxy _=/usr/bin/env /usr/bin/cmake --install /home/user/ros2_ws/build/mara_description
