[1.243s] Invoking command in '/home/user/ros2_ws/src/ldmk_package': PYTHONPATH=/home/user/ros2_ws/install/ldmk_package/lib/python3.8/site-packages:${PYTHONPATH} _=/usr/bin/env /usr/bin/python3 setup.py egg_info --egg-base ../../build/ldmk_package build --build-base /home/user/ros2_ws/build/ldmk_package/build install --prefix /home/user/ros2_ws/install/ldmk_package --record /home/user/ros2_ws/build/ldmk_package/install.log --single-version-externally-managed
[2.596s] running egg_info
[2.596s] writing ../../build/ldmk_package/ldmk_package.egg-info/PKG-INFO
[2.597s] writing dependency_links to ../../build/ldmk_package/ldmk_package.egg-info/dependency_links.txt
[2.597s] writing entry points to ../../build/ldmk_package/ldmk_package.egg-info/entry_points.txt
[2.598s] writing requirements to ../../build/ldmk_package/ldmk_package.egg-info/requires.txt
[2.598s] writing top-level names to ../../build/ldmk_package/ldmk_package.egg-info/top_level.txt
[2.732s] reading manifest file '../../build/ldmk_package/ldmk_package.egg-info/SOURCES.txt'
[2.733s] writing manifest file '../../build/ldmk_package/ldmk_package.egg-info/SOURCES.txt'
[2.733s] running build
[2.734s] running build_py
[2.734s] copying ldmk_package/maraik.launch.py -> /home/user/ros2_ws/build/ldmk_package/build/lib/ldmk_package
[2.740s] running install
[2.740s] running install_lib
[2.744s] copying /home/user/ros2_ws/build/ldmk_package/build/lib/ldmk_package/maraik.launch.py -> /home/user/ros2_ws/install/ldmk_package/lib/python3.8/site-packages/ldmk_package
[2.745s] byte-compiling /home/user/ros2_ws/install/ldmk_package/lib/python3.8/site-packages/ldmk_package/maraik.launch.py to maraik.launch.cpython-38.pyc
[2.745s] running install_data
[2.746s] running install_egg_info
[2.780s] removing '/home/user/ros2_ws/install/ldmk_package/lib/python3.8/site-packages/ldmk_package-0.0.0-py3.8.egg-info' (and everything under it)
[2.780s] Copying ../../build/ldmk_package/ldmk_package.egg-info to /home/user/ros2_ws/install/ldmk_package/lib/python3.8/site-packages/ldmk_package-0.0.0-py3.8.egg-info
[2.783s] running install_scripts
[2.826s] Installing roboticsIK script to /home/user/ros2_ws/install/ldmk_package/lib/ldmk_package
[2.827s] writing list of installed files to '/home/user/ros2_ws/build/ldmk_package/install.log'
[2.914s] Invoked command in '/home/user/ros2_ws/src/ldmk_package' returned '0': PYTHONPATH=/home/user/ros2_ws/install/ldmk_package/lib/python3.8/site-packages:${PYTHONPATH} _=/usr/bin/env /usr/bin/python3 setup.py egg_info --egg-base ../../build/ldmk_package build --build-base /home/user/ros2_ws/build/ldmk_package/build install --prefix /home/user/ros2_ws/install/ldmk_package --record /home/user/ros2_ws/build/ldmk_package/install.log --single-version-externally-managed
