-- The C compiler identification is GNU 9.3.0
-- The CXX compiler identification is GNU 9.3.0
-- Check for working C compiler: /usr/bin/cc
-- Check for working C compiler: /usr/bin/cc -- works
-- Detecting C compiler ABI info
-- Detecting C compiler ABI info - done
-- Detecting C compile features
-- Detecting C compile features - done
-- Check for working CXX compiler: /usr/bin/c++
-- Check for working CXX compiler: /usr/bin/c++ -- works
-- Detecting CXX compiler ABI info
-- Detecting CXX compiler ABI info - done
-- Detecting CXX compile features
-- Detecting CXX compile features - done
-- Found ament_cmake: 0.9.7 (/opt/ros/foxy/share/ament_cmake/cmake)
-- Found PythonInterp: /usr/bin/python3 (found suitable version "3.8.5", minimum required is "3") 
-- Using PYTHON_EXECUTABLE: /usr/bin/python3
-- Found rosidl_default_generators: 1.0.0 (/opt/ros/foxy/share/rosidl_default_generators/cmake)
-- Using all available rosidl_typesupport_c: rosidl_typesupport_fastrtps_c;rosidl_typesupport_introspection_c
-- Found rosidl_adapter: 1.1.0 (/opt/ros/foxy/share/rosidl_adapter/cmake)
-- Found OpenSSL: /usr/lib/x86_64-linux-gnu/libcrypto.so (found version "1.1.1f")  
-- Found FastRTPS: /opt/ros/foxy/include  
-- Using all available rosidl_typesupport_cpp: rosidl_typesupport_fastrtps_cpp;rosidl_typesupport_introspection_cpp
-- Found std_msgs: 2.0.3 (/opt/ros/foxy/share/std_msgs/cmake)
-- Found geometry_msgs: 2.0.3 (/opt/ros/foxy/share/geometry_msgs/cmake)
-- Found PythonInterp: /usr/bin/python3 (found version "3.8.5") 
-- Found ament_cmake_ros: 0.9.0 (/opt/ros/foxy/share/ament_cmake_ros/cmake)
-- Using all available rosidl_typesupport_c: rosidl_typesupport_fastrtps_c;rosidl_typesupport_introspection_c
-- Using all available rosidl_typesupport_cpp: rosidl_typesupport_fastrtps_cpp;rosidl_typesupport_introspection_cpp
-- Found PythonInterp: /usr/bin/python3 (found suitable version "3.8.5", minimum required is "3.5") 
-- Found python_cmake_module: 0.8.0 (/opt/ros/foxy/share/python_cmake_module/cmake)
-- Found PythonLibs: /usr/lib/x86_64-linux-gnu/libpython3.8.so (found suitable version "3.8.5", minimum required is "3.5") 
-- Using PYTHON_EXECUTABLE: /usr/bin/python3
-- Using PYTHON_INCLUDE_DIRS: /usr/include/python3.8
-- Using PYTHON_LIBRARIES: /usr/lib/x86_64-linux-gnu/libpython3.8.so
-- Found PythonExtra: .so  
-- Configuring done
-- Generating done
-- Build files have been written to: /home/user/ros2_ws/build/hrim_actuator_gripper_msgs
[  1%] [34m[1mGenerating C code for ROS interfaces[0m
[35m[1mScanning dependencies of target hrim_actuator_gripper_msgs__cpp[0m
[  3%] [34m[1mGenerating C++ code for ROS interfaces[0m
[  3%] Built target hrim_actuator_gripper_msgs__cpp
[35m[1mScanning dependencies of target hrim_actuator_gripper_msgs__rosidl_generator_c[0m
[  4%] [32mBuilding C object CMakeFiles/hrim_actuator_gripper_msgs__rosidl_generator_c.dir/rosidl_generator_c/hrim_actuator_gripper_msgs/msg/detail/cycle_time__functions.c.o[0m
[  6%] [32mBuilding C object CMakeFiles/hrim_actuator_gripper_msgs__rosidl_generator_c.dir/rosidl_generator_c/hrim_actuator_gripper_msgs/msg/detail/state_gripper__functions.c.o[0m
[  7%] [32mBuilding C object CMakeFiles/hrim_actuator_gripper_msgs__rosidl_generator_c.dir/rosidl_generator_c/hrim_actuator_gripper_msgs/msg/detail/state_finger_gripper__functions.c.o[0m
[  9%] [32mBuilding C object CMakeFiles/hrim_actuator_gripper_msgs__rosidl_generator_c.dir/rosidl_generator_c/hrim_actuator_gripper_msgs/msg/detail/reconfiguration__functions.c.o[0m
[ 11%] [32mBuilding C object CMakeFiles/hrim_actuator_gripper_msgs__rosidl_generator_c.dir/rosidl_generator_c/hrim_actuator_gripper_msgs/msg/detail/goal_tactile_pressure__functions.c.o[0m
[ 12%] [32m[1mLinking C shared library libhrim_actuator_gripper_msgs__rosidl_generator_c.so[0m
[ 12%] Built target hrim_actuator_gripper_msgs__rosidl_generator_c
[ 14%] [34m[1mGenerating C++ type support dispatch for ROS interfaces[0m
[35m[1mScanning dependencies of target hrim_actuator_gripper_msgs__rosidl_typesupport_cpp[0m
[ 15%] [32mBuilding CXX object CMakeFiles/hrim_actuator_gripper_msgs__rosidl_typesupport_cpp.dir/rosidl_typesupport_cpp/hrim_actuator_gripper_msgs/msg/cycle_time__type_support.cpp.o[0m
[ 17%] [32mBuilding CXX object CMakeFiles/hrim_actuator_gripper_msgs__rosidl_typesupport_cpp.dir/rosidl_typesupport_cpp/hrim_actuator_gripper_msgs/msg/state_gripper__type_support.cpp.o[0m
[ 19%] [32mBuilding CXX object CMakeFiles/hrim_actuator_gripper_msgs__rosidl_typesupport_cpp.dir/rosidl_typesupport_cpp/hrim_actuator_gripper_msgs/msg/state_finger_gripper__type_support.cpp.o[0m
[ 20%] [32mBuilding CXX object CMakeFiles/hrim_actuator_gripper_msgs__rosidl_typesupport_cpp.dir/rosidl_typesupport_cpp/hrim_actuator_gripper_msgs/msg/reconfiguration__type_support.cpp.o[0m
[ 22%] [32mBuilding CXX object CMakeFiles/hrim_actuator_gripper_msgs__rosidl_typesupport_cpp.dir/rosidl_typesupport_cpp/hrim_actuator_gripper_msgs/msg/goal_tactile_pressure__type_support.cpp.o[0m
[ 23%] [32m[1mLinking CXX shared library libhrim_actuator_gripper_msgs__rosidl_typesupport_cpp.so[0m
[ 23%] Built target hrim_actuator_gripper_msgs__rosidl_typesupport_cpp
[ 25%] [34m[1mGenerating C introspection for ROS interfaces[0m
[35m[1mScanning dependencies of target hrim_actuator_gripper_msgs__rosidl_typesupport_introspection_c[0m
[ 26%] [32mBuilding C object CMakeFiles/hrim_actuator_gripper_msgs__rosidl_typesupport_introspection_c.dir/rosidl_typesupport_introspection_c/hrim_actuator_gripper_msgs/msg/detail/cycle_time__type_support.c.o[0m
[ 28%] [32mBuilding C object CMakeFiles/hrim_actuator_gripper_msgs__rosidl_typesupport_introspection_c.dir/rosidl_typesupport_introspection_c/hrim_actuator_gripper_msgs/msg/detail/state_gripper__type_support.c.o[0m
[ 30%] [32mBuilding C object CMakeFiles/hrim_actuator_gripper_msgs__rosidl_typesupport_introspection_c.dir/rosidl_typesupport_introspection_c/hrim_actuator_gripper_msgs/msg/detail/state_finger_gripper__type_support.c.o[0m
[ 31%] [32mBuilding C object CMakeFiles/hrim_actuator_gripper_msgs__rosidl_typesupport_introspection_c.dir/rosidl_typesupport_introspection_c/hrim_actuator_gripper_msgs/msg/detail/reconfiguration__type_support.c.o[0m
[ 33%] [32mBuilding C object CMakeFiles/hrim_actuator_gripper_msgs__rosidl_typesupport_introspection_c.dir/rosidl_typesupport_introspection_c/hrim_actuator_gripper_msgs/msg/detail/goal_tactile_pressure__type_support.c.o[0m
[ 34%] [32m[1mLinking C shared library libhrim_actuator_gripper_msgs__rosidl_typesupport_introspection_c.so[0m
[ 34%] Built target hrim_actuator_gripper_msgs__rosidl_typesupport_introspection_c
[ 36%] [34m[1mGenerating C type support dispatch for ROS interfaces[0m
[35m[1mScanning dependencies of target hrim_actuator_gripper_msgs__rosidl_typesupport_c[0m
[ 38%] [32mBuilding CXX object CMakeFiles/hrim_actuator_gripper_msgs__rosidl_typesupport_c.dir/rosidl_typesupport_c/hrim_actuator_gripper_msgs/msg/cycle_time__type_support.cpp.o[0m
[ 39%] [32mBuilding CXX object CMakeFiles/hrim_actuator_gripper_msgs__rosidl_typesupport_c.dir/rosidl_typesupport_c/hrim_actuator_gripper_msgs/msg/state_gripper__type_support.cpp.o[0m
[ 41%] [32mBuilding CXX object CMakeFiles/hrim_actuator_gripper_msgs__rosidl_typesupport_c.dir/rosidl_typesupport_c/hrim_actuator_gripper_msgs/msg/state_finger_gripper__type_support.cpp.o[0m
[ 42%] [32mBuilding CXX object CMakeFiles/hrim_actuator_gripper_msgs__rosidl_typesupport_c.dir/rosidl_typesupport_c/hrim_actuator_gripper_msgs/msg/reconfiguration__type_support.cpp.o[0m
[ 44%] [32mBuilding CXX object CMakeFiles/hrim_actuator_gripper_msgs__rosidl_typesupport_c.dir/rosidl_typesupport_c/hrim_actuator_gripper_msgs/msg/goal_tactile_pressure__type_support.cpp.o[0m
[ 46%] [32m[1mLinking CXX shared library libhrim_actuator_gripper_msgs__rosidl_typesupport_c.so[0m
[ 46%] Built target hrim_actuator_gripper_msgs__rosidl_typesupport_c
[ 47%] [34m[1mGenerating C++ type support for eProsima Fast-RTPS[0m
[35m[1mScanning dependencies of target hrim_actuator_gripper_msgs__rosidl_typesupport_fastrtps_cpp[0m
[ 49%] [32mBuilding CXX object CMakeFiles/hrim_actuator_gripper_msgs__rosidl_typesupport_fastrtps_cpp.dir/rosidl_typesupport_fastrtps_cpp/hrim_actuator_gripper_msgs/msg/detail/dds_fastrtps/cycle_time__type_support.cpp.o[0m
[ 50%] [32mBuilding CXX object CMakeFiles/hrim_actuator_gripper_msgs__rosidl_typesupport_fastrtps_cpp.dir/rosidl_typesupport_fastrtps_cpp/hrim_actuator_gripper_msgs/msg/detail/dds_fastrtps/state_gripper__type_support.cpp.o[0m
[ 52%] [32mBuilding CXX object CMakeFiles/hrim_actuator_gripper_msgs__rosidl_typesupport_fastrtps_cpp.dir/rosidl_typesupport_fastrtps_cpp/hrim_actuator_gripper_msgs/msg/detail/dds_fastrtps/state_finger_gripper__type_support.cpp.o[0m
[ 53%] [32mBuilding CXX object CMakeFiles/hrim_actuator_gripper_msgs__rosidl_typesupport_fastrtps_cpp.dir/rosidl_typesupport_fastrtps_cpp/hrim_actuator_gripper_msgs/msg/detail/dds_fastrtps/reconfiguration__type_support.cpp.o[0m
[ 55%] [32mBuilding CXX object CMakeFiles/hrim_actuator_gripper_msgs__rosidl_typesupport_fastrtps_cpp.dir/rosidl_typesupport_fastrtps_cpp/hrim_actuator_gripper_msgs/msg/detail/dds_fastrtps/goal_tactile_pressure__type_support.cpp.o[0m
[ 57%] [32m[1mLinking CXX shared library libhrim_actuator_gripper_msgs__rosidl_typesupport_fastrtps_cpp.so[0m
[ 57%] Built target hrim_actuator_gripper_msgs__rosidl_typesupport_fastrtps_cpp
[ 58%] [34m[1mGenerating C++ introspection for ROS interfaces[0m
[35m[1mScanning dependencies of target hrim_actuator_gripper_msgs__rosidl_typesupport_introspection_cpp[0m
[ 60%] [32mBuilding CXX object CMakeFiles/hrim_actuator_gripper_msgs__rosidl_typesupport_introspection_cpp.dir/rosidl_typesupport_introspection_cpp/hrim_actuator_gripper_msgs/msg/detail/cycle_time__type_support.cpp.o[0m
[ 61%] [32mBuilding CXX object CMakeFiles/hrim_actuator_gripper_msgs__rosidl_typesupport_introspection_cpp.dir/rosidl_typesupport_introspection_cpp/hrim_actuator_gripper_msgs/msg/detail/state_gripper__type_support.cpp.o[0m
[ 63%] [32mBuilding CXX object CMakeFiles/hrim_actuator_gripper_msgs__rosidl_typesupport_introspection_cpp.dir/rosidl_typesupport_introspection_cpp/hrim_actuator_gripper_msgs/msg/detail/state_finger_gripper__type_support.cpp.o[0m
[ 65%] [32mBuilding CXX object CMakeFiles/hrim_actuator_gripper_msgs__rosidl_typesupport_introspection_cpp.dir/rosidl_typesupport_introspection_cpp/hrim_actuator_gripper_msgs/msg/detail/reconfiguration__type_support.cpp.o[0m
[ 66%] [32mBuilding CXX object CMakeFiles/hrim_actuator_gripper_msgs__rosidl_typesupport_introspection_cpp.dir/rosidl_typesupport_introspection_cpp/hrim_actuator_gripper_msgs/msg/detail/goal_tactile_pressure__type_support.cpp.o[0m
[ 68%] [32m[1mLinking CXX shared library libhrim_actuator_gripper_msgs__rosidl_typesupport_introspection_cpp.so[0m
[ 68%] Built target hrim_actuator_gripper_msgs__rosidl_typesupport_introspection_cpp
[ 69%] [34m[1mGenerating C type support for eProsima Fast-RTPS[0m
[35m[1mScanning dependencies of target hrim_actuator_gripper_msgs__rosidl_typesupport_fastrtps_c[0m
[ 71%] [32mBuilding CXX object CMakeFiles/hrim_actuator_gripper_msgs__rosidl_typesupport_fastrtps_c.dir/rosidl_typesupport_fastrtps_c/hrim_actuator_gripper_msgs/msg/detail/cycle_time__type_support_c.cpp.o[0m
[ 73%] [32mBuilding CXX object CMakeFiles/hrim_actuator_gripper_msgs__rosidl_typesupport_fastrtps_c.dir/rosidl_typesupport_fastrtps_c/hrim_actuator_gripper_msgs/msg/detail/state_gripper__type_support_c.cpp.o[0m
[ 74%] [32mBuilding CXX object CMakeFiles/hrim_actuator_gripper_msgs__rosidl_typesupport_fastrtps_c.dir/rosidl_typesupport_fastrtps_c/hrim_actuator_gripper_msgs/msg/detail/state_finger_gripper__type_support_c.cpp.o[0m
[ 76%] [32mBuilding CXX object CMakeFiles/hrim_actuator_gripper_msgs__rosidl_typesupport_fastrtps_c.dir/rosidl_typesupport_fastrtps_c/hrim_actuator_gripper_msgs/msg/detail/reconfiguration__type_support_c.cpp.o[0m
[ 77%] [32mBuilding CXX object CMakeFiles/hrim_actuator_gripper_msgs__rosidl_typesupport_fastrtps_c.dir/rosidl_typesupport_fastrtps_c/hrim_actuator_gripper_msgs/msg/detail/goal_tactile_pressure__type_support_c.cpp.o[0m
[ 79%] [32m[1mLinking CXX shared library libhrim_actuator_gripper_msgs__rosidl_typesupport_fastrtps_c.so[0m
[ 79%] Built target hrim_actuator_gripper_msgs__rosidl_typesupport_fastrtps_c
[35m[1mScanning dependencies of target hrim_actuator_gripper_msgs[0m
[ 79%] Built target hrim_actuator_gripper_msgs
[35m[1mScanning dependencies of target hrim_actuator_gripper_msgs__py[0m
[ 80%] [34m[1mGenerating Python code for ROS interfaces[0m
[ 80%] Built target hrim_actuator_gripper_msgs__py
[35m[1mScanning dependencies of target hrim_actuator_gripper_msgs__python[0m
[ 82%] [32mBuilding C object CMakeFiles/hrim_actuator_gripper_msgs__python.dir/rosidl_generator_py/hrim_actuator_gripper_msgs/msg/_cycle_time_s.c.o[0m
[ 84%] [32mBuilding C object CMakeFiles/hrim_actuator_gripper_msgs__python.dir/rosidl_generator_py/hrim_actuator_gripper_msgs/msg/_state_gripper_s.c.o[0m
[ 85%] [32mBuilding C object CMakeFiles/hrim_actuator_gripper_msgs__python.dir/rosidl_generator_py/hrim_actuator_gripper_msgs/msg/_state_finger_gripper_s.c.o[0m
[ 87%] [32mBuilding C object CMakeFiles/hrim_actuator_gripper_msgs__python.dir/rosidl_generator_py/hrim_actuator_gripper_msgs/msg/_reconfiguration_s.c.o[0m
[ 88%] [32mBuilding C object CMakeFiles/hrim_actuator_gripper_msgs__python.dir/rosidl_generator_py/hrim_actuator_gripper_msgs/msg/_goal_tactile_pressure_s.c.o[0m
[ 90%] [32m[1mLinking C shared library rosidl_generator_py/hrim_actuator_gripper_msgs/libhrim_actuator_gripper_msgs__python.so[0m
[ 90%] Built target hrim_actuator_gripper_msgs__python
[35m[1mScanning dependencies of target hrim_actuator_gripper_msgs__rosidl_typesupport_fastrtps_c__pyext[0m
[ 92%] [32mBuilding C object CMakeFiles/hrim_actuator_gripper_msgs__rosidl_typesupport_fastrtps_c__pyext.dir/rosidl_generator_py/hrim_actuator_gripper_msgs/_hrim_actuator_gripper_msgs_s.ep.rosidl_typesupport_fastrtps_c.c.o[0m
[ 93%] [32m[1mLinking CXX shared library rosidl_generator_py/hrim_actuator_gripper_msgs/hrim_actuator_gripper_msgs_s__rosidl_typesupport_fastrtps_c.cpython-38-x86_64-linux-gnu.so[0m
[ 93%] Built target hrim_actuator_gripper_msgs__rosidl_typesupport_fastrtps_c__pyext
[35m[1mScanning dependencies of target hrim_actuator_gripper_msgs__rosidl_typesupport_c__pyext[0m
[ 95%] [32mBuilding C object CMakeFiles/hrim_actuator_gripper_msgs__rosidl_typesupport_c__pyext.dir/rosidl_generator_py/hrim_actuator_gripper_msgs/_hrim_actuator_gripper_msgs_s.ep.rosidl_typesupport_c.c.o[0m
[ 96%] [32m[1mLinking C shared library rosidl_generator_py/hrim_actuator_gripper_msgs/hrim_actuator_gripper_msgs_s__rosidl_typesupport_c.cpython-38-x86_64-linux-gnu.so[0m
[ 96%] Built target hrim_actuator_gripper_msgs__rosidl_typesupport_c__pyext
[35m[1mScanning dependencies of target hrim_actuator_gripper_msgs__rosidl_typesupport_introspection_c__pyext[0m
[ 98%] [32mBuilding C object CMakeFiles/hrim_actuator_gripper_msgs__rosidl_typesupport_introspection_c__pyext.dir/rosidl_generator_py/hrim_actuator_gripper_msgs/_hrim_actuator_gripper_msgs_s.ep.rosidl_typesupport_introspection_c.c.o[0m
[100%] [32m[1mLinking C shared library rosidl_generator_py/hrim_actuator_gripper_msgs/hrim_actuator_gripper_msgs_s__rosidl_typesupport_introspection_c.cpython-38-x86_64-linux-gnu.so[0m
[100%] Built target hrim_actuator_gripper_msgs__rosidl_typesupport_introspection_c__pyext
-- Install configuration: ""
-- Installing: /home/user/ros2_ws/install/hrim_actuator_gripper_msgs/share/ament_index/resource_index/rosidl_interfaces/hrim_actuator_gripper_msgs
-- Installing: /home/user/ros2_ws/install/hrim_actuator_gripper_msgs/include/hrim_actuator_gripper_msgs
-- Installing: /home/user/ros2_ws/install/hrim_actuator_gripper_msgs/include/hrim_actuator_gripper_msgs/msg
-- Installing: /home/user/ros2_ws/install/hrim_actuator_gripper_msgs/include/hrim_actuator_gripper_msgs/msg/detail
-- Installing: /home/user/ros2_ws/install/hrim_actuator_gripper_msgs/include/hrim_actuator_gripper_msgs/msg/detail/goal_tactile_pressure__functions.h
-- Installing: /home/user/ros2_ws/install/hrim_actuator_gripper_msgs/include/hrim_actuator_gripper_msgs/msg/detail/goal_tactile_pressure__functions.c
-- Installing: /home/user/ros2_ws/install/hrim_actuator_gripper_msgs/include/hrim_actuator_gripper_msgs/msg/detail/state_finger_gripper__struct.h
-- Installing: /home/user/ros2_ws/install/hrim_actuator_gripper_msgs/include/hrim_actuator_gripper_msgs/msg/detail/reconfiguration__type_support.h
-- Installing: /home/user/ros2_ws/install/hrim_actuator_gripper_msgs/include/hrim_actuator_gripper_msgs/msg/detail/reconfiguration__functions.h
-- Installing: /home/user/ros2_ws/install/hrim_actuator_gripper_msgs/include/hrim_actuator_gripper_msgs/msg/detail/state_gripper__type_support.h
-- Installing: /home/user/ros2_ws/install/hrim_actuator_gripper_msgs/include/hrim_actuator_gripper_msgs/msg/detail/state_gripper__struct.h
-- Installing: /home/user/ros2_ws/install/hrim_actuator_gripper_msgs/include/hrim_actuator_gripper_msgs/msg/detail/state_finger_gripper__type_support.h
-- Installing: /home/user/ros2_ws/install/hrim_actuator_gripper_msgs/include/hrim_actuator_gripper_msgs/msg/detail/cycle_time__functions.c
-- Installing: /home/user/ros2_ws/install/hrim_actuator_gripper_msgs/include/hrim_actuator_gripper_msgs/msg/detail/cycle_time__struct.h
-- Installing: /home/user/ros2_ws/install/hrim_actuator_gripper_msgs/include/hrim_actuator_gripper_msgs/msg/detail/cycle_time__type_support.h
-- Installing: /home/user/ros2_ws/install/hrim_actuator_gripper_msgs/include/hrim_actuator_gripper_msgs/msg/detail/cycle_time__functions.h
-- Installing: /home/user/ros2_ws/install/hrim_actuator_gripper_msgs/include/hrim_actuator_gripper_msgs/msg/detail/goal_tactile_pressure__type_support.h
-- Installing: /home/user/ros2_ws/install/hrim_actuator_gripper_msgs/include/hrim_actuator_gripper_msgs/msg/detail/goal_tactile_pressure__struct.h
-- Installing: /home/user/ros2_ws/install/hrim_actuator_gripper_msgs/include/hrim_actuator_gripper_msgs/msg/detail/state_gripper__functions.h
-- Installing: /home/user/ros2_ws/install/hrim_actuator_gripper_msgs/include/hrim_actuator_gripper_msgs/msg/detail/reconfiguration__functions.c
-- Installing: /home/user/ros2_ws/install/hrim_actuator_gripper_msgs/include/hrim_actuator_gripper_msgs/msg/detail/state_gripper__functions.c
-- Installing: /home/user/ros2_ws/install/hrim_actuator_gripper_msgs/include/hrim_actuator_gripper_msgs/msg/detail/state_finger_gripper__functions.h
-- Installing: /home/user/ros2_ws/install/hrim_actuator_gripper_msgs/include/hrim_actuator_gripper_msgs/msg/detail/state_finger_gripper__functions.c
-- Installing: /home/user/ros2_ws/install/hrim_actuator_gripper_msgs/include/hrim_actuator_gripper_msgs/msg/detail/reconfiguration__struct.h
-- Installing: /home/user/ros2_ws/install/hrim_actuator_gripper_msgs/include/hrim_actuator_gripper_msgs/msg/rosidl_generator_c__visibility_control.h
-- Installing: /home/user/ros2_ws/install/hrim_actuator_gripper_msgs/include/hrim_actuator_gripper_msgs/msg/cycle_time.h
-- Installing: /home/user/ros2_ws/install/hrim_actuator_gripper_msgs/include/hrim_actuator_gripper_msgs/msg/state_finger_gripper.h
-- Installing: /home/user/ros2_ws/install/hrim_actuator_gripper_msgs/include/hrim_actuator_gripper_msgs/msg/state_gripper.h
-- Installing: /home/user/ros2_ws/install/hrim_actuator_gripper_msgs/include/hrim_actuator_gripper_msgs/msg/goal_tactile_pressure.h
-- Installing: /home/user/ros2_ws/install/hrim_actuator_gripper_msgs/include/hrim_actuator_gripper_msgs/msg/reconfiguration.h
-- Installing: /home/user/ros2_ws/install/hrim_actuator_gripper_msgs/share/hrim_actuator_gripper_msgs/environment/library_path.sh
-- Installing: /home/user/ros2_ws/install/hrim_actuator_gripper_msgs/share/hrim_actuator_gripper_msgs/environment/library_path.dsv
-- Installing: /home/user/ros2_ws/install/hrim_actuator_gripper_msgs/lib/libhrim_actuator_gripper_msgs__rosidl_generator_c.so
-- Set runtime path of "/home/user/ros2_ws/install/hrim_actuator_gripper_msgs/lib/libhrim_actuator_gripper_msgs__rosidl_generator_c.so" to ""
-- Up-to-date: /home/user/ros2_ws/install/hrim_actuator_gripper_msgs/include/hrim_actuator_gripper_msgs
-- Up-to-date: /home/user/ros2_ws/install/hrim_actuator_gripper_msgs/include/hrim_actuator_gripper_msgs/msg
-- Up-to-date: /home/user/ros2_ws/install/hrim_actuator_gripper_msgs/include/hrim_actuator_gripper_msgs/msg/detail
-- Installing: /home/user/ros2_ws/install/hrim_actuator_gripper_msgs/include/hrim_actuator_gripper_msgs/msg/detail/goal_tactile_pressure__rosidl_typesupport_fastrtps_c.h
-- Installing: /home/user/ros2_ws/install/hrim_actuator_gripper_msgs/include/hrim_actuator_gripper_msgs/msg/detail/state_gripper__rosidl_typesupport_fastrtps_c.h
-- Installing: /home/user/ros2_ws/install/hrim_actuator_gripper_msgs/include/hrim_actuator_gripper_msgs/msg/detail/state_finger_gripper__rosidl_typesupport_fastrtps_c.h
-- Installing: /home/user/ros2_ws/install/hrim_actuator_gripper_msgs/include/hrim_actuator_gripper_msgs/msg/detail/cycle_time__rosidl_typesupport_fastrtps_c.h
-- Installing: /home/user/ros2_ws/install/hrim_actuator_gripper_msgs/include/hrim_actuator_gripper_msgs/msg/detail/reconfiguration__rosidl_typesupport_fastrtps_c.h
-- Installing: /home/user/ros2_ws/install/hrim_actuator_gripper_msgs/include/hrim_actuator_gripper_msgs/msg/rosidl_typesupport_fastrtps_c__visibility_control.h
-- Installing: /home/user/ros2_ws/install/hrim_actuator_gripper_msgs/lib/libhrim_actuator_gripper_msgs__rosidl_typesupport_fastrtps_c.so
-- Set runtime path of "/home/user/ros2_ws/install/hrim_actuator_gripper_msgs/lib/libhrim_actuator_gripper_msgs__rosidl_typesupport_fastrtps_c.so" to ""
-- Up-to-date: /home/user/ros2_ws/install/hrim_actuator_gripper_msgs/include/hrim_actuator_gripper_msgs
-- Up-to-date: /home/user/ros2_ws/install/hrim_actuator_gripper_msgs/include/hrim_actuator_gripper_msgs/msg
-- Up-to-date: /home/user/ros2_ws/install/hrim_actuator_gripper_msgs/include/hrim_actuator_gripper_msgs/msg/detail
-- Installing: /home/user/ros2_ws/install/hrim_actuator_gripper_msgs/include/hrim_actuator_gripper_msgs/msg/detail/state_finger_gripper__rosidl_typesupport_fastrtps_cpp.hpp
-- Installing: /home/user/ros2_ws/install/hrim_actuator_gripper_msgs/include/hrim_actuator_gripper_msgs/msg/detail/reconfiguration__rosidl_typesupport_fastrtps_cpp.hpp
-- Installing: /home/user/ros2_ws/install/hrim_actuator_gripper_msgs/include/hrim_actuator_gripper_msgs/msg/detail/cycle_time__rosidl_typesupport_fastrtps_cpp.hpp
-- Installing: /home/user/ros2_ws/install/hrim_actuator_gripper_msgs/include/hrim_actuator_gripper_msgs/msg/detail/state_gripper__rosidl_typesupport_fastrtps_cpp.hpp
-- Installing: /home/user/ros2_ws/install/hrim_actuator_gripper_msgs/include/hrim_actuator_gripper_msgs/msg/detail/dds_fastrtps
-- Installing: /home/user/ros2_ws/install/hrim_actuator_gripper_msgs/include/hrim_actuator_gripper_msgs/msg/detail/goal_tactile_pressure__rosidl_typesupport_fastrtps_cpp.hpp
-- Installing: /home/user/ros2_ws/install/hrim_actuator_gripper_msgs/include/hrim_actuator_gripper_msgs/msg/rosidl_typesupport_fastrtps_cpp__visibility_control.h
-- Installing: /home/user/ros2_ws/install/hrim_actuator_gripper_msgs/lib/libhrim_actuator_gripper_msgs__rosidl_typesupport_fastrtps_cpp.so
-- Set runtime path of "/home/user/ros2_ws/install/hrim_actuator_gripper_msgs/lib/libhrim_actuator_gripper_msgs__rosidl_typesupport_fastrtps_cpp.so" to ""
-- Up-to-date: /home/user/ros2_ws/install/hrim_actuator_gripper_msgs/include/hrim_actuator_gripper_msgs
-- Up-to-date: /home/user/ros2_ws/install/hrim_actuator_gripper_msgs/include/hrim_actuator_gripper_msgs/msg
-- Up-to-date: /home/user/ros2_ws/install/hrim_actuator_gripper_msgs/include/hrim_actuator_gripper_msgs/msg/detail
-- Installing: /home/user/ros2_ws/install/hrim_actuator_gripper_msgs/include/hrim_actuator_gripper_msgs/msg/detail/reconfiguration__rosidl_typesupport_introspection_c.h
-- Installing: /home/user/ros2_ws/install/hrim_actuator_gripper_msgs/include/hrim_actuator_gripper_msgs/msg/detail/cycle_time__rosidl_typesupport_introspection_c.h
-- Installing: /home/user/ros2_ws/install/hrim_actuator_gripper_msgs/include/hrim_actuator_gripper_msgs/msg/detail/state_finger_gripper__type_support.c
-- Installing: /home/user/ros2_ws/install/hrim_actuator_gripper_msgs/include/hrim_actuator_gripper_msgs/msg/detail/cycle_time__type_support.c
-- Installing: /home/user/ros2_ws/install/hrim_actuator_gripper_msgs/include/hrim_actuator_gripper_msgs/msg/detail/state_finger_gripper__rosidl_typesupport_introspection_c.h
-- Installing: /home/user/ros2_ws/install/hrim_actuator_gripper_msgs/include/hrim_actuator_gripper_msgs/msg/detail/state_gripper__type_support.c
-- Installing: /home/user/ros2_ws/install/hrim_actuator_gripper_msgs/include/hrim_actuator_gripper_msgs/msg/detail/reconfiguration__type_support.c
-- Installing: /home/user/ros2_ws/install/hrim_actuator_gripper_msgs/include/hrim_actuator_gripper_msgs/msg/detail/goal_tactile_pressure__type_support.c
-- Installing: /home/user/ros2_ws/install/hrim_actuator_gripper_msgs/include/hrim_actuator_gripper_msgs/msg/detail/goal_tactile_pressure__rosidl_typesupport_introspection_c.h
-- Installing: /home/user/ros2_ws/install/hrim_actuator_gripper_msgs/include/hrim_actuator_gripper_msgs/msg/detail/state_gripper__rosidl_typesupport_introspection_c.h
-- Installing: /home/user/ros2_ws/install/hrim_actuator_gripper_msgs/include/hrim_actuator_gripper_msgs/msg/rosidl_typesupport_introspection_c__visibility_control.h
-- Installing: /home/user/ros2_ws/install/hrim_actuator_gripper_msgs/lib/libhrim_actuator_gripper_msgs__rosidl_typesupport_introspection_c.so
-- Set runtime path of "/home/user/ros2_ws/install/hrim_actuator_gripper_msgs/lib/libhrim_actuator_gripper_msgs__rosidl_typesupport_introspection_c.so" to ""
-- Installing: /home/user/ros2_ws/install/hrim_actuator_gripper_msgs/lib/libhrim_actuator_gripper_msgs__rosidl_typesupport_c.so
-- Set runtime path of "/home/user/ros2_ws/install/hrim_actuator_gripper_msgs/lib/libhrim_actuator_gripper_msgs__rosidl_typesupport_c.so" to ""
-- Up-to-date: /home/user/ros2_ws/install/hrim_actuator_gripper_msgs/include/hrim_actuator_gripper_msgs
-- Up-to-date: /home/user/ros2_ws/install/hrim_actuator_gripper_msgs/include/hrim_actuator_gripper_msgs/msg
-- Up-to-date: /home/user/ros2_ws/install/hrim_actuator_gripper_msgs/include/hrim_actuator_gripper_msgs/msg/detail
-- Installing: /home/user/ros2_ws/install/hrim_actuator_gripper_msgs/include/hrim_actuator_gripper_msgs/msg/detail/state_finger_gripper__struct.hpp
-- Installing: /home/user/ros2_ws/install/hrim_actuator_gripper_msgs/include/hrim_actuator_gripper_msgs/msg/detail/state_finger_gripper__traits.hpp
-- Installing: /home/user/ros2_ws/install/hrim_actuator_gripper_msgs/include/hrim_actuator_gripper_msgs/msg/detail/goal_tactile_pressure__builder.hpp
-- Installing: /home/user/ros2_ws/install/hrim_actuator_gripper_msgs/include/hrim_actuator_gripper_msgs/msg/detail/state_gripper__builder.hpp
-- Installing: /home/user/ros2_ws/install/hrim_actuator_gripper_msgs/include/hrim_actuator_gripper_msgs/msg/detail/reconfiguration__builder.hpp
-- Installing: /home/user/ros2_ws/install/hrim_actuator_gripper_msgs/include/hrim_actuator_gripper_msgs/msg/detail/goal_tactile_pressure__traits.hpp
-- Installing: /home/user/ros2_ws/install/hrim_actuator_gripper_msgs/include/hrim_actuator_gripper_msgs/msg/detail/state_gripper__traits.hpp
-- Installing: /home/user/ros2_ws/install/hrim_actuator_gripper_msgs/include/hrim_actuator_gripper_msgs/msg/detail/reconfiguration__traits.hpp
-- Installing: /home/user/ros2_ws/install/hrim_actuator_gripper_msgs/include/hrim_actuator_gripper_msgs/msg/detail/cycle_time__traits.hpp
-- Installing: /home/user/ros2_ws/install/hrim_actuator_gripper_msgs/include/hrim_actuator_gripper_msgs/msg/detail/cycle_time__builder.hpp
-- Installing: /home/user/ros2_ws/install/hrim_actuator_gripper_msgs/include/hrim_actuator_gripper_msgs/msg/detail/goal_tactile_pressure__struct.hpp
-- Installing: /home/user/ros2_ws/install/hrim_actuator_gripper_msgs/include/hrim_actuator_gripper_msgs/msg/detail/reconfiguration__struct.hpp
-- Installing: /home/user/ros2_ws/install/hrim_actuator_gripper_msgs/include/hrim_actuator_gripper_msgs/msg/detail/state_gripper__struct.hpp
-- Installing: /home/user/ros2_ws/install/hrim_actuator_gripper_msgs/include/hrim_actuator_gripper_msgs/msg/detail/cycle_time__struct.hpp
-- Installing: /home/user/ros2_ws/install/hrim_actuator_gripper_msgs/include/hrim_actuator_gripper_msgs/msg/detail/state_finger_gripper__builder.hpp
-- Installing: /home/user/ros2_ws/install/hrim_actuator_gripper_msgs/include/hrim_actuator_gripper_msgs/msg/goal_tactile_pressure.hpp
-- Installing: /home/user/ros2_ws/install/hrim_actuator_gripper_msgs/include/hrim_actuator_gripper_msgs/msg/reconfiguration.hpp
-- Installing: /home/user/ros2_ws/install/hrim_actuator_gripper_msgs/include/hrim_actuator_gripper_msgs/msg/state_gripper.hpp
-- Installing: /home/user/ros2_ws/install/hrim_actuator_gripper_msgs/include/hrim_actuator_gripper_msgs/msg/state_finger_gripper.hpp
-- Installing: /home/user/ros2_ws/install/hrim_actuator_gripper_msgs/include/hrim_actuator_gripper_msgs/msg/cycle_time.hpp
-- Up-to-date: /home/user/ros2_ws/install/hrim_actuator_gripper_msgs/include/hrim_actuator_gripper_msgs
-- Up-to-date: /home/user/ros2_ws/install/hrim_actuator_gripper_msgs/include/hrim_actuator_gripper_msgs/msg
-- Up-to-date: /home/user/ros2_ws/install/hrim_actuator_gripper_msgs/include/hrim_actuator_gripper_msgs/msg/detail
-- Installing: /home/user/ros2_ws/install/hrim_actuator_gripper_msgs/include/hrim_actuator_gripper_msgs/msg/detail/cycle_time__type_support.cpp
-- Installing: /home/user/ros2_ws/install/hrim_actuator_gripper_msgs/include/hrim_actuator_gripper_msgs/msg/detail/state_gripper__rosidl_typesupport_introspection_cpp.hpp
-- Installing: /home/user/ros2_ws/install/hrim_actuator_gripper_msgs/include/hrim_actuator_gripper_msgs/msg/detail/state_finger_gripper__rosidl_typesupport_introspection_cpp.hpp
-- Installing: /home/user/ros2_ws/install/hrim_actuator_gripper_msgs/include/hrim_actuator_gripper_msgs/msg/detail/state_gripper__type_support.cpp
-- Installing: /home/user/ros2_ws/install/hrim_actuator_gripper_msgs/include/hrim_actuator_gripper_msgs/msg/detail/reconfiguration__type_support.cpp
-- Installing: /home/user/ros2_ws/install/hrim_actuator_gripper_msgs/include/hrim_actuator_gripper_msgs/msg/detail/cycle_time__rosidl_typesupport_introspection_cpp.hpp
-- Installing: /home/user/ros2_ws/install/hrim_actuator_gripper_msgs/include/hrim_actuator_gripper_msgs/msg/detail/reconfiguration__rosidl_typesupport_introspection_cpp.hpp
-- Installing: /home/user/ros2_ws/install/hrim_actuator_gripper_msgs/include/hrim_actuator_gripper_msgs/msg/detail/goal_tactile_pressure__rosidl_typesupport_introspection_cpp.hpp
-- Installing: /home/user/ros2_ws/install/hrim_actuator_gripper_msgs/include/hrim_actuator_gripper_msgs/msg/detail/goal_tactile_pressure__type_support.cpp
-- Installing: /home/user/ros2_ws/install/hrim_actuator_gripper_msgs/include/hrim_actuator_gripper_msgs/msg/detail/state_finger_gripper__type_support.cpp
-- Installing: /home/user/ros2_ws/install/hrim_actuator_gripper_msgs/lib/libhrim_actuator_gripper_msgs__rosidl_typesupport_introspection_cpp.so
-- Set runtime path of "/home/user/ros2_ws/install/hrim_actuator_gripper_msgs/lib/libhrim_actuator_gripper_msgs__rosidl_typesupport_introspection_cpp.so" to ""
-- Installing: /home/user/ros2_ws/install/hrim_actuator_gripper_msgs/lib/libhrim_actuator_gripper_msgs__rosidl_typesupport_cpp.so
-- Set runtime path of "/home/user/ros2_ws/install/hrim_actuator_gripper_msgs/lib/libhrim_actuator_gripper_msgs__rosidl_typesupport_cpp.so" to ""
-- Installing: /home/user/ros2_ws/install/hrim_actuator_gripper_msgs/share/hrim_actuator_gripper_msgs/environment/pythonpath.sh
-- Installing: /home/user/ros2_ws/install/hrim_actuator_gripper_msgs/share/hrim_actuator_gripper_msgs/environment/pythonpath.dsv
-- Installing: /home/user/ros2_ws/install/hrim_actuator_gripper_msgs/lib/python3.8/site-packages/hrim_actuator_gripper_msgs/__init__.py
Compiling '/home/user/ros2_ws/install/hrim_actuator_gripper_msgs/lib/python3.8/site-packages/hrim_actuator_gripper_msgs/__init__.py'...
-- Installing: /home/user/ros2_ws/install/hrim_actuator_gripper_msgs/lib/python3.8/site-packages/hrim_actuator_gripper_msgs/msg
-- Installing: /home/user/ros2_ws/install/hrim_actuator_gripper_msgs/lib/python3.8/site-packages/hrim_actuator_gripper_msgs/msg/_cycle_time_s.c
-- Installing: /home/user/ros2_ws/install/hrim_actuator_gripper_msgs/lib/python3.8/site-packages/hrim_actuator_gripper_msgs/msg/_goal_tactile_pressure_s.c
-- Installing: /home/user/ros2_ws/install/hrim_actuator_gripper_msgs/lib/python3.8/site-packages/hrim_actuator_gripper_msgs/msg/_reconfiguration.py
-- Installing: /home/user/ros2_ws/install/hrim_actuator_gripper_msgs/lib/python3.8/site-packages/hrim_actuator_gripper_msgs/msg/_reconfiguration_s.c
-- Installing: /home/user/ros2_ws/install/hrim_actuator_gripper_msgs/lib/python3.8/site-packages/hrim_actuator_gripper_msgs/msg/__init__.py
-- Installing: /home/user/ros2_ws/install/hrim_actuator_gripper_msgs/lib/python3.8/site-packages/hrim_actuator_gripper_msgs/msg/_cycle_time.py
-- Installing: /home/user/ros2_ws/install/hrim_actuator_gripper_msgs/lib/python3.8/site-packages/hrim_actuator_gripper_msgs/msg/_state_finger_gripper_s.c
-- Installing: /home/user/ros2_ws/install/hrim_actuator_gripper_msgs/lib/python3.8/site-packages/hrim_actuator_gripper_msgs/msg/_state_gripper.py
-- Installing: /home/user/ros2_ws/install/hrim_actuator_gripper_msgs/lib/python3.8/site-packages/hrim_actuator_gripper_msgs/msg/_goal_tactile_pressure.py
-- Installing: /home/user/ros2_ws/install/hrim_actuator_gripper_msgs/lib/python3.8/site-packages/hrim_actuator_gripper_msgs/msg/_state_finger_gripper.py
-- Installing: /home/user/ros2_ws/install/hrim_actuator_gripper_msgs/lib/python3.8/site-packages/hrim_actuator_gripper_msgs/msg/_state_gripper_s.c
-- Installing: /home/user/ros2_ws/install/hrim_actuator_gripper_msgs/lib/python3.8/site-packages/hrim_actuator_gripper_msgs/hrim_actuator_gripper_msgs_s__rosidl_typesupport_fastrtps_c.cpython-38-x86_64-linux-gnu.so
-- Set runtime path of "/home/user/ros2_ws/install/hrim_actuator_gripper_msgs/lib/python3.8/site-packages/hrim_actuator_gripper_msgs/hrim_actuator_gripper_msgs_s__rosidl_typesupport_fastrtps_c.cpython-38-x86_64-linux-gnu.so" to ""
-- Installing: /home/user/ros2_ws/install/hrim_actuator_gripper_msgs/lib/python3.8/site-packages/hrim_actuator_gripper_msgs/hrim_actuator_gripper_msgs_s__rosidl_typesupport_introspection_c.cpython-38-x86_64-linux-gnu.so
-- Set runtime path of "/home/user/ros2_ws/install/hrim_actuator_gripper_msgs/lib/python3.8/site-packages/hrim_actuator_gripper_msgs/hrim_actuator_gripper_msgs_s__rosidl_typesupport_introspection_c.cpython-38-x86_64-linux-gnu.so" to ""
-- Installing: /home/user/ros2_ws/install/hrim_actuator_gripper_msgs/lib/python3.8/site-packages/hrim_actuator_gripper_msgs/hrim_actuator_gripper_msgs_s__rosidl_typesupport_c.cpython-38-x86_64-linux-gnu.so
-- Set runtime path of "/home/user/ros2_ws/install/hrim_actuator_gripper_msgs/lib/python3.8/site-packages/hrim_actuator_gripper_msgs/hrim_actuator_gripper_msgs_s__rosidl_typesupport_c.cpython-38-x86_64-linux-gnu.so" to ""
-- Installing: /home/user/ros2_ws/install/hrim_actuator_gripper_msgs/lib/libhrim_actuator_gripper_msgs__python.so
-- Set runtime path of "/home/user/ros2_ws/install/hrim_actuator_gripper_msgs/lib/libhrim_actuator_gripper_msgs__python.so" to ""
-- Installing: /home/user/ros2_ws/install/hrim_actuator_gripper_msgs/share/hrim_actuator_gripper_msgs/msg/CycleTime.idl
-- Installing: /home/user/ros2_ws/install/hrim_actuator_gripper_msgs/share/hrim_actuator_gripper_msgs/msg/GoalTactilePressure.idl
-- Installing: /home/user/ros2_ws/install/hrim_actuator_gripper_msgs/share/hrim_actuator_gripper_msgs/msg/Reconfiguration.idl
-- Installing: /home/user/ros2_ws/install/hrim_actuator_gripper_msgs/share/hrim_actuator_gripper_msgs/msg/StateFingerGripper.idl
-- Installing: /home/user/ros2_ws/install/hrim_actuator_gripper_msgs/share/hrim_actuator_gripper_msgs/msg/StateGripper.idl
-- Installing: /home/user/ros2_ws/install/hrim_actuator_gripper_msgs/share/hrim_actuator_gripper_msgs/msg/CycleTime.msg
-- Installing: /home/user/ros2_ws/install/hrim_actuator_gripper_msgs/share/hrim_actuator_gripper_msgs/msg/GoalTactilePressure.msg
-- Installing: /home/user/ros2_ws/install/hrim_actuator_gripper_msgs/share/hrim_actuator_gripper_msgs/msg/Reconfiguration.msg
-- Installing: /home/user/ros2_ws/install/hrim_actuator_gripper_msgs/share/hrim_actuator_gripper_msgs/msg/StateFingerGripper.msg
-- Installing: /home/user/ros2_ws/install/hrim_actuator_gripper_msgs/share/hrim_actuator_gripper_msgs/msg/StateGripper.msg
-- Installing: /home/user/ros2_ws/install/hrim_actuator_gripper_msgs/share/ament_index/resource_index/package_run_dependencies/hrim_actuator_gripper_msgs
-- Installing: /home/user/ros2_ws/install/hrim_actuator_gripper_msgs/share/ament_index/resource_index/parent_prefix_path/hrim_actuator_gripper_msgs
-- Installing: /home/user/ros2_ws/install/hrim_actuator_gripper_msgs/share/hrim_actuator_gripper_msgs/environment/ament_prefix_path.sh
-- Installing: /home/user/ros2_ws/install/hrim_actuator_gripper_msgs/share/hrim_actuator_gripper_msgs/environment/ament_prefix_path.dsv
-- Installing: /home/user/ros2_ws/install/hrim_actuator_gripper_msgs/share/hrim_actuator_gripper_msgs/environment/path.sh
-- Installing: /home/user/ros2_ws/install/hrim_actuator_gripper_msgs/share/hrim_actuator_gripper_msgs/environment/path.dsv
-- Installing: /home/user/ros2_ws/install/hrim_actuator_gripper_msgs/share/hrim_actuator_gripper_msgs/local_setup.bash
-- Installing: /home/user/ros2_ws/install/hrim_actuator_gripper_msgs/share/hrim_actuator_gripper_msgs/local_setup.sh
-- Installing: /home/user/ros2_ws/install/hrim_actuator_gripper_msgs/share/hrim_actuator_gripper_msgs/local_setup.zsh
-- Installing: /home/user/ros2_ws/install/hrim_actuator_gripper_msgs/share/hrim_actuator_gripper_msgs/local_setup.dsv
-- Installing: /home/user/ros2_ws/install/hrim_actuator_gripper_msgs/share/hrim_actuator_gripper_msgs/package.dsv
-- Installing: /home/user/ros2_ws/install/hrim_actuator_gripper_msgs/share/ament_index/resource_index/packages/hrim_actuator_gripper_msgs
-- Installing: /home/user/ros2_ws/install/hrim_actuator_gripper_msgs/share/hrim_actuator_gripper_msgs/cmake/hrim_actuator_gripper_msgs__rosidl_generator_cExport.cmake
-- Installing: /home/user/ros2_ws/install/hrim_actuator_gripper_msgs/share/hrim_actuator_gripper_msgs/cmake/hrim_actuator_gripper_msgs__rosidl_generator_cExport-noconfig.cmake
-- Installing: /home/user/ros2_ws/install/hrim_actuator_gripper_msgs/share/hrim_actuator_gripper_msgs/cmake/hrim_actuator_gripper_msgs__rosidl_typesupport_introspection_cExport.cmake
-- Installing: /home/user/ros2_ws/install/hrim_actuator_gripper_msgs/share/hrim_actuator_gripper_msgs/cmake/hrim_actuator_gripper_msgs__rosidl_typesupport_introspection_cExport-noconfig.cmake
-- Installing: /home/user/ros2_ws/install/hrim_actuator_gripper_msgs/share/hrim_actuator_gripper_msgs/cmake/hrim_actuator_gripper_msgs__rosidl_typesupport_cExport.cmake
-- Installing: /home/user/ros2_ws/install/hrim_actuator_gripper_msgs/share/hrim_actuator_gripper_msgs/cmake/hrim_actuator_gripper_msgs__rosidl_typesupport_cExport-noconfig.cmake
-- Installing: /home/user/ros2_ws/install/hrim_actuator_gripper_msgs/share/hrim_actuator_gripper_msgs/cmake/hrim_actuator_gripper_msgs__rosidl_generator_cppExport.cmake
-- Installing: /home/user/ros2_ws/install/hrim_actuator_gripper_msgs/share/hrim_actuator_gripper_msgs/cmake/hrim_actuator_gripper_msgs__rosidl_typesupport_introspection_cppExport.cmake
-- Installing: /home/user/ros2_ws/install/hrim_actuator_gripper_msgs/share/hrim_actuator_gripper_msgs/cmake/hrim_actuator_gripper_msgs__rosidl_typesupport_introspection_cppExport-noconfig.cmake
-- Installing: /home/user/ros2_ws/install/hrim_actuator_gripper_msgs/share/hrim_actuator_gripper_msgs/cmake/hrim_actuator_gripper_msgs__rosidl_typesupport_cppExport.cmake
-- Installing: /home/user/ros2_ws/install/hrim_actuator_gripper_msgs/share/hrim_actuator_gripper_msgs/cmake/hrim_actuator_gripper_msgs__rosidl_typesupport_cppExport-noconfig.cmake
-- Installing: /home/user/ros2_ws/install/hrim_actuator_gripper_msgs/share/hrim_actuator_gripper_msgs/cmake/rosidl_cmake-extras.cmake
-- Installing: /home/user/ros2_ws/install/hrim_actuator_gripper_msgs/share/hrim_actuator_gripper_msgs/cmake/ament_cmake_export_dependencies-extras.cmake
-- Installing: /home/user/ros2_ws/install/hrim_actuator_gripper_msgs/share/hrim_actuator_gripper_msgs/cmake/ament_cmake_export_libraries-extras.cmake
-- Installing: /home/user/ros2_ws/install/hrim_actuator_gripper_msgs/share/hrim_actuator_gripper_msgs/cmake/ament_cmake_export_targets-extras.cmake
-- Installing: /home/user/ros2_ws/install/hrim_actuator_gripper_msgs/share/hrim_actuator_gripper_msgs/cmake/ament_cmake_export_include_directories-extras.cmake
-- Installing: /home/user/ros2_ws/install/hrim_actuator_gripper_msgs/share/hrim_actuator_gripper_msgs/cmake/rosidl_cmake_export_typesupport_libraries-extras.cmake
-- Installing: /home/user/ros2_ws/install/hrim_actuator_gripper_msgs/share/hrim_actuator_gripper_msgs/cmake/rosidl_cmake_export_typesupport_targets-extras.cmake
-- Installing: /home/user/ros2_ws/install/hrim_actuator_gripper_msgs/share/hrim_actuator_gripper_msgs/cmake/hrim_actuator_gripper_msgsConfig.cmake
-- Installing: /home/user/ros2_ws/install/hrim_actuator_gripper_msgs/share/hrim_actuator_gripper_msgs/cmake/hrim_actuator_gripper_msgsConfig-version.cmake
-- Installing: /home/user/ros2_ws/install/hrim_actuator_gripper_msgs/share/hrim_actuator_gripper_msgs/package.xml
