[0.308s] Invoking command in '/home/user/ros2_ws/build/hrim_actuator_gripper_msgs': CMAKE_PREFIX_PATH=/opt/ros/foxy:${CMAKE_PREFIX_PATH} _=/usr/bin/env /usr/bin/cmake /home/user/ros2_ws/src/ros2_mara/HRIM/generated/actuator/gripper/hrim_actuator_gripper_msgs -DCMAKE_INSTALL_PREFIX=/home/user/ros2_ws/install/hrim_actuator_gripper_msgs
[7.754s] -- The C compiler identification is GNU 9.3.0
[11.514s] -- The CXX compiler identification is GNU 9.3.0
[11.583s] -- Check for working C compiler: /usr/bin/cc
[12.200s] -- Check for working C compiler: /usr/bin/cc -- works
[12.201s] -- Detecting C compiler ABI info
[12.451s] -- Detecting C compiler ABI info - done
[12.479s] -- Detecting C compile features
[12.532s] -- Detecting C compile features - done
[12.538s] -- Check for working CXX compiler: /usr/bin/c++
[12.823s] -- Check for working CXX compiler: /usr/bin/c++ -- works
[12.825s] -- Detecting CXX compiler ABI info
[13.083s] -- Detecting CXX compiler ABI info - done
[13.102s] -- Detecting CXX compile features
[13.104s] -- Detecting CXX compile features - done
[13.107s] -- Found ament_cmake: 0.9.7 (/opt/ros/foxy/share/ament_cmake/cmake)
[13.244s] -- Found PythonInterp: /usr/bin/python3 (found suitable version "3.8.5", minimum required is "3") 
[13.244s] -- Using PYTHON_EXECUTABLE: /usr/bin/python3
[14.292s] -- Found rosidl_default_generators: 1.0.0 (/opt/ros/foxy/share/rosidl_default_generators/cmake)
[14.297s] -- Using all available rosidl_typesupport_c: rosidl_typesupport_fastrtps_c;rosidl_typesupport_introspection_c
[14.308s] -- Found rosidl_adapter: 1.1.0 (/opt/ros/foxy/share/rosidl_adapter/cmake)
[15.258s] -- Found OpenSSL: /usr/lib/x86_64-linux-gnu/libcrypto.so (found version "1.1.1f")  
[15.349s] -- Found FastRTPS: /opt/ros/foxy/include  
[15.517s] -- Using all available rosidl_typesupport_cpp: rosidl_typesupport_fastrtps_cpp;rosidl_typesupport_introspection_cpp
[15.592s] -- Found std_msgs: 2.0.3 (/opt/ros/foxy/share/std_msgs/cmake)
[15.659s] -- Found geometry_msgs: 2.0.3 (/opt/ros/foxy/share/geometry_msgs/cmake)
[15.780s] -- Found PythonInterp: /usr/bin/python3 (found version "3.8.5") 
[16.194s] -- Found ament_cmake_ros: 0.9.0 (/opt/ros/foxy/share/ament_cmake_ros/cmake)
[16.754s] -- Using all available rosidl_typesupport_c: rosidl_typesupport_fastrtps_c;rosidl_typesupport_introspection_c
[16.950s] -- Using all available rosidl_typesupport_cpp: rosidl_typesupport_fastrtps_cpp;rosidl_typesupport_introspection_cpp
[16.998s] -- Found PythonInterp: /usr/bin/python3 (found suitable version "3.8.5", minimum required is "3.5") 
[17.001s] -- Found python_cmake_module: 0.8.0 (/opt/ros/foxy/share/python_cmake_module/cmake)
[17.073s] -- Found PythonLibs: /usr/lib/x86_64-linux-gnu/libpython3.8.so (found suitable version "3.8.5", minimum required is "3.5") 
[17.073s] -- Using PYTHON_EXECUTABLE: /usr/bin/python3
[17.073s] -- Using PYTHON_INCLUDE_DIRS: /usr/include/python3.8
[17.074s] -- Using PYTHON_LIBRARIES: /usr/lib/x86_64-linux-gnu/libpython3.8.so
[17.120s] -- Found PythonExtra: .so  
[17.342s] -- Configuring done
[17.720s] -- Generating done
[17.727s] -- Build files have been written to: /home/user/ros2_ws/build/hrim_actuator_gripper_msgs
[17.790s] Invoked command in '/home/user/ros2_ws/build/hrim_actuator_gripper_msgs' returned '0': CMAKE_PREFIX_PATH=/opt/ros/foxy:${CMAKE_PREFIX_PATH} _=/usr/bin/env /usr/bin/cmake /home/user/ros2_ws/src/ros2_mara/HRIM/generated/actuator/gripper/hrim_actuator_gripper_msgs -DCMAKE_INSTALL_PREFIX=/home/user/ros2_ws/install/hrim_actuator_gripper_msgs
[17.792s] Invoking command in '/home/user/ros2_ws/build/hrim_actuator_gripper_msgs': CMAKE_PREFIX_PATH=/opt/ros/foxy:${CMAKE_PREFIX_PATH} _=/usr/bin/env /usr/bin/cmake --build /home/user/ros2_ws/build/hrim_actuator_gripper_msgs -- -j16 -l16
[17.963s] [  1%] [34m[1mGenerating C code for ROS interfaces[0m
[17.973s] [35m[1mScanning dependencies of target hrim_actuator_gripper_msgs__cpp[0m
[18.023s] [  3%] [34m[1mGenerating C++ code for ROS interfaces[0m
[20.475s] [  3%] Built target hrim_actuator_gripper_msgs__cpp
[20.813s] [35m[1mScanning dependencies of target hrim_actuator_gripper_msgs__rosidl_generator_c[0m
[21.100s] [  4%] [32mBuilding C object CMakeFiles/hrim_actuator_gripper_msgs__rosidl_generator_c.dir/rosidl_generator_c/hrim_actuator_gripper_msgs/msg/detail/cycle_time__functions.c.o[0m
[21.271s] [  6%] [32mBuilding C object CMakeFiles/hrim_actuator_gripper_msgs__rosidl_generator_c.dir/rosidl_generator_c/hrim_actuator_gripper_msgs/msg/detail/state_gripper__functions.c.o[0m
[21.400s] [  7%] [32mBuilding C object CMakeFiles/hrim_actuator_gripper_msgs__rosidl_generator_c.dir/rosidl_generator_c/hrim_actuator_gripper_msgs/msg/detail/state_finger_gripper__functions.c.o[0m
[21.563s] [  9%] [32mBuilding C object CMakeFiles/hrim_actuator_gripper_msgs__rosidl_generator_c.dir/rosidl_generator_c/hrim_actuator_gripper_msgs/msg/detail/reconfiguration__functions.c.o[0m
[21.728s] [ 11%] [32mBuilding C object CMakeFiles/hrim_actuator_gripper_msgs__rosidl_generator_c.dir/rosidl_generator_c/hrim_actuator_gripper_msgs/msg/detail/goal_tactile_pressure__functions.c.o[0m
[21.861s] [ 12%] [32m[1mLinking C shared library libhrim_actuator_gripper_msgs__rosidl_generator_c.so[0m
[22.003s] [ 12%] Built target hrim_actuator_gripper_msgs__rosidl_generator_c
[22.079s] [ 14%] [34m[1mGenerating C++ type support dispatch for ROS interfaces[0m
[23.096s] [35m[1mScanning dependencies of target hrim_actuator_gripper_msgs__rosidl_typesupport_cpp[0m
[23.131s] [ 15%] [32mBuilding CXX object CMakeFiles/hrim_actuator_gripper_msgs__rosidl_typesupport_cpp.dir/rosidl_typesupport_cpp/hrim_actuator_gripper_msgs/msg/cycle_time__type_support.cpp.o[0m
[24.015s] [ 17%] [32mBuilding CXX object CMakeFiles/hrim_actuator_gripper_msgs__rosidl_typesupport_cpp.dir/rosidl_typesupport_cpp/hrim_actuator_gripper_msgs/msg/state_gripper__type_support.cpp.o[0m
[24.597s] [ 19%] [32mBuilding CXX object CMakeFiles/hrim_actuator_gripper_msgs__rosidl_typesupport_cpp.dir/rosidl_typesupport_cpp/hrim_actuator_gripper_msgs/msg/state_finger_gripper__type_support.cpp.o[0m
[25.180s] [ 20%] [32mBuilding CXX object CMakeFiles/hrim_actuator_gripper_msgs__rosidl_typesupport_cpp.dir/rosidl_typesupport_cpp/hrim_actuator_gripper_msgs/msg/reconfiguration__type_support.cpp.o[0m
[25.778s] [ 22%] [32mBuilding CXX object CMakeFiles/hrim_actuator_gripper_msgs__rosidl_typesupport_cpp.dir/rosidl_typesupport_cpp/hrim_actuator_gripper_msgs/msg/goal_tactile_pressure__type_support.cpp.o[0m
[26.322s] [ 23%] [32m[1mLinking CXX shared library libhrim_actuator_gripper_msgs__rosidl_typesupport_cpp.so[0m
[26.420s] [ 23%] Built target hrim_actuator_gripper_msgs__rosidl_typesupport_cpp
[26.461s] [ 25%] [34m[1mGenerating C introspection for ROS interfaces[0m
[27.552s] [35m[1mScanning dependencies of target hrim_actuator_gripper_msgs__rosidl_typesupport_introspection_c[0m
[27.596s] [ 26%] [32mBuilding C object CMakeFiles/hrim_actuator_gripper_msgs__rosidl_typesupport_introspection_c.dir/rosidl_typesupport_introspection_c/hrim_actuator_gripper_msgs/msg/detail/cycle_time__type_support.c.o[0m
[27.660s] [ 28%] [32mBuilding C object CMakeFiles/hrim_actuator_gripper_msgs__rosidl_typesupport_introspection_c.dir/rosidl_typesupport_introspection_c/hrim_actuator_gripper_msgs/msg/detail/state_gripper__type_support.c.o[0m
[27.733s] [ 30%] [32mBuilding C object CMakeFiles/hrim_actuator_gripper_msgs__rosidl_typesupport_introspection_c.dir/rosidl_typesupport_introspection_c/hrim_actuator_gripper_msgs/msg/detail/state_finger_gripper__type_support.c.o[0m
[27.793s] [ 31%] [32mBuilding C object CMakeFiles/hrim_actuator_gripper_msgs__rosidl_typesupport_introspection_c.dir/rosidl_typesupport_introspection_c/hrim_actuator_gripper_msgs/msg/detail/reconfiguration__type_support.c.o[0m
[27.853s] [ 33%] [32mBuilding C object CMakeFiles/hrim_actuator_gripper_msgs__rosidl_typesupport_introspection_c.dir/rosidl_typesupport_introspection_c/hrim_actuator_gripper_msgs/msg/detail/goal_tactile_pressure__type_support.c.o[0m
[27.913s] [ 34%] [32m[1mLinking C shared library libhrim_actuator_gripper_msgs__rosidl_typesupport_introspection_c.so[0m
[27.977s] [ 34%] Built target hrim_actuator_gripper_msgs__rosidl_typesupport_introspection_c
[28.013s] [ 36%] [34m[1mGenerating C type support dispatch for ROS interfaces[0m
[28.826s] [35m[1mScanning dependencies of target hrim_actuator_gripper_msgs__rosidl_typesupport_c[0m
[28.863s] [ 38%] [32mBuilding CXX object CMakeFiles/hrim_actuator_gripper_msgs__rosidl_typesupport_c.dir/rosidl_typesupport_c/hrim_actuator_gripper_msgs/msg/cycle_time__type_support.cpp.o[0m
[28.928s] [ 39%] [32mBuilding CXX object CMakeFiles/hrim_actuator_gripper_msgs__rosidl_typesupport_c.dir/rosidl_typesupport_c/hrim_actuator_gripper_msgs/msg/state_gripper__type_support.cpp.o[0m
[28.992s] [ 41%] [32mBuilding CXX object CMakeFiles/hrim_actuator_gripper_msgs__rosidl_typesupport_c.dir/rosidl_typesupport_c/hrim_actuator_gripper_msgs/msg/state_finger_gripper__type_support.cpp.o[0m
[29.064s] [ 42%] [32mBuilding CXX object CMakeFiles/hrim_actuator_gripper_msgs__rosidl_typesupport_c.dir/rosidl_typesupport_c/hrim_actuator_gripper_msgs/msg/reconfiguration__type_support.cpp.o[0m
[29.152s] [ 44%] [32mBuilding CXX object CMakeFiles/hrim_actuator_gripper_msgs__rosidl_typesupport_c.dir/rosidl_typesupport_c/hrim_actuator_gripper_msgs/msg/goal_tactile_pressure__type_support.cpp.o[0m
[29.254s] [ 46%] [32m[1mLinking CXX shared library libhrim_actuator_gripper_msgs__rosidl_typesupport_c.so[0m
[29.353s] [ 46%] Built target hrim_actuator_gripper_msgs__rosidl_typesupport_c
[29.376s] [ 47%] [34m[1mGenerating C++ type support for eProsima Fast-RTPS[0m
[30.349s] [35m[1mScanning dependencies of target hrim_actuator_gripper_msgs__rosidl_typesupport_fastrtps_cpp[0m
[30.382s] [ 49%] [32mBuilding CXX object CMakeFiles/hrim_actuator_gripper_msgs__rosidl_typesupport_fastrtps_cpp.dir/rosidl_typesupport_fastrtps_cpp/hrim_actuator_gripper_msgs/msg/detail/dds_fastrtps/cycle_time__type_support.cpp.o[0m
[31.109s] [ 50%] [32mBuilding CXX object CMakeFiles/hrim_actuator_gripper_msgs__rosidl_typesupport_fastrtps_cpp.dir/rosidl_typesupport_fastrtps_cpp/hrim_actuator_gripper_msgs/msg/detail/dds_fastrtps/state_gripper__type_support.cpp.o[0m
[31.840s] [ 52%] [32mBuilding CXX object CMakeFiles/hrim_actuator_gripper_msgs__rosidl_typesupport_fastrtps_cpp.dir/rosidl_typesupport_fastrtps_cpp/hrim_actuator_gripper_msgs/msg/detail/dds_fastrtps/state_finger_gripper__type_support.cpp.o[0m
[32.642s] [ 53%] [32mBuilding CXX object CMakeFiles/hrim_actuator_gripper_msgs__rosidl_typesupport_fastrtps_cpp.dir/rosidl_typesupport_fastrtps_cpp/hrim_actuator_gripper_msgs/msg/detail/dds_fastrtps/reconfiguration__type_support.cpp.o[0m
[33.499s] [ 55%] [32mBuilding CXX object CMakeFiles/hrim_actuator_gripper_msgs__rosidl_typesupport_fastrtps_cpp.dir/rosidl_typesupport_fastrtps_cpp/hrim_actuator_gripper_msgs/msg/detail/dds_fastrtps/goal_tactile_pressure__type_support.cpp.o[0m
[34.289s] [ 57%] [32m[1mLinking CXX shared library libhrim_actuator_gripper_msgs__rosidl_typesupport_fastrtps_cpp.so[0m
[34.483s] [ 57%] Built target hrim_actuator_gripper_msgs__rosidl_typesupport_fastrtps_cpp
[34.518s] [ 58%] [34m[1mGenerating C++ introspection for ROS interfaces[0m
[35.350s] [35m[1mScanning dependencies of target hrim_actuator_gripper_msgs__rosidl_typesupport_introspection_cpp[0m
[35.374s] [ 60%] [32mBuilding CXX object CMakeFiles/hrim_actuator_gripper_msgs__rosidl_typesupport_introspection_cpp.dir/rosidl_typesupport_introspection_cpp/hrim_actuator_gripper_msgs/msg/detail/cycle_time__type_support.cpp.o[0m
[35.921s] [ 61%] [32mBuilding CXX object CMakeFiles/hrim_actuator_gripper_msgs__rosidl_typesupport_introspection_cpp.dir/rosidl_typesupport_introspection_cpp/hrim_actuator_gripper_msgs/msg/detail/state_gripper__type_support.cpp.o[0m
[36.486s] [ 63%] [32mBuilding CXX object CMakeFiles/hrim_actuator_gripper_msgs__rosidl_typesupport_introspection_cpp.dir/rosidl_typesupport_introspection_cpp/hrim_actuator_gripper_msgs/msg/detail/state_finger_gripper__type_support.cpp.o[0m
[37.040s] [ 65%] [32mBuilding CXX object CMakeFiles/hrim_actuator_gripper_msgs__rosidl_typesupport_introspection_cpp.dir/rosidl_typesupport_introspection_cpp/hrim_actuator_gripper_msgs/msg/detail/reconfiguration__type_support.cpp.o[0m
[37.584s] [ 66%] [32mBuilding CXX object CMakeFiles/hrim_actuator_gripper_msgs__rosidl_typesupport_introspection_cpp.dir/rosidl_typesupport_introspection_cpp/hrim_actuator_gripper_msgs/msg/detail/goal_tactile_pressure__type_support.cpp.o[0m
[38.112s] [ 68%] [32m[1mLinking CXX shared library libhrim_actuator_gripper_msgs__rosidl_typesupport_introspection_cpp.so[0m
[38.244s] [ 68%] Built target hrim_actuator_gripper_msgs__rosidl_typesupport_introspection_cpp
[38.268s] [ 69%] [34m[1mGenerating C type support for eProsima Fast-RTPS[0m
[39.321s] [35m[1mScanning dependencies of target hrim_actuator_gripper_msgs__rosidl_typesupport_fastrtps_c[0m
[39.359s] [ 71%] [32mBuilding CXX object CMakeFiles/hrim_actuator_gripper_msgs__rosidl_typesupport_fastrtps_c.dir/rosidl_typesupport_fastrtps_c/hrim_actuator_gripper_msgs/msg/detail/cycle_time__type_support_c.cpp.o[0m
[39.925s] [ 73%] [32mBuilding CXX object CMakeFiles/hrim_actuator_gripper_msgs__rosidl_typesupport_fastrtps_c.dir/rosidl_typesupport_fastrtps_c/hrim_actuator_gripper_msgs/msg/detail/state_gripper__type_support_c.cpp.o[0m
[40.524s] [ 74%] [32mBuilding CXX object CMakeFiles/hrim_actuator_gripper_msgs__rosidl_typesupport_fastrtps_c.dir/rosidl_typesupport_fastrtps_c/hrim_actuator_gripper_msgs/msg/detail/state_finger_gripper__type_support_c.cpp.o[0m
[41.071s] [ 76%] [32mBuilding CXX object CMakeFiles/hrim_actuator_gripper_msgs__rosidl_typesupport_fastrtps_c.dir/rosidl_typesupport_fastrtps_c/hrim_actuator_gripper_msgs/msg/detail/reconfiguration__type_support_c.cpp.o[0m
[41.765s] [ 77%] [32mBuilding CXX object CMakeFiles/hrim_actuator_gripper_msgs__rosidl_typesupport_fastrtps_c.dir/rosidl_typesupport_fastrtps_c/hrim_actuator_gripper_msgs/msg/detail/goal_tactile_pressure__type_support_c.cpp.o[0m
[42.372s] [ 79%] [32m[1mLinking CXX shared library libhrim_actuator_gripper_msgs__rosidl_typesupport_fastrtps_c.so[0m
[42.548s] [ 79%] Built target hrim_actuator_gripper_msgs__rosidl_typesupport_fastrtps_c
[42.568s] [35m[1mScanning dependencies of target hrim_actuator_gripper_msgs[0m
[42.586s] [ 79%] Built target hrim_actuator_gripper_msgs
[42.605s] [35m[1mScanning dependencies of target hrim_actuator_gripper_msgs__py[0m
[42.623s] [ 80%] [34m[1mGenerating Python code for ROS interfaces[0m
[44.297s] [ 80%] Built target hrim_actuator_gripper_msgs__py
[44.322s] [35m[1mScanning dependencies of target hrim_actuator_gripper_msgs__python[0m
[44.374s] [ 82%] [32mBuilding C object CMakeFiles/hrim_actuator_gripper_msgs__python.dir/rosidl_generator_py/hrim_actuator_gripper_msgs/msg/_cycle_time_s.c.o[0m
[44.578s] [ 84%] [32mBuilding C object CMakeFiles/hrim_actuator_gripper_msgs__python.dir/rosidl_generator_py/hrim_actuator_gripper_msgs/msg/_state_gripper_s.c.o[0m
[44.777s] [ 85%] [32mBuilding C object CMakeFiles/hrim_actuator_gripper_msgs__python.dir/rosidl_generator_py/hrim_actuator_gripper_msgs/msg/_state_finger_gripper_s.c.o[0m
[44.938s] [ 87%] [32mBuilding C object CMakeFiles/hrim_actuator_gripper_msgs__python.dir/rosidl_generator_py/hrim_actuator_gripper_msgs/msg/_reconfiguration_s.c.o[0m
[45.110s] [ 88%] [32mBuilding C object CMakeFiles/hrim_actuator_gripper_msgs__python.dir/rosidl_generator_py/hrim_actuator_gripper_msgs/msg/_goal_tactile_pressure_s.c.o[0m
[45.303s] [ 90%] [32m[1mLinking C shared library rosidl_generator_py/hrim_actuator_gripper_msgs/libhrim_actuator_gripper_msgs__python.so[0m
[45.388s] [ 90%] Built target hrim_actuator_gripper_msgs__python
[45.408s] [35m[1mScanning dependencies of target hrim_actuator_gripper_msgs__rosidl_typesupport_fastrtps_c__pyext[0m
[45.457s] [ 92%] [32mBuilding C object CMakeFiles/hrim_actuator_gripper_msgs__rosidl_typesupport_fastrtps_c__pyext.dir/rosidl_generator_py/hrim_actuator_gripper_msgs/_hrim_actuator_gripper_msgs_s.ep.rosidl_typesupport_fastrtps_c.c.o[0m
[45.633s] [ 93%] [32m[1mLinking CXX shared library rosidl_generator_py/hrim_actuator_gripper_msgs/hrim_actuator_gripper_msgs_s__rosidl_typesupport_fastrtps_c.cpython-38-x86_64-linux-gnu.so[0m
[45.750s] [ 93%] Built target hrim_actuator_gripper_msgs__rosidl_typesupport_fastrtps_c__pyext
[45.774s] [35m[1mScanning dependencies of target hrim_actuator_gripper_msgs__rosidl_typesupport_c__pyext[0m
[45.842s] [ 95%] [32mBuilding C object CMakeFiles/hrim_actuator_gripper_msgs__rosidl_typesupport_c__pyext.dir/rosidl_generator_py/hrim_actuator_gripper_msgs/_hrim_actuator_gripper_msgs_s.ep.rosidl_typesupport_c.c.o[0m
[46.002s] [ 96%] [32m[1mLinking C shared library rosidl_generator_py/hrim_actuator_gripper_msgs/hrim_actuator_gripper_msgs_s__rosidl_typesupport_c.cpython-38-x86_64-linux-gnu.so[0m
[46.095s] [ 96%] Built target hrim_actuator_gripper_msgs__rosidl_typesupport_c__pyext
[46.116s] [35m[1mScanning dependencies of target hrim_actuator_gripper_msgs__rosidl_typesupport_introspection_c__pyext[0m
[46.172s] [ 98%] [32mBuilding C object CMakeFiles/hrim_actuator_gripper_msgs__rosidl_typesupport_introspection_c__pyext.dir/rosidl_generator_py/hrim_actuator_gripper_msgs/_hrim_actuator_gripper_msgs_s.ep.rosidl_typesupport_introspection_c.c.o[0m
[46.352s] [100%] [32m[1mLinking C shared library rosidl_generator_py/hrim_actuator_gripper_msgs/hrim_actuator_gripper_msgs_s__rosidl_typesupport_introspection_c.cpython-38-x86_64-linux-gnu.so[0m
[46.434s] [100%] Built target hrim_actuator_gripper_msgs__rosidl_typesupport_introspection_c__pyext
[46.469s] Invoked command in '/home/user/ros2_ws/build/hrim_actuator_gripper_msgs' returned '0': CMAKE_PREFIX_PATH=/opt/ros/foxy:${CMAKE_PREFIX_PATH} _=/usr/bin/env /usr/bin/cmake --build /home/user/ros2_ws/build/hrim_actuator_gripper_msgs -- -j16 -l16
[47.471s] Invoking command in '/home/user/ros2_ws/build/hrim_actuator_gripper_msgs': CMAKE_PREFIX_PATH=/opt/ros/foxy:${CMAKE_PREFIX_PATH} _=/usr/bin/env /usr/bin/cmake --install /home/user/ros2_ws/build/hrim_actuator_gripper_msgs
[47.489s] -- Install configuration: ""
[47.490s] -- Installing: /home/user/ros2_ws/install/hrim_actuator_gripper_msgs/share/ament_index/resource_index/rosidl_interfaces/hrim_actuator_gripper_msgs
[47.490s] -- Installing: /home/user/ros2_ws/install/hrim_actuator_gripper_msgs/include/hrim_actuator_gripper_msgs
[47.490s] -- Installing: /home/user/ros2_ws/install/hrim_actuator_gripper_msgs/include/hrim_actuator_gripper_msgs/msg
[47.490s] -- Installing: /home/user/ros2_ws/install/hrim_actuator_gripper_msgs/include/hrim_actuator_gripper_msgs/msg/detail
[47.491s] -- Installing: /home/user/ros2_ws/install/hrim_actuator_gripper_msgs/include/hrim_actuator_gripper_msgs/msg/detail/goal_tactile_pressure__functions.h
[47.491s] -- Installing: /home/user/ros2_ws/install/hrim_actuator_gripper_msgs/include/hrim_actuator_gripper_msgs/msg/detail/goal_tactile_pressure__functions.c
[47.492s] -- Installing: /home/user/ros2_ws/install/hrim_actuator_gripper_msgs/include/hrim_actuator_gripper_msgs/msg/detail/state_finger_gripper__struct.h
[47.492s] -- Installing: /home/user/ros2_ws/install/hrim_actuator_gripper_msgs/include/hrim_actuator_gripper_msgs/msg/detail/reconfiguration__type_support.h
[47.492s] -- Installing: /home/user/ros2_ws/install/hrim_actuator_gripper_msgs/include/hrim_actuator_gripper_msgs/msg/detail/reconfiguration__functions.h
[47.493s] -- Installing: /home/user/ros2_ws/install/hrim_actuator_gripper_msgs/include/hrim_actuator_gripper_msgs/msg/detail/state_gripper__type_support.h
[47.493s] -- Installing: /home/user/ros2_ws/install/hrim_actuator_gripper_msgs/include/hrim_actuator_gripper_msgs/msg/detail/state_gripper__struct.h
[47.494s] -- Installing: /home/user/ros2_ws/install/hrim_actuator_gripper_msgs/include/hrim_actuator_gripper_msgs/msg/detail/state_finger_gripper__type_support.h
[47.494s] -- Installing: /home/user/ros2_ws/install/hrim_actuator_gripper_msgs/include/hrim_actuator_gripper_msgs/msg/detail/cycle_time__functions.c
[47.495s] -- Installing: /home/user/ros2_ws/install/hrim_actuator_gripper_msgs/include/hrim_actuator_gripper_msgs/msg/detail/cycle_time__struct.h
[47.495s] -- Installing: /home/user/ros2_ws/install/hrim_actuator_gripper_msgs/include/hrim_actuator_gripper_msgs/msg/detail/cycle_time__type_support.h
[47.496s] -- Installing: /home/user/ros2_ws/install/hrim_actuator_gripper_msgs/include/hrim_actuator_gripper_msgs/msg/detail/cycle_time__functions.h
[47.496s] -- Installing: /home/user/ros2_ws/install/hrim_actuator_gripper_msgs/include/hrim_actuator_gripper_msgs/msg/detail/goal_tactile_pressure__type_support.h
[47.496s] -- Installing: /home/user/ros2_ws/install/hrim_actuator_gripper_msgs/include/hrim_actuator_gripper_msgs/msg/detail/goal_tactile_pressure__struct.h
[47.497s] -- Installing: /home/user/ros2_ws/install/hrim_actuator_gripper_msgs/include/hrim_actuator_gripper_msgs/msg/detail/state_gripper__functions.h
[47.497s] -- Installing: /home/user/ros2_ws/install/hrim_actuator_gripper_msgs/include/hrim_actuator_gripper_msgs/msg/detail/reconfiguration__functions.c
[47.498s] -- Installing: /home/user/ros2_ws/install/hrim_actuator_gripper_msgs/include/hrim_actuator_gripper_msgs/msg/detail/state_gripper__functions.c
[47.498s] -- Installing: /home/user/ros2_ws/install/hrim_actuator_gripper_msgs/include/hrim_actuator_gripper_msgs/msg/detail/state_finger_gripper__functions.h
[47.499s] -- Installing: /home/user/ros2_ws/install/hrim_actuator_gripper_msgs/include/hrim_actuator_gripper_msgs/msg/detail/state_finger_gripper__functions.c
[47.500s] -- Installing: /home/user/ros2_ws/install/hrim_actuator_gripper_msgs/include/hrim_actuator_gripper_msgs/msg/detail/reconfiguration__struct.h
[47.500s] -- Installing: /home/user/ros2_ws/install/hrim_actuator_gripper_msgs/include/hrim_actuator_gripper_msgs/msg/rosidl_generator_c__visibility_control.h
[47.500s] -- Installing: /home/user/ros2_ws/install/hrim_actuator_gripper_msgs/include/hrim_actuator_gripper_msgs/msg/cycle_time.h
[47.501s] -- Installing: /home/user/ros2_ws/install/hrim_actuator_gripper_msgs/include/hrim_actuator_gripper_msgs/msg/state_finger_gripper.h
[47.501s] -- Installing: /home/user/ros2_ws/install/hrim_actuator_gripper_msgs/include/hrim_actuator_gripper_msgs/msg/state_gripper.h
[47.501s] -- Installing: /home/user/ros2_ws/install/hrim_actuator_gripper_msgs/include/hrim_actuator_gripper_msgs/msg/goal_tactile_pressure.h
[47.503s] -- Installing: /home/user/ros2_ws/install/hrim_actuator_gripper_msgs/include/hrim_actuator_gripper_msgs/msg/reconfiguration.h
[47.504s] -- Installing: /home/user/ros2_ws/install/hrim_actuator_gripper_msgs/share/hrim_actuator_gripper_msgs/environment/library_path.sh
[47.504s] -- Installing: /home/user/ros2_ws/install/hrim_actuator_gripper_msgs/share/hrim_actuator_gripper_msgs/environment/library_path.dsv
[47.506s] -- Installing: /home/user/ros2_ws/install/hrim_actuator_gripper_msgs/lib/libhrim_actuator_gripper_msgs__rosidl_generator_c.so
[47.507s] -- Set runtime path of "/home/user/ros2_ws/install/hrim_actuator_gripper_msgs/lib/libhrim_actuator_gripper_msgs__rosidl_generator_c.so" to ""
[47.507s] -- Up-to-date: /home/user/ros2_ws/install/hrim_actuator_gripper_msgs/include/hrim_actuator_gripper_msgs
[47.508s] -- Up-to-date: /home/user/ros2_ws/install/hrim_actuator_gripper_msgs/include/hrim_actuator_gripper_msgs/msg
[47.508s] -- Up-to-date: /home/user/ros2_ws/install/hrim_actuator_gripper_msgs/include/hrim_actuator_gripper_msgs/msg/detail
[47.508s] -- Installing: /home/user/ros2_ws/install/hrim_actuator_gripper_msgs/include/hrim_actuator_gripper_msgs/msg/detail/goal_tactile_pressure__rosidl_typesupport_fastrtps_c.h
[47.509s] -- Installing: /home/user/ros2_ws/install/hrim_actuator_gripper_msgs/include/hrim_actuator_gripper_msgs/msg/detail/state_gripper__rosidl_typesupport_fastrtps_c.h
[47.509s] -- Installing: /home/user/ros2_ws/install/hrim_actuator_gripper_msgs/include/hrim_actuator_gripper_msgs/msg/detail/state_finger_gripper__rosidl_typesupport_fastrtps_c.h
[47.510s] -- Installing: /home/user/ros2_ws/install/hrim_actuator_gripper_msgs/include/hrim_actuator_gripper_msgs/msg/detail/cycle_time__rosidl_typesupport_fastrtps_c.h
[47.510s] -- Installing: /home/user/ros2_ws/install/hrim_actuator_gripper_msgs/include/hrim_actuator_gripper_msgs/msg/detail/reconfiguration__rosidl_typesupport_fastrtps_c.h
[47.511s] -- Installing: /home/user/ros2_ws/install/hrim_actuator_gripper_msgs/include/hrim_actuator_gripper_msgs/msg/rosidl_typesupport_fastrtps_c__visibility_control.h
[47.512s] -- Installing: /home/user/ros2_ws/install/hrim_actuator_gripper_msgs/lib/libhrim_actuator_gripper_msgs__rosidl_typesupport_fastrtps_c.so
[47.513s] -- Set runtime path of "/home/user/ros2_ws/install/hrim_actuator_gripper_msgs/lib/libhrim_actuator_gripper_msgs__rosidl_typesupport_fastrtps_c.so" to ""
[47.513s] -- Up-to-date: /home/user/ros2_ws/install/hrim_actuator_gripper_msgs/include/hrim_actuator_gripper_msgs
[47.513s] -- Up-to-date: /home/user/ros2_ws/install/hrim_actuator_gripper_msgs/include/hrim_actuator_gripper_msgs/msg
[47.514s] -- Up-to-date: /home/user/ros2_ws/install/hrim_actuator_gripper_msgs/include/hrim_actuator_gripper_msgs/msg/detail
[47.514s] -- Installing: /home/user/ros2_ws/install/hrim_actuator_gripper_msgs/include/hrim_actuator_gripper_msgs/msg/detail/state_finger_gripper__rosidl_typesupport_fastrtps_cpp.hpp
[47.515s] -- Installing: /home/user/ros2_ws/install/hrim_actuator_gripper_msgs/include/hrim_actuator_gripper_msgs/msg/detail/reconfiguration__rosidl_typesupport_fastrtps_cpp.hpp
[47.515s] -- Installing: /home/user/ros2_ws/install/hrim_actuator_gripper_msgs/include/hrim_actuator_gripper_msgs/msg/detail/cycle_time__rosidl_typesupport_fastrtps_cpp.hpp
[47.516s] -- Installing: /home/user/ros2_ws/install/hrim_actuator_gripper_msgs/include/hrim_actuator_gripper_msgs/msg/detail/state_gripper__rosidl_typesupport_fastrtps_cpp.hpp
[47.516s] -- Installing: /home/user/ros2_ws/install/hrim_actuator_gripper_msgs/include/hrim_actuator_gripper_msgs/msg/detail/dds_fastrtps
[47.517s] -- Installing: /home/user/ros2_ws/install/hrim_actuator_gripper_msgs/include/hrim_actuator_gripper_msgs/msg/detail/goal_tactile_pressure__rosidl_typesupport_fastrtps_cpp.hpp
[47.517s] -- Installing: /home/user/ros2_ws/install/hrim_actuator_gripper_msgs/include/hrim_actuator_gripper_msgs/msg/rosidl_typesupport_fastrtps_cpp__visibility_control.h
[47.518s] -- Installing: /home/user/ros2_ws/install/hrim_actuator_gripper_msgs/lib/libhrim_actuator_gripper_msgs__rosidl_typesupport_fastrtps_cpp.so
[47.519s] -- Set runtime path of "/home/user/ros2_ws/install/hrim_actuator_gripper_msgs/lib/libhrim_actuator_gripper_msgs__rosidl_typesupport_fastrtps_cpp.so" to ""
[47.519s] -- Up-to-date: /home/user/ros2_ws/install/hrim_actuator_gripper_msgs/include/hrim_actuator_gripper_msgs
[47.520s] -- Up-to-date: /home/user/ros2_ws/install/hrim_actuator_gripper_msgs/include/hrim_actuator_gripper_msgs/msg
[47.520s] -- Up-to-date: /home/user/ros2_ws/install/hrim_actuator_gripper_msgs/include/hrim_actuator_gripper_msgs/msg/detail
[47.521s] -- Installing: /home/user/ros2_ws/install/hrim_actuator_gripper_msgs/include/hrim_actuator_gripper_msgs/msg/detail/reconfiguration__rosidl_typesupport_introspection_c.h
[47.521s] -- Installing: /home/user/ros2_ws/install/hrim_actuator_gripper_msgs/include/hrim_actuator_gripper_msgs/msg/detail/cycle_time__rosidl_typesupport_introspection_c.h
[47.522s] -- Installing: /home/user/ros2_ws/install/hrim_actuator_gripper_msgs/include/hrim_actuator_gripper_msgs/msg/detail/state_finger_gripper__type_support.c
[47.522s] -- Installing: /home/user/ros2_ws/install/hrim_actuator_gripper_msgs/include/hrim_actuator_gripper_msgs/msg/detail/cycle_time__type_support.c
[47.523s] -- Installing: /home/user/ros2_ws/install/hrim_actuator_gripper_msgs/include/hrim_actuator_gripper_msgs/msg/detail/state_finger_gripper__rosidl_typesupport_introspection_c.h
[47.523s] -- Installing: /home/user/ros2_ws/install/hrim_actuator_gripper_msgs/include/hrim_actuator_gripper_msgs/msg/detail/state_gripper__type_support.c
[47.523s] -- Installing: /home/user/ros2_ws/install/hrim_actuator_gripper_msgs/include/hrim_actuator_gripper_msgs/msg/detail/reconfiguration__type_support.c
[47.524s] -- Installing: /home/user/ros2_ws/install/hrim_actuator_gripper_msgs/include/hrim_actuator_gripper_msgs/msg/detail/goal_tactile_pressure__type_support.c
[47.524s] -- Installing: /home/user/ros2_ws/install/hrim_actuator_gripper_msgs/include/hrim_actuator_gripper_msgs/msg/detail/goal_tactile_pressure__rosidl_typesupport_introspection_c.h
[47.525s] -- Installing: /home/user/ros2_ws/install/hrim_actuator_gripper_msgs/include/hrim_actuator_gripper_msgs/msg/detail/state_gripper__rosidl_typesupport_introspection_c.h
[47.525s] -- Installing: /home/user/ros2_ws/install/hrim_actuator_gripper_msgs/include/hrim_actuator_gripper_msgs/msg/rosidl_typesupport_introspection_c__visibility_control.h
[47.525s] -- Installing: /home/user/ros2_ws/install/hrim_actuator_gripper_msgs/lib/libhrim_actuator_gripper_msgs__rosidl_typesupport_introspection_c.so
[47.526s] -- Set runtime path of "/home/user/ros2_ws/install/hrim_actuator_gripper_msgs/lib/libhrim_actuator_gripper_msgs__rosidl_typesupport_introspection_c.so" to ""
[47.526s] -- Installing: /home/user/ros2_ws/install/hrim_actuator_gripper_msgs/lib/libhrim_actuator_gripper_msgs__rosidl_typesupport_c.so
[47.527s] -- Set runtime path of "/home/user/ros2_ws/install/hrim_actuator_gripper_msgs/lib/libhrim_actuator_gripper_msgs__rosidl_typesupport_c.so" to ""
[47.527s] -- Up-to-date: /home/user/ros2_ws/install/hrim_actuator_gripper_msgs/include/hrim_actuator_gripper_msgs
[47.527s] -- Up-to-date: /home/user/ros2_ws/install/hrim_actuator_gripper_msgs/include/hrim_actuator_gripper_msgs/msg
[47.528s] -- Up-to-date: /home/user/ros2_ws/install/hrim_actuator_gripper_msgs/include/hrim_actuator_gripper_msgs/msg/detail
[47.528s] -- Installing: /home/user/ros2_ws/install/hrim_actuator_gripper_msgs/include/hrim_actuator_gripper_msgs/msg/detail/state_finger_gripper__struct.hpp
[47.528s] -- Installing: /home/user/ros2_ws/install/hrim_actuator_gripper_msgs/include/hrim_actuator_gripper_msgs/msg/detail/state_finger_gripper__traits.hpp
[47.528s] -- Installing: /home/user/ros2_ws/install/hrim_actuator_gripper_msgs/include/hrim_actuator_gripper_msgs/msg/detail/goal_tactile_pressure__builder.hpp
[47.528s] -- Installing: /home/user/ros2_ws/install/hrim_actuator_gripper_msgs/include/hrim_actuator_gripper_msgs/msg/detail/state_gripper__builder.hpp
[47.529s] -- Installing: /home/user/ros2_ws/install/hrim_actuator_gripper_msgs/include/hrim_actuator_gripper_msgs/msg/detail/reconfiguration__builder.hpp
[47.529s] -- Installing: /home/user/ros2_ws/install/hrim_actuator_gripper_msgs/include/hrim_actuator_gripper_msgs/msg/detail/goal_tactile_pressure__traits.hpp
[47.530s] -- Installing: /home/user/ros2_ws/install/hrim_actuator_gripper_msgs/include/hrim_actuator_gripper_msgs/msg/detail/state_gripper__traits.hpp
[47.530s] -- Installing: /home/user/ros2_ws/install/hrim_actuator_gripper_msgs/include/hrim_actuator_gripper_msgs/msg/detail/reconfiguration__traits.hpp
[47.530s] -- Installing: /home/user/ros2_ws/install/hrim_actuator_gripper_msgs/include/hrim_actuator_gripper_msgs/msg/detail/cycle_time__traits.hpp
[47.530s] -- Installing: /home/user/ros2_ws/install/hrim_actuator_gripper_msgs/include/hrim_actuator_gripper_msgs/msg/detail/cycle_time__builder.hpp
[47.531s] -- Installing: /home/user/ros2_ws/install/hrim_actuator_gripper_msgs/include/hrim_actuator_gripper_msgs/msg/detail/goal_tactile_pressure__struct.hpp
[47.531s] -- Installing: /home/user/ros2_ws/install/hrim_actuator_gripper_msgs/include/hrim_actuator_gripper_msgs/msg/detail/reconfiguration__struct.hpp
[47.531s] -- Installing: /home/user/ros2_ws/install/hrim_actuator_gripper_msgs/include/hrim_actuator_gripper_msgs/msg/detail/state_gripper__struct.hpp
[47.531s] -- Installing: /home/user/ros2_ws/install/hrim_actuator_gripper_msgs/include/hrim_actuator_gripper_msgs/msg/detail/cycle_time__struct.hpp
[47.532s] -- Installing: /home/user/ros2_ws/install/hrim_actuator_gripper_msgs/include/hrim_actuator_gripper_msgs/msg/detail/state_finger_gripper__builder.hpp
[47.532s] -- Installing: /home/user/ros2_ws/install/hrim_actuator_gripper_msgs/include/hrim_actuator_gripper_msgs/msg/goal_tactile_pressure.hpp
[47.532s] -- Installing: /home/user/ros2_ws/install/hrim_actuator_gripper_msgs/include/hrim_actuator_gripper_msgs/msg/reconfiguration.hpp
[47.532s] -- Installing: /home/user/ros2_ws/install/hrim_actuator_gripper_msgs/include/hrim_actuator_gripper_msgs/msg/state_gripper.hpp
[47.533s] -- Installing: /home/user/ros2_ws/install/hrim_actuator_gripper_msgs/include/hrim_actuator_gripper_msgs/msg/state_finger_gripper.hpp
[47.533s] -- Installing: /home/user/ros2_ws/install/hrim_actuator_gripper_msgs/include/hrim_actuator_gripper_msgs/msg/cycle_time.hpp
[47.533s] -- Up-to-date: /home/user/ros2_ws/install/hrim_actuator_gripper_msgs/include/hrim_actuator_gripper_msgs
[47.534s] -- Up-to-date: /home/user/ros2_ws/install/hrim_actuator_gripper_msgs/include/hrim_actuator_gripper_msgs/msg
[47.534s] -- Up-to-date: /home/user/ros2_ws/install/hrim_actuator_gripper_msgs/include/hrim_actuator_gripper_msgs/msg/detail
[47.534s] -- Installing: /home/user/ros2_ws/install/hrim_actuator_gripper_msgs/include/hrim_actuator_gripper_msgs/msg/detail/cycle_time__type_support.cpp
[47.534s] -- Installing: /home/user/ros2_ws/install/hrim_actuator_gripper_msgs/include/hrim_actuator_gripper_msgs/msg/detail/state_gripper__rosidl_typesupport_introspection_cpp.hpp
[47.535s] -- Installing: /home/user/ros2_ws/install/hrim_actuator_gripper_msgs/include/hrim_actuator_gripper_msgs/msg/detail/state_finger_gripper__rosidl_typesupport_introspection_cpp.hpp
[47.535s] -- Installing: /home/user/ros2_ws/install/hrim_actuator_gripper_msgs/include/hrim_actuator_gripper_msgs/msg/detail/state_gripper__type_support.cpp
[47.535s] -- Installing: /home/user/ros2_ws/install/hrim_actuator_gripper_msgs/include/hrim_actuator_gripper_msgs/msg/detail/reconfiguration__type_support.cpp
[47.535s] -- Installing: /home/user/ros2_ws/install/hrim_actuator_gripper_msgs/include/hrim_actuator_gripper_msgs/msg/detail/cycle_time__rosidl_typesupport_introspection_cpp.hpp
[47.535s] -- Installing: /home/user/ros2_ws/install/hrim_actuator_gripper_msgs/include/hrim_actuator_gripper_msgs/msg/detail/reconfiguration__rosidl_typesupport_introspection_cpp.hpp
[47.536s] -- Installing: /home/user/ros2_ws/install/hrim_actuator_gripper_msgs/include/hrim_actuator_gripper_msgs/msg/detail/goal_tactile_pressure__rosidl_typesupport_introspection_cpp.hpp
[47.536s] -- Installing: /home/user/ros2_ws/install/hrim_actuator_gripper_msgs/include/hrim_actuator_gripper_msgs/msg/detail/goal_tactile_pressure__type_support.cpp
[47.536s] -- Installing: /home/user/ros2_ws/install/hrim_actuator_gripper_msgs/include/hrim_actuator_gripper_msgs/msg/detail/state_finger_gripper__type_support.cpp
[47.536s] -- Installing: /home/user/ros2_ws/install/hrim_actuator_gripper_msgs/lib/libhrim_actuator_gripper_msgs__rosidl_typesupport_introspection_cpp.so
[47.536s] -- Set runtime path of "/home/user/ros2_ws/install/hrim_actuator_gripper_msgs/lib/libhrim_actuator_gripper_msgs__rosidl_typesupport_introspection_cpp.so" to ""
[47.537s] -- Installing: /home/user/ros2_ws/install/hrim_actuator_gripper_msgs/lib/libhrim_actuator_gripper_msgs__rosidl_typesupport_cpp.so
[47.537s] -- Set runtime path of "/home/user/ros2_ws/install/hrim_actuator_gripper_msgs/lib/libhrim_actuator_gripper_msgs__rosidl_typesupport_cpp.so" to ""
[47.538s] -- Installing: /home/user/ros2_ws/install/hrim_actuator_gripper_msgs/share/hrim_actuator_gripper_msgs/environment/pythonpath.sh
[47.538s] -- Installing: /home/user/ros2_ws/install/hrim_actuator_gripper_msgs/share/hrim_actuator_gripper_msgs/environment/pythonpath.dsv
[47.539s] -- Installing: /home/user/ros2_ws/install/hrim_actuator_gripper_msgs/lib/python3.8/site-packages/hrim_actuator_gripper_msgs/__init__.py
[47.591s] Compiling '/home/user/ros2_ws/install/hrim_actuator_gripper_msgs/lib/python3.8/site-packages/hrim_actuator_gripper_msgs/__init__.py'...
[47.597s] -- Installing: /home/user/ros2_ws/install/hrim_actuator_gripper_msgs/lib/python3.8/site-packages/hrim_actuator_gripper_msgs/msg
[47.598s] -- Installing: /home/user/ros2_ws/install/hrim_actuator_gripper_msgs/lib/python3.8/site-packages/hrim_actuator_gripper_msgs/msg/_cycle_time_s.c
[47.598s] -- Installing: /home/user/ros2_ws/install/hrim_actuator_gripper_msgs/lib/python3.8/site-packages/hrim_actuator_gripper_msgs/msg/_goal_tactile_pressure_s.c
[47.598s] -- Installing: /home/user/ros2_ws/install/hrim_actuator_gripper_msgs/lib/python3.8/site-packages/hrim_actuator_gripper_msgs/msg/_reconfiguration.py
[47.598s] -- Installing: /home/user/ros2_ws/install/hrim_actuator_gripper_msgs/lib/python3.8/site-packages/hrim_actuator_gripper_msgs/msg/_reconfiguration_s.c
[47.599s] -- Installing: /home/user/ros2_ws/install/hrim_actuator_gripper_msgs/lib/python3.8/site-packages/hrim_actuator_gripper_msgs/msg/__init__.py
[47.599s] -- Installing: /home/user/ros2_ws/install/hrim_actuator_gripper_msgs/lib/python3.8/site-packages/hrim_actuator_gripper_msgs/msg/_cycle_time.py
[47.599s] -- Installing: /home/user/ros2_ws/install/hrim_actuator_gripper_msgs/lib/python3.8/site-packages/hrim_actuator_gripper_msgs/msg/_state_finger_gripper_s.c
[47.599s] -- Installing: /home/user/ros2_ws/install/hrim_actuator_gripper_msgs/lib/python3.8/site-packages/hrim_actuator_gripper_msgs/msg/_state_gripper.py
[47.599s] -- Installing: /home/user/ros2_ws/install/hrim_actuator_gripper_msgs/lib/python3.8/site-packages/hrim_actuator_gripper_msgs/msg/_goal_tactile_pressure.py
[47.599s] -- Installing: /home/user/ros2_ws/install/hrim_actuator_gripper_msgs/lib/python3.8/site-packages/hrim_actuator_gripper_msgs/msg/_state_finger_gripper.py
[47.600s] -- Installing: /home/user/ros2_ws/install/hrim_actuator_gripper_msgs/lib/python3.8/site-packages/hrim_actuator_gripper_msgs/msg/_state_gripper_s.c
[47.600s] -- Installing: /home/user/ros2_ws/install/hrim_actuator_gripper_msgs/lib/python3.8/site-packages/hrim_actuator_gripper_msgs/hrim_actuator_gripper_msgs_s__rosidl_typesupport_fastrtps_c.cpython-38-x86_64-linux-gnu.so
[47.601s] -- Set runtime path of "/home/user/ros2_ws/install/hrim_actuator_gripper_msgs/lib/python3.8/site-packages/hrim_actuator_gripper_msgs/hrim_actuator_gripper_msgs_s__rosidl_typesupport_fastrtps_c.cpython-38-x86_64-linux-gnu.so" to ""
[47.602s] -- Installing: /home/user/ros2_ws/install/hrim_actuator_gripper_msgs/lib/python3.8/site-packages/hrim_actuator_gripper_msgs/hrim_actuator_gripper_msgs_s__rosidl_typesupport_introspection_c.cpython-38-x86_64-linux-gnu.so
[47.604s] -- Set runtime path of "/home/user/ros2_ws/install/hrim_actuator_gripper_msgs/lib/python3.8/site-packages/hrim_actuator_gripper_msgs/hrim_actuator_gripper_msgs_s__rosidl_typesupport_introspection_c.cpython-38-x86_64-linux-gnu.so" to ""
[47.604s] -- Installing: /home/user/ros2_ws/install/hrim_actuator_gripper_msgs/lib/python3.8/site-packages/hrim_actuator_gripper_msgs/hrim_actuator_gripper_msgs_s__rosidl_typesupport_c.cpython-38-x86_64-linux-gnu.so
[47.605s] -- Set runtime path of "/home/user/ros2_ws/install/hrim_actuator_gripper_msgs/lib/python3.8/site-packages/hrim_actuator_gripper_msgs/hrim_actuator_gripper_msgs_s__rosidl_typesupport_c.cpython-38-x86_64-linux-gnu.so" to ""
[47.605s] -- Installing: /home/user/ros2_ws/install/hrim_actuator_gripper_msgs/lib/libhrim_actuator_gripper_msgs__python.so
[47.606s] -- Set runtime path of "/home/user/ros2_ws/install/hrim_actuator_gripper_msgs/lib/libhrim_actuator_gripper_msgs__python.so" to ""
[47.606s] -- Installing: /home/user/ros2_ws/install/hrim_actuator_gripper_msgs/share/hrim_actuator_gripper_msgs/msg/CycleTime.idl
[47.607s] -- Installing: /home/user/ros2_ws/install/hrim_actuator_gripper_msgs/share/hrim_actuator_gripper_msgs/msg/GoalTactilePressure.idl
[47.612s] -- Installing: /home/user/ros2_ws/install/hrim_actuator_gripper_msgs/share/hrim_actuator_gripper_msgs/msg/Reconfiguration.idl
[47.613s] -- Installing: /home/user/ros2_ws/install/hrim_actuator_gripper_msgs/share/hrim_actuator_gripper_msgs/msg/StateFingerGripper.idl
[47.613s] -- Installing: /home/user/ros2_ws/install/hrim_actuator_gripper_msgs/share/hrim_actuator_gripper_msgs/msg/StateGripper.idl
[47.613s] -- Installing: /home/user/ros2_ws/install/hrim_actuator_gripper_msgs/share/hrim_actuator_gripper_msgs/msg/CycleTime.msg
[47.613s] -- Installing: /home/user/ros2_ws/install/hrim_actuator_gripper_msgs/share/hrim_actuator_gripper_msgs/msg/GoalTactilePressure.msg
[47.613s] -- Installing: /home/user/ros2_ws/install/hrim_actuator_gripper_msgs/share/hrim_actuator_gripper_msgs/msg/Reconfiguration.msg
[47.614s] -- Installing: /home/user/ros2_ws/install/hrim_actuator_gripper_msgs/share/hrim_actuator_gripper_msgs/msg/StateFingerGripper.msg
[47.614s] -- Installing: /home/user/ros2_ws/install/hrim_actuator_gripper_msgs/share/hrim_actuator_gripper_msgs/msg/StateGripper.msg
[47.614s] -- Installing: /home/user/ros2_ws/install/hrim_actuator_gripper_msgs/share/ament_index/resource_index/package_run_dependencies/hrim_actuator_gripper_msgs
[47.614s] -- Installing: /home/user/ros2_ws/install/hrim_actuator_gripper_msgs/share/ament_index/resource_index/parent_prefix_path/hrim_actuator_gripper_msgs
[47.614s] -- Installing: /home/user/ros2_ws/install/hrim_actuator_gripper_msgs/share/hrim_actuator_gripper_msgs/environment/ament_prefix_path.sh
[47.614s] -- Installing: /home/user/ros2_ws/install/hrim_actuator_gripper_msgs/share/hrim_actuator_gripper_msgs/environment/ament_prefix_path.dsv
[47.615s] -- Installing: /home/user/ros2_ws/install/hrim_actuator_gripper_msgs/share/hrim_actuator_gripper_msgs/environment/path.sh
[47.616s] -- Installing: /home/user/ros2_ws/install/hrim_actuator_gripper_msgs/share/hrim_actuator_gripper_msgs/environment/path.dsv
[47.616s] -- Installing: /home/user/ros2_ws/install/hrim_actuator_gripper_msgs/share/hrim_actuator_gripper_msgs/local_setup.bash
[47.617s] -- Installing: /home/user/ros2_ws/install/hrim_actuator_gripper_msgs/share/hrim_actuator_gripper_msgs/local_setup.sh
[47.617s] -- Installing: /home/user/ros2_ws/install/hrim_actuator_gripper_msgs/share/hrim_actuator_gripper_msgs/local_setup.zsh
[47.617s] -- Installing: /home/user/ros2_ws/install/hrim_actuator_gripper_msgs/share/hrim_actuator_gripper_msgs/local_setup.dsv
[47.618s] -- Installing: /home/user/ros2_ws/install/hrim_actuator_gripper_msgs/share/hrim_actuator_gripper_msgs/package.dsv
[47.619s] -- Installing: /home/user/ros2_ws/install/hrim_actuator_gripper_msgs/share/ament_index/resource_index/packages/hrim_actuator_gripper_msgs
[47.619s] -- Installing: /home/user/ros2_ws/install/hrim_actuator_gripper_msgs/share/hrim_actuator_gripper_msgs/cmake/hrim_actuator_gripper_msgs__rosidl_generator_cExport.cmake
[47.621s] -- Installing: /home/user/ros2_ws/install/hrim_actuator_gripper_msgs/share/hrim_actuator_gripper_msgs/cmake/hrim_actuator_gripper_msgs__rosidl_generator_cExport-noconfig.cmake
[47.621s] -- Installing: /home/user/ros2_ws/install/hrim_actuator_gripper_msgs/share/hrim_actuator_gripper_msgs/cmake/hrim_actuator_gripper_msgs__rosidl_typesupport_introspection_cExport.cmake
[47.621s] -- Installing: /home/user/ros2_ws/install/hrim_actuator_gripper_msgs/share/hrim_actuator_gripper_msgs/cmake/hrim_actuator_gripper_msgs__rosidl_typesupport_introspection_cExport-noconfig.cmake
[47.622s] -- Installing: /home/user/ros2_ws/install/hrim_actuator_gripper_msgs/share/hrim_actuator_gripper_msgs/cmake/hrim_actuator_gripper_msgs__rosidl_typesupport_cExport.cmake
[47.622s] -- Installing: /home/user/ros2_ws/install/hrim_actuator_gripper_msgs/share/hrim_actuator_gripper_msgs/cmake/hrim_actuator_gripper_msgs__rosidl_typesupport_cExport-noconfig.cmake
[47.625s] -- Installing: /home/user/ros2_ws/install/hrim_actuator_gripper_msgs/share/hrim_actuator_gripper_msgs/cmake/hrim_actuator_gripper_msgs__rosidl_generator_cppExport.cmake
[47.625s] -- Installing: /home/user/ros2_ws/install/hrim_actuator_gripper_msgs/share/hrim_actuator_gripper_msgs/cmake/hrim_actuator_gripper_msgs__rosidl_typesupport_introspection_cppExport.cmake
[47.625s] -- Installing: /home/user/ros2_ws/install/hrim_actuator_gripper_msgs/share/hrim_actuator_gripper_msgs/cmake/hrim_actuator_gripper_msgs__rosidl_typesupport_introspection_cppExport-noconfig.cmake
[47.625s] -- Installing: /home/user/ros2_ws/install/hrim_actuator_gripper_msgs/share/hrim_actuator_gripper_msgs/cmake/hrim_actuator_gripper_msgs__rosidl_typesupport_cppExport.cmake
[47.625s] -- Installing: /home/user/ros2_ws/install/hrim_actuator_gripper_msgs/share/hrim_actuator_gripper_msgs/cmake/hrim_actuator_gripper_msgs__rosidl_typesupport_cppExport-noconfig.cmake
[47.626s] -- Installing: /home/user/ros2_ws/install/hrim_actuator_gripper_msgs/share/hrim_actuator_gripper_msgs/cmake/rosidl_cmake-extras.cmake
[47.626s] -- Installing: /home/user/ros2_ws/install/hrim_actuator_gripper_msgs/share/hrim_actuator_gripper_msgs/cmake/ament_cmake_export_dependencies-extras.cmake
[47.627s] -- Installing: /home/user/ros2_ws/install/hrim_actuator_gripper_msgs/share/hrim_actuator_gripper_msgs/cmake/ament_cmake_export_libraries-extras.cmake
[47.627s] -- Installing: /home/user/ros2_ws/install/hrim_actuator_gripper_msgs/share/hrim_actuator_gripper_msgs/cmake/ament_cmake_export_targets-extras.cmake
[47.628s] -- Installing: /home/user/ros2_ws/install/hrim_actuator_gripper_msgs/share/hrim_actuator_gripper_msgs/cmake/ament_cmake_export_include_directories-extras.cmake
[47.630s] -- Installing: /home/user/ros2_ws/install/hrim_actuator_gripper_msgs/share/hrim_actuator_gripper_msgs/cmake/rosidl_cmake_export_typesupport_libraries-extras.cmake
[47.631s] -- Installing: /home/user/ros2_ws/install/hrim_actuator_gripper_msgs/share/hrim_actuator_gripper_msgs/cmake/rosidl_cmake_export_typesupport_targets-extras.cmake
[47.631s] -- Installing: /home/user/ros2_ws/install/hrim_actuator_gripper_msgs/share/hrim_actuator_gripper_msgs/cmake/hrim_actuator_gripper_msgsConfig.cmake
[47.631s] -- Installing: /home/user/ros2_ws/install/hrim_actuator_gripper_msgs/share/hrim_actuator_gripper_msgs/cmake/hrim_actuator_gripper_msgsConfig-version.cmake
[47.631s] -- Installing: /home/user/ros2_ws/install/hrim_actuator_gripper_msgs/share/hrim_actuator_gripper_msgs/package.xml
[47.636s] Invoked command in '/home/user/ros2_ws/build/hrim_actuator_gripper_msgs' returned '0': CMAKE_PREFIX_PATH=/opt/ros/foxy:${CMAKE_PREFIX_PATH} _=/usr/bin/env /usr/bin/cmake --install /home/user/ros2_ws/build/hrim_actuator_gripper_msgs
