[0.217s] Invoking command in '/home/user/ros2_ws/build/control_msgs': CMAKE_PREFIX_PATH=${CMAKE_PREFIX_PATH}:/opt/ros/foxy _=/usr/bin/env /usr/bin/cmake --build /home/user/ros2_ws/build/control_msgs -- -j8 -l8
[0.774s] -- Found ament_cmake: 0.9.9 (/opt/ros/foxy/share/ament_cmake/cmake)
[1.061s] -- Found PythonInterp: /usr/bin/python3 (found suitable version "3.8.10", minimum required is "3") 
[1.062s] -- Using PYTHON_EXECUTABLE: /usr/bin/python3
[3.944s] -- Found builtin_interfaces: 1.0.0 (/opt/ros/foxy/share/builtin_interfaces/cmake)
[4.081s] -- Using all available rosidl_typesupport_c: rosidl_typesupport_fastrtps_c;rosidl_typesupport_introspection_c
[4.112s] -- Found rosidl_adapter: 1.2.1 (/opt/ros/foxy/share/rosidl_adapter/cmake)
[5.243s] -- Using all available rosidl_typesupport_cpp: rosidl_typesupport_fastrtps_cpp;rosidl_typesupport_introspection_cpp
[5.554s] -- Found rosidl_default_generators: 1.0.1 (/opt/ros/foxy/share/rosidl_default_generators/cmake)
[5.716s] -- Found std_msgs: 2.0.4 (/opt/ros/foxy/share/std_msgs/cmake)
[5.947s] -- Found trajectory_msgs: 2.0.4 (/opt/ros/foxy/share/trajectory_msgs/cmake)
[7.521s] -- Found PythonInterp: /usr/bin/python3 (found version "3.8.10") 
[9.148s] -- Found ament_cmake_cppcheck: 0.9.6 (/opt/ros/foxy/share/ament_cmake_cppcheck/cmake)
[9.151s] -- Found ament_cmake_cpplint: 0.9.6 (/opt/ros/foxy/share/ament_cmake_cpplint/cmake)
[9.168s] -- Found ament_cmake_uncrustify: 0.9.6 (/opt/ros/foxy/share/ament_cmake_uncrustify/cmake)
[9.213s] -- Found ament_cmake_ros: 0.9.2 (/opt/ros/foxy/share/ament_cmake_ros/cmake)
[12.139s] -- Using all available rosidl_typesupport_c: rosidl_typesupport_fastrtps_c;rosidl_typesupport_introspection_c
[13.016s] -- Using all available rosidl_typesupport_cpp: rosidl_typesupport_fastrtps_cpp;rosidl_typesupport_introspection_cpp
[13.208s] -- Found PythonInterp: /usr/bin/python3 (found suitable version "3.8.10", minimum required is "3.5") 
[13.209s] -- Found python_cmake_module: 0.8.1 (/opt/ros/foxy/share/python_cmake_module/cmake)
[13.356s] -- Found PythonLibs: /usr/lib/x86_64-linux-gnu/libpython3.8.so (found suitable version "3.8.10", minimum required is "3.5") 
[13.357s] -- Using PYTHON_EXECUTABLE: /usr/bin/python3
[13.358s] -- Using PYTHON_INCLUDE_DIRS: /usr/include/python3.8
[13.358s] -- Using PYTHON_LIBRARIES: /usr/lib/x86_64-linux-gnu/libpython3.8.so
[13.860s] -- Found ament_cmake_flake8: 0.9.6 (/opt/ros/foxy/share/ament_cmake_flake8/cmake)
[13.864s] -- Found ament_cmake_pep257: 0.9.6 (/opt/ros/foxy/share/ament_cmake_pep257/cmake)
[13.937s] -- Configuring done
[14.275s] -- Generating done
[14.321s] -- Build files have been written to: /home/user/ros2_ws/build/control_msgs
[14.552s] [  1%] [34m[1mGenerating C++ code for ROS interfaces[0m
[19.571s] [  1%] Built target control_msgs__cpp
[19.622s] [  3%] [34m[1mGenerating C code for ROS interfaces[0m
[24.911s] make[2]: *** Deleting file 'rosidl_generator_c/control_msgs/msg/detail/pid_state__struct.h'
[24.978s] make[2]: *** [CMakeFiles/control_msgs__rosidl_generator_c.dir/build.make:198: rosidl_generator_c/control_msgs/msg/detail/pid_state__struct.h] Interrupt
[24.978s] make[1]: *** [CMakeFiles/Makefile2:444: CMakeFiles/control_msgs__rosidl_generator_c.dir/all] Interrupt
[24.978s] make: *** [Makefile:141: all] Interrupt
[25.042s] Invoked command in '/home/user/ros2_ws/build/control_msgs' returned '-2': CMAKE_PREFIX_PATH=${CMAKE_PREFIX_PATH}:/opt/ros/foxy _=/usr/bin/env /usr/bin/cmake --build /home/user/ros2_ws/build/control_msgs -- -j8 -l8
