[0.000000] (-) TimerEvent: {}
[0.005357] (-) JobUnselected: {'identifier': 'control_msgs'}
[0.005433] (-) JobUnselected: {'identifier': 'gripper_minimal_service'}
[0.005481] (-) JobUnselected: {'identifier': 'gripper_minimal_subscriber'}
[0.005521] (-) JobUnselected: {'identifier': 'hans_modular_gazebo'}
[0.005559] (-) JobUnselected: {'identifier': 'hans_t30_description'}
[0.005596] (-) JobUnselected: {'identifier': 'hans_t49_description'}
[0.005634] (-) JobUnselected: {'identifier': 'hans_t9_4_description'}
[0.005669] (-) JobUnselected: {'identifier': 'hrim_actuator_gripper_msgs'}
[0.005704] (-) JobUnselected: {'identifier': 'hrim_actuator_gripper_srvs'}
[0.005746] (-) JobUnselected: {'identifier': 'hrim_actuator_rotaryservo_actions'}
[0.005800] (-) JobUnselected: {'identifier': 'hrim_actuator_rotaryservo_msgs'}
[0.005852] (-) JobUnselected: {'identifier': 'hrim_actuator_rotaryservo_srvs'}
[0.005901] (-) JobUnselected: {'identifier': 'hrim_generic_msgs'}
[0.005954] (-) JobUnselected: {'identifier': 'hrim_generic_srvs'}
[0.006003] (-) JobUnselected: {'identifier': 'hros_cognition_mara_components'}
[0.006052] (-) JobUnselected: {'identifier': 'individual_trajectories_bridge'}
[0.006118] (-) JobUnselected: {'identifier': 'mara_bringup'}
[0.006170] (-) JobUnselected: {'identifier': 'mara_contact_publisher'}
[0.006219] (-) JobUnselected: {'identifier': 'mara_description'}
[0.006275] (-) JobUnselected: {'identifier': 'mara_gazebo'}
[0.006371] (-) JobUnselected: {'identifier': 'mara_gazebo_plugins'}
[0.006426] (-) JobUnselected: {'identifier': 'mara_minimal_publisher'}
[0.006477] (-) JobUnselected: {'identifier': 'mara_minimal_subscriber'}
[0.006518] (-) JobUnselected: {'identifier': 'mara_minimal_trajectory_action'}
[0.006555] (-) JobUnselected: {'identifier': 'mara_utils_scripts'}
[0.006591] (-) JobUnselected: {'identifier': 'robotiq_140_gripper_description'}
[0.006640] (-) JobUnselected: {'identifier': 'robotiq_85_gripper_description'}
[0.006691] (-) JobUnselected: {'identifier': 'robotiq_gazebo'}
[0.006740] (-) JobUnselected: {'identifier': 'robotiq_gripper_gazebo_plugins'}
[0.006781] (-) JobUnselected: {'identifier': 'robotiq_hande_gripper_description'}
[0.006834] (ldmk_package) JobQueued: {'identifier': 'ldmk_package', 'dependencies': OrderedDict()}
[0.006890] (ldmk_package) JobStarted: {'identifier': 'ldmk_package'}
[0.100633] (-) TimerEvent: {}
[0.201200] (-) TimerEvent: {}
[0.302073] (-) TimerEvent: {}
[0.402480] (-) TimerEvent: {}
[0.502905] (-) TimerEvent: {}
[0.603343] (-) TimerEvent: {}
[0.703770] (-) TimerEvent: {}
[0.804186] (-) TimerEvent: {}
[0.904617] (-) TimerEvent: {}
[1.005524] (-) TimerEvent: {}
[1.109376] (-) TimerEvent: {}
[1.209767] (-) TimerEvent: {}
[1.310161] (-) TimerEvent: {}
[1.410540] (-) TimerEvent: {}
[1.504867] (ldmk_package) StderrLine: {'line': b'Traceback (most recent call last):\n  File "/usr/lib/python3/dist-packages/colcon_core/executor/__init__.py", line 91, in __call__\n    rc = await self.task(*args, **kwargs)\n  File "/usr/lib/python3/dist-packages/colcon_core/task/__init__.py", line 93, in __call__\n    return await task_method(*args, **kwargs)\n  File "/usr/lib/python3/dist-packages/colcon_ros/task/ament_python/build.py", line 51, in build\n    setup_py_data = get_setup_data(self.context.pkg, env)\n  File "/usr/lib/python3/dist-packages/colcon_core/task/python/__init__.py", line 20, in get_setup_data\n    return dict(pkg.metadata[key](env))\n  File "/usr/lib/python3/dist-packages/colcon_ros/package_identification/ros.py", line 129, in getter\n    return get_setup_information(\n  File "/usr/lib/python3/dist-packages/colcon_python_setup_py/package_identification/python_setup_py.py", line 241, in get_setup_information\n    _setup_information_cache[hashable_env] = _get_setup_information(\n  File "/usr/lib/python3/dist-packages/colcon_python_setup_py/package_identification/python_setup_py.py", line 281, in _get_setup_information\n    result = subprocess.run(\n  File "/usr/lib/python3.8/subprocess.py", line 516, in run\n    raise CalledProcessError(retcode, process.args,\nsubprocess.CalledProcessError: Command \'[\'/usr/bin/python3\', \'-c\', "import sys;from setuptools.extern.packaging.specifiers import SpecifierSet;from distutils.core import run_setup;dist = run_setup(    \'setup.py\', script_args=(\'--dry-run\',), stop_after=\'config\');skip_keys = (\'cmdclass\', \'distclass\', \'ext_modules\', \'metadata\');data = {    key: value for key, value in dist.__dict__.items()     if (        not key.startswith(\'_\') and         not callable(value) and         key not in skip_keys and         key not in dist.display_option_names    )};data[\'metadata\'] = {    k: v for k, v in dist.metadata.__dict__.items()     if k not in (\'license_files\', \'provides_extras\')};sys.stdout.buffer.write(repr(data).encode(\'utf-8\'))"]\' returned non-zero exit status 1.\n'}
[1.505846] (ldmk_package) JobEnded: {'identifier': 'ldmk_package', 'rc': 1}
[1.510644] (-) TimerEvent: {}
[1.515754] (-) EventReactorShutdown: {}
