[  2%] Built target hrim_generic_msgs__cpp
[ 12%] Built target hrim_generic_msgs__rosidl_generator_c
[ 14%] [34m[1mGenerating C++ introspection for ROS interfaces[0m
[35m[1mScanning dependencies of target hrim_generic_msgs__rosidl_typesupport_introspection_cpp[0m
[ 17%] [32mBuilding CXX object CMakeFiles/hrim_generic_msgs__rosidl_typesupport_introspection_cpp.dir/rosidl_typesupport_introspection_cpp/hrim_generic_msgs/msg/detail/power__type_support.cpp.o[0m
[ 19%] [32mBuilding CXX object CMakeFiles/hrim_generic_msgs__rosidl_typesupport_introspection_cpp.dir/rosidl_typesupport_introspection_cpp/hrim_generic_msgs/msg/detail/status__type_support.cpp.o[0m
[ 21%] [32mBuilding CXX object CMakeFiles/hrim_generic_msgs__rosidl_typesupport_introspection_cpp.dir/rosidl_typesupport_introspection_cpp/hrim_generic_msgs/msg/detail/state_communication__type_support.cpp.o[0m
[ 23%] [32m[1mLinking CXX shared library libhrim_generic_msgs__rosidl_typesupport_introspection_cpp.so[0m
[ 23%] Built target hrim_generic_msgs__rosidl_typesupport_introspection_cpp
[ 25%] [34m[1mGenerating C type support dispatch for ROS interfaces[0m
[35m[1mScanning dependencies of target hrim_generic_msgs__rosidl_typesupport_c[0m
[ 27%] [32mBuilding CXX object CMakeFiles/hrim_generic_msgs__rosidl_typesupport_c.dir/rosidl_typesupport_c/hrim_generic_msgs/msg/power__type_support.cpp.o[0m
[ 29%] [32mBuilding CXX object CMakeFiles/hrim_generic_msgs__rosidl_typesupport_c.dir/rosidl_typesupport_c/hrim_generic_msgs/msg/status__type_support.cpp.o[0m
[ 31%] [32mBuilding CXX object CMakeFiles/hrim_generic_msgs__rosidl_typesupport_c.dir/rosidl_typesupport_c/hrim_generic_msgs/msg/state_communication__type_support.cpp.o[0m
[ 34%] [32m[1mLinking CXX shared library libhrim_generic_msgs__rosidl_typesupport_c.so[0m
[ 34%] Built target hrim_generic_msgs__rosidl_typesupport_c
[ 36%] [34m[1mGenerating C introspection for ROS interfaces[0m
[35m[1mScanning dependencies of target hrim_generic_msgs__rosidl_typesupport_introspection_c[0m
[ 38%] [32mBuilding C object CMakeFiles/hrim_generic_msgs__rosidl_typesupport_introspection_c.dir/rosidl_typesupport_introspection_c/hrim_generic_msgs/msg/detail/power__type_support.c.o[0m
[ 40%] [32mBuilding C object CMakeFiles/hrim_generic_msgs__rosidl_typesupport_introspection_c.dir/rosidl_typesupport_introspection_c/hrim_generic_msgs/msg/detail/status__type_support.c.o[0m
[ 42%] [32mBuilding C object CMakeFiles/hrim_generic_msgs__rosidl_typesupport_introspection_c.dir/rosidl_typesupport_introspection_c/hrim_generic_msgs/msg/detail/state_communication__type_support.c.o[0m
[ 44%] [32m[1mLinking C shared library libhrim_generic_msgs__rosidl_typesupport_introspection_c.so[0m
[ 44%] Built target hrim_generic_msgs__rosidl_typesupport_introspection_c
[ 46%] [34m[1mGenerating C++ type support for eProsima Fast-RTPS[0m
[35m[1mScanning dependencies of target hrim_generic_msgs__rosidl_typesupport_fastrtps_cpp[0m
[ 48%] [32mBuilding CXX object CMakeFiles/hrim_generic_msgs__rosidl_typesupport_fastrtps_cpp.dir/rosidl_typesupport_fastrtps_cpp/hrim_generic_msgs/msg/detail/dds_fastrtps/power__type_support.cpp.o[0m
[ 51%] [32mBuilding CXX object CMakeFiles/hrim_generic_msgs__rosidl_typesupport_fastrtps_cpp.dir/rosidl_typesupport_fastrtps_cpp/hrim_generic_msgs/msg/detail/dds_fastrtps/status__type_support.cpp.o[0m
[ 53%] [32mBuilding CXX object CMakeFiles/hrim_generic_msgs__rosidl_typesupport_fastrtps_cpp.dir/rosidl_typesupport_fastrtps_cpp/hrim_generic_msgs/msg/detail/dds_fastrtps/state_communication__type_support.cpp.o[0m
[ 55%] [32m[1mLinking CXX shared library libhrim_generic_msgs__rosidl_typesupport_fastrtps_cpp.so[0m
[ 55%] Built target hrim_generic_msgs__rosidl_typesupport_fastrtps_cpp
[ 57%] [34m[1mGenerating C++ type support dispatch for ROS interfaces[0m
[35m[1mScanning dependencies of target hrim_generic_msgs__rosidl_typesupport_cpp[0m
[ 59%] [32mBuilding CXX object CMakeFiles/hrim_generic_msgs__rosidl_typesupport_cpp.dir/rosidl_typesupport_cpp/hrim_generic_msgs/msg/power__type_support.cpp.o[0m
[ 61%] [32mBuilding CXX object CMakeFiles/hrim_generic_msgs__rosidl_typesupport_cpp.dir/rosidl_typesupport_cpp/hrim_generic_msgs/msg/status__type_support.cpp.o[0m
[ 63%] [32mBuilding CXX object CMakeFiles/hrim_generic_msgs__rosidl_typesupport_cpp.dir/rosidl_typesupport_cpp/hrim_generic_msgs/msg/state_communication__type_support.cpp.o[0m
[ 65%] [32m[1mLinking CXX shared library libhrim_generic_msgs__rosidl_typesupport_cpp.so[0m
[ 65%] Built target hrim_generic_msgs__rosidl_typesupport_cpp
[ 68%] [34m[1mGenerating C type support for eProsima Fast-RTPS[0m
[35m[1mScanning dependencies of target hrim_generic_msgs__rosidl_typesupport_fastrtps_c[0m
[ 70%] [32mBuilding CXX object CMakeFiles/hrim_generic_msgs__rosidl_typesupport_fastrtps_c.dir/rosidl_typesupport_fastrtps_c/hrim_generic_msgs/msg/detail/power__type_support_c.cpp.o[0m
[ 72%] [32mBuilding CXX object CMakeFiles/hrim_generic_msgs__rosidl_typesupport_fastrtps_c.dir/rosidl_typesupport_fastrtps_c/hrim_generic_msgs/msg/detail/status__type_support_c.cpp.o[0m
[ 74%] [32mBuilding CXX object CMakeFiles/hrim_generic_msgs__rosidl_typesupport_fastrtps_c.dir/rosidl_typesupport_fastrtps_c/hrim_generic_msgs/msg/detail/state_communication__type_support_c.cpp.o[0m
[ 76%] [32m[1mLinking CXX shared library libhrim_generic_msgs__rosidl_typesupport_fastrtps_c.so[0m
[ 76%] Built target hrim_generic_msgs__rosidl_typesupport_fastrtps_c
[ 76%] Built target hrim_generic_msgs
[ 78%] [34m[1mGenerating Python code for ROS interfaces[0m
[ 78%] Built target hrim_generic_msgs__py
[35m[1mScanning dependencies of target hrim_generic_msgs__python[0m
[ 80%] [32mBuilding C object CMakeFiles/hrim_generic_msgs__python.dir/rosidl_generator_py/hrim_generic_msgs/msg/_power_s.c.o[0m
[ 82%] [32mBuilding C object CMakeFiles/hrim_generic_msgs__python.dir/rosidl_generator_py/hrim_generic_msgs/msg/_status_s.c.o[0m
[ 85%] [32mBuilding C object CMakeFiles/hrim_generic_msgs__python.dir/rosidl_generator_py/hrim_generic_msgs/msg/_state_communication_s.c.o[0m
[ 87%] [32m[1mLinking C shared library rosidl_generator_py/hrim_generic_msgs/libhrim_generic_msgs__python.so[0m
[ 87%] Built target hrim_generic_msgs__python
[35m[1mScanning dependencies of target hrim_generic_msgs__rosidl_typesupport_c__pyext[0m
[ 89%] [32mBuilding C object CMakeFiles/hrim_generic_msgs__rosidl_typesupport_c__pyext.dir/rosidl_generator_py/hrim_generic_msgs/_hrim_generic_msgs_s.ep.rosidl_typesupport_c.c.o[0m
[ 91%] [32m[1mLinking C shared library rosidl_generator_py/hrim_generic_msgs/hrim_generic_msgs_s__rosidl_typesupport_c.cpython-38-x86_64-linux-gnu.so[0m
[ 91%] Built target hrim_generic_msgs__rosidl_typesupport_c__pyext
[35m[1mScanning dependencies of target hrim_generic_msgs__rosidl_typesupport_fastrtps_c__pyext[0m
[ 93%] [32mBuilding C object CMakeFiles/hrim_generic_msgs__rosidl_typesupport_fastrtps_c__pyext.dir/rosidl_generator_py/hrim_generic_msgs/_hrim_generic_msgs_s.ep.rosidl_typesupport_fastrtps_c.c.o[0m
[ 95%] [32m[1mLinking CXX shared library rosidl_generator_py/hrim_generic_msgs/hrim_generic_msgs_s__rosidl_typesupport_fastrtps_c.cpython-38-x86_64-linux-gnu.so[0m
[ 95%] Built target hrim_generic_msgs__rosidl_typesupport_fastrtps_c__pyext
[35m[1mScanning dependencies of target hrim_generic_msgs__rosidl_typesupport_introspection_c__pyext[0m
[ 97%] [32mBuilding C object CMakeFiles/hrim_generic_msgs__rosidl_typesupport_introspection_c__pyext.dir/rosidl_generator_py/hrim_generic_msgs/_hrim_generic_msgs_s.ep.rosidl_typesupport_introspection_c.c.o[0m
[100%] [32m[1mLinking C shared library rosidl_generator_py/hrim_generic_msgs/hrim_generic_msgs_s__rosidl_typesupport_introspection_c.cpython-38-x86_64-linux-gnu.so[0m
[100%] Built target hrim_generic_msgs__rosidl_typesupport_introspection_c__pyext
-- Install configuration: ""
-- Up-to-date: /home/user/ros2_ws/install/hrim_generic_msgs/share/ament_index/resource_index/rosidl_interfaces/hrim_generic_msgs
-- Up-to-date: /home/user/ros2_ws/install/hrim_generic_msgs/include/hrim_generic_msgs
-- Up-to-date: /home/user/ros2_ws/install/hrim_generic_msgs/include/hrim_generic_msgs/msg
-- Up-to-date: /home/user/ros2_ws/install/hrim_generic_msgs/include/hrim_generic_msgs/msg/detail
-- Installing: /home/user/ros2_ws/install/hrim_generic_msgs/include/hrim_generic_msgs/msg/detail/status__struct.h
-- Installing: /home/user/ros2_ws/install/hrim_generic_msgs/include/hrim_generic_msgs/msg/detail/status__functions.c
-- Installing: /home/user/ros2_ws/install/hrim_generic_msgs/include/hrim_generic_msgs/msg/detail/status__type_support.h
-- Installing: /home/user/ros2_ws/install/hrim_generic_msgs/include/hrim_generic_msgs/msg/detail/power__struct.h
-- Installing: /home/user/ros2_ws/install/hrim_generic_msgs/include/hrim_generic_msgs/msg/detail/power__functions.c
-- Installing: /home/user/ros2_ws/install/hrim_generic_msgs/include/hrim_generic_msgs/msg/detail/state_communication__type_support.h
-- Installing: /home/user/ros2_ws/install/hrim_generic_msgs/include/hrim_generic_msgs/msg/detail/status__functions.h
-- Installing: /home/user/ros2_ws/install/hrim_generic_msgs/include/hrim_generic_msgs/msg/detail/state_communication__functions.c
-- Installing: /home/user/ros2_ws/install/hrim_generic_msgs/include/hrim_generic_msgs/msg/detail/power__type_support.h
-- Installing: /home/user/ros2_ws/install/hrim_generic_msgs/include/hrim_generic_msgs/msg/detail/state_communication__functions.h
-- Installing: /home/user/ros2_ws/install/hrim_generic_msgs/include/hrim_generic_msgs/msg/detail/state_communication__struct.h
-- Installing: /home/user/ros2_ws/install/hrim_generic_msgs/include/hrim_generic_msgs/msg/detail/power__functions.h
-- Up-to-date: /home/user/ros2_ws/install/hrim_generic_msgs/include/hrim_generic_msgs/msg/rosidl_generator_c__visibility_control.h
-- Installing: /home/user/ros2_ws/install/hrim_generic_msgs/include/hrim_generic_msgs/msg/state_communication.h
-- Installing: /home/user/ros2_ws/install/hrim_generic_msgs/include/hrim_generic_msgs/msg/power.h
-- Installing: /home/user/ros2_ws/install/hrim_generic_msgs/include/hrim_generic_msgs/msg/status.h
-- Installing: /home/user/ros2_ws/install/hrim_generic_msgs/share/hrim_generic_msgs/environment/library_path.sh
-- Installing: /home/user/ros2_ws/install/hrim_generic_msgs/share/hrim_generic_msgs/environment/library_path.dsv
-- Installing: /home/user/ros2_ws/install/hrim_generic_msgs/lib/libhrim_generic_msgs__rosidl_generator_c.so
-- Set runtime path of "/home/user/ros2_ws/install/hrim_generic_msgs/lib/libhrim_generic_msgs__rosidl_generator_c.so" to ""
-- Up-to-date: /home/user/ros2_ws/install/hrim_generic_msgs/include/hrim_generic_msgs
-- Up-to-date: /home/user/ros2_ws/install/hrim_generic_msgs/include/hrim_generic_msgs/msg
-- Up-to-date: /home/user/ros2_ws/install/hrim_generic_msgs/include/hrim_generic_msgs/msg/detail
-- Installing: /home/user/ros2_ws/install/hrim_generic_msgs/include/hrim_generic_msgs/msg/detail/status__rosidl_typesupport_fastrtps_c.h
-- Installing: /home/user/ros2_ws/install/hrim_generic_msgs/include/hrim_generic_msgs/msg/detail/power__rosidl_typesupport_fastrtps_c.h
-- Installing: /home/user/ros2_ws/install/hrim_generic_msgs/include/hrim_generic_msgs/msg/detail/state_communication__rosidl_typesupport_fastrtps_c.h
-- Up-to-date: /home/user/ros2_ws/install/hrim_generic_msgs/include/hrim_generic_msgs/msg/rosidl_typesupport_fastrtps_c__visibility_control.h
-- Installing: /home/user/ros2_ws/install/hrim_generic_msgs/lib/libhrim_generic_msgs__rosidl_typesupport_fastrtps_c.so
-- Set runtime path of "/home/user/ros2_ws/install/hrim_generic_msgs/lib/libhrim_generic_msgs__rosidl_typesupport_fastrtps_c.so" to ""
-- Up-to-date: /home/user/ros2_ws/install/hrim_generic_msgs/include/hrim_generic_msgs
-- Up-to-date: /home/user/ros2_ws/install/hrim_generic_msgs/include/hrim_generic_msgs/msg
-- Up-to-date: /home/user/ros2_ws/install/hrim_generic_msgs/include/hrim_generic_msgs/msg/detail
-- Installing: /home/user/ros2_ws/install/hrim_generic_msgs/include/hrim_generic_msgs/msg/detail/power__rosidl_typesupport_fastrtps_cpp.hpp
-- Up-to-date: /home/user/ros2_ws/install/hrim_generic_msgs/include/hrim_generic_msgs/msg/detail/dds_fastrtps
-- Installing: /home/user/ros2_ws/install/hrim_generic_msgs/include/hrim_generic_msgs/msg/detail/state_communication__rosidl_typesupport_fastrtps_cpp.hpp
-- Installing: /home/user/ros2_ws/install/hrim_generic_msgs/include/hrim_generic_msgs/msg/detail/status__rosidl_typesupport_fastrtps_cpp.hpp
-- Up-to-date: /home/user/ros2_ws/install/hrim_generic_msgs/include/hrim_generic_msgs/msg/rosidl_typesupport_fastrtps_cpp__visibility_control.h
-- Installing: /home/user/ros2_ws/install/hrim_generic_msgs/lib/libhrim_generic_msgs__rosidl_typesupport_fastrtps_cpp.so
-- Set runtime path of "/home/user/ros2_ws/install/hrim_generic_msgs/lib/libhrim_generic_msgs__rosidl_typesupport_fastrtps_cpp.so" to ""
-- Up-to-date: /home/user/ros2_ws/install/hrim_generic_msgs/include/hrim_generic_msgs
-- Up-to-date: /home/user/ros2_ws/install/hrim_generic_msgs/include/hrim_generic_msgs/msg
-- Up-to-date: /home/user/ros2_ws/install/hrim_generic_msgs/include/hrim_generic_msgs/msg/detail
-- Installing: /home/user/ros2_ws/install/hrim_generic_msgs/include/hrim_generic_msgs/msg/detail/status__type_support.c
-- Installing: /home/user/ros2_ws/install/hrim_generic_msgs/include/hrim_generic_msgs/msg/detail/power__type_support.c
-- Installing: /home/user/ros2_ws/install/hrim_generic_msgs/include/hrim_generic_msgs/msg/detail/power__rosidl_typesupport_introspection_c.h
-- Installing: /home/user/ros2_ws/install/hrim_generic_msgs/include/hrim_generic_msgs/msg/detail/status__rosidl_typesupport_introspection_c.h
-- Installing: /home/user/ros2_ws/install/hrim_generic_msgs/include/hrim_generic_msgs/msg/detail/state_communication__type_support.c
-- Installing: /home/user/ros2_ws/install/hrim_generic_msgs/include/hrim_generic_msgs/msg/detail/state_communication__rosidl_typesupport_introspection_c.h
-- Up-to-date: /home/user/ros2_ws/install/hrim_generic_msgs/include/hrim_generic_msgs/msg/rosidl_typesupport_introspection_c__visibility_control.h
-- Installing: /home/user/ros2_ws/install/hrim_generic_msgs/lib/libhrim_generic_msgs__rosidl_typesupport_introspection_c.so
-- Set runtime path of "/home/user/ros2_ws/install/hrim_generic_msgs/lib/libhrim_generic_msgs__rosidl_typesupport_introspection_c.so" to ""
-- Installing: /home/user/ros2_ws/install/hrim_generic_msgs/lib/libhrim_generic_msgs__rosidl_typesupport_c.so
-- Set runtime path of "/home/user/ros2_ws/install/hrim_generic_msgs/lib/libhrim_generic_msgs__rosidl_typesupport_c.so" to ""
-- Up-to-date: /home/user/ros2_ws/install/hrim_generic_msgs/include/hrim_generic_msgs
-- Up-to-date: /home/user/ros2_ws/install/hrim_generic_msgs/include/hrim_generic_msgs/msg
-- Up-to-date: /home/user/ros2_ws/install/hrim_generic_msgs/include/hrim_generic_msgs/msg/detail
-- Installing: /home/user/ros2_ws/install/hrim_generic_msgs/include/hrim_generic_msgs/msg/detail/power__struct.hpp
-- Installing: /home/user/ros2_ws/install/hrim_generic_msgs/include/hrim_generic_msgs/msg/detail/state_communication__traits.hpp
-- Installing: /home/user/ros2_ws/install/hrim_generic_msgs/include/hrim_generic_msgs/msg/detail/power__traits.hpp
-- Installing: /home/user/ros2_ws/install/hrim_generic_msgs/include/hrim_generic_msgs/msg/detail/state_communication__struct.hpp
-- Installing: /home/user/ros2_ws/install/hrim_generic_msgs/include/hrim_generic_msgs/msg/detail/state_communication__builder.hpp
-- Installing: /home/user/ros2_ws/install/hrim_generic_msgs/include/hrim_generic_msgs/msg/detail/status__builder.hpp
-- Installing: /home/user/ros2_ws/install/hrim_generic_msgs/include/hrim_generic_msgs/msg/detail/status__struct.hpp
-- Installing: /home/user/ros2_ws/install/hrim_generic_msgs/include/hrim_generic_msgs/msg/detail/status__traits.hpp
-- Installing: /home/user/ros2_ws/install/hrim_generic_msgs/include/hrim_generic_msgs/msg/detail/power__builder.hpp
-- Installing: /home/user/ros2_ws/install/hrim_generic_msgs/include/hrim_generic_msgs/msg/power.hpp
-- Installing: /home/user/ros2_ws/install/hrim_generic_msgs/include/hrim_generic_msgs/msg/status.hpp
-- Installing: /home/user/ros2_ws/install/hrim_generic_msgs/include/hrim_generic_msgs/msg/state_communication.hpp
-- Up-to-date: /home/user/ros2_ws/install/hrim_generic_msgs/include/hrim_generic_msgs
-- Up-to-date: /home/user/ros2_ws/install/hrim_generic_msgs/include/hrim_generic_msgs/msg
-- Up-to-date: /home/user/ros2_ws/install/hrim_generic_msgs/include/hrim_generic_msgs/msg/detail
-- Installing: /home/user/ros2_ws/install/hrim_generic_msgs/include/hrim_generic_msgs/msg/detail/state_communication__rosidl_typesupport_introspection_cpp.hpp
-- Installing: /home/user/ros2_ws/install/hrim_generic_msgs/include/hrim_generic_msgs/msg/detail/power__type_support.cpp
-- Installing: /home/user/ros2_ws/install/hrim_generic_msgs/include/hrim_generic_msgs/msg/detail/state_communication__type_support.cpp
-- Installing: /home/user/ros2_ws/install/hrim_generic_msgs/include/hrim_generic_msgs/msg/detail/status__type_support.cpp
-- Installing: /home/user/ros2_ws/install/hrim_generic_msgs/include/hrim_generic_msgs/msg/detail/status__rosidl_typesupport_introspection_cpp.hpp
-- Installing: /home/user/ros2_ws/install/hrim_generic_msgs/include/hrim_generic_msgs/msg/detail/power__rosidl_typesupport_introspection_cpp.hpp
-- Installing: /home/user/ros2_ws/install/hrim_generic_msgs/lib/libhrim_generic_msgs__rosidl_typesupport_introspection_cpp.so
-- Set runtime path of "/home/user/ros2_ws/install/hrim_generic_msgs/lib/libhrim_generic_msgs__rosidl_typesupport_introspection_cpp.so" to ""
-- Installing: /home/user/ros2_ws/install/hrim_generic_msgs/lib/libhrim_generic_msgs__rosidl_typesupport_cpp.so
-- Set runtime path of "/home/user/ros2_ws/install/hrim_generic_msgs/lib/libhrim_generic_msgs__rosidl_typesupport_cpp.so" to ""
-- Up-to-date: /home/user/ros2_ws/install/hrim_generic_msgs/share/hrim_generic_msgs/environment/pythonpath.sh
-- Installing: /home/user/ros2_ws/install/hrim_generic_msgs/share/hrim_generic_msgs/environment/pythonpath.dsv
-- Installing: /home/user/ros2_ws/install/hrim_generic_msgs/lib/python3.8/site-packages/hrim_generic_msgs/__init__.py
Compiling '/home/user/ros2_ws/install/hrim_generic_msgs/lib/python3.8/site-packages/hrim_generic_msgs/__init__.py'...
-- Up-to-date: /home/user/ros2_ws/install/hrim_generic_msgs/lib/python3.8/site-packages/hrim_generic_msgs/msg
-- Installing: /home/user/ros2_ws/install/hrim_generic_msgs/lib/python3.8/site-packages/hrim_generic_msgs/msg/_state_communication_s.c
-- Installing: /home/user/ros2_ws/install/hrim_generic_msgs/lib/python3.8/site-packages/hrim_generic_msgs/msg/_power_s.c
-- Installing: /home/user/ros2_ws/install/hrim_generic_msgs/lib/python3.8/site-packages/hrim_generic_msgs/msg/_status_s.c
-- Installing: /home/user/ros2_ws/install/hrim_generic_msgs/lib/python3.8/site-packages/hrim_generic_msgs/msg/_status.py
-- Installing: /home/user/ros2_ws/install/hrim_generic_msgs/lib/python3.8/site-packages/hrim_generic_msgs/msg/__init__.py
-- Installing: /home/user/ros2_ws/install/hrim_generic_msgs/lib/python3.8/site-packages/hrim_generic_msgs/msg/_state_communication.py
-- Installing: /home/user/ros2_ws/install/hrim_generic_msgs/lib/python3.8/site-packages/hrim_generic_msgs/msg/_power.py
-- Installing: /home/user/ros2_ws/install/hrim_generic_msgs/lib/python3.8/site-packages/hrim_generic_msgs/hrim_generic_msgs_s__rosidl_typesupport_fastrtps_c.cpython-38-x86_64-linux-gnu.so
-- Set runtime path of "/home/user/ros2_ws/install/hrim_generic_msgs/lib/python3.8/site-packages/hrim_generic_msgs/hrim_generic_msgs_s__rosidl_typesupport_fastrtps_c.cpython-38-x86_64-linux-gnu.so" to ""
-- Installing: /home/user/ros2_ws/install/hrim_generic_msgs/lib/python3.8/site-packages/hrim_generic_msgs/hrim_generic_msgs_s__rosidl_typesupport_introspection_c.cpython-38-x86_64-linux-gnu.so
-- Set runtime path of "/home/user/ros2_ws/install/hrim_generic_msgs/lib/python3.8/site-packages/hrim_generic_msgs/hrim_generic_msgs_s__rosidl_typesupport_introspection_c.cpython-38-x86_64-linux-gnu.so" to ""
-- Installing: /home/user/ros2_ws/install/hrim_generic_msgs/lib/python3.8/site-packages/hrim_generic_msgs/hrim_generic_msgs_s__rosidl_typesupport_c.cpython-38-x86_64-linux-gnu.so
-- Set runtime path of "/home/user/ros2_ws/install/hrim_generic_msgs/lib/python3.8/site-packages/hrim_generic_msgs/hrim_generic_msgs_s__rosidl_typesupport_c.cpython-38-x86_64-linux-gnu.so" to ""
-- Installing: /home/user/ros2_ws/install/hrim_generic_msgs/lib/libhrim_generic_msgs__python.so
-- Set runtime path of "/home/user/ros2_ws/install/hrim_generic_msgs/lib/libhrim_generic_msgs__python.so" to ""
-- Up-to-date: /home/user/ros2_ws/install/hrim_generic_msgs/share/hrim_generic_msgs/msg/Power.idl
-- Up-to-date: /home/user/ros2_ws/install/hrim_generic_msgs/share/hrim_generic_msgs/msg/StateCommunication.idl
-- Up-to-date: /home/user/ros2_ws/install/hrim_generic_msgs/share/hrim_generic_msgs/msg/Status.idl
-- Up-to-date: /home/user/ros2_ws/install/hrim_generic_msgs/share/hrim_generic_msgs/msg/Power.msg
-- Up-to-date: /home/user/ros2_ws/install/hrim_generic_msgs/share/hrim_generic_msgs/msg/StateCommunication.msg
-- Up-to-date: /home/user/ros2_ws/install/hrim_generic_msgs/share/hrim_generic_msgs/msg/Status.msg
-- Up-to-date: /home/user/ros2_ws/install/hrim_generic_msgs/share/ament_index/resource_index/package_run_dependencies/hrim_generic_msgs
-- Installing: /home/user/ros2_ws/install/hrim_generic_msgs/share/ament_index/resource_index/parent_prefix_path/hrim_generic_msgs
-- Installing: /home/user/ros2_ws/install/hrim_generic_msgs/share/hrim_generic_msgs/environment/ament_prefix_path.sh
-- Installing: /home/user/ros2_ws/install/hrim_generic_msgs/share/hrim_generic_msgs/environment/ament_prefix_path.dsv
-- Installing: /home/user/ros2_ws/install/hrim_generic_msgs/share/hrim_generic_msgs/environment/path.sh
-- Installing: /home/user/ros2_ws/install/hrim_generic_msgs/share/hrim_generic_msgs/environment/path.dsv
-- Installing: /home/user/ros2_ws/install/hrim_generic_msgs/share/hrim_generic_msgs/local_setup.bash
-- Installing: /home/user/ros2_ws/install/hrim_generic_msgs/share/hrim_generic_msgs/local_setup.sh
-- Installing: /home/user/ros2_ws/install/hrim_generic_msgs/share/hrim_generic_msgs/local_setup.zsh
-- Installing: /home/user/ros2_ws/install/hrim_generic_msgs/share/hrim_generic_msgs/local_setup.dsv
-- Installing: /home/user/ros2_ws/install/hrim_generic_msgs/share/hrim_generic_msgs/package.dsv
-- Up-to-date: /home/user/ros2_ws/install/hrim_generic_msgs/share/ament_index/resource_index/packages/hrim_generic_msgs
-- Up-to-date: /home/user/ros2_ws/install/hrim_generic_msgs/share/hrim_generic_msgs/cmake/hrim_generic_msgs__rosidl_generator_cExport.cmake
-- Installing: /home/user/ros2_ws/install/hrim_generic_msgs/share/hrim_generic_msgs/cmake/hrim_generic_msgs__rosidl_generator_cExport-noconfig.cmake
-- Up-to-date: /home/user/ros2_ws/install/hrim_generic_msgs/share/hrim_generic_msgs/cmake/hrim_generic_msgs__rosidl_typesupport_introspection_cExport.cmake
-- Installing: /home/user/ros2_ws/install/hrim_generic_msgs/share/hrim_generic_msgs/cmake/hrim_generic_msgs__rosidl_typesupport_introspection_cExport-noconfig.cmake
-- Up-to-date: /home/user/ros2_ws/install/hrim_generic_msgs/share/hrim_generic_msgs/cmake/hrim_generic_msgs__rosidl_typesupport_cExport.cmake
-- Installing: /home/user/ros2_ws/install/hrim_generic_msgs/share/hrim_generic_msgs/cmake/hrim_generic_msgs__rosidl_typesupport_cExport-noconfig.cmake
-- Up-to-date: /home/user/ros2_ws/install/hrim_generic_msgs/share/hrim_generic_msgs/cmake/hrim_generic_msgs__rosidl_generator_cppExport.cmake
-- Up-to-date: /home/user/ros2_ws/install/hrim_generic_msgs/share/hrim_generic_msgs/cmake/hrim_generic_msgs__rosidl_typesupport_introspection_cppExport.cmake
-- Installing: /home/user/ros2_ws/install/hrim_generic_msgs/share/hrim_generic_msgs/cmake/hrim_generic_msgs__rosidl_typesupport_introspection_cppExport-noconfig.cmake
-- Up-to-date: /home/user/ros2_ws/install/hrim_generic_msgs/share/hrim_generic_msgs/cmake/hrim_generic_msgs__rosidl_typesupport_cppExport.cmake
-- Installing: /home/user/ros2_ws/install/hrim_generic_msgs/share/hrim_generic_msgs/cmake/hrim_generic_msgs__rosidl_typesupport_cppExport-noconfig.cmake
-- Up-to-date: /home/user/ros2_ws/install/hrim_generic_msgs/share/hrim_generic_msgs/cmake/rosidl_cmake-extras.cmake
-- Installing: /home/user/ros2_ws/install/hrim_generic_msgs/share/hrim_generic_msgs/cmake/ament_cmake_export_dependencies-extras.cmake
-- Up-to-date: /home/user/ros2_ws/install/hrim_generic_msgs/share/hrim_generic_msgs/cmake/ament_cmake_export_libraries-extras.cmake
-- Up-to-date: /home/user/ros2_ws/install/hrim_generic_msgs/share/hrim_generic_msgs/cmake/ament_cmake_export_targets-extras.cmake
-- Up-to-date: /home/user/ros2_ws/install/hrim_generic_msgs/share/hrim_generic_msgs/cmake/ament_cmake_export_include_directories-extras.cmake
-- Up-to-date: /home/user/ros2_ws/install/hrim_generic_msgs/share/hrim_generic_msgs/cmake/rosidl_cmake_export_typesupport_libraries-extras.cmake
-- Up-to-date: /home/user/ros2_ws/install/hrim_generic_msgs/share/hrim_generic_msgs/cmake/rosidl_cmake_export_typesupport_targets-extras.cmake
-- Up-to-date: /home/user/ros2_ws/install/hrim_generic_msgs/share/hrim_generic_msgs/cmake/hrim_generic_msgsConfig.cmake
-- Up-to-date: /home/user/ros2_ws/install/hrim_generic_msgs/share/hrim_generic_msgs/cmake/hrim_generic_msgsConfig-version.cmake
-- Up-to-date: /home/user/ros2_ws/install/hrim_generic_msgs/share/hrim_generic_msgs/package.xml
