[0.204s] Invoking command in '/home/user/ros2_ws/build/hrim_generic_msgs': CMAKE_PREFIX_PATH=${CMAKE_PREFIX_PATH}:/opt/ros/foxy _=/usr/bin/env /usr/bin/cmake --build /home/user/ros2_ws/build/hrim_generic_msgs -- -j8 -l8
[0.744s] [  2%] Built target hrim_generic_msgs__cpp
[1.092s] [ 12%] Built target hrim_generic_msgs__rosidl_generator_c
[1.193s] [ 14%] [34m[1mGenerating C++ introspection for ROS interfaces[0m
[7.403s] [35m[1mScanning dependencies of target hrim_generic_msgs__rosidl_typesupport_introspection_cpp[0m
[7.548s] [ 17%] [32mBuilding CXX object CMakeFiles/hrim_generic_msgs__rosidl_typesupport_introspection_cpp.dir/rosidl_typesupport_introspection_cpp/hrim_generic_msgs/msg/detail/power__type_support.cpp.o[0m
[9.538s] [ 19%] [32mBuilding CXX object CMakeFiles/hrim_generic_msgs__rosidl_typesupport_introspection_cpp.dir/rosidl_typesupport_introspection_cpp/hrim_generic_msgs/msg/detail/status__type_support.cpp.o[0m
[12.554s] [ 21%] [32mBuilding CXX object CMakeFiles/hrim_generic_msgs__rosidl_typesupport_introspection_cpp.dir/rosidl_typesupport_introspection_cpp/hrim_generic_msgs/msg/detail/state_communication__type_support.cpp.o[0m
[14.793s] [ 23%] [32m[1mLinking CXX shared library libhrim_generic_msgs__rosidl_typesupport_introspection_cpp.so[0m
[15.692s] [ 23%] Built target hrim_generic_msgs__rosidl_typesupport_introspection_cpp
[15.825s] [ 25%] [34m[1mGenerating C type support dispatch for ROS interfaces[0m
[20.693s] [35m[1mScanning dependencies of target hrim_generic_msgs__rosidl_typesupport_c[0m
[20.845s] [ 27%] [32mBuilding CXX object CMakeFiles/hrim_generic_msgs__rosidl_typesupport_c.dir/rosidl_typesupport_c/hrim_generic_msgs/msg/power__type_support.cpp.o[0m
[21.297s] [ 29%] [32mBuilding CXX object CMakeFiles/hrim_generic_msgs__rosidl_typesupport_c.dir/rosidl_typesupport_c/hrim_generic_msgs/msg/status__type_support.cpp.o[0m
[21.665s] [ 31%] [32mBuilding CXX object CMakeFiles/hrim_generic_msgs__rosidl_typesupport_c.dir/rosidl_typesupport_c/hrim_generic_msgs/msg/state_communication__type_support.cpp.o[0m
[22.071s] [ 34%] [32m[1mLinking CXX shared library libhrim_generic_msgs__rosidl_typesupport_c.so[0m
[22.596s] [ 34%] Built target hrim_generic_msgs__rosidl_typesupport_c
[22.694s] [ 36%] [34m[1mGenerating C introspection for ROS interfaces[0m
[27.148s] [35m[1mScanning dependencies of target hrim_generic_msgs__rosidl_typesupport_introspection_c[0m
[27.320s] [ 38%] [32mBuilding C object CMakeFiles/hrim_generic_msgs__rosidl_typesupport_introspection_c.dir/rosidl_typesupport_introspection_c/hrim_generic_msgs/msg/detail/power__type_support.c.o[0m
[27.637s] [ 40%] [32mBuilding C object CMakeFiles/hrim_generic_msgs__rosidl_typesupport_introspection_c.dir/rosidl_typesupport_introspection_c/hrim_generic_msgs/msg/detail/status__type_support.c.o[0m
[28.020s] [ 42%] [32mBuilding C object CMakeFiles/hrim_generic_msgs__rosidl_typesupport_introspection_c.dir/rosidl_typesupport_introspection_c/hrim_generic_msgs/msg/detail/state_communication__type_support.c.o[0m
[28.399s] [ 44%] [32m[1mLinking C shared library libhrim_generic_msgs__rosidl_typesupport_introspection_c.so[0m
[28.807s] [ 44%] Built target hrim_generic_msgs__rosidl_typesupport_introspection_c
[28.995s] [ 46%] [34m[1mGenerating C++ type support for eProsima Fast-RTPS[0m
[34.415s] [35m[1mScanning dependencies of target hrim_generic_msgs__rosidl_typesupport_fastrtps_cpp[0m
[34.669s] [ 48%] [32mBuilding CXX object CMakeFiles/hrim_generic_msgs__rosidl_typesupport_fastrtps_cpp.dir/rosidl_typesupport_fastrtps_cpp/hrim_generic_msgs/msg/detail/dds_fastrtps/power__type_support.cpp.o[0m
[39.190s] [ 51%] [32mBuilding CXX object CMakeFiles/hrim_generic_msgs__rosidl_typesupport_fastrtps_cpp.dir/rosidl_typesupport_fastrtps_cpp/hrim_generic_msgs/msg/detail/dds_fastrtps/status__type_support.cpp.o[0m
[43.315s] [ 53%] [32mBuilding CXX object CMakeFiles/hrim_generic_msgs__rosidl_typesupport_fastrtps_cpp.dir/rosidl_typesupport_fastrtps_cpp/hrim_generic_msgs/msg/detail/dds_fastrtps/state_communication__type_support.cpp.o[0m
[46.726s] [ 55%] [32m[1mLinking CXX shared library libhrim_generic_msgs__rosidl_typesupport_fastrtps_cpp.so[0m
[47.490s] [ 55%] Built target hrim_generic_msgs__rosidl_typesupport_fastrtps_cpp
[47.536s] [ 57%] [34m[1mGenerating C++ type support dispatch for ROS interfaces[0m
[52.299s] [35m[1mScanning dependencies of target hrim_generic_msgs__rosidl_typesupport_cpp[0m
[52.424s] [ 59%] [32mBuilding CXX object CMakeFiles/hrim_generic_msgs__rosidl_typesupport_cpp.dir/rosidl_typesupport_cpp/hrim_generic_msgs/msg/power__type_support.cpp.o[0m
[54.714s] [ 61%] [32mBuilding CXX object CMakeFiles/hrim_generic_msgs__rosidl_typesupport_cpp.dir/rosidl_typesupport_cpp/hrim_generic_msgs/msg/status__type_support.cpp.o[0m
[56.604s] [ 63%] [32mBuilding CXX object CMakeFiles/hrim_generic_msgs__rosidl_typesupport_cpp.dir/rosidl_typesupport_cpp/hrim_generic_msgs/msg/state_communication__type_support.cpp.o[0m
[59.111s] [ 65%] [32m[1mLinking CXX shared library libhrim_generic_msgs__rosidl_typesupport_cpp.so[0m
[59.690s] [ 65%] Built target hrim_generic_msgs__rosidl_typesupport_cpp
[59.891s] [ 68%] [34m[1mGenerating C type support for eProsima Fast-RTPS[0m
[64.815s] [35m[1mScanning dependencies of target hrim_generic_msgs__rosidl_typesupport_fastrtps_c[0m
[64.932s] [ 70%] [32mBuilding CXX object CMakeFiles/hrim_generic_msgs__rosidl_typesupport_fastrtps_c.dir/rosidl_typesupport_fastrtps_c/hrim_generic_msgs/msg/detail/power__type_support_c.cpp.o[0m
[67.795s] [ 72%] [32mBuilding CXX object CMakeFiles/hrim_generic_msgs__rosidl_typesupport_fastrtps_c.dir/rosidl_typesupport_fastrtps_c/hrim_generic_msgs/msg/detail/status__type_support_c.cpp.o[0m
[70.891s] [ 74%] [32mBuilding CXX object CMakeFiles/hrim_generic_msgs__rosidl_typesupport_fastrtps_c.dir/rosidl_typesupport_fastrtps_c/hrim_generic_msgs/msg/detail/state_communication__type_support_c.cpp.o[0m
[73.291s] [ 76%] [32m[1mLinking CXX shared library libhrim_generic_msgs__rosidl_typesupport_fastrtps_c.so[0m
[73.996s] [ 76%] Built target hrim_generic_msgs__rosidl_typesupport_fastrtps_c
[74.313s] [ 76%] Built target hrim_generic_msgs
[74.507s] [ 78%] [34m[1mGenerating Python code for ROS interfaces[0m
[83.691s] [ 78%] Built target hrim_generic_msgs__py
[83.728s] [35m[1mScanning dependencies of target hrim_generic_msgs__python[0m
[83.915s] [ 80%] [32mBuilding C object CMakeFiles/hrim_generic_msgs__python.dir/rosidl_generator_py/hrim_generic_msgs/msg/_power_s.c.o[0m
[84.714s] [ 82%] [32mBuilding C object CMakeFiles/hrim_generic_msgs__python.dir/rosidl_generator_py/hrim_generic_msgs/msg/_status_s.c.o[0m
[85.622s] [ 85%] [32mBuilding C object CMakeFiles/hrim_generic_msgs__python.dir/rosidl_generator_py/hrim_generic_msgs/msg/_state_communication_s.c.o[0m
[86.211s] [ 87%] [32m[1mLinking C shared library rosidl_generator_py/hrim_generic_msgs/libhrim_generic_msgs__python.so[0m
[86.691s] [ 87%] Built target hrim_generic_msgs__python
[86.796s] [35m[1mScanning dependencies of target hrim_generic_msgs__rosidl_typesupport_c__pyext[0m
[87.018s] [ 89%] [32mBuilding C object CMakeFiles/hrim_generic_msgs__rosidl_typesupport_c__pyext.dir/rosidl_generator_py/hrim_generic_msgs/_hrim_generic_msgs_s.ep.rosidl_typesupport_c.c.o[0m
[87.909s] [ 91%] [32m[1mLinking C shared library rosidl_generator_py/hrim_generic_msgs/hrim_generic_msgs_s__rosidl_typesupport_c.cpython-38-x86_64-linux-gnu.so[0m
[88.322s] [ 91%] Built target hrim_generic_msgs__rosidl_typesupport_c__pyext
[88.491s] [35m[1mScanning dependencies of target hrim_generic_msgs__rosidl_typesupport_fastrtps_c__pyext[0m
[88.618s] [ 93%] [32mBuilding C object CMakeFiles/hrim_generic_msgs__rosidl_typesupport_fastrtps_c__pyext.dir/rosidl_generator_py/hrim_generic_msgs/_hrim_generic_msgs_s.ep.rosidl_typesupport_fastrtps_c.c.o[0m
[89.433s] [ 95%] [32m[1mLinking CXX shared library rosidl_generator_py/hrim_generic_msgs/hrim_generic_msgs_s__rosidl_typesupport_fastrtps_c.cpython-38-x86_64-linux-gnu.so[0m
[89.813s] [ 95%] Built target hrim_generic_msgs__rosidl_typesupport_fastrtps_c__pyext
[89.939s] [35m[1mScanning dependencies of target hrim_generic_msgs__rosidl_typesupport_introspection_c__pyext[0m
[90.106s] [ 97%] [32mBuilding C object CMakeFiles/hrim_generic_msgs__rosidl_typesupport_introspection_c__pyext.dir/rosidl_generator_py/hrim_generic_msgs/_hrim_generic_msgs_s.ep.rosidl_typesupport_introspection_c.c.o[0m
[91.017s] [100%] [32m[1mLinking C shared library rosidl_generator_py/hrim_generic_msgs/hrim_generic_msgs_s__rosidl_typesupport_introspection_c.cpython-38-x86_64-linux-gnu.so[0m
[91.294s] [100%] Built target hrim_generic_msgs__rosidl_typesupport_introspection_c__pyext
[91.327s] Invoked command in '/home/user/ros2_ws/build/hrim_generic_msgs' returned '0': CMAKE_PREFIX_PATH=${CMAKE_PREFIX_PATH}:/opt/ros/foxy _=/usr/bin/env /usr/bin/cmake --build /home/user/ros2_ws/build/hrim_generic_msgs -- -j8 -l8
[93.718s] Invoking command in '/home/user/ros2_ws/build/hrim_generic_msgs': CMAKE_PREFIX_PATH=${CMAKE_PREFIX_PATH}:/opt/ros/foxy _=/usr/bin/env /usr/bin/cmake --install /home/user/ros2_ws/build/hrim_generic_msgs
[93.850s] -- Install configuration: ""
[93.850s] -- Up-to-date: /home/user/ros2_ws/install/hrim_generic_msgs/share/ament_index/resource_index/rosidl_interfaces/hrim_generic_msgs
[93.851s] -- Up-to-date: /home/user/ros2_ws/install/hrim_generic_msgs/include/hrim_generic_msgs
[93.851s] -- Up-to-date: /home/user/ros2_ws/install/hrim_generic_msgs/include/hrim_generic_msgs/msg
[93.851s] -- Up-to-date: /home/user/ros2_ws/install/hrim_generic_msgs/include/hrim_generic_msgs/msg/detail
[93.851s] -- Installing: /home/user/ros2_ws/install/hrim_generic_msgs/include/hrim_generic_msgs/msg/detail/status__struct.h
[93.851s] -- Installing: /home/user/ros2_ws/install/hrim_generic_msgs/include/hrim_generic_msgs/msg/detail/status__functions.c
[93.852s] -- Installing: /home/user/ros2_ws/install/hrim_generic_msgs/include/hrim_generic_msgs/msg/detail/status__type_support.h
[93.852s] -- Installing: /home/user/ros2_ws/install/hrim_generic_msgs/include/hrim_generic_msgs/msg/detail/power__struct.h
[93.852s] -- Installing: /home/user/ros2_ws/install/hrim_generic_msgs/include/hrim_generic_msgs/msg/detail/power__functions.c
[93.852s] -- Installing: /home/user/ros2_ws/install/hrim_generic_msgs/include/hrim_generic_msgs/msg/detail/state_communication__type_support.h
[93.852s] -- Installing: /home/user/ros2_ws/install/hrim_generic_msgs/include/hrim_generic_msgs/msg/detail/status__functions.h
[93.853s] -- Installing: /home/user/ros2_ws/install/hrim_generic_msgs/include/hrim_generic_msgs/msg/detail/state_communication__functions.c
[93.853s] -- Installing: /home/user/ros2_ws/install/hrim_generic_msgs/include/hrim_generic_msgs/msg/detail/power__type_support.h
[93.853s] -- Installing: /home/user/ros2_ws/install/hrim_generic_msgs/include/hrim_generic_msgs/msg/detail/state_communication__functions.h
[93.853s] -- Installing: /home/user/ros2_ws/install/hrim_generic_msgs/include/hrim_generic_msgs/msg/detail/state_communication__struct.h
[93.854s] -- Installing: /home/user/ros2_ws/install/hrim_generic_msgs/include/hrim_generic_msgs/msg/detail/power__functions.h
[93.892s] -- Up-to-date: /home/user/ros2_ws/install/hrim_generic_msgs/include/hrim_generic_msgs/msg/rosidl_generator_c__visibility_control.h
[93.893s] -- Installing: /home/user/ros2_ws/install/hrim_generic_msgs/include/hrim_generic_msgs/msg/state_communication.h
[93.893s] -- Installing: /home/user/ros2_ws/install/hrim_generic_msgs/include/hrim_generic_msgs/msg/power.h
[93.893s] -- Installing: /home/user/ros2_ws/install/hrim_generic_msgs/include/hrim_generic_msgs/msg/status.h
[93.894s] -- Installing: /home/user/ros2_ws/install/hrim_generic_msgs/share/hrim_generic_msgs/environment/library_path.sh
[93.895s] -- Installing: /home/user/ros2_ws/install/hrim_generic_msgs/share/hrim_generic_msgs/environment/library_path.dsv
[93.895s] -- Installing: /home/user/ros2_ws/install/hrim_generic_msgs/lib/libhrim_generic_msgs__rosidl_generator_c.so
[93.895s] -- Set runtime path of "/home/user/ros2_ws/install/hrim_generic_msgs/lib/libhrim_generic_msgs__rosidl_generator_c.so" to ""
[93.895s] -- Up-to-date: /home/user/ros2_ws/install/hrim_generic_msgs/include/hrim_generic_msgs
[93.896s] -- Up-to-date: /home/user/ros2_ws/install/hrim_generic_msgs/include/hrim_generic_msgs/msg
[93.896s] -- Up-to-date: /home/user/ros2_ws/install/hrim_generic_msgs/include/hrim_generic_msgs/msg/detail
[93.896s] -- Installing: /home/user/ros2_ws/install/hrim_generic_msgs/include/hrim_generic_msgs/msg/detail/status__rosidl_typesupport_fastrtps_c.h
[93.897s] -- Installing: /home/user/ros2_ws/install/hrim_generic_msgs/include/hrim_generic_msgs/msg/detail/power__rosidl_typesupport_fastrtps_c.h
[93.897s] -- Installing: /home/user/ros2_ws/install/hrim_generic_msgs/include/hrim_generic_msgs/msg/detail/state_communication__rosidl_typesupport_fastrtps_c.h
[93.897s] -- Up-to-date: /home/user/ros2_ws/install/hrim_generic_msgs/include/hrim_generic_msgs/msg/rosidl_typesupport_fastrtps_c__visibility_control.h
[93.897s] -- Installing: /home/user/ros2_ws/install/hrim_generic_msgs/lib/libhrim_generic_msgs__rosidl_typesupport_fastrtps_c.so
[93.905s] -- Set runtime path of "/home/user/ros2_ws/install/hrim_generic_msgs/lib/libhrim_generic_msgs__rosidl_typesupport_fastrtps_c.so" to ""
[93.906s] -- Up-to-date: /home/user/ros2_ws/install/hrim_generic_msgs/include/hrim_generic_msgs
[93.906s] -- Up-to-date: /home/user/ros2_ws/install/hrim_generic_msgs/include/hrim_generic_msgs/msg
[93.907s] -- Up-to-date: /home/user/ros2_ws/install/hrim_generic_msgs/include/hrim_generic_msgs/msg/detail
[93.908s] -- Installing: /home/user/ros2_ws/install/hrim_generic_msgs/include/hrim_generic_msgs/msg/detail/power__rosidl_typesupport_fastrtps_cpp.hpp
[93.909s] -- Up-to-date: /home/user/ros2_ws/install/hrim_generic_msgs/include/hrim_generic_msgs/msg/detail/dds_fastrtps
[93.910s] -- Installing: /home/user/ros2_ws/install/hrim_generic_msgs/include/hrim_generic_msgs/msg/detail/state_communication__rosidl_typesupport_fastrtps_cpp.hpp
[93.912s] -- Installing: /home/user/ros2_ws/install/hrim_generic_msgs/include/hrim_generic_msgs/msg/detail/status__rosidl_typesupport_fastrtps_cpp.hpp
[93.912s] -- Up-to-date: /home/user/ros2_ws/install/hrim_generic_msgs/include/hrim_generic_msgs/msg/rosidl_typesupport_fastrtps_cpp__visibility_control.h
[93.914s] -- Installing: /home/user/ros2_ws/install/hrim_generic_msgs/lib/libhrim_generic_msgs__rosidl_typesupport_fastrtps_cpp.so
[93.915s] -- Set runtime path of "/home/user/ros2_ws/install/hrim_generic_msgs/lib/libhrim_generic_msgs__rosidl_typesupport_fastrtps_cpp.so" to ""
[93.915s] -- Up-to-date: /home/user/ros2_ws/install/hrim_generic_msgs/include/hrim_generic_msgs
[93.916s] -- Up-to-date: /home/user/ros2_ws/install/hrim_generic_msgs/include/hrim_generic_msgs/msg
[93.917s] -- Up-to-date: /home/user/ros2_ws/install/hrim_generic_msgs/include/hrim_generic_msgs/msg/detail
[93.918s] -- Installing: /home/user/ros2_ws/install/hrim_generic_msgs/include/hrim_generic_msgs/msg/detail/status__type_support.c
[93.918s] -- Installing: /home/user/ros2_ws/install/hrim_generic_msgs/include/hrim_generic_msgs/msg/detail/power__type_support.c
[93.918s] -- Installing: /home/user/ros2_ws/install/hrim_generic_msgs/include/hrim_generic_msgs/msg/detail/power__rosidl_typesupport_introspection_c.h
[93.919s] -- Installing: /home/user/ros2_ws/install/hrim_generic_msgs/include/hrim_generic_msgs/msg/detail/status__rosidl_typesupport_introspection_c.h
[93.920s] -- Installing: /home/user/ros2_ws/install/hrim_generic_msgs/include/hrim_generic_msgs/msg/detail/state_communication__type_support.c
[93.920s] -- Installing: /home/user/ros2_ws/install/hrim_generic_msgs/include/hrim_generic_msgs/msg/detail/state_communication__rosidl_typesupport_introspection_c.h
[93.920s] -- Up-to-date: /home/user/ros2_ws/install/hrim_generic_msgs/include/hrim_generic_msgs/msg/rosidl_typesupport_introspection_c__visibility_control.h
[93.920s] -- Installing: /home/user/ros2_ws/install/hrim_generic_msgs/lib/libhrim_generic_msgs__rosidl_typesupport_introspection_c.so
[93.920s] -- Set runtime path of "/home/user/ros2_ws/install/hrim_generic_msgs/lib/libhrim_generic_msgs__rosidl_typesupport_introspection_c.so" to ""
[93.920s] -- Installing: /home/user/ros2_ws/install/hrim_generic_msgs/lib/libhrim_generic_msgs__rosidl_typesupport_c.so
[93.921s] -- Set runtime path of "/home/user/ros2_ws/install/hrim_generic_msgs/lib/libhrim_generic_msgs__rosidl_typesupport_c.so" to ""
[93.921s] -- Up-to-date: /home/user/ros2_ws/install/hrim_generic_msgs/include/hrim_generic_msgs
[93.921s] -- Up-to-date: /home/user/ros2_ws/install/hrim_generic_msgs/include/hrim_generic_msgs/msg
[93.921s] -- Up-to-date: /home/user/ros2_ws/install/hrim_generic_msgs/include/hrim_generic_msgs/msg/detail
[93.993s] -- Installing: /home/user/ros2_ws/install/hrim_generic_msgs/include/hrim_generic_msgs/msg/detail/power__struct.hpp
[93.994s] -- Installing: /home/user/ros2_ws/install/hrim_generic_msgs/include/hrim_generic_msgs/msg/detail/state_communication__traits.hpp
[93.994s] -- Installing: /home/user/ros2_ws/install/hrim_generic_msgs/include/hrim_generic_msgs/msg/detail/power__traits.hpp
[93.994s] -- Installing: /home/user/ros2_ws/install/hrim_generic_msgs/include/hrim_generic_msgs/msg/detail/state_communication__struct.hpp
[93.995s] -- Installing: /home/user/ros2_ws/install/hrim_generic_msgs/include/hrim_generic_msgs/msg/detail/state_communication__builder.hpp
[93.995s] -- Installing: /home/user/ros2_ws/install/hrim_generic_msgs/include/hrim_generic_msgs/msg/detail/status__builder.hpp
[93.995s] -- Installing: /home/user/ros2_ws/install/hrim_generic_msgs/include/hrim_generic_msgs/msg/detail/status__struct.hpp
[93.996s] -- Installing: /home/user/ros2_ws/install/hrim_generic_msgs/include/hrim_generic_msgs/msg/detail/status__traits.hpp
[93.996s] -- Installing: /home/user/ros2_ws/install/hrim_generic_msgs/include/hrim_generic_msgs/msg/detail/power__builder.hpp
[93.996s] -- Installing: /home/user/ros2_ws/install/hrim_generic_msgs/include/hrim_generic_msgs/msg/power.hpp
[93.997s] -- Installing: /home/user/ros2_ws/install/hrim_generic_msgs/include/hrim_generic_msgs/msg/status.hpp
[93.997s] -- Installing: /home/user/ros2_ws/install/hrim_generic_msgs/include/hrim_generic_msgs/msg/state_communication.hpp
[93.997s] -- Up-to-date: /home/user/ros2_ws/install/hrim_generic_msgs/include/hrim_generic_msgs
[93.998s] -- Up-to-date: /home/user/ros2_ws/install/hrim_generic_msgs/include/hrim_generic_msgs/msg
[93.998s] -- Up-to-date: /home/user/ros2_ws/install/hrim_generic_msgs/include/hrim_generic_msgs/msg/detail
[94.000s] -- Installing: /home/user/ros2_ws/install/hrim_generic_msgs/include/hrim_generic_msgs/msg/detail/state_communication__rosidl_typesupport_introspection_cpp.hpp
[94.000s] -- Installing: /home/user/ros2_ws/install/hrim_generic_msgs/include/hrim_generic_msgs/msg/detail/power__type_support.cpp
[94.001s] -- Installing: /home/user/ros2_ws/install/hrim_generic_msgs/include/hrim_generic_msgs/msg/detail/state_communication__type_support.cpp
[94.002s] -- Installing: /home/user/ros2_ws/install/hrim_generic_msgs/include/hrim_generic_msgs/msg/detail/status__type_support.cpp
[94.002s] -- Installing: /home/user/ros2_ws/install/hrim_generic_msgs/include/hrim_generic_msgs/msg/detail/status__rosidl_typesupport_introspection_cpp.hpp
[94.003s] -- Installing: /home/user/ros2_ws/install/hrim_generic_msgs/include/hrim_generic_msgs/msg/detail/power__rosidl_typesupport_introspection_cpp.hpp
[94.004s] -- Installing: /home/user/ros2_ws/install/hrim_generic_msgs/lib/libhrim_generic_msgs__rosidl_typesupport_introspection_cpp.so
[94.004s] -- Set runtime path of "/home/user/ros2_ws/install/hrim_generic_msgs/lib/libhrim_generic_msgs__rosidl_typesupport_introspection_cpp.so" to ""
[94.012s] -- Installing: /home/user/ros2_ws/install/hrim_generic_msgs/lib/libhrim_generic_msgs__rosidl_typesupport_cpp.so
[94.012s] -- Set runtime path of "/home/user/ros2_ws/install/hrim_generic_msgs/lib/libhrim_generic_msgs__rosidl_typesupport_cpp.so" to ""
[94.013s] -- Up-to-date: /home/user/ros2_ws/install/hrim_generic_msgs/share/hrim_generic_msgs/environment/pythonpath.sh
[94.013s] -- Installing: /home/user/ros2_ws/install/hrim_generic_msgs/share/hrim_generic_msgs/environment/pythonpath.dsv
[94.013s] -- Installing: /home/user/ros2_ws/install/hrim_generic_msgs/lib/python3.8/site-packages/hrim_generic_msgs/__init__.py
[94.334s] Compiling '/home/user/ros2_ws/install/hrim_generic_msgs/lib/python3.8/site-packages/hrim_generic_msgs/__init__.py'...
[94.340s] -- Up-to-date: /home/user/ros2_ws/install/hrim_generic_msgs/lib/python3.8/site-packages/hrim_generic_msgs/msg
[94.341s] -- Installing: /home/user/ros2_ws/install/hrim_generic_msgs/lib/python3.8/site-packages/hrim_generic_msgs/msg/_state_communication_s.c
[94.341s] -- Installing: /home/user/ros2_ws/install/hrim_generic_msgs/lib/python3.8/site-packages/hrim_generic_msgs/msg/_power_s.c
[94.341s] -- Installing: /home/user/ros2_ws/install/hrim_generic_msgs/lib/python3.8/site-packages/hrim_generic_msgs/msg/_status_s.c
[94.342s] -- Installing: /home/user/ros2_ws/install/hrim_generic_msgs/lib/python3.8/site-packages/hrim_generic_msgs/msg/_status.py
[94.343s] -- Installing: /home/user/ros2_ws/install/hrim_generic_msgs/lib/python3.8/site-packages/hrim_generic_msgs/msg/__init__.py
[94.344s] -- Installing: /home/user/ros2_ws/install/hrim_generic_msgs/lib/python3.8/site-packages/hrim_generic_msgs/msg/_state_communication.py
[94.348s] -- Installing: /home/user/ros2_ws/install/hrim_generic_msgs/lib/python3.8/site-packages/hrim_generic_msgs/msg/_power.py
[94.390s] -- Installing: /home/user/ros2_ws/install/hrim_generic_msgs/lib/python3.8/site-packages/hrim_generic_msgs/hrim_generic_msgs_s__rosidl_typesupport_fastrtps_c.cpython-38-x86_64-linux-gnu.so
[94.391s] -- Set runtime path of "/home/user/ros2_ws/install/hrim_generic_msgs/lib/python3.8/site-packages/hrim_generic_msgs/hrim_generic_msgs_s__rosidl_typesupport_fastrtps_c.cpython-38-x86_64-linux-gnu.so" to ""
[94.391s] -- Installing: /home/user/ros2_ws/install/hrim_generic_msgs/lib/python3.8/site-packages/hrim_generic_msgs/hrim_generic_msgs_s__rosidl_typesupport_introspection_c.cpython-38-x86_64-linux-gnu.so
[94.391s] -- Set runtime path of "/home/user/ros2_ws/install/hrim_generic_msgs/lib/python3.8/site-packages/hrim_generic_msgs/hrim_generic_msgs_s__rosidl_typesupport_introspection_c.cpython-38-x86_64-linux-gnu.so" to ""
[94.391s] -- Installing: /home/user/ros2_ws/install/hrim_generic_msgs/lib/python3.8/site-packages/hrim_generic_msgs/hrim_generic_msgs_s__rosidl_typesupport_c.cpython-38-x86_64-linux-gnu.so
[94.392s] -- Set runtime path of "/home/user/ros2_ws/install/hrim_generic_msgs/lib/python3.8/site-packages/hrim_generic_msgs/hrim_generic_msgs_s__rosidl_typesupport_c.cpython-38-x86_64-linux-gnu.so" to ""
[94.392s] -- Installing: /home/user/ros2_ws/install/hrim_generic_msgs/lib/libhrim_generic_msgs__python.so
[94.392s] -- Set runtime path of "/home/user/ros2_ws/install/hrim_generic_msgs/lib/libhrim_generic_msgs__python.so" to ""
[94.392s] -- Up-to-date: /home/user/ros2_ws/install/hrim_generic_msgs/share/hrim_generic_msgs/msg/Power.idl
[94.393s] -- Up-to-date: /home/user/ros2_ws/install/hrim_generic_msgs/share/hrim_generic_msgs/msg/StateCommunication.idl
[94.393s] -- Up-to-date: /home/user/ros2_ws/install/hrim_generic_msgs/share/hrim_generic_msgs/msg/Status.idl
[94.393s] -- Up-to-date: /home/user/ros2_ws/install/hrim_generic_msgs/share/hrim_generic_msgs/msg/Power.msg
[94.393s] -- Up-to-date: /home/user/ros2_ws/install/hrim_generic_msgs/share/hrim_generic_msgs/msg/StateCommunication.msg
[94.393s] -- Up-to-date: /home/user/ros2_ws/install/hrim_generic_msgs/share/hrim_generic_msgs/msg/Status.msg
[94.394s] -- Up-to-date: /home/user/ros2_ws/install/hrim_generic_msgs/share/ament_index/resource_index/package_run_dependencies/hrim_generic_msgs
[94.394s] -- Installing: /home/user/ros2_ws/install/hrim_generic_msgs/share/ament_index/resource_index/parent_prefix_path/hrim_generic_msgs
[94.394s] -- Installing: /home/user/ros2_ws/install/hrim_generic_msgs/share/hrim_generic_msgs/environment/ament_prefix_path.sh
[94.395s] -- Installing: /home/user/ros2_ws/install/hrim_generic_msgs/share/hrim_generic_msgs/environment/ament_prefix_path.dsv
[94.395s] -- Installing: /home/user/ros2_ws/install/hrim_generic_msgs/share/hrim_generic_msgs/environment/path.sh
[94.396s] -- Installing: /home/user/ros2_ws/install/hrim_generic_msgs/share/hrim_generic_msgs/environment/path.dsv
[94.396s] -- Installing: /home/user/ros2_ws/install/hrim_generic_msgs/share/hrim_generic_msgs/local_setup.bash
[94.396s] -- Installing: /home/user/ros2_ws/install/hrim_generic_msgs/share/hrim_generic_msgs/local_setup.sh
[94.397s] -- Installing: /home/user/ros2_ws/install/hrim_generic_msgs/share/hrim_generic_msgs/local_setup.zsh
[94.397s] -- Installing: /home/user/ros2_ws/install/hrim_generic_msgs/share/hrim_generic_msgs/local_setup.dsv
[94.397s] -- Installing: /home/user/ros2_ws/install/hrim_generic_msgs/share/hrim_generic_msgs/package.dsv
[94.397s] -- Up-to-date: /home/user/ros2_ws/install/hrim_generic_msgs/share/ament_index/resource_index/packages/hrim_generic_msgs
[94.398s] -- Up-to-date: /home/user/ros2_ws/install/hrim_generic_msgs/share/hrim_generic_msgs/cmake/hrim_generic_msgs__rosidl_generator_cExport.cmake
[94.398s] -- Installing: /home/user/ros2_ws/install/hrim_generic_msgs/share/hrim_generic_msgs/cmake/hrim_generic_msgs__rosidl_generator_cExport-noconfig.cmake
[94.406s] -- Up-to-date: /home/user/ros2_ws/install/hrim_generic_msgs/share/hrim_generic_msgs/cmake/hrim_generic_msgs__rosidl_typesupport_introspection_cExport.cmake
[94.407s] -- Installing: /home/user/ros2_ws/install/hrim_generic_msgs/share/hrim_generic_msgs/cmake/hrim_generic_msgs__rosidl_typesupport_introspection_cExport-noconfig.cmake
[94.407s] -- Up-to-date: /home/user/ros2_ws/install/hrim_generic_msgs/share/hrim_generic_msgs/cmake/hrim_generic_msgs__rosidl_typesupport_cExport.cmake
[94.408s] -- Installing: /home/user/ros2_ws/install/hrim_generic_msgs/share/hrim_generic_msgs/cmake/hrim_generic_msgs__rosidl_typesupport_cExport-noconfig.cmake
[94.409s] -- Up-to-date: /home/user/ros2_ws/install/hrim_generic_msgs/share/hrim_generic_msgs/cmake/hrim_generic_msgs__rosidl_generator_cppExport.cmake
[94.409s] -- Up-to-date: /home/user/ros2_ws/install/hrim_generic_msgs/share/hrim_generic_msgs/cmake/hrim_generic_msgs__rosidl_typesupport_introspection_cppExport.cmake
[94.410s] -- Installing: /home/user/ros2_ws/install/hrim_generic_msgs/share/hrim_generic_msgs/cmake/hrim_generic_msgs__rosidl_typesupport_introspection_cppExport-noconfig.cmake
[94.411s] -- Up-to-date: /home/user/ros2_ws/install/hrim_generic_msgs/share/hrim_generic_msgs/cmake/hrim_generic_msgs__rosidl_typesupport_cppExport.cmake
[94.412s] -- Installing: /home/user/ros2_ws/install/hrim_generic_msgs/share/hrim_generic_msgs/cmake/hrim_generic_msgs__rosidl_typesupport_cppExport-noconfig.cmake
[94.413s] -- Up-to-date: /home/user/ros2_ws/install/hrim_generic_msgs/share/hrim_generic_msgs/cmake/rosidl_cmake-extras.cmake
[94.414s] -- Installing: /home/user/ros2_ws/install/hrim_generic_msgs/share/hrim_generic_msgs/cmake/ament_cmake_export_dependencies-extras.cmake
[94.414s] -- Up-to-date: /home/user/ros2_ws/install/hrim_generic_msgs/share/hrim_generic_msgs/cmake/ament_cmake_export_libraries-extras.cmake
[94.415s] -- Up-to-date: /home/user/ros2_ws/install/hrim_generic_msgs/share/hrim_generic_msgs/cmake/ament_cmake_export_targets-extras.cmake
[94.415s] -- Up-to-date: /home/user/ros2_ws/install/hrim_generic_msgs/share/hrim_generic_msgs/cmake/ament_cmake_export_include_directories-extras.cmake
[94.416s] -- Up-to-date: /home/user/ros2_ws/install/hrim_generic_msgs/share/hrim_generic_msgs/cmake/rosidl_cmake_export_typesupport_libraries-extras.cmake
[94.416s] -- Up-to-date: /home/user/ros2_ws/install/hrim_generic_msgs/share/hrim_generic_msgs/cmake/rosidl_cmake_export_typesupport_targets-extras.cmake
[94.417s] -- Up-to-date: /home/user/ros2_ws/install/hrim_generic_msgs/share/hrim_generic_msgs/cmake/hrim_generic_msgsConfig.cmake
[94.417s] -- Up-to-date: /home/user/ros2_ws/install/hrim_generic_msgs/share/hrim_generic_msgs/cmake/hrim_generic_msgsConfig-version.cmake
[94.417s] -- Up-to-date: /home/user/ros2_ws/install/hrim_generic_msgs/share/hrim_generic_msgs/package.xml
[94.525s] Invoked command in '/home/user/ros2_ws/build/hrim_generic_msgs' returned '0': CMAKE_PREFIX_PATH=${CMAKE_PREFIX_PATH}:/opt/ros/foxy _=/usr/bin/env /usr/bin/cmake --install /home/user/ros2_ws/build/hrim_generic_msgs
